<?xml version="1.0" encoding="UTF-8"?>
<testsuite name="JUnit Jupiter" tests="1032" skipped="12" failures="36" errors="1" time="0.583" hostname="MacBook-Pro-de-Kamel.local" timestamp="2024-10-22T15:46:26">
<properties>
<property name="apple.awt.application.name" value="ConsoleLauncher"/>
<property name="file.encoding" value="UTF-8"/>
<property name="file.separator" value="/"/>
<property name="ftp.nonProxyHosts" value="local|*.local|169.254/16|*.169.254/16"/>
<property name="http.nonProxyHosts" value="local|*.local|169.254/16|*.169.254/16"/>
<property name="java.class.path" value="/Users/kamelseggari/L2/POO/junit-jupiter/junit-platform-console-standalone-1.7.0.jar"/>
<property name="java.class.version" value="67.0"/>
<property name="java.home" value="/Library/Java/JavaVirtualMachines/jdk-23.jdk/Contents/Home"/>
<property name="java.io.tmpdir" value="/var/folders/yw/xxcy15f92px9m38pz6hp7_vw0000gn/T/"/>
<property name="java.library.path" value="/Users/kamelseggari/Library/Java/Extensions:/Library/Java/Extensions:/Network/Library/Java/Extensions:/System/Library/Java/Extensions:/usr/lib/java:."/>
<property name="java.runtime.name" value="Java(TM) SE Runtime Environment"/>
<property name="java.runtime.version" value="23+37-2369"/>
<property name="java.specification.name" value="Java Platform API Specification"/>
<property name="java.specification.vendor" value="Oracle Corporation"/>
<property name="java.specification.version" value="23"/>
<property name="java.vendor" value="Oracle Corporation"/>
<property name="java.vendor.url" value="https://java.oracle.com/"/>
<property name="java.vendor.url.bug" value="https://bugreport.java.com/bugreport/"/>
<property name="java.version" value="23"/>
<property name="java.version.date" value="2024-09-17"/>
<property name="java.vm.compressedOopsMode" value="Zero based"/>
<property name="java.vm.info" value="mixed mode, sharing"/>
<property name="java.vm.name" value="Java HotSpot(TM) 64-Bit Server VM"/>
<property name="java.vm.specification.name" value="Java Virtual Machine Specification"/>
<property name="java.vm.specification.vendor" value="Oracle Corporation"/>
<property name="java.vm.specification.version" value="23"/>
<property name="java.vm.vendor" value="Oracle Corporation"/>
<property name="java.vm.version" value="23+37-2369"/>
<property name="jdk.debug" value="release"/>
<property name="line.separator" value="
"/>
<property name="native.encoding" value="UTF-8"/>
<property name="os.arch" value="aarch64"/>
<property name="os.name" value="Mac OS X"/>
<property name="os.version" value="14.6.1"/>
<property name="path.separator" value=":"/>
<property name="socksNonProxyHosts" value="local|*.local|169.254/16|*.169.254/16"/>
<property name="stderr.encoding" value="UTF-8"/>
<property name="stdout.encoding" value="UTF-8"/>
<property name="sun.arch.data.model" value="64"/>
<property name="sun.boot.library.path" value="/Library/Java/JavaVirtualMachines/jdk-23.jdk/Contents/Home/lib"/>
<property name="sun.cpu.endian" value="little"/>
<property name="sun.io.unicode.encoding" value="UnicodeBig"/>
<property name="sun.java.command" value="/Users/kamelseggari/L2/POO/junit-jupiter/junit-platform-console-standalone-1.7.0.jar -cp=. -c pilesimple.test.PileIntTest --reports-dir=testreports"/>
<property name="sun.java.launcher" value="SUN_STANDARD"/>
<property name="sun.jnu.encoding" value="UTF-8"/>
<property name="sun.management.compiler" value="HotSpot 64-Bit Tiered Compilers"/>
<property name="user.country" value="FR"/>
<property name="user.dir" value="/Users/kamelseggari/L2/POO/DevoirPOO"/>
<property name="user.home" value="/Users/kamelseggari"/>
<property name="user.language" value="fr"/>
<property name="user.name" value="kamelseggari"/>
<property name="user.timezone" value="Europe/Paris"/>
</properties>
<testcase name="testEmpiler(PileInt, int)[1]" classname="pilesimple.test.PileIntTest" time="0.03">
<failure message="expected: &lt;0&gt; but was: &lt;44&gt;" type="org.opentest4j.AssertionFailedError"><![CDATA[org.opentest4j.AssertionFailedError: expected: <0> but was: <44>
	at org.junit.jupiter.api.AssertionUtils.fail(AssertionUtils.java:55)
	at org.junit.jupiter.api.AssertionUtils.failNotEqual(AssertionUtils.java:62)
	at org.junit.jupiter.api.AssertEquals.assertEquals(AssertEquals.java:150)
	at org.junit.jupiter.api.AssertEquals.assertEquals(AssertEquals.java:145)
	at org.junit.jupiter.api.Assertions.assertEquals(Assertions.java:510)
	at pilesimple.test.PileIntTest.testEmpiler(PileIntTest.java:328)
	at java.base/jdk.internal.reflect.DirectMethodHandleAccessor.invoke(DirectMethodHandleAccessor.java:103)
	at java.base/java.lang.reflect.Method.invoke(Method.java:580)
	at org.junit.platform.commons.util.ReflectionUtils.invokeMethod(ReflectionUtils.java:688)
	at org.junit.jupiter.engine.execution.MethodInvocation.proceed(MethodInvocation.java:60)
	at org.junit.jupiter.engine.execution.InvocationInterceptorChain$ValidatingInvocation.proceed(InvocationInterceptorChain.java:131)
	at org.junit.jupiter.engine.extension.TimeoutExtension.intercept(TimeoutExtension.java:149)
	at org.junit.jupiter.engine.extension.TimeoutExtension.interceptTestableMethod(TimeoutExtension.java:140)
	at org.junit.jupiter.engine.extension.TimeoutExtension.interceptTestTemplateMethod(TimeoutExtension.java:92)
	at org.junit.jupiter.engine.execution.ExecutableInvoker$ReflectiveInterceptorCall.lambda$ofVoidMethod$0(ExecutableInvoker.java:115)
	at org.junit.jupiter.engine.execution.ExecutableInvoker.lambda$invoke$0(ExecutableInvoker.java:105)
	at org.junit.jupiter.engine.execution.InvocationInterceptorChain$InterceptedInvocation.proceed(InvocationInterceptorChain.java:106)
	at org.junit.jupiter.engine.execution.InvocationInterceptorChain.proceed(InvocationInterceptorChain.java:64)
	at org.junit.jupiter.engine.execution.InvocationInterceptorChain.chainAndInvoke(InvocationInterceptorChain.java:45)
	at org.junit.jupiter.engine.execution.InvocationInterceptorChain.invoke(InvocationInterceptorChain.java:37)
	at org.junit.jupiter.engine.execution.ExecutableInvoker.invoke(ExecutableInvoker.java:104)
	at org.junit.jupiter.engine.execution.ExecutableInvoker.invoke(ExecutableInvoker.java:98)
	at org.junit.jupiter.engine.descriptor.TestMethodTestDescriptor.lambda$invokeTestMethod$6(TestMethodTestDescriptor.java:210)
	at org.junit.platform.engine.support.hierarchical.ThrowableCollector.execute(ThrowableCollector.java:73)
	at org.junit.jupiter.engine.descriptor.TestMethodTestDescriptor.invokeTestMethod(TestMethodTestDescriptor.java:206)
	at org.junit.jupiter.engine.descriptor.TestMethodTestDescriptor.execute(TestMethodTestDescriptor.java:131)
	at org.junit.jupiter.engine.descriptor.TestMethodTestDescriptor.execute(TestMethodTestDescriptor.java:65)
	at org.junit.platform.engine.support.hierarchical.NodeTestTask.lambda$executeRecursively$5(NodeTestTask.java:139)
	at org.junit.platform.engine.support.hierarchical.ThrowableCollector.execute(ThrowableCollector.java:73)
	at org.junit.platform.engine.support.hierarchical.NodeTestTask.lambda$executeRecursively$7(NodeTestTask.java:129)
	at org.junit.platform.engine.support.hierarchical.Node.around(Node.java:137)
	at org.junit.platform.engine.support.hierarchical.NodeTestTask.lambda$executeRecursively$8(NodeTestTask.java:127)
	at org.junit.platform.engine.support.hierarchical.ThrowableCollector.execute(ThrowableCollector.java:73)
	at org.junit.platform.engine.support.hierarchical.NodeTestTask.executeRecursively(NodeTestTask.java:126)
	at org.junit.platform.engine.support.hierarchical.NodeTestTask.execute(NodeTestTask.java:84)
	at org.junit.platform.engine.support.hierarchical.SameThreadHierarchicalTestExecutorService.submit(SameThreadHierarchicalTestExecutorService.java:32)
	at org.junit.platform.engine.support.hierarchical.NodeTestTask$DefaultDynamicTestExecutor.execute(NodeTestTask.java:212)
	at org.junit.platform.engine.support.hierarchical.NodeTestTask$DefaultDynamicTestExecutor.execute(NodeTestTask.java:192)
	at org.junit.jupiter.engine.descriptor.TestTemplateTestDescriptor.execute(TestTemplateTestDescriptor.java:139)
	at org.junit.jupiter.engine.descriptor.TestTemplateTestDescriptor.lambda$execute$2(TestTemplateTestDescriptor.java:107)
	at java.base/java.util.stream.ForEachOps$ForEachOp$OfRef.accept(ForEachOps.java:184)
	at java.base/java.util.stream.ReferencePipeline$3$1.accept(ReferencePipeline.java:215)
	at java.base/java.util.stream.ReferencePipeline$2$1.accept(ReferencePipeline.java:197)
	at java.base/java.util.stream.ReferencePipeline$3$1.accept(ReferencePipeline.java:215)
	at java.base/java.util.stream.ForEachOps$ForEachOp$OfRef.accept(ForEachOps.java:184)
	at java.base/java.util.stream.ReferencePipeline$15$1.accept(ReferencePipeline.java:581)
	at java.base/java.util.stream.ReferencePipeline$3$1.accept(ReferencePipeline.java:215)
	at java.base/java.util.stream.ReferencePipeline$3$1.accept(ReferencePipeline.java:215)
	at java.base/java.util.stream.ReferencePipeline$3$1.accept(ReferencePipeline.java:215)
	at java.base/java.util.stream.ForEachOps$ForEachOp$OfRef.accept(ForEachOps.java:184)
	at java.base/java.util.stream.ReferencePipeline$3$1.accept(ReferencePipeline.java:215)
	at java.base/java.util.stream.ForEachOps$ForEachOp$OfRef.accept(ForEachOps.java:184)
	at java.base/java.util.stream.ReferencePipeline$3$1.accept(ReferencePipeline.java:215)
	at java.base/java.util.stream.ReferencePipeline$3$1.accept(ReferencePipeline.java:215)
	at java.base/java.util.stream.ReferencePipeline$2$1.accept(ReferencePipeline.java:197)
	at java.base/java.util.ArrayList$ArrayListSpliterator.forEachRemaining(ArrayList.java:1709)
	at java.base/java.util.stream.AbstractPipeline.copyInto(AbstractPipeline.java:570)
	at java.base/java.util.stream.AbstractPipeline.wrapAndCopyInto(AbstractPipeline.java:560)
	at java.base/java.util.stream.ForEachOps$ForEachOp.evaluateSequential(ForEachOps.java:151)
	at java.base/java.util.stream.ForEachOps$ForEachOp$OfRef.evaluateSequential(ForEachOps.java:174)
	at java.base/java.util.stream.AbstractPipeline.evaluate(AbstractPipeline.java:265)
	at java.base/java.util.stream.ReferencePipeline.forEach(ReferencePipeline.java:636)
	at java.base/java.util.stream.ReferencePipeline$7$1FlatMap.accept(ReferencePipeline.java:294)
	at java.base/java.util.stream.ReferencePipeline$3$1.accept(ReferencePipeline.java:215)
	at java.base/java.util.stream.ReferencePipeline$3$1.accept(ReferencePipeline.java:215)
	at java.base/java.util.Spliterators$ArraySpliterator.forEachRemaining(Spliterators.java:1024)
	at java.base/java.util.stream.AbstractPipeline.copyInto(AbstractPipeline.java:570)
	at java.base/java.util.stream.AbstractPipeline.wrapAndCopyInto(AbstractPipeline.java:560)
	at java.base/java.util.stream.ForEachOps$ForEachOp.evaluateSequential(ForEachOps.java:151)
	at java.base/java.util.stream.ForEachOps$ForEachOp$OfRef.evaluateSequential(ForEachOps.java:174)
	at java.base/java.util.stream.AbstractPipeline.evaluate(AbstractPipeline.java:265)
	at java.base/java.util.stream.ReferencePipeline.forEach(ReferencePipeline.java:636)
	at java.base/java.util.stream.ReferencePipeline$7$1FlatMap.accept(ReferencePipeline.java:294)
	at java.base/java.util.stream.ReferencePipeline$3$1.accept(ReferencePipeline.java:215)
	at java.base/java.util.stream.ReferencePipeline$3$1.accept(ReferencePipeline.java:215)
	at java.base/java.util.stream.ReferencePipeline$3$1.accept(ReferencePipeline.java:215)
	at java.base/java.util.ArrayList$ArrayListSpliterator.forEachRemaining(ArrayList.java:1709)
	at java.base/java.util.stream.AbstractPipeline.copyInto(AbstractPipeline.java:570)
	at java.base/java.util.stream.AbstractPipeline.wrapAndCopyInto(AbstractPipeline.java:560)
	at java.base/java.util.stream.ForEachOps$ForEachOp.evaluateSequential(ForEachOps.java:151)
	at java.base/java.util.stream.ForEachOps$ForEachOp$OfRef.evaluateSequential(ForEachOps.java:174)
	at java.base/java.util.stream.AbstractPipeline.evaluate(AbstractPipeline.java:265)
	at java.base/java.util.stream.ReferencePipeline.forEach(ReferencePipeline.java:636)
	at java.base/java.util.stream.ReferencePipeline$7$1FlatMap.accept(ReferencePipeline.java:294)
	at java.base/java.util.ArrayList$ArrayListSpliterator.forEachRemaining(ArrayList.java:1709)
	at java.base/java.util.stream.AbstractPipeline.copyInto(AbstractPipeline.java:570)
	at java.base/java.util.stream.AbstractPipeline.wrapAndCopyInto(AbstractPipeline.java:560)
	at java.base/java.util.stream.ForEachOps$ForEachOp.evaluateSequential(ForEachOps.java:151)
	at java.base/java.util.stream.ForEachOps$ForEachOp$OfRef.evaluateSequential(ForEachOps.java:174)
	at java.base/java.util.stream.AbstractPipeline.evaluate(AbstractPipeline.java:265)
	at java.base/java.util.stream.ReferencePipeline.forEach(ReferencePipeline.java:636)
	at org.junit.jupiter.engine.descriptor.TestTemplateTestDescriptor.execute(TestTemplateTestDescriptor.java:107)
	at org.junit.jupiter.engine.descriptor.TestTemplateTestDescriptor.execute(TestTemplateTestDescriptor.java:42)
	at org.junit.platform.engine.support.hierarchical.NodeTestTask.lambda$executeRecursively$5(NodeTestTask.java:139)
	at org.junit.platform.engine.support.hierarchical.ThrowableCollector.execute(ThrowableCollector.java:73)
	at org.junit.platform.engine.support.hierarchical.NodeTestTask.lambda$executeRecursively$7(NodeTestTask.java:129)
	at org.junit.platform.engine.support.hierarchical.Node.around(Node.java:137)
	at org.junit.platform.engine.support.hierarchical.NodeTestTask.lambda$executeRecursively$8(NodeTestTask.java:127)
	at org.junit.platform.engine.support.hierarchical.ThrowableCollector.execute(ThrowableCollector.java:73)
	at org.junit.platform.engine.support.hierarchical.NodeTestTask.executeRecursively(NodeTestTask.java:126)
	at org.junit.platform.engine.support.hierarchical.NodeTestTask.execute(NodeTestTask.java:84)
	at java.base/java.util.ArrayList.forEach(ArrayList.java:1597)
	at org.junit.platform.engine.support.hierarchical.SameThreadHierarchicalTestExecutorService.invokeAll(SameThreadHierarchicalTestExecutorService.java:38)
	at org.junit.platform.engine.support.hierarchical.NodeTestTask.lambda$executeRecursively$5(NodeTestTask.java:143)
	at org.junit.platform.engine.support.hierarchical.ThrowableCollector.execute(ThrowableCollector.java:73)
	at org.junit.platform.engine.support.hierarchical.NodeTestTask.lambda$executeRecursively$7(NodeTestTask.java:129)
	at org.junit.platform.engine.support.hierarchical.Node.around(Node.java:137)
	at org.junit.platform.engine.support.hierarchical.NodeTestTask.lambda$executeRecursively$8(NodeTestTask.java:127)
	at org.junit.platform.engine.support.hierarchical.ThrowableCollector.execute(ThrowableCollector.java:73)
	at org.junit.platform.engine.support.hierarchical.NodeTestTask.executeRecursively(NodeTestTask.java:126)
	at org.junit.platform.engine.support.hierarchical.NodeTestTask.execute(NodeTestTask.java:84)
	at java.base/java.util.ArrayList.forEach(ArrayList.java:1597)
	at org.junit.platform.engine.support.hierarchical.SameThreadHierarchicalTestExecutorService.invokeAll(SameThreadHierarchicalTestExecutorService.java:38)
	at org.junit.platform.engine.support.hierarchical.NodeTestTask.lambda$executeRecursively$5(NodeTestTask.java:143)
	at org.junit.platform.engine.support.hierarchical.ThrowableCollector.execute(ThrowableCollector.java:73)
	at org.junit.platform.engine.support.hierarchical.NodeTestTask.lambda$executeRecursively$7(NodeTestTask.java:129)
	at org.junit.platform.engine.support.hierarchical.Node.around(Node.java:137)
	at org.junit.platform.engine.support.hierarchical.NodeTestTask.lambda$executeRecursively$8(NodeTestTask.java:127)
	at org.junit.platform.engine.support.hierarchical.ThrowableCollector.execute(ThrowableCollector.java:73)
	at org.junit.platform.engine.support.hierarchical.NodeTestTask.executeRecursively(NodeTestTask.java:126)
	at org.junit.platform.engine.support.hierarchical.NodeTestTask.execute(NodeTestTask.java:84)
	at org.junit.platform.engine.support.hierarchical.SameThreadHierarchicalTestExecutorService.submit(SameThreadHierarchicalTestExecutorService.java:32)
	at org.junit.platform.engine.support.hierarchical.HierarchicalTestExecutor.execute(HierarchicalTestExecutor.java:57)
	at org.junit.platform.engine.support.hierarchical.HierarchicalTestEngine.execute(HierarchicalTestEngine.java:51)
	at org.junit.platform.launcher.core.EngineExecutionOrchestrator.execute(EngineExecutionOrchestrator.java:108)
	at org.junit.platform.launcher.core.EngineExecutionOrchestrator.execute(EngineExecutionOrchestrator.java:88)
	at org.junit.platform.launcher.core.EngineExecutionOrchestrator.lambda$execute$0(EngineExecutionOrchestrator.java:54)
	at org.junit.platform.launcher.core.EngineExecutionOrchestrator.withInterceptedStreams(EngineExecutionOrchestrator.java:67)
	at org.junit.platform.launcher.core.EngineExecutionOrchestrator.execute(EngineExecutionOrchestrator.java:52)
	at org.junit.platform.launcher.core.DefaultLauncher.execute(DefaultLauncher.java:96)
	at org.junit.platform.launcher.core.DefaultLauncher.execute(DefaultLauncher.java:75)
	at org.junit.platform.console.tasks.ConsoleTestExecutor.executeTests(ConsoleTestExecutor.java:66)
	at org.junit.platform.console.tasks.ConsoleTestExecutor.lambda$execute$0(ConsoleTestExecutor.java:58)
	at org.junit.platform.console.tasks.CustomContextClassLoaderExecutor.replaceThreadContextClassLoaderAndInvoke(CustomContextClassLoaderExecutor.java:41)
	at org.junit.platform.console.tasks.CustomContextClassLoaderExecutor.invoke(CustomContextClassLoaderExecutor.java:31)
	at org.junit.platform.console.tasks.ConsoleTestExecutor.execute(ConsoleTestExecutor.java:58)
	at org.junit.platform.console.ConsoleLauncher.executeTests(ConsoleLauncher.java:95)
	at org.junit.platform.console.ConsoleLauncher.execute(ConsoleLauncher.java:73)
	at org.junit.platform.console.ConsoleLauncher.execute(ConsoleLauncher.java:50)
	at org.junit.platform.console.ConsoleLauncher.execute(ConsoleLauncher.java:43)
	at org.junit.platform.console.ConsoleLauncher.main(ConsoleLauncher.java:37)
]]></failure>
<system-out><![CDATA[
unique-id: [engine:junit-jupiter]/[class:pilesimple.test.PileIntTest]/[test-template:testEmpiler(pilesimple.PileInt, int)]/[test-template-invocation:#1]
display-name: [1] PileInt(2/4):[338894473 -8872316 ], 44
]]></system-out>
</testcase>
<testcase name="testEmpiler(PileInt, int)[2]" classname="pilesimple.test.PileIntTest" time="0.001">
<failure message="expected: &lt;0&gt; but was: &lt;34&gt;" type="org.opentest4j.AssertionFailedError"><![CDATA[org.opentest4j.AssertionFailedError: expected: <0> but was: <34>
	at org.junit.jupiter.api.AssertionUtils.fail(AssertionUtils.java:55)
	at org.junit.jupiter.api.AssertionUtils.failNotEqual(AssertionUtils.java:62)
	at org.junit.jupiter.api.AssertEquals.assertEquals(AssertEquals.java:150)
	at org.junit.jupiter.api.AssertEquals.assertEquals(AssertEquals.java:145)
	at org.junit.jupiter.api.Assertions.assertEquals(Assertions.java:510)
	at pilesimple.test.PileIntTest.testEmpiler(PileIntTest.java:328)
	at java.base/jdk.internal.reflect.DirectMethodHandleAccessor.invoke(DirectMethodHandleAccessor.java:103)
	at java.base/java.lang.reflect.Method.invoke(Method.java:580)
	at org.junit.platform.commons.util.ReflectionUtils.invokeMethod(ReflectionUtils.java:688)
	at org.junit.jupiter.engine.execution.MethodInvocation.proceed(MethodInvocation.java:60)
	at org.junit.jupiter.engine.execution.InvocationInterceptorChain$ValidatingInvocation.proceed(InvocationInterceptorChain.java:131)
	at org.junit.jupiter.engine.extension.TimeoutExtension.intercept(TimeoutExtension.java:149)
	at org.junit.jupiter.engine.extension.TimeoutExtension.interceptTestableMethod(TimeoutExtension.java:140)
	at org.junit.jupiter.engine.extension.TimeoutExtension.interceptTestTemplateMethod(TimeoutExtension.java:92)
	at org.junit.jupiter.engine.execution.ExecutableInvoker$ReflectiveInterceptorCall.lambda$ofVoidMethod$0(ExecutableInvoker.java:115)
	at org.junit.jupiter.engine.execution.ExecutableInvoker.lambda$invoke$0(ExecutableInvoker.java:105)
	at org.junit.jupiter.engine.execution.InvocationInterceptorChain$InterceptedInvocation.proceed(InvocationInterceptorChain.java:106)
	at org.junit.jupiter.engine.execution.InvocationInterceptorChain.proceed(InvocationInterceptorChain.java:64)
	at org.junit.jupiter.engine.execution.InvocationInterceptorChain.chainAndInvoke(InvocationInterceptorChain.java:45)
	at org.junit.jupiter.engine.execution.InvocationInterceptorChain.invoke(InvocationInterceptorChain.java:37)
	at org.junit.jupiter.engine.execution.ExecutableInvoker.invoke(ExecutableInvoker.java:104)
	at org.junit.jupiter.engine.execution.ExecutableInvoker.invoke(ExecutableInvoker.java:98)
	at org.junit.jupiter.engine.descriptor.TestMethodTestDescriptor.lambda$invokeTestMethod$6(TestMethodTestDescriptor.java:210)
	at org.junit.platform.engine.support.hierarchical.ThrowableCollector.execute(ThrowableCollector.java:73)
	at org.junit.jupiter.engine.descriptor.TestMethodTestDescriptor.invokeTestMethod(TestMethodTestDescriptor.java:206)
	at org.junit.jupiter.engine.descriptor.TestMethodTestDescriptor.execute(TestMethodTestDescriptor.java:131)
	at org.junit.jupiter.engine.descriptor.TestMethodTestDescriptor.execute(TestMethodTestDescriptor.java:65)
	at org.junit.platform.engine.support.hierarchical.NodeTestTask.lambda$executeRecursively$5(NodeTestTask.java:139)
	at org.junit.platform.engine.support.hierarchical.ThrowableCollector.execute(ThrowableCollector.java:73)
	at org.junit.platform.engine.support.hierarchical.NodeTestTask.lambda$executeRecursively$7(NodeTestTask.java:129)
	at org.junit.platform.engine.support.hierarchical.Node.around(Node.java:137)
	at org.junit.platform.engine.support.hierarchical.NodeTestTask.lambda$executeRecursively$8(NodeTestTask.java:127)
	at org.junit.platform.engine.support.hierarchical.ThrowableCollector.execute(ThrowableCollector.java:73)
	at org.junit.platform.engine.support.hierarchical.NodeTestTask.executeRecursively(NodeTestTask.java:126)
	at org.junit.platform.engine.support.hierarchical.NodeTestTask.execute(NodeTestTask.java:84)
	at org.junit.platform.engine.support.hierarchical.SameThreadHierarchicalTestExecutorService.submit(SameThreadHierarchicalTestExecutorService.java:32)
	at org.junit.platform.engine.support.hierarchical.NodeTestTask$DefaultDynamicTestExecutor.execute(NodeTestTask.java:212)
	at org.junit.platform.engine.support.hierarchical.NodeTestTask$DefaultDynamicTestExecutor.execute(NodeTestTask.java:192)
	at org.junit.jupiter.engine.descriptor.TestTemplateTestDescriptor.execute(TestTemplateTestDescriptor.java:139)
	at org.junit.jupiter.engine.descriptor.TestTemplateTestDescriptor.lambda$execute$2(TestTemplateTestDescriptor.java:107)
	at java.base/java.util.stream.ForEachOps$ForEachOp$OfRef.accept(ForEachOps.java:184)
	at java.base/java.util.stream.ReferencePipeline$3$1.accept(ReferencePipeline.java:215)
	at java.base/java.util.stream.ReferencePipeline$2$1.accept(ReferencePipeline.java:197)
	at java.base/java.util.stream.ReferencePipeline$3$1.accept(ReferencePipeline.java:215)
	at java.base/java.util.stream.ForEachOps$ForEachOp$OfRef.accept(ForEachOps.java:184)
	at java.base/java.util.stream.ReferencePipeline$15$1.accept(ReferencePipeline.java:581)
	at java.base/java.util.stream.ReferencePipeline$3$1.accept(ReferencePipeline.java:215)
	at java.base/java.util.stream.ReferencePipeline$3$1.accept(ReferencePipeline.java:215)
	at java.base/java.util.stream.ReferencePipeline$3$1.accept(ReferencePipeline.java:215)
	at java.base/java.util.stream.ForEachOps$ForEachOp$OfRef.accept(ForEachOps.java:184)
	at java.base/java.util.stream.ReferencePipeline$3$1.accept(ReferencePipeline.java:215)
	at java.base/java.util.stream.ForEachOps$ForEachOp$OfRef.accept(ForEachOps.java:184)
	at java.base/java.util.stream.ReferencePipeline$3$1.accept(ReferencePipeline.java:215)
	at java.base/java.util.stream.ReferencePipeline$3$1.accept(ReferencePipeline.java:215)
	at java.base/java.util.stream.ReferencePipeline$2$1.accept(ReferencePipeline.java:197)
	at java.base/java.util.ArrayList$ArrayListSpliterator.forEachRemaining(ArrayList.java:1709)
	at java.base/java.util.stream.AbstractPipeline.copyInto(AbstractPipeline.java:570)
	at java.base/java.util.stream.AbstractPipeline.wrapAndCopyInto(AbstractPipeline.java:560)
	at java.base/java.util.stream.ForEachOps$ForEachOp.evaluateSequential(ForEachOps.java:151)
	at java.base/java.util.stream.ForEachOps$ForEachOp$OfRef.evaluateSequential(ForEachOps.java:174)
	at java.base/java.util.stream.AbstractPipeline.evaluate(AbstractPipeline.java:265)
	at java.base/java.util.stream.ReferencePipeline.forEach(ReferencePipeline.java:636)
	at java.base/java.util.stream.ReferencePipeline$7$1FlatMap.accept(ReferencePipeline.java:294)
	at java.base/java.util.stream.ReferencePipeline$3$1.accept(ReferencePipeline.java:215)
	at java.base/java.util.stream.ReferencePipeline$3$1.accept(ReferencePipeline.java:215)
	at java.base/java.util.Spliterators$ArraySpliterator.forEachRemaining(Spliterators.java:1024)
	at java.base/java.util.stream.AbstractPipeline.copyInto(AbstractPipeline.java:570)
	at java.base/java.util.stream.AbstractPipeline.wrapAndCopyInto(AbstractPipeline.java:560)
	at java.base/java.util.stream.ForEachOps$ForEachOp.evaluateSequential(ForEachOps.java:151)
	at java.base/java.util.stream.ForEachOps$ForEachOp$OfRef.evaluateSequential(ForEachOps.java:174)
	at java.base/java.util.stream.AbstractPipeline.evaluate(AbstractPipeline.java:265)
	at java.base/java.util.stream.ReferencePipeline.forEach(ReferencePipeline.java:636)
	at java.base/java.util.stream.ReferencePipeline$7$1FlatMap.accept(ReferencePipeline.java:294)
	at java.base/java.util.stream.ReferencePipeline$3$1.accept(ReferencePipeline.java:215)
	at java.base/java.util.stream.ReferencePipeline$3$1.accept(ReferencePipeline.java:215)
	at java.base/java.util.stream.ReferencePipeline$3$1.accept(ReferencePipeline.java:215)
	at java.base/java.util.ArrayList$ArrayListSpliterator.forEachRemaining(ArrayList.java:1709)
	at java.base/java.util.stream.AbstractPipeline.copyInto(AbstractPipeline.java:570)
	at java.base/java.util.stream.AbstractPipeline.wrapAndCopyInto(AbstractPipeline.java:560)
	at java.base/java.util.stream.ForEachOps$ForEachOp.evaluateSequential(ForEachOps.java:151)
	at java.base/java.util.stream.ForEachOps$ForEachOp$OfRef.evaluateSequential(ForEachOps.java:174)
	at java.base/java.util.stream.AbstractPipeline.evaluate(AbstractPipeline.java:265)
	at java.base/java.util.stream.ReferencePipeline.forEach(ReferencePipeline.java:636)
	at java.base/java.util.stream.ReferencePipeline$7$1FlatMap.accept(ReferencePipeline.java:294)
	at java.base/java.util.ArrayList$ArrayListSpliterator.forEachRemaining(ArrayList.java:1709)
	at java.base/java.util.stream.AbstractPipeline.copyInto(AbstractPipeline.java:570)
	at java.base/java.util.stream.AbstractPipeline.wrapAndCopyInto(AbstractPipeline.java:560)
	at java.base/java.util.stream.ForEachOps$ForEachOp.evaluateSequential(ForEachOps.java:151)
	at java.base/java.util.stream.ForEachOps$ForEachOp$OfRef.evaluateSequential(ForEachOps.java:174)
	at java.base/java.util.stream.AbstractPipeline.evaluate(AbstractPipeline.java:265)
	at java.base/java.util.stream.ReferencePipeline.forEach(ReferencePipeline.java:636)
	at org.junit.jupiter.engine.descriptor.TestTemplateTestDescriptor.execute(TestTemplateTestDescriptor.java:107)
	at org.junit.jupiter.engine.descriptor.TestTemplateTestDescriptor.execute(TestTemplateTestDescriptor.java:42)
	at org.junit.platform.engine.support.hierarchical.NodeTestTask.lambda$executeRecursively$5(NodeTestTask.java:139)
	at org.junit.platform.engine.support.hierarchical.ThrowableCollector.execute(ThrowableCollector.java:73)
	at org.junit.platform.engine.support.hierarchical.NodeTestTask.lambda$executeRecursively$7(NodeTestTask.java:129)
	at org.junit.platform.engine.support.hierarchical.Node.around(Node.java:137)
	at org.junit.platform.engine.support.hierarchical.NodeTestTask.lambda$executeRecursively$8(NodeTestTask.java:127)
	at org.junit.platform.engine.support.hierarchical.ThrowableCollector.execute(ThrowableCollector.java:73)
	at org.junit.platform.engine.support.hierarchical.NodeTestTask.executeRecursively(NodeTestTask.java:126)
	at org.junit.platform.engine.support.hierarchical.NodeTestTask.execute(NodeTestTask.java:84)
	at java.base/java.util.ArrayList.forEach(ArrayList.java:1597)
	at org.junit.platform.engine.support.hierarchical.SameThreadHierarchicalTestExecutorService.invokeAll(SameThreadHierarchicalTestExecutorService.java:38)
	at org.junit.platform.engine.support.hierarchical.NodeTestTask.lambda$executeRecursively$5(NodeTestTask.java:143)
	at org.junit.platform.engine.support.hierarchical.ThrowableCollector.execute(ThrowableCollector.java:73)
	at org.junit.platform.engine.support.hierarchical.NodeTestTask.lambda$executeRecursively$7(NodeTestTask.java:129)
	at org.junit.platform.engine.support.hierarchical.Node.around(Node.java:137)
	at org.junit.platform.engine.support.hierarchical.NodeTestTask.lambda$executeRecursively$8(NodeTestTask.java:127)
	at org.junit.platform.engine.support.hierarchical.ThrowableCollector.execute(ThrowableCollector.java:73)
	at org.junit.platform.engine.support.hierarchical.NodeTestTask.executeRecursively(NodeTestTask.java:126)
	at org.junit.platform.engine.support.hierarchical.NodeTestTask.execute(NodeTestTask.java:84)
	at java.base/java.util.ArrayList.forEach(ArrayList.java:1597)
	at org.junit.platform.engine.support.hierarchical.SameThreadHierarchicalTestExecutorService.invokeAll(SameThreadHierarchicalTestExecutorService.java:38)
	at org.junit.platform.engine.support.hierarchical.NodeTestTask.lambda$executeRecursively$5(NodeTestTask.java:143)
	at org.junit.platform.engine.support.hierarchical.ThrowableCollector.execute(ThrowableCollector.java:73)
	at org.junit.platform.engine.support.hierarchical.NodeTestTask.lambda$executeRecursively$7(NodeTestTask.java:129)
	at org.junit.platform.engine.support.hierarchical.Node.around(Node.java:137)
	at org.junit.platform.engine.support.hierarchical.NodeTestTask.lambda$executeRecursively$8(NodeTestTask.java:127)
	at org.junit.platform.engine.support.hierarchical.ThrowableCollector.execute(ThrowableCollector.java:73)
	at org.junit.platform.engine.support.hierarchical.NodeTestTask.executeRecursively(NodeTestTask.java:126)
	at org.junit.platform.engine.support.hierarchical.NodeTestTask.execute(NodeTestTask.java:84)
	at org.junit.platform.engine.support.hierarchical.SameThreadHierarchicalTestExecutorService.submit(SameThreadHierarchicalTestExecutorService.java:32)
	at org.junit.platform.engine.support.hierarchical.HierarchicalTestExecutor.execute(HierarchicalTestExecutor.java:57)
	at org.junit.platform.engine.support.hierarchical.HierarchicalTestEngine.execute(HierarchicalTestEngine.java:51)
	at org.junit.platform.launcher.core.EngineExecutionOrchestrator.execute(EngineExecutionOrchestrator.java:108)
	at org.junit.platform.launcher.core.EngineExecutionOrchestrator.execute(EngineExecutionOrchestrator.java:88)
	at org.junit.platform.launcher.core.EngineExecutionOrchestrator.lambda$execute$0(EngineExecutionOrchestrator.java:54)
	at org.junit.platform.launcher.core.EngineExecutionOrchestrator.withInterceptedStreams(EngineExecutionOrchestrator.java:67)
	at org.junit.platform.launcher.core.EngineExecutionOrchestrator.execute(EngineExecutionOrchestrator.java:52)
	at org.junit.platform.launcher.core.DefaultLauncher.execute(DefaultLauncher.java:96)
	at org.junit.platform.launcher.core.DefaultLauncher.execute(DefaultLauncher.java:75)
	at org.junit.platform.console.tasks.ConsoleTestExecutor.executeTests(ConsoleTestExecutor.java:66)
	at org.junit.platform.console.tasks.ConsoleTestExecutor.lambda$execute$0(ConsoleTestExecutor.java:58)
	at org.junit.platform.console.tasks.CustomContextClassLoaderExecutor.replaceThreadContextClassLoaderAndInvoke(CustomContextClassLoaderExecutor.java:41)
	at org.junit.platform.console.tasks.CustomContextClassLoaderExecutor.invoke(CustomContextClassLoaderExecutor.java:31)
	at org.junit.platform.console.tasks.ConsoleTestExecutor.execute(ConsoleTestExecutor.java:58)
	at org.junit.platform.console.ConsoleLauncher.executeTests(ConsoleLauncher.java:95)
	at org.junit.platform.console.ConsoleLauncher.execute(ConsoleLauncher.java:73)
	at org.junit.platform.console.ConsoleLauncher.execute(ConsoleLauncher.java:50)
	at org.junit.platform.console.ConsoleLauncher.execute(ConsoleLauncher.java:43)
	at org.junit.platform.console.ConsoleLauncher.main(ConsoleLauncher.java:37)
]]></failure>
<system-out><![CDATA[
unique-id: [engine:junit-jupiter]/[class:pilesimple.test.PileIntTest]/[test-template:testEmpiler(pilesimple.PileInt, int)]/[test-template-invocation:#2]
display-name: [2] PileInt(8/10):[406853085 94227386 0 0 0 0 0 0 ], 34
]]></system-out>
</testcase>
<testcase name="testEmpiler(PileInt, int)[3]" classname="pilesimple.test.PileIntTest" time="0.001">
<failure message="expected: &lt;-136406843&gt; but was: &lt;30&gt;" type="org.opentest4j.AssertionFailedError"><![CDATA[org.opentest4j.AssertionFailedError: expected: <-136406843> but was: <30>
	at org.junit.jupiter.api.AssertionUtils.fail(AssertionUtils.java:55)
	at org.junit.jupiter.api.AssertionUtils.failNotEqual(AssertionUtils.java:62)
	at org.junit.jupiter.api.AssertEquals.assertEquals(AssertEquals.java:150)
	at org.junit.jupiter.api.AssertEquals.assertEquals(AssertEquals.java:145)
	at org.junit.jupiter.api.Assertions.assertEquals(Assertions.java:510)
	at pilesimple.test.PileIntTest.testEmpiler(PileIntTest.java:328)
	at java.base/jdk.internal.reflect.DirectMethodHandleAccessor.invoke(DirectMethodHandleAccessor.java:103)
	at java.base/java.lang.reflect.Method.invoke(Method.java:580)
	at org.junit.platform.commons.util.ReflectionUtils.invokeMethod(ReflectionUtils.java:688)
	at org.junit.jupiter.engine.execution.MethodInvocation.proceed(MethodInvocation.java:60)
	at org.junit.jupiter.engine.execution.InvocationInterceptorChain$ValidatingInvocation.proceed(InvocationInterceptorChain.java:131)
	at org.junit.jupiter.engine.extension.TimeoutExtension.intercept(TimeoutExtension.java:149)
	at org.junit.jupiter.engine.extension.TimeoutExtension.interceptTestableMethod(TimeoutExtension.java:140)
	at org.junit.jupiter.engine.extension.TimeoutExtension.interceptTestTemplateMethod(TimeoutExtension.java:92)
	at org.junit.jupiter.engine.execution.ExecutableInvoker$ReflectiveInterceptorCall.lambda$ofVoidMethod$0(ExecutableInvoker.java:115)
	at org.junit.jupiter.engine.execution.ExecutableInvoker.lambda$invoke$0(ExecutableInvoker.java:105)
	at org.junit.jupiter.engine.execution.InvocationInterceptorChain$InterceptedInvocation.proceed(InvocationInterceptorChain.java:106)
	at org.junit.jupiter.engine.execution.InvocationInterceptorChain.proceed(InvocationInterceptorChain.java:64)
	at org.junit.jupiter.engine.execution.InvocationInterceptorChain.chainAndInvoke(InvocationInterceptorChain.java:45)
	at org.junit.jupiter.engine.execution.InvocationInterceptorChain.invoke(InvocationInterceptorChain.java:37)
	at org.junit.jupiter.engine.execution.ExecutableInvoker.invoke(ExecutableInvoker.java:104)
	at org.junit.jupiter.engine.execution.ExecutableInvoker.invoke(ExecutableInvoker.java:98)
	at org.junit.jupiter.engine.descriptor.TestMethodTestDescriptor.lambda$invokeTestMethod$6(TestMethodTestDescriptor.java:210)
	at org.junit.platform.engine.support.hierarchical.ThrowableCollector.execute(ThrowableCollector.java:73)
	at org.junit.jupiter.engine.descriptor.TestMethodTestDescriptor.invokeTestMethod(TestMethodTestDescriptor.java:206)
	at org.junit.jupiter.engine.descriptor.TestMethodTestDescriptor.execute(TestMethodTestDescriptor.java:131)
	at org.junit.jupiter.engine.descriptor.TestMethodTestDescriptor.execute(TestMethodTestDescriptor.java:65)
	at org.junit.platform.engine.support.hierarchical.NodeTestTask.lambda$executeRecursively$5(NodeTestTask.java:139)
	at org.junit.platform.engine.support.hierarchical.ThrowableCollector.execute(ThrowableCollector.java:73)
	at org.junit.platform.engine.support.hierarchical.NodeTestTask.lambda$executeRecursively$7(NodeTestTask.java:129)
	at org.junit.platform.engine.support.hierarchical.Node.around(Node.java:137)
	at org.junit.platform.engine.support.hierarchical.NodeTestTask.lambda$executeRecursively$8(NodeTestTask.java:127)
	at org.junit.platform.engine.support.hierarchical.ThrowableCollector.execute(ThrowableCollector.java:73)
	at org.junit.platform.engine.support.hierarchical.NodeTestTask.executeRecursively(NodeTestTask.java:126)
	at org.junit.platform.engine.support.hierarchical.NodeTestTask.execute(NodeTestTask.java:84)
	at org.junit.platform.engine.support.hierarchical.SameThreadHierarchicalTestExecutorService.submit(SameThreadHierarchicalTestExecutorService.java:32)
	at org.junit.platform.engine.support.hierarchical.NodeTestTask$DefaultDynamicTestExecutor.execute(NodeTestTask.java:212)
	at org.junit.platform.engine.support.hierarchical.NodeTestTask$DefaultDynamicTestExecutor.execute(NodeTestTask.java:192)
	at org.junit.jupiter.engine.descriptor.TestTemplateTestDescriptor.execute(TestTemplateTestDescriptor.java:139)
	at org.junit.jupiter.engine.descriptor.TestTemplateTestDescriptor.lambda$execute$2(TestTemplateTestDescriptor.java:107)
	at java.base/java.util.stream.ForEachOps$ForEachOp$OfRef.accept(ForEachOps.java:184)
	at java.base/java.util.stream.ReferencePipeline$3$1.accept(ReferencePipeline.java:215)
	at java.base/java.util.stream.ReferencePipeline$2$1.accept(ReferencePipeline.java:197)
	at java.base/java.util.stream.ReferencePipeline$3$1.accept(ReferencePipeline.java:215)
	at java.base/java.util.stream.ForEachOps$ForEachOp$OfRef.accept(ForEachOps.java:184)
	at java.base/java.util.stream.ReferencePipeline$15$1.accept(ReferencePipeline.java:581)
	at java.base/java.util.stream.ReferencePipeline$3$1.accept(ReferencePipeline.java:215)
	at java.base/java.util.stream.ReferencePipeline$3$1.accept(ReferencePipeline.java:215)
	at java.base/java.util.stream.ReferencePipeline$3$1.accept(ReferencePipeline.java:215)
	at java.base/java.util.stream.ForEachOps$ForEachOp$OfRef.accept(ForEachOps.java:184)
	at java.base/java.util.stream.ReferencePipeline$3$1.accept(ReferencePipeline.java:215)
	at java.base/java.util.stream.ForEachOps$ForEachOp$OfRef.accept(ForEachOps.java:184)
	at java.base/java.util.stream.ReferencePipeline$3$1.accept(ReferencePipeline.java:215)
	at java.base/java.util.stream.ReferencePipeline$3$1.accept(ReferencePipeline.java:215)
	at java.base/java.util.stream.ReferencePipeline$2$1.accept(ReferencePipeline.java:197)
	at java.base/java.util.ArrayList$ArrayListSpliterator.forEachRemaining(ArrayList.java:1709)
	at java.base/java.util.stream.AbstractPipeline.copyInto(AbstractPipeline.java:570)
	at java.base/java.util.stream.AbstractPipeline.wrapAndCopyInto(AbstractPipeline.java:560)
	at java.base/java.util.stream.ForEachOps$ForEachOp.evaluateSequential(ForEachOps.java:151)
	at java.base/java.util.stream.ForEachOps$ForEachOp$OfRef.evaluateSequential(ForEachOps.java:174)
	at java.base/java.util.stream.AbstractPipeline.evaluate(AbstractPipeline.java:265)
	at java.base/java.util.stream.ReferencePipeline.forEach(ReferencePipeline.java:636)
	at java.base/java.util.stream.ReferencePipeline$7$1FlatMap.accept(ReferencePipeline.java:294)
	at java.base/java.util.stream.ReferencePipeline$3$1.accept(ReferencePipeline.java:215)
	at java.base/java.util.stream.ReferencePipeline$3$1.accept(ReferencePipeline.java:215)
	at java.base/java.util.Spliterators$ArraySpliterator.forEachRemaining(Spliterators.java:1024)
	at java.base/java.util.stream.AbstractPipeline.copyInto(AbstractPipeline.java:570)
	at java.base/java.util.stream.AbstractPipeline.wrapAndCopyInto(AbstractPipeline.java:560)
	at java.base/java.util.stream.ForEachOps$ForEachOp.evaluateSequential(ForEachOps.java:151)
	at java.base/java.util.stream.ForEachOps$ForEachOp$OfRef.evaluateSequential(ForEachOps.java:174)
	at java.base/java.util.stream.AbstractPipeline.evaluate(AbstractPipeline.java:265)
	at java.base/java.util.stream.ReferencePipeline.forEach(ReferencePipeline.java:636)
	at java.base/java.util.stream.ReferencePipeline$7$1FlatMap.accept(ReferencePipeline.java:294)
	at java.base/java.util.stream.ReferencePipeline$3$1.accept(ReferencePipeline.java:215)
	at java.base/java.util.stream.ReferencePipeline$3$1.accept(ReferencePipeline.java:215)
	at java.base/java.util.stream.ReferencePipeline$3$1.accept(ReferencePipeline.java:215)
	at java.base/java.util.ArrayList$ArrayListSpliterator.forEachRemaining(ArrayList.java:1709)
	at java.base/java.util.stream.AbstractPipeline.copyInto(AbstractPipeline.java:570)
	at java.base/java.util.stream.AbstractPipeline.wrapAndCopyInto(AbstractPipeline.java:560)
	at java.base/java.util.stream.ForEachOps$ForEachOp.evaluateSequential(ForEachOps.java:151)
	at java.base/java.util.stream.ForEachOps$ForEachOp$OfRef.evaluateSequential(ForEachOps.java:174)
	at java.base/java.util.stream.AbstractPipeline.evaluate(AbstractPipeline.java:265)
	at java.base/java.util.stream.ReferencePipeline.forEach(ReferencePipeline.java:636)
	at java.base/java.util.stream.ReferencePipeline$7$1FlatMap.accept(ReferencePipeline.java:294)
	at java.base/java.util.ArrayList$ArrayListSpliterator.forEachRemaining(ArrayList.java:1709)
	at java.base/java.util.stream.AbstractPipeline.copyInto(AbstractPipeline.java:570)
	at java.base/java.util.stream.AbstractPipeline.wrapAndCopyInto(AbstractPipeline.java:560)
	at java.base/java.util.stream.ForEachOps$ForEachOp.evaluateSequential(ForEachOps.java:151)
	at java.base/java.util.stream.ForEachOps$ForEachOp$OfRef.evaluateSequential(ForEachOps.java:174)
	at java.base/java.util.stream.AbstractPipeline.evaluate(AbstractPipeline.java:265)
	at java.base/java.util.stream.ReferencePipeline.forEach(ReferencePipeline.java:636)
	at org.junit.jupiter.engine.descriptor.TestTemplateTestDescriptor.execute(TestTemplateTestDescriptor.java:107)
	at org.junit.jupiter.engine.descriptor.TestTemplateTestDescriptor.execute(TestTemplateTestDescriptor.java:42)
	at org.junit.platform.engine.support.hierarchical.NodeTestTask.lambda$executeRecursively$5(NodeTestTask.java:139)
	at org.junit.platform.engine.support.hierarchical.ThrowableCollector.execute(ThrowableCollector.java:73)
	at org.junit.platform.engine.support.hierarchical.NodeTestTask.lambda$executeRecursively$7(NodeTestTask.java:129)
	at org.junit.platform.engine.support.hierarchical.Node.around(Node.java:137)
	at org.junit.platform.engine.support.hierarchical.NodeTestTask.lambda$executeRecursively$8(NodeTestTask.java:127)
	at org.junit.platform.engine.support.hierarchical.ThrowableCollector.execute(ThrowableCollector.java:73)
	at org.junit.platform.engine.support.hierarchical.NodeTestTask.executeRecursively(NodeTestTask.java:126)
	at org.junit.platform.engine.support.hierarchical.NodeTestTask.execute(NodeTestTask.java:84)
	at java.base/java.util.ArrayList.forEach(ArrayList.java:1597)
	at org.junit.platform.engine.support.hierarchical.SameThreadHierarchicalTestExecutorService.invokeAll(SameThreadHierarchicalTestExecutorService.java:38)
	at org.junit.platform.engine.support.hierarchical.NodeTestTask.lambda$executeRecursively$5(NodeTestTask.java:143)
	at org.junit.platform.engine.support.hierarchical.ThrowableCollector.execute(ThrowableCollector.java:73)
	at org.junit.platform.engine.support.hierarchical.NodeTestTask.lambda$executeRecursively$7(NodeTestTask.java:129)
	at org.junit.platform.engine.support.hierarchical.Node.around(Node.java:137)
	at org.junit.platform.engine.support.hierarchical.NodeTestTask.lambda$executeRecursively$8(NodeTestTask.java:127)
	at org.junit.platform.engine.support.hierarchical.ThrowableCollector.execute(ThrowableCollector.java:73)
	at org.junit.platform.engine.support.hierarchical.NodeTestTask.executeRecursively(NodeTestTask.java:126)
	at org.junit.platform.engine.support.hierarchical.NodeTestTask.execute(NodeTestTask.java:84)
	at java.base/java.util.ArrayList.forEach(ArrayList.java:1597)
	at org.junit.platform.engine.support.hierarchical.SameThreadHierarchicalTestExecutorService.invokeAll(SameThreadHierarchicalTestExecutorService.java:38)
	at org.junit.platform.engine.support.hierarchical.NodeTestTask.lambda$executeRecursively$5(NodeTestTask.java:143)
	at org.junit.platform.engine.support.hierarchical.ThrowableCollector.execute(ThrowableCollector.java:73)
	at org.junit.platform.engine.support.hierarchical.NodeTestTask.lambda$executeRecursively$7(NodeTestTask.java:129)
	at org.junit.platform.engine.support.hierarchical.Node.around(Node.java:137)
	at org.junit.platform.engine.support.hierarchical.NodeTestTask.lambda$executeRecursively$8(NodeTestTask.java:127)
	at org.junit.platform.engine.support.hierarchical.ThrowableCollector.execute(ThrowableCollector.java:73)
	at org.junit.platform.engine.support.hierarchical.NodeTestTask.executeRecursively(NodeTestTask.java:126)
	at org.junit.platform.engine.support.hierarchical.NodeTestTask.execute(NodeTestTask.java:84)
	at org.junit.platform.engine.support.hierarchical.SameThreadHierarchicalTestExecutorService.submit(SameThreadHierarchicalTestExecutorService.java:32)
	at org.junit.platform.engine.support.hierarchical.HierarchicalTestExecutor.execute(HierarchicalTestExecutor.java:57)
	at org.junit.platform.engine.support.hierarchical.HierarchicalTestEngine.execute(HierarchicalTestEngine.java:51)
	at org.junit.platform.launcher.core.EngineExecutionOrchestrator.execute(EngineExecutionOrchestrator.java:108)
	at org.junit.platform.launcher.core.EngineExecutionOrchestrator.execute(EngineExecutionOrchestrator.java:88)
	at org.junit.platform.launcher.core.EngineExecutionOrchestrator.lambda$execute$0(EngineExecutionOrchestrator.java:54)
	at org.junit.platform.launcher.core.EngineExecutionOrchestrator.withInterceptedStreams(EngineExecutionOrchestrator.java:67)
	at org.junit.platform.launcher.core.EngineExecutionOrchestrator.execute(EngineExecutionOrchestrator.java:52)
	at org.junit.platform.launcher.core.DefaultLauncher.execute(DefaultLauncher.java:96)
	at org.junit.platform.launcher.core.DefaultLauncher.execute(DefaultLauncher.java:75)
	at org.junit.platform.console.tasks.ConsoleTestExecutor.executeTests(ConsoleTestExecutor.java:66)
	at org.junit.platform.console.tasks.ConsoleTestExecutor.lambda$execute$0(ConsoleTestExecutor.java:58)
	at org.junit.platform.console.tasks.CustomContextClassLoaderExecutor.replaceThreadContextClassLoaderAndInvoke(CustomContextClassLoaderExecutor.java:41)
	at org.junit.platform.console.tasks.CustomContextClassLoaderExecutor.invoke(CustomContextClassLoaderExecutor.java:31)
	at org.junit.platform.console.tasks.ConsoleTestExecutor.execute(ConsoleTestExecutor.java:58)
	at org.junit.platform.console.ConsoleLauncher.executeTests(ConsoleLauncher.java:95)
	at org.junit.platform.console.ConsoleLauncher.execute(ConsoleLauncher.java:73)
	at org.junit.platform.console.ConsoleLauncher.execute(ConsoleLauncher.java:50)
	at org.junit.platform.console.ConsoleLauncher.execute(ConsoleLauncher.java:43)
	at org.junit.platform.console.ConsoleLauncher.main(ConsoleLauncher.java:37)
]]></failure>
<system-out><![CDATA[
unique-id: [engine:junit-jupiter]/[class:pilesimple.test.PileIntTest]/[test-template:testEmpiler(pilesimple.PileInt, int)]/[test-template-invocation:#3]
display-name: [3] PileInt(11/21):[829174856 -560540630 1017069059 -1738412859 300209628 -188841458 -1827026023 -1500709070 -816936810 858109280 -776814606 ], 30
]]></system-out>
</testcase>
<testcase name="testEmpiler(PileInt, int)[4]" classname="pilesimple.test.PileIntTest" time="0">
<failure message="expected: &lt;0&gt; but was: &lt;15&gt;" type="org.opentest4j.AssertionFailedError"><![CDATA[org.opentest4j.AssertionFailedError: expected: <0> but was: <15>
	at org.junit.jupiter.api.AssertionUtils.fail(AssertionUtils.java:55)
	at org.junit.jupiter.api.AssertionUtils.failNotEqual(AssertionUtils.java:62)
	at org.junit.jupiter.api.AssertEquals.assertEquals(AssertEquals.java:150)
	at org.junit.jupiter.api.AssertEquals.assertEquals(AssertEquals.java:145)
	at org.junit.jupiter.api.Assertions.assertEquals(Assertions.java:510)
	at pilesimple.test.PileIntTest.testEmpiler(PileIntTest.java:328)
	at java.base/jdk.internal.reflect.DirectMethodHandleAccessor.invoke(DirectMethodHandleAccessor.java:103)
	at java.base/java.lang.reflect.Method.invoke(Method.java:580)
	at org.junit.platform.commons.util.ReflectionUtils.invokeMethod(ReflectionUtils.java:688)
	at org.junit.jupiter.engine.execution.MethodInvocation.proceed(MethodInvocation.java:60)
	at org.junit.jupiter.engine.execution.InvocationInterceptorChain$ValidatingInvocation.proceed(InvocationInterceptorChain.java:131)
	at org.junit.jupiter.engine.extension.TimeoutExtension.intercept(TimeoutExtension.java:149)
	at org.junit.jupiter.engine.extension.TimeoutExtension.interceptTestableMethod(TimeoutExtension.java:140)
	at org.junit.jupiter.engine.extension.TimeoutExtension.interceptTestTemplateMethod(TimeoutExtension.java:92)
	at org.junit.jupiter.engine.execution.ExecutableInvoker$ReflectiveInterceptorCall.lambda$ofVoidMethod$0(ExecutableInvoker.java:115)
	at org.junit.jupiter.engine.execution.ExecutableInvoker.lambda$invoke$0(ExecutableInvoker.java:105)
	at org.junit.jupiter.engine.execution.InvocationInterceptorChain$InterceptedInvocation.proceed(InvocationInterceptorChain.java:106)
	at org.junit.jupiter.engine.execution.InvocationInterceptorChain.proceed(InvocationInterceptorChain.java:64)
	at org.junit.jupiter.engine.execution.InvocationInterceptorChain.chainAndInvoke(InvocationInterceptorChain.java:45)
	at org.junit.jupiter.engine.execution.InvocationInterceptorChain.invoke(InvocationInterceptorChain.java:37)
	at org.junit.jupiter.engine.execution.ExecutableInvoker.invoke(ExecutableInvoker.java:104)
	at org.junit.jupiter.engine.execution.ExecutableInvoker.invoke(ExecutableInvoker.java:98)
	at org.junit.jupiter.engine.descriptor.TestMethodTestDescriptor.lambda$invokeTestMethod$6(TestMethodTestDescriptor.java:210)
	at org.junit.platform.engine.support.hierarchical.ThrowableCollector.execute(ThrowableCollector.java:73)
	at org.junit.jupiter.engine.descriptor.TestMethodTestDescriptor.invokeTestMethod(TestMethodTestDescriptor.java:206)
	at org.junit.jupiter.engine.descriptor.TestMethodTestDescriptor.execute(TestMethodTestDescriptor.java:131)
	at org.junit.jupiter.engine.descriptor.TestMethodTestDescriptor.execute(TestMethodTestDescriptor.java:65)
	at org.junit.platform.engine.support.hierarchical.NodeTestTask.lambda$executeRecursively$5(NodeTestTask.java:139)
	at org.junit.platform.engine.support.hierarchical.ThrowableCollector.execute(ThrowableCollector.java:73)
	at org.junit.platform.engine.support.hierarchical.NodeTestTask.lambda$executeRecursively$7(NodeTestTask.java:129)
	at org.junit.platform.engine.support.hierarchical.Node.around(Node.java:137)
	at org.junit.platform.engine.support.hierarchical.NodeTestTask.lambda$executeRecursively$8(NodeTestTask.java:127)
	at org.junit.platform.engine.support.hierarchical.ThrowableCollector.execute(ThrowableCollector.java:73)
	at org.junit.platform.engine.support.hierarchical.NodeTestTask.executeRecursively(NodeTestTask.java:126)
	at org.junit.platform.engine.support.hierarchical.NodeTestTask.execute(NodeTestTask.java:84)
	at org.junit.platform.engine.support.hierarchical.SameThreadHierarchicalTestExecutorService.submit(SameThreadHierarchicalTestExecutorService.java:32)
	at org.junit.platform.engine.support.hierarchical.NodeTestTask$DefaultDynamicTestExecutor.execute(NodeTestTask.java:212)
	at org.junit.platform.engine.support.hierarchical.NodeTestTask$DefaultDynamicTestExecutor.execute(NodeTestTask.java:192)
	at org.junit.jupiter.engine.descriptor.TestTemplateTestDescriptor.execute(TestTemplateTestDescriptor.java:139)
	at org.junit.jupiter.engine.descriptor.TestTemplateTestDescriptor.lambda$execute$2(TestTemplateTestDescriptor.java:107)
	at java.base/java.util.stream.ForEachOps$ForEachOp$OfRef.accept(ForEachOps.java:184)
	at java.base/java.util.stream.ReferencePipeline$3$1.accept(ReferencePipeline.java:215)
	at java.base/java.util.stream.ReferencePipeline$2$1.accept(ReferencePipeline.java:197)
	at java.base/java.util.stream.ReferencePipeline$3$1.accept(ReferencePipeline.java:215)
	at java.base/java.util.stream.ForEachOps$ForEachOp$OfRef.accept(ForEachOps.java:184)
	at java.base/java.util.stream.ReferencePipeline$15$1.accept(ReferencePipeline.java:581)
	at java.base/java.util.stream.ReferencePipeline$3$1.accept(ReferencePipeline.java:215)
	at java.base/java.util.stream.ReferencePipeline$3$1.accept(ReferencePipeline.java:215)
	at java.base/java.util.stream.ReferencePipeline$3$1.accept(ReferencePipeline.java:215)
	at java.base/java.util.stream.ForEachOps$ForEachOp$OfRef.accept(ForEachOps.java:184)
	at java.base/java.util.stream.ReferencePipeline$3$1.accept(ReferencePipeline.java:215)
	at java.base/java.util.stream.ForEachOps$ForEachOp$OfRef.accept(ForEachOps.java:184)
	at java.base/java.util.stream.ReferencePipeline$3$1.accept(ReferencePipeline.java:215)
	at java.base/java.util.stream.ReferencePipeline$3$1.accept(ReferencePipeline.java:215)
	at java.base/java.util.stream.ReferencePipeline$2$1.accept(ReferencePipeline.java:197)
	at java.base/java.util.ArrayList$ArrayListSpliterator.forEachRemaining(ArrayList.java:1709)
	at java.base/java.util.stream.AbstractPipeline.copyInto(AbstractPipeline.java:570)
	at java.base/java.util.stream.AbstractPipeline.wrapAndCopyInto(AbstractPipeline.java:560)
	at java.base/java.util.stream.ForEachOps$ForEachOp.evaluateSequential(ForEachOps.java:151)
	at java.base/java.util.stream.ForEachOps$ForEachOp$OfRef.evaluateSequential(ForEachOps.java:174)
	at java.base/java.util.stream.AbstractPipeline.evaluate(AbstractPipeline.java:265)
	at java.base/java.util.stream.ReferencePipeline.forEach(ReferencePipeline.java:636)
	at java.base/java.util.stream.ReferencePipeline$7$1FlatMap.accept(ReferencePipeline.java:294)
	at java.base/java.util.stream.ReferencePipeline$3$1.accept(ReferencePipeline.java:215)
	at java.base/java.util.stream.ReferencePipeline$3$1.accept(ReferencePipeline.java:215)
	at java.base/java.util.Spliterators$ArraySpliterator.forEachRemaining(Spliterators.java:1024)
	at java.base/java.util.stream.AbstractPipeline.copyInto(AbstractPipeline.java:570)
	at java.base/java.util.stream.AbstractPipeline.wrapAndCopyInto(AbstractPipeline.java:560)
	at java.base/java.util.stream.ForEachOps$ForEachOp.evaluateSequential(ForEachOps.java:151)
	at java.base/java.util.stream.ForEachOps$ForEachOp$OfRef.evaluateSequential(ForEachOps.java:174)
	at java.base/java.util.stream.AbstractPipeline.evaluate(AbstractPipeline.java:265)
	at java.base/java.util.stream.ReferencePipeline.forEach(ReferencePipeline.java:636)
	at java.base/java.util.stream.ReferencePipeline$7$1FlatMap.accept(ReferencePipeline.java:294)
	at java.base/java.util.stream.ReferencePipeline$3$1.accept(ReferencePipeline.java:215)
	at java.base/java.util.stream.ReferencePipeline$3$1.accept(ReferencePipeline.java:215)
	at java.base/java.util.stream.ReferencePipeline$3$1.accept(ReferencePipeline.java:215)
	at java.base/java.util.ArrayList$ArrayListSpliterator.forEachRemaining(ArrayList.java:1709)
	at java.base/java.util.stream.AbstractPipeline.copyInto(AbstractPipeline.java:570)
	at java.base/java.util.stream.AbstractPipeline.wrapAndCopyInto(AbstractPipeline.java:560)
	at java.base/java.util.stream.ForEachOps$ForEachOp.evaluateSequential(ForEachOps.java:151)
	at java.base/java.util.stream.ForEachOps$ForEachOp$OfRef.evaluateSequential(ForEachOps.java:174)
	at java.base/java.util.stream.AbstractPipeline.evaluate(AbstractPipeline.java:265)
	at java.base/java.util.stream.ReferencePipeline.forEach(ReferencePipeline.java:636)
	at java.base/java.util.stream.ReferencePipeline$7$1FlatMap.accept(ReferencePipeline.java:294)
	at java.base/java.util.ArrayList$ArrayListSpliterator.forEachRemaining(ArrayList.java:1709)
	at java.base/java.util.stream.AbstractPipeline.copyInto(AbstractPipeline.java:570)
	at java.base/java.util.stream.AbstractPipeline.wrapAndCopyInto(AbstractPipeline.java:560)
	at java.base/java.util.stream.ForEachOps$ForEachOp.evaluateSequential(ForEachOps.java:151)
	at java.base/java.util.stream.ForEachOps$ForEachOp$OfRef.evaluateSequential(ForEachOps.java:174)
	at java.base/java.util.stream.AbstractPipeline.evaluate(AbstractPipeline.java:265)
	at java.base/java.util.stream.ReferencePipeline.forEach(ReferencePipeline.java:636)
	at org.junit.jupiter.engine.descriptor.TestTemplateTestDescriptor.execute(TestTemplateTestDescriptor.java:107)
	at org.junit.jupiter.engine.descriptor.TestTemplateTestDescriptor.execute(TestTemplateTestDescriptor.java:42)
	at org.junit.platform.engine.support.hierarchical.NodeTestTask.lambda$executeRecursively$5(NodeTestTask.java:139)
	at org.junit.platform.engine.support.hierarchical.ThrowableCollector.execute(ThrowableCollector.java:73)
	at org.junit.platform.engine.support.hierarchical.NodeTestTask.lambda$executeRecursively$7(NodeTestTask.java:129)
	at org.junit.platform.engine.support.hierarchical.Node.around(Node.java:137)
	at org.junit.platform.engine.support.hierarchical.NodeTestTask.lambda$executeRecursively$8(NodeTestTask.java:127)
	at org.junit.platform.engine.support.hierarchical.ThrowableCollector.execute(ThrowableCollector.java:73)
	at org.junit.platform.engine.support.hierarchical.NodeTestTask.executeRecursively(NodeTestTask.java:126)
	at org.junit.platform.engine.support.hierarchical.NodeTestTask.execute(NodeTestTask.java:84)
	at java.base/java.util.ArrayList.forEach(ArrayList.java:1597)
	at org.junit.platform.engine.support.hierarchical.SameThreadHierarchicalTestExecutorService.invokeAll(SameThreadHierarchicalTestExecutorService.java:38)
	at org.junit.platform.engine.support.hierarchical.NodeTestTask.lambda$executeRecursively$5(NodeTestTask.java:143)
	at org.junit.platform.engine.support.hierarchical.ThrowableCollector.execute(ThrowableCollector.java:73)
	at org.junit.platform.engine.support.hierarchical.NodeTestTask.lambda$executeRecursively$7(NodeTestTask.java:129)
	at org.junit.platform.engine.support.hierarchical.Node.around(Node.java:137)
	at org.junit.platform.engine.support.hierarchical.NodeTestTask.lambda$executeRecursively$8(NodeTestTask.java:127)
	at org.junit.platform.engine.support.hierarchical.ThrowableCollector.execute(ThrowableCollector.java:73)
	at org.junit.platform.engine.support.hierarchical.NodeTestTask.executeRecursively(NodeTestTask.java:126)
	at org.junit.platform.engine.support.hierarchical.NodeTestTask.execute(NodeTestTask.java:84)
	at java.base/java.util.ArrayList.forEach(ArrayList.java:1597)
	at org.junit.platform.engine.support.hierarchical.SameThreadHierarchicalTestExecutorService.invokeAll(SameThreadHierarchicalTestExecutorService.java:38)
	at org.junit.platform.engine.support.hierarchical.NodeTestTask.lambda$executeRecursively$5(NodeTestTask.java:143)
	at org.junit.platform.engine.support.hierarchical.ThrowableCollector.execute(ThrowableCollector.java:73)
	at org.junit.platform.engine.support.hierarchical.NodeTestTask.lambda$executeRecursively$7(NodeTestTask.java:129)
	at org.junit.platform.engine.support.hierarchical.Node.around(Node.java:137)
	at org.junit.platform.engine.support.hierarchical.NodeTestTask.lambda$executeRecursively$8(NodeTestTask.java:127)
	at org.junit.platform.engine.support.hierarchical.ThrowableCollector.execute(ThrowableCollector.java:73)
	at org.junit.platform.engine.support.hierarchical.NodeTestTask.executeRecursively(NodeTestTask.java:126)
	at org.junit.platform.engine.support.hierarchical.NodeTestTask.execute(NodeTestTask.java:84)
	at org.junit.platform.engine.support.hierarchical.SameThreadHierarchicalTestExecutorService.submit(SameThreadHierarchicalTestExecutorService.java:32)
	at org.junit.platform.engine.support.hierarchical.HierarchicalTestExecutor.execute(HierarchicalTestExecutor.java:57)
	at org.junit.platform.engine.support.hierarchical.HierarchicalTestEngine.execute(HierarchicalTestEngine.java:51)
	at org.junit.platform.launcher.core.EngineExecutionOrchestrator.execute(EngineExecutionOrchestrator.java:108)
	at org.junit.platform.launcher.core.EngineExecutionOrchestrator.execute(EngineExecutionOrchestrator.java:88)
	at org.junit.platform.launcher.core.EngineExecutionOrchestrator.lambda$execute$0(EngineExecutionOrchestrator.java:54)
	at org.junit.platform.launcher.core.EngineExecutionOrchestrator.withInterceptedStreams(EngineExecutionOrchestrator.java:67)
	at org.junit.platform.launcher.core.EngineExecutionOrchestrator.execute(EngineExecutionOrchestrator.java:52)
	at org.junit.platform.launcher.core.DefaultLauncher.execute(DefaultLauncher.java:96)
	at org.junit.platform.launcher.core.DefaultLauncher.execute(DefaultLauncher.java:75)
	at org.junit.platform.console.tasks.ConsoleTestExecutor.executeTests(ConsoleTestExecutor.java:66)
	at org.junit.platform.console.tasks.ConsoleTestExecutor.lambda$execute$0(ConsoleTestExecutor.java:58)
	at org.junit.platform.console.tasks.CustomContextClassLoaderExecutor.replaceThreadContextClassLoaderAndInvoke(CustomContextClassLoaderExecutor.java:41)
	at org.junit.platform.console.tasks.CustomContextClassLoaderExecutor.invoke(CustomContextClassLoaderExecutor.java:31)
	at org.junit.platform.console.tasks.ConsoleTestExecutor.execute(ConsoleTestExecutor.java:58)
	at org.junit.platform.console.ConsoleLauncher.executeTests(ConsoleLauncher.java:95)
	at org.junit.platform.console.ConsoleLauncher.execute(ConsoleLauncher.java:73)
	at org.junit.platform.console.ConsoleLauncher.execute(ConsoleLauncher.java:50)
	at org.junit.platform.console.ConsoleLauncher.execute(ConsoleLauncher.java:43)
	at org.junit.platform.console.ConsoleLauncher.main(ConsoleLauncher.java:37)
]]></failure>
<system-out><![CDATA[
unique-id: [engine:junit-jupiter]/[class:pilesimple.test.PileIntTest]/[test-template:testEmpiler(pilesimple.PileInt, int)]/[test-template-invocation:#4]
display-name: [4] PileInt(9/24):[-1489436760 -263993310 1290897763 1717230542 -2064902060 0 0 0 0 ], 15
]]></system-out>
</testcase>
<testcase name="testEmpiler(PileInt, int)[5]" classname="pilesimple.test.PileIntTest" time="0">
<failure message="expected: &lt;-1510457637&gt; but was: &lt;49&gt;" type="org.opentest4j.AssertionFailedError"><![CDATA[org.opentest4j.AssertionFailedError: expected: <-1510457637> but was: <49>
	at org.junit.jupiter.api.AssertionUtils.fail(AssertionUtils.java:55)
	at org.junit.jupiter.api.AssertionUtils.failNotEqual(AssertionUtils.java:62)
	at org.junit.jupiter.api.AssertEquals.assertEquals(AssertEquals.java:150)
	at org.junit.jupiter.api.AssertEquals.assertEquals(AssertEquals.java:145)
	at org.junit.jupiter.api.Assertions.assertEquals(Assertions.java:510)
	at pilesimple.test.PileIntTest.testEmpiler(PileIntTest.java:328)
	at java.base/jdk.internal.reflect.DirectMethodHandleAccessor.invoke(DirectMethodHandleAccessor.java:103)
	at java.base/java.lang.reflect.Method.invoke(Method.java:580)
	at org.junit.platform.commons.util.ReflectionUtils.invokeMethod(ReflectionUtils.java:688)
	at org.junit.jupiter.engine.execution.MethodInvocation.proceed(MethodInvocation.java:60)
	at org.junit.jupiter.engine.execution.InvocationInterceptorChain$ValidatingInvocation.proceed(InvocationInterceptorChain.java:131)
	at org.junit.jupiter.engine.extension.TimeoutExtension.intercept(TimeoutExtension.java:149)
	at org.junit.jupiter.engine.extension.TimeoutExtension.interceptTestableMethod(TimeoutExtension.java:140)
	at org.junit.jupiter.engine.extension.TimeoutExtension.interceptTestTemplateMethod(TimeoutExtension.java:92)
	at org.junit.jupiter.engine.execution.ExecutableInvoker$ReflectiveInterceptorCall.lambda$ofVoidMethod$0(ExecutableInvoker.java:115)
	at org.junit.jupiter.engine.execution.ExecutableInvoker.lambda$invoke$0(ExecutableInvoker.java:105)
	at org.junit.jupiter.engine.execution.InvocationInterceptorChain$InterceptedInvocation.proceed(InvocationInterceptorChain.java:106)
	at org.junit.jupiter.engine.execution.InvocationInterceptorChain.proceed(InvocationInterceptorChain.java:64)
	at org.junit.jupiter.engine.execution.InvocationInterceptorChain.chainAndInvoke(InvocationInterceptorChain.java:45)
	at org.junit.jupiter.engine.execution.InvocationInterceptorChain.invoke(InvocationInterceptorChain.java:37)
	at org.junit.jupiter.engine.execution.ExecutableInvoker.invoke(ExecutableInvoker.java:104)
	at org.junit.jupiter.engine.execution.ExecutableInvoker.invoke(ExecutableInvoker.java:98)
	at org.junit.jupiter.engine.descriptor.TestMethodTestDescriptor.lambda$invokeTestMethod$6(TestMethodTestDescriptor.java:210)
	at org.junit.platform.engine.support.hierarchical.ThrowableCollector.execute(ThrowableCollector.java:73)
	at org.junit.jupiter.engine.descriptor.TestMethodTestDescriptor.invokeTestMethod(TestMethodTestDescriptor.java:206)
	at org.junit.jupiter.engine.descriptor.TestMethodTestDescriptor.execute(TestMethodTestDescriptor.java:131)
	at org.junit.jupiter.engine.descriptor.TestMethodTestDescriptor.execute(TestMethodTestDescriptor.java:65)
	at org.junit.platform.engine.support.hierarchical.NodeTestTask.lambda$executeRecursively$5(NodeTestTask.java:139)
	at org.junit.platform.engine.support.hierarchical.ThrowableCollector.execute(ThrowableCollector.java:73)
	at org.junit.platform.engine.support.hierarchical.NodeTestTask.lambda$executeRecursively$7(NodeTestTask.java:129)
	at org.junit.platform.engine.support.hierarchical.Node.around(Node.java:137)
	at org.junit.platform.engine.support.hierarchical.NodeTestTask.lambda$executeRecursively$8(NodeTestTask.java:127)
	at org.junit.platform.engine.support.hierarchical.ThrowableCollector.execute(ThrowableCollector.java:73)
	at org.junit.platform.engine.support.hierarchical.NodeTestTask.executeRecursively(NodeTestTask.java:126)
	at org.junit.platform.engine.support.hierarchical.NodeTestTask.execute(NodeTestTask.java:84)
	at org.junit.platform.engine.support.hierarchical.SameThreadHierarchicalTestExecutorService.submit(SameThreadHierarchicalTestExecutorService.java:32)
	at org.junit.platform.engine.support.hierarchical.NodeTestTask$DefaultDynamicTestExecutor.execute(NodeTestTask.java:212)
	at org.junit.platform.engine.support.hierarchical.NodeTestTask$DefaultDynamicTestExecutor.execute(NodeTestTask.java:192)
	at org.junit.jupiter.engine.descriptor.TestTemplateTestDescriptor.execute(TestTemplateTestDescriptor.java:139)
	at org.junit.jupiter.engine.descriptor.TestTemplateTestDescriptor.lambda$execute$2(TestTemplateTestDescriptor.java:107)
	at java.base/java.util.stream.ForEachOps$ForEachOp$OfRef.accept(ForEachOps.java:184)
	at java.base/java.util.stream.ReferencePipeline$3$1.accept(ReferencePipeline.java:215)
	at java.base/java.util.stream.ReferencePipeline$2$1.accept(ReferencePipeline.java:197)
	at java.base/java.util.stream.ReferencePipeline$3$1.accept(ReferencePipeline.java:215)
	at java.base/java.util.stream.ForEachOps$ForEachOp$OfRef.accept(ForEachOps.java:184)
	at java.base/java.util.stream.ReferencePipeline$15$1.accept(ReferencePipeline.java:581)
	at java.base/java.util.stream.ReferencePipeline$3$1.accept(ReferencePipeline.java:215)
	at java.base/java.util.stream.ReferencePipeline$3$1.accept(ReferencePipeline.java:215)
	at java.base/java.util.stream.ReferencePipeline$3$1.accept(ReferencePipeline.java:215)
	at java.base/java.util.stream.ForEachOps$ForEachOp$OfRef.accept(ForEachOps.java:184)
	at java.base/java.util.stream.ReferencePipeline$3$1.accept(ReferencePipeline.java:215)
	at java.base/java.util.stream.ForEachOps$ForEachOp$OfRef.accept(ForEachOps.java:184)
	at java.base/java.util.stream.ReferencePipeline$3$1.accept(ReferencePipeline.java:215)
	at java.base/java.util.stream.ReferencePipeline$3$1.accept(ReferencePipeline.java:215)
	at java.base/java.util.stream.ReferencePipeline$2$1.accept(ReferencePipeline.java:197)
	at java.base/java.util.ArrayList$ArrayListSpliterator.forEachRemaining(ArrayList.java:1709)
	at java.base/java.util.stream.AbstractPipeline.copyInto(AbstractPipeline.java:570)
	at java.base/java.util.stream.AbstractPipeline.wrapAndCopyInto(AbstractPipeline.java:560)
	at java.base/java.util.stream.ForEachOps$ForEachOp.evaluateSequential(ForEachOps.java:151)
	at java.base/java.util.stream.ForEachOps$ForEachOp$OfRef.evaluateSequential(ForEachOps.java:174)
	at java.base/java.util.stream.AbstractPipeline.evaluate(AbstractPipeline.java:265)
	at java.base/java.util.stream.ReferencePipeline.forEach(ReferencePipeline.java:636)
	at java.base/java.util.stream.ReferencePipeline$7$1FlatMap.accept(ReferencePipeline.java:294)
	at java.base/java.util.stream.ReferencePipeline$3$1.accept(ReferencePipeline.java:215)
	at java.base/java.util.stream.ReferencePipeline$3$1.accept(ReferencePipeline.java:215)
	at java.base/java.util.Spliterators$ArraySpliterator.forEachRemaining(Spliterators.java:1024)
	at java.base/java.util.stream.AbstractPipeline.copyInto(AbstractPipeline.java:570)
	at java.base/java.util.stream.AbstractPipeline.wrapAndCopyInto(AbstractPipeline.java:560)
	at java.base/java.util.stream.ForEachOps$ForEachOp.evaluateSequential(ForEachOps.java:151)
	at java.base/java.util.stream.ForEachOps$ForEachOp$OfRef.evaluateSequential(ForEachOps.java:174)
	at java.base/java.util.stream.AbstractPipeline.evaluate(AbstractPipeline.java:265)
	at java.base/java.util.stream.ReferencePipeline.forEach(ReferencePipeline.java:636)
	at java.base/java.util.stream.ReferencePipeline$7$1FlatMap.accept(ReferencePipeline.java:294)
	at java.base/java.util.stream.ReferencePipeline$3$1.accept(ReferencePipeline.java:215)
	at java.base/java.util.stream.ReferencePipeline$3$1.accept(ReferencePipeline.java:215)
	at java.base/java.util.stream.ReferencePipeline$3$1.accept(ReferencePipeline.java:215)
	at java.base/java.util.ArrayList$ArrayListSpliterator.forEachRemaining(ArrayList.java:1709)
	at java.base/java.util.stream.AbstractPipeline.copyInto(AbstractPipeline.java:570)
	at java.base/java.util.stream.AbstractPipeline.wrapAndCopyInto(AbstractPipeline.java:560)
	at java.base/java.util.stream.ForEachOps$ForEachOp.evaluateSequential(ForEachOps.java:151)
	at java.base/java.util.stream.ForEachOps$ForEachOp$OfRef.evaluateSequential(ForEachOps.java:174)
	at java.base/java.util.stream.AbstractPipeline.evaluate(AbstractPipeline.java:265)
	at java.base/java.util.stream.ReferencePipeline.forEach(ReferencePipeline.java:636)
	at java.base/java.util.stream.ReferencePipeline$7$1FlatMap.accept(ReferencePipeline.java:294)
	at java.base/java.util.ArrayList$ArrayListSpliterator.forEachRemaining(ArrayList.java:1709)
	at java.base/java.util.stream.AbstractPipeline.copyInto(AbstractPipeline.java:570)
	at java.base/java.util.stream.AbstractPipeline.wrapAndCopyInto(AbstractPipeline.java:560)
	at java.base/java.util.stream.ForEachOps$ForEachOp.evaluateSequential(ForEachOps.java:151)
	at java.base/java.util.stream.ForEachOps$ForEachOp$OfRef.evaluateSequential(ForEachOps.java:174)
	at java.base/java.util.stream.AbstractPipeline.evaluate(AbstractPipeline.java:265)
	at java.base/java.util.stream.ReferencePipeline.forEach(ReferencePipeline.java:636)
	at org.junit.jupiter.engine.descriptor.TestTemplateTestDescriptor.execute(TestTemplateTestDescriptor.java:107)
	at org.junit.jupiter.engine.descriptor.TestTemplateTestDescriptor.execute(TestTemplateTestDescriptor.java:42)
	at org.junit.platform.engine.support.hierarchical.NodeTestTask.lambda$executeRecursively$5(NodeTestTask.java:139)
	at org.junit.platform.engine.support.hierarchical.ThrowableCollector.execute(ThrowableCollector.java:73)
	at org.junit.platform.engine.support.hierarchical.NodeTestTask.lambda$executeRecursively$7(NodeTestTask.java:129)
	at org.junit.platform.engine.support.hierarchical.Node.around(Node.java:137)
	at org.junit.platform.engine.support.hierarchical.NodeTestTask.lambda$executeRecursively$8(NodeTestTask.java:127)
	at org.junit.platform.engine.support.hierarchical.ThrowableCollector.execute(ThrowableCollector.java:73)
	at org.junit.platform.engine.support.hierarchical.NodeTestTask.executeRecursively(NodeTestTask.java:126)
	at org.junit.platform.engine.support.hierarchical.NodeTestTask.execute(NodeTestTask.java:84)
	at java.base/java.util.ArrayList.forEach(ArrayList.java:1597)
	at org.junit.platform.engine.support.hierarchical.SameThreadHierarchicalTestExecutorService.invokeAll(SameThreadHierarchicalTestExecutorService.java:38)
	at org.junit.platform.engine.support.hierarchical.NodeTestTask.lambda$executeRecursively$5(NodeTestTask.java:143)
	at org.junit.platform.engine.support.hierarchical.ThrowableCollector.execute(ThrowableCollector.java:73)
	at org.junit.platform.engine.support.hierarchical.NodeTestTask.lambda$executeRecursively$7(NodeTestTask.java:129)
	at org.junit.platform.engine.support.hierarchical.Node.around(Node.java:137)
	at org.junit.platform.engine.support.hierarchical.NodeTestTask.lambda$executeRecursively$8(NodeTestTask.java:127)
	at org.junit.platform.engine.support.hierarchical.ThrowableCollector.execute(ThrowableCollector.java:73)
	at org.junit.platform.engine.support.hierarchical.NodeTestTask.executeRecursively(NodeTestTask.java:126)
	at org.junit.platform.engine.support.hierarchical.NodeTestTask.execute(NodeTestTask.java:84)
	at java.base/java.util.ArrayList.forEach(ArrayList.java:1597)
	at org.junit.platform.engine.support.hierarchical.SameThreadHierarchicalTestExecutorService.invokeAll(SameThreadHierarchicalTestExecutorService.java:38)
	at org.junit.platform.engine.support.hierarchical.NodeTestTask.lambda$executeRecursively$5(NodeTestTask.java:143)
	at org.junit.platform.engine.support.hierarchical.ThrowableCollector.execute(ThrowableCollector.java:73)
	at org.junit.platform.engine.support.hierarchical.NodeTestTask.lambda$executeRecursively$7(NodeTestTask.java:129)
	at org.junit.platform.engine.support.hierarchical.Node.around(Node.java:137)
	at org.junit.platform.engine.support.hierarchical.NodeTestTask.lambda$executeRecursively$8(NodeTestTask.java:127)
	at org.junit.platform.engine.support.hierarchical.ThrowableCollector.execute(ThrowableCollector.java:73)
	at org.junit.platform.engine.support.hierarchical.NodeTestTask.executeRecursively(NodeTestTask.java:126)
	at org.junit.platform.engine.support.hierarchical.NodeTestTask.execute(NodeTestTask.java:84)
	at org.junit.platform.engine.support.hierarchical.SameThreadHierarchicalTestExecutorService.submit(SameThreadHierarchicalTestExecutorService.java:32)
	at org.junit.platform.engine.support.hierarchical.HierarchicalTestExecutor.execute(HierarchicalTestExecutor.java:57)
	at org.junit.platform.engine.support.hierarchical.HierarchicalTestEngine.execute(HierarchicalTestEngine.java:51)
	at org.junit.platform.launcher.core.EngineExecutionOrchestrator.execute(EngineExecutionOrchestrator.java:108)
	at org.junit.platform.launcher.core.EngineExecutionOrchestrator.execute(EngineExecutionOrchestrator.java:88)
	at org.junit.platform.launcher.core.EngineExecutionOrchestrator.lambda$execute$0(EngineExecutionOrchestrator.java:54)
	at org.junit.platform.launcher.core.EngineExecutionOrchestrator.withInterceptedStreams(EngineExecutionOrchestrator.java:67)
	at org.junit.platform.launcher.core.EngineExecutionOrchestrator.execute(EngineExecutionOrchestrator.java:52)
	at org.junit.platform.launcher.core.DefaultLauncher.execute(DefaultLauncher.java:96)
	at org.junit.platform.launcher.core.DefaultLauncher.execute(DefaultLauncher.java:75)
	at org.junit.platform.console.tasks.ConsoleTestExecutor.executeTests(ConsoleTestExecutor.java:66)
	at org.junit.platform.console.tasks.ConsoleTestExecutor.lambda$execute$0(ConsoleTestExecutor.java:58)
	at org.junit.platform.console.tasks.CustomContextClassLoaderExecutor.replaceThreadContextClassLoaderAndInvoke(CustomContextClassLoaderExecutor.java:41)
	at org.junit.platform.console.tasks.CustomContextClassLoaderExecutor.invoke(CustomContextClassLoaderExecutor.java:31)
	at org.junit.platform.console.tasks.ConsoleTestExecutor.execute(ConsoleTestExecutor.java:58)
	at org.junit.platform.console.ConsoleLauncher.executeTests(ConsoleLauncher.java:95)
	at org.junit.platform.console.ConsoleLauncher.execute(ConsoleLauncher.java:73)
	at org.junit.platform.console.ConsoleLauncher.execute(ConsoleLauncher.java:50)
	at org.junit.platform.console.ConsoleLauncher.execute(ConsoleLauncher.java:43)
	at org.junit.platform.console.ConsoleLauncher.main(ConsoleLauncher.java:37)
]]></failure>
<system-out><![CDATA[
unique-id: [engine:junit-jupiter]/[class:pilesimple.test.PileIntTest]/[test-template:testEmpiler(pilesimple.PileInt, int)]/[test-template-invocation:#5]
display-name: [5] PileInt(0/10):[], 49
]]></system-out>
</testcase>
<testcase name="testEmpiler(PileInt, int)[6]" classname="pilesimple.test.PileIntTest" time="0">
<failure message="expected: &lt;0&gt; but was: &lt;10&gt;" type="org.opentest4j.AssertionFailedError"><![CDATA[org.opentest4j.AssertionFailedError: expected: <0> but was: <10>
	at org.junit.jupiter.api.AssertionUtils.fail(AssertionUtils.java:55)
	at org.junit.jupiter.api.AssertionUtils.failNotEqual(AssertionUtils.java:62)
	at org.junit.jupiter.api.AssertEquals.assertEquals(AssertEquals.java:150)
	at org.junit.jupiter.api.AssertEquals.assertEquals(AssertEquals.java:145)
	at org.junit.jupiter.api.Assertions.assertEquals(Assertions.java:510)
	at pilesimple.test.PileIntTest.testEmpiler(PileIntTest.java:328)
	at java.base/jdk.internal.reflect.DirectMethodHandleAccessor.invoke(DirectMethodHandleAccessor.java:103)
	at java.base/java.lang.reflect.Method.invoke(Method.java:580)
	at org.junit.platform.commons.util.ReflectionUtils.invokeMethod(ReflectionUtils.java:688)
	at org.junit.jupiter.engine.execution.MethodInvocation.proceed(MethodInvocation.java:60)
	at org.junit.jupiter.engine.execution.InvocationInterceptorChain$ValidatingInvocation.proceed(InvocationInterceptorChain.java:131)
	at org.junit.jupiter.engine.extension.TimeoutExtension.intercept(TimeoutExtension.java:149)
	at org.junit.jupiter.engine.extension.TimeoutExtension.interceptTestableMethod(TimeoutExtension.java:140)
	at org.junit.jupiter.engine.extension.TimeoutExtension.interceptTestTemplateMethod(TimeoutExtension.java:92)
	at org.junit.jupiter.engine.execution.ExecutableInvoker$ReflectiveInterceptorCall.lambda$ofVoidMethod$0(ExecutableInvoker.java:115)
	at org.junit.jupiter.engine.execution.ExecutableInvoker.lambda$invoke$0(ExecutableInvoker.java:105)
	at org.junit.jupiter.engine.execution.InvocationInterceptorChain$InterceptedInvocation.proceed(InvocationInterceptorChain.java:106)
	at org.junit.jupiter.engine.execution.InvocationInterceptorChain.proceed(InvocationInterceptorChain.java:64)
	at org.junit.jupiter.engine.execution.InvocationInterceptorChain.chainAndInvoke(InvocationInterceptorChain.java:45)
	at org.junit.jupiter.engine.execution.InvocationInterceptorChain.invoke(InvocationInterceptorChain.java:37)
	at org.junit.jupiter.engine.execution.ExecutableInvoker.invoke(ExecutableInvoker.java:104)
	at org.junit.jupiter.engine.execution.ExecutableInvoker.invoke(ExecutableInvoker.java:98)
	at org.junit.jupiter.engine.descriptor.TestMethodTestDescriptor.lambda$invokeTestMethod$6(TestMethodTestDescriptor.java:210)
	at org.junit.platform.engine.support.hierarchical.ThrowableCollector.execute(ThrowableCollector.java:73)
	at org.junit.jupiter.engine.descriptor.TestMethodTestDescriptor.invokeTestMethod(TestMethodTestDescriptor.java:206)
	at org.junit.jupiter.engine.descriptor.TestMethodTestDescriptor.execute(TestMethodTestDescriptor.java:131)
	at org.junit.jupiter.engine.descriptor.TestMethodTestDescriptor.execute(TestMethodTestDescriptor.java:65)
	at org.junit.platform.engine.support.hierarchical.NodeTestTask.lambda$executeRecursively$5(NodeTestTask.java:139)
	at org.junit.platform.engine.support.hierarchical.ThrowableCollector.execute(ThrowableCollector.java:73)
	at org.junit.platform.engine.support.hierarchical.NodeTestTask.lambda$executeRecursively$7(NodeTestTask.java:129)
	at org.junit.platform.engine.support.hierarchical.Node.around(Node.java:137)
	at org.junit.platform.engine.support.hierarchical.NodeTestTask.lambda$executeRecursively$8(NodeTestTask.java:127)
	at org.junit.platform.engine.support.hierarchical.ThrowableCollector.execute(ThrowableCollector.java:73)
	at org.junit.platform.engine.support.hierarchical.NodeTestTask.executeRecursively(NodeTestTask.java:126)
	at org.junit.platform.engine.support.hierarchical.NodeTestTask.execute(NodeTestTask.java:84)
	at org.junit.platform.engine.support.hierarchical.SameThreadHierarchicalTestExecutorService.submit(SameThreadHierarchicalTestExecutorService.java:32)
	at org.junit.platform.engine.support.hierarchical.NodeTestTask$DefaultDynamicTestExecutor.execute(NodeTestTask.java:212)
	at org.junit.platform.engine.support.hierarchical.NodeTestTask$DefaultDynamicTestExecutor.execute(NodeTestTask.java:192)
	at org.junit.jupiter.engine.descriptor.TestTemplateTestDescriptor.execute(TestTemplateTestDescriptor.java:139)
	at org.junit.jupiter.engine.descriptor.TestTemplateTestDescriptor.lambda$execute$2(TestTemplateTestDescriptor.java:107)
	at java.base/java.util.stream.ForEachOps$ForEachOp$OfRef.accept(ForEachOps.java:184)
	at java.base/java.util.stream.ReferencePipeline$3$1.accept(ReferencePipeline.java:215)
	at java.base/java.util.stream.ReferencePipeline$2$1.accept(ReferencePipeline.java:197)
	at java.base/java.util.stream.ReferencePipeline$3$1.accept(ReferencePipeline.java:215)
	at java.base/java.util.stream.ForEachOps$ForEachOp$OfRef.accept(ForEachOps.java:184)
	at java.base/java.util.stream.ReferencePipeline$15$1.accept(ReferencePipeline.java:581)
	at java.base/java.util.stream.ReferencePipeline$3$1.accept(ReferencePipeline.java:215)
	at java.base/java.util.stream.ReferencePipeline$3$1.accept(ReferencePipeline.java:215)
	at java.base/java.util.stream.ReferencePipeline$3$1.accept(ReferencePipeline.java:215)
	at java.base/java.util.stream.ForEachOps$ForEachOp$OfRef.accept(ForEachOps.java:184)
	at java.base/java.util.stream.ReferencePipeline$3$1.accept(ReferencePipeline.java:215)
	at java.base/java.util.stream.ForEachOps$ForEachOp$OfRef.accept(ForEachOps.java:184)
	at java.base/java.util.stream.ReferencePipeline$3$1.accept(ReferencePipeline.java:215)
	at java.base/java.util.stream.ReferencePipeline$3$1.accept(ReferencePipeline.java:215)
	at java.base/java.util.stream.ReferencePipeline$2$1.accept(ReferencePipeline.java:197)
	at java.base/java.util.ArrayList$ArrayListSpliterator.forEachRemaining(ArrayList.java:1709)
	at java.base/java.util.stream.AbstractPipeline.copyInto(AbstractPipeline.java:570)
	at java.base/java.util.stream.AbstractPipeline.wrapAndCopyInto(AbstractPipeline.java:560)
	at java.base/java.util.stream.ForEachOps$ForEachOp.evaluateSequential(ForEachOps.java:151)
	at java.base/java.util.stream.ForEachOps$ForEachOp$OfRef.evaluateSequential(ForEachOps.java:174)
	at java.base/java.util.stream.AbstractPipeline.evaluate(AbstractPipeline.java:265)
	at java.base/java.util.stream.ReferencePipeline.forEach(ReferencePipeline.java:636)
	at java.base/java.util.stream.ReferencePipeline$7$1FlatMap.accept(ReferencePipeline.java:294)
	at java.base/java.util.stream.ReferencePipeline$3$1.accept(ReferencePipeline.java:215)
	at java.base/java.util.stream.ReferencePipeline$3$1.accept(ReferencePipeline.java:215)
	at java.base/java.util.Spliterators$ArraySpliterator.forEachRemaining(Spliterators.java:1024)
	at java.base/java.util.stream.AbstractPipeline.copyInto(AbstractPipeline.java:570)
	at java.base/java.util.stream.AbstractPipeline.wrapAndCopyInto(AbstractPipeline.java:560)
	at java.base/java.util.stream.ForEachOps$ForEachOp.evaluateSequential(ForEachOps.java:151)
	at java.base/java.util.stream.ForEachOps$ForEachOp$OfRef.evaluateSequential(ForEachOps.java:174)
	at java.base/java.util.stream.AbstractPipeline.evaluate(AbstractPipeline.java:265)
	at java.base/java.util.stream.ReferencePipeline.forEach(ReferencePipeline.java:636)
	at java.base/java.util.stream.ReferencePipeline$7$1FlatMap.accept(ReferencePipeline.java:294)
	at java.base/java.util.stream.ReferencePipeline$3$1.accept(ReferencePipeline.java:215)
	at java.base/java.util.stream.ReferencePipeline$3$1.accept(ReferencePipeline.java:215)
	at java.base/java.util.stream.ReferencePipeline$3$1.accept(ReferencePipeline.java:215)
	at java.base/java.util.ArrayList$ArrayListSpliterator.forEachRemaining(ArrayList.java:1709)
	at java.base/java.util.stream.AbstractPipeline.copyInto(AbstractPipeline.java:570)
	at java.base/java.util.stream.AbstractPipeline.wrapAndCopyInto(AbstractPipeline.java:560)
	at java.base/java.util.stream.ForEachOps$ForEachOp.evaluateSequential(ForEachOps.java:151)
	at java.base/java.util.stream.ForEachOps$ForEachOp$OfRef.evaluateSequential(ForEachOps.java:174)
	at java.base/java.util.stream.AbstractPipeline.evaluate(AbstractPipeline.java:265)
	at java.base/java.util.stream.ReferencePipeline.forEach(ReferencePipeline.java:636)
	at java.base/java.util.stream.ReferencePipeline$7$1FlatMap.accept(ReferencePipeline.java:294)
	at java.base/java.util.ArrayList$ArrayListSpliterator.forEachRemaining(ArrayList.java:1709)
	at java.base/java.util.stream.AbstractPipeline.copyInto(AbstractPipeline.java:570)
	at java.base/java.util.stream.AbstractPipeline.wrapAndCopyInto(AbstractPipeline.java:560)
	at java.base/java.util.stream.ForEachOps$ForEachOp.evaluateSequential(ForEachOps.java:151)
	at java.base/java.util.stream.ForEachOps$ForEachOp$OfRef.evaluateSequential(ForEachOps.java:174)
	at java.base/java.util.stream.AbstractPipeline.evaluate(AbstractPipeline.java:265)
	at java.base/java.util.stream.ReferencePipeline.forEach(ReferencePipeline.java:636)
	at org.junit.jupiter.engine.descriptor.TestTemplateTestDescriptor.execute(TestTemplateTestDescriptor.java:107)
	at org.junit.jupiter.engine.descriptor.TestTemplateTestDescriptor.execute(TestTemplateTestDescriptor.java:42)
	at org.junit.platform.engine.support.hierarchical.NodeTestTask.lambda$executeRecursively$5(NodeTestTask.java:139)
	at org.junit.platform.engine.support.hierarchical.ThrowableCollector.execute(ThrowableCollector.java:73)
	at org.junit.platform.engine.support.hierarchical.NodeTestTask.lambda$executeRecursively$7(NodeTestTask.java:129)
	at org.junit.platform.engine.support.hierarchical.Node.around(Node.java:137)
	at org.junit.platform.engine.support.hierarchical.NodeTestTask.lambda$executeRecursively$8(NodeTestTask.java:127)
	at org.junit.platform.engine.support.hierarchical.ThrowableCollector.execute(ThrowableCollector.java:73)
	at org.junit.platform.engine.support.hierarchical.NodeTestTask.executeRecursively(NodeTestTask.java:126)
	at org.junit.platform.engine.support.hierarchical.NodeTestTask.execute(NodeTestTask.java:84)
	at java.base/java.util.ArrayList.forEach(ArrayList.java:1597)
	at org.junit.platform.engine.support.hierarchical.SameThreadHierarchicalTestExecutorService.invokeAll(SameThreadHierarchicalTestExecutorService.java:38)
	at org.junit.platform.engine.support.hierarchical.NodeTestTask.lambda$executeRecursively$5(NodeTestTask.java:143)
	at org.junit.platform.engine.support.hierarchical.ThrowableCollector.execute(ThrowableCollector.java:73)
	at org.junit.platform.engine.support.hierarchical.NodeTestTask.lambda$executeRecursively$7(NodeTestTask.java:129)
	at org.junit.platform.engine.support.hierarchical.Node.around(Node.java:137)
	at org.junit.platform.engine.support.hierarchical.NodeTestTask.lambda$executeRecursively$8(NodeTestTask.java:127)
	at org.junit.platform.engine.support.hierarchical.ThrowableCollector.execute(ThrowableCollector.java:73)
	at org.junit.platform.engine.support.hierarchical.NodeTestTask.executeRecursively(NodeTestTask.java:126)
	at org.junit.platform.engine.support.hierarchical.NodeTestTask.execute(NodeTestTask.java:84)
	at java.base/java.util.ArrayList.forEach(ArrayList.java:1597)
	at org.junit.platform.engine.support.hierarchical.SameThreadHierarchicalTestExecutorService.invokeAll(SameThreadHierarchicalTestExecutorService.java:38)
	at org.junit.platform.engine.support.hierarchical.NodeTestTask.lambda$executeRecursively$5(NodeTestTask.java:143)
	at org.junit.platform.engine.support.hierarchical.ThrowableCollector.execute(ThrowableCollector.java:73)
	at org.junit.platform.engine.support.hierarchical.NodeTestTask.lambda$executeRecursively$7(NodeTestTask.java:129)
	at org.junit.platform.engine.support.hierarchical.Node.around(Node.java:137)
	at org.junit.platform.engine.support.hierarchical.NodeTestTask.lambda$executeRecursively$8(NodeTestTask.java:127)
	at org.junit.platform.engine.support.hierarchical.ThrowableCollector.execute(ThrowableCollector.java:73)
	at org.junit.platform.engine.support.hierarchical.NodeTestTask.executeRecursively(NodeTestTask.java:126)
	at org.junit.platform.engine.support.hierarchical.NodeTestTask.execute(NodeTestTask.java:84)
	at org.junit.platform.engine.support.hierarchical.SameThreadHierarchicalTestExecutorService.submit(SameThreadHierarchicalTestExecutorService.java:32)
	at org.junit.platform.engine.support.hierarchical.HierarchicalTestExecutor.execute(HierarchicalTestExecutor.java:57)
	at org.junit.platform.engine.support.hierarchical.HierarchicalTestEngine.execute(HierarchicalTestEngine.java:51)
	at org.junit.platform.launcher.core.EngineExecutionOrchestrator.execute(EngineExecutionOrchestrator.java:108)
	at org.junit.platform.launcher.core.EngineExecutionOrchestrator.execute(EngineExecutionOrchestrator.java:88)
	at org.junit.platform.launcher.core.EngineExecutionOrchestrator.lambda$execute$0(EngineExecutionOrchestrator.java:54)
	at org.junit.platform.launcher.core.EngineExecutionOrchestrator.withInterceptedStreams(EngineExecutionOrchestrator.java:67)
	at org.junit.platform.launcher.core.EngineExecutionOrchestrator.execute(EngineExecutionOrchestrator.java:52)
	at org.junit.platform.launcher.core.DefaultLauncher.execute(DefaultLauncher.java:96)
	at org.junit.platform.launcher.core.DefaultLauncher.execute(DefaultLauncher.java:75)
	at org.junit.platform.console.tasks.ConsoleTestExecutor.executeTests(ConsoleTestExecutor.java:66)
	at org.junit.platform.console.tasks.ConsoleTestExecutor.lambda$execute$0(ConsoleTestExecutor.java:58)
	at org.junit.platform.console.tasks.CustomContextClassLoaderExecutor.replaceThreadContextClassLoaderAndInvoke(CustomContextClassLoaderExecutor.java:41)
	at org.junit.platform.console.tasks.CustomContextClassLoaderExecutor.invoke(CustomContextClassLoaderExecutor.java:31)
	at org.junit.platform.console.tasks.ConsoleTestExecutor.execute(ConsoleTestExecutor.java:58)
	at org.junit.platform.console.ConsoleLauncher.executeTests(ConsoleLauncher.java:95)
	at org.junit.platform.console.ConsoleLauncher.execute(ConsoleLauncher.java:73)
	at org.junit.platform.console.ConsoleLauncher.execute(ConsoleLauncher.java:50)
	at org.junit.platform.console.ConsoleLauncher.execute(ConsoleLauncher.java:43)
	at org.junit.platform.console.ConsoleLauncher.main(ConsoleLauncher.java:37)
]]></failure>
<system-out><![CDATA[
unique-id: [engine:junit-jupiter]/[class:pilesimple.test.PileIntTest]/[test-template:testEmpiler(pilesimple.PileInt, int)]/[test-template-invocation:#6]
display-name: [6] PileInt(4/15):[-374846588 1048478229 -920801997 -771279764 ], 10
]]></system-out>
</testcase>
<testcase name="testEmpiler(PileInt, int)[7]" classname="pilesimple.test.PileIntTest" time="0">
<failure message="expected: &lt;0&gt; but was: &lt;25&gt;" type="org.opentest4j.AssertionFailedError"><![CDATA[org.opentest4j.AssertionFailedError: expected: <0> but was: <25>
	at org.junit.jupiter.api.AssertionUtils.fail(AssertionUtils.java:55)
	at org.junit.jupiter.api.AssertionUtils.failNotEqual(AssertionUtils.java:62)
	at org.junit.jupiter.api.AssertEquals.assertEquals(AssertEquals.java:150)
	at org.junit.jupiter.api.AssertEquals.assertEquals(AssertEquals.java:145)
	at org.junit.jupiter.api.Assertions.assertEquals(Assertions.java:510)
	at pilesimple.test.PileIntTest.testEmpiler(PileIntTest.java:328)
	at java.base/jdk.internal.reflect.DirectMethodHandleAccessor.invoke(DirectMethodHandleAccessor.java:103)
	at java.base/java.lang.reflect.Method.invoke(Method.java:580)
	at org.junit.platform.commons.util.ReflectionUtils.invokeMethod(ReflectionUtils.java:688)
	at org.junit.jupiter.engine.execution.MethodInvocation.proceed(MethodInvocation.java:60)
	at org.junit.jupiter.engine.execution.InvocationInterceptorChain$ValidatingInvocation.proceed(InvocationInterceptorChain.java:131)
	at org.junit.jupiter.engine.extension.TimeoutExtension.intercept(TimeoutExtension.java:149)
	at org.junit.jupiter.engine.extension.TimeoutExtension.interceptTestableMethod(TimeoutExtension.java:140)
	at org.junit.jupiter.engine.extension.TimeoutExtension.interceptTestTemplateMethod(TimeoutExtension.java:92)
	at org.junit.jupiter.engine.execution.ExecutableInvoker$ReflectiveInterceptorCall.lambda$ofVoidMethod$0(ExecutableInvoker.java:115)
	at org.junit.jupiter.engine.execution.ExecutableInvoker.lambda$invoke$0(ExecutableInvoker.java:105)
	at org.junit.jupiter.engine.execution.InvocationInterceptorChain$InterceptedInvocation.proceed(InvocationInterceptorChain.java:106)
	at org.junit.jupiter.engine.execution.InvocationInterceptorChain.proceed(InvocationInterceptorChain.java:64)
	at org.junit.jupiter.engine.execution.InvocationInterceptorChain.chainAndInvoke(InvocationInterceptorChain.java:45)
	at org.junit.jupiter.engine.execution.InvocationInterceptorChain.invoke(InvocationInterceptorChain.java:37)
	at org.junit.jupiter.engine.execution.ExecutableInvoker.invoke(ExecutableInvoker.java:104)
	at org.junit.jupiter.engine.execution.ExecutableInvoker.invoke(ExecutableInvoker.java:98)
	at org.junit.jupiter.engine.descriptor.TestMethodTestDescriptor.lambda$invokeTestMethod$6(TestMethodTestDescriptor.java:210)
	at org.junit.platform.engine.support.hierarchical.ThrowableCollector.execute(ThrowableCollector.java:73)
	at org.junit.jupiter.engine.descriptor.TestMethodTestDescriptor.invokeTestMethod(TestMethodTestDescriptor.java:206)
	at org.junit.jupiter.engine.descriptor.TestMethodTestDescriptor.execute(TestMethodTestDescriptor.java:131)
	at org.junit.jupiter.engine.descriptor.TestMethodTestDescriptor.execute(TestMethodTestDescriptor.java:65)
	at org.junit.platform.engine.support.hierarchical.NodeTestTask.lambda$executeRecursively$5(NodeTestTask.java:139)
	at org.junit.platform.engine.support.hierarchical.ThrowableCollector.execute(ThrowableCollector.java:73)
	at org.junit.platform.engine.support.hierarchical.NodeTestTask.lambda$executeRecursively$7(NodeTestTask.java:129)
	at org.junit.platform.engine.support.hierarchical.Node.around(Node.java:137)
	at org.junit.platform.engine.support.hierarchical.NodeTestTask.lambda$executeRecursively$8(NodeTestTask.java:127)
	at org.junit.platform.engine.support.hierarchical.ThrowableCollector.execute(ThrowableCollector.java:73)
	at org.junit.platform.engine.support.hierarchical.NodeTestTask.executeRecursively(NodeTestTask.java:126)
	at org.junit.platform.engine.support.hierarchical.NodeTestTask.execute(NodeTestTask.java:84)
	at org.junit.platform.engine.support.hierarchical.SameThreadHierarchicalTestExecutorService.submit(SameThreadHierarchicalTestExecutorService.java:32)
	at org.junit.platform.engine.support.hierarchical.NodeTestTask$DefaultDynamicTestExecutor.execute(NodeTestTask.java:212)
	at org.junit.platform.engine.support.hierarchical.NodeTestTask$DefaultDynamicTestExecutor.execute(NodeTestTask.java:192)
	at org.junit.jupiter.engine.descriptor.TestTemplateTestDescriptor.execute(TestTemplateTestDescriptor.java:139)
	at org.junit.jupiter.engine.descriptor.TestTemplateTestDescriptor.lambda$execute$2(TestTemplateTestDescriptor.java:107)
	at java.base/java.util.stream.ForEachOps$ForEachOp$OfRef.accept(ForEachOps.java:184)
	at java.base/java.util.stream.ReferencePipeline$3$1.accept(ReferencePipeline.java:215)
	at java.base/java.util.stream.ReferencePipeline$2$1.accept(ReferencePipeline.java:197)
	at java.base/java.util.stream.ReferencePipeline$3$1.accept(ReferencePipeline.java:215)
	at java.base/java.util.stream.ForEachOps$ForEachOp$OfRef.accept(ForEachOps.java:184)
	at java.base/java.util.stream.ReferencePipeline$15$1.accept(ReferencePipeline.java:581)
	at java.base/java.util.stream.ReferencePipeline$3$1.accept(ReferencePipeline.java:215)
	at java.base/java.util.stream.ReferencePipeline$3$1.accept(ReferencePipeline.java:215)
	at java.base/java.util.stream.ReferencePipeline$3$1.accept(ReferencePipeline.java:215)
	at java.base/java.util.stream.ForEachOps$ForEachOp$OfRef.accept(ForEachOps.java:184)
	at java.base/java.util.stream.ReferencePipeline$3$1.accept(ReferencePipeline.java:215)
	at java.base/java.util.stream.ForEachOps$ForEachOp$OfRef.accept(ForEachOps.java:184)
	at java.base/java.util.stream.ReferencePipeline$3$1.accept(ReferencePipeline.java:215)
	at java.base/java.util.stream.ReferencePipeline$3$1.accept(ReferencePipeline.java:215)
	at java.base/java.util.stream.ReferencePipeline$2$1.accept(ReferencePipeline.java:197)
	at java.base/java.util.ArrayList$ArrayListSpliterator.forEachRemaining(ArrayList.java:1709)
	at java.base/java.util.stream.AbstractPipeline.copyInto(AbstractPipeline.java:570)
	at java.base/java.util.stream.AbstractPipeline.wrapAndCopyInto(AbstractPipeline.java:560)
	at java.base/java.util.stream.ForEachOps$ForEachOp.evaluateSequential(ForEachOps.java:151)
	at java.base/java.util.stream.ForEachOps$ForEachOp$OfRef.evaluateSequential(ForEachOps.java:174)
	at java.base/java.util.stream.AbstractPipeline.evaluate(AbstractPipeline.java:265)
	at java.base/java.util.stream.ReferencePipeline.forEach(ReferencePipeline.java:636)
	at java.base/java.util.stream.ReferencePipeline$7$1FlatMap.accept(ReferencePipeline.java:294)
	at java.base/java.util.stream.ReferencePipeline$3$1.accept(ReferencePipeline.java:215)
	at java.base/java.util.stream.ReferencePipeline$3$1.accept(ReferencePipeline.java:215)
	at java.base/java.util.Spliterators$ArraySpliterator.forEachRemaining(Spliterators.java:1024)
	at java.base/java.util.stream.AbstractPipeline.copyInto(AbstractPipeline.java:570)
	at java.base/java.util.stream.AbstractPipeline.wrapAndCopyInto(AbstractPipeline.java:560)
	at java.base/java.util.stream.ForEachOps$ForEachOp.evaluateSequential(ForEachOps.java:151)
	at java.base/java.util.stream.ForEachOps$ForEachOp$OfRef.evaluateSequential(ForEachOps.java:174)
	at java.base/java.util.stream.AbstractPipeline.evaluate(AbstractPipeline.java:265)
	at java.base/java.util.stream.ReferencePipeline.forEach(ReferencePipeline.java:636)
	at java.base/java.util.stream.ReferencePipeline$7$1FlatMap.accept(ReferencePipeline.java:294)
	at java.base/java.util.stream.ReferencePipeline$3$1.accept(ReferencePipeline.java:215)
	at java.base/java.util.stream.ReferencePipeline$3$1.accept(ReferencePipeline.java:215)
	at java.base/java.util.stream.ReferencePipeline$3$1.accept(ReferencePipeline.java:215)
	at java.base/java.util.ArrayList$ArrayListSpliterator.forEachRemaining(ArrayList.java:1709)
	at java.base/java.util.stream.AbstractPipeline.copyInto(AbstractPipeline.java:570)
	at java.base/java.util.stream.AbstractPipeline.wrapAndCopyInto(AbstractPipeline.java:560)
	at java.base/java.util.stream.ForEachOps$ForEachOp.evaluateSequential(ForEachOps.java:151)
	at java.base/java.util.stream.ForEachOps$ForEachOp$OfRef.evaluateSequential(ForEachOps.java:174)
	at java.base/java.util.stream.AbstractPipeline.evaluate(AbstractPipeline.java:265)
	at java.base/java.util.stream.ReferencePipeline.forEach(ReferencePipeline.java:636)
	at java.base/java.util.stream.ReferencePipeline$7$1FlatMap.accept(ReferencePipeline.java:294)
	at java.base/java.util.ArrayList$ArrayListSpliterator.forEachRemaining(ArrayList.java:1709)
	at java.base/java.util.stream.AbstractPipeline.copyInto(AbstractPipeline.java:570)
	at java.base/java.util.stream.AbstractPipeline.wrapAndCopyInto(AbstractPipeline.java:560)
	at java.base/java.util.stream.ForEachOps$ForEachOp.evaluateSequential(ForEachOps.java:151)
	at java.base/java.util.stream.ForEachOps$ForEachOp$OfRef.evaluateSequential(ForEachOps.java:174)
	at java.base/java.util.stream.AbstractPipeline.evaluate(AbstractPipeline.java:265)
	at java.base/java.util.stream.ReferencePipeline.forEach(ReferencePipeline.java:636)
	at org.junit.jupiter.engine.descriptor.TestTemplateTestDescriptor.execute(TestTemplateTestDescriptor.java:107)
	at org.junit.jupiter.engine.descriptor.TestTemplateTestDescriptor.execute(TestTemplateTestDescriptor.java:42)
	at org.junit.platform.engine.support.hierarchical.NodeTestTask.lambda$executeRecursively$5(NodeTestTask.java:139)
	at org.junit.platform.engine.support.hierarchical.ThrowableCollector.execute(ThrowableCollector.java:73)
	at org.junit.platform.engine.support.hierarchical.NodeTestTask.lambda$executeRecursively$7(NodeTestTask.java:129)
	at org.junit.platform.engine.support.hierarchical.Node.around(Node.java:137)
	at org.junit.platform.engine.support.hierarchical.NodeTestTask.lambda$executeRecursively$8(NodeTestTask.java:127)
	at org.junit.platform.engine.support.hierarchical.ThrowableCollector.execute(ThrowableCollector.java:73)
	at org.junit.platform.engine.support.hierarchical.NodeTestTask.executeRecursively(NodeTestTask.java:126)
	at org.junit.platform.engine.support.hierarchical.NodeTestTask.execute(NodeTestTask.java:84)
	at java.base/java.util.ArrayList.forEach(ArrayList.java:1597)
	at org.junit.platform.engine.support.hierarchical.SameThreadHierarchicalTestExecutorService.invokeAll(SameThreadHierarchicalTestExecutorService.java:38)
	at org.junit.platform.engine.support.hierarchical.NodeTestTask.lambda$executeRecursively$5(NodeTestTask.java:143)
	at org.junit.platform.engine.support.hierarchical.ThrowableCollector.execute(ThrowableCollector.java:73)
	at org.junit.platform.engine.support.hierarchical.NodeTestTask.lambda$executeRecursively$7(NodeTestTask.java:129)
	at org.junit.platform.engine.support.hierarchical.Node.around(Node.java:137)
	at org.junit.platform.engine.support.hierarchical.NodeTestTask.lambda$executeRecursively$8(NodeTestTask.java:127)
	at org.junit.platform.engine.support.hierarchical.ThrowableCollector.execute(ThrowableCollector.java:73)
	at org.junit.platform.engine.support.hierarchical.NodeTestTask.executeRecursively(NodeTestTask.java:126)
	at org.junit.platform.engine.support.hierarchical.NodeTestTask.execute(NodeTestTask.java:84)
	at java.base/java.util.ArrayList.forEach(ArrayList.java:1597)
	at org.junit.platform.engine.support.hierarchical.SameThreadHierarchicalTestExecutorService.invokeAll(SameThreadHierarchicalTestExecutorService.java:38)
	at org.junit.platform.engine.support.hierarchical.NodeTestTask.lambda$executeRecursively$5(NodeTestTask.java:143)
	at org.junit.platform.engine.support.hierarchical.ThrowableCollector.execute(ThrowableCollector.java:73)
	at org.junit.platform.engine.support.hierarchical.NodeTestTask.lambda$executeRecursively$7(NodeTestTask.java:129)
	at org.junit.platform.engine.support.hierarchical.Node.around(Node.java:137)
	at org.junit.platform.engine.support.hierarchical.NodeTestTask.lambda$executeRecursively$8(NodeTestTask.java:127)
	at org.junit.platform.engine.support.hierarchical.ThrowableCollector.execute(ThrowableCollector.java:73)
	at org.junit.platform.engine.support.hierarchical.NodeTestTask.executeRecursively(NodeTestTask.java:126)
	at org.junit.platform.engine.support.hierarchical.NodeTestTask.execute(NodeTestTask.java:84)
	at org.junit.platform.engine.support.hierarchical.SameThreadHierarchicalTestExecutorService.submit(SameThreadHierarchicalTestExecutorService.java:32)
	at org.junit.platform.engine.support.hierarchical.HierarchicalTestExecutor.execute(HierarchicalTestExecutor.java:57)
	at org.junit.platform.engine.support.hierarchical.HierarchicalTestEngine.execute(HierarchicalTestEngine.java:51)
	at org.junit.platform.launcher.core.EngineExecutionOrchestrator.execute(EngineExecutionOrchestrator.java:108)
	at org.junit.platform.launcher.core.EngineExecutionOrchestrator.execute(EngineExecutionOrchestrator.java:88)
	at org.junit.platform.launcher.core.EngineExecutionOrchestrator.lambda$execute$0(EngineExecutionOrchestrator.java:54)
	at org.junit.platform.launcher.core.EngineExecutionOrchestrator.withInterceptedStreams(EngineExecutionOrchestrator.java:67)
	at org.junit.platform.launcher.core.EngineExecutionOrchestrator.execute(EngineExecutionOrchestrator.java:52)
	at org.junit.platform.launcher.core.DefaultLauncher.execute(DefaultLauncher.java:96)
	at org.junit.platform.launcher.core.DefaultLauncher.execute(DefaultLauncher.java:75)
	at org.junit.platform.console.tasks.ConsoleTestExecutor.executeTests(ConsoleTestExecutor.java:66)
	at org.junit.platform.console.tasks.ConsoleTestExecutor.lambda$execute$0(ConsoleTestExecutor.java:58)
	at org.junit.platform.console.tasks.CustomContextClassLoaderExecutor.replaceThreadContextClassLoaderAndInvoke(CustomContextClassLoaderExecutor.java:41)
	at org.junit.platform.console.tasks.CustomContextClassLoaderExecutor.invoke(CustomContextClassLoaderExecutor.java:31)
	at org.junit.platform.console.tasks.ConsoleTestExecutor.execute(ConsoleTestExecutor.java:58)
	at org.junit.platform.console.ConsoleLauncher.executeTests(ConsoleLauncher.java:95)
	at org.junit.platform.console.ConsoleLauncher.execute(ConsoleLauncher.java:73)
	at org.junit.platform.console.ConsoleLauncher.execute(ConsoleLauncher.java:50)
	at org.junit.platform.console.ConsoleLauncher.execute(ConsoleLauncher.java:43)
	at org.junit.platform.console.ConsoleLauncher.main(ConsoleLauncher.java:37)
]]></failure>
<system-out><![CDATA[
unique-id: [engine:junit-jupiter]/[class:pilesimple.test.PileIntTest]/[test-template:testEmpiler(pilesimple.PileInt, int)]/[test-template-invocation:#7]
display-name: [7] PileInt(17/20):[1428472226 -637821803 -706447001 1150321620 864544919 0 0 0 0 0 0 0 0 0 0 0 0 ], 25
]]></system-out>
</testcase>
<testcase name="testEmpiler(PileInt, int)[8]" classname="pilesimple.test.PileIntTest" time="0">
<failure message="expected: &lt;0&gt; but was: &lt;4&gt;" type="org.opentest4j.AssertionFailedError"><![CDATA[org.opentest4j.AssertionFailedError: expected: <0> but was: <4>
	at org.junit.jupiter.api.AssertionUtils.fail(AssertionUtils.java:55)
	at org.junit.jupiter.api.AssertionUtils.failNotEqual(AssertionUtils.java:62)
	at org.junit.jupiter.api.AssertEquals.assertEquals(AssertEquals.java:150)
	at org.junit.jupiter.api.AssertEquals.assertEquals(AssertEquals.java:145)
	at org.junit.jupiter.api.Assertions.assertEquals(Assertions.java:510)
	at pilesimple.test.PileIntTest.testEmpiler(PileIntTest.java:328)
	at java.base/jdk.internal.reflect.DirectMethodHandleAccessor.invoke(DirectMethodHandleAccessor.java:103)
	at java.base/java.lang.reflect.Method.invoke(Method.java:580)
	at org.junit.platform.commons.util.ReflectionUtils.invokeMethod(ReflectionUtils.java:688)
	at org.junit.jupiter.engine.execution.MethodInvocation.proceed(MethodInvocation.java:60)
	at org.junit.jupiter.engine.execution.InvocationInterceptorChain$ValidatingInvocation.proceed(InvocationInterceptorChain.java:131)
	at org.junit.jupiter.engine.extension.TimeoutExtension.intercept(TimeoutExtension.java:149)
	at org.junit.jupiter.engine.extension.TimeoutExtension.interceptTestableMethod(TimeoutExtension.java:140)
	at org.junit.jupiter.engine.extension.TimeoutExtension.interceptTestTemplateMethod(TimeoutExtension.java:92)
	at org.junit.jupiter.engine.execution.ExecutableInvoker$ReflectiveInterceptorCall.lambda$ofVoidMethod$0(ExecutableInvoker.java:115)
	at org.junit.jupiter.engine.execution.ExecutableInvoker.lambda$invoke$0(ExecutableInvoker.java:105)
	at org.junit.jupiter.engine.execution.InvocationInterceptorChain$InterceptedInvocation.proceed(InvocationInterceptorChain.java:106)
	at org.junit.jupiter.engine.execution.InvocationInterceptorChain.proceed(InvocationInterceptorChain.java:64)
	at org.junit.jupiter.engine.execution.InvocationInterceptorChain.chainAndInvoke(InvocationInterceptorChain.java:45)
	at org.junit.jupiter.engine.execution.InvocationInterceptorChain.invoke(InvocationInterceptorChain.java:37)
	at org.junit.jupiter.engine.execution.ExecutableInvoker.invoke(ExecutableInvoker.java:104)
	at org.junit.jupiter.engine.execution.ExecutableInvoker.invoke(ExecutableInvoker.java:98)
	at org.junit.jupiter.engine.descriptor.TestMethodTestDescriptor.lambda$invokeTestMethod$6(TestMethodTestDescriptor.java:210)
	at org.junit.platform.engine.support.hierarchical.ThrowableCollector.execute(ThrowableCollector.java:73)
	at org.junit.jupiter.engine.descriptor.TestMethodTestDescriptor.invokeTestMethod(TestMethodTestDescriptor.java:206)
	at org.junit.jupiter.engine.descriptor.TestMethodTestDescriptor.execute(TestMethodTestDescriptor.java:131)
	at org.junit.jupiter.engine.descriptor.TestMethodTestDescriptor.execute(TestMethodTestDescriptor.java:65)
	at org.junit.platform.engine.support.hierarchical.NodeTestTask.lambda$executeRecursively$5(NodeTestTask.java:139)
	at org.junit.platform.engine.support.hierarchical.ThrowableCollector.execute(ThrowableCollector.java:73)
	at org.junit.platform.engine.support.hierarchical.NodeTestTask.lambda$executeRecursively$7(NodeTestTask.java:129)
	at org.junit.platform.engine.support.hierarchical.Node.around(Node.java:137)
	at org.junit.platform.engine.support.hierarchical.NodeTestTask.lambda$executeRecursively$8(NodeTestTask.java:127)
	at org.junit.platform.engine.support.hierarchical.ThrowableCollector.execute(ThrowableCollector.java:73)
	at org.junit.platform.engine.support.hierarchical.NodeTestTask.executeRecursively(NodeTestTask.java:126)
	at org.junit.platform.engine.support.hierarchical.NodeTestTask.execute(NodeTestTask.java:84)
	at org.junit.platform.engine.support.hierarchical.SameThreadHierarchicalTestExecutorService.submit(SameThreadHierarchicalTestExecutorService.java:32)
	at org.junit.platform.engine.support.hierarchical.NodeTestTask$DefaultDynamicTestExecutor.execute(NodeTestTask.java:212)
	at org.junit.platform.engine.support.hierarchical.NodeTestTask$DefaultDynamicTestExecutor.execute(NodeTestTask.java:192)
	at org.junit.jupiter.engine.descriptor.TestTemplateTestDescriptor.execute(TestTemplateTestDescriptor.java:139)
	at org.junit.jupiter.engine.descriptor.TestTemplateTestDescriptor.lambda$execute$2(TestTemplateTestDescriptor.java:107)
	at java.base/java.util.stream.ForEachOps$ForEachOp$OfRef.accept(ForEachOps.java:184)
	at java.base/java.util.stream.ReferencePipeline$3$1.accept(ReferencePipeline.java:215)
	at java.base/java.util.stream.ReferencePipeline$2$1.accept(ReferencePipeline.java:197)
	at java.base/java.util.stream.ReferencePipeline$3$1.accept(ReferencePipeline.java:215)
	at java.base/java.util.stream.ForEachOps$ForEachOp$OfRef.accept(ForEachOps.java:184)
	at java.base/java.util.stream.ReferencePipeline$15$1.accept(ReferencePipeline.java:581)
	at java.base/java.util.stream.ReferencePipeline$3$1.accept(ReferencePipeline.java:215)
	at java.base/java.util.stream.ReferencePipeline$3$1.accept(ReferencePipeline.java:215)
	at java.base/java.util.stream.ReferencePipeline$3$1.accept(ReferencePipeline.java:215)
	at java.base/java.util.stream.ForEachOps$ForEachOp$OfRef.accept(ForEachOps.java:184)
	at java.base/java.util.stream.ReferencePipeline$3$1.accept(ReferencePipeline.java:215)
	at java.base/java.util.stream.ForEachOps$ForEachOp$OfRef.accept(ForEachOps.java:184)
	at java.base/java.util.stream.ReferencePipeline$3$1.accept(ReferencePipeline.java:215)
	at java.base/java.util.stream.ReferencePipeline$3$1.accept(ReferencePipeline.java:215)
	at java.base/java.util.stream.ReferencePipeline$2$1.accept(ReferencePipeline.java:197)
	at java.base/java.util.ArrayList$ArrayListSpliterator.forEachRemaining(ArrayList.java:1709)
	at java.base/java.util.stream.AbstractPipeline.copyInto(AbstractPipeline.java:570)
	at java.base/java.util.stream.AbstractPipeline.wrapAndCopyInto(AbstractPipeline.java:560)
	at java.base/java.util.stream.ForEachOps$ForEachOp.evaluateSequential(ForEachOps.java:151)
	at java.base/java.util.stream.ForEachOps$ForEachOp$OfRef.evaluateSequential(ForEachOps.java:174)
	at java.base/java.util.stream.AbstractPipeline.evaluate(AbstractPipeline.java:265)
	at java.base/java.util.stream.ReferencePipeline.forEach(ReferencePipeline.java:636)
	at java.base/java.util.stream.ReferencePipeline$7$1FlatMap.accept(ReferencePipeline.java:294)
	at java.base/java.util.stream.ReferencePipeline$3$1.accept(ReferencePipeline.java:215)
	at java.base/java.util.stream.ReferencePipeline$3$1.accept(ReferencePipeline.java:215)
	at java.base/java.util.Spliterators$ArraySpliterator.forEachRemaining(Spliterators.java:1024)
	at java.base/java.util.stream.AbstractPipeline.copyInto(AbstractPipeline.java:570)
	at java.base/java.util.stream.AbstractPipeline.wrapAndCopyInto(AbstractPipeline.java:560)
	at java.base/java.util.stream.ForEachOps$ForEachOp.evaluateSequential(ForEachOps.java:151)
	at java.base/java.util.stream.ForEachOps$ForEachOp$OfRef.evaluateSequential(ForEachOps.java:174)
	at java.base/java.util.stream.AbstractPipeline.evaluate(AbstractPipeline.java:265)
	at java.base/java.util.stream.ReferencePipeline.forEach(ReferencePipeline.java:636)
	at java.base/java.util.stream.ReferencePipeline$7$1FlatMap.accept(ReferencePipeline.java:294)
	at java.base/java.util.stream.ReferencePipeline$3$1.accept(ReferencePipeline.java:215)
	at java.base/java.util.stream.ReferencePipeline$3$1.accept(ReferencePipeline.java:215)
	at java.base/java.util.stream.ReferencePipeline$3$1.accept(ReferencePipeline.java:215)
	at java.base/java.util.ArrayList$ArrayListSpliterator.forEachRemaining(ArrayList.java:1709)
	at java.base/java.util.stream.AbstractPipeline.copyInto(AbstractPipeline.java:570)
	at java.base/java.util.stream.AbstractPipeline.wrapAndCopyInto(AbstractPipeline.java:560)
	at java.base/java.util.stream.ForEachOps$ForEachOp.evaluateSequential(ForEachOps.java:151)
	at java.base/java.util.stream.ForEachOps$ForEachOp$OfRef.evaluateSequential(ForEachOps.java:174)
	at java.base/java.util.stream.AbstractPipeline.evaluate(AbstractPipeline.java:265)
	at java.base/java.util.stream.ReferencePipeline.forEach(ReferencePipeline.java:636)
	at java.base/java.util.stream.ReferencePipeline$7$1FlatMap.accept(ReferencePipeline.java:294)
	at java.base/java.util.ArrayList$ArrayListSpliterator.forEachRemaining(ArrayList.java:1709)
	at java.base/java.util.stream.AbstractPipeline.copyInto(AbstractPipeline.java:570)
	at java.base/java.util.stream.AbstractPipeline.wrapAndCopyInto(AbstractPipeline.java:560)
	at java.base/java.util.stream.ForEachOps$ForEachOp.evaluateSequential(ForEachOps.java:151)
	at java.base/java.util.stream.ForEachOps$ForEachOp$OfRef.evaluateSequential(ForEachOps.java:174)
	at java.base/java.util.stream.AbstractPipeline.evaluate(AbstractPipeline.java:265)
	at java.base/java.util.stream.ReferencePipeline.forEach(ReferencePipeline.java:636)
	at org.junit.jupiter.engine.descriptor.TestTemplateTestDescriptor.execute(TestTemplateTestDescriptor.java:107)
	at org.junit.jupiter.engine.descriptor.TestTemplateTestDescriptor.execute(TestTemplateTestDescriptor.java:42)
	at org.junit.platform.engine.support.hierarchical.NodeTestTask.lambda$executeRecursively$5(NodeTestTask.java:139)
	at org.junit.platform.engine.support.hierarchical.ThrowableCollector.execute(ThrowableCollector.java:73)
	at org.junit.platform.engine.support.hierarchical.NodeTestTask.lambda$executeRecursively$7(NodeTestTask.java:129)
	at org.junit.platform.engine.support.hierarchical.Node.around(Node.java:137)
	at org.junit.platform.engine.support.hierarchical.NodeTestTask.lambda$executeRecursively$8(NodeTestTask.java:127)
	at org.junit.platform.engine.support.hierarchical.ThrowableCollector.execute(ThrowableCollector.java:73)
	at org.junit.platform.engine.support.hierarchical.NodeTestTask.executeRecursively(NodeTestTask.java:126)
	at org.junit.platform.engine.support.hierarchical.NodeTestTask.execute(NodeTestTask.java:84)
	at java.base/java.util.ArrayList.forEach(ArrayList.java:1597)
	at org.junit.platform.engine.support.hierarchical.SameThreadHierarchicalTestExecutorService.invokeAll(SameThreadHierarchicalTestExecutorService.java:38)
	at org.junit.platform.engine.support.hierarchical.NodeTestTask.lambda$executeRecursively$5(NodeTestTask.java:143)
	at org.junit.platform.engine.support.hierarchical.ThrowableCollector.execute(ThrowableCollector.java:73)
	at org.junit.platform.engine.support.hierarchical.NodeTestTask.lambda$executeRecursively$7(NodeTestTask.java:129)
	at org.junit.platform.engine.support.hierarchical.Node.around(Node.java:137)
	at org.junit.platform.engine.support.hierarchical.NodeTestTask.lambda$executeRecursively$8(NodeTestTask.java:127)
	at org.junit.platform.engine.support.hierarchical.ThrowableCollector.execute(ThrowableCollector.java:73)
	at org.junit.platform.engine.support.hierarchical.NodeTestTask.executeRecursively(NodeTestTask.java:126)
	at org.junit.platform.engine.support.hierarchical.NodeTestTask.execute(NodeTestTask.java:84)
	at java.base/java.util.ArrayList.forEach(ArrayList.java:1597)
	at org.junit.platform.engine.support.hierarchical.SameThreadHierarchicalTestExecutorService.invokeAll(SameThreadHierarchicalTestExecutorService.java:38)
	at org.junit.platform.engine.support.hierarchical.NodeTestTask.lambda$executeRecursively$5(NodeTestTask.java:143)
	at org.junit.platform.engine.support.hierarchical.ThrowableCollector.execute(ThrowableCollector.java:73)
	at org.junit.platform.engine.support.hierarchical.NodeTestTask.lambda$executeRecursively$7(NodeTestTask.java:129)
	at org.junit.platform.engine.support.hierarchical.Node.around(Node.java:137)
	at org.junit.platform.engine.support.hierarchical.NodeTestTask.lambda$executeRecursively$8(NodeTestTask.java:127)
	at org.junit.platform.engine.support.hierarchical.ThrowableCollector.execute(ThrowableCollector.java:73)
	at org.junit.platform.engine.support.hierarchical.NodeTestTask.executeRecursively(NodeTestTask.java:126)
	at org.junit.platform.engine.support.hierarchical.NodeTestTask.execute(NodeTestTask.java:84)
	at org.junit.platform.engine.support.hierarchical.SameThreadHierarchicalTestExecutorService.submit(SameThreadHierarchicalTestExecutorService.java:32)
	at org.junit.platform.engine.support.hierarchical.HierarchicalTestExecutor.execute(HierarchicalTestExecutor.java:57)
	at org.junit.platform.engine.support.hierarchical.HierarchicalTestEngine.execute(HierarchicalTestEngine.java:51)
	at org.junit.platform.launcher.core.EngineExecutionOrchestrator.execute(EngineExecutionOrchestrator.java:108)
	at org.junit.platform.launcher.core.EngineExecutionOrchestrator.execute(EngineExecutionOrchestrator.java:88)
	at org.junit.platform.launcher.core.EngineExecutionOrchestrator.lambda$execute$0(EngineExecutionOrchestrator.java:54)
	at org.junit.platform.launcher.core.EngineExecutionOrchestrator.withInterceptedStreams(EngineExecutionOrchestrator.java:67)
	at org.junit.platform.launcher.core.EngineExecutionOrchestrator.execute(EngineExecutionOrchestrator.java:52)
	at org.junit.platform.launcher.core.DefaultLauncher.execute(DefaultLauncher.java:96)
	at org.junit.platform.launcher.core.DefaultLauncher.execute(DefaultLauncher.java:75)
	at org.junit.platform.console.tasks.ConsoleTestExecutor.executeTests(ConsoleTestExecutor.java:66)
	at org.junit.platform.console.tasks.ConsoleTestExecutor.lambda$execute$0(ConsoleTestExecutor.java:58)
	at org.junit.platform.console.tasks.CustomContextClassLoaderExecutor.replaceThreadContextClassLoaderAndInvoke(CustomContextClassLoaderExecutor.java:41)
	at org.junit.platform.console.tasks.CustomContextClassLoaderExecutor.invoke(CustomContextClassLoaderExecutor.java:31)
	at org.junit.platform.console.tasks.ConsoleTestExecutor.execute(ConsoleTestExecutor.java:58)
	at org.junit.platform.console.ConsoleLauncher.executeTests(ConsoleLauncher.java:95)
	at org.junit.platform.console.ConsoleLauncher.execute(ConsoleLauncher.java:73)
	at org.junit.platform.console.ConsoleLauncher.execute(ConsoleLauncher.java:50)
	at org.junit.platform.console.ConsoleLauncher.execute(ConsoleLauncher.java:43)
	at org.junit.platform.console.ConsoleLauncher.main(ConsoleLauncher.java:37)
]]></failure>
<system-out><![CDATA[
unique-id: [engine:junit-jupiter]/[class:pilesimple.test.PileIntTest]/[test-template:testEmpiler(pilesimple.PileInt, int)]/[test-template-invocation:#8]
display-name: [8] PileInt(6/28):[703876638 393883502 -735980280 1592594415 1442868874 0 ], 4
]]></system-out>
</testcase>
<testcase name="testEmpiler(PileInt, int)[9]" classname="pilesimple.test.PileIntTest" time="0">
<failure message="expected: &lt;0&gt; but was: &lt;42&gt;" type="org.opentest4j.AssertionFailedError"><![CDATA[org.opentest4j.AssertionFailedError: expected: <0> but was: <42>
	at org.junit.jupiter.api.AssertionUtils.fail(AssertionUtils.java:55)
	at org.junit.jupiter.api.AssertionUtils.failNotEqual(AssertionUtils.java:62)
	at org.junit.jupiter.api.AssertEquals.assertEquals(AssertEquals.java:150)
	at org.junit.jupiter.api.AssertEquals.assertEquals(AssertEquals.java:145)
	at org.junit.jupiter.api.Assertions.assertEquals(Assertions.java:510)
	at pilesimple.test.PileIntTest.testEmpiler(PileIntTest.java:328)
	at java.base/jdk.internal.reflect.DirectMethodHandleAccessor.invoke(DirectMethodHandleAccessor.java:103)
	at java.base/java.lang.reflect.Method.invoke(Method.java:580)
	at org.junit.platform.commons.util.ReflectionUtils.invokeMethod(ReflectionUtils.java:688)
	at org.junit.jupiter.engine.execution.MethodInvocation.proceed(MethodInvocation.java:60)
	at org.junit.jupiter.engine.execution.InvocationInterceptorChain$ValidatingInvocation.proceed(InvocationInterceptorChain.java:131)
	at org.junit.jupiter.engine.extension.TimeoutExtension.intercept(TimeoutExtension.java:149)
	at org.junit.jupiter.engine.extension.TimeoutExtension.interceptTestableMethod(TimeoutExtension.java:140)
	at org.junit.jupiter.engine.extension.TimeoutExtension.interceptTestTemplateMethod(TimeoutExtension.java:92)
	at org.junit.jupiter.engine.execution.ExecutableInvoker$ReflectiveInterceptorCall.lambda$ofVoidMethod$0(ExecutableInvoker.java:115)
	at org.junit.jupiter.engine.execution.ExecutableInvoker.lambda$invoke$0(ExecutableInvoker.java:105)
	at org.junit.jupiter.engine.execution.InvocationInterceptorChain$InterceptedInvocation.proceed(InvocationInterceptorChain.java:106)
	at org.junit.jupiter.engine.execution.InvocationInterceptorChain.proceed(InvocationInterceptorChain.java:64)
	at org.junit.jupiter.engine.execution.InvocationInterceptorChain.chainAndInvoke(InvocationInterceptorChain.java:45)
	at org.junit.jupiter.engine.execution.InvocationInterceptorChain.invoke(InvocationInterceptorChain.java:37)
	at org.junit.jupiter.engine.execution.ExecutableInvoker.invoke(ExecutableInvoker.java:104)
	at org.junit.jupiter.engine.execution.ExecutableInvoker.invoke(ExecutableInvoker.java:98)
	at org.junit.jupiter.engine.descriptor.TestMethodTestDescriptor.lambda$invokeTestMethod$6(TestMethodTestDescriptor.java:210)
	at org.junit.platform.engine.support.hierarchical.ThrowableCollector.execute(ThrowableCollector.java:73)
	at org.junit.jupiter.engine.descriptor.TestMethodTestDescriptor.invokeTestMethod(TestMethodTestDescriptor.java:206)
	at org.junit.jupiter.engine.descriptor.TestMethodTestDescriptor.execute(TestMethodTestDescriptor.java:131)
	at org.junit.jupiter.engine.descriptor.TestMethodTestDescriptor.execute(TestMethodTestDescriptor.java:65)
	at org.junit.platform.engine.support.hierarchical.NodeTestTask.lambda$executeRecursively$5(NodeTestTask.java:139)
	at org.junit.platform.engine.support.hierarchical.ThrowableCollector.execute(ThrowableCollector.java:73)
	at org.junit.platform.engine.support.hierarchical.NodeTestTask.lambda$executeRecursively$7(NodeTestTask.java:129)
	at org.junit.platform.engine.support.hierarchical.Node.around(Node.java:137)
	at org.junit.platform.engine.support.hierarchical.NodeTestTask.lambda$executeRecursively$8(NodeTestTask.java:127)
	at org.junit.platform.engine.support.hierarchical.ThrowableCollector.execute(ThrowableCollector.java:73)
	at org.junit.platform.engine.support.hierarchical.NodeTestTask.executeRecursively(NodeTestTask.java:126)
	at org.junit.platform.engine.support.hierarchical.NodeTestTask.execute(NodeTestTask.java:84)
	at org.junit.platform.engine.support.hierarchical.SameThreadHierarchicalTestExecutorService.submit(SameThreadHierarchicalTestExecutorService.java:32)
	at org.junit.platform.engine.support.hierarchical.NodeTestTask$DefaultDynamicTestExecutor.execute(NodeTestTask.java:212)
	at org.junit.platform.engine.support.hierarchical.NodeTestTask$DefaultDynamicTestExecutor.execute(NodeTestTask.java:192)
	at org.junit.jupiter.engine.descriptor.TestTemplateTestDescriptor.execute(TestTemplateTestDescriptor.java:139)
	at org.junit.jupiter.engine.descriptor.TestTemplateTestDescriptor.lambda$execute$2(TestTemplateTestDescriptor.java:107)
	at java.base/java.util.stream.ForEachOps$ForEachOp$OfRef.accept(ForEachOps.java:184)
	at java.base/java.util.stream.ReferencePipeline$3$1.accept(ReferencePipeline.java:215)
	at java.base/java.util.stream.ReferencePipeline$2$1.accept(ReferencePipeline.java:197)
	at java.base/java.util.stream.ReferencePipeline$3$1.accept(ReferencePipeline.java:215)
	at java.base/java.util.stream.ForEachOps$ForEachOp$OfRef.accept(ForEachOps.java:184)
	at java.base/java.util.stream.ReferencePipeline$15$1.accept(ReferencePipeline.java:581)
	at java.base/java.util.stream.ReferencePipeline$3$1.accept(ReferencePipeline.java:215)
	at java.base/java.util.stream.ReferencePipeline$3$1.accept(ReferencePipeline.java:215)
	at java.base/java.util.stream.ReferencePipeline$3$1.accept(ReferencePipeline.java:215)
	at java.base/java.util.stream.ForEachOps$ForEachOp$OfRef.accept(ForEachOps.java:184)
	at java.base/java.util.stream.ReferencePipeline$3$1.accept(ReferencePipeline.java:215)
	at java.base/java.util.stream.ForEachOps$ForEachOp$OfRef.accept(ForEachOps.java:184)
	at java.base/java.util.stream.ReferencePipeline$3$1.accept(ReferencePipeline.java:215)
	at java.base/java.util.stream.ReferencePipeline$3$1.accept(ReferencePipeline.java:215)
	at java.base/java.util.stream.ReferencePipeline$2$1.accept(ReferencePipeline.java:197)
	at java.base/java.util.ArrayList$ArrayListSpliterator.forEachRemaining(ArrayList.java:1709)
	at java.base/java.util.stream.AbstractPipeline.copyInto(AbstractPipeline.java:570)
	at java.base/java.util.stream.AbstractPipeline.wrapAndCopyInto(AbstractPipeline.java:560)
	at java.base/java.util.stream.ForEachOps$ForEachOp.evaluateSequential(ForEachOps.java:151)
	at java.base/java.util.stream.ForEachOps$ForEachOp$OfRef.evaluateSequential(ForEachOps.java:174)
	at java.base/java.util.stream.AbstractPipeline.evaluate(AbstractPipeline.java:265)
	at java.base/java.util.stream.ReferencePipeline.forEach(ReferencePipeline.java:636)
	at java.base/java.util.stream.ReferencePipeline$7$1FlatMap.accept(ReferencePipeline.java:294)
	at java.base/java.util.stream.ReferencePipeline$3$1.accept(ReferencePipeline.java:215)
	at java.base/java.util.stream.ReferencePipeline$3$1.accept(ReferencePipeline.java:215)
	at java.base/java.util.Spliterators$ArraySpliterator.forEachRemaining(Spliterators.java:1024)
	at java.base/java.util.stream.AbstractPipeline.copyInto(AbstractPipeline.java:570)
	at java.base/java.util.stream.AbstractPipeline.wrapAndCopyInto(AbstractPipeline.java:560)
	at java.base/java.util.stream.ForEachOps$ForEachOp.evaluateSequential(ForEachOps.java:151)
	at java.base/java.util.stream.ForEachOps$ForEachOp$OfRef.evaluateSequential(ForEachOps.java:174)
	at java.base/java.util.stream.AbstractPipeline.evaluate(AbstractPipeline.java:265)
	at java.base/java.util.stream.ReferencePipeline.forEach(ReferencePipeline.java:636)
	at java.base/java.util.stream.ReferencePipeline$7$1FlatMap.accept(ReferencePipeline.java:294)
	at java.base/java.util.stream.ReferencePipeline$3$1.accept(ReferencePipeline.java:215)
	at java.base/java.util.stream.ReferencePipeline$3$1.accept(ReferencePipeline.java:215)
	at java.base/java.util.stream.ReferencePipeline$3$1.accept(ReferencePipeline.java:215)
	at java.base/java.util.ArrayList$ArrayListSpliterator.forEachRemaining(ArrayList.java:1709)
	at java.base/java.util.stream.AbstractPipeline.copyInto(AbstractPipeline.java:570)
	at java.base/java.util.stream.AbstractPipeline.wrapAndCopyInto(AbstractPipeline.java:560)
	at java.base/java.util.stream.ForEachOps$ForEachOp.evaluateSequential(ForEachOps.java:151)
	at java.base/java.util.stream.ForEachOps$ForEachOp$OfRef.evaluateSequential(ForEachOps.java:174)
	at java.base/java.util.stream.AbstractPipeline.evaluate(AbstractPipeline.java:265)
	at java.base/java.util.stream.ReferencePipeline.forEach(ReferencePipeline.java:636)
	at java.base/java.util.stream.ReferencePipeline$7$1FlatMap.accept(ReferencePipeline.java:294)
	at java.base/java.util.ArrayList$ArrayListSpliterator.forEachRemaining(ArrayList.java:1709)
	at java.base/java.util.stream.AbstractPipeline.copyInto(AbstractPipeline.java:570)
	at java.base/java.util.stream.AbstractPipeline.wrapAndCopyInto(AbstractPipeline.java:560)
	at java.base/java.util.stream.ForEachOps$ForEachOp.evaluateSequential(ForEachOps.java:151)
	at java.base/java.util.stream.ForEachOps$ForEachOp$OfRef.evaluateSequential(ForEachOps.java:174)
	at java.base/java.util.stream.AbstractPipeline.evaluate(AbstractPipeline.java:265)
	at java.base/java.util.stream.ReferencePipeline.forEach(ReferencePipeline.java:636)
	at org.junit.jupiter.engine.descriptor.TestTemplateTestDescriptor.execute(TestTemplateTestDescriptor.java:107)
	at org.junit.jupiter.engine.descriptor.TestTemplateTestDescriptor.execute(TestTemplateTestDescriptor.java:42)
	at org.junit.platform.engine.support.hierarchical.NodeTestTask.lambda$executeRecursively$5(NodeTestTask.java:139)
	at org.junit.platform.engine.support.hierarchical.ThrowableCollector.execute(ThrowableCollector.java:73)
	at org.junit.platform.engine.support.hierarchical.NodeTestTask.lambda$executeRecursively$7(NodeTestTask.java:129)
	at org.junit.platform.engine.support.hierarchical.Node.around(Node.java:137)
	at org.junit.platform.engine.support.hierarchical.NodeTestTask.lambda$executeRecursively$8(NodeTestTask.java:127)
	at org.junit.platform.engine.support.hierarchical.ThrowableCollector.execute(ThrowableCollector.java:73)
	at org.junit.platform.engine.support.hierarchical.NodeTestTask.executeRecursively(NodeTestTask.java:126)
	at org.junit.platform.engine.support.hierarchical.NodeTestTask.execute(NodeTestTask.java:84)
	at java.base/java.util.ArrayList.forEach(ArrayList.java:1597)
	at org.junit.platform.engine.support.hierarchical.SameThreadHierarchicalTestExecutorService.invokeAll(SameThreadHierarchicalTestExecutorService.java:38)
	at org.junit.platform.engine.support.hierarchical.NodeTestTask.lambda$executeRecursively$5(NodeTestTask.java:143)
	at org.junit.platform.engine.support.hierarchical.ThrowableCollector.execute(ThrowableCollector.java:73)
	at org.junit.platform.engine.support.hierarchical.NodeTestTask.lambda$executeRecursively$7(NodeTestTask.java:129)
	at org.junit.platform.engine.support.hierarchical.Node.around(Node.java:137)
	at org.junit.platform.engine.support.hierarchical.NodeTestTask.lambda$executeRecursively$8(NodeTestTask.java:127)
	at org.junit.platform.engine.support.hierarchical.ThrowableCollector.execute(ThrowableCollector.java:73)
	at org.junit.platform.engine.support.hierarchical.NodeTestTask.executeRecursively(NodeTestTask.java:126)
	at org.junit.platform.engine.support.hierarchical.NodeTestTask.execute(NodeTestTask.java:84)
	at java.base/java.util.ArrayList.forEach(ArrayList.java:1597)
	at org.junit.platform.engine.support.hierarchical.SameThreadHierarchicalTestExecutorService.invokeAll(SameThreadHierarchicalTestExecutorService.java:38)
	at org.junit.platform.engine.support.hierarchical.NodeTestTask.lambda$executeRecursively$5(NodeTestTask.java:143)
	at org.junit.platform.engine.support.hierarchical.ThrowableCollector.execute(ThrowableCollector.java:73)
	at org.junit.platform.engine.support.hierarchical.NodeTestTask.lambda$executeRecursively$7(NodeTestTask.java:129)
	at org.junit.platform.engine.support.hierarchical.Node.around(Node.java:137)
	at org.junit.platform.engine.support.hierarchical.NodeTestTask.lambda$executeRecursively$8(NodeTestTask.java:127)
	at org.junit.platform.engine.support.hierarchical.ThrowableCollector.execute(ThrowableCollector.java:73)
	at org.junit.platform.engine.support.hierarchical.NodeTestTask.executeRecursively(NodeTestTask.java:126)
	at org.junit.platform.engine.support.hierarchical.NodeTestTask.execute(NodeTestTask.java:84)
	at org.junit.platform.engine.support.hierarchical.SameThreadHierarchicalTestExecutorService.submit(SameThreadHierarchicalTestExecutorService.java:32)
	at org.junit.platform.engine.support.hierarchical.HierarchicalTestExecutor.execute(HierarchicalTestExecutor.java:57)
	at org.junit.platform.engine.support.hierarchical.HierarchicalTestEngine.execute(HierarchicalTestEngine.java:51)
	at org.junit.platform.launcher.core.EngineExecutionOrchestrator.execute(EngineExecutionOrchestrator.java:108)
	at org.junit.platform.launcher.core.EngineExecutionOrchestrator.execute(EngineExecutionOrchestrator.java:88)
	at org.junit.platform.launcher.core.EngineExecutionOrchestrator.lambda$execute$0(EngineExecutionOrchestrator.java:54)
	at org.junit.platform.launcher.core.EngineExecutionOrchestrator.withInterceptedStreams(EngineExecutionOrchestrator.java:67)
	at org.junit.platform.launcher.core.EngineExecutionOrchestrator.execute(EngineExecutionOrchestrator.java:52)
	at org.junit.platform.launcher.core.DefaultLauncher.execute(DefaultLauncher.java:96)
	at org.junit.platform.launcher.core.DefaultLauncher.execute(DefaultLauncher.java:75)
	at org.junit.platform.console.tasks.ConsoleTestExecutor.executeTests(ConsoleTestExecutor.java:66)
	at org.junit.platform.console.tasks.ConsoleTestExecutor.lambda$execute$0(ConsoleTestExecutor.java:58)
	at org.junit.platform.console.tasks.CustomContextClassLoaderExecutor.replaceThreadContextClassLoaderAndInvoke(CustomContextClassLoaderExecutor.java:41)
	at org.junit.platform.console.tasks.CustomContextClassLoaderExecutor.invoke(CustomContextClassLoaderExecutor.java:31)
	at org.junit.platform.console.tasks.ConsoleTestExecutor.execute(ConsoleTestExecutor.java:58)
	at org.junit.platform.console.ConsoleLauncher.executeTests(ConsoleLauncher.java:95)
	at org.junit.platform.console.ConsoleLauncher.execute(ConsoleLauncher.java:73)
	at org.junit.platform.console.ConsoleLauncher.execute(ConsoleLauncher.java:50)
	at org.junit.platform.console.ConsoleLauncher.execute(ConsoleLauncher.java:43)
	at org.junit.platform.console.ConsoleLauncher.main(ConsoleLauncher.java:37)
]]></failure>
<system-out><![CDATA[
unique-id: [engine:junit-jupiter]/[class:pilesimple.test.PileIntTest]/[test-template:testEmpiler(pilesimple.PileInt, int)]/[test-template-invocation:#9]
display-name: [9] PileInt(1/6):[0 ], 42
]]></system-out>
</testcase>
<testcase name="testEmpiler(PileInt, int)[10]" classname="pilesimple.test.PileIntTest" time="0">
<failure message="expected: &lt;0&gt; but was: &lt;13&gt;" type="org.opentest4j.AssertionFailedError"><![CDATA[org.opentest4j.AssertionFailedError: expected: <0> but was: <13>
	at org.junit.jupiter.api.AssertionUtils.fail(AssertionUtils.java:55)
	at org.junit.jupiter.api.AssertionUtils.failNotEqual(AssertionUtils.java:62)
	at org.junit.jupiter.api.AssertEquals.assertEquals(AssertEquals.java:150)
	at org.junit.jupiter.api.AssertEquals.assertEquals(AssertEquals.java:145)
	at org.junit.jupiter.api.Assertions.assertEquals(Assertions.java:510)
	at pilesimple.test.PileIntTest.testEmpiler(PileIntTest.java:328)
	at java.base/jdk.internal.reflect.DirectMethodHandleAccessor.invoke(DirectMethodHandleAccessor.java:103)
	at java.base/java.lang.reflect.Method.invoke(Method.java:580)
	at org.junit.platform.commons.util.ReflectionUtils.invokeMethod(ReflectionUtils.java:688)
	at org.junit.jupiter.engine.execution.MethodInvocation.proceed(MethodInvocation.java:60)
	at org.junit.jupiter.engine.execution.InvocationInterceptorChain$ValidatingInvocation.proceed(InvocationInterceptorChain.java:131)
	at org.junit.jupiter.engine.extension.TimeoutExtension.intercept(TimeoutExtension.java:149)
	at org.junit.jupiter.engine.extension.TimeoutExtension.interceptTestableMethod(TimeoutExtension.java:140)
	at org.junit.jupiter.engine.extension.TimeoutExtension.interceptTestTemplateMethod(TimeoutExtension.java:92)
	at org.junit.jupiter.engine.execution.ExecutableInvoker$ReflectiveInterceptorCall.lambda$ofVoidMethod$0(ExecutableInvoker.java:115)
	at org.junit.jupiter.engine.execution.ExecutableInvoker.lambda$invoke$0(ExecutableInvoker.java:105)
	at org.junit.jupiter.engine.execution.InvocationInterceptorChain$InterceptedInvocation.proceed(InvocationInterceptorChain.java:106)
	at org.junit.jupiter.engine.execution.InvocationInterceptorChain.proceed(InvocationInterceptorChain.java:64)
	at org.junit.jupiter.engine.execution.InvocationInterceptorChain.chainAndInvoke(InvocationInterceptorChain.java:45)
	at org.junit.jupiter.engine.execution.InvocationInterceptorChain.invoke(InvocationInterceptorChain.java:37)
	at org.junit.jupiter.engine.execution.ExecutableInvoker.invoke(ExecutableInvoker.java:104)
	at org.junit.jupiter.engine.execution.ExecutableInvoker.invoke(ExecutableInvoker.java:98)
	at org.junit.jupiter.engine.descriptor.TestMethodTestDescriptor.lambda$invokeTestMethod$6(TestMethodTestDescriptor.java:210)
	at org.junit.platform.engine.support.hierarchical.ThrowableCollector.execute(ThrowableCollector.java:73)
	at org.junit.jupiter.engine.descriptor.TestMethodTestDescriptor.invokeTestMethod(TestMethodTestDescriptor.java:206)
	at org.junit.jupiter.engine.descriptor.TestMethodTestDescriptor.execute(TestMethodTestDescriptor.java:131)
	at org.junit.jupiter.engine.descriptor.TestMethodTestDescriptor.execute(TestMethodTestDescriptor.java:65)
	at org.junit.platform.engine.support.hierarchical.NodeTestTask.lambda$executeRecursively$5(NodeTestTask.java:139)
	at org.junit.platform.engine.support.hierarchical.ThrowableCollector.execute(ThrowableCollector.java:73)
	at org.junit.platform.engine.support.hierarchical.NodeTestTask.lambda$executeRecursively$7(NodeTestTask.java:129)
	at org.junit.platform.engine.support.hierarchical.Node.around(Node.java:137)
	at org.junit.platform.engine.support.hierarchical.NodeTestTask.lambda$executeRecursively$8(NodeTestTask.java:127)
	at org.junit.platform.engine.support.hierarchical.ThrowableCollector.execute(ThrowableCollector.java:73)
	at org.junit.platform.engine.support.hierarchical.NodeTestTask.executeRecursively(NodeTestTask.java:126)
	at org.junit.platform.engine.support.hierarchical.NodeTestTask.execute(NodeTestTask.java:84)
	at org.junit.platform.engine.support.hierarchical.SameThreadHierarchicalTestExecutorService.submit(SameThreadHierarchicalTestExecutorService.java:32)
	at org.junit.platform.engine.support.hierarchical.NodeTestTask$DefaultDynamicTestExecutor.execute(NodeTestTask.java:212)
	at org.junit.platform.engine.support.hierarchical.NodeTestTask$DefaultDynamicTestExecutor.execute(NodeTestTask.java:192)
	at org.junit.jupiter.engine.descriptor.TestTemplateTestDescriptor.execute(TestTemplateTestDescriptor.java:139)
	at org.junit.jupiter.engine.descriptor.TestTemplateTestDescriptor.lambda$execute$2(TestTemplateTestDescriptor.java:107)
	at java.base/java.util.stream.ForEachOps$ForEachOp$OfRef.accept(ForEachOps.java:184)
	at java.base/java.util.stream.ReferencePipeline$3$1.accept(ReferencePipeline.java:215)
	at java.base/java.util.stream.ReferencePipeline$2$1.accept(ReferencePipeline.java:197)
	at java.base/java.util.stream.ReferencePipeline$3$1.accept(ReferencePipeline.java:215)
	at java.base/java.util.stream.ForEachOps$ForEachOp$OfRef.accept(ForEachOps.java:184)
	at java.base/java.util.stream.ReferencePipeline$15$1.accept(ReferencePipeline.java:581)
	at java.base/java.util.stream.ReferencePipeline$3$1.accept(ReferencePipeline.java:215)
	at java.base/java.util.stream.ReferencePipeline$3$1.accept(ReferencePipeline.java:215)
	at java.base/java.util.stream.ReferencePipeline$3$1.accept(ReferencePipeline.java:215)
	at java.base/java.util.stream.ForEachOps$ForEachOp$OfRef.accept(ForEachOps.java:184)
	at java.base/java.util.stream.ReferencePipeline$3$1.accept(ReferencePipeline.java:215)
	at java.base/java.util.stream.ForEachOps$ForEachOp$OfRef.accept(ForEachOps.java:184)
	at java.base/java.util.stream.ReferencePipeline$3$1.accept(ReferencePipeline.java:215)
	at java.base/java.util.stream.ReferencePipeline$3$1.accept(ReferencePipeline.java:215)
	at java.base/java.util.stream.ReferencePipeline$2$1.accept(ReferencePipeline.java:197)
	at java.base/java.util.ArrayList$ArrayListSpliterator.forEachRemaining(ArrayList.java:1709)
	at java.base/java.util.stream.AbstractPipeline.copyInto(AbstractPipeline.java:570)
	at java.base/java.util.stream.AbstractPipeline.wrapAndCopyInto(AbstractPipeline.java:560)
	at java.base/java.util.stream.ForEachOps$ForEachOp.evaluateSequential(ForEachOps.java:151)
	at java.base/java.util.stream.ForEachOps$ForEachOp$OfRef.evaluateSequential(ForEachOps.java:174)
	at java.base/java.util.stream.AbstractPipeline.evaluate(AbstractPipeline.java:265)
	at java.base/java.util.stream.ReferencePipeline.forEach(ReferencePipeline.java:636)
	at java.base/java.util.stream.ReferencePipeline$7$1FlatMap.accept(ReferencePipeline.java:294)
	at java.base/java.util.stream.ReferencePipeline$3$1.accept(ReferencePipeline.java:215)
	at java.base/java.util.stream.ReferencePipeline$3$1.accept(ReferencePipeline.java:215)
	at java.base/java.util.Spliterators$ArraySpliterator.forEachRemaining(Spliterators.java:1024)
	at java.base/java.util.stream.AbstractPipeline.copyInto(AbstractPipeline.java:570)
	at java.base/java.util.stream.AbstractPipeline.wrapAndCopyInto(AbstractPipeline.java:560)
	at java.base/java.util.stream.ForEachOps$ForEachOp.evaluateSequential(ForEachOps.java:151)
	at java.base/java.util.stream.ForEachOps$ForEachOp$OfRef.evaluateSequential(ForEachOps.java:174)
	at java.base/java.util.stream.AbstractPipeline.evaluate(AbstractPipeline.java:265)
	at java.base/java.util.stream.ReferencePipeline.forEach(ReferencePipeline.java:636)
	at java.base/java.util.stream.ReferencePipeline$7$1FlatMap.accept(ReferencePipeline.java:294)
	at java.base/java.util.stream.ReferencePipeline$3$1.accept(ReferencePipeline.java:215)
	at java.base/java.util.stream.ReferencePipeline$3$1.accept(ReferencePipeline.java:215)
	at java.base/java.util.stream.ReferencePipeline$3$1.accept(ReferencePipeline.java:215)
	at java.base/java.util.ArrayList$ArrayListSpliterator.forEachRemaining(ArrayList.java:1709)
	at java.base/java.util.stream.AbstractPipeline.copyInto(AbstractPipeline.java:570)
	at java.base/java.util.stream.AbstractPipeline.wrapAndCopyInto(AbstractPipeline.java:560)
	at java.base/java.util.stream.ForEachOps$ForEachOp.evaluateSequential(ForEachOps.java:151)
	at java.base/java.util.stream.ForEachOps$ForEachOp$OfRef.evaluateSequential(ForEachOps.java:174)
	at java.base/java.util.stream.AbstractPipeline.evaluate(AbstractPipeline.java:265)
	at java.base/java.util.stream.ReferencePipeline.forEach(ReferencePipeline.java:636)
	at java.base/java.util.stream.ReferencePipeline$7$1FlatMap.accept(ReferencePipeline.java:294)
	at java.base/java.util.ArrayList$ArrayListSpliterator.forEachRemaining(ArrayList.java:1709)
	at java.base/java.util.stream.AbstractPipeline.copyInto(AbstractPipeline.java:570)
	at java.base/java.util.stream.AbstractPipeline.wrapAndCopyInto(AbstractPipeline.java:560)
	at java.base/java.util.stream.ForEachOps$ForEachOp.evaluateSequential(ForEachOps.java:151)
	at java.base/java.util.stream.ForEachOps$ForEachOp$OfRef.evaluateSequential(ForEachOps.java:174)
	at java.base/java.util.stream.AbstractPipeline.evaluate(AbstractPipeline.java:265)
	at java.base/java.util.stream.ReferencePipeline.forEach(ReferencePipeline.java:636)
	at org.junit.jupiter.engine.descriptor.TestTemplateTestDescriptor.execute(TestTemplateTestDescriptor.java:107)
	at org.junit.jupiter.engine.descriptor.TestTemplateTestDescriptor.execute(TestTemplateTestDescriptor.java:42)
	at org.junit.platform.engine.support.hierarchical.NodeTestTask.lambda$executeRecursively$5(NodeTestTask.java:139)
	at org.junit.platform.engine.support.hierarchical.ThrowableCollector.execute(ThrowableCollector.java:73)
	at org.junit.platform.engine.support.hierarchical.NodeTestTask.lambda$executeRecursively$7(NodeTestTask.java:129)
	at org.junit.platform.engine.support.hierarchical.Node.around(Node.java:137)
	at org.junit.platform.engine.support.hierarchical.NodeTestTask.lambda$executeRecursively$8(NodeTestTask.java:127)
	at org.junit.platform.engine.support.hierarchical.ThrowableCollector.execute(ThrowableCollector.java:73)
	at org.junit.platform.engine.support.hierarchical.NodeTestTask.executeRecursively(NodeTestTask.java:126)
	at org.junit.platform.engine.support.hierarchical.NodeTestTask.execute(NodeTestTask.java:84)
	at java.base/java.util.ArrayList.forEach(ArrayList.java:1597)
	at org.junit.platform.engine.support.hierarchical.SameThreadHierarchicalTestExecutorService.invokeAll(SameThreadHierarchicalTestExecutorService.java:38)
	at org.junit.platform.engine.support.hierarchical.NodeTestTask.lambda$executeRecursively$5(NodeTestTask.java:143)
	at org.junit.platform.engine.support.hierarchical.ThrowableCollector.execute(ThrowableCollector.java:73)
	at org.junit.platform.engine.support.hierarchical.NodeTestTask.lambda$executeRecursively$7(NodeTestTask.java:129)
	at org.junit.platform.engine.support.hierarchical.Node.around(Node.java:137)
	at org.junit.platform.engine.support.hierarchical.NodeTestTask.lambda$executeRecursively$8(NodeTestTask.java:127)
	at org.junit.platform.engine.support.hierarchical.ThrowableCollector.execute(ThrowableCollector.java:73)
	at org.junit.platform.engine.support.hierarchical.NodeTestTask.executeRecursively(NodeTestTask.java:126)
	at org.junit.platform.engine.support.hierarchical.NodeTestTask.execute(NodeTestTask.java:84)
	at java.base/java.util.ArrayList.forEach(ArrayList.java:1597)
	at org.junit.platform.engine.support.hierarchical.SameThreadHierarchicalTestExecutorService.invokeAll(SameThreadHierarchicalTestExecutorService.java:38)
	at org.junit.platform.engine.support.hierarchical.NodeTestTask.lambda$executeRecursively$5(NodeTestTask.java:143)
	at org.junit.platform.engine.support.hierarchical.ThrowableCollector.execute(ThrowableCollector.java:73)
	at org.junit.platform.engine.support.hierarchical.NodeTestTask.lambda$executeRecursively$7(NodeTestTask.java:129)
	at org.junit.platform.engine.support.hierarchical.Node.around(Node.java:137)
	at org.junit.platform.engine.support.hierarchical.NodeTestTask.lambda$executeRecursively$8(NodeTestTask.java:127)
	at org.junit.platform.engine.support.hierarchical.ThrowableCollector.execute(ThrowableCollector.java:73)
	at org.junit.platform.engine.support.hierarchical.NodeTestTask.executeRecursively(NodeTestTask.java:126)
	at org.junit.platform.engine.support.hierarchical.NodeTestTask.execute(NodeTestTask.java:84)
	at org.junit.platform.engine.support.hierarchical.SameThreadHierarchicalTestExecutorService.submit(SameThreadHierarchicalTestExecutorService.java:32)
	at org.junit.platform.engine.support.hierarchical.HierarchicalTestExecutor.execute(HierarchicalTestExecutor.java:57)
	at org.junit.platform.engine.support.hierarchical.HierarchicalTestEngine.execute(HierarchicalTestEngine.java:51)
	at org.junit.platform.launcher.core.EngineExecutionOrchestrator.execute(EngineExecutionOrchestrator.java:108)
	at org.junit.platform.launcher.core.EngineExecutionOrchestrator.execute(EngineExecutionOrchestrator.java:88)
	at org.junit.platform.launcher.core.EngineExecutionOrchestrator.lambda$execute$0(EngineExecutionOrchestrator.java:54)
	at org.junit.platform.launcher.core.EngineExecutionOrchestrator.withInterceptedStreams(EngineExecutionOrchestrator.java:67)
	at org.junit.platform.launcher.core.EngineExecutionOrchestrator.execute(EngineExecutionOrchestrator.java:52)
	at org.junit.platform.launcher.core.DefaultLauncher.execute(DefaultLauncher.java:96)
	at org.junit.platform.launcher.core.DefaultLauncher.execute(DefaultLauncher.java:75)
	at org.junit.platform.console.tasks.ConsoleTestExecutor.executeTests(ConsoleTestExecutor.java:66)
	at org.junit.platform.console.tasks.ConsoleTestExecutor.lambda$execute$0(ConsoleTestExecutor.java:58)
	at org.junit.platform.console.tasks.CustomContextClassLoaderExecutor.replaceThreadContextClassLoaderAndInvoke(CustomContextClassLoaderExecutor.java:41)
	at org.junit.platform.console.tasks.CustomContextClassLoaderExecutor.invoke(CustomContextClassLoaderExecutor.java:31)
	at org.junit.platform.console.tasks.ConsoleTestExecutor.execute(ConsoleTestExecutor.java:58)
	at org.junit.platform.console.ConsoleLauncher.executeTests(ConsoleLauncher.java:95)
	at org.junit.platform.console.ConsoleLauncher.execute(ConsoleLauncher.java:73)
	at org.junit.platform.console.ConsoleLauncher.execute(ConsoleLauncher.java:50)
	at org.junit.platform.console.ConsoleLauncher.execute(ConsoleLauncher.java:43)
	at org.junit.platform.console.ConsoleLauncher.main(ConsoleLauncher.java:37)
]]></failure>
<system-out><![CDATA[
unique-id: [engine:junit-jupiter]/[class:pilesimple.test.PileIntTest]/[test-template:testEmpiler(pilesimple.PileInt, int)]/[test-template-invocation:#10]
display-name: [10] PileInt(9/25):[-705429044 -1165162668 1915516414 1792785474 -1102370681 0 0 0 0 ], 13
]]></system-out>
</testcase>
<testcase name="testEmpiler(PileInt, int)[11]" classname="pilesimple.test.PileIntTest" time="0">
<failure message="expected: &lt;0&gt; but was: &lt;31&gt;" type="org.opentest4j.AssertionFailedError"><![CDATA[org.opentest4j.AssertionFailedError: expected: <0> but was: <31>
	at org.junit.jupiter.api.AssertionUtils.fail(AssertionUtils.java:55)
	at org.junit.jupiter.api.AssertionUtils.failNotEqual(AssertionUtils.java:62)
	at org.junit.jupiter.api.AssertEquals.assertEquals(AssertEquals.java:150)
	at org.junit.jupiter.api.AssertEquals.assertEquals(AssertEquals.java:145)
	at org.junit.jupiter.api.Assertions.assertEquals(Assertions.java:510)
	at pilesimple.test.PileIntTest.testEmpiler(PileIntTest.java:328)
	at java.base/jdk.internal.reflect.DirectMethodHandleAccessor.invoke(DirectMethodHandleAccessor.java:103)
	at java.base/java.lang.reflect.Method.invoke(Method.java:580)
	at org.junit.platform.commons.util.ReflectionUtils.invokeMethod(ReflectionUtils.java:688)
	at org.junit.jupiter.engine.execution.MethodInvocation.proceed(MethodInvocation.java:60)
	at org.junit.jupiter.engine.execution.InvocationInterceptorChain$ValidatingInvocation.proceed(InvocationInterceptorChain.java:131)
	at org.junit.jupiter.engine.extension.TimeoutExtension.intercept(TimeoutExtension.java:149)
	at org.junit.jupiter.engine.extension.TimeoutExtension.interceptTestableMethod(TimeoutExtension.java:140)
	at org.junit.jupiter.engine.extension.TimeoutExtension.interceptTestTemplateMethod(TimeoutExtension.java:92)
	at org.junit.jupiter.engine.execution.ExecutableInvoker$ReflectiveInterceptorCall.lambda$ofVoidMethod$0(ExecutableInvoker.java:115)
	at org.junit.jupiter.engine.execution.ExecutableInvoker.lambda$invoke$0(ExecutableInvoker.java:105)
	at org.junit.jupiter.engine.execution.InvocationInterceptorChain$InterceptedInvocation.proceed(InvocationInterceptorChain.java:106)
	at org.junit.jupiter.engine.execution.InvocationInterceptorChain.proceed(InvocationInterceptorChain.java:64)
	at org.junit.jupiter.engine.execution.InvocationInterceptorChain.chainAndInvoke(InvocationInterceptorChain.java:45)
	at org.junit.jupiter.engine.execution.InvocationInterceptorChain.invoke(InvocationInterceptorChain.java:37)
	at org.junit.jupiter.engine.execution.ExecutableInvoker.invoke(ExecutableInvoker.java:104)
	at org.junit.jupiter.engine.execution.ExecutableInvoker.invoke(ExecutableInvoker.java:98)
	at org.junit.jupiter.engine.descriptor.TestMethodTestDescriptor.lambda$invokeTestMethod$6(TestMethodTestDescriptor.java:210)
	at org.junit.platform.engine.support.hierarchical.ThrowableCollector.execute(ThrowableCollector.java:73)
	at org.junit.jupiter.engine.descriptor.TestMethodTestDescriptor.invokeTestMethod(TestMethodTestDescriptor.java:206)
	at org.junit.jupiter.engine.descriptor.TestMethodTestDescriptor.execute(TestMethodTestDescriptor.java:131)
	at org.junit.jupiter.engine.descriptor.TestMethodTestDescriptor.execute(TestMethodTestDescriptor.java:65)
	at org.junit.platform.engine.support.hierarchical.NodeTestTask.lambda$executeRecursively$5(NodeTestTask.java:139)
	at org.junit.platform.engine.support.hierarchical.ThrowableCollector.execute(ThrowableCollector.java:73)
	at org.junit.platform.engine.support.hierarchical.NodeTestTask.lambda$executeRecursively$7(NodeTestTask.java:129)
	at org.junit.platform.engine.support.hierarchical.Node.around(Node.java:137)
	at org.junit.platform.engine.support.hierarchical.NodeTestTask.lambda$executeRecursively$8(NodeTestTask.java:127)
	at org.junit.platform.engine.support.hierarchical.ThrowableCollector.execute(ThrowableCollector.java:73)
	at org.junit.platform.engine.support.hierarchical.NodeTestTask.executeRecursively(NodeTestTask.java:126)
	at org.junit.platform.engine.support.hierarchical.NodeTestTask.execute(NodeTestTask.java:84)
	at org.junit.platform.engine.support.hierarchical.SameThreadHierarchicalTestExecutorService.submit(SameThreadHierarchicalTestExecutorService.java:32)
	at org.junit.platform.engine.support.hierarchical.NodeTestTask$DefaultDynamicTestExecutor.execute(NodeTestTask.java:212)
	at org.junit.platform.engine.support.hierarchical.NodeTestTask$DefaultDynamicTestExecutor.execute(NodeTestTask.java:192)
	at org.junit.jupiter.engine.descriptor.TestTemplateTestDescriptor.execute(TestTemplateTestDescriptor.java:139)
	at org.junit.jupiter.engine.descriptor.TestTemplateTestDescriptor.lambda$execute$2(TestTemplateTestDescriptor.java:107)
	at java.base/java.util.stream.ForEachOps$ForEachOp$OfRef.accept(ForEachOps.java:184)
	at java.base/java.util.stream.ReferencePipeline$3$1.accept(ReferencePipeline.java:215)
	at java.base/java.util.stream.ReferencePipeline$2$1.accept(ReferencePipeline.java:197)
	at java.base/java.util.stream.ReferencePipeline$3$1.accept(ReferencePipeline.java:215)
	at java.base/java.util.stream.ForEachOps$ForEachOp$OfRef.accept(ForEachOps.java:184)
	at java.base/java.util.stream.ReferencePipeline$15$1.accept(ReferencePipeline.java:581)
	at java.base/java.util.stream.ReferencePipeline$3$1.accept(ReferencePipeline.java:215)
	at java.base/java.util.stream.ReferencePipeline$3$1.accept(ReferencePipeline.java:215)
	at java.base/java.util.stream.ReferencePipeline$3$1.accept(ReferencePipeline.java:215)
	at java.base/java.util.stream.ForEachOps$ForEachOp$OfRef.accept(ForEachOps.java:184)
	at java.base/java.util.stream.ReferencePipeline$3$1.accept(ReferencePipeline.java:215)
	at java.base/java.util.stream.ForEachOps$ForEachOp$OfRef.accept(ForEachOps.java:184)
	at java.base/java.util.stream.ReferencePipeline$3$1.accept(ReferencePipeline.java:215)
	at java.base/java.util.stream.ReferencePipeline$3$1.accept(ReferencePipeline.java:215)
	at java.base/java.util.stream.ReferencePipeline$2$1.accept(ReferencePipeline.java:197)
	at java.base/java.util.ArrayList$ArrayListSpliterator.forEachRemaining(ArrayList.java:1709)
	at java.base/java.util.stream.AbstractPipeline.copyInto(AbstractPipeline.java:570)
	at java.base/java.util.stream.AbstractPipeline.wrapAndCopyInto(AbstractPipeline.java:560)
	at java.base/java.util.stream.ForEachOps$ForEachOp.evaluateSequential(ForEachOps.java:151)
	at java.base/java.util.stream.ForEachOps$ForEachOp$OfRef.evaluateSequential(ForEachOps.java:174)
	at java.base/java.util.stream.AbstractPipeline.evaluate(AbstractPipeline.java:265)
	at java.base/java.util.stream.ReferencePipeline.forEach(ReferencePipeline.java:636)
	at java.base/java.util.stream.ReferencePipeline$7$1FlatMap.accept(ReferencePipeline.java:294)
	at java.base/java.util.stream.ReferencePipeline$3$1.accept(ReferencePipeline.java:215)
	at java.base/java.util.stream.ReferencePipeline$3$1.accept(ReferencePipeline.java:215)
	at java.base/java.util.Spliterators$ArraySpliterator.forEachRemaining(Spliterators.java:1024)
	at java.base/java.util.stream.AbstractPipeline.copyInto(AbstractPipeline.java:570)
	at java.base/java.util.stream.AbstractPipeline.wrapAndCopyInto(AbstractPipeline.java:560)
	at java.base/java.util.stream.ForEachOps$ForEachOp.evaluateSequential(ForEachOps.java:151)
	at java.base/java.util.stream.ForEachOps$ForEachOp$OfRef.evaluateSequential(ForEachOps.java:174)
	at java.base/java.util.stream.AbstractPipeline.evaluate(AbstractPipeline.java:265)
	at java.base/java.util.stream.ReferencePipeline.forEach(ReferencePipeline.java:636)
	at java.base/java.util.stream.ReferencePipeline$7$1FlatMap.accept(ReferencePipeline.java:294)
	at java.base/java.util.stream.ReferencePipeline$3$1.accept(ReferencePipeline.java:215)
	at java.base/java.util.stream.ReferencePipeline$3$1.accept(ReferencePipeline.java:215)
	at java.base/java.util.stream.ReferencePipeline$3$1.accept(ReferencePipeline.java:215)
	at java.base/java.util.ArrayList$ArrayListSpliterator.forEachRemaining(ArrayList.java:1709)
	at java.base/java.util.stream.AbstractPipeline.copyInto(AbstractPipeline.java:570)
	at java.base/java.util.stream.AbstractPipeline.wrapAndCopyInto(AbstractPipeline.java:560)
	at java.base/java.util.stream.ForEachOps$ForEachOp.evaluateSequential(ForEachOps.java:151)
	at java.base/java.util.stream.ForEachOps$ForEachOp$OfRef.evaluateSequential(ForEachOps.java:174)
	at java.base/java.util.stream.AbstractPipeline.evaluate(AbstractPipeline.java:265)
	at java.base/java.util.stream.ReferencePipeline.forEach(ReferencePipeline.java:636)
	at java.base/java.util.stream.ReferencePipeline$7$1FlatMap.accept(ReferencePipeline.java:294)
	at java.base/java.util.ArrayList$ArrayListSpliterator.forEachRemaining(ArrayList.java:1709)
	at java.base/java.util.stream.AbstractPipeline.copyInto(AbstractPipeline.java:570)
	at java.base/java.util.stream.AbstractPipeline.wrapAndCopyInto(AbstractPipeline.java:560)
	at java.base/java.util.stream.ForEachOps$ForEachOp.evaluateSequential(ForEachOps.java:151)
	at java.base/java.util.stream.ForEachOps$ForEachOp$OfRef.evaluateSequential(ForEachOps.java:174)
	at java.base/java.util.stream.AbstractPipeline.evaluate(AbstractPipeline.java:265)
	at java.base/java.util.stream.ReferencePipeline.forEach(ReferencePipeline.java:636)
	at org.junit.jupiter.engine.descriptor.TestTemplateTestDescriptor.execute(TestTemplateTestDescriptor.java:107)
	at org.junit.jupiter.engine.descriptor.TestTemplateTestDescriptor.execute(TestTemplateTestDescriptor.java:42)
	at org.junit.platform.engine.support.hierarchical.NodeTestTask.lambda$executeRecursively$5(NodeTestTask.java:139)
	at org.junit.platform.engine.support.hierarchical.ThrowableCollector.execute(ThrowableCollector.java:73)
	at org.junit.platform.engine.support.hierarchical.NodeTestTask.lambda$executeRecursively$7(NodeTestTask.java:129)
	at org.junit.platform.engine.support.hierarchical.Node.around(Node.java:137)
	at org.junit.platform.engine.support.hierarchical.NodeTestTask.lambda$executeRecursively$8(NodeTestTask.java:127)
	at org.junit.platform.engine.support.hierarchical.ThrowableCollector.execute(ThrowableCollector.java:73)
	at org.junit.platform.engine.support.hierarchical.NodeTestTask.executeRecursively(NodeTestTask.java:126)
	at org.junit.platform.engine.support.hierarchical.NodeTestTask.execute(NodeTestTask.java:84)
	at java.base/java.util.ArrayList.forEach(ArrayList.java:1597)
	at org.junit.platform.engine.support.hierarchical.SameThreadHierarchicalTestExecutorService.invokeAll(SameThreadHierarchicalTestExecutorService.java:38)
	at org.junit.platform.engine.support.hierarchical.NodeTestTask.lambda$executeRecursively$5(NodeTestTask.java:143)
	at org.junit.platform.engine.support.hierarchical.ThrowableCollector.execute(ThrowableCollector.java:73)
	at org.junit.platform.engine.support.hierarchical.NodeTestTask.lambda$executeRecursively$7(NodeTestTask.java:129)
	at org.junit.platform.engine.support.hierarchical.Node.around(Node.java:137)
	at org.junit.platform.engine.support.hierarchical.NodeTestTask.lambda$executeRecursively$8(NodeTestTask.java:127)
	at org.junit.platform.engine.support.hierarchical.ThrowableCollector.execute(ThrowableCollector.java:73)
	at org.junit.platform.engine.support.hierarchical.NodeTestTask.executeRecursively(NodeTestTask.java:126)
	at org.junit.platform.engine.support.hierarchical.NodeTestTask.execute(NodeTestTask.java:84)
	at java.base/java.util.ArrayList.forEach(ArrayList.java:1597)
	at org.junit.platform.engine.support.hierarchical.SameThreadHierarchicalTestExecutorService.invokeAll(SameThreadHierarchicalTestExecutorService.java:38)
	at org.junit.platform.engine.support.hierarchical.NodeTestTask.lambda$executeRecursively$5(NodeTestTask.java:143)
	at org.junit.platform.engine.support.hierarchical.ThrowableCollector.execute(ThrowableCollector.java:73)
	at org.junit.platform.engine.support.hierarchical.NodeTestTask.lambda$executeRecursively$7(NodeTestTask.java:129)
	at org.junit.platform.engine.support.hierarchical.Node.around(Node.java:137)
	at org.junit.platform.engine.support.hierarchical.NodeTestTask.lambda$executeRecursively$8(NodeTestTask.java:127)
	at org.junit.platform.engine.support.hierarchical.ThrowableCollector.execute(ThrowableCollector.java:73)
	at org.junit.platform.engine.support.hierarchical.NodeTestTask.executeRecursively(NodeTestTask.java:126)
	at org.junit.platform.engine.support.hierarchical.NodeTestTask.execute(NodeTestTask.java:84)
	at org.junit.platform.engine.support.hierarchical.SameThreadHierarchicalTestExecutorService.submit(SameThreadHierarchicalTestExecutorService.java:32)
	at org.junit.platform.engine.support.hierarchical.HierarchicalTestExecutor.execute(HierarchicalTestExecutor.java:57)
	at org.junit.platform.engine.support.hierarchical.HierarchicalTestEngine.execute(HierarchicalTestEngine.java:51)
	at org.junit.platform.launcher.core.EngineExecutionOrchestrator.execute(EngineExecutionOrchestrator.java:108)
	at org.junit.platform.launcher.core.EngineExecutionOrchestrator.execute(EngineExecutionOrchestrator.java:88)
	at org.junit.platform.launcher.core.EngineExecutionOrchestrator.lambda$execute$0(EngineExecutionOrchestrator.java:54)
	at org.junit.platform.launcher.core.EngineExecutionOrchestrator.withInterceptedStreams(EngineExecutionOrchestrator.java:67)
	at org.junit.platform.launcher.core.EngineExecutionOrchestrator.execute(EngineExecutionOrchestrator.java:52)
	at org.junit.platform.launcher.core.DefaultLauncher.execute(DefaultLauncher.java:96)
	at org.junit.platform.launcher.core.DefaultLauncher.execute(DefaultLauncher.java:75)
	at org.junit.platform.console.tasks.ConsoleTestExecutor.executeTests(ConsoleTestExecutor.java:66)
	at org.junit.platform.console.tasks.ConsoleTestExecutor.lambda$execute$0(ConsoleTestExecutor.java:58)
	at org.junit.platform.console.tasks.CustomContextClassLoaderExecutor.replaceThreadContextClassLoaderAndInvoke(CustomContextClassLoaderExecutor.java:41)
	at org.junit.platform.console.tasks.CustomContextClassLoaderExecutor.invoke(CustomContextClassLoaderExecutor.java:31)
	at org.junit.platform.console.tasks.ConsoleTestExecutor.execute(ConsoleTestExecutor.java:58)
	at org.junit.platform.console.ConsoleLauncher.executeTests(ConsoleLauncher.java:95)
	at org.junit.platform.console.ConsoleLauncher.execute(ConsoleLauncher.java:73)
	at org.junit.platform.console.ConsoleLauncher.execute(ConsoleLauncher.java:50)
	at org.junit.platform.console.ConsoleLauncher.execute(ConsoleLauncher.java:43)
	at org.junit.platform.console.ConsoleLauncher.main(ConsoleLauncher.java:37)
]]></failure>
<system-out><![CDATA[
unique-id: [engine:junit-jupiter]/[class:pilesimple.test.PileIntTest]/[test-template:testEmpiler(pilesimple.PileInt, int)]/[test-template-invocation:#11]
display-name: [11] PileInt(3/8):[1210489329 -1943355528 2110550009 ], 31
]]></system-out>
</testcase>
<testcase name="testEmpiler(PileInt, int)[12]" classname="pilesimple.test.PileIntTest" time="0">
<failure message="expected: &lt;0&gt; but was: &lt;22&gt;" type="org.opentest4j.AssertionFailedError"><![CDATA[org.opentest4j.AssertionFailedError: expected: <0> but was: <22>
	at org.junit.jupiter.api.AssertionUtils.fail(AssertionUtils.java:55)
	at org.junit.jupiter.api.AssertionUtils.failNotEqual(AssertionUtils.java:62)
	at org.junit.jupiter.api.AssertEquals.assertEquals(AssertEquals.java:150)
	at org.junit.jupiter.api.AssertEquals.assertEquals(AssertEquals.java:145)
	at org.junit.jupiter.api.Assertions.assertEquals(Assertions.java:510)
	at pilesimple.test.PileIntTest.testEmpiler(PileIntTest.java:328)
	at java.base/jdk.internal.reflect.DirectMethodHandleAccessor.invoke(DirectMethodHandleAccessor.java:103)
	at java.base/java.lang.reflect.Method.invoke(Method.java:580)
	at org.junit.platform.commons.util.ReflectionUtils.invokeMethod(ReflectionUtils.java:688)
	at org.junit.jupiter.engine.execution.MethodInvocation.proceed(MethodInvocation.java:60)
	at org.junit.jupiter.engine.execution.InvocationInterceptorChain$ValidatingInvocation.proceed(InvocationInterceptorChain.java:131)
	at org.junit.jupiter.engine.extension.TimeoutExtension.intercept(TimeoutExtension.java:149)
	at org.junit.jupiter.engine.extension.TimeoutExtension.interceptTestableMethod(TimeoutExtension.java:140)
	at org.junit.jupiter.engine.extension.TimeoutExtension.interceptTestTemplateMethod(TimeoutExtension.java:92)
	at org.junit.jupiter.engine.execution.ExecutableInvoker$ReflectiveInterceptorCall.lambda$ofVoidMethod$0(ExecutableInvoker.java:115)
	at org.junit.jupiter.engine.execution.ExecutableInvoker.lambda$invoke$0(ExecutableInvoker.java:105)
	at org.junit.jupiter.engine.execution.InvocationInterceptorChain$InterceptedInvocation.proceed(InvocationInterceptorChain.java:106)
	at org.junit.jupiter.engine.execution.InvocationInterceptorChain.proceed(InvocationInterceptorChain.java:64)
	at org.junit.jupiter.engine.execution.InvocationInterceptorChain.chainAndInvoke(InvocationInterceptorChain.java:45)
	at org.junit.jupiter.engine.execution.InvocationInterceptorChain.invoke(InvocationInterceptorChain.java:37)
	at org.junit.jupiter.engine.execution.ExecutableInvoker.invoke(ExecutableInvoker.java:104)
	at org.junit.jupiter.engine.execution.ExecutableInvoker.invoke(ExecutableInvoker.java:98)
	at org.junit.jupiter.engine.descriptor.TestMethodTestDescriptor.lambda$invokeTestMethod$6(TestMethodTestDescriptor.java:210)
	at org.junit.platform.engine.support.hierarchical.ThrowableCollector.execute(ThrowableCollector.java:73)
	at org.junit.jupiter.engine.descriptor.TestMethodTestDescriptor.invokeTestMethod(TestMethodTestDescriptor.java:206)
	at org.junit.jupiter.engine.descriptor.TestMethodTestDescriptor.execute(TestMethodTestDescriptor.java:131)
	at org.junit.jupiter.engine.descriptor.TestMethodTestDescriptor.execute(TestMethodTestDescriptor.java:65)
	at org.junit.platform.engine.support.hierarchical.NodeTestTask.lambda$executeRecursively$5(NodeTestTask.java:139)
	at org.junit.platform.engine.support.hierarchical.ThrowableCollector.execute(ThrowableCollector.java:73)
	at org.junit.platform.engine.support.hierarchical.NodeTestTask.lambda$executeRecursively$7(NodeTestTask.java:129)
	at org.junit.platform.engine.support.hierarchical.Node.around(Node.java:137)
	at org.junit.platform.engine.support.hierarchical.NodeTestTask.lambda$executeRecursively$8(NodeTestTask.java:127)
	at org.junit.platform.engine.support.hierarchical.ThrowableCollector.execute(ThrowableCollector.java:73)
	at org.junit.platform.engine.support.hierarchical.NodeTestTask.executeRecursively(NodeTestTask.java:126)
	at org.junit.platform.engine.support.hierarchical.NodeTestTask.execute(NodeTestTask.java:84)
	at org.junit.platform.engine.support.hierarchical.SameThreadHierarchicalTestExecutorService.submit(SameThreadHierarchicalTestExecutorService.java:32)
	at org.junit.platform.engine.support.hierarchical.NodeTestTask$DefaultDynamicTestExecutor.execute(NodeTestTask.java:212)
	at org.junit.platform.engine.support.hierarchical.NodeTestTask$DefaultDynamicTestExecutor.execute(NodeTestTask.java:192)
	at org.junit.jupiter.engine.descriptor.TestTemplateTestDescriptor.execute(TestTemplateTestDescriptor.java:139)
	at org.junit.jupiter.engine.descriptor.TestTemplateTestDescriptor.lambda$execute$2(TestTemplateTestDescriptor.java:107)
	at java.base/java.util.stream.ForEachOps$ForEachOp$OfRef.accept(ForEachOps.java:184)
	at java.base/java.util.stream.ReferencePipeline$3$1.accept(ReferencePipeline.java:215)
	at java.base/java.util.stream.ReferencePipeline$2$1.accept(ReferencePipeline.java:197)
	at java.base/java.util.stream.ReferencePipeline$3$1.accept(ReferencePipeline.java:215)
	at java.base/java.util.stream.ForEachOps$ForEachOp$OfRef.accept(ForEachOps.java:184)
	at java.base/java.util.stream.ReferencePipeline$15$1.accept(ReferencePipeline.java:581)
	at java.base/java.util.stream.ReferencePipeline$3$1.accept(ReferencePipeline.java:215)
	at java.base/java.util.stream.ReferencePipeline$3$1.accept(ReferencePipeline.java:215)
	at java.base/java.util.stream.ReferencePipeline$3$1.accept(ReferencePipeline.java:215)
	at java.base/java.util.stream.ForEachOps$ForEachOp$OfRef.accept(ForEachOps.java:184)
	at java.base/java.util.stream.ReferencePipeline$3$1.accept(ReferencePipeline.java:215)
	at java.base/java.util.stream.ForEachOps$ForEachOp$OfRef.accept(ForEachOps.java:184)
	at java.base/java.util.stream.ReferencePipeline$3$1.accept(ReferencePipeline.java:215)
	at java.base/java.util.stream.ReferencePipeline$3$1.accept(ReferencePipeline.java:215)
	at java.base/java.util.stream.ReferencePipeline$2$1.accept(ReferencePipeline.java:197)
	at java.base/java.util.ArrayList$ArrayListSpliterator.forEachRemaining(ArrayList.java:1709)
	at java.base/java.util.stream.AbstractPipeline.copyInto(AbstractPipeline.java:570)
	at java.base/java.util.stream.AbstractPipeline.wrapAndCopyInto(AbstractPipeline.java:560)
	at java.base/java.util.stream.ForEachOps$ForEachOp.evaluateSequential(ForEachOps.java:151)
	at java.base/java.util.stream.ForEachOps$ForEachOp$OfRef.evaluateSequential(ForEachOps.java:174)
	at java.base/java.util.stream.AbstractPipeline.evaluate(AbstractPipeline.java:265)
	at java.base/java.util.stream.ReferencePipeline.forEach(ReferencePipeline.java:636)
	at java.base/java.util.stream.ReferencePipeline$7$1FlatMap.accept(ReferencePipeline.java:294)
	at java.base/java.util.stream.ReferencePipeline$3$1.accept(ReferencePipeline.java:215)
	at java.base/java.util.stream.ReferencePipeline$3$1.accept(ReferencePipeline.java:215)
	at java.base/java.util.Spliterators$ArraySpliterator.forEachRemaining(Spliterators.java:1024)
	at java.base/java.util.stream.AbstractPipeline.copyInto(AbstractPipeline.java:570)
	at java.base/java.util.stream.AbstractPipeline.wrapAndCopyInto(AbstractPipeline.java:560)
	at java.base/java.util.stream.ForEachOps$ForEachOp.evaluateSequential(ForEachOps.java:151)
	at java.base/java.util.stream.ForEachOps$ForEachOp$OfRef.evaluateSequential(ForEachOps.java:174)
	at java.base/java.util.stream.AbstractPipeline.evaluate(AbstractPipeline.java:265)
	at java.base/java.util.stream.ReferencePipeline.forEach(ReferencePipeline.java:636)
	at java.base/java.util.stream.ReferencePipeline$7$1FlatMap.accept(ReferencePipeline.java:294)
	at java.base/java.util.stream.ReferencePipeline$3$1.accept(ReferencePipeline.java:215)
	at java.base/java.util.stream.ReferencePipeline$3$1.accept(ReferencePipeline.java:215)
	at java.base/java.util.stream.ReferencePipeline$3$1.accept(ReferencePipeline.java:215)
	at java.base/java.util.ArrayList$ArrayListSpliterator.forEachRemaining(ArrayList.java:1709)
	at java.base/java.util.stream.AbstractPipeline.copyInto(AbstractPipeline.java:570)
	at java.base/java.util.stream.AbstractPipeline.wrapAndCopyInto(AbstractPipeline.java:560)
	at java.base/java.util.stream.ForEachOps$ForEachOp.evaluateSequential(ForEachOps.java:151)
	at java.base/java.util.stream.ForEachOps$ForEachOp$OfRef.evaluateSequential(ForEachOps.java:174)
	at java.base/java.util.stream.AbstractPipeline.evaluate(AbstractPipeline.java:265)
	at java.base/java.util.stream.ReferencePipeline.forEach(ReferencePipeline.java:636)
	at java.base/java.util.stream.ReferencePipeline$7$1FlatMap.accept(ReferencePipeline.java:294)
	at java.base/java.util.ArrayList$ArrayListSpliterator.forEachRemaining(ArrayList.java:1709)
	at java.base/java.util.stream.AbstractPipeline.copyInto(AbstractPipeline.java:570)
	at java.base/java.util.stream.AbstractPipeline.wrapAndCopyInto(AbstractPipeline.java:560)
	at java.base/java.util.stream.ForEachOps$ForEachOp.evaluateSequential(ForEachOps.java:151)
	at java.base/java.util.stream.ForEachOps$ForEachOp$OfRef.evaluateSequential(ForEachOps.java:174)
	at java.base/java.util.stream.AbstractPipeline.evaluate(AbstractPipeline.java:265)
	at java.base/java.util.stream.ReferencePipeline.forEach(ReferencePipeline.java:636)
	at org.junit.jupiter.engine.descriptor.TestTemplateTestDescriptor.execute(TestTemplateTestDescriptor.java:107)
	at org.junit.jupiter.engine.descriptor.TestTemplateTestDescriptor.execute(TestTemplateTestDescriptor.java:42)
	at org.junit.platform.engine.support.hierarchical.NodeTestTask.lambda$executeRecursively$5(NodeTestTask.java:139)
	at org.junit.platform.engine.support.hierarchical.ThrowableCollector.execute(ThrowableCollector.java:73)
	at org.junit.platform.engine.support.hierarchical.NodeTestTask.lambda$executeRecursively$7(NodeTestTask.java:129)
	at org.junit.platform.engine.support.hierarchical.Node.around(Node.java:137)
	at org.junit.platform.engine.support.hierarchical.NodeTestTask.lambda$executeRecursively$8(NodeTestTask.java:127)
	at org.junit.platform.engine.support.hierarchical.ThrowableCollector.execute(ThrowableCollector.java:73)
	at org.junit.platform.engine.support.hierarchical.NodeTestTask.executeRecursively(NodeTestTask.java:126)
	at org.junit.platform.engine.support.hierarchical.NodeTestTask.execute(NodeTestTask.java:84)
	at java.base/java.util.ArrayList.forEach(ArrayList.java:1597)
	at org.junit.platform.engine.support.hierarchical.SameThreadHierarchicalTestExecutorService.invokeAll(SameThreadHierarchicalTestExecutorService.java:38)
	at org.junit.platform.engine.support.hierarchical.NodeTestTask.lambda$executeRecursively$5(NodeTestTask.java:143)
	at org.junit.platform.engine.support.hierarchical.ThrowableCollector.execute(ThrowableCollector.java:73)
	at org.junit.platform.engine.support.hierarchical.NodeTestTask.lambda$executeRecursively$7(NodeTestTask.java:129)
	at org.junit.platform.engine.support.hierarchical.Node.around(Node.java:137)
	at org.junit.platform.engine.support.hierarchical.NodeTestTask.lambda$executeRecursively$8(NodeTestTask.java:127)
	at org.junit.platform.engine.support.hierarchical.ThrowableCollector.execute(ThrowableCollector.java:73)
	at org.junit.platform.engine.support.hierarchical.NodeTestTask.executeRecursively(NodeTestTask.java:126)
	at org.junit.platform.engine.support.hierarchical.NodeTestTask.execute(NodeTestTask.java:84)
	at java.base/java.util.ArrayList.forEach(ArrayList.java:1597)
	at org.junit.platform.engine.support.hierarchical.SameThreadHierarchicalTestExecutorService.invokeAll(SameThreadHierarchicalTestExecutorService.java:38)
	at org.junit.platform.engine.support.hierarchical.NodeTestTask.lambda$executeRecursively$5(NodeTestTask.java:143)
	at org.junit.platform.engine.support.hierarchical.ThrowableCollector.execute(ThrowableCollector.java:73)
	at org.junit.platform.engine.support.hierarchical.NodeTestTask.lambda$executeRecursively$7(NodeTestTask.java:129)
	at org.junit.platform.engine.support.hierarchical.Node.around(Node.java:137)
	at org.junit.platform.engine.support.hierarchical.NodeTestTask.lambda$executeRecursively$8(NodeTestTask.java:127)
	at org.junit.platform.engine.support.hierarchical.ThrowableCollector.execute(ThrowableCollector.java:73)
	at org.junit.platform.engine.support.hierarchical.NodeTestTask.executeRecursively(NodeTestTask.java:126)
	at org.junit.platform.engine.support.hierarchical.NodeTestTask.execute(NodeTestTask.java:84)
	at org.junit.platform.engine.support.hierarchical.SameThreadHierarchicalTestExecutorService.submit(SameThreadHierarchicalTestExecutorService.java:32)
	at org.junit.platform.engine.support.hierarchical.HierarchicalTestExecutor.execute(HierarchicalTestExecutor.java:57)
	at org.junit.platform.engine.support.hierarchical.HierarchicalTestEngine.execute(HierarchicalTestEngine.java:51)
	at org.junit.platform.launcher.core.EngineExecutionOrchestrator.execute(EngineExecutionOrchestrator.java:108)
	at org.junit.platform.launcher.core.EngineExecutionOrchestrator.execute(EngineExecutionOrchestrator.java:88)
	at org.junit.platform.launcher.core.EngineExecutionOrchestrator.lambda$execute$0(EngineExecutionOrchestrator.java:54)
	at org.junit.platform.launcher.core.EngineExecutionOrchestrator.withInterceptedStreams(EngineExecutionOrchestrator.java:67)
	at org.junit.platform.launcher.core.EngineExecutionOrchestrator.execute(EngineExecutionOrchestrator.java:52)
	at org.junit.platform.launcher.core.DefaultLauncher.execute(DefaultLauncher.java:96)
	at org.junit.platform.launcher.core.DefaultLauncher.execute(DefaultLauncher.java:75)
	at org.junit.platform.console.tasks.ConsoleTestExecutor.executeTests(ConsoleTestExecutor.java:66)
	at org.junit.platform.console.tasks.ConsoleTestExecutor.lambda$execute$0(ConsoleTestExecutor.java:58)
	at org.junit.platform.console.tasks.CustomContextClassLoaderExecutor.replaceThreadContextClassLoaderAndInvoke(CustomContextClassLoaderExecutor.java:41)
	at org.junit.platform.console.tasks.CustomContextClassLoaderExecutor.invoke(CustomContextClassLoaderExecutor.java:31)
	at org.junit.platform.console.tasks.ConsoleTestExecutor.execute(ConsoleTestExecutor.java:58)
	at org.junit.platform.console.ConsoleLauncher.executeTests(ConsoleLauncher.java:95)
	at org.junit.platform.console.ConsoleLauncher.execute(ConsoleLauncher.java:73)
	at org.junit.platform.console.ConsoleLauncher.execute(ConsoleLauncher.java:50)
	at org.junit.platform.console.ConsoleLauncher.execute(ConsoleLauncher.java:43)
	at org.junit.platform.console.ConsoleLauncher.main(ConsoleLauncher.java:37)
]]></failure>
<system-out><![CDATA[
unique-id: [engine:junit-jupiter]/[class:pilesimple.test.PileIntTest]/[test-template:testEmpiler(pilesimple.PileInt, int)]/[test-template-invocation:#12]
display-name: [12] PileInt(23/25):[1076106784 1001106160 0 0 0 0 0 0 0 0 0 0 0 0 0 0 0 0 0 0 0 0 0 ], 22
]]></system-out>
</testcase>
<testcase name="testEmpiler(PileInt, int)[13]" classname="pilesimple.test.PileIntTest" time="0">
<failure message="expected: &lt;0&gt; but was: &lt;19&gt;" type="org.opentest4j.AssertionFailedError"><![CDATA[org.opentest4j.AssertionFailedError: expected: <0> but was: <19>
	at org.junit.jupiter.api.AssertionUtils.fail(AssertionUtils.java:55)
	at org.junit.jupiter.api.AssertionUtils.failNotEqual(AssertionUtils.java:62)
	at org.junit.jupiter.api.AssertEquals.assertEquals(AssertEquals.java:150)
	at org.junit.jupiter.api.AssertEquals.assertEquals(AssertEquals.java:145)
	at org.junit.jupiter.api.Assertions.assertEquals(Assertions.java:510)
	at pilesimple.test.PileIntTest.testEmpiler(PileIntTest.java:328)
	at java.base/jdk.internal.reflect.DirectMethodHandleAccessor.invoke(DirectMethodHandleAccessor.java:103)
	at java.base/java.lang.reflect.Method.invoke(Method.java:580)
	at org.junit.platform.commons.util.ReflectionUtils.invokeMethod(ReflectionUtils.java:688)
	at org.junit.jupiter.engine.execution.MethodInvocation.proceed(MethodInvocation.java:60)
	at org.junit.jupiter.engine.execution.InvocationInterceptorChain$ValidatingInvocation.proceed(InvocationInterceptorChain.java:131)
	at org.junit.jupiter.engine.extension.TimeoutExtension.intercept(TimeoutExtension.java:149)
	at org.junit.jupiter.engine.extension.TimeoutExtension.interceptTestableMethod(TimeoutExtension.java:140)
	at org.junit.jupiter.engine.extension.TimeoutExtension.interceptTestTemplateMethod(TimeoutExtension.java:92)
	at org.junit.jupiter.engine.execution.ExecutableInvoker$ReflectiveInterceptorCall.lambda$ofVoidMethod$0(ExecutableInvoker.java:115)
	at org.junit.jupiter.engine.execution.ExecutableInvoker.lambda$invoke$0(ExecutableInvoker.java:105)
	at org.junit.jupiter.engine.execution.InvocationInterceptorChain$InterceptedInvocation.proceed(InvocationInterceptorChain.java:106)
	at org.junit.jupiter.engine.execution.InvocationInterceptorChain.proceed(InvocationInterceptorChain.java:64)
	at org.junit.jupiter.engine.execution.InvocationInterceptorChain.chainAndInvoke(InvocationInterceptorChain.java:45)
	at org.junit.jupiter.engine.execution.InvocationInterceptorChain.invoke(InvocationInterceptorChain.java:37)
	at org.junit.jupiter.engine.execution.ExecutableInvoker.invoke(ExecutableInvoker.java:104)
	at org.junit.jupiter.engine.execution.ExecutableInvoker.invoke(ExecutableInvoker.java:98)
	at org.junit.jupiter.engine.descriptor.TestMethodTestDescriptor.lambda$invokeTestMethod$6(TestMethodTestDescriptor.java:210)
	at org.junit.platform.engine.support.hierarchical.ThrowableCollector.execute(ThrowableCollector.java:73)
	at org.junit.jupiter.engine.descriptor.TestMethodTestDescriptor.invokeTestMethod(TestMethodTestDescriptor.java:206)
	at org.junit.jupiter.engine.descriptor.TestMethodTestDescriptor.execute(TestMethodTestDescriptor.java:131)
	at org.junit.jupiter.engine.descriptor.TestMethodTestDescriptor.execute(TestMethodTestDescriptor.java:65)
	at org.junit.platform.engine.support.hierarchical.NodeTestTask.lambda$executeRecursively$5(NodeTestTask.java:139)
	at org.junit.platform.engine.support.hierarchical.ThrowableCollector.execute(ThrowableCollector.java:73)
	at org.junit.platform.engine.support.hierarchical.NodeTestTask.lambda$executeRecursively$7(NodeTestTask.java:129)
	at org.junit.platform.engine.support.hierarchical.Node.around(Node.java:137)
	at org.junit.platform.engine.support.hierarchical.NodeTestTask.lambda$executeRecursively$8(NodeTestTask.java:127)
	at org.junit.platform.engine.support.hierarchical.ThrowableCollector.execute(ThrowableCollector.java:73)
	at org.junit.platform.engine.support.hierarchical.NodeTestTask.executeRecursively(NodeTestTask.java:126)
	at org.junit.platform.engine.support.hierarchical.NodeTestTask.execute(NodeTestTask.java:84)
	at org.junit.platform.engine.support.hierarchical.SameThreadHierarchicalTestExecutorService.submit(SameThreadHierarchicalTestExecutorService.java:32)
	at org.junit.platform.engine.support.hierarchical.NodeTestTask$DefaultDynamicTestExecutor.execute(NodeTestTask.java:212)
	at org.junit.platform.engine.support.hierarchical.NodeTestTask$DefaultDynamicTestExecutor.execute(NodeTestTask.java:192)
	at org.junit.jupiter.engine.descriptor.TestTemplateTestDescriptor.execute(TestTemplateTestDescriptor.java:139)
	at org.junit.jupiter.engine.descriptor.TestTemplateTestDescriptor.lambda$execute$2(TestTemplateTestDescriptor.java:107)
	at java.base/java.util.stream.ForEachOps$ForEachOp$OfRef.accept(ForEachOps.java:184)
	at java.base/java.util.stream.ReferencePipeline$3$1.accept(ReferencePipeline.java:215)
	at java.base/java.util.stream.ReferencePipeline$2$1.accept(ReferencePipeline.java:197)
	at java.base/java.util.stream.ReferencePipeline$3$1.accept(ReferencePipeline.java:215)
	at java.base/java.util.stream.ForEachOps$ForEachOp$OfRef.accept(ForEachOps.java:184)
	at java.base/java.util.stream.ReferencePipeline$15$1.accept(ReferencePipeline.java:581)
	at java.base/java.util.stream.ReferencePipeline$3$1.accept(ReferencePipeline.java:215)
	at java.base/java.util.stream.ReferencePipeline$3$1.accept(ReferencePipeline.java:215)
	at java.base/java.util.stream.ReferencePipeline$3$1.accept(ReferencePipeline.java:215)
	at java.base/java.util.stream.ForEachOps$ForEachOp$OfRef.accept(ForEachOps.java:184)
	at java.base/java.util.stream.ReferencePipeline$3$1.accept(ReferencePipeline.java:215)
	at java.base/java.util.stream.ForEachOps$ForEachOp$OfRef.accept(ForEachOps.java:184)
	at java.base/java.util.stream.ReferencePipeline$3$1.accept(ReferencePipeline.java:215)
	at java.base/java.util.stream.ReferencePipeline$3$1.accept(ReferencePipeline.java:215)
	at java.base/java.util.stream.ReferencePipeline$2$1.accept(ReferencePipeline.java:197)
	at java.base/java.util.ArrayList$ArrayListSpliterator.forEachRemaining(ArrayList.java:1709)
	at java.base/java.util.stream.AbstractPipeline.copyInto(AbstractPipeline.java:570)
	at java.base/java.util.stream.AbstractPipeline.wrapAndCopyInto(AbstractPipeline.java:560)
	at java.base/java.util.stream.ForEachOps$ForEachOp.evaluateSequential(ForEachOps.java:151)
	at java.base/java.util.stream.ForEachOps$ForEachOp$OfRef.evaluateSequential(ForEachOps.java:174)
	at java.base/java.util.stream.AbstractPipeline.evaluate(AbstractPipeline.java:265)
	at java.base/java.util.stream.ReferencePipeline.forEach(ReferencePipeline.java:636)
	at java.base/java.util.stream.ReferencePipeline$7$1FlatMap.accept(ReferencePipeline.java:294)
	at java.base/java.util.stream.ReferencePipeline$3$1.accept(ReferencePipeline.java:215)
	at java.base/java.util.stream.ReferencePipeline$3$1.accept(ReferencePipeline.java:215)
	at java.base/java.util.Spliterators$ArraySpliterator.forEachRemaining(Spliterators.java:1024)
	at java.base/java.util.stream.AbstractPipeline.copyInto(AbstractPipeline.java:570)
	at java.base/java.util.stream.AbstractPipeline.wrapAndCopyInto(AbstractPipeline.java:560)
	at java.base/java.util.stream.ForEachOps$ForEachOp.evaluateSequential(ForEachOps.java:151)
	at java.base/java.util.stream.ForEachOps$ForEachOp$OfRef.evaluateSequential(ForEachOps.java:174)
	at java.base/java.util.stream.AbstractPipeline.evaluate(AbstractPipeline.java:265)
	at java.base/java.util.stream.ReferencePipeline.forEach(ReferencePipeline.java:636)
	at java.base/java.util.stream.ReferencePipeline$7$1FlatMap.accept(ReferencePipeline.java:294)
	at java.base/java.util.stream.ReferencePipeline$3$1.accept(ReferencePipeline.java:215)
	at java.base/java.util.stream.ReferencePipeline$3$1.accept(ReferencePipeline.java:215)
	at java.base/java.util.stream.ReferencePipeline$3$1.accept(ReferencePipeline.java:215)
	at java.base/java.util.ArrayList$ArrayListSpliterator.forEachRemaining(ArrayList.java:1709)
	at java.base/java.util.stream.AbstractPipeline.copyInto(AbstractPipeline.java:570)
	at java.base/java.util.stream.AbstractPipeline.wrapAndCopyInto(AbstractPipeline.java:560)
	at java.base/java.util.stream.ForEachOps$ForEachOp.evaluateSequential(ForEachOps.java:151)
	at java.base/java.util.stream.ForEachOps$ForEachOp$OfRef.evaluateSequential(ForEachOps.java:174)
	at java.base/java.util.stream.AbstractPipeline.evaluate(AbstractPipeline.java:265)
	at java.base/java.util.stream.ReferencePipeline.forEach(ReferencePipeline.java:636)
	at java.base/java.util.stream.ReferencePipeline$7$1FlatMap.accept(ReferencePipeline.java:294)
	at java.base/java.util.ArrayList$ArrayListSpliterator.forEachRemaining(ArrayList.java:1709)
	at java.base/java.util.stream.AbstractPipeline.copyInto(AbstractPipeline.java:570)
	at java.base/java.util.stream.AbstractPipeline.wrapAndCopyInto(AbstractPipeline.java:560)
	at java.base/java.util.stream.ForEachOps$ForEachOp.evaluateSequential(ForEachOps.java:151)
	at java.base/java.util.stream.ForEachOps$ForEachOp$OfRef.evaluateSequential(ForEachOps.java:174)
	at java.base/java.util.stream.AbstractPipeline.evaluate(AbstractPipeline.java:265)
	at java.base/java.util.stream.ReferencePipeline.forEach(ReferencePipeline.java:636)
	at org.junit.jupiter.engine.descriptor.TestTemplateTestDescriptor.execute(TestTemplateTestDescriptor.java:107)
	at org.junit.jupiter.engine.descriptor.TestTemplateTestDescriptor.execute(TestTemplateTestDescriptor.java:42)
	at org.junit.platform.engine.support.hierarchical.NodeTestTask.lambda$executeRecursively$5(NodeTestTask.java:139)
	at org.junit.platform.engine.support.hierarchical.ThrowableCollector.execute(ThrowableCollector.java:73)
	at org.junit.platform.engine.support.hierarchical.NodeTestTask.lambda$executeRecursively$7(NodeTestTask.java:129)
	at org.junit.platform.engine.support.hierarchical.Node.around(Node.java:137)
	at org.junit.platform.engine.support.hierarchical.NodeTestTask.lambda$executeRecursively$8(NodeTestTask.java:127)
	at org.junit.platform.engine.support.hierarchical.ThrowableCollector.execute(ThrowableCollector.java:73)
	at org.junit.platform.engine.support.hierarchical.NodeTestTask.executeRecursively(NodeTestTask.java:126)
	at org.junit.platform.engine.support.hierarchical.NodeTestTask.execute(NodeTestTask.java:84)
	at java.base/java.util.ArrayList.forEach(ArrayList.java:1597)
	at org.junit.platform.engine.support.hierarchical.SameThreadHierarchicalTestExecutorService.invokeAll(SameThreadHierarchicalTestExecutorService.java:38)
	at org.junit.platform.engine.support.hierarchical.NodeTestTask.lambda$executeRecursively$5(NodeTestTask.java:143)
	at org.junit.platform.engine.support.hierarchical.ThrowableCollector.execute(ThrowableCollector.java:73)
	at org.junit.platform.engine.support.hierarchical.NodeTestTask.lambda$executeRecursively$7(NodeTestTask.java:129)
	at org.junit.platform.engine.support.hierarchical.Node.around(Node.java:137)
	at org.junit.platform.engine.support.hierarchical.NodeTestTask.lambda$executeRecursively$8(NodeTestTask.java:127)
	at org.junit.platform.engine.support.hierarchical.ThrowableCollector.execute(ThrowableCollector.java:73)
	at org.junit.platform.engine.support.hierarchical.NodeTestTask.executeRecursively(NodeTestTask.java:126)
	at org.junit.platform.engine.support.hierarchical.NodeTestTask.execute(NodeTestTask.java:84)
	at java.base/java.util.ArrayList.forEach(ArrayList.java:1597)
	at org.junit.platform.engine.support.hierarchical.SameThreadHierarchicalTestExecutorService.invokeAll(SameThreadHierarchicalTestExecutorService.java:38)
	at org.junit.platform.engine.support.hierarchical.NodeTestTask.lambda$executeRecursively$5(NodeTestTask.java:143)
	at org.junit.platform.engine.support.hierarchical.ThrowableCollector.execute(ThrowableCollector.java:73)
	at org.junit.platform.engine.support.hierarchical.NodeTestTask.lambda$executeRecursively$7(NodeTestTask.java:129)
	at org.junit.platform.engine.support.hierarchical.Node.around(Node.java:137)
	at org.junit.platform.engine.support.hierarchical.NodeTestTask.lambda$executeRecursively$8(NodeTestTask.java:127)
	at org.junit.platform.engine.support.hierarchical.ThrowableCollector.execute(ThrowableCollector.java:73)
	at org.junit.platform.engine.support.hierarchical.NodeTestTask.executeRecursively(NodeTestTask.java:126)
	at org.junit.platform.engine.support.hierarchical.NodeTestTask.execute(NodeTestTask.java:84)
	at org.junit.platform.engine.support.hierarchical.SameThreadHierarchicalTestExecutorService.submit(SameThreadHierarchicalTestExecutorService.java:32)
	at org.junit.platform.engine.support.hierarchical.HierarchicalTestExecutor.execute(HierarchicalTestExecutor.java:57)
	at org.junit.platform.engine.support.hierarchical.HierarchicalTestEngine.execute(HierarchicalTestEngine.java:51)
	at org.junit.platform.launcher.core.EngineExecutionOrchestrator.execute(EngineExecutionOrchestrator.java:108)
	at org.junit.platform.launcher.core.EngineExecutionOrchestrator.execute(EngineExecutionOrchestrator.java:88)
	at org.junit.platform.launcher.core.EngineExecutionOrchestrator.lambda$execute$0(EngineExecutionOrchestrator.java:54)
	at org.junit.platform.launcher.core.EngineExecutionOrchestrator.withInterceptedStreams(EngineExecutionOrchestrator.java:67)
	at org.junit.platform.launcher.core.EngineExecutionOrchestrator.execute(EngineExecutionOrchestrator.java:52)
	at org.junit.platform.launcher.core.DefaultLauncher.execute(DefaultLauncher.java:96)
	at org.junit.platform.launcher.core.DefaultLauncher.execute(DefaultLauncher.java:75)
	at org.junit.platform.console.tasks.ConsoleTestExecutor.executeTests(ConsoleTestExecutor.java:66)
	at org.junit.platform.console.tasks.ConsoleTestExecutor.lambda$execute$0(ConsoleTestExecutor.java:58)
	at org.junit.platform.console.tasks.CustomContextClassLoaderExecutor.replaceThreadContextClassLoaderAndInvoke(CustomContextClassLoaderExecutor.java:41)
	at org.junit.platform.console.tasks.CustomContextClassLoaderExecutor.invoke(CustomContextClassLoaderExecutor.java:31)
	at org.junit.platform.console.tasks.ConsoleTestExecutor.execute(ConsoleTestExecutor.java:58)
	at org.junit.platform.console.ConsoleLauncher.executeTests(ConsoleLauncher.java:95)
	at org.junit.platform.console.ConsoleLauncher.execute(ConsoleLauncher.java:73)
	at org.junit.platform.console.ConsoleLauncher.execute(ConsoleLauncher.java:50)
	at org.junit.platform.console.ConsoleLauncher.execute(ConsoleLauncher.java:43)
	at org.junit.platform.console.ConsoleLauncher.main(ConsoleLauncher.java:37)
]]></failure>
<system-out><![CDATA[
unique-id: [engine:junit-jupiter]/[class:pilesimple.test.PileIntTest]/[test-template:testEmpiler(pilesimple.PileInt, int)]/[test-template-invocation:#13]
display-name: [13] PileInt(17/20):[-1948372490 1175265028 1509228326 982841218 -113535506 -1095093150 388532020 -1696138086 -1404296367 949094180 1074419298 1053087988 -1152583802 826453230 -990184886 0 0 ], 19
]]></system-out>
</testcase>
<testcase name="testEmpiler(PileInt, int)[14]" classname="pilesimple.test.PileIntTest" time="0">
<error message="Index 1 out of bounds for length 1" type="java.lang.ArrayIndexOutOfBoundsException"><![CDATA[java.lang.ArrayIndexOutOfBoundsException: Index 1 out of bounds for length 1
	at pilesimple.PileInt.getSommet(PileInt.java:90)
	at pilesimple.test.PileIntTest.testEmpiler(PileIntTest.java:328)
	at java.base/jdk.internal.reflect.DirectMethodHandleAccessor.invoke(DirectMethodHandleAccessor.java:103)
	at java.base/java.lang.reflect.Method.invoke(Method.java:580)
	at org.junit.platform.commons.util.ReflectionUtils.invokeMethod(ReflectionUtils.java:688)
	at org.junit.jupiter.engine.execution.MethodInvocation.proceed(MethodInvocation.java:60)
	at org.junit.jupiter.engine.execution.InvocationInterceptorChain$ValidatingInvocation.proceed(InvocationInterceptorChain.java:131)
	at org.junit.jupiter.engine.extension.TimeoutExtension.intercept(TimeoutExtension.java:149)
	at org.junit.jupiter.engine.extension.TimeoutExtension.interceptTestableMethod(TimeoutExtension.java:140)
	at org.junit.jupiter.engine.extension.TimeoutExtension.interceptTestTemplateMethod(TimeoutExtension.java:92)
	at org.junit.jupiter.engine.execution.ExecutableInvoker$ReflectiveInterceptorCall.lambda$ofVoidMethod$0(ExecutableInvoker.java:115)
	at org.junit.jupiter.engine.execution.ExecutableInvoker.lambda$invoke$0(ExecutableInvoker.java:105)
	at org.junit.jupiter.engine.execution.InvocationInterceptorChain$InterceptedInvocation.proceed(InvocationInterceptorChain.java:106)
	at org.junit.jupiter.engine.execution.InvocationInterceptorChain.proceed(InvocationInterceptorChain.java:64)
	at org.junit.jupiter.engine.execution.InvocationInterceptorChain.chainAndInvoke(InvocationInterceptorChain.java:45)
	at org.junit.jupiter.engine.execution.InvocationInterceptorChain.invoke(InvocationInterceptorChain.java:37)
	at org.junit.jupiter.engine.execution.ExecutableInvoker.invoke(ExecutableInvoker.java:104)
	at org.junit.jupiter.engine.execution.ExecutableInvoker.invoke(ExecutableInvoker.java:98)
	at org.junit.jupiter.engine.descriptor.TestMethodTestDescriptor.lambda$invokeTestMethod$6(TestMethodTestDescriptor.java:210)
	at org.junit.platform.engine.support.hierarchical.ThrowableCollector.execute(ThrowableCollector.java:73)
	at org.junit.jupiter.engine.descriptor.TestMethodTestDescriptor.invokeTestMethod(TestMethodTestDescriptor.java:206)
	at org.junit.jupiter.engine.descriptor.TestMethodTestDescriptor.execute(TestMethodTestDescriptor.java:131)
	at org.junit.jupiter.engine.descriptor.TestMethodTestDescriptor.execute(TestMethodTestDescriptor.java:65)
	at org.junit.platform.engine.support.hierarchical.NodeTestTask.lambda$executeRecursively$5(NodeTestTask.java:139)
	at org.junit.platform.engine.support.hierarchical.ThrowableCollector.execute(ThrowableCollector.java:73)
	at org.junit.platform.engine.support.hierarchical.NodeTestTask.lambda$executeRecursively$7(NodeTestTask.java:129)
	at org.junit.platform.engine.support.hierarchical.Node.around(Node.java:137)
	at org.junit.platform.engine.support.hierarchical.NodeTestTask.lambda$executeRecursively$8(NodeTestTask.java:127)
	at org.junit.platform.engine.support.hierarchical.ThrowableCollector.execute(ThrowableCollector.java:73)
	at org.junit.platform.engine.support.hierarchical.NodeTestTask.executeRecursively(NodeTestTask.java:126)
	at org.junit.platform.engine.support.hierarchical.NodeTestTask.execute(NodeTestTask.java:84)
	at org.junit.platform.engine.support.hierarchical.SameThreadHierarchicalTestExecutorService.submit(SameThreadHierarchicalTestExecutorService.java:32)
	at org.junit.platform.engine.support.hierarchical.NodeTestTask$DefaultDynamicTestExecutor.execute(NodeTestTask.java:212)
	at org.junit.platform.engine.support.hierarchical.NodeTestTask$DefaultDynamicTestExecutor.execute(NodeTestTask.java:192)
	at org.junit.jupiter.engine.descriptor.TestTemplateTestDescriptor.execute(TestTemplateTestDescriptor.java:139)
	at org.junit.jupiter.engine.descriptor.TestTemplateTestDescriptor.lambda$execute$2(TestTemplateTestDescriptor.java:107)
	at java.base/java.util.stream.ForEachOps$ForEachOp$OfRef.accept(ForEachOps.java:184)
	at java.base/java.util.stream.ReferencePipeline$3$1.accept(ReferencePipeline.java:215)
	at java.base/java.util.stream.ReferencePipeline$2$1.accept(ReferencePipeline.java:197)
	at java.base/java.util.stream.ReferencePipeline$3$1.accept(ReferencePipeline.java:215)
	at java.base/java.util.stream.ForEachOps$ForEachOp$OfRef.accept(ForEachOps.java:184)
	at java.base/java.util.stream.ReferencePipeline$15$1.accept(ReferencePipeline.java:581)
	at java.base/java.util.stream.ReferencePipeline$3$1.accept(ReferencePipeline.java:215)
	at java.base/java.util.stream.ReferencePipeline$3$1.accept(ReferencePipeline.java:215)
	at java.base/java.util.stream.ReferencePipeline$3$1.accept(ReferencePipeline.java:215)
	at java.base/java.util.stream.ForEachOps$ForEachOp$OfRef.accept(ForEachOps.java:184)
	at java.base/java.util.stream.ReferencePipeline$3$1.accept(ReferencePipeline.java:215)
	at java.base/java.util.stream.ForEachOps$ForEachOp$OfRef.accept(ForEachOps.java:184)
	at java.base/java.util.stream.ReferencePipeline$3$1.accept(ReferencePipeline.java:215)
	at java.base/java.util.stream.ReferencePipeline$3$1.accept(ReferencePipeline.java:215)
	at java.base/java.util.stream.ReferencePipeline$2$1.accept(ReferencePipeline.java:197)
	at java.base/java.util.ArrayList$ArrayListSpliterator.forEachRemaining(ArrayList.java:1709)
	at java.base/java.util.stream.AbstractPipeline.copyInto(AbstractPipeline.java:570)
	at java.base/java.util.stream.AbstractPipeline.wrapAndCopyInto(AbstractPipeline.java:560)
	at java.base/java.util.stream.ForEachOps$ForEachOp.evaluateSequential(ForEachOps.java:151)
	at java.base/java.util.stream.ForEachOps$ForEachOp$OfRef.evaluateSequential(ForEachOps.java:174)
	at java.base/java.util.stream.AbstractPipeline.evaluate(AbstractPipeline.java:265)
	at java.base/java.util.stream.ReferencePipeline.forEach(ReferencePipeline.java:636)
	at java.base/java.util.stream.ReferencePipeline$7$1FlatMap.accept(ReferencePipeline.java:294)
	at java.base/java.util.stream.ReferencePipeline$3$1.accept(ReferencePipeline.java:215)
	at java.base/java.util.stream.ReferencePipeline$3$1.accept(ReferencePipeline.java:215)
	at java.base/java.util.Spliterators$ArraySpliterator.forEachRemaining(Spliterators.java:1024)
	at java.base/java.util.stream.AbstractPipeline.copyInto(AbstractPipeline.java:570)
	at java.base/java.util.stream.AbstractPipeline.wrapAndCopyInto(AbstractPipeline.java:560)
	at java.base/java.util.stream.ForEachOps$ForEachOp.evaluateSequential(ForEachOps.java:151)
	at java.base/java.util.stream.ForEachOps$ForEachOp$OfRef.evaluateSequential(ForEachOps.java:174)
	at java.base/java.util.stream.AbstractPipeline.evaluate(AbstractPipeline.java:265)
	at java.base/java.util.stream.ReferencePipeline.forEach(ReferencePipeline.java:636)
	at java.base/java.util.stream.ReferencePipeline$7$1FlatMap.accept(ReferencePipeline.java:294)
	at java.base/java.util.stream.ReferencePipeline$3$1.accept(ReferencePipeline.java:215)
	at java.base/java.util.stream.ReferencePipeline$3$1.accept(ReferencePipeline.java:215)
	at java.base/java.util.stream.ReferencePipeline$3$1.accept(ReferencePipeline.java:215)
	at java.base/java.util.ArrayList$ArrayListSpliterator.forEachRemaining(ArrayList.java:1709)
	at java.base/java.util.stream.AbstractPipeline.copyInto(AbstractPipeline.java:570)
	at java.base/java.util.stream.AbstractPipeline.wrapAndCopyInto(AbstractPipeline.java:560)
	at java.base/java.util.stream.ForEachOps$ForEachOp.evaluateSequential(ForEachOps.java:151)
	at java.base/java.util.stream.ForEachOps$ForEachOp$OfRef.evaluateSequential(ForEachOps.java:174)
	at java.base/java.util.stream.AbstractPipeline.evaluate(AbstractPipeline.java:265)
	at java.base/java.util.stream.ReferencePipeline.forEach(ReferencePipeline.java:636)
	at java.base/java.util.stream.ReferencePipeline$7$1FlatMap.accept(ReferencePipeline.java:294)
	at java.base/java.util.ArrayList$ArrayListSpliterator.forEachRemaining(ArrayList.java:1709)
	at java.base/java.util.stream.AbstractPipeline.copyInto(AbstractPipeline.java:570)
	at java.base/java.util.stream.AbstractPipeline.wrapAndCopyInto(AbstractPipeline.java:560)
	at java.base/java.util.stream.ForEachOps$ForEachOp.evaluateSequential(ForEachOps.java:151)
	at java.base/java.util.stream.ForEachOps$ForEachOp$OfRef.evaluateSequential(ForEachOps.java:174)
	at java.base/java.util.stream.AbstractPipeline.evaluate(AbstractPipeline.java:265)
	at java.base/java.util.stream.ReferencePipeline.forEach(ReferencePipeline.java:636)
	at org.junit.jupiter.engine.descriptor.TestTemplateTestDescriptor.execute(TestTemplateTestDescriptor.java:107)
	at org.junit.jupiter.engine.descriptor.TestTemplateTestDescriptor.execute(TestTemplateTestDescriptor.java:42)
	at org.junit.platform.engine.support.hierarchical.NodeTestTask.lambda$executeRecursively$5(NodeTestTask.java:139)
	at org.junit.platform.engine.support.hierarchical.ThrowableCollector.execute(ThrowableCollector.java:73)
	at org.junit.platform.engine.support.hierarchical.NodeTestTask.lambda$executeRecursively$7(NodeTestTask.java:129)
	at org.junit.platform.engine.support.hierarchical.Node.around(Node.java:137)
	at org.junit.platform.engine.support.hierarchical.NodeTestTask.lambda$executeRecursively$8(NodeTestTask.java:127)
	at org.junit.platform.engine.support.hierarchical.ThrowableCollector.execute(ThrowableCollector.java:73)
	at org.junit.platform.engine.support.hierarchical.NodeTestTask.executeRecursively(NodeTestTask.java:126)
	at org.junit.platform.engine.support.hierarchical.NodeTestTask.execute(NodeTestTask.java:84)
	at java.base/java.util.ArrayList.forEach(ArrayList.java:1597)
	at org.junit.platform.engine.support.hierarchical.SameThreadHierarchicalTestExecutorService.invokeAll(SameThreadHierarchicalTestExecutorService.java:38)
	at org.junit.platform.engine.support.hierarchical.NodeTestTask.lambda$executeRecursively$5(NodeTestTask.java:143)
	at org.junit.platform.engine.support.hierarchical.ThrowableCollector.execute(ThrowableCollector.java:73)
	at org.junit.platform.engine.support.hierarchical.NodeTestTask.lambda$executeRecursively$7(NodeTestTask.java:129)
	at org.junit.platform.engine.support.hierarchical.Node.around(Node.java:137)
	at org.junit.platform.engine.support.hierarchical.NodeTestTask.lambda$executeRecursively$8(NodeTestTask.java:127)
	at org.junit.platform.engine.support.hierarchical.ThrowableCollector.execute(ThrowableCollector.java:73)
	at org.junit.platform.engine.support.hierarchical.NodeTestTask.executeRecursively(NodeTestTask.java:126)
	at org.junit.platform.engine.support.hierarchical.NodeTestTask.execute(NodeTestTask.java:84)
	at java.base/java.util.ArrayList.forEach(ArrayList.java:1597)
	at org.junit.platform.engine.support.hierarchical.SameThreadHierarchicalTestExecutorService.invokeAll(SameThreadHierarchicalTestExecutorService.java:38)
	at org.junit.platform.engine.support.hierarchical.NodeTestTask.lambda$executeRecursively$5(NodeTestTask.java:143)
	at org.junit.platform.engine.support.hierarchical.ThrowableCollector.execute(ThrowableCollector.java:73)
	at org.junit.platform.engine.support.hierarchical.NodeTestTask.lambda$executeRecursively$7(NodeTestTask.java:129)
	at org.junit.platform.engine.support.hierarchical.Node.around(Node.java:137)
	at org.junit.platform.engine.support.hierarchical.NodeTestTask.lambda$executeRecursively$8(NodeTestTask.java:127)
	at org.junit.platform.engine.support.hierarchical.ThrowableCollector.execute(ThrowableCollector.java:73)
	at org.junit.platform.engine.support.hierarchical.NodeTestTask.executeRecursively(NodeTestTask.java:126)
	at org.junit.platform.engine.support.hierarchical.NodeTestTask.execute(NodeTestTask.java:84)
	at org.junit.platform.engine.support.hierarchical.SameThreadHierarchicalTestExecutorService.submit(SameThreadHierarchicalTestExecutorService.java:32)
	at org.junit.platform.engine.support.hierarchical.HierarchicalTestExecutor.execute(HierarchicalTestExecutor.java:57)
	at org.junit.platform.engine.support.hierarchical.HierarchicalTestEngine.execute(HierarchicalTestEngine.java:51)
	at org.junit.platform.launcher.core.EngineExecutionOrchestrator.execute(EngineExecutionOrchestrator.java:108)
	at org.junit.platform.launcher.core.EngineExecutionOrchestrator.execute(EngineExecutionOrchestrator.java:88)
	at org.junit.platform.launcher.core.EngineExecutionOrchestrator.lambda$execute$0(EngineExecutionOrchestrator.java:54)
	at org.junit.platform.launcher.core.EngineExecutionOrchestrator.withInterceptedStreams(EngineExecutionOrchestrator.java:67)
	at org.junit.platform.launcher.core.EngineExecutionOrchestrator.execute(EngineExecutionOrchestrator.java:52)
	at org.junit.platform.launcher.core.DefaultLauncher.execute(DefaultLauncher.java:96)
	at org.junit.platform.launcher.core.DefaultLauncher.execute(DefaultLauncher.java:75)
	at org.junit.platform.console.tasks.ConsoleTestExecutor.executeTests(ConsoleTestExecutor.java:66)
	at org.junit.platform.console.tasks.ConsoleTestExecutor.lambda$execute$0(ConsoleTestExecutor.java:58)
	at org.junit.platform.console.tasks.CustomContextClassLoaderExecutor.replaceThreadContextClassLoaderAndInvoke(CustomContextClassLoaderExecutor.java:41)
	at org.junit.platform.console.tasks.CustomContextClassLoaderExecutor.invoke(CustomContextClassLoaderExecutor.java:31)
	at org.junit.platform.console.tasks.ConsoleTestExecutor.execute(ConsoleTestExecutor.java:58)
	at org.junit.platform.console.ConsoleLauncher.executeTests(ConsoleLauncher.java:95)
	at org.junit.platform.console.ConsoleLauncher.execute(ConsoleLauncher.java:73)
	at org.junit.platform.console.ConsoleLauncher.execute(ConsoleLauncher.java:50)
	at org.junit.platform.console.ConsoleLauncher.execute(ConsoleLauncher.java:43)
	at org.junit.platform.console.ConsoleLauncher.main(ConsoleLauncher.java:37)
]]></error>
<system-out><![CDATA[
unique-id: [engine:junit-jupiter]/[class:pilesimple.test.PileIntTest]/[test-template:testEmpiler(pilesimple.PileInt, int)]/[test-template-invocation:#14]
display-name: [14] PileInt(0/1):[], 46
]]></system-out>
</testcase>
<testcase name="testEmpiler(PileInt, int)[15]" classname="pilesimple.test.PileIntTest" time="0">
<failure message="expected: &lt;0&gt; but was: &lt;47&gt;" type="org.opentest4j.AssertionFailedError"><![CDATA[org.opentest4j.AssertionFailedError: expected: <0> but was: <47>
	at org.junit.jupiter.api.AssertionUtils.fail(AssertionUtils.java:55)
	at org.junit.jupiter.api.AssertionUtils.failNotEqual(AssertionUtils.java:62)
	at org.junit.jupiter.api.AssertEquals.assertEquals(AssertEquals.java:150)
	at org.junit.jupiter.api.AssertEquals.assertEquals(AssertEquals.java:145)
	at org.junit.jupiter.api.Assertions.assertEquals(Assertions.java:510)
	at pilesimple.test.PileIntTest.testEmpiler(PileIntTest.java:328)
	at java.base/jdk.internal.reflect.DirectMethodHandleAccessor.invoke(DirectMethodHandleAccessor.java:103)
	at java.base/java.lang.reflect.Method.invoke(Method.java:580)
	at org.junit.platform.commons.util.ReflectionUtils.invokeMethod(ReflectionUtils.java:688)
	at org.junit.jupiter.engine.execution.MethodInvocation.proceed(MethodInvocation.java:60)
	at org.junit.jupiter.engine.execution.InvocationInterceptorChain$ValidatingInvocation.proceed(InvocationInterceptorChain.java:131)
	at org.junit.jupiter.engine.extension.TimeoutExtension.intercept(TimeoutExtension.java:149)
	at org.junit.jupiter.engine.extension.TimeoutExtension.interceptTestableMethod(TimeoutExtension.java:140)
	at org.junit.jupiter.engine.extension.TimeoutExtension.interceptTestTemplateMethod(TimeoutExtension.java:92)
	at org.junit.jupiter.engine.execution.ExecutableInvoker$ReflectiveInterceptorCall.lambda$ofVoidMethod$0(ExecutableInvoker.java:115)
	at org.junit.jupiter.engine.execution.ExecutableInvoker.lambda$invoke$0(ExecutableInvoker.java:105)
	at org.junit.jupiter.engine.execution.InvocationInterceptorChain$InterceptedInvocation.proceed(InvocationInterceptorChain.java:106)
	at org.junit.jupiter.engine.execution.InvocationInterceptorChain.proceed(InvocationInterceptorChain.java:64)
	at org.junit.jupiter.engine.execution.InvocationInterceptorChain.chainAndInvoke(InvocationInterceptorChain.java:45)
	at org.junit.jupiter.engine.execution.InvocationInterceptorChain.invoke(InvocationInterceptorChain.java:37)
	at org.junit.jupiter.engine.execution.ExecutableInvoker.invoke(ExecutableInvoker.java:104)
	at org.junit.jupiter.engine.execution.ExecutableInvoker.invoke(ExecutableInvoker.java:98)
	at org.junit.jupiter.engine.descriptor.TestMethodTestDescriptor.lambda$invokeTestMethod$6(TestMethodTestDescriptor.java:210)
	at org.junit.platform.engine.support.hierarchical.ThrowableCollector.execute(ThrowableCollector.java:73)
	at org.junit.jupiter.engine.descriptor.TestMethodTestDescriptor.invokeTestMethod(TestMethodTestDescriptor.java:206)
	at org.junit.jupiter.engine.descriptor.TestMethodTestDescriptor.execute(TestMethodTestDescriptor.java:131)
	at org.junit.jupiter.engine.descriptor.TestMethodTestDescriptor.execute(TestMethodTestDescriptor.java:65)
	at org.junit.platform.engine.support.hierarchical.NodeTestTask.lambda$executeRecursively$5(NodeTestTask.java:139)
	at org.junit.platform.engine.support.hierarchical.ThrowableCollector.execute(ThrowableCollector.java:73)
	at org.junit.platform.engine.support.hierarchical.NodeTestTask.lambda$executeRecursively$7(NodeTestTask.java:129)
	at org.junit.platform.engine.support.hierarchical.Node.around(Node.java:137)
	at org.junit.platform.engine.support.hierarchical.NodeTestTask.lambda$executeRecursively$8(NodeTestTask.java:127)
	at org.junit.platform.engine.support.hierarchical.ThrowableCollector.execute(ThrowableCollector.java:73)
	at org.junit.platform.engine.support.hierarchical.NodeTestTask.executeRecursively(NodeTestTask.java:126)
	at org.junit.platform.engine.support.hierarchical.NodeTestTask.execute(NodeTestTask.java:84)
	at org.junit.platform.engine.support.hierarchical.SameThreadHierarchicalTestExecutorService.submit(SameThreadHierarchicalTestExecutorService.java:32)
	at org.junit.platform.engine.support.hierarchical.NodeTestTask$DefaultDynamicTestExecutor.execute(NodeTestTask.java:212)
	at org.junit.platform.engine.support.hierarchical.NodeTestTask$DefaultDynamicTestExecutor.execute(NodeTestTask.java:192)
	at org.junit.jupiter.engine.descriptor.TestTemplateTestDescriptor.execute(TestTemplateTestDescriptor.java:139)
	at org.junit.jupiter.engine.descriptor.TestTemplateTestDescriptor.lambda$execute$2(TestTemplateTestDescriptor.java:107)
	at java.base/java.util.stream.ForEachOps$ForEachOp$OfRef.accept(ForEachOps.java:184)
	at java.base/java.util.stream.ReferencePipeline$3$1.accept(ReferencePipeline.java:215)
	at java.base/java.util.stream.ReferencePipeline$2$1.accept(ReferencePipeline.java:197)
	at java.base/java.util.stream.ReferencePipeline$3$1.accept(ReferencePipeline.java:215)
	at java.base/java.util.stream.ForEachOps$ForEachOp$OfRef.accept(ForEachOps.java:184)
	at java.base/java.util.stream.ReferencePipeline$15$1.accept(ReferencePipeline.java:581)
	at java.base/java.util.stream.ReferencePipeline$3$1.accept(ReferencePipeline.java:215)
	at java.base/java.util.stream.ReferencePipeline$3$1.accept(ReferencePipeline.java:215)
	at java.base/java.util.stream.ReferencePipeline$3$1.accept(ReferencePipeline.java:215)
	at java.base/java.util.stream.ForEachOps$ForEachOp$OfRef.accept(ForEachOps.java:184)
	at java.base/java.util.stream.ReferencePipeline$3$1.accept(ReferencePipeline.java:215)
	at java.base/java.util.stream.ForEachOps$ForEachOp$OfRef.accept(ForEachOps.java:184)
	at java.base/java.util.stream.ReferencePipeline$3$1.accept(ReferencePipeline.java:215)
	at java.base/java.util.stream.ReferencePipeline$3$1.accept(ReferencePipeline.java:215)
	at java.base/java.util.stream.ReferencePipeline$2$1.accept(ReferencePipeline.java:197)
	at java.base/java.util.ArrayList$ArrayListSpliterator.forEachRemaining(ArrayList.java:1709)
	at java.base/java.util.stream.AbstractPipeline.copyInto(AbstractPipeline.java:570)
	at java.base/java.util.stream.AbstractPipeline.wrapAndCopyInto(AbstractPipeline.java:560)
	at java.base/java.util.stream.ForEachOps$ForEachOp.evaluateSequential(ForEachOps.java:151)
	at java.base/java.util.stream.ForEachOps$ForEachOp$OfRef.evaluateSequential(ForEachOps.java:174)
	at java.base/java.util.stream.AbstractPipeline.evaluate(AbstractPipeline.java:265)
	at java.base/java.util.stream.ReferencePipeline.forEach(ReferencePipeline.java:636)
	at java.base/java.util.stream.ReferencePipeline$7$1FlatMap.accept(ReferencePipeline.java:294)
	at java.base/java.util.stream.ReferencePipeline$3$1.accept(ReferencePipeline.java:215)
	at java.base/java.util.stream.ReferencePipeline$3$1.accept(ReferencePipeline.java:215)
	at java.base/java.util.Spliterators$ArraySpliterator.forEachRemaining(Spliterators.java:1024)
	at java.base/java.util.stream.AbstractPipeline.copyInto(AbstractPipeline.java:570)
	at java.base/java.util.stream.AbstractPipeline.wrapAndCopyInto(AbstractPipeline.java:560)
	at java.base/java.util.stream.ForEachOps$ForEachOp.evaluateSequential(ForEachOps.java:151)
	at java.base/java.util.stream.ForEachOps$ForEachOp$OfRef.evaluateSequential(ForEachOps.java:174)
	at java.base/java.util.stream.AbstractPipeline.evaluate(AbstractPipeline.java:265)
	at java.base/java.util.stream.ReferencePipeline.forEach(ReferencePipeline.java:636)
	at java.base/java.util.stream.ReferencePipeline$7$1FlatMap.accept(ReferencePipeline.java:294)
	at java.base/java.util.stream.ReferencePipeline$3$1.accept(ReferencePipeline.java:215)
	at java.base/java.util.stream.ReferencePipeline$3$1.accept(ReferencePipeline.java:215)
	at java.base/java.util.stream.ReferencePipeline$3$1.accept(ReferencePipeline.java:215)
	at java.base/java.util.ArrayList$ArrayListSpliterator.forEachRemaining(ArrayList.java:1709)
	at java.base/java.util.stream.AbstractPipeline.copyInto(AbstractPipeline.java:570)
	at java.base/java.util.stream.AbstractPipeline.wrapAndCopyInto(AbstractPipeline.java:560)
	at java.base/java.util.stream.ForEachOps$ForEachOp.evaluateSequential(ForEachOps.java:151)
	at java.base/java.util.stream.ForEachOps$ForEachOp$OfRef.evaluateSequential(ForEachOps.java:174)
	at java.base/java.util.stream.AbstractPipeline.evaluate(AbstractPipeline.java:265)
	at java.base/java.util.stream.ReferencePipeline.forEach(ReferencePipeline.java:636)
	at java.base/java.util.stream.ReferencePipeline$7$1FlatMap.accept(ReferencePipeline.java:294)
	at java.base/java.util.ArrayList$ArrayListSpliterator.forEachRemaining(ArrayList.java:1709)
	at java.base/java.util.stream.AbstractPipeline.copyInto(AbstractPipeline.java:570)
	at java.base/java.util.stream.AbstractPipeline.wrapAndCopyInto(AbstractPipeline.java:560)
	at java.base/java.util.stream.ForEachOps$ForEachOp.evaluateSequential(ForEachOps.java:151)
	at java.base/java.util.stream.ForEachOps$ForEachOp$OfRef.evaluateSequential(ForEachOps.java:174)
	at java.base/java.util.stream.AbstractPipeline.evaluate(AbstractPipeline.java:265)
	at java.base/java.util.stream.ReferencePipeline.forEach(ReferencePipeline.java:636)
	at org.junit.jupiter.engine.descriptor.TestTemplateTestDescriptor.execute(TestTemplateTestDescriptor.java:107)
	at org.junit.jupiter.engine.descriptor.TestTemplateTestDescriptor.execute(TestTemplateTestDescriptor.java:42)
	at org.junit.platform.engine.support.hierarchical.NodeTestTask.lambda$executeRecursively$5(NodeTestTask.java:139)
	at org.junit.platform.engine.support.hierarchical.ThrowableCollector.execute(ThrowableCollector.java:73)
	at org.junit.platform.engine.support.hierarchical.NodeTestTask.lambda$executeRecursively$7(NodeTestTask.java:129)
	at org.junit.platform.engine.support.hierarchical.Node.around(Node.java:137)
	at org.junit.platform.engine.support.hierarchical.NodeTestTask.lambda$executeRecursively$8(NodeTestTask.java:127)
	at org.junit.platform.engine.support.hierarchical.ThrowableCollector.execute(ThrowableCollector.java:73)
	at org.junit.platform.engine.support.hierarchical.NodeTestTask.executeRecursively(NodeTestTask.java:126)
	at org.junit.platform.engine.support.hierarchical.NodeTestTask.execute(NodeTestTask.java:84)
	at java.base/java.util.ArrayList.forEach(ArrayList.java:1597)
	at org.junit.platform.engine.support.hierarchical.SameThreadHierarchicalTestExecutorService.invokeAll(SameThreadHierarchicalTestExecutorService.java:38)
	at org.junit.platform.engine.support.hierarchical.NodeTestTask.lambda$executeRecursively$5(NodeTestTask.java:143)
	at org.junit.platform.engine.support.hierarchical.ThrowableCollector.execute(ThrowableCollector.java:73)
	at org.junit.platform.engine.support.hierarchical.NodeTestTask.lambda$executeRecursively$7(NodeTestTask.java:129)
	at org.junit.platform.engine.support.hierarchical.Node.around(Node.java:137)
	at org.junit.platform.engine.support.hierarchical.NodeTestTask.lambda$executeRecursively$8(NodeTestTask.java:127)
	at org.junit.platform.engine.support.hierarchical.ThrowableCollector.execute(ThrowableCollector.java:73)
	at org.junit.platform.engine.support.hierarchical.NodeTestTask.executeRecursively(NodeTestTask.java:126)
	at org.junit.platform.engine.support.hierarchical.NodeTestTask.execute(NodeTestTask.java:84)
	at java.base/java.util.ArrayList.forEach(ArrayList.java:1597)
	at org.junit.platform.engine.support.hierarchical.SameThreadHierarchicalTestExecutorService.invokeAll(SameThreadHierarchicalTestExecutorService.java:38)
	at org.junit.platform.engine.support.hierarchical.NodeTestTask.lambda$executeRecursively$5(NodeTestTask.java:143)
	at org.junit.platform.engine.support.hierarchical.ThrowableCollector.execute(ThrowableCollector.java:73)
	at org.junit.platform.engine.support.hierarchical.NodeTestTask.lambda$executeRecursively$7(NodeTestTask.java:129)
	at org.junit.platform.engine.support.hierarchical.Node.around(Node.java:137)
	at org.junit.platform.engine.support.hierarchical.NodeTestTask.lambda$executeRecursively$8(NodeTestTask.java:127)
	at org.junit.platform.engine.support.hierarchical.ThrowableCollector.execute(ThrowableCollector.java:73)
	at org.junit.platform.engine.support.hierarchical.NodeTestTask.executeRecursively(NodeTestTask.java:126)
	at org.junit.platform.engine.support.hierarchical.NodeTestTask.execute(NodeTestTask.java:84)
	at org.junit.platform.engine.support.hierarchical.SameThreadHierarchicalTestExecutorService.submit(SameThreadHierarchicalTestExecutorService.java:32)
	at org.junit.platform.engine.support.hierarchical.HierarchicalTestExecutor.execute(HierarchicalTestExecutor.java:57)
	at org.junit.platform.engine.support.hierarchical.HierarchicalTestEngine.execute(HierarchicalTestEngine.java:51)
	at org.junit.platform.launcher.core.EngineExecutionOrchestrator.execute(EngineExecutionOrchestrator.java:108)
	at org.junit.platform.launcher.core.EngineExecutionOrchestrator.execute(EngineExecutionOrchestrator.java:88)
	at org.junit.platform.launcher.core.EngineExecutionOrchestrator.lambda$execute$0(EngineExecutionOrchestrator.java:54)
	at org.junit.platform.launcher.core.EngineExecutionOrchestrator.withInterceptedStreams(EngineExecutionOrchestrator.java:67)
	at org.junit.platform.launcher.core.EngineExecutionOrchestrator.execute(EngineExecutionOrchestrator.java:52)
	at org.junit.platform.launcher.core.DefaultLauncher.execute(DefaultLauncher.java:96)
	at org.junit.platform.launcher.core.DefaultLauncher.execute(DefaultLauncher.java:75)
	at org.junit.platform.console.tasks.ConsoleTestExecutor.executeTests(ConsoleTestExecutor.java:66)
	at org.junit.platform.console.tasks.ConsoleTestExecutor.lambda$execute$0(ConsoleTestExecutor.java:58)
	at org.junit.platform.console.tasks.CustomContextClassLoaderExecutor.replaceThreadContextClassLoaderAndInvoke(CustomContextClassLoaderExecutor.java:41)
	at org.junit.platform.console.tasks.CustomContextClassLoaderExecutor.invoke(CustomContextClassLoaderExecutor.java:31)
	at org.junit.platform.console.tasks.ConsoleTestExecutor.execute(ConsoleTestExecutor.java:58)
	at org.junit.platform.console.ConsoleLauncher.executeTests(ConsoleLauncher.java:95)
	at org.junit.platform.console.ConsoleLauncher.execute(ConsoleLauncher.java:73)
	at org.junit.platform.console.ConsoleLauncher.execute(ConsoleLauncher.java:50)
	at org.junit.platform.console.ConsoleLauncher.execute(ConsoleLauncher.java:43)
	at org.junit.platform.console.ConsoleLauncher.main(ConsoleLauncher.java:37)
]]></failure>
<system-out><![CDATA[
unique-id: [engine:junit-jupiter]/[class:pilesimple.test.PileIntTest]/[test-template:testEmpiler(pilesimple.PileInt, int)]/[test-template-invocation:#15]
display-name: [15] PileInt(8/13):[-684180429 633166819 0 0 0 0 0 0 ], 47
]]></system-out>
</testcase>
<testcase name="testEmpiler(PileInt, int)[16]" classname="pilesimple.test.PileIntTest" time="0">
<failure message="expected: &lt;1596499529&gt; but was: &lt;8&gt;" type="org.opentest4j.AssertionFailedError"><![CDATA[org.opentest4j.AssertionFailedError: expected: <1596499529> but was: <8>
	at org.junit.jupiter.api.AssertionUtils.fail(AssertionUtils.java:55)
	at org.junit.jupiter.api.AssertionUtils.failNotEqual(AssertionUtils.java:62)
	at org.junit.jupiter.api.AssertEquals.assertEquals(AssertEquals.java:150)
	at org.junit.jupiter.api.AssertEquals.assertEquals(AssertEquals.java:145)
	at org.junit.jupiter.api.Assertions.assertEquals(Assertions.java:510)
	at pilesimple.test.PileIntTest.testEmpiler(PileIntTest.java:328)
	at java.base/jdk.internal.reflect.DirectMethodHandleAccessor.invoke(DirectMethodHandleAccessor.java:103)
	at java.base/java.lang.reflect.Method.invoke(Method.java:580)
	at org.junit.platform.commons.util.ReflectionUtils.invokeMethod(ReflectionUtils.java:688)
	at org.junit.jupiter.engine.execution.MethodInvocation.proceed(MethodInvocation.java:60)
	at org.junit.jupiter.engine.execution.InvocationInterceptorChain$ValidatingInvocation.proceed(InvocationInterceptorChain.java:131)
	at org.junit.jupiter.engine.extension.TimeoutExtension.intercept(TimeoutExtension.java:149)
	at org.junit.jupiter.engine.extension.TimeoutExtension.interceptTestableMethod(TimeoutExtension.java:140)
	at org.junit.jupiter.engine.extension.TimeoutExtension.interceptTestTemplateMethod(TimeoutExtension.java:92)
	at org.junit.jupiter.engine.execution.ExecutableInvoker$ReflectiveInterceptorCall.lambda$ofVoidMethod$0(ExecutableInvoker.java:115)
	at org.junit.jupiter.engine.execution.ExecutableInvoker.lambda$invoke$0(ExecutableInvoker.java:105)
	at org.junit.jupiter.engine.execution.InvocationInterceptorChain$InterceptedInvocation.proceed(InvocationInterceptorChain.java:106)
	at org.junit.jupiter.engine.execution.InvocationInterceptorChain.proceed(InvocationInterceptorChain.java:64)
	at org.junit.jupiter.engine.execution.InvocationInterceptorChain.chainAndInvoke(InvocationInterceptorChain.java:45)
	at org.junit.jupiter.engine.execution.InvocationInterceptorChain.invoke(InvocationInterceptorChain.java:37)
	at org.junit.jupiter.engine.execution.ExecutableInvoker.invoke(ExecutableInvoker.java:104)
	at org.junit.jupiter.engine.execution.ExecutableInvoker.invoke(ExecutableInvoker.java:98)
	at org.junit.jupiter.engine.descriptor.TestMethodTestDescriptor.lambda$invokeTestMethod$6(TestMethodTestDescriptor.java:210)
	at org.junit.platform.engine.support.hierarchical.ThrowableCollector.execute(ThrowableCollector.java:73)
	at org.junit.jupiter.engine.descriptor.TestMethodTestDescriptor.invokeTestMethod(TestMethodTestDescriptor.java:206)
	at org.junit.jupiter.engine.descriptor.TestMethodTestDescriptor.execute(TestMethodTestDescriptor.java:131)
	at org.junit.jupiter.engine.descriptor.TestMethodTestDescriptor.execute(TestMethodTestDescriptor.java:65)
	at org.junit.platform.engine.support.hierarchical.NodeTestTask.lambda$executeRecursively$5(NodeTestTask.java:139)
	at org.junit.platform.engine.support.hierarchical.ThrowableCollector.execute(ThrowableCollector.java:73)
	at org.junit.platform.engine.support.hierarchical.NodeTestTask.lambda$executeRecursively$7(NodeTestTask.java:129)
	at org.junit.platform.engine.support.hierarchical.Node.around(Node.java:137)
	at org.junit.platform.engine.support.hierarchical.NodeTestTask.lambda$executeRecursively$8(NodeTestTask.java:127)
	at org.junit.platform.engine.support.hierarchical.ThrowableCollector.execute(ThrowableCollector.java:73)
	at org.junit.platform.engine.support.hierarchical.NodeTestTask.executeRecursively(NodeTestTask.java:126)
	at org.junit.platform.engine.support.hierarchical.NodeTestTask.execute(NodeTestTask.java:84)
	at org.junit.platform.engine.support.hierarchical.SameThreadHierarchicalTestExecutorService.submit(SameThreadHierarchicalTestExecutorService.java:32)
	at org.junit.platform.engine.support.hierarchical.NodeTestTask$DefaultDynamicTestExecutor.execute(NodeTestTask.java:212)
	at org.junit.platform.engine.support.hierarchical.NodeTestTask$DefaultDynamicTestExecutor.execute(NodeTestTask.java:192)
	at org.junit.jupiter.engine.descriptor.TestTemplateTestDescriptor.execute(TestTemplateTestDescriptor.java:139)
	at org.junit.jupiter.engine.descriptor.TestTemplateTestDescriptor.lambda$execute$2(TestTemplateTestDescriptor.java:107)
	at java.base/java.util.stream.ForEachOps$ForEachOp$OfRef.accept(ForEachOps.java:184)
	at java.base/java.util.stream.ReferencePipeline$3$1.accept(ReferencePipeline.java:215)
	at java.base/java.util.stream.ReferencePipeline$2$1.accept(ReferencePipeline.java:197)
	at java.base/java.util.stream.ReferencePipeline$3$1.accept(ReferencePipeline.java:215)
	at java.base/java.util.stream.ForEachOps$ForEachOp$OfRef.accept(ForEachOps.java:184)
	at java.base/java.util.stream.ReferencePipeline$15$1.accept(ReferencePipeline.java:581)
	at java.base/java.util.stream.ReferencePipeline$3$1.accept(ReferencePipeline.java:215)
	at java.base/java.util.stream.ReferencePipeline$3$1.accept(ReferencePipeline.java:215)
	at java.base/java.util.stream.ReferencePipeline$3$1.accept(ReferencePipeline.java:215)
	at java.base/java.util.stream.ForEachOps$ForEachOp$OfRef.accept(ForEachOps.java:184)
	at java.base/java.util.stream.ReferencePipeline$3$1.accept(ReferencePipeline.java:215)
	at java.base/java.util.stream.ForEachOps$ForEachOp$OfRef.accept(ForEachOps.java:184)
	at java.base/java.util.stream.ReferencePipeline$3$1.accept(ReferencePipeline.java:215)
	at java.base/java.util.stream.ReferencePipeline$3$1.accept(ReferencePipeline.java:215)
	at java.base/java.util.stream.ReferencePipeline$2$1.accept(ReferencePipeline.java:197)
	at java.base/java.util.ArrayList$ArrayListSpliterator.forEachRemaining(ArrayList.java:1709)
	at java.base/java.util.stream.AbstractPipeline.copyInto(AbstractPipeline.java:570)
	at java.base/java.util.stream.AbstractPipeline.wrapAndCopyInto(AbstractPipeline.java:560)
	at java.base/java.util.stream.ForEachOps$ForEachOp.evaluateSequential(ForEachOps.java:151)
	at java.base/java.util.stream.ForEachOps$ForEachOp$OfRef.evaluateSequential(ForEachOps.java:174)
	at java.base/java.util.stream.AbstractPipeline.evaluate(AbstractPipeline.java:265)
	at java.base/java.util.stream.ReferencePipeline.forEach(ReferencePipeline.java:636)
	at java.base/java.util.stream.ReferencePipeline$7$1FlatMap.accept(ReferencePipeline.java:294)
	at java.base/java.util.stream.ReferencePipeline$3$1.accept(ReferencePipeline.java:215)
	at java.base/java.util.stream.ReferencePipeline$3$1.accept(ReferencePipeline.java:215)
	at java.base/java.util.Spliterators$ArraySpliterator.forEachRemaining(Spliterators.java:1024)
	at java.base/java.util.stream.AbstractPipeline.copyInto(AbstractPipeline.java:570)
	at java.base/java.util.stream.AbstractPipeline.wrapAndCopyInto(AbstractPipeline.java:560)
	at java.base/java.util.stream.ForEachOps$ForEachOp.evaluateSequential(ForEachOps.java:151)
	at java.base/java.util.stream.ForEachOps$ForEachOp$OfRef.evaluateSequential(ForEachOps.java:174)
	at java.base/java.util.stream.AbstractPipeline.evaluate(AbstractPipeline.java:265)
	at java.base/java.util.stream.ReferencePipeline.forEach(ReferencePipeline.java:636)
	at java.base/java.util.stream.ReferencePipeline$7$1FlatMap.accept(ReferencePipeline.java:294)
	at java.base/java.util.stream.ReferencePipeline$3$1.accept(ReferencePipeline.java:215)
	at java.base/java.util.stream.ReferencePipeline$3$1.accept(ReferencePipeline.java:215)
	at java.base/java.util.stream.ReferencePipeline$3$1.accept(ReferencePipeline.java:215)
	at java.base/java.util.ArrayList$ArrayListSpliterator.forEachRemaining(ArrayList.java:1709)
	at java.base/java.util.stream.AbstractPipeline.copyInto(AbstractPipeline.java:570)
	at java.base/java.util.stream.AbstractPipeline.wrapAndCopyInto(AbstractPipeline.java:560)
	at java.base/java.util.stream.ForEachOps$ForEachOp.evaluateSequential(ForEachOps.java:151)
	at java.base/java.util.stream.ForEachOps$ForEachOp$OfRef.evaluateSequential(ForEachOps.java:174)
	at java.base/java.util.stream.AbstractPipeline.evaluate(AbstractPipeline.java:265)
	at java.base/java.util.stream.ReferencePipeline.forEach(ReferencePipeline.java:636)
	at java.base/java.util.stream.ReferencePipeline$7$1FlatMap.accept(ReferencePipeline.java:294)
	at java.base/java.util.ArrayList$ArrayListSpliterator.forEachRemaining(ArrayList.java:1709)
	at java.base/java.util.stream.AbstractPipeline.copyInto(AbstractPipeline.java:570)
	at java.base/java.util.stream.AbstractPipeline.wrapAndCopyInto(AbstractPipeline.java:560)
	at java.base/java.util.stream.ForEachOps$ForEachOp.evaluateSequential(ForEachOps.java:151)
	at java.base/java.util.stream.ForEachOps$ForEachOp$OfRef.evaluateSequential(ForEachOps.java:174)
	at java.base/java.util.stream.AbstractPipeline.evaluate(AbstractPipeline.java:265)
	at java.base/java.util.stream.ReferencePipeline.forEach(ReferencePipeline.java:636)
	at org.junit.jupiter.engine.descriptor.TestTemplateTestDescriptor.execute(TestTemplateTestDescriptor.java:107)
	at org.junit.jupiter.engine.descriptor.TestTemplateTestDescriptor.execute(TestTemplateTestDescriptor.java:42)
	at org.junit.platform.engine.support.hierarchical.NodeTestTask.lambda$executeRecursively$5(NodeTestTask.java:139)
	at org.junit.platform.engine.support.hierarchical.ThrowableCollector.execute(ThrowableCollector.java:73)
	at org.junit.platform.engine.support.hierarchical.NodeTestTask.lambda$executeRecursively$7(NodeTestTask.java:129)
	at org.junit.platform.engine.support.hierarchical.Node.around(Node.java:137)
	at org.junit.platform.engine.support.hierarchical.NodeTestTask.lambda$executeRecursively$8(NodeTestTask.java:127)
	at org.junit.platform.engine.support.hierarchical.ThrowableCollector.execute(ThrowableCollector.java:73)
	at org.junit.platform.engine.support.hierarchical.NodeTestTask.executeRecursively(NodeTestTask.java:126)
	at org.junit.platform.engine.support.hierarchical.NodeTestTask.execute(NodeTestTask.java:84)
	at java.base/java.util.ArrayList.forEach(ArrayList.java:1597)
	at org.junit.platform.engine.support.hierarchical.SameThreadHierarchicalTestExecutorService.invokeAll(SameThreadHierarchicalTestExecutorService.java:38)
	at org.junit.platform.engine.support.hierarchical.NodeTestTask.lambda$executeRecursively$5(NodeTestTask.java:143)
	at org.junit.platform.engine.support.hierarchical.ThrowableCollector.execute(ThrowableCollector.java:73)
	at org.junit.platform.engine.support.hierarchical.NodeTestTask.lambda$executeRecursively$7(NodeTestTask.java:129)
	at org.junit.platform.engine.support.hierarchical.Node.around(Node.java:137)
	at org.junit.platform.engine.support.hierarchical.NodeTestTask.lambda$executeRecursively$8(NodeTestTask.java:127)
	at org.junit.platform.engine.support.hierarchical.ThrowableCollector.execute(ThrowableCollector.java:73)
	at org.junit.platform.engine.support.hierarchical.NodeTestTask.executeRecursively(NodeTestTask.java:126)
	at org.junit.platform.engine.support.hierarchical.NodeTestTask.execute(NodeTestTask.java:84)
	at java.base/java.util.ArrayList.forEach(ArrayList.java:1597)
	at org.junit.platform.engine.support.hierarchical.SameThreadHierarchicalTestExecutorService.invokeAll(SameThreadHierarchicalTestExecutorService.java:38)
	at org.junit.platform.engine.support.hierarchical.NodeTestTask.lambda$executeRecursively$5(NodeTestTask.java:143)
	at org.junit.platform.engine.support.hierarchical.ThrowableCollector.execute(ThrowableCollector.java:73)
	at org.junit.platform.engine.support.hierarchical.NodeTestTask.lambda$executeRecursively$7(NodeTestTask.java:129)
	at org.junit.platform.engine.support.hierarchical.Node.around(Node.java:137)
	at org.junit.platform.engine.support.hierarchical.NodeTestTask.lambda$executeRecursively$8(NodeTestTask.java:127)
	at org.junit.platform.engine.support.hierarchical.ThrowableCollector.execute(ThrowableCollector.java:73)
	at org.junit.platform.engine.support.hierarchical.NodeTestTask.executeRecursively(NodeTestTask.java:126)
	at org.junit.platform.engine.support.hierarchical.NodeTestTask.execute(NodeTestTask.java:84)
	at org.junit.platform.engine.support.hierarchical.SameThreadHierarchicalTestExecutorService.submit(SameThreadHierarchicalTestExecutorService.java:32)
	at org.junit.platform.engine.support.hierarchical.HierarchicalTestExecutor.execute(HierarchicalTestExecutor.java:57)
	at org.junit.platform.engine.support.hierarchical.HierarchicalTestEngine.execute(HierarchicalTestEngine.java:51)
	at org.junit.platform.launcher.core.EngineExecutionOrchestrator.execute(EngineExecutionOrchestrator.java:108)
	at org.junit.platform.launcher.core.EngineExecutionOrchestrator.execute(EngineExecutionOrchestrator.java:88)
	at org.junit.platform.launcher.core.EngineExecutionOrchestrator.lambda$execute$0(EngineExecutionOrchestrator.java:54)
	at org.junit.platform.launcher.core.EngineExecutionOrchestrator.withInterceptedStreams(EngineExecutionOrchestrator.java:67)
	at org.junit.platform.launcher.core.EngineExecutionOrchestrator.execute(EngineExecutionOrchestrator.java:52)
	at org.junit.platform.launcher.core.DefaultLauncher.execute(DefaultLauncher.java:96)
	at org.junit.platform.launcher.core.DefaultLauncher.execute(DefaultLauncher.java:75)
	at org.junit.platform.console.tasks.ConsoleTestExecutor.executeTests(ConsoleTestExecutor.java:66)
	at org.junit.platform.console.tasks.ConsoleTestExecutor.lambda$execute$0(ConsoleTestExecutor.java:58)
	at org.junit.platform.console.tasks.CustomContextClassLoaderExecutor.replaceThreadContextClassLoaderAndInvoke(CustomContextClassLoaderExecutor.java:41)
	at org.junit.platform.console.tasks.CustomContextClassLoaderExecutor.invoke(CustomContextClassLoaderExecutor.java:31)
	at org.junit.platform.console.tasks.ConsoleTestExecutor.execute(ConsoleTestExecutor.java:58)
	at org.junit.platform.console.ConsoleLauncher.executeTests(ConsoleLauncher.java:95)
	at org.junit.platform.console.ConsoleLauncher.execute(ConsoleLauncher.java:73)
	at org.junit.platform.console.ConsoleLauncher.execute(ConsoleLauncher.java:50)
	at org.junit.platform.console.ConsoleLauncher.execute(ConsoleLauncher.java:43)
	at org.junit.platform.console.ConsoleLauncher.main(ConsoleLauncher.java:37)
]]></failure>
<system-out><![CDATA[
unique-id: [engine:junit-jupiter]/[class:pilesimple.test.PileIntTest]/[test-template:testEmpiler(pilesimple.PileInt, int)]/[test-template-invocation:#16]
display-name: [16] PileInt(0/7):[], 8
]]></system-out>
</testcase>
<testcase name="testEmpiler(PileInt, int)[17]" classname="pilesimple.test.PileIntTest" time="0">
<failure message="expected: &lt;880401299&gt; but was: &lt;29&gt;" type="org.opentest4j.AssertionFailedError"><![CDATA[org.opentest4j.AssertionFailedError: expected: <880401299> but was: <29>
	at org.junit.jupiter.api.AssertionUtils.fail(AssertionUtils.java:55)
	at org.junit.jupiter.api.AssertionUtils.failNotEqual(AssertionUtils.java:62)
	at org.junit.jupiter.api.AssertEquals.assertEquals(AssertEquals.java:150)
	at org.junit.jupiter.api.AssertEquals.assertEquals(AssertEquals.java:145)
	at org.junit.jupiter.api.Assertions.assertEquals(Assertions.java:510)
	at pilesimple.test.PileIntTest.testEmpiler(PileIntTest.java:328)
	at java.base/jdk.internal.reflect.DirectMethodHandleAccessor.invoke(DirectMethodHandleAccessor.java:103)
	at java.base/java.lang.reflect.Method.invoke(Method.java:580)
	at org.junit.platform.commons.util.ReflectionUtils.invokeMethod(ReflectionUtils.java:688)
	at org.junit.jupiter.engine.execution.MethodInvocation.proceed(MethodInvocation.java:60)
	at org.junit.jupiter.engine.execution.InvocationInterceptorChain$ValidatingInvocation.proceed(InvocationInterceptorChain.java:131)
	at org.junit.jupiter.engine.extension.TimeoutExtension.intercept(TimeoutExtension.java:149)
	at org.junit.jupiter.engine.extension.TimeoutExtension.interceptTestableMethod(TimeoutExtension.java:140)
	at org.junit.jupiter.engine.extension.TimeoutExtension.interceptTestTemplateMethod(TimeoutExtension.java:92)
	at org.junit.jupiter.engine.execution.ExecutableInvoker$ReflectiveInterceptorCall.lambda$ofVoidMethod$0(ExecutableInvoker.java:115)
	at org.junit.jupiter.engine.execution.ExecutableInvoker.lambda$invoke$0(ExecutableInvoker.java:105)
	at org.junit.jupiter.engine.execution.InvocationInterceptorChain$InterceptedInvocation.proceed(InvocationInterceptorChain.java:106)
	at org.junit.jupiter.engine.execution.InvocationInterceptorChain.proceed(InvocationInterceptorChain.java:64)
	at org.junit.jupiter.engine.execution.InvocationInterceptorChain.chainAndInvoke(InvocationInterceptorChain.java:45)
	at org.junit.jupiter.engine.execution.InvocationInterceptorChain.invoke(InvocationInterceptorChain.java:37)
	at org.junit.jupiter.engine.execution.ExecutableInvoker.invoke(ExecutableInvoker.java:104)
	at org.junit.jupiter.engine.execution.ExecutableInvoker.invoke(ExecutableInvoker.java:98)
	at org.junit.jupiter.engine.descriptor.TestMethodTestDescriptor.lambda$invokeTestMethod$6(TestMethodTestDescriptor.java:210)
	at org.junit.platform.engine.support.hierarchical.ThrowableCollector.execute(ThrowableCollector.java:73)
	at org.junit.jupiter.engine.descriptor.TestMethodTestDescriptor.invokeTestMethod(TestMethodTestDescriptor.java:206)
	at org.junit.jupiter.engine.descriptor.TestMethodTestDescriptor.execute(TestMethodTestDescriptor.java:131)
	at org.junit.jupiter.engine.descriptor.TestMethodTestDescriptor.execute(TestMethodTestDescriptor.java:65)
	at org.junit.platform.engine.support.hierarchical.NodeTestTask.lambda$executeRecursively$5(NodeTestTask.java:139)
	at org.junit.platform.engine.support.hierarchical.ThrowableCollector.execute(ThrowableCollector.java:73)
	at org.junit.platform.engine.support.hierarchical.NodeTestTask.lambda$executeRecursively$7(NodeTestTask.java:129)
	at org.junit.platform.engine.support.hierarchical.Node.around(Node.java:137)
	at org.junit.platform.engine.support.hierarchical.NodeTestTask.lambda$executeRecursively$8(NodeTestTask.java:127)
	at org.junit.platform.engine.support.hierarchical.ThrowableCollector.execute(ThrowableCollector.java:73)
	at org.junit.platform.engine.support.hierarchical.NodeTestTask.executeRecursively(NodeTestTask.java:126)
	at org.junit.platform.engine.support.hierarchical.NodeTestTask.execute(NodeTestTask.java:84)
	at org.junit.platform.engine.support.hierarchical.SameThreadHierarchicalTestExecutorService.submit(SameThreadHierarchicalTestExecutorService.java:32)
	at org.junit.platform.engine.support.hierarchical.NodeTestTask$DefaultDynamicTestExecutor.execute(NodeTestTask.java:212)
	at org.junit.platform.engine.support.hierarchical.NodeTestTask$DefaultDynamicTestExecutor.execute(NodeTestTask.java:192)
	at org.junit.jupiter.engine.descriptor.TestTemplateTestDescriptor.execute(TestTemplateTestDescriptor.java:139)
	at org.junit.jupiter.engine.descriptor.TestTemplateTestDescriptor.lambda$execute$2(TestTemplateTestDescriptor.java:107)
	at java.base/java.util.stream.ForEachOps$ForEachOp$OfRef.accept(ForEachOps.java:184)
	at java.base/java.util.stream.ReferencePipeline$3$1.accept(ReferencePipeline.java:215)
	at java.base/java.util.stream.ReferencePipeline$2$1.accept(ReferencePipeline.java:197)
	at java.base/java.util.stream.ReferencePipeline$3$1.accept(ReferencePipeline.java:215)
	at java.base/java.util.stream.ForEachOps$ForEachOp$OfRef.accept(ForEachOps.java:184)
	at java.base/java.util.stream.ReferencePipeline$15$1.accept(ReferencePipeline.java:581)
	at java.base/java.util.stream.ReferencePipeline$3$1.accept(ReferencePipeline.java:215)
	at java.base/java.util.stream.ReferencePipeline$3$1.accept(ReferencePipeline.java:215)
	at java.base/java.util.stream.ReferencePipeline$3$1.accept(ReferencePipeline.java:215)
	at java.base/java.util.stream.ForEachOps$ForEachOp$OfRef.accept(ForEachOps.java:184)
	at java.base/java.util.stream.ReferencePipeline$3$1.accept(ReferencePipeline.java:215)
	at java.base/java.util.stream.ForEachOps$ForEachOp$OfRef.accept(ForEachOps.java:184)
	at java.base/java.util.stream.ReferencePipeline$3$1.accept(ReferencePipeline.java:215)
	at java.base/java.util.stream.ReferencePipeline$3$1.accept(ReferencePipeline.java:215)
	at java.base/java.util.stream.ReferencePipeline$2$1.accept(ReferencePipeline.java:197)
	at java.base/java.util.ArrayList$ArrayListSpliterator.forEachRemaining(ArrayList.java:1709)
	at java.base/java.util.stream.AbstractPipeline.copyInto(AbstractPipeline.java:570)
	at java.base/java.util.stream.AbstractPipeline.wrapAndCopyInto(AbstractPipeline.java:560)
	at java.base/java.util.stream.ForEachOps$ForEachOp.evaluateSequential(ForEachOps.java:151)
	at java.base/java.util.stream.ForEachOps$ForEachOp$OfRef.evaluateSequential(ForEachOps.java:174)
	at java.base/java.util.stream.AbstractPipeline.evaluate(AbstractPipeline.java:265)
	at java.base/java.util.stream.ReferencePipeline.forEach(ReferencePipeline.java:636)
	at java.base/java.util.stream.ReferencePipeline$7$1FlatMap.accept(ReferencePipeline.java:294)
	at java.base/java.util.stream.ReferencePipeline$3$1.accept(ReferencePipeline.java:215)
	at java.base/java.util.stream.ReferencePipeline$3$1.accept(ReferencePipeline.java:215)
	at java.base/java.util.Spliterators$ArraySpliterator.forEachRemaining(Spliterators.java:1024)
	at java.base/java.util.stream.AbstractPipeline.copyInto(AbstractPipeline.java:570)
	at java.base/java.util.stream.AbstractPipeline.wrapAndCopyInto(AbstractPipeline.java:560)
	at java.base/java.util.stream.ForEachOps$ForEachOp.evaluateSequential(ForEachOps.java:151)
	at java.base/java.util.stream.ForEachOps$ForEachOp$OfRef.evaluateSequential(ForEachOps.java:174)
	at java.base/java.util.stream.AbstractPipeline.evaluate(AbstractPipeline.java:265)
	at java.base/java.util.stream.ReferencePipeline.forEach(ReferencePipeline.java:636)
	at java.base/java.util.stream.ReferencePipeline$7$1FlatMap.accept(ReferencePipeline.java:294)
	at java.base/java.util.stream.ReferencePipeline$3$1.accept(ReferencePipeline.java:215)
	at java.base/java.util.stream.ReferencePipeline$3$1.accept(ReferencePipeline.java:215)
	at java.base/java.util.stream.ReferencePipeline$3$1.accept(ReferencePipeline.java:215)
	at java.base/java.util.ArrayList$ArrayListSpliterator.forEachRemaining(ArrayList.java:1709)
	at java.base/java.util.stream.AbstractPipeline.copyInto(AbstractPipeline.java:570)
	at java.base/java.util.stream.AbstractPipeline.wrapAndCopyInto(AbstractPipeline.java:560)
	at java.base/java.util.stream.ForEachOps$ForEachOp.evaluateSequential(ForEachOps.java:151)
	at java.base/java.util.stream.ForEachOps$ForEachOp$OfRef.evaluateSequential(ForEachOps.java:174)
	at java.base/java.util.stream.AbstractPipeline.evaluate(AbstractPipeline.java:265)
	at java.base/java.util.stream.ReferencePipeline.forEach(ReferencePipeline.java:636)
	at java.base/java.util.stream.ReferencePipeline$7$1FlatMap.accept(ReferencePipeline.java:294)
	at java.base/java.util.ArrayList$ArrayListSpliterator.forEachRemaining(ArrayList.java:1709)
	at java.base/java.util.stream.AbstractPipeline.copyInto(AbstractPipeline.java:570)
	at java.base/java.util.stream.AbstractPipeline.wrapAndCopyInto(AbstractPipeline.java:560)
	at java.base/java.util.stream.ForEachOps$ForEachOp.evaluateSequential(ForEachOps.java:151)
	at java.base/java.util.stream.ForEachOps$ForEachOp$OfRef.evaluateSequential(ForEachOps.java:174)
	at java.base/java.util.stream.AbstractPipeline.evaluate(AbstractPipeline.java:265)
	at java.base/java.util.stream.ReferencePipeline.forEach(ReferencePipeline.java:636)
	at org.junit.jupiter.engine.descriptor.TestTemplateTestDescriptor.execute(TestTemplateTestDescriptor.java:107)
	at org.junit.jupiter.engine.descriptor.TestTemplateTestDescriptor.execute(TestTemplateTestDescriptor.java:42)
	at org.junit.platform.engine.support.hierarchical.NodeTestTask.lambda$executeRecursively$5(NodeTestTask.java:139)
	at org.junit.platform.engine.support.hierarchical.ThrowableCollector.execute(ThrowableCollector.java:73)
	at org.junit.platform.engine.support.hierarchical.NodeTestTask.lambda$executeRecursively$7(NodeTestTask.java:129)
	at org.junit.platform.engine.support.hierarchical.Node.around(Node.java:137)
	at org.junit.platform.engine.support.hierarchical.NodeTestTask.lambda$executeRecursively$8(NodeTestTask.java:127)
	at org.junit.platform.engine.support.hierarchical.ThrowableCollector.execute(ThrowableCollector.java:73)
	at org.junit.platform.engine.support.hierarchical.NodeTestTask.executeRecursively(NodeTestTask.java:126)
	at org.junit.platform.engine.support.hierarchical.NodeTestTask.execute(NodeTestTask.java:84)
	at java.base/java.util.ArrayList.forEach(ArrayList.java:1597)
	at org.junit.platform.engine.support.hierarchical.SameThreadHierarchicalTestExecutorService.invokeAll(SameThreadHierarchicalTestExecutorService.java:38)
	at org.junit.platform.engine.support.hierarchical.NodeTestTask.lambda$executeRecursively$5(NodeTestTask.java:143)
	at org.junit.platform.engine.support.hierarchical.ThrowableCollector.execute(ThrowableCollector.java:73)
	at org.junit.platform.engine.support.hierarchical.NodeTestTask.lambda$executeRecursively$7(NodeTestTask.java:129)
	at org.junit.platform.engine.support.hierarchical.Node.around(Node.java:137)
	at org.junit.platform.engine.support.hierarchical.NodeTestTask.lambda$executeRecursively$8(NodeTestTask.java:127)
	at org.junit.platform.engine.support.hierarchical.ThrowableCollector.execute(ThrowableCollector.java:73)
	at org.junit.platform.engine.support.hierarchical.NodeTestTask.executeRecursively(NodeTestTask.java:126)
	at org.junit.platform.engine.support.hierarchical.NodeTestTask.execute(NodeTestTask.java:84)
	at java.base/java.util.ArrayList.forEach(ArrayList.java:1597)
	at org.junit.platform.engine.support.hierarchical.SameThreadHierarchicalTestExecutorService.invokeAll(SameThreadHierarchicalTestExecutorService.java:38)
	at org.junit.platform.engine.support.hierarchical.NodeTestTask.lambda$executeRecursively$5(NodeTestTask.java:143)
	at org.junit.platform.engine.support.hierarchical.ThrowableCollector.execute(ThrowableCollector.java:73)
	at org.junit.platform.engine.support.hierarchical.NodeTestTask.lambda$executeRecursively$7(NodeTestTask.java:129)
	at org.junit.platform.engine.support.hierarchical.Node.around(Node.java:137)
	at org.junit.platform.engine.support.hierarchical.NodeTestTask.lambda$executeRecursively$8(NodeTestTask.java:127)
	at org.junit.platform.engine.support.hierarchical.ThrowableCollector.execute(ThrowableCollector.java:73)
	at org.junit.platform.engine.support.hierarchical.NodeTestTask.executeRecursively(NodeTestTask.java:126)
	at org.junit.platform.engine.support.hierarchical.NodeTestTask.execute(NodeTestTask.java:84)
	at org.junit.platform.engine.support.hierarchical.SameThreadHierarchicalTestExecutorService.submit(SameThreadHierarchicalTestExecutorService.java:32)
	at org.junit.platform.engine.support.hierarchical.HierarchicalTestExecutor.execute(HierarchicalTestExecutor.java:57)
	at org.junit.platform.engine.support.hierarchical.HierarchicalTestEngine.execute(HierarchicalTestEngine.java:51)
	at org.junit.platform.launcher.core.EngineExecutionOrchestrator.execute(EngineExecutionOrchestrator.java:108)
	at org.junit.platform.launcher.core.EngineExecutionOrchestrator.execute(EngineExecutionOrchestrator.java:88)
	at org.junit.platform.launcher.core.EngineExecutionOrchestrator.lambda$execute$0(EngineExecutionOrchestrator.java:54)
	at org.junit.platform.launcher.core.EngineExecutionOrchestrator.withInterceptedStreams(EngineExecutionOrchestrator.java:67)
	at org.junit.platform.launcher.core.EngineExecutionOrchestrator.execute(EngineExecutionOrchestrator.java:52)
	at org.junit.platform.launcher.core.DefaultLauncher.execute(DefaultLauncher.java:96)
	at org.junit.platform.launcher.core.DefaultLauncher.execute(DefaultLauncher.java:75)
	at org.junit.platform.console.tasks.ConsoleTestExecutor.executeTests(ConsoleTestExecutor.java:66)
	at org.junit.platform.console.tasks.ConsoleTestExecutor.lambda$execute$0(ConsoleTestExecutor.java:58)
	at org.junit.platform.console.tasks.CustomContextClassLoaderExecutor.replaceThreadContextClassLoaderAndInvoke(CustomContextClassLoaderExecutor.java:41)
	at org.junit.platform.console.tasks.CustomContextClassLoaderExecutor.invoke(CustomContextClassLoaderExecutor.java:31)
	at org.junit.platform.console.tasks.ConsoleTestExecutor.execute(ConsoleTestExecutor.java:58)
	at org.junit.platform.console.ConsoleLauncher.executeTests(ConsoleLauncher.java:95)
	at org.junit.platform.console.ConsoleLauncher.execute(ConsoleLauncher.java:73)
	at org.junit.platform.console.ConsoleLauncher.execute(ConsoleLauncher.java:50)
	at org.junit.platform.console.ConsoleLauncher.execute(ConsoleLauncher.java:43)
	at org.junit.platform.console.ConsoleLauncher.main(ConsoleLauncher.java:37)
]]></failure>
<system-out><![CDATA[
unique-id: [engine:junit-jupiter]/[class:pilesimple.test.PileIntTest]/[test-template:testEmpiler(pilesimple.PileInt, int)]/[test-template-invocation:#17]
display-name: [17] PileInt(5/16):[1362992196 -2080071938 1590300961 -1725722911 682324868 ], 29
]]></system-out>
</testcase>
<testcase name="testEmpiler(PileInt, int)[18]" classname="pilesimple.test.PileIntTest" time="0">
<failure message="expected: &lt;1301858620&gt; but was: &lt;46&gt;" type="org.opentest4j.AssertionFailedError"><![CDATA[org.opentest4j.AssertionFailedError: expected: <1301858620> but was: <46>
	at org.junit.jupiter.api.AssertionUtils.fail(AssertionUtils.java:55)
	at org.junit.jupiter.api.AssertionUtils.failNotEqual(AssertionUtils.java:62)
	at org.junit.jupiter.api.AssertEquals.assertEquals(AssertEquals.java:150)
	at org.junit.jupiter.api.AssertEquals.assertEquals(AssertEquals.java:145)
	at org.junit.jupiter.api.Assertions.assertEquals(Assertions.java:510)
	at pilesimple.test.PileIntTest.testEmpiler(PileIntTest.java:328)
	at java.base/jdk.internal.reflect.DirectMethodHandleAccessor.invoke(DirectMethodHandleAccessor.java:103)
	at java.base/java.lang.reflect.Method.invoke(Method.java:580)
	at org.junit.platform.commons.util.ReflectionUtils.invokeMethod(ReflectionUtils.java:688)
	at org.junit.jupiter.engine.execution.MethodInvocation.proceed(MethodInvocation.java:60)
	at org.junit.jupiter.engine.execution.InvocationInterceptorChain$ValidatingInvocation.proceed(InvocationInterceptorChain.java:131)
	at org.junit.jupiter.engine.extension.TimeoutExtension.intercept(TimeoutExtension.java:149)
	at org.junit.jupiter.engine.extension.TimeoutExtension.interceptTestableMethod(TimeoutExtension.java:140)
	at org.junit.jupiter.engine.extension.TimeoutExtension.interceptTestTemplateMethod(TimeoutExtension.java:92)
	at org.junit.jupiter.engine.execution.ExecutableInvoker$ReflectiveInterceptorCall.lambda$ofVoidMethod$0(ExecutableInvoker.java:115)
	at org.junit.jupiter.engine.execution.ExecutableInvoker.lambda$invoke$0(ExecutableInvoker.java:105)
	at org.junit.jupiter.engine.execution.InvocationInterceptorChain$InterceptedInvocation.proceed(InvocationInterceptorChain.java:106)
	at org.junit.jupiter.engine.execution.InvocationInterceptorChain.proceed(InvocationInterceptorChain.java:64)
	at org.junit.jupiter.engine.execution.InvocationInterceptorChain.chainAndInvoke(InvocationInterceptorChain.java:45)
	at org.junit.jupiter.engine.execution.InvocationInterceptorChain.invoke(InvocationInterceptorChain.java:37)
	at org.junit.jupiter.engine.execution.ExecutableInvoker.invoke(ExecutableInvoker.java:104)
	at org.junit.jupiter.engine.execution.ExecutableInvoker.invoke(ExecutableInvoker.java:98)
	at org.junit.jupiter.engine.descriptor.TestMethodTestDescriptor.lambda$invokeTestMethod$6(TestMethodTestDescriptor.java:210)
	at org.junit.platform.engine.support.hierarchical.ThrowableCollector.execute(ThrowableCollector.java:73)
	at org.junit.jupiter.engine.descriptor.TestMethodTestDescriptor.invokeTestMethod(TestMethodTestDescriptor.java:206)
	at org.junit.jupiter.engine.descriptor.TestMethodTestDescriptor.execute(TestMethodTestDescriptor.java:131)
	at org.junit.jupiter.engine.descriptor.TestMethodTestDescriptor.execute(TestMethodTestDescriptor.java:65)
	at org.junit.platform.engine.support.hierarchical.NodeTestTask.lambda$executeRecursively$5(NodeTestTask.java:139)
	at org.junit.platform.engine.support.hierarchical.ThrowableCollector.execute(ThrowableCollector.java:73)
	at org.junit.platform.engine.support.hierarchical.NodeTestTask.lambda$executeRecursively$7(NodeTestTask.java:129)
	at org.junit.platform.engine.support.hierarchical.Node.around(Node.java:137)
	at org.junit.platform.engine.support.hierarchical.NodeTestTask.lambda$executeRecursively$8(NodeTestTask.java:127)
	at org.junit.platform.engine.support.hierarchical.ThrowableCollector.execute(ThrowableCollector.java:73)
	at org.junit.platform.engine.support.hierarchical.NodeTestTask.executeRecursively(NodeTestTask.java:126)
	at org.junit.platform.engine.support.hierarchical.NodeTestTask.execute(NodeTestTask.java:84)
	at org.junit.platform.engine.support.hierarchical.SameThreadHierarchicalTestExecutorService.submit(SameThreadHierarchicalTestExecutorService.java:32)
	at org.junit.platform.engine.support.hierarchical.NodeTestTask$DefaultDynamicTestExecutor.execute(NodeTestTask.java:212)
	at org.junit.platform.engine.support.hierarchical.NodeTestTask$DefaultDynamicTestExecutor.execute(NodeTestTask.java:192)
	at org.junit.jupiter.engine.descriptor.TestTemplateTestDescriptor.execute(TestTemplateTestDescriptor.java:139)
	at org.junit.jupiter.engine.descriptor.TestTemplateTestDescriptor.lambda$execute$2(TestTemplateTestDescriptor.java:107)
	at java.base/java.util.stream.ForEachOps$ForEachOp$OfRef.accept(ForEachOps.java:184)
	at java.base/java.util.stream.ReferencePipeline$3$1.accept(ReferencePipeline.java:215)
	at java.base/java.util.stream.ReferencePipeline$2$1.accept(ReferencePipeline.java:197)
	at java.base/java.util.stream.ReferencePipeline$3$1.accept(ReferencePipeline.java:215)
	at java.base/java.util.stream.ForEachOps$ForEachOp$OfRef.accept(ForEachOps.java:184)
	at java.base/java.util.stream.ReferencePipeline$15$1.accept(ReferencePipeline.java:581)
	at java.base/java.util.stream.ReferencePipeline$3$1.accept(ReferencePipeline.java:215)
	at java.base/java.util.stream.ReferencePipeline$3$1.accept(ReferencePipeline.java:215)
	at java.base/java.util.stream.ReferencePipeline$3$1.accept(ReferencePipeline.java:215)
	at java.base/java.util.stream.ForEachOps$ForEachOp$OfRef.accept(ForEachOps.java:184)
	at java.base/java.util.stream.ReferencePipeline$3$1.accept(ReferencePipeline.java:215)
	at java.base/java.util.stream.ForEachOps$ForEachOp$OfRef.accept(ForEachOps.java:184)
	at java.base/java.util.stream.ReferencePipeline$3$1.accept(ReferencePipeline.java:215)
	at java.base/java.util.stream.ReferencePipeline$3$1.accept(ReferencePipeline.java:215)
	at java.base/java.util.stream.ReferencePipeline$2$1.accept(ReferencePipeline.java:197)
	at java.base/java.util.ArrayList$ArrayListSpliterator.forEachRemaining(ArrayList.java:1709)
	at java.base/java.util.stream.AbstractPipeline.copyInto(AbstractPipeline.java:570)
	at java.base/java.util.stream.AbstractPipeline.wrapAndCopyInto(AbstractPipeline.java:560)
	at java.base/java.util.stream.ForEachOps$ForEachOp.evaluateSequential(ForEachOps.java:151)
	at java.base/java.util.stream.ForEachOps$ForEachOp$OfRef.evaluateSequential(ForEachOps.java:174)
	at java.base/java.util.stream.AbstractPipeline.evaluate(AbstractPipeline.java:265)
	at java.base/java.util.stream.ReferencePipeline.forEach(ReferencePipeline.java:636)
	at java.base/java.util.stream.ReferencePipeline$7$1FlatMap.accept(ReferencePipeline.java:294)
	at java.base/java.util.stream.ReferencePipeline$3$1.accept(ReferencePipeline.java:215)
	at java.base/java.util.stream.ReferencePipeline$3$1.accept(ReferencePipeline.java:215)
	at java.base/java.util.Spliterators$ArraySpliterator.forEachRemaining(Spliterators.java:1024)
	at java.base/java.util.stream.AbstractPipeline.copyInto(AbstractPipeline.java:570)
	at java.base/java.util.stream.AbstractPipeline.wrapAndCopyInto(AbstractPipeline.java:560)
	at java.base/java.util.stream.ForEachOps$ForEachOp.evaluateSequential(ForEachOps.java:151)
	at java.base/java.util.stream.ForEachOps$ForEachOp$OfRef.evaluateSequential(ForEachOps.java:174)
	at java.base/java.util.stream.AbstractPipeline.evaluate(AbstractPipeline.java:265)
	at java.base/java.util.stream.ReferencePipeline.forEach(ReferencePipeline.java:636)
	at java.base/java.util.stream.ReferencePipeline$7$1FlatMap.accept(ReferencePipeline.java:294)
	at java.base/java.util.stream.ReferencePipeline$3$1.accept(ReferencePipeline.java:215)
	at java.base/java.util.stream.ReferencePipeline$3$1.accept(ReferencePipeline.java:215)
	at java.base/java.util.stream.ReferencePipeline$3$1.accept(ReferencePipeline.java:215)
	at java.base/java.util.ArrayList$ArrayListSpliterator.forEachRemaining(ArrayList.java:1709)
	at java.base/java.util.stream.AbstractPipeline.copyInto(AbstractPipeline.java:570)
	at java.base/java.util.stream.AbstractPipeline.wrapAndCopyInto(AbstractPipeline.java:560)
	at java.base/java.util.stream.ForEachOps$ForEachOp.evaluateSequential(ForEachOps.java:151)
	at java.base/java.util.stream.ForEachOps$ForEachOp$OfRef.evaluateSequential(ForEachOps.java:174)
	at java.base/java.util.stream.AbstractPipeline.evaluate(AbstractPipeline.java:265)
	at java.base/java.util.stream.ReferencePipeline.forEach(ReferencePipeline.java:636)
	at java.base/java.util.stream.ReferencePipeline$7$1FlatMap.accept(ReferencePipeline.java:294)
	at java.base/java.util.ArrayList$ArrayListSpliterator.forEachRemaining(ArrayList.java:1709)
	at java.base/java.util.stream.AbstractPipeline.copyInto(AbstractPipeline.java:570)
	at java.base/java.util.stream.AbstractPipeline.wrapAndCopyInto(AbstractPipeline.java:560)
	at java.base/java.util.stream.ForEachOps$ForEachOp.evaluateSequential(ForEachOps.java:151)
	at java.base/java.util.stream.ForEachOps$ForEachOp$OfRef.evaluateSequential(ForEachOps.java:174)
	at java.base/java.util.stream.AbstractPipeline.evaluate(AbstractPipeline.java:265)
	at java.base/java.util.stream.ReferencePipeline.forEach(ReferencePipeline.java:636)
	at org.junit.jupiter.engine.descriptor.TestTemplateTestDescriptor.execute(TestTemplateTestDescriptor.java:107)
	at org.junit.jupiter.engine.descriptor.TestTemplateTestDescriptor.execute(TestTemplateTestDescriptor.java:42)
	at org.junit.platform.engine.support.hierarchical.NodeTestTask.lambda$executeRecursively$5(NodeTestTask.java:139)
	at org.junit.platform.engine.support.hierarchical.ThrowableCollector.execute(ThrowableCollector.java:73)
	at org.junit.platform.engine.support.hierarchical.NodeTestTask.lambda$executeRecursively$7(NodeTestTask.java:129)
	at org.junit.platform.engine.support.hierarchical.Node.around(Node.java:137)
	at org.junit.platform.engine.support.hierarchical.NodeTestTask.lambda$executeRecursively$8(NodeTestTask.java:127)
	at org.junit.platform.engine.support.hierarchical.ThrowableCollector.execute(ThrowableCollector.java:73)
	at org.junit.platform.engine.support.hierarchical.NodeTestTask.executeRecursively(NodeTestTask.java:126)
	at org.junit.platform.engine.support.hierarchical.NodeTestTask.execute(NodeTestTask.java:84)
	at java.base/java.util.ArrayList.forEach(ArrayList.java:1597)
	at org.junit.platform.engine.support.hierarchical.SameThreadHierarchicalTestExecutorService.invokeAll(SameThreadHierarchicalTestExecutorService.java:38)
	at org.junit.platform.engine.support.hierarchical.NodeTestTask.lambda$executeRecursively$5(NodeTestTask.java:143)
	at org.junit.platform.engine.support.hierarchical.ThrowableCollector.execute(ThrowableCollector.java:73)
	at org.junit.platform.engine.support.hierarchical.NodeTestTask.lambda$executeRecursively$7(NodeTestTask.java:129)
	at org.junit.platform.engine.support.hierarchical.Node.around(Node.java:137)
	at org.junit.platform.engine.support.hierarchical.NodeTestTask.lambda$executeRecursively$8(NodeTestTask.java:127)
	at org.junit.platform.engine.support.hierarchical.ThrowableCollector.execute(ThrowableCollector.java:73)
	at org.junit.platform.engine.support.hierarchical.NodeTestTask.executeRecursively(NodeTestTask.java:126)
	at org.junit.platform.engine.support.hierarchical.NodeTestTask.execute(NodeTestTask.java:84)
	at java.base/java.util.ArrayList.forEach(ArrayList.java:1597)
	at org.junit.platform.engine.support.hierarchical.SameThreadHierarchicalTestExecutorService.invokeAll(SameThreadHierarchicalTestExecutorService.java:38)
	at org.junit.platform.engine.support.hierarchical.NodeTestTask.lambda$executeRecursively$5(NodeTestTask.java:143)
	at org.junit.platform.engine.support.hierarchical.ThrowableCollector.execute(ThrowableCollector.java:73)
	at org.junit.platform.engine.support.hierarchical.NodeTestTask.lambda$executeRecursively$7(NodeTestTask.java:129)
	at org.junit.platform.engine.support.hierarchical.Node.around(Node.java:137)
	at org.junit.platform.engine.support.hierarchical.NodeTestTask.lambda$executeRecursively$8(NodeTestTask.java:127)
	at org.junit.platform.engine.support.hierarchical.ThrowableCollector.execute(ThrowableCollector.java:73)
	at org.junit.platform.engine.support.hierarchical.NodeTestTask.executeRecursively(NodeTestTask.java:126)
	at org.junit.platform.engine.support.hierarchical.NodeTestTask.execute(NodeTestTask.java:84)
	at org.junit.platform.engine.support.hierarchical.SameThreadHierarchicalTestExecutorService.submit(SameThreadHierarchicalTestExecutorService.java:32)
	at org.junit.platform.engine.support.hierarchical.HierarchicalTestExecutor.execute(HierarchicalTestExecutor.java:57)
	at org.junit.platform.engine.support.hierarchical.HierarchicalTestEngine.execute(HierarchicalTestEngine.java:51)
	at org.junit.platform.launcher.core.EngineExecutionOrchestrator.execute(EngineExecutionOrchestrator.java:108)
	at org.junit.platform.launcher.core.EngineExecutionOrchestrator.execute(EngineExecutionOrchestrator.java:88)
	at org.junit.platform.launcher.core.EngineExecutionOrchestrator.lambda$execute$0(EngineExecutionOrchestrator.java:54)
	at org.junit.platform.launcher.core.EngineExecutionOrchestrator.withInterceptedStreams(EngineExecutionOrchestrator.java:67)
	at org.junit.platform.launcher.core.EngineExecutionOrchestrator.execute(EngineExecutionOrchestrator.java:52)
	at org.junit.platform.launcher.core.DefaultLauncher.execute(DefaultLauncher.java:96)
	at org.junit.platform.launcher.core.DefaultLauncher.execute(DefaultLauncher.java:75)
	at org.junit.platform.console.tasks.ConsoleTestExecutor.executeTests(ConsoleTestExecutor.java:66)
	at org.junit.platform.console.tasks.ConsoleTestExecutor.lambda$execute$0(ConsoleTestExecutor.java:58)
	at org.junit.platform.console.tasks.CustomContextClassLoaderExecutor.replaceThreadContextClassLoaderAndInvoke(CustomContextClassLoaderExecutor.java:41)
	at org.junit.platform.console.tasks.CustomContextClassLoaderExecutor.invoke(CustomContextClassLoaderExecutor.java:31)
	at org.junit.platform.console.tasks.ConsoleTestExecutor.execute(ConsoleTestExecutor.java:58)
	at org.junit.platform.console.ConsoleLauncher.executeTests(ConsoleLauncher.java:95)
	at org.junit.platform.console.ConsoleLauncher.execute(ConsoleLauncher.java:73)
	at org.junit.platform.console.ConsoleLauncher.execute(ConsoleLauncher.java:50)
	at org.junit.platform.console.ConsoleLauncher.execute(ConsoleLauncher.java:43)
	at org.junit.platform.console.ConsoleLauncher.main(ConsoleLauncher.java:37)
]]></failure>
<system-out><![CDATA[
unique-id: [engine:junit-jupiter]/[class:pilesimple.test.PileIntTest]/[test-template:testEmpiler(pilesimple.PileInt, int)]/[test-template-invocation:#18]
display-name: [18] PileInt(16/25):[-177297065 -317067174 1538678292 1459401015 764171947 -791717276 -1475135243 1373362923 104936572 1838652771 -10463901 -1839550882 1664723887 -799351692 -1803735371 1504195079 ], 46
]]></system-out>
</testcase>
<testcase name="testEmpiler(PileInt, int)[19]" classname="pilesimple.test.PileIntTest" time="0">
<failure message="expected: &lt;-2036874149&gt; but was: &lt;8&gt;" type="org.opentest4j.AssertionFailedError"><![CDATA[org.opentest4j.AssertionFailedError: expected: <-2036874149> but was: <8>
	at org.junit.jupiter.api.AssertionUtils.fail(AssertionUtils.java:55)
	at org.junit.jupiter.api.AssertionUtils.failNotEqual(AssertionUtils.java:62)
	at org.junit.jupiter.api.AssertEquals.assertEquals(AssertEquals.java:150)
	at org.junit.jupiter.api.AssertEquals.assertEquals(AssertEquals.java:145)
	at org.junit.jupiter.api.Assertions.assertEquals(Assertions.java:510)
	at pilesimple.test.PileIntTest.testEmpiler(PileIntTest.java:328)
	at java.base/jdk.internal.reflect.DirectMethodHandleAccessor.invoke(DirectMethodHandleAccessor.java:103)
	at java.base/java.lang.reflect.Method.invoke(Method.java:580)
	at org.junit.platform.commons.util.ReflectionUtils.invokeMethod(ReflectionUtils.java:688)
	at org.junit.jupiter.engine.execution.MethodInvocation.proceed(MethodInvocation.java:60)
	at org.junit.jupiter.engine.execution.InvocationInterceptorChain$ValidatingInvocation.proceed(InvocationInterceptorChain.java:131)
	at org.junit.jupiter.engine.extension.TimeoutExtension.intercept(TimeoutExtension.java:149)
	at org.junit.jupiter.engine.extension.TimeoutExtension.interceptTestableMethod(TimeoutExtension.java:140)
	at org.junit.jupiter.engine.extension.TimeoutExtension.interceptTestTemplateMethod(TimeoutExtension.java:92)
	at org.junit.jupiter.engine.execution.ExecutableInvoker$ReflectiveInterceptorCall.lambda$ofVoidMethod$0(ExecutableInvoker.java:115)
	at org.junit.jupiter.engine.execution.ExecutableInvoker.lambda$invoke$0(ExecutableInvoker.java:105)
	at org.junit.jupiter.engine.execution.InvocationInterceptorChain$InterceptedInvocation.proceed(InvocationInterceptorChain.java:106)
	at org.junit.jupiter.engine.execution.InvocationInterceptorChain.proceed(InvocationInterceptorChain.java:64)
	at org.junit.jupiter.engine.execution.InvocationInterceptorChain.chainAndInvoke(InvocationInterceptorChain.java:45)
	at org.junit.jupiter.engine.execution.InvocationInterceptorChain.invoke(InvocationInterceptorChain.java:37)
	at org.junit.jupiter.engine.execution.ExecutableInvoker.invoke(ExecutableInvoker.java:104)
	at org.junit.jupiter.engine.execution.ExecutableInvoker.invoke(ExecutableInvoker.java:98)
	at org.junit.jupiter.engine.descriptor.TestMethodTestDescriptor.lambda$invokeTestMethod$6(TestMethodTestDescriptor.java:210)
	at org.junit.platform.engine.support.hierarchical.ThrowableCollector.execute(ThrowableCollector.java:73)
	at org.junit.jupiter.engine.descriptor.TestMethodTestDescriptor.invokeTestMethod(TestMethodTestDescriptor.java:206)
	at org.junit.jupiter.engine.descriptor.TestMethodTestDescriptor.execute(TestMethodTestDescriptor.java:131)
	at org.junit.jupiter.engine.descriptor.TestMethodTestDescriptor.execute(TestMethodTestDescriptor.java:65)
	at org.junit.platform.engine.support.hierarchical.NodeTestTask.lambda$executeRecursively$5(NodeTestTask.java:139)
	at org.junit.platform.engine.support.hierarchical.ThrowableCollector.execute(ThrowableCollector.java:73)
	at org.junit.platform.engine.support.hierarchical.NodeTestTask.lambda$executeRecursively$7(NodeTestTask.java:129)
	at org.junit.platform.engine.support.hierarchical.Node.around(Node.java:137)
	at org.junit.platform.engine.support.hierarchical.NodeTestTask.lambda$executeRecursively$8(NodeTestTask.java:127)
	at org.junit.platform.engine.support.hierarchical.ThrowableCollector.execute(ThrowableCollector.java:73)
	at org.junit.platform.engine.support.hierarchical.NodeTestTask.executeRecursively(NodeTestTask.java:126)
	at org.junit.platform.engine.support.hierarchical.NodeTestTask.execute(NodeTestTask.java:84)
	at org.junit.platform.engine.support.hierarchical.SameThreadHierarchicalTestExecutorService.submit(SameThreadHierarchicalTestExecutorService.java:32)
	at org.junit.platform.engine.support.hierarchical.NodeTestTask$DefaultDynamicTestExecutor.execute(NodeTestTask.java:212)
	at org.junit.platform.engine.support.hierarchical.NodeTestTask$DefaultDynamicTestExecutor.execute(NodeTestTask.java:192)
	at org.junit.jupiter.engine.descriptor.TestTemplateTestDescriptor.execute(TestTemplateTestDescriptor.java:139)
	at org.junit.jupiter.engine.descriptor.TestTemplateTestDescriptor.lambda$execute$2(TestTemplateTestDescriptor.java:107)
	at java.base/java.util.stream.ForEachOps$ForEachOp$OfRef.accept(ForEachOps.java:184)
	at java.base/java.util.stream.ReferencePipeline$3$1.accept(ReferencePipeline.java:215)
	at java.base/java.util.stream.ReferencePipeline$2$1.accept(ReferencePipeline.java:197)
	at java.base/java.util.stream.ReferencePipeline$3$1.accept(ReferencePipeline.java:215)
	at java.base/java.util.stream.ForEachOps$ForEachOp$OfRef.accept(ForEachOps.java:184)
	at java.base/java.util.stream.ReferencePipeline$15$1.accept(ReferencePipeline.java:581)
	at java.base/java.util.stream.ReferencePipeline$3$1.accept(ReferencePipeline.java:215)
	at java.base/java.util.stream.ReferencePipeline$3$1.accept(ReferencePipeline.java:215)
	at java.base/java.util.stream.ReferencePipeline$3$1.accept(ReferencePipeline.java:215)
	at java.base/java.util.stream.ForEachOps$ForEachOp$OfRef.accept(ForEachOps.java:184)
	at java.base/java.util.stream.ReferencePipeline$3$1.accept(ReferencePipeline.java:215)
	at java.base/java.util.stream.ForEachOps$ForEachOp$OfRef.accept(ForEachOps.java:184)
	at java.base/java.util.stream.ReferencePipeline$3$1.accept(ReferencePipeline.java:215)
	at java.base/java.util.stream.ReferencePipeline$3$1.accept(ReferencePipeline.java:215)
	at java.base/java.util.stream.ReferencePipeline$2$1.accept(ReferencePipeline.java:197)
	at java.base/java.util.ArrayList$ArrayListSpliterator.forEachRemaining(ArrayList.java:1709)
	at java.base/java.util.stream.AbstractPipeline.copyInto(AbstractPipeline.java:570)
	at java.base/java.util.stream.AbstractPipeline.wrapAndCopyInto(AbstractPipeline.java:560)
	at java.base/java.util.stream.ForEachOps$ForEachOp.evaluateSequential(ForEachOps.java:151)
	at java.base/java.util.stream.ForEachOps$ForEachOp$OfRef.evaluateSequential(ForEachOps.java:174)
	at java.base/java.util.stream.AbstractPipeline.evaluate(AbstractPipeline.java:265)
	at java.base/java.util.stream.ReferencePipeline.forEach(ReferencePipeline.java:636)
	at java.base/java.util.stream.ReferencePipeline$7$1FlatMap.accept(ReferencePipeline.java:294)
	at java.base/java.util.stream.ReferencePipeline$3$1.accept(ReferencePipeline.java:215)
	at java.base/java.util.stream.ReferencePipeline$3$1.accept(ReferencePipeline.java:215)
	at java.base/java.util.Spliterators$ArraySpliterator.forEachRemaining(Spliterators.java:1024)
	at java.base/java.util.stream.AbstractPipeline.copyInto(AbstractPipeline.java:570)
	at java.base/java.util.stream.AbstractPipeline.wrapAndCopyInto(AbstractPipeline.java:560)
	at java.base/java.util.stream.ForEachOps$ForEachOp.evaluateSequential(ForEachOps.java:151)
	at java.base/java.util.stream.ForEachOps$ForEachOp$OfRef.evaluateSequential(ForEachOps.java:174)
	at java.base/java.util.stream.AbstractPipeline.evaluate(AbstractPipeline.java:265)
	at java.base/java.util.stream.ReferencePipeline.forEach(ReferencePipeline.java:636)
	at java.base/java.util.stream.ReferencePipeline$7$1FlatMap.accept(ReferencePipeline.java:294)
	at java.base/java.util.stream.ReferencePipeline$3$1.accept(ReferencePipeline.java:215)
	at java.base/java.util.stream.ReferencePipeline$3$1.accept(ReferencePipeline.java:215)
	at java.base/java.util.stream.ReferencePipeline$3$1.accept(ReferencePipeline.java:215)
	at java.base/java.util.ArrayList$ArrayListSpliterator.forEachRemaining(ArrayList.java:1709)
	at java.base/java.util.stream.AbstractPipeline.copyInto(AbstractPipeline.java:570)
	at java.base/java.util.stream.AbstractPipeline.wrapAndCopyInto(AbstractPipeline.java:560)
	at java.base/java.util.stream.ForEachOps$ForEachOp.evaluateSequential(ForEachOps.java:151)
	at java.base/java.util.stream.ForEachOps$ForEachOp$OfRef.evaluateSequential(ForEachOps.java:174)
	at java.base/java.util.stream.AbstractPipeline.evaluate(AbstractPipeline.java:265)
	at java.base/java.util.stream.ReferencePipeline.forEach(ReferencePipeline.java:636)
	at java.base/java.util.stream.ReferencePipeline$7$1FlatMap.accept(ReferencePipeline.java:294)
	at java.base/java.util.ArrayList$ArrayListSpliterator.forEachRemaining(ArrayList.java:1709)
	at java.base/java.util.stream.AbstractPipeline.copyInto(AbstractPipeline.java:570)
	at java.base/java.util.stream.AbstractPipeline.wrapAndCopyInto(AbstractPipeline.java:560)
	at java.base/java.util.stream.ForEachOps$ForEachOp.evaluateSequential(ForEachOps.java:151)
	at java.base/java.util.stream.ForEachOps$ForEachOp$OfRef.evaluateSequential(ForEachOps.java:174)
	at java.base/java.util.stream.AbstractPipeline.evaluate(AbstractPipeline.java:265)
	at java.base/java.util.stream.ReferencePipeline.forEach(ReferencePipeline.java:636)
	at org.junit.jupiter.engine.descriptor.TestTemplateTestDescriptor.execute(TestTemplateTestDescriptor.java:107)
	at org.junit.jupiter.engine.descriptor.TestTemplateTestDescriptor.execute(TestTemplateTestDescriptor.java:42)
	at org.junit.platform.engine.support.hierarchical.NodeTestTask.lambda$executeRecursively$5(NodeTestTask.java:139)
	at org.junit.platform.engine.support.hierarchical.ThrowableCollector.execute(ThrowableCollector.java:73)
	at org.junit.platform.engine.support.hierarchical.NodeTestTask.lambda$executeRecursively$7(NodeTestTask.java:129)
	at org.junit.platform.engine.support.hierarchical.Node.around(Node.java:137)
	at org.junit.platform.engine.support.hierarchical.NodeTestTask.lambda$executeRecursively$8(NodeTestTask.java:127)
	at org.junit.platform.engine.support.hierarchical.ThrowableCollector.execute(ThrowableCollector.java:73)
	at org.junit.platform.engine.support.hierarchical.NodeTestTask.executeRecursively(NodeTestTask.java:126)
	at org.junit.platform.engine.support.hierarchical.NodeTestTask.execute(NodeTestTask.java:84)
	at java.base/java.util.ArrayList.forEach(ArrayList.java:1597)
	at org.junit.platform.engine.support.hierarchical.SameThreadHierarchicalTestExecutorService.invokeAll(SameThreadHierarchicalTestExecutorService.java:38)
	at org.junit.platform.engine.support.hierarchical.NodeTestTask.lambda$executeRecursively$5(NodeTestTask.java:143)
	at org.junit.platform.engine.support.hierarchical.ThrowableCollector.execute(ThrowableCollector.java:73)
	at org.junit.platform.engine.support.hierarchical.NodeTestTask.lambda$executeRecursively$7(NodeTestTask.java:129)
	at org.junit.platform.engine.support.hierarchical.Node.around(Node.java:137)
	at org.junit.platform.engine.support.hierarchical.NodeTestTask.lambda$executeRecursively$8(NodeTestTask.java:127)
	at org.junit.platform.engine.support.hierarchical.ThrowableCollector.execute(ThrowableCollector.java:73)
	at org.junit.platform.engine.support.hierarchical.NodeTestTask.executeRecursively(NodeTestTask.java:126)
	at org.junit.platform.engine.support.hierarchical.NodeTestTask.execute(NodeTestTask.java:84)
	at java.base/java.util.ArrayList.forEach(ArrayList.java:1597)
	at org.junit.platform.engine.support.hierarchical.SameThreadHierarchicalTestExecutorService.invokeAll(SameThreadHierarchicalTestExecutorService.java:38)
	at org.junit.platform.engine.support.hierarchical.NodeTestTask.lambda$executeRecursively$5(NodeTestTask.java:143)
	at org.junit.platform.engine.support.hierarchical.ThrowableCollector.execute(ThrowableCollector.java:73)
	at org.junit.platform.engine.support.hierarchical.NodeTestTask.lambda$executeRecursively$7(NodeTestTask.java:129)
	at org.junit.platform.engine.support.hierarchical.Node.around(Node.java:137)
	at org.junit.platform.engine.support.hierarchical.NodeTestTask.lambda$executeRecursively$8(NodeTestTask.java:127)
	at org.junit.platform.engine.support.hierarchical.ThrowableCollector.execute(ThrowableCollector.java:73)
	at org.junit.platform.engine.support.hierarchical.NodeTestTask.executeRecursively(NodeTestTask.java:126)
	at org.junit.platform.engine.support.hierarchical.NodeTestTask.execute(NodeTestTask.java:84)
	at org.junit.platform.engine.support.hierarchical.SameThreadHierarchicalTestExecutorService.submit(SameThreadHierarchicalTestExecutorService.java:32)
	at org.junit.platform.engine.support.hierarchical.HierarchicalTestExecutor.execute(HierarchicalTestExecutor.java:57)
	at org.junit.platform.engine.support.hierarchical.HierarchicalTestEngine.execute(HierarchicalTestEngine.java:51)
	at org.junit.platform.launcher.core.EngineExecutionOrchestrator.execute(EngineExecutionOrchestrator.java:108)
	at org.junit.platform.launcher.core.EngineExecutionOrchestrator.execute(EngineExecutionOrchestrator.java:88)
	at org.junit.platform.launcher.core.EngineExecutionOrchestrator.lambda$execute$0(EngineExecutionOrchestrator.java:54)
	at org.junit.platform.launcher.core.EngineExecutionOrchestrator.withInterceptedStreams(EngineExecutionOrchestrator.java:67)
	at org.junit.platform.launcher.core.EngineExecutionOrchestrator.execute(EngineExecutionOrchestrator.java:52)
	at org.junit.platform.launcher.core.DefaultLauncher.execute(DefaultLauncher.java:96)
	at org.junit.platform.launcher.core.DefaultLauncher.execute(DefaultLauncher.java:75)
	at org.junit.platform.console.tasks.ConsoleTestExecutor.executeTests(ConsoleTestExecutor.java:66)
	at org.junit.platform.console.tasks.ConsoleTestExecutor.lambda$execute$0(ConsoleTestExecutor.java:58)
	at org.junit.platform.console.tasks.CustomContextClassLoaderExecutor.replaceThreadContextClassLoaderAndInvoke(CustomContextClassLoaderExecutor.java:41)
	at org.junit.platform.console.tasks.CustomContextClassLoaderExecutor.invoke(CustomContextClassLoaderExecutor.java:31)
	at org.junit.platform.console.tasks.ConsoleTestExecutor.execute(ConsoleTestExecutor.java:58)
	at org.junit.platform.console.ConsoleLauncher.executeTests(ConsoleLauncher.java:95)
	at org.junit.platform.console.ConsoleLauncher.execute(ConsoleLauncher.java:73)
	at org.junit.platform.console.ConsoleLauncher.execute(ConsoleLauncher.java:50)
	at org.junit.platform.console.ConsoleLauncher.execute(ConsoleLauncher.java:43)
	at org.junit.platform.console.ConsoleLauncher.main(ConsoleLauncher.java:37)
]]></failure>
<system-out><![CDATA[
unique-id: [engine:junit-jupiter]/[class:pilesimple.test.PileIntTest]/[test-template:testEmpiler(pilesimple.PileInt, int)]/[test-template-invocation:#19]
display-name: [19] PileInt(0/4):[], 8
]]></system-out>
</testcase>
<testcase name="testEmpiler(PileInt, int)[20]" classname="pilesimple.test.PileIntTest" time="0">
<failure message="expected: &lt;0&gt; but was: &lt;45&gt;" type="org.opentest4j.AssertionFailedError"><![CDATA[org.opentest4j.AssertionFailedError: expected: <0> but was: <45>
	at org.junit.jupiter.api.AssertionUtils.fail(AssertionUtils.java:55)
	at org.junit.jupiter.api.AssertionUtils.failNotEqual(AssertionUtils.java:62)
	at org.junit.jupiter.api.AssertEquals.assertEquals(AssertEquals.java:150)
	at org.junit.jupiter.api.AssertEquals.assertEquals(AssertEquals.java:145)
	at org.junit.jupiter.api.Assertions.assertEquals(Assertions.java:510)
	at pilesimple.test.PileIntTest.testEmpiler(PileIntTest.java:328)
	at java.base/jdk.internal.reflect.DirectMethodHandleAccessor.invoke(DirectMethodHandleAccessor.java:103)
	at java.base/java.lang.reflect.Method.invoke(Method.java:580)
	at org.junit.platform.commons.util.ReflectionUtils.invokeMethod(ReflectionUtils.java:688)
	at org.junit.jupiter.engine.execution.MethodInvocation.proceed(MethodInvocation.java:60)
	at org.junit.jupiter.engine.execution.InvocationInterceptorChain$ValidatingInvocation.proceed(InvocationInterceptorChain.java:131)
	at org.junit.jupiter.engine.extension.TimeoutExtension.intercept(TimeoutExtension.java:149)
	at org.junit.jupiter.engine.extension.TimeoutExtension.interceptTestableMethod(TimeoutExtension.java:140)
	at org.junit.jupiter.engine.extension.TimeoutExtension.interceptTestTemplateMethod(TimeoutExtension.java:92)
	at org.junit.jupiter.engine.execution.ExecutableInvoker$ReflectiveInterceptorCall.lambda$ofVoidMethod$0(ExecutableInvoker.java:115)
	at org.junit.jupiter.engine.execution.ExecutableInvoker.lambda$invoke$0(ExecutableInvoker.java:105)
	at org.junit.jupiter.engine.execution.InvocationInterceptorChain$InterceptedInvocation.proceed(InvocationInterceptorChain.java:106)
	at org.junit.jupiter.engine.execution.InvocationInterceptorChain.proceed(InvocationInterceptorChain.java:64)
	at org.junit.jupiter.engine.execution.InvocationInterceptorChain.chainAndInvoke(InvocationInterceptorChain.java:45)
	at org.junit.jupiter.engine.execution.InvocationInterceptorChain.invoke(InvocationInterceptorChain.java:37)
	at org.junit.jupiter.engine.execution.ExecutableInvoker.invoke(ExecutableInvoker.java:104)
	at org.junit.jupiter.engine.execution.ExecutableInvoker.invoke(ExecutableInvoker.java:98)
	at org.junit.jupiter.engine.descriptor.TestMethodTestDescriptor.lambda$invokeTestMethod$6(TestMethodTestDescriptor.java:210)
	at org.junit.platform.engine.support.hierarchical.ThrowableCollector.execute(ThrowableCollector.java:73)
	at org.junit.jupiter.engine.descriptor.TestMethodTestDescriptor.invokeTestMethod(TestMethodTestDescriptor.java:206)
	at org.junit.jupiter.engine.descriptor.TestMethodTestDescriptor.execute(TestMethodTestDescriptor.java:131)
	at org.junit.jupiter.engine.descriptor.TestMethodTestDescriptor.execute(TestMethodTestDescriptor.java:65)
	at org.junit.platform.engine.support.hierarchical.NodeTestTask.lambda$executeRecursively$5(NodeTestTask.java:139)
	at org.junit.platform.engine.support.hierarchical.ThrowableCollector.execute(ThrowableCollector.java:73)
	at org.junit.platform.engine.support.hierarchical.NodeTestTask.lambda$executeRecursively$7(NodeTestTask.java:129)
	at org.junit.platform.engine.support.hierarchical.Node.around(Node.java:137)
	at org.junit.platform.engine.support.hierarchical.NodeTestTask.lambda$executeRecursively$8(NodeTestTask.java:127)
	at org.junit.platform.engine.support.hierarchical.ThrowableCollector.execute(ThrowableCollector.java:73)
	at org.junit.platform.engine.support.hierarchical.NodeTestTask.executeRecursively(NodeTestTask.java:126)
	at org.junit.platform.engine.support.hierarchical.NodeTestTask.execute(NodeTestTask.java:84)
	at org.junit.platform.engine.support.hierarchical.SameThreadHierarchicalTestExecutorService.submit(SameThreadHierarchicalTestExecutorService.java:32)
	at org.junit.platform.engine.support.hierarchical.NodeTestTask$DefaultDynamicTestExecutor.execute(NodeTestTask.java:212)
	at org.junit.platform.engine.support.hierarchical.NodeTestTask$DefaultDynamicTestExecutor.execute(NodeTestTask.java:192)
	at org.junit.jupiter.engine.descriptor.TestTemplateTestDescriptor.execute(TestTemplateTestDescriptor.java:139)
	at org.junit.jupiter.engine.descriptor.TestTemplateTestDescriptor.lambda$execute$2(TestTemplateTestDescriptor.java:107)
	at java.base/java.util.stream.ForEachOps$ForEachOp$OfRef.accept(ForEachOps.java:184)
	at java.base/java.util.stream.ReferencePipeline$3$1.accept(ReferencePipeline.java:215)
	at java.base/java.util.stream.ReferencePipeline$2$1.accept(ReferencePipeline.java:197)
	at java.base/java.util.stream.ReferencePipeline$3$1.accept(ReferencePipeline.java:215)
	at java.base/java.util.stream.ForEachOps$ForEachOp$OfRef.accept(ForEachOps.java:184)
	at java.base/java.util.stream.ReferencePipeline$15$1.accept(ReferencePipeline.java:581)
	at java.base/java.util.stream.ReferencePipeline$3$1.accept(ReferencePipeline.java:215)
	at java.base/java.util.stream.ReferencePipeline$3$1.accept(ReferencePipeline.java:215)
	at java.base/java.util.stream.ReferencePipeline$3$1.accept(ReferencePipeline.java:215)
	at java.base/java.util.stream.ForEachOps$ForEachOp$OfRef.accept(ForEachOps.java:184)
	at java.base/java.util.stream.ReferencePipeline$3$1.accept(ReferencePipeline.java:215)
	at java.base/java.util.stream.ForEachOps$ForEachOp$OfRef.accept(ForEachOps.java:184)
	at java.base/java.util.stream.ReferencePipeline$3$1.accept(ReferencePipeline.java:215)
	at java.base/java.util.stream.ReferencePipeline$3$1.accept(ReferencePipeline.java:215)
	at java.base/java.util.stream.ReferencePipeline$2$1.accept(ReferencePipeline.java:197)
	at java.base/java.util.ArrayList$ArrayListSpliterator.forEachRemaining(ArrayList.java:1709)
	at java.base/java.util.stream.AbstractPipeline.copyInto(AbstractPipeline.java:570)
	at java.base/java.util.stream.AbstractPipeline.wrapAndCopyInto(AbstractPipeline.java:560)
	at java.base/java.util.stream.ForEachOps$ForEachOp.evaluateSequential(ForEachOps.java:151)
	at java.base/java.util.stream.ForEachOps$ForEachOp$OfRef.evaluateSequential(ForEachOps.java:174)
	at java.base/java.util.stream.AbstractPipeline.evaluate(AbstractPipeline.java:265)
	at java.base/java.util.stream.ReferencePipeline.forEach(ReferencePipeline.java:636)
	at java.base/java.util.stream.ReferencePipeline$7$1FlatMap.accept(ReferencePipeline.java:294)
	at java.base/java.util.stream.ReferencePipeline$3$1.accept(ReferencePipeline.java:215)
	at java.base/java.util.stream.ReferencePipeline$3$1.accept(ReferencePipeline.java:215)
	at java.base/java.util.Spliterators$ArraySpliterator.forEachRemaining(Spliterators.java:1024)
	at java.base/java.util.stream.AbstractPipeline.copyInto(AbstractPipeline.java:570)
	at java.base/java.util.stream.AbstractPipeline.wrapAndCopyInto(AbstractPipeline.java:560)
	at java.base/java.util.stream.ForEachOps$ForEachOp.evaluateSequential(ForEachOps.java:151)
	at java.base/java.util.stream.ForEachOps$ForEachOp$OfRef.evaluateSequential(ForEachOps.java:174)
	at java.base/java.util.stream.AbstractPipeline.evaluate(AbstractPipeline.java:265)
	at java.base/java.util.stream.ReferencePipeline.forEach(ReferencePipeline.java:636)
	at java.base/java.util.stream.ReferencePipeline$7$1FlatMap.accept(ReferencePipeline.java:294)
	at java.base/java.util.stream.ReferencePipeline$3$1.accept(ReferencePipeline.java:215)
	at java.base/java.util.stream.ReferencePipeline$3$1.accept(ReferencePipeline.java:215)
	at java.base/java.util.stream.ReferencePipeline$3$1.accept(ReferencePipeline.java:215)
	at java.base/java.util.ArrayList$ArrayListSpliterator.forEachRemaining(ArrayList.java:1709)
	at java.base/java.util.stream.AbstractPipeline.copyInto(AbstractPipeline.java:570)
	at java.base/java.util.stream.AbstractPipeline.wrapAndCopyInto(AbstractPipeline.java:560)
	at java.base/java.util.stream.ForEachOps$ForEachOp.evaluateSequential(ForEachOps.java:151)
	at java.base/java.util.stream.ForEachOps$ForEachOp$OfRef.evaluateSequential(ForEachOps.java:174)
	at java.base/java.util.stream.AbstractPipeline.evaluate(AbstractPipeline.java:265)
	at java.base/java.util.stream.ReferencePipeline.forEach(ReferencePipeline.java:636)
	at java.base/java.util.stream.ReferencePipeline$7$1FlatMap.accept(ReferencePipeline.java:294)
	at java.base/java.util.ArrayList$ArrayListSpliterator.forEachRemaining(ArrayList.java:1709)
	at java.base/java.util.stream.AbstractPipeline.copyInto(AbstractPipeline.java:570)
	at java.base/java.util.stream.AbstractPipeline.wrapAndCopyInto(AbstractPipeline.java:560)
	at java.base/java.util.stream.ForEachOps$ForEachOp.evaluateSequential(ForEachOps.java:151)
	at java.base/java.util.stream.ForEachOps$ForEachOp$OfRef.evaluateSequential(ForEachOps.java:174)
	at java.base/java.util.stream.AbstractPipeline.evaluate(AbstractPipeline.java:265)
	at java.base/java.util.stream.ReferencePipeline.forEach(ReferencePipeline.java:636)
	at org.junit.jupiter.engine.descriptor.TestTemplateTestDescriptor.execute(TestTemplateTestDescriptor.java:107)
	at org.junit.jupiter.engine.descriptor.TestTemplateTestDescriptor.execute(TestTemplateTestDescriptor.java:42)
	at org.junit.platform.engine.support.hierarchical.NodeTestTask.lambda$executeRecursively$5(NodeTestTask.java:139)
	at org.junit.platform.engine.support.hierarchical.ThrowableCollector.execute(ThrowableCollector.java:73)
	at org.junit.platform.engine.support.hierarchical.NodeTestTask.lambda$executeRecursively$7(NodeTestTask.java:129)
	at org.junit.platform.engine.support.hierarchical.Node.around(Node.java:137)
	at org.junit.platform.engine.support.hierarchical.NodeTestTask.lambda$executeRecursively$8(NodeTestTask.java:127)
	at org.junit.platform.engine.support.hierarchical.ThrowableCollector.execute(ThrowableCollector.java:73)
	at org.junit.platform.engine.support.hierarchical.NodeTestTask.executeRecursively(NodeTestTask.java:126)
	at org.junit.platform.engine.support.hierarchical.NodeTestTask.execute(NodeTestTask.java:84)
	at java.base/java.util.ArrayList.forEach(ArrayList.java:1597)
	at org.junit.platform.engine.support.hierarchical.SameThreadHierarchicalTestExecutorService.invokeAll(SameThreadHierarchicalTestExecutorService.java:38)
	at org.junit.platform.engine.support.hierarchical.NodeTestTask.lambda$executeRecursively$5(NodeTestTask.java:143)
	at org.junit.platform.engine.support.hierarchical.ThrowableCollector.execute(ThrowableCollector.java:73)
	at org.junit.platform.engine.support.hierarchical.NodeTestTask.lambda$executeRecursively$7(NodeTestTask.java:129)
	at org.junit.platform.engine.support.hierarchical.Node.around(Node.java:137)
	at org.junit.platform.engine.support.hierarchical.NodeTestTask.lambda$executeRecursively$8(NodeTestTask.java:127)
	at org.junit.platform.engine.support.hierarchical.ThrowableCollector.execute(ThrowableCollector.java:73)
	at org.junit.platform.engine.support.hierarchical.NodeTestTask.executeRecursively(NodeTestTask.java:126)
	at org.junit.platform.engine.support.hierarchical.NodeTestTask.execute(NodeTestTask.java:84)
	at java.base/java.util.ArrayList.forEach(ArrayList.java:1597)
	at org.junit.platform.engine.support.hierarchical.SameThreadHierarchicalTestExecutorService.invokeAll(SameThreadHierarchicalTestExecutorService.java:38)
	at org.junit.platform.engine.support.hierarchical.NodeTestTask.lambda$executeRecursively$5(NodeTestTask.java:143)
	at org.junit.platform.engine.support.hierarchical.ThrowableCollector.execute(ThrowableCollector.java:73)
	at org.junit.platform.engine.support.hierarchical.NodeTestTask.lambda$executeRecursively$7(NodeTestTask.java:129)
	at org.junit.platform.engine.support.hierarchical.Node.around(Node.java:137)
	at org.junit.platform.engine.support.hierarchical.NodeTestTask.lambda$executeRecursively$8(NodeTestTask.java:127)
	at org.junit.platform.engine.support.hierarchical.ThrowableCollector.execute(ThrowableCollector.java:73)
	at org.junit.platform.engine.support.hierarchical.NodeTestTask.executeRecursively(NodeTestTask.java:126)
	at org.junit.platform.engine.support.hierarchical.NodeTestTask.execute(NodeTestTask.java:84)
	at org.junit.platform.engine.support.hierarchical.SameThreadHierarchicalTestExecutorService.submit(SameThreadHierarchicalTestExecutorService.java:32)
	at org.junit.platform.engine.support.hierarchical.HierarchicalTestExecutor.execute(HierarchicalTestExecutor.java:57)
	at org.junit.platform.engine.support.hierarchical.HierarchicalTestEngine.execute(HierarchicalTestEngine.java:51)
	at org.junit.platform.launcher.core.EngineExecutionOrchestrator.execute(EngineExecutionOrchestrator.java:108)
	at org.junit.platform.launcher.core.EngineExecutionOrchestrator.execute(EngineExecutionOrchestrator.java:88)
	at org.junit.platform.launcher.core.EngineExecutionOrchestrator.lambda$execute$0(EngineExecutionOrchestrator.java:54)
	at org.junit.platform.launcher.core.EngineExecutionOrchestrator.withInterceptedStreams(EngineExecutionOrchestrator.java:67)
	at org.junit.platform.launcher.core.EngineExecutionOrchestrator.execute(EngineExecutionOrchestrator.java:52)
	at org.junit.platform.launcher.core.DefaultLauncher.execute(DefaultLauncher.java:96)
	at org.junit.platform.launcher.core.DefaultLauncher.execute(DefaultLauncher.java:75)
	at org.junit.platform.console.tasks.ConsoleTestExecutor.executeTests(ConsoleTestExecutor.java:66)
	at org.junit.platform.console.tasks.ConsoleTestExecutor.lambda$execute$0(ConsoleTestExecutor.java:58)
	at org.junit.platform.console.tasks.CustomContextClassLoaderExecutor.replaceThreadContextClassLoaderAndInvoke(CustomContextClassLoaderExecutor.java:41)
	at org.junit.platform.console.tasks.CustomContextClassLoaderExecutor.invoke(CustomContextClassLoaderExecutor.java:31)
	at org.junit.platform.console.tasks.ConsoleTestExecutor.execute(ConsoleTestExecutor.java:58)
	at org.junit.platform.console.ConsoleLauncher.executeTests(ConsoleLauncher.java:95)
	at org.junit.platform.console.ConsoleLauncher.execute(ConsoleLauncher.java:73)
	at org.junit.platform.console.ConsoleLauncher.execute(ConsoleLauncher.java:50)
	at org.junit.platform.console.ConsoleLauncher.execute(ConsoleLauncher.java:43)
	at org.junit.platform.console.ConsoleLauncher.main(ConsoleLauncher.java:37)
]]></failure>
<system-out><![CDATA[
unique-id: [engine:junit-jupiter]/[class:pilesimple.test.PileIntTest]/[test-template:testEmpiler(pilesimple.PileInt, int)]/[test-template-invocation:#20]
display-name: [20] PileInt(3/5):[-234217948 -2036859372 0 ], 45
]]></system-out>
</testcase>
<testcase name="testEstVide(PileInt)[1]" classname="pilesimple.test.PileIntTest" time="0.001">
<system-out><![CDATA[
unique-id: [engine:junit-jupiter]/[class:pilesimple.test.PileIntTest]/[test-template:testEstVide(pilesimple.PileInt)]/[test-template-invocation:#1]
display-name: [1] PileInt(3/4):[338894473 -8872316 -194658560 ]
]]></system-out>
</testcase>
<testcase name="testEstVide(PileInt)[2]" classname="pilesimple.test.PileIntTest" time="0">
<system-out><![CDATA[
unique-id: [engine:junit-jupiter]/[class:pilesimple.test.PileIntTest]/[test-template:testEstVide(pilesimple.PileInt)]/[test-template-invocation:#2]
display-name: [2] PileInt(5/10):[406853085 94227386 0 0 0 ]
]]></system-out>
</testcase>
<testcase name="testEstVide(PileInt)[3]" classname="pilesimple.test.PileIntTest" time="0">
<system-out><![CDATA[
unique-id: [engine:junit-jupiter]/[class:pilesimple.test.PileIntTest]/[test-template:testEstVide(pilesimple.PileInt)]/[test-template-invocation:#3]
display-name: [3] PileInt(9/21):[829174856 -560540630 1017069059 -1738412859 300209628 -188841458 -1827026023 -1500709070 -816936810 ]
]]></system-out>
</testcase>
<testcase name="testEstVide(PileInt)[4]" classname="pilesimple.test.PileIntTest" time="0">
<system-out><![CDATA[
unique-id: [engine:junit-jupiter]/[class:pilesimple.test.PileIntTest]/[test-template:testEstVide(pilesimple.PileInt)]/[test-template-invocation:#4]
display-name: [4] PileInt(4/24):[-1489436760 -263993310 1290897763 1717230542 ]
]]></system-out>
</testcase>
<testcase name="testEstVide(PileInt)[5]" classname="pilesimple.test.PileIntTest" time="0">
<system-out><![CDATA[
unique-id: [engine:junit-jupiter]/[class:pilesimple.test.PileIntTest]/[test-template:testEstVide(pilesimple.PileInt)]/[test-template-invocation:#5]
display-name: [5] PileInt(2/10):[637862618 -1510457637 ]
]]></system-out>
</testcase>
<testcase name="testEstVide(PileInt)[6]" classname="pilesimple.test.PileIntTest" time="0">
<system-out><![CDATA[
unique-id: [engine:junit-jupiter]/[class:pilesimple.test.PileIntTest]/[test-template:testEstVide(pilesimple.PileInt)]/[test-template-invocation:#6]
display-name: [6] PileInt(6/15):[-374846588 1048478229 -920801997 -771279764 -1267021193 0 ]
]]></system-out>
</testcase>
<testcase name="testEstVide(PileInt)[7]" classname="pilesimple.test.PileIntTest" time="0">
<system-out><![CDATA[
unique-id: [engine:junit-jupiter]/[class:pilesimple.test.PileIntTest]/[test-template:testEstVide(pilesimple.PileInt)]/[test-template-invocation:#7]
display-name: [7] PileInt(12/20):[1428472226 -637821803 -706447001 1150321620 864544919 0 0 0 0 0 0 0 ]
]]></system-out>
</testcase>
<testcase name="testEstVide(PileInt)[8]" classname="pilesimple.test.PileIntTest" time="0">
<system-out><![CDATA[
unique-id: [engine:junit-jupiter]/[class:pilesimple.test.PileIntTest]/[test-template:testEstVide(pilesimple.PileInt)]/[test-template-invocation:#8]
display-name: [8] PileInt(0/28):[]
]]></system-out>
</testcase>
<testcase name="testEstVide(PileInt)[9]" classname="pilesimple.test.PileIntTest" time="0">
<system-out><![CDATA[
unique-id: [engine:junit-jupiter]/[class:pilesimple.test.PileIntTest]/[test-template:testEstVide(pilesimple.PileInt)]/[test-template-invocation:#9]
display-name: [9] PileInt(0/6):[]
]]></system-out>
</testcase>
<testcase name="testEstVide(PileInt)[10]" classname="pilesimple.test.PileIntTest" time="0">
<system-out><![CDATA[
unique-id: [engine:junit-jupiter]/[class:pilesimple.test.PileIntTest]/[test-template:testEstVide(pilesimple.PileInt)]/[test-template-invocation:#10]
display-name: [10] PileInt(24/25):[-705429044 -1165162668 1915516414 1792785474 -1102370681 0 0 0 0 0 0 0 0 0 0 0 0 0 0 0 0 0 0 0 ]
]]></system-out>
</testcase>
<testcase name="testEstVide(PileInt)[11]" classname="pilesimple.test.PileIntTest" time="0">
<system-out><![CDATA[
unique-id: [engine:junit-jupiter]/[class:pilesimple.test.PileIntTest]/[test-template:testEstVide(pilesimple.PileInt)]/[test-template-invocation:#11]
display-name: [11] PileInt(3/8):[1210489329 -1943355528 2110550009 ]
]]></system-out>
</testcase>
<testcase name="testEstVide(PileInt)[12]" classname="pilesimple.test.PileIntTest" time="0">
<system-out><![CDATA[
unique-id: [engine:junit-jupiter]/[class:pilesimple.test.PileIntTest]/[test-template:testEstVide(pilesimple.PileInt)]/[test-template-invocation:#12]
display-name: [12] PileInt(10/25):[1076106784 1001106160 0 0 0 0 0 0 0 0 ]
]]></system-out>
</testcase>
<testcase name="testEstVide(PileInt)[13]" classname="pilesimple.test.PileIntTest" time="0">
<system-out><![CDATA[
unique-id: [engine:junit-jupiter]/[class:pilesimple.test.PileIntTest]/[test-template:testEstVide(pilesimple.PileInt)]/[test-template-invocation:#13]
display-name: [13] PileInt(18/20):[-1948372490 1175265028 1509228326 982841218 -113535506 -1095093150 388532020 -1696138086 -1404296367 949094180 1074419298 1053087988 -1152583802 826453230 -990184886 0 0 0 ]
]]></system-out>
</testcase>
<testcase name="testEstVide(PileInt)[14]" classname="pilesimple.test.PileIntTest" time="0">
<system-out><![CDATA[
unique-id: [engine:junit-jupiter]/[class:pilesimple.test.PileIntTest]/[test-template:testEstVide(pilesimple.PileInt)]/[test-template-invocation:#14]
display-name: [14] PileInt(0/1):[]
]]></system-out>
</testcase>
<testcase name="testEstVide(PileInt)[15]" classname="pilesimple.test.PileIntTest" time="0">
<system-out><![CDATA[
unique-id: [engine:junit-jupiter]/[class:pilesimple.test.PileIntTest]/[test-template:testEstVide(pilesimple.PileInt)]/[test-template-invocation:#15]
display-name: [15] PileInt(7/13):[-684180429 633166819 0 0 0 0 0 ]
]]></system-out>
</testcase>
<testcase name="testEstVide(PileInt)[16]" classname="pilesimple.test.PileIntTest" time="0">
<system-out><![CDATA[
unique-id: [engine:junit-jupiter]/[class:pilesimple.test.PileIntTest]/[test-template:testEstVide(pilesimple.PileInt)]/[test-template-invocation:#16]
display-name: [16] PileInt(2/7):[-1274647728 1596499529 ]
]]></system-out>
</testcase>
<testcase name="testEstVide(PileInt)[17]" classname="pilesimple.test.PileIntTest" time="0">
<system-out><![CDATA[
unique-id: [engine:junit-jupiter]/[class:pilesimple.test.PileIntTest]/[test-template:testEstVide(pilesimple.PileInt)]/[test-template-invocation:#17]
display-name: [17] PileInt(0/16):[]
]]></system-out>
</testcase>
<testcase name="testEstVide(PileInt)[18]" classname="pilesimple.test.PileIntTest" time="0">
<system-out><![CDATA[
unique-id: [engine:junit-jupiter]/[class:pilesimple.test.PileIntTest]/[test-template:testEstVide(pilesimple.PileInt)]/[test-template-invocation:#18]
display-name: [18] PileInt(5/25):[-177297065 -317067174 1538678292 1459401015 764171947 ]
]]></system-out>
</testcase>
<testcase name="testEstVide(PileInt)[19]" classname="pilesimple.test.PileIntTest" time="0">
<system-out><![CDATA[
unique-id: [engine:junit-jupiter]/[class:pilesimple.test.PileIntTest]/[test-template:testEstVide(pilesimple.PileInt)]/[test-template-invocation:#19]
display-name: [19] PileInt(0/4):[]
]]></system-out>
</testcase>
<testcase name="testEstVide(PileInt)[20]" classname="pilesimple.test.PileIntTest" time="0">
<system-out><![CDATA[
unique-id: [engine:junit-jupiter]/[class:pilesimple.test.PileIntTest]/[test-template:testEstVide(pilesimple.PileInt)]/[test-template-invocation:#20]
display-name: [20] PileInt(0/5):[]
]]></system-out>
</testcase>
<testcase name="testClone(PileInt)[1]" classname="pilesimple.test.PileIntTest" time="0">
<system-out><![CDATA[
unique-id: [engine:junit-jupiter]/[class:pilesimple.test.PileIntTest]/[test-template:testClone(pilesimple.PileInt)]/[test-template-invocation:#1]
display-name: [1] PileInt(0/4):[]
]]></system-out>
</testcase>
<testcase name="testClone(PileInt)[2]" classname="pilesimple.test.PileIntTest" time="0">
<system-out><![CDATA[
unique-id: [engine:junit-jupiter]/[class:pilesimple.test.PileIntTest]/[test-template:testClone(pilesimple.PileInt)]/[test-template-invocation:#2]
display-name: [2] PileInt(2/10):[406853085 94227386 ]
]]></system-out>
</testcase>
<testcase name="testClone(PileInt)[3]" classname="pilesimple.test.PileIntTest" time="0">
<system-out><![CDATA[
unique-id: [engine:junit-jupiter]/[class:pilesimple.test.PileIntTest]/[test-template:testClone(pilesimple.PileInt)]/[test-template-invocation:#3]
display-name: [3] PileInt(2/21):[829174856 -560540630 ]
]]></system-out>
</testcase>
<testcase name="testClone(PileInt)[4]" classname="pilesimple.test.PileIntTest" time="0">
<system-out><![CDATA[
unique-id: [engine:junit-jupiter]/[class:pilesimple.test.PileIntTest]/[test-template:testClone(pilesimple.PileInt)]/[test-template-invocation:#4]
display-name: [4] PileInt(4/24):[-1489436760 -263993310 1290897763 1717230542 ]
]]></system-out>
</testcase>
<testcase name="testClone(PileInt)[5]" classname="pilesimple.test.PileIntTest" time="0">
<system-out><![CDATA[
unique-id: [engine:junit-jupiter]/[class:pilesimple.test.PileIntTest]/[test-template:testClone(pilesimple.PileInt)]/[test-template-invocation:#5]
display-name: [5] PileInt(7/10):[637862618 -1510457637 2016118339 -24306896 1280740200 0 0 ]
]]></system-out>
</testcase>
<testcase name="testClone(PileInt)[6]" classname="pilesimple.test.PileIntTest" time="0">
<system-out><![CDATA[
unique-id: [engine:junit-jupiter]/[class:pilesimple.test.PileIntTest]/[test-template:testClone(pilesimple.PileInt)]/[test-template-invocation:#6]
display-name: [6] PileInt(5/15):[-374846588 1048478229 -920801997 -771279764 -1267021193 ]
]]></system-out>
</testcase>
<testcase name="testClone(PileInt)[7]" classname="pilesimple.test.PileIntTest" time="0">
<system-out><![CDATA[
unique-id: [engine:junit-jupiter]/[class:pilesimple.test.PileIntTest]/[test-template:testClone(pilesimple.PileInt)]/[test-template-invocation:#7]
display-name: [7] PileInt(4/20):[1428472226 -637821803 -706447001 1150321620 ]
]]></system-out>
</testcase>
<testcase name="testClone(PileInt)[8]" classname="pilesimple.test.PileIntTest" time="0">
<system-out><![CDATA[
unique-id: [engine:junit-jupiter]/[class:pilesimple.test.PileIntTest]/[test-template:testClone(pilesimple.PileInt)]/[test-template-invocation:#8]
display-name: [8] PileInt(19/28):[703876638 393883502 -735980280 1592594415 1442868874 0 0 0 0 0 0 0 0 0 0 0 0 0 0 ]
]]></system-out>
</testcase>
<testcase name="testClone(PileInt)[9]" classname="pilesimple.test.PileIntTest" time="0">
<system-out><![CDATA[
unique-id: [engine:junit-jupiter]/[class:pilesimple.test.PileIntTest]/[test-template:testClone(pilesimple.PileInt)]/[test-template-invocation:#9]
display-name: [9] PileInt(3/6):[0 0 0 ]
]]></system-out>
</testcase>
<testcase name="testClone(PileInt)[10]" classname="pilesimple.test.PileIntTest" time="0">
<system-out><![CDATA[
unique-id: [engine:junit-jupiter]/[class:pilesimple.test.PileIntTest]/[test-template:testClone(pilesimple.PileInt)]/[test-template-invocation:#10]
display-name: [10] PileInt(5/25):[-705429044 -1165162668 1915516414 1792785474 -1102370681 ]
]]></system-out>
</testcase>
<testcase name="testClone(PileInt)[11]" classname="pilesimple.test.PileIntTest" time="0">
<system-out><![CDATA[
unique-id: [engine:junit-jupiter]/[class:pilesimple.test.PileIntTest]/[test-template:testClone(pilesimple.PileInt)]/[test-template-invocation:#11]
display-name: [11] PileInt(3/8):[1210489329 -1943355528 2110550009 ]
]]></system-out>
</testcase>
<testcase name="testClone(PileInt)[12]" classname="pilesimple.test.PileIntTest" time="0">
<system-out><![CDATA[
unique-id: [engine:junit-jupiter]/[class:pilesimple.test.PileIntTest]/[test-template:testClone(pilesimple.PileInt)]/[test-template-invocation:#12]
display-name: [12] PileInt(20/25):[1076106784 1001106160 0 0 0 0 0 0 0 0 0 0 0 0 0 0 0 0 0 0 ]
]]></system-out>
</testcase>
<testcase name="testClone(PileInt)[13]" classname="pilesimple.test.PileIntTest" time="0">
<system-out><![CDATA[
unique-id: [engine:junit-jupiter]/[class:pilesimple.test.PileIntTest]/[test-template:testClone(pilesimple.PileInt)]/[test-template-invocation:#13]
display-name: [13] PileInt(6/20):[-1948372490 1175265028 1509228326 982841218 -113535506 -1095093150 ]
]]></system-out>
</testcase>
<testcase name="testClone(PileInt)[14]" classname="pilesimple.test.PileIntTest" time="0">
<system-out><![CDATA[
unique-id: [engine:junit-jupiter]/[class:pilesimple.test.PileIntTest]/[test-template:testClone(pilesimple.PileInt)]/[test-template-invocation:#14]
display-name: [14] PileInt(0/1):[]
]]></system-out>
</testcase>
<testcase name="testClone(PileInt)[15]" classname="pilesimple.test.PileIntTest" time="0">
<system-out><![CDATA[
unique-id: [engine:junit-jupiter]/[class:pilesimple.test.PileIntTest]/[test-template:testClone(pilesimple.PileInt)]/[test-template-invocation:#15]
display-name: [15] PileInt(10/13):[-684180429 633166819 0 0 0 0 0 0 0 0 ]
]]></system-out>
</testcase>
<testcase name="testClone(PileInt)[16]" classname="pilesimple.test.PileIntTest" time="0">
<system-out><![CDATA[
unique-id: [engine:junit-jupiter]/[class:pilesimple.test.PileIntTest]/[test-template:testClone(pilesimple.PileInt)]/[test-template-invocation:#16]
display-name: [16] PileInt(0/7):[]
]]></system-out>
</testcase>
<testcase name="testClone(PileInt)[17]" classname="pilesimple.test.PileIntTest" time="0">
<system-out><![CDATA[
unique-id: [engine:junit-jupiter]/[class:pilesimple.test.PileIntTest]/[test-template:testClone(pilesimple.PileInt)]/[test-template-invocation:#17]
display-name: [17] PileInt(13/16):[1362992196 -2080071938 1590300961 -1725722911 682324868 -1338224590 880401299 -2081234295 -561541459 0 0 0 0 ]
]]></system-out>
</testcase>
<testcase name="testClone(PileInt)[18]" classname="pilesimple.test.PileIntTest" time="0">
<system-out><![CDATA[
unique-id: [engine:junit-jupiter]/[class:pilesimple.test.PileIntTest]/[test-template:testClone(pilesimple.PileInt)]/[test-template-invocation:#18]
display-name: [18] PileInt(18/25):[-177297065 -317067174 1538678292 1459401015 764171947 -791717276 -1475135243 1373362923 104936572 1838652771 -10463901 -1839550882 1664723887 -799351692 -1803735371 1504195079 457981356 1301858620 ]
]]></system-out>
</testcase>
<testcase name="testClone(PileInt)[19]" classname="pilesimple.test.PileIntTest" time="0">
<system-out><![CDATA[
unique-id: [engine:junit-jupiter]/[class:pilesimple.test.PileIntTest]/[test-template:testClone(pilesimple.PileInt)]/[test-template-invocation:#19]
display-name: [19] PileInt(0/4):[]
]]></system-out>
</testcase>
<testcase name="testClone(PileInt)[20]" classname="pilesimple.test.PileIntTest" time="0">
<system-out><![CDATA[
unique-id: [engine:junit-jupiter]/[class:pilesimple.test.PileIntTest]/[test-template:testClone(pilesimple.PileInt)]/[test-template-invocation:#20]
display-name: [20] PileInt(4/5):[-234217948 -2036859372 0 0 ]
]]></system-out>
</testcase>
<testcase name="testPileIntInt(int)[1]" classname="pilesimple.test.PileIntTest" time="0.001">
<skipped><![CDATA[org.opentest4j.TestAbortedException: Assumption failed: assumption is not true
	at org.junit.jupiter.api.Assumptions.throwTestAbortedException(Assumptions.java:256)
	at org.junit.jupiter.api.Assumptions.assumeTrue(Assumptions.java:115)
	at org.junit.jupiter.api.Assumptions.assumeTrue(Assumptions.java:66)
	at pilesimple.test.PileIntTest.testPileIntInt(PileIntTest.java:130)
	at java.base/jdk.internal.reflect.DirectMethodHandleAccessor.invoke(DirectMethodHandleAccessor.java:103)
	at java.base/java.lang.reflect.Method.invoke(Method.java:580)
	at org.junit.platform.commons.util.ReflectionUtils.invokeMethod(ReflectionUtils.java:688)
	at org.junit.jupiter.engine.execution.MethodInvocation.proceed(MethodInvocation.java:60)
	at org.junit.jupiter.engine.execution.InvocationInterceptorChain$ValidatingInvocation.proceed(InvocationInterceptorChain.java:131)
	at org.junit.jupiter.engine.extension.TimeoutExtension.intercept(TimeoutExtension.java:149)
	at org.junit.jupiter.engine.extension.TimeoutExtension.interceptTestableMethod(TimeoutExtension.java:140)
	at org.junit.jupiter.engine.extension.TimeoutExtension.interceptTestTemplateMethod(TimeoutExtension.java:92)
	at org.junit.jupiter.engine.execution.ExecutableInvoker$ReflectiveInterceptorCall.lambda$ofVoidMethod$0(ExecutableInvoker.java:115)
	at org.junit.jupiter.engine.execution.ExecutableInvoker.lambda$invoke$0(ExecutableInvoker.java:105)
	at org.junit.jupiter.engine.execution.InvocationInterceptorChain$InterceptedInvocation.proceed(InvocationInterceptorChain.java:106)
	at org.junit.jupiter.engine.execution.InvocationInterceptorChain.proceed(InvocationInterceptorChain.java:64)
	at org.junit.jupiter.engine.execution.InvocationInterceptorChain.chainAndInvoke(InvocationInterceptorChain.java:45)
	at org.junit.jupiter.engine.execution.InvocationInterceptorChain.invoke(InvocationInterceptorChain.java:37)
	at org.junit.jupiter.engine.execution.ExecutableInvoker.invoke(ExecutableInvoker.java:104)
	at org.junit.jupiter.engine.execution.ExecutableInvoker.invoke(ExecutableInvoker.java:98)
	at org.junit.jupiter.engine.descriptor.TestMethodTestDescriptor.lambda$invokeTestMethod$6(TestMethodTestDescriptor.java:210)
	at org.junit.platform.engine.support.hierarchical.ThrowableCollector.execute(ThrowableCollector.java:73)
	at org.junit.jupiter.engine.descriptor.TestMethodTestDescriptor.invokeTestMethod(TestMethodTestDescriptor.java:206)
	at org.junit.jupiter.engine.descriptor.TestMethodTestDescriptor.execute(TestMethodTestDescriptor.java:131)
	at org.junit.jupiter.engine.descriptor.TestMethodTestDescriptor.execute(TestMethodTestDescriptor.java:65)
	at org.junit.platform.engine.support.hierarchical.NodeTestTask.lambda$executeRecursively$5(NodeTestTask.java:139)
	at org.junit.platform.engine.support.hierarchical.ThrowableCollector.execute(ThrowableCollector.java:73)
	at org.junit.platform.engine.support.hierarchical.NodeTestTask.lambda$executeRecursively$7(NodeTestTask.java:129)
	at org.junit.platform.engine.support.hierarchical.Node.around(Node.java:137)
	at org.junit.platform.engine.support.hierarchical.NodeTestTask.lambda$executeRecursively$8(NodeTestTask.java:127)
	at org.junit.platform.engine.support.hierarchical.ThrowableCollector.execute(ThrowableCollector.java:73)
	at org.junit.platform.engine.support.hierarchical.NodeTestTask.executeRecursively(NodeTestTask.java:126)
	at org.junit.platform.engine.support.hierarchical.NodeTestTask.execute(NodeTestTask.java:84)
	at org.junit.platform.engine.support.hierarchical.SameThreadHierarchicalTestExecutorService.submit(SameThreadHierarchicalTestExecutorService.java:32)
	at org.junit.platform.engine.support.hierarchical.NodeTestTask$DefaultDynamicTestExecutor.execute(NodeTestTask.java:212)
	at org.junit.platform.engine.support.hierarchical.NodeTestTask$DefaultDynamicTestExecutor.execute(NodeTestTask.java:192)
	at org.junit.jupiter.engine.descriptor.TestTemplateTestDescriptor.execute(TestTemplateTestDescriptor.java:139)
	at org.junit.jupiter.engine.descriptor.TestTemplateTestDescriptor.lambda$execute$2(TestTemplateTestDescriptor.java:107)
	at java.base/java.util.stream.ForEachOps$ForEachOp$OfRef.accept(ForEachOps.java:184)
	at java.base/java.util.stream.ReferencePipeline$3$1.accept(ReferencePipeline.java:215)
	at java.base/java.util.stream.ReferencePipeline$2$1.accept(ReferencePipeline.java:197)
	at java.base/java.util.stream.ReferencePipeline$3$1.accept(ReferencePipeline.java:215)
	at java.base/java.util.stream.ForEachOps$ForEachOp$OfRef.accept(ForEachOps.java:184)
	at java.base/java.util.stream.ReferencePipeline$15$1.accept(ReferencePipeline.java:581)
	at java.base/java.util.stream.ReferencePipeline$3$1.accept(ReferencePipeline.java:215)
	at java.base/java.util.stream.ReferencePipeline$3$1.accept(ReferencePipeline.java:215)
	at java.base/java.util.stream.ReferencePipeline$3$1.accept(ReferencePipeline.java:215)
	at java.base/java.util.stream.ForEachOps$ForEachOp$OfRef.accept(ForEachOps.java:184)
	at java.base/java.util.stream.ReferencePipeline$3$1.accept(ReferencePipeline.java:215)
	at java.base/java.util.stream.ForEachOps$ForEachOp$OfRef.accept(ForEachOps.java:184)
	at java.base/java.util.stream.IntPipeline$1$1.accept(IntPipeline.java:180)
	at java.base/jdk.internal.util.random.RandomSupport$RandomIntsSpliterator.forEachRemaining(RandomSupport.java:972)
	at java.base/java.util.Spliterator$OfInt.forEachRemaining(Spliterator.java:712)
	at java.base/java.util.stream.AbstractPipeline.copyInto(AbstractPipeline.java:570)
	at java.base/java.util.stream.AbstractPipeline.wrapAndCopyInto(AbstractPipeline.java:560)
	at java.base/java.util.stream.ForEachOps$ForEachOp.evaluateSequential(ForEachOps.java:151)
	at java.base/java.util.stream.ForEachOps$ForEachOp$OfRef.evaluateSequential(ForEachOps.java:174)
	at java.base/java.util.stream.AbstractPipeline.evaluate(AbstractPipeline.java:265)
	at java.base/java.util.stream.ReferencePipeline.forEach(ReferencePipeline.java:636)
	at java.base/java.util.stream.ReferencePipeline$7$1FlatMap.accept(ReferencePipeline.java:294)
	at java.base/java.util.stream.ReferencePipeline$3$1.accept(ReferencePipeline.java:215)
	at java.base/java.util.stream.ReferencePipeline$3$1.accept(ReferencePipeline.java:215)
	at java.base/java.util.Spliterators$ArraySpliterator.forEachRemaining(Spliterators.java:1024)
	at java.base/java.util.stream.AbstractPipeline.copyInto(AbstractPipeline.java:570)
	at java.base/java.util.stream.AbstractPipeline.wrapAndCopyInto(AbstractPipeline.java:560)
	at java.base/java.util.stream.ForEachOps$ForEachOp.evaluateSequential(ForEachOps.java:151)
	at java.base/java.util.stream.ForEachOps$ForEachOp$OfRef.evaluateSequential(ForEachOps.java:174)
	at java.base/java.util.stream.AbstractPipeline.evaluate(AbstractPipeline.java:265)
	at java.base/java.util.stream.ReferencePipeline.forEach(ReferencePipeline.java:636)
	at java.base/java.util.stream.ReferencePipeline$7$1FlatMap.accept(ReferencePipeline.java:294)
	at java.base/java.util.stream.ReferencePipeline$3$1.accept(ReferencePipeline.java:215)
	at java.base/java.util.stream.ReferencePipeline$3$1.accept(ReferencePipeline.java:215)
	at java.base/java.util.stream.ReferencePipeline$3$1.accept(ReferencePipeline.java:215)
	at java.base/java.util.ArrayList$ArrayListSpliterator.forEachRemaining(ArrayList.java:1709)
	at java.base/java.util.stream.AbstractPipeline.copyInto(AbstractPipeline.java:570)
	at java.base/java.util.stream.AbstractPipeline.wrapAndCopyInto(AbstractPipeline.java:560)
	at java.base/java.util.stream.ForEachOps$ForEachOp.evaluateSequential(ForEachOps.java:151)
	at java.base/java.util.stream.ForEachOps$ForEachOp$OfRef.evaluateSequential(ForEachOps.java:174)
	at java.base/java.util.stream.AbstractPipeline.evaluate(AbstractPipeline.java:265)
	at java.base/java.util.stream.ReferencePipeline.forEach(ReferencePipeline.java:636)
	at java.base/java.util.stream.ReferencePipeline$7$1FlatMap.accept(ReferencePipeline.java:294)
	at java.base/java.util.ArrayList$ArrayListSpliterator.forEachRemaining(ArrayList.java:1709)
	at java.base/java.util.stream.AbstractPipeline.copyInto(AbstractPipeline.java:570)
	at java.base/java.util.stream.AbstractPipeline.wrapAndCopyInto(AbstractPipeline.java:560)
	at java.base/java.util.stream.ForEachOps$ForEachOp.evaluateSequential(ForEachOps.java:151)
	at java.base/java.util.stream.ForEachOps$ForEachOp$OfRef.evaluateSequential(ForEachOps.java:174)
	at java.base/java.util.stream.AbstractPipeline.evaluate(AbstractPipeline.java:265)
	at java.base/java.util.stream.ReferencePipeline.forEach(ReferencePipeline.java:636)
	at org.junit.jupiter.engine.descriptor.TestTemplateTestDescriptor.execute(TestTemplateTestDescriptor.java:107)
	at org.junit.jupiter.engine.descriptor.TestTemplateTestDescriptor.execute(TestTemplateTestDescriptor.java:42)
	at org.junit.platform.engine.support.hierarchical.NodeTestTask.lambda$executeRecursively$5(NodeTestTask.java:139)
	at org.junit.platform.engine.support.hierarchical.ThrowableCollector.execute(ThrowableCollector.java:73)
	at org.junit.platform.engine.support.hierarchical.NodeTestTask.lambda$executeRecursively$7(NodeTestTask.java:129)
	at org.junit.platform.engine.support.hierarchical.Node.around(Node.java:137)
	at org.junit.platform.engine.support.hierarchical.NodeTestTask.lambda$executeRecursively$8(NodeTestTask.java:127)
	at org.junit.platform.engine.support.hierarchical.ThrowableCollector.execute(ThrowableCollector.java:73)
	at org.junit.platform.engine.support.hierarchical.NodeTestTask.executeRecursively(NodeTestTask.java:126)
	at org.junit.platform.engine.support.hierarchical.NodeTestTask.execute(NodeTestTask.java:84)
	at java.base/java.util.ArrayList.forEach(ArrayList.java:1597)
	at org.junit.platform.engine.support.hierarchical.SameThreadHierarchicalTestExecutorService.invokeAll(SameThreadHierarchicalTestExecutorService.java:38)
	at org.junit.platform.engine.support.hierarchical.NodeTestTask.lambda$executeRecursively$5(NodeTestTask.java:143)
	at org.junit.platform.engine.support.hierarchical.ThrowableCollector.execute(ThrowableCollector.java:73)
	at org.junit.platform.engine.support.hierarchical.NodeTestTask.lambda$executeRecursively$7(NodeTestTask.java:129)
	at org.junit.platform.engine.support.hierarchical.Node.around(Node.java:137)
	at org.junit.platform.engine.support.hierarchical.NodeTestTask.lambda$executeRecursively$8(NodeTestTask.java:127)
	at org.junit.platform.engine.support.hierarchical.ThrowableCollector.execute(ThrowableCollector.java:73)
	at org.junit.platform.engine.support.hierarchical.NodeTestTask.executeRecursively(NodeTestTask.java:126)
	at org.junit.platform.engine.support.hierarchical.NodeTestTask.execute(NodeTestTask.java:84)
	at java.base/java.util.ArrayList.forEach(ArrayList.java:1597)
	at org.junit.platform.engine.support.hierarchical.SameThreadHierarchicalTestExecutorService.invokeAll(SameThreadHierarchicalTestExecutorService.java:38)
	at org.junit.platform.engine.support.hierarchical.NodeTestTask.lambda$executeRecursively$5(NodeTestTask.java:143)
	at org.junit.platform.engine.support.hierarchical.ThrowableCollector.execute(ThrowableCollector.java:73)
	at org.junit.platform.engine.support.hierarchical.NodeTestTask.lambda$executeRecursively$7(NodeTestTask.java:129)
	at org.junit.platform.engine.support.hierarchical.Node.around(Node.java:137)
	at org.junit.platform.engine.support.hierarchical.NodeTestTask.lambda$executeRecursively$8(NodeTestTask.java:127)
	at org.junit.platform.engine.support.hierarchical.ThrowableCollector.execute(ThrowableCollector.java:73)
	at org.junit.platform.engine.support.hierarchical.NodeTestTask.executeRecursively(NodeTestTask.java:126)
	at org.junit.platform.engine.support.hierarchical.NodeTestTask.execute(NodeTestTask.java:84)
	at org.junit.platform.engine.support.hierarchical.SameThreadHierarchicalTestExecutorService.submit(SameThreadHierarchicalTestExecutorService.java:32)
	at org.junit.platform.engine.support.hierarchical.HierarchicalTestExecutor.execute(HierarchicalTestExecutor.java:57)
	at org.junit.platform.engine.support.hierarchical.HierarchicalTestEngine.execute(HierarchicalTestEngine.java:51)
	at org.junit.platform.launcher.core.EngineExecutionOrchestrator.execute(EngineExecutionOrchestrator.java:108)
	at org.junit.platform.launcher.core.EngineExecutionOrchestrator.execute(EngineExecutionOrchestrator.java:88)
	at org.junit.platform.launcher.core.EngineExecutionOrchestrator.lambda$execute$0(EngineExecutionOrchestrator.java:54)
	at org.junit.platform.launcher.core.EngineExecutionOrchestrator.withInterceptedStreams(EngineExecutionOrchestrator.java:67)
	at org.junit.platform.launcher.core.EngineExecutionOrchestrator.execute(EngineExecutionOrchestrator.java:52)
	at org.junit.platform.launcher.core.DefaultLauncher.execute(DefaultLauncher.java:96)
	at org.junit.platform.launcher.core.DefaultLauncher.execute(DefaultLauncher.java:75)
	at org.junit.platform.console.tasks.ConsoleTestExecutor.executeTests(ConsoleTestExecutor.java:66)
	at org.junit.platform.console.tasks.ConsoleTestExecutor.lambda$execute$0(ConsoleTestExecutor.java:58)
	at org.junit.platform.console.tasks.CustomContextClassLoaderExecutor.replaceThreadContextClassLoaderAndInvoke(CustomContextClassLoaderExecutor.java:41)
	at org.junit.platform.console.tasks.CustomContextClassLoaderExecutor.invoke(CustomContextClassLoaderExecutor.java:31)
	at org.junit.platform.console.tasks.ConsoleTestExecutor.execute(ConsoleTestExecutor.java:58)
	at org.junit.platform.console.ConsoleLauncher.executeTests(ConsoleLauncher.java:95)
	at org.junit.platform.console.ConsoleLauncher.execute(ConsoleLauncher.java:73)
	at org.junit.platform.console.ConsoleLauncher.execute(ConsoleLauncher.java:50)
	at org.junit.platform.console.ConsoleLauncher.execute(ConsoleLauncher.java:43)
	at org.junit.platform.console.ConsoleLauncher.main(ConsoleLauncher.java:37)
]]></skipped>
<system-out><![CDATA[
unique-id: [engine:junit-jupiter]/[class:pilesimple.test.PileIntTest]/[test-template:testPileIntInt(int)]/[test-template-invocation:#1]
display-name: [1] -5
]]></system-out>
</testcase>
<testcase name="testPileIntInt(int)[2]" classname="pilesimple.test.PileIntTest" time="0">
<system-out><![CDATA[
unique-id: [engine:junit-jupiter]/[class:pilesimple.test.PileIntTest]/[test-template:testPileIntInt(int)]/[test-template-invocation:#2]
display-name: [2] 15
]]></system-out>
</testcase>
<testcase name="testPileIntInt(int)[3]" classname="pilesimple.test.PileIntTest" time="0">
<system-out><![CDATA[
unique-id: [engine:junit-jupiter]/[class:pilesimple.test.PileIntTest]/[test-template:testPileIntInt(int)]/[test-template-invocation:#3]
display-name: [3] 8
]]></system-out>
</testcase>
<testcase name="testPileIntInt(int)[4]" classname="pilesimple.test.PileIntTest" time="0">
<system-out><![CDATA[
unique-id: [engine:junit-jupiter]/[class:pilesimple.test.PileIntTest]/[test-template:testPileIntInt(int)]/[test-template-invocation:#4]
display-name: [4] 8
]]></system-out>
</testcase>
<testcase name="testPileIntInt(int)[5]" classname="pilesimple.test.PileIntTest" time="0">
<system-out><![CDATA[
unique-id: [engine:junit-jupiter]/[class:pilesimple.test.PileIntTest]/[test-template:testPileIntInt(int)]/[test-template-invocation:#5]
display-name: [5] 10
]]></system-out>
</testcase>
<testcase name="testPileIntInt(int)[6]" classname="pilesimple.test.PileIntTest" time="0">
<system-out><![CDATA[
unique-id: [engine:junit-jupiter]/[class:pilesimple.test.PileIntTest]/[test-template:testPileIntInt(int)]/[test-template-invocation:#6]
display-name: [6] 6
]]></system-out>
</testcase>
<testcase name="testPileIntInt(int)[7]" classname="pilesimple.test.PileIntTest" time="0">
<system-out><![CDATA[
unique-id: [engine:junit-jupiter]/[class:pilesimple.test.PileIntTest]/[test-template:testPileIntInt(int)]/[test-template-invocation:#7]
display-name: [7] 14
]]></system-out>
</testcase>
<testcase name="testPileIntInt(int)[8]" classname="pilesimple.test.PileIntTest" time="0">
<system-out><![CDATA[
unique-id: [engine:junit-jupiter]/[class:pilesimple.test.PileIntTest]/[test-template:testPileIntInt(int)]/[test-template-invocation:#8]
display-name: [8] 17
]]></system-out>
</testcase>
<testcase name="testPileIntInt(int)[9]" classname="pilesimple.test.PileIntTest" time="0">
<system-out><![CDATA[
unique-id: [engine:junit-jupiter]/[class:pilesimple.test.PileIntTest]/[test-template:testPileIntInt(int)]/[test-template-invocation:#9]
display-name: [9] 25
]]></system-out>
</testcase>
<testcase name="testPileIntInt(int)[10]" classname="pilesimple.test.PileIntTest" time="0">
<system-out><![CDATA[
unique-id: [engine:junit-jupiter]/[class:pilesimple.test.PileIntTest]/[test-template:testPileIntInt(int)]/[test-template-invocation:#10]
display-name: [10] 27
]]></system-out>
</testcase>
<testcase name="testToString(PileInt)[1]" classname="pilesimple.test.PileIntTest" time="0">
<system-out><![CDATA[
unique-id: [engine:junit-jupiter]/[class:pilesimple.test.PileIntTest]/[test-template:testToString(pilesimple.PileInt)]/[test-template-invocation:#1]
display-name: [1] PileInt(0/4):[]
]]></system-out>
</testcase>
<testcase name="testToString(PileInt)[2]" classname="pilesimple.test.PileIntTest" time="0">
<system-out><![CDATA[
unique-id: [engine:junit-jupiter]/[class:pilesimple.test.PileIntTest]/[test-template:testToString(pilesimple.PileInt)]/[test-template-invocation:#2]
display-name: [2] PileInt(0/10):[]
]]></system-out>
</testcase>
<testcase name="testToString(PileInt)[3]" classname="pilesimple.test.PileIntTest" time="0">
<system-out><![CDATA[
unique-id: [engine:junit-jupiter]/[class:pilesimple.test.PileIntTest]/[test-template:testToString(pilesimple.PileInt)]/[test-template-invocation:#3]
display-name: [3] PileInt(6/21):[829174856 -560540630 1017069059 -1738412859 300209628 -188841458 ]
]]></system-out>
</testcase>
<testcase name="testToString(PileInt)[4]" classname="pilesimple.test.PileIntTest" time="0">
<system-out><![CDATA[
unique-id: [engine:junit-jupiter]/[class:pilesimple.test.PileIntTest]/[test-template:testToString(pilesimple.PileInt)]/[test-template-invocation:#4]
display-name: [4] PileInt(10/24):[-1489436760 -263993310 1290897763 1717230542 -2064902060 0 0 0 0 0 ]
]]></system-out>
</testcase>
<testcase name="testToString(PileInt)[5]" classname="pilesimple.test.PileIntTest" time="0">
<system-out><![CDATA[
unique-id: [engine:junit-jupiter]/[class:pilesimple.test.PileIntTest]/[test-template:testToString(pilesimple.PileInt)]/[test-template-invocation:#5]
display-name: [5] PileInt(9/10):[637862618 -1510457637 2016118339 -24306896 1280740200 0 0 0 0 ]
]]></system-out>
</testcase>
<testcase name="testToString(PileInt)[6]" classname="pilesimple.test.PileIntTest" time="0">
<system-out><![CDATA[
unique-id: [engine:junit-jupiter]/[class:pilesimple.test.PileIntTest]/[test-template:testToString(pilesimple.PileInt)]/[test-template-invocation:#6]
display-name: [6] PileInt(9/15):[-374846588 1048478229 -920801997 -771279764 -1267021193 0 0 0 0 ]
]]></system-out>
</testcase>
<testcase name="testToString(PileInt)[7]" classname="pilesimple.test.PileIntTest" time="0">
<system-out><![CDATA[
unique-id: [engine:junit-jupiter]/[class:pilesimple.test.PileIntTest]/[test-template:testToString(pilesimple.PileInt)]/[test-template-invocation:#7]
display-name: [7] PileInt(14/20):[1428472226 -637821803 -706447001 1150321620 864544919 0 0 0 0 0 0 0 0 0 ]
]]></system-out>
</testcase>
<testcase name="testToString(PileInt)[8]" classname="pilesimple.test.PileIntTest" time="0">
<system-out><![CDATA[
unique-id: [engine:junit-jupiter]/[class:pilesimple.test.PileIntTest]/[test-template:testToString(pilesimple.PileInt)]/[test-template-invocation:#8]
display-name: [8] PileInt(17/28):[703876638 393883502 -735980280 1592594415 1442868874 0 0 0 0 0 0 0 0 0 0 0 0 ]
]]></system-out>
</testcase>
<testcase name="testToString(PileInt)[9]" classname="pilesimple.test.PileIntTest" time="0">
<system-out><![CDATA[
unique-id: [engine:junit-jupiter]/[class:pilesimple.test.PileIntTest]/[test-template:testToString(pilesimple.PileInt)]/[test-template-invocation:#9]
display-name: [9] PileInt(0/6):[]
]]></system-out>
</testcase>
<testcase name="testToString(PileInt)[10]" classname="pilesimple.test.PileIntTest" time="0">
<system-out><![CDATA[
unique-id: [engine:junit-jupiter]/[class:pilesimple.test.PileIntTest]/[test-template:testToString(pilesimple.PileInt)]/[test-template-invocation:#10]
display-name: [10] PileInt(24/25):[-705429044 -1165162668 1915516414 1792785474 -1102370681 0 0 0 0 0 0 0 0 0 0 0 0 0 0 0 0 0 0 0 ]
]]></system-out>
</testcase>
<testcase name="testToString(PileInt)[11]" classname="pilesimple.test.PileIntTest" time="0">
<system-out><![CDATA[
unique-id: [engine:junit-jupiter]/[class:pilesimple.test.PileIntTest]/[test-template:testToString(pilesimple.PileInt)]/[test-template-invocation:#11]
display-name: [11] PileInt(7/8):[1210489329 -1943355528 2110550009 303126429 0 0 0 ]
]]></system-out>
</testcase>
<testcase name="testToString(PileInt)[12]" classname="pilesimple.test.PileIntTest" time="0">
<system-out><![CDATA[
unique-id: [engine:junit-jupiter]/[class:pilesimple.test.PileIntTest]/[test-template:testToString(pilesimple.PileInt)]/[test-template-invocation:#12]
display-name: [12] PileInt(24/25):[1076106784 1001106160 0 0 0 0 0 0 0 0 0 0 0 0 0 0 0 0 0 0 0 0 0 0 ]
]]></system-out>
</testcase>
<testcase name="testToString(PileInt)[13]" classname="pilesimple.test.PileIntTest" time="0">
<system-out><![CDATA[
unique-id: [engine:junit-jupiter]/[class:pilesimple.test.PileIntTest]/[test-template:testToString(pilesimple.PileInt)]/[test-template-invocation:#13]
display-name: [13] PileInt(18/20):[-1948372490 1175265028 1509228326 982841218 -113535506 -1095093150 388532020 -1696138086 -1404296367 949094180 1074419298 1053087988 -1152583802 826453230 -990184886 0 0 0 ]
]]></system-out>
</testcase>
<testcase name="testToString(PileInt)[14]" classname="pilesimple.test.PileIntTest" time="0">
<system-out><![CDATA[
unique-id: [engine:junit-jupiter]/[class:pilesimple.test.PileIntTest]/[test-template:testToString(pilesimple.PileInt)]/[test-template-invocation:#14]
display-name: [14] PileInt(0/1):[]
]]></system-out>
</testcase>
<testcase name="testToString(PileInt)[15]" classname="pilesimple.test.PileIntTest" time="0">
<system-out><![CDATA[
unique-id: [engine:junit-jupiter]/[class:pilesimple.test.PileIntTest]/[test-template:testToString(pilesimple.PileInt)]/[test-template-invocation:#15]
display-name: [15] PileInt(2/13):[-684180429 633166819 ]
]]></system-out>
</testcase>
<testcase name="testToString(PileInt)[16]" classname="pilesimple.test.PileIntTest" time="0">
<system-out><![CDATA[
unique-id: [engine:junit-jupiter]/[class:pilesimple.test.PileIntTest]/[test-template:testToString(pilesimple.PileInt)]/[test-template-invocation:#16]
display-name: [16] PileInt(1/7):[-1274647728 ]
]]></system-out>
</testcase>
<testcase name="testToString(PileInt)[17]" classname="pilesimple.test.PileIntTest" time="0">
<system-out><![CDATA[
unique-id: [engine:junit-jupiter]/[class:pilesimple.test.PileIntTest]/[test-template:testToString(pilesimple.PileInt)]/[test-template-invocation:#17]
display-name: [17] PileInt(11/16):[1362992196 -2080071938 1590300961 -1725722911 682324868 -1338224590 880401299 -2081234295 -561541459 0 0 ]
]]></system-out>
</testcase>
<testcase name="testToString(PileInt)[18]" classname="pilesimple.test.PileIntTest" time="0">
<system-out><![CDATA[
unique-id: [engine:junit-jupiter]/[class:pilesimple.test.PileIntTest]/[test-template:testToString(pilesimple.PileInt)]/[test-template-invocation:#18]
display-name: [18] PileInt(16/25):[-177297065 -317067174 1538678292 1459401015 764171947 -791717276 -1475135243 1373362923 104936572 1838652771 -10463901 -1839550882 1664723887 -799351692 -1803735371 1504195079 ]
]]></system-out>
</testcase>
<testcase name="testToString(PileInt)[19]" classname="pilesimple.test.PileIntTest" time="0">
<system-out><![CDATA[
unique-id: [engine:junit-jupiter]/[class:pilesimple.test.PileIntTest]/[test-template:testToString(pilesimple.PileInt)]/[test-template-invocation:#19]
display-name: [19] PileInt(2/4):[-810202728 -2036874149 ]
]]></system-out>
</testcase>
<testcase name="testToString(PileInt)[20]" classname="pilesimple.test.PileIntTest" time="0">
<system-out><![CDATA[
unique-id: [engine:junit-jupiter]/[class:pilesimple.test.PileIntTest]/[test-template:testToString(pilesimple.PileInt)]/[test-template-invocation:#20]
display-name: [20] PileInt(1/5):[-234217948 ]
]]></system-out>
</testcase>
<testcase name="testGetNbMaxElements(PileInt)[1]" classname="pilesimple.test.PileIntTest" time="0">
<system-out><![CDATA[
unique-id: [engine:junit-jupiter]/[class:pilesimple.test.PileIntTest]/[test-template:testGetNbMaxElements(pilesimple.PileInt)]/[test-template-invocation:#1]
display-name: [1] PileInt(2/4):[338894473 -8872316 ]
]]></system-out>
</testcase>
<testcase name="testGetNbMaxElements(PileInt)[2]" classname="pilesimple.test.PileIntTest" time="0">
<system-out><![CDATA[
unique-id: [engine:junit-jupiter]/[class:pilesimple.test.PileIntTest]/[test-template:testGetNbMaxElements(pilesimple.PileInt)]/[test-template-invocation:#2]
display-name: [2] PileInt(9/10):[406853085 94227386 0 0 0 0 0 0 0 ]
]]></system-out>
</testcase>
<testcase name="testGetNbMaxElements(PileInt)[3]" classname="pilesimple.test.PileIntTest" time="0">
<system-out><![CDATA[
unique-id: [engine:junit-jupiter]/[class:pilesimple.test.PileIntTest]/[test-template:testGetNbMaxElements(pilesimple.PileInt)]/[test-template-invocation:#3]
display-name: [3] PileInt(0/21):[]
]]></system-out>
</testcase>
<testcase name="testGetNbMaxElements(PileInt)[4]" classname="pilesimple.test.PileIntTest" time="0">
<system-out><![CDATA[
unique-id: [engine:junit-jupiter]/[class:pilesimple.test.PileIntTest]/[test-template:testGetNbMaxElements(pilesimple.PileInt)]/[test-template-invocation:#4]
display-name: [4] PileInt(11/24):[-1489436760 -263993310 1290897763 1717230542 -2064902060 0 0 0 0 0 0 ]
]]></system-out>
</testcase>
<testcase name="testGetNbMaxElements(PileInt)[5]" classname="pilesimple.test.PileIntTest" time="0">
<system-out><![CDATA[
unique-id: [engine:junit-jupiter]/[class:pilesimple.test.PileIntTest]/[test-template:testGetNbMaxElements(pilesimple.PileInt)]/[test-template-invocation:#5]
display-name: [5] PileInt(7/10):[637862618 -1510457637 2016118339 -24306896 1280740200 0 0 ]
]]></system-out>
</testcase>
<testcase name="testGetNbMaxElements(PileInt)[6]" classname="pilesimple.test.PileIntTest" time="0">
<system-out><![CDATA[
unique-id: [engine:junit-jupiter]/[class:pilesimple.test.PileIntTest]/[test-template:testGetNbMaxElements(pilesimple.PileInt)]/[test-template-invocation:#6]
display-name: [6] PileInt(12/15):[-374846588 1048478229 -920801997 -771279764 -1267021193 0 0 0 0 0 0 0 ]
]]></system-out>
</testcase>
<testcase name="testGetNbMaxElements(PileInt)[7]" classname="pilesimple.test.PileIntTest" time="0">
<system-out><![CDATA[
unique-id: [engine:junit-jupiter]/[class:pilesimple.test.PileIntTest]/[test-template:testGetNbMaxElements(pilesimple.PileInt)]/[test-template-invocation:#7]
display-name: [7] PileInt(7/20):[1428472226 -637821803 -706447001 1150321620 864544919 0 0 ]
]]></system-out>
</testcase>
<testcase name="testGetNbMaxElements(PileInt)[8]" classname="pilesimple.test.PileIntTest" time="0">
<system-out><![CDATA[
unique-id: [engine:junit-jupiter]/[class:pilesimple.test.PileIntTest]/[test-template:testGetNbMaxElements(pilesimple.PileInt)]/[test-template-invocation:#8]
display-name: [8] PileInt(6/28):[703876638 393883502 -735980280 1592594415 1442868874 0 ]
]]></system-out>
</testcase>
<testcase name="testGetNbMaxElements(PileInt)[9]" classname="pilesimple.test.PileIntTest" time="0">
<system-out><![CDATA[
unique-id: [engine:junit-jupiter]/[class:pilesimple.test.PileIntTest]/[test-template:testGetNbMaxElements(pilesimple.PileInt)]/[test-template-invocation:#9]
display-name: [9] PileInt(5/6):[0 0 0 0 0 ]
]]></system-out>
</testcase>
<testcase name="testGetNbMaxElements(PileInt)[10]" classname="pilesimple.test.PileIntTest" time="0">
<system-out><![CDATA[
unique-id: [engine:junit-jupiter]/[class:pilesimple.test.PileIntTest]/[test-template:testGetNbMaxElements(pilesimple.PileInt)]/[test-template-invocation:#10]
display-name: [10] PileInt(1/25):[-705429044 ]
]]></system-out>
</testcase>
<testcase name="testGetNbMaxElements(PileInt)[11]" classname="pilesimple.test.PileIntTest" time="0">
<system-out><![CDATA[
unique-id: [engine:junit-jupiter]/[class:pilesimple.test.PileIntTest]/[test-template:testGetNbMaxElements(pilesimple.PileInt)]/[test-template-invocation:#11]
display-name: [11] PileInt(3/8):[1210489329 -1943355528 2110550009 ]
]]></system-out>
</testcase>
<testcase name="testGetNbMaxElements(PileInt)[12]" classname="pilesimple.test.PileIntTest" time="0">
<system-out><![CDATA[
unique-id: [engine:junit-jupiter]/[class:pilesimple.test.PileIntTest]/[test-template:testGetNbMaxElements(pilesimple.PileInt)]/[test-template-invocation:#12]
display-name: [12] PileInt(13/25):[1076106784 1001106160 0 0 0 0 0 0 0 0 0 0 0 ]
]]></system-out>
</testcase>
<testcase name="testGetNbMaxElements(PileInt)[13]" classname="pilesimple.test.PileIntTest" time="0">
<system-out><![CDATA[
unique-id: [engine:junit-jupiter]/[class:pilesimple.test.PileIntTest]/[test-template:testGetNbMaxElements(pilesimple.PileInt)]/[test-template-invocation:#13]
display-name: [13] PileInt(2/20):[-1948372490 1175265028 ]
]]></system-out>
</testcase>
<testcase name="testGetNbMaxElements(PileInt)[14]" classname="pilesimple.test.PileIntTest" time="0">
<system-out><![CDATA[
unique-id: [engine:junit-jupiter]/[class:pilesimple.test.PileIntTest]/[test-template:testGetNbMaxElements(pilesimple.PileInt)]/[test-template-invocation:#14]
display-name: [14] PileInt(0/1):[]
]]></system-out>
</testcase>
<testcase name="testGetNbMaxElements(PileInt)[15]" classname="pilesimple.test.PileIntTest" time="0">
<system-out><![CDATA[
unique-id: [engine:junit-jupiter]/[class:pilesimple.test.PileIntTest]/[test-template:testGetNbMaxElements(pilesimple.PileInt)]/[test-template-invocation:#15]
display-name: [15] PileInt(4/13):[-684180429 633166819 0 0 ]
]]></system-out>
</testcase>
<testcase name="testGetNbMaxElements(PileInt)[16]" classname="pilesimple.test.PileIntTest" time="0">
<system-out><![CDATA[
unique-id: [engine:junit-jupiter]/[class:pilesimple.test.PileIntTest]/[test-template:testGetNbMaxElements(pilesimple.PileInt)]/[test-template-invocation:#16]
display-name: [16] PileInt(2/7):[-1274647728 1596499529 ]
]]></system-out>
</testcase>
<testcase name="testGetNbMaxElements(PileInt)[17]" classname="pilesimple.test.PileIntTest" time="0">
<system-out><![CDATA[
unique-id: [engine:junit-jupiter]/[class:pilesimple.test.PileIntTest]/[test-template:testGetNbMaxElements(pilesimple.PileInt)]/[test-template-invocation:#17]
display-name: [17] PileInt(10/16):[1362992196 -2080071938 1590300961 -1725722911 682324868 -1338224590 880401299 -2081234295 -561541459 0 ]
]]></system-out>
</testcase>
<testcase name="testGetNbMaxElements(PileInt)[18]" classname="pilesimple.test.PileIntTest" time="0">
<system-out><![CDATA[
unique-id: [engine:junit-jupiter]/[class:pilesimple.test.PileIntTest]/[test-template:testGetNbMaxElements(pilesimple.PileInt)]/[test-template-invocation:#18]
display-name: [18] PileInt(6/25):[-177297065 -317067174 1538678292 1459401015 764171947 -791717276 ]
]]></system-out>
</testcase>
<testcase name="testGetNbMaxElements(PileInt)[19]" classname="pilesimple.test.PileIntTest" time="0">
<system-out><![CDATA[
unique-id: [engine:junit-jupiter]/[class:pilesimple.test.PileIntTest]/[test-template:testGetNbMaxElements(pilesimple.PileInt)]/[test-template-invocation:#19]
display-name: [19] PileInt(2/4):[-810202728 -2036874149 ]
]]></system-out>
</testcase>
<testcase name="testGetNbMaxElements(PileInt)[20]" classname="pilesimple.test.PileIntTest" time="0">
<system-out><![CDATA[
unique-id: [engine:junit-jupiter]/[class:pilesimple.test.PileIntTest]/[test-template:testGetNbMaxElements(pilesimple.PileInt)]/[test-template-invocation:#20]
display-name: [20] PileInt(0/5):[]
]]></system-out>
</testcase>
<testcase name="testEstPleine(PileInt)[1]" classname="pilesimple.test.PileIntTest" time="0">
<system-out><![CDATA[
unique-id: [engine:junit-jupiter]/[class:pilesimple.test.PileIntTest]/[test-template:testEstPleine(pilesimple.PileInt)]/[test-template-invocation:#1]
display-name: [1] PileInt(2/4):[338894473 -8872316 ]
]]></system-out>
</testcase>
<testcase name="testEstPleine(PileInt)[2]" classname="pilesimple.test.PileIntTest" time="0">
<system-out><![CDATA[
unique-id: [engine:junit-jupiter]/[class:pilesimple.test.PileIntTest]/[test-template:testEstPleine(pilesimple.PileInt)]/[test-template-invocation:#2]
display-name: [2] PileInt(9/10):[406853085 94227386 0 0 0 0 0 0 0 ]
]]></system-out>
</testcase>
<testcase name="testEstPleine(PileInt)[3]" classname="pilesimple.test.PileIntTest" time="0">
<system-out><![CDATA[
unique-id: [engine:junit-jupiter]/[class:pilesimple.test.PileIntTest]/[test-template:testEstPleine(pilesimple.PileInt)]/[test-template-invocation:#3]
display-name: [3] PileInt(14/21):[829174856 -560540630 1017069059 -1738412859 300209628 -188841458 -1827026023 -1500709070 -816936810 858109280 -776814606 -2070802362 -136406843 1897636588 ]
]]></system-out>
</testcase>
<testcase name="testEstPleine(PileInt)[4]" classname="pilesimple.test.PileIntTest" time="0">
<system-out><![CDATA[
unique-id: [engine:junit-jupiter]/[class:pilesimple.test.PileIntTest]/[test-template:testEstPleine(pilesimple.PileInt)]/[test-template-invocation:#4]
display-name: [4] PileInt(14/24):[-1489436760 -263993310 1290897763 1717230542 -2064902060 0 0 0 0 0 0 0 0 0 ]
]]></system-out>
</testcase>
<testcase name="testEstPleine(PileInt)[5]" classname="pilesimple.test.PileIntTest" time="0">
<system-out><![CDATA[
unique-id: [engine:junit-jupiter]/[class:pilesimple.test.PileIntTest]/[test-template:testEstPleine(pilesimple.PileInt)]/[test-template-invocation:#5]
display-name: [5] PileInt(0/10):[]
]]></system-out>
</testcase>
<testcase name="testEstPleine(PileInt)[6]" classname="pilesimple.test.PileIntTest" time="0">
<system-out><![CDATA[
unique-id: [engine:junit-jupiter]/[class:pilesimple.test.PileIntTest]/[test-template:testEstPleine(pilesimple.PileInt)]/[test-template-invocation:#6]
display-name: [6] PileInt(3/15):[-374846588 1048478229 -920801997 ]
]]></system-out>
</testcase>
<testcase name="testEstPleine(PileInt)[7]" classname="pilesimple.test.PileIntTest" time="0">
<system-out><![CDATA[
unique-id: [engine:junit-jupiter]/[class:pilesimple.test.PileIntTest]/[test-template:testEstPleine(pilesimple.PileInt)]/[test-template-invocation:#7]
display-name: [7] PileInt(12/20):[1428472226 -637821803 -706447001 1150321620 864544919 0 0 0 0 0 0 0 ]
]]></system-out>
</testcase>
<testcase name="testEstPleine(PileInt)[8]" classname="pilesimple.test.PileIntTest" time="0">
<system-out><![CDATA[
unique-id: [engine:junit-jupiter]/[class:pilesimple.test.PileIntTest]/[test-template:testEstPleine(pilesimple.PileInt)]/[test-template-invocation:#8]
display-name: [8] PileInt(9/28):[703876638 393883502 -735980280 1592594415 1442868874 0 0 0 0 ]
]]></system-out>
</testcase>
<testcase name="testEstPleine(PileInt)[9]" classname="pilesimple.test.PileIntTest" time="0">
<system-out><![CDATA[
unique-id: [engine:junit-jupiter]/[class:pilesimple.test.PileIntTest]/[test-template:testEstPleine(pilesimple.PileInt)]/[test-template-invocation:#9]
display-name: [9] PileInt(2/6):[0 0 ]
]]></system-out>
</testcase>
<testcase name="testEstPleine(PileInt)[10]" classname="pilesimple.test.PileIntTest" time="0">
<system-out><![CDATA[
unique-id: [engine:junit-jupiter]/[class:pilesimple.test.PileIntTest]/[test-template:testEstPleine(pilesimple.PileInt)]/[test-template-invocation:#10]
display-name: [10] PileInt(3/25):[-705429044 -1165162668 1915516414 ]
]]></system-out>
</testcase>
<testcase name="testEstPleine(PileInt)[11]" classname="pilesimple.test.PileIntTest" time="0">
<system-out><![CDATA[
unique-id: [engine:junit-jupiter]/[class:pilesimple.test.PileIntTest]/[test-template:testEstPleine(pilesimple.PileInt)]/[test-template-invocation:#11]
display-name: [11] PileInt(0/8):[]
]]></system-out>
</testcase>
<testcase name="testEstPleine(PileInt)[12]" classname="pilesimple.test.PileIntTest" time="0">
<system-out><![CDATA[
unique-id: [engine:junit-jupiter]/[class:pilesimple.test.PileIntTest]/[test-template:testEstPleine(pilesimple.PileInt)]/[test-template-invocation:#12]
display-name: [12] PileInt(12/25):[1076106784 1001106160 0 0 0 0 0 0 0 0 0 0 ]
]]></system-out>
</testcase>
<testcase name="testEstPleine(PileInt)[13]" classname="pilesimple.test.PileIntTest" time="0">
<system-out><![CDATA[
unique-id: [engine:junit-jupiter]/[class:pilesimple.test.PileIntTest]/[test-template:testEstPleine(pilesimple.PileInt)]/[test-template-invocation:#13]
display-name: [13] PileInt(11/20):[-1948372490 1175265028 1509228326 982841218 -113535506 -1095093150 388532020 -1696138086 -1404296367 949094180 1074419298 ]
]]></system-out>
</testcase>
<testcase name="testEstPleine(PileInt)[14]" classname="pilesimple.test.PileIntTest" time="0">
<system-out><![CDATA[
unique-id: [engine:junit-jupiter]/[class:pilesimple.test.PileIntTest]/[test-template:testEstPleine(pilesimple.PileInt)]/[test-template-invocation:#14]
display-name: [14] PileInt(0/1):[]
]]></system-out>
</testcase>
<testcase name="testEstPleine(PileInt)[15]" classname="pilesimple.test.PileIntTest" time="0">
<system-out><![CDATA[
unique-id: [engine:junit-jupiter]/[class:pilesimple.test.PileIntTest]/[test-template:testEstPleine(pilesimple.PileInt)]/[test-template-invocation:#15]
display-name: [15] PileInt(11/13):[-684180429 633166819 0 0 0 0 0 0 0 0 0 ]
]]></system-out>
</testcase>
<testcase name="testEstPleine(PileInt)[16]" classname="pilesimple.test.PileIntTest" time="0">
<system-out><![CDATA[
unique-id: [engine:junit-jupiter]/[class:pilesimple.test.PileIntTest]/[test-template:testEstPleine(pilesimple.PileInt)]/[test-template-invocation:#16]
display-name: [16] PileInt(3/7):[-1274647728 1596499529 -463382582 ]
]]></system-out>
</testcase>
<testcase name="testEstPleine(PileInt)[17]" classname="pilesimple.test.PileIntTest" time="0">
<system-out><![CDATA[
unique-id: [engine:junit-jupiter]/[class:pilesimple.test.PileIntTest]/[test-template:testEstPleine(pilesimple.PileInt)]/[test-template-invocation:#17]
display-name: [17] PileInt(2/16):[1362992196 -2080071938 ]
]]></system-out>
</testcase>
<testcase name="testEstPleine(PileInt)[18]" classname="pilesimple.test.PileIntTest" time="0">
<system-out><![CDATA[
unique-id: [engine:junit-jupiter]/[class:pilesimple.test.PileIntTest]/[test-template:testEstPleine(pilesimple.PileInt)]/[test-template-invocation:#18]
display-name: [18] PileInt(22/25):[-177297065 -317067174 1538678292 1459401015 764171947 -791717276 -1475135243 1373362923 104936572 1838652771 -10463901 -1839550882 1664723887 -799351692 -1803735371 1504195079 457981356 1301858620 217733573 1908815035 -718666961 0 ]
]]></system-out>
</testcase>
<testcase name="testEstPleine(PileInt)[19]" classname="pilesimple.test.PileIntTest" time="0">
<system-out><![CDATA[
unique-id: [engine:junit-jupiter]/[class:pilesimple.test.PileIntTest]/[test-template:testEstPleine(pilesimple.PileInt)]/[test-template-invocation:#19]
display-name: [19] PileInt(1/4):[-810202728 ]
]]></system-out>
</testcase>
<testcase name="testEstPleine(PileInt)[20]" classname="pilesimple.test.PileIntTest" time="0">
<system-out><![CDATA[
unique-id: [engine:junit-jupiter]/[class:pilesimple.test.PileIntTest]/[test-template:testEstPleine(pilesimple.PileInt)]/[test-template-invocation:#20]
display-name: [20] PileInt(3/5):[-234217948 -2036859372 0 ]
]]></system-out>
</testcase>
<testcase name="testEqualsObject(PileInt, Object)[1]" classname="pilesimple.test.PileIntTest" time="0.001">
<system-out><![CDATA[
unique-id: [engine:junit-jupiter]/[class:pilesimple.test.PileIntTest]/[test-template:testEqualsObject(pilesimple.PileInt, java.lang.Object)]/[test-template-invocation:#1]
display-name: [1] PileInt(2/4):[338894473 -8872316 ], null
]]></system-out>
</testcase>
<testcase name="testEqualsObject(PileInt, Object)[2]" classname="pilesimple.test.PileIntTest" time="0">
<system-out><![CDATA[
unique-id: [engine:junit-jupiter]/[class:pilesimple.test.PileIntTest]/[test-template:testEqualsObject(pilesimple.PileInt, java.lang.Object)]/[test-template-invocation:#2]
display-name: [2] PileInt(2/4):[338894473 -8872316 ], 
]]></system-out>
</testcase>
<testcase name="testEqualsObject(PileInt, Object)[3]" classname="pilesimple.test.PileIntTest" time="0">
<system-out><![CDATA[
unique-id: [engine:junit-jupiter]/[class:pilesimple.test.PileIntTest]/[test-template:testEqualsObject(pilesimple.PileInt, java.lang.Object)]/[test-template-invocation:#3]
display-name: [3] PileInt(2/4):[338894473 -8872316 ], abc
]]></system-out>
</testcase>
<testcase name="testEqualsObject(PileInt, Object)[4]" classname="pilesimple.test.PileIntTest" time="0">
<system-out><![CDATA[
unique-id: [engine:junit-jupiter]/[class:pilesimple.test.PileIntTest]/[test-template:testEqualsObject(pilesimple.PileInt, java.lang.Object)]/[test-template-invocation:#4]
display-name: [4] PileInt(2/4):[338894473 -8872316 ], Abjh45
]]></system-out>
</testcase>
<testcase name="testEqualsObject(PileInt, Object)[5]" classname="pilesimple.test.PileIntTest" time="0">
<system-out><![CDATA[
unique-id: [engine:junit-jupiter]/[class:pilesimple.test.PileIntTest]/[test-template:testEqualsObject(pilesimple.PileInt, java.lang.Object)]/[test-template-invocation:#5]
display-name: [5] PileInt(2/4):[338894473 -8872316 ], ch1
]]></system-out>
</testcase>
<testcase name="testEqualsObject(PileInt, Object)[6]" classname="pilesimple.test.PileIntTest" time="0">
<system-out><![CDATA[
unique-id: [engine:junit-jupiter]/[class:pilesimple.test.PileIntTest]/[test-template:testEqualsObject(pilesimple.PileInt, java.lang.Object)]/[test-template-invocation:#6]
display-name: [6] PileInt(2/4):[338894473 -8872316 ], 5662
]]></system-out>
</testcase>
<testcase name="testEqualsObject(PileInt, Object)[7]" classname="pilesimple.test.PileIntTest" time="0">
<system-out><![CDATA[
unique-id: [engine:junit-jupiter]/[class:pilesimple.test.PileIntTest]/[test-template:testEqualsObject(pilesimple.PileInt, java.lang.Object)]/[test-template-invocation:#7]
display-name: [7] PileInt(2/4):[338894473 -8872316 ], ch2
]]></system-out>
</testcase>
<testcase name="testEqualsObject(PileInt, Object)[8]" classname="pilesimple.test.PileIntTest" time="0">
<system-out><![CDATA[
unique-id: [engine:junit-jupiter]/[class:pilesimple.test.PileIntTest]/[test-template:testEqualsObject(pilesimple.PileInt, java.lang.Object)]/[test-template-invocation:#8]
display-name: [8] PileInt(2/4):[338894473 -8872316 ], ch3
]]></system-out>
</testcase>
<testcase name="testEqualsObject(PileInt, Object)[9]" classname="pilesimple.test.PileIntTest" time="0">
<system-out><![CDATA[
unique-id: [engine:junit-jupiter]/[class:pilesimple.test.PileIntTest]/[test-template:testEqualsObject(pilesimple.PileInt, java.lang.Object)]/[test-template-invocation:#9]
display-name: [9] PileInt(2/4):[338894473 -8872316 ], ch4
]]></system-out>
</testcase>
<testcase name="testEqualsObject(PileInt, Object)[10]" classname="pilesimple.test.PileIntTest" time="0">
<system-out><![CDATA[
unique-id: [engine:junit-jupiter]/[class:pilesimple.test.PileIntTest]/[test-template:testEqualsObject(pilesimple.PileInt, java.lang.Object)]/[test-template-invocation:#10]
display-name: [10] PileInt(2/4):[338894473 -8872316 ], ch5
]]></system-out>
</testcase>
<testcase name="testEqualsObject(PileInt, Object)[11]" classname="pilesimple.test.PileIntTest" time="0">
<system-out><![CDATA[
unique-id: [engine:junit-jupiter]/[class:pilesimple.test.PileIntTest]/[test-template:testEqualsObject(pilesimple.PileInt, java.lang.Object)]/[test-template-invocation:#11]
display-name: [11] PileInt(2/4):[338894473 -8872316 ], chaine6
]]></system-out>
</testcase>
<testcase name="testEqualsObject(PileInt, Object)[12]" classname="pilesimple.test.PileIntTest" time="0">
<system-out><![CDATA[
unique-id: [engine:junit-jupiter]/[class:pilesimple.test.PileIntTest]/[test-template:testEqualsObject(pilesimple.PileInt, java.lang.Object)]/[test-template-invocation:#12]
display-name: [12] PileInt(2/4):[338894473 -8872316 ], chaine7
]]></system-out>
</testcase>
<testcase name="testEqualsObject(PileInt, Object)[13]" classname="pilesimple.test.PileIntTest" time="0">
<system-out><![CDATA[
unique-id: [engine:junit-jupiter]/[class:pilesimple.test.PileIntTest]/[test-template:testEqualsObject(pilesimple.PileInt, java.lang.Object)]/[test-template-invocation:#13]
display-name: [13] PileInt(2/4):[338894473 -8872316 ], chaine8
]]></system-out>
</testcase>
<testcase name="testEqualsObject(PileInt, Object)[14]" classname="pilesimple.test.PileIntTest" time="0">
<system-out><![CDATA[
unique-id: [engine:junit-jupiter]/[class:pilesimple.test.PileIntTest]/[test-template:testEqualsObject(pilesimple.PileInt, java.lang.Object)]/[test-template-invocation:#14]
display-name: [14] PileInt(2/4):[338894473 -8872316 ], chaine10
]]></system-out>
</testcase>
<testcase name="testEqualsObject(PileInt, Object)[15]" classname="pilesimple.test.PileIntTest" time="0">
<system-out><![CDATA[
unique-id: [engine:junit-jupiter]/[class:pilesimple.test.PileIntTest]/[test-template:testEqualsObject(pilesimple.PileInt, java.lang.Object)]/[test-template-invocation:#15]
display-name: [15] PileInt(2/4):[338894473 -8872316 ], chaine11
]]></system-out>
</testcase>
<testcase name="testEqualsObject(PileInt, Object)[16]" classname="pilesimple.test.PileIntTest" time="0">
<system-out><![CDATA[
unique-id: [engine:junit-jupiter]/[class:pilesimple.test.PileIntTest]/[test-template:testEqualsObject(pilesimple.PileInt, java.lang.Object)]/[test-template-invocation:#16]
display-name: [16] PileInt(2/4):[338894473 -8872316 ], chaine12
]]></system-out>
</testcase>
<testcase name="testEqualsObject(PileInt, Object)[17]" classname="pilesimple.test.PileIntTest" time="0">
<system-out><![CDATA[
unique-id: [engine:junit-jupiter]/[class:pilesimple.test.PileIntTest]/[test-template:testEqualsObject(pilesimple.PileInt, java.lang.Object)]/[test-template-invocation:#17]
display-name: [17] PileInt(2/4):[338894473 -8872316 ], null
]]></system-out>
</testcase>
<testcase name="testEqualsObject(PileInt, Object)[18]" classname="pilesimple.test.PileIntTest" time="0">
<system-out><![CDATA[
unique-id: [engine:junit-jupiter]/[class:pilesimple.test.PileIntTest]/[test-template:testEqualsObject(pilesimple.PileInt, java.lang.Object)]/[test-template-invocation:#18]
display-name: [18] PileInt(2/4):[338894473 -8872316 ], java.lang.Object@6bf0219d
]]></system-out>
</testcase>
<testcase name="testEqualsObject(PileInt, Object)[19]" classname="pilesimple.test.PileIntTest" time="0">
<system-out><![CDATA[
unique-id: [engine:junit-jupiter]/[class:pilesimple.test.PileIntTest]/[test-template:testEqualsObject(pilesimple.PileInt, java.lang.Object)]/[test-template-invocation:#19]
display-name: [19] PileInt(2/4):[338894473 -8872316 ], abc
]]></system-out>
</testcase>
<testcase name="testEqualsObject(PileInt, Object)[20]" classname="pilesimple.test.PileIntTest" time="0">
<system-out><![CDATA[
unique-id: [engine:junit-jupiter]/[class:pilesimple.test.PileIntTest]/[test-template:testEqualsObject(pilesimple.PileInt, java.lang.Object)]/[test-template-invocation:#20]
display-name: [20] PileInt(2/4):[338894473 -8872316 ], 1
]]></system-out>
</testcase>
<testcase name="testEqualsObject(PileInt, Object)[21]" classname="pilesimple.test.PileIntTest" time="0">
<system-out><![CDATA[
unique-id: [engine:junit-jupiter]/[class:pilesimple.test.PileIntTest]/[test-template:testEqualsObject(pilesimple.PileInt, java.lang.Object)]/[test-template-invocation:#21]
display-name: [21] PileInt(2/4):[338894473 -8872316 ], PileInt(0/4):[]
]]></system-out>
</testcase>
<testcase name="testEqualsObject(PileInt, Object)[22]" classname="pilesimple.test.PileIntTest" time="0">
<system-out><![CDATA[
unique-id: [engine:junit-jupiter]/[class:pilesimple.test.PileIntTest]/[test-template:testEqualsObject(pilesimple.PileInt, java.lang.Object)]/[test-template-invocation:#22]
display-name: [22] PileInt(2/4):[338894473 -8872316 ], PileInt(2/10):[406853085 94227386 ]
]]></system-out>
</testcase>
<testcase name="testEqualsObject(PileInt, Object)[23]" classname="pilesimple.test.PileIntTest" time="0">
<system-out><![CDATA[
unique-id: [engine:junit-jupiter]/[class:pilesimple.test.PileIntTest]/[test-template:testEqualsObject(pilesimple.PileInt, java.lang.Object)]/[test-template-invocation:#23]
display-name: [23] PileInt(2/4):[338894473 -8872316 ], PileInt(15/21):[829174856 -560540630 1017069059 -1738412859 300209628 -188841458 -1827026023 -1500709070 -816936810 858109280 -776814606 -2070802362 -136406843 1897636588 0 ]
]]></system-out>
</testcase>
<testcase name="testEqualsObject(PileInt, Object)[24]" classname="pilesimple.test.PileIntTest" time="0">
<system-out><![CDATA[
unique-id: [engine:junit-jupiter]/[class:pilesimple.test.PileIntTest]/[test-template:testEqualsObject(pilesimple.PileInt, java.lang.Object)]/[test-template-invocation:#24]
display-name: [24] PileInt(2/4):[338894473 -8872316 ], PileInt(0/24):[]
]]></system-out>
</testcase>
<testcase name="testEqualsObject(PileInt, Object)[25]" classname="pilesimple.test.PileIntTest" time="0">
<system-out><![CDATA[
unique-id: [engine:junit-jupiter]/[class:pilesimple.test.PileIntTest]/[test-template:testEqualsObject(pilesimple.PileInt, java.lang.Object)]/[test-template-invocation:#25]
display-name: [25] PileInt(2/4):[338894473 -8872316 ], PileInt(2/10):[637862618 -1510457637 ]
]]></system-out>
</testcase>
<testcase name="testEqualsObject(PileInt, Object)[26]" classname="pilesimple.test.PileIntTest" time="0">
<system-out><![CDATA[
unique-id: [engine:junit-jupiter]/[class:pilesimple.test.PileIntTest]/[test-template:testEqualsObject(pilesimple.PileInt, java.lang.Object)]/[test-template-invocation:#26]
display-name: [26] PileInt(2/4):[338894473 -8872316 ], PileInt(1/15):[-374846588 ]
]]></system-out>
</testcase>
<testcase name="testEqualsObject(PileInt, Object)[27]" classname="pilesimple.test.PileIntTest" time="0">
<system-out><![CDATA[
unique-id: [engine:junit-jupiter]/[class:pilesimple.test.PileIntTest]/[test-template:testEqualsObject(pilesimple.PileInt, java.lang.Object)]/[test-template-invocation:#27]
display-name: [27] PileInt(2/4):[338894473 -8872316 ], PileInt(18/20):[1428472226 -637821803 -706447001 1150321620 864544919 0 0 0 0 0 0 0 0 0 0 0 0 0 ]
]]></system-out>
</testcase>
<testcase name="testEqualsObject(PileInt, Object)[28]" classname="pilesimple.test.PileIntTest" time="0">
<system-out><![CDATA[
unique-id: [engine:junit-jupiter]/[class:pilesimple.test.PileIntTest]/[test-template:testEqualsObject(pilesimple.PileInt, java.lang.Object)]/[test-template-invocation:#28]
display-name: [28] PileInt(2/4):[338894473 -8872316 ], PileInt(26/28):[703876638 393883502 -735980280 1592594415 1442868874 0 0 0 0 0 0 0 0 0 0 0 0 0 0 0 0 0 0 0 0 0 ]
]]></system-out>
</testcase>
<testcase name="testEqualsObject(PileInt, Object)[29]" classname="pilesimple.test.PileIntTest" time="0">
<system-out><![CDATA[
unique-id: [engine:junit-jupiter]/[class:pilesimple.test.PileIntTest]/[test-template:testEqualsObject(pilesimple.PileInt, java.lang.Object)]/[test-template-invocation:#29]
display-name: [29] PileInt(2/4):[338894473 -8872316 ], PileInt(3/6):[0 0 0 ]
]]></system-out>
</testcase>
<testcase name="testEqualsObject(PileInt, Object)[30]" classname="pilesimple.test.PileIntTest" time="0">
<system-out><![CDATA[
unique-id: [engine:junit-jupiter]/[class:pilesimple.test.PileIntTest]/[test-template:testEqualsObject(pilesimple.PileInt, java.lang.Object)]/[test-template-invocation:#30]
display-name: [30] PileInt(2/4):[338894473 -8872316 ], PileInt(5/25):[-705429044 -1165162668 1915516414 1792785474 -1102370681 ]
]]></system-out>
</testcase>
<testcase name="testEqualsObject(PileInt, Object)[31]" classname="pilesimple.test.PileIntTest" time="0">
<system-out><![CDATA[
unique-id: [engine:junit-jupiter]/[class:pilesimple.test.PileIntTest]/[test-template:testEqualsObject(pilesimple.PileInt, java.lang.Object)]/[test-template-invocation:#31]
display-name: [31] PileInt(2/4):[338894473 -8872316 ], PileInt(6/8):[1210489329 -1943355528 2110550009 303126429 0 0 ]
]]></system-out>
</testcase>
<testcase name="testEqualsObject(PileInt, Object)[32]" classname="pilesimple.test.PileIntTest" time="0">
<system-out><![CDATA[
unique-id: [engine:junit-jupiter]/[class:pilesimple.test.PileIntTest]/[test-template:testEqualsObject(pilesimple.PileInt, java.lang.Object)]/[test-template-invocation:#32]
display-name: [32] PileInt(2/4):[338894473 -8872316 ], PileInt(23/25):[1076106784 1001106160 0 0 0 0 0 0 0 0 0 0 0 0 0 0 0 0 0 0 0 0 0 ]
]]></system-out>
</testcase>
<testcase name="testEqualsObject(PileInt, Object)[33]" classname="pilesimple.test.PileIntTest" time="0">
<system-out><![CDATA[
unique-id: [engine:junit-jupiter]/[class:pilesimple.test.PileIntTest]/[test-template:testEqualsObject(pilesimple.PileInt, java.lang.Object)]/[test-template-invocation:#33]
display-name: [33] PileInt(2/4):[338894473 -8872316 ], PileInt(0/20):[]
]]></system-out>
</testcase>
<testcase name="testEqualsObject(PileInt, Object)[34]" classname="pilesimple.test.PileIntTest" time="0">
<system-out><![CDATA[
unique-id: [engine:junit-jupiter]/[class:pilesimple.test.PileIntTest]/[test-template:testEqualsObject(pilesimple.PileInt, java.lang.Object)]/[test-template-invocation:#34]
display-name: [34] PileInt(2/4):[338894473 -8872316 ], PileInt(0/1):[]
]]></system-out>
</testcase>
<testcase name="testEqualsObject(PileInt, Object)[35]" classname="pilesimple.test.PileIntTest" time="0">
<system-out><![CDATA[
unique-id: [engine:junit-jupiter]/[class:pilesimple.test.PileIntTest]/[test-template:testEqualsObject(pilesimple.PileInt, java.lang.Object)]/[test-template-invocation:#35]
display-name: [35] PileInt(2/4):[338894473 -8872316 ], PileInt(1/13):[-684180429 ]
]]></system-out>
</testcase>
<testcase name="testEqualsObject(PileInt, Object)[36]" classname="pilesimple.test.PileIntTest" time="0">
<system-out><![CDATA[
unique-id: [engine:junit-jupiter]/[class:pilesimple.test.PileIntTest]/[test-template:testEqualsObject(pilesimple.PileInt, java.lang.Object)]/[test-template-invocation:#36]
display-name: [36] PileInt(2/4):[338894473 -8872316 ], PileInt(1/7):[-1274647728 ]
]]></system-out>
</testcase>
<testcase name="testEqualsObject(PileInt, Object)[37]" classname="pilesimple.test.PileIntTest" time="0">
<system-out><![CDATA[
unique-id: [engine:junit-jupiter]/[class:pilesimple.test.PileIntTest]/[test-template:testEqualsObject(pilesimple.PileInt, java.lang.Object)]/[test-template-invocation:#37]
display-name: [37] PileInt(2/4):[338894473 -8872316 ], PileInt(9/16):[1362992196 -2080071938 1590300961 -1725722911 682324868 -1338224590 880401299 -2081234295 -561541459 ]
]]></system-out>
</testcase>
<testcase name="testEqualsObject(PileInt, Object)[38]" classname="pilesimple.test.PileIntTest" time="0">
<system-out><![CDATA[
unique-id: [engine:junit-jupiter]/[class:pilesimple.test.PileIntTest]/[test-template:testEqualsObject(pilesimple.PileInt, java.lang.Object)]/[test-template-invocation:#38]
display-name: [38] PileInt(2/4):[338894473 -8872316 ], PileInt(2/25):[-177297065 -317067174 ]
]]></system-out>
</testcase>
<testcase name="testEqualsObject(PileInt, Object)[39]" classname="pilesimple.test.PileIntTest" time="0">
<system-out><![CDATA[
unique-id: [engine:junit-jupiter]/[class:pilesimple.test.PileIntTest]/[test-template:testEqualsObject(pilesimple.PileInt, java.lang.Object)]/[test-template-invocation:#39]
display-name: [39] PileInt(2/4):[338894473 -8872316 ], PileInt(0/4):[]
]]></system-out>
</testcase>
<testcase name="testEqualsObject(PileInt, Object)[40]" classname="pilesimple.test.PileIntTest" time="0">
<system-out><![CDATA[
unique-id: [engine:junit-jupiter]/[class:pilesimple.test.PileIntTest]/[test-template:testEqualsObject(pilesimple.PileInt, java.lang.Object)]/[test-template-invocation:#40]
display-name: [40] PileInt(2/4):[338894473 -8872316 ], PileInt(4/5):[-234217948 -2036859372 0 0 ]
]]></system-out>
</testcase>
<testcase name="testEqualsObject(PileInt, Object)[41]" classname="pilesimple.test.PileIntTest" time="0">
<system-out><![CDATA[
unique-id: [engine:junit-jupiter]/[class:pilesimple.test.PileIntTest]/[test-template:testEqualsObject(pilesimple.PileInt, java.lang.Object)]/[test-template-invocation:#41]
display-name: [41] PileInt(5/10):[406853085 94227386 0 0 0 ], null
]]></system-out>
</testcase>
<testcase name="testEqualsObject(PileInt, Object)[42]" classname="pilesimple.test.PileIntTest" time="0">
<system-out><![CDATA[
unique-id: [engine:junit-jupiter]/[class:pilesimple.test.PileIntTest]/[test-template:testEqualsObject(pilesimple.PileInt, java.lang.Object)]/[test-template-invocation:#42]
display-name: [42] PileInt(5/10):[406853085 94227386 0 0 0 ], 
]]></system-out>
</testcase>
<testcase name="testEqualsObject(PileInt, Object)[43]" classname="pilesimple.test.PileIntTest" time="0">
<system-out><![CDATA[
unique-id: [engine:junit-jupiter]/[class:pilesimple.test.PileIntTest]/[test-template:testEqualsObject(pilesimple.PileInt, java.lang.Object)]/[test-template-invocation:#43]
display-name: [43] PileInt(5/10):[406853085 94227386 0 0 0 ], abc
]]></system-out>
</testcase>
<testcase name="testEqualsObject(PileInt, Object)[44]" classname="pilesimple.test.PileIntTest" time="0">
<system-out><![CDATA[
unique-id: [engine:junit-jupiter]/[class:pilesimple.test.PileIntTest]/[test-template:testEqualsObject(pilesimple.PileInt, java.lang.Object)]/[test-template-invocation:#44]
display-name: [44] PileInt(5/10):[406853085 94227386 0 0 0 ], Abjh45
]]></system-out>
</testcase>
<testcase name="testEqualsObject(PileInt, Object)[45]" classname="pilesimple.test.PileIntTest" time="0">
<system-out><![CDATA[
unique-id: [engine:junit-jupiter]/[class:pilesimple.test.PileIntTest]/[test-template:testEqualsObject(pilesimple.PileInt, java.lang.Object)]/[test-template-invocation:#45]
display-name: [45] PileInt(5/10):[406853085 94227386 0 0 0 ], ch1
]]></system-out>
</testcase>
<testcase name="testEqualsObject(PileInt, Object)[46]" classname="pilesimple.test.PileIntTest" time="0">
<system-out><![CDATA[
unique-id: [engine:junit-jupiter]/[class:pilesimple.test.PileIntTest]/[test-template:testEqualsObject(pilesimple.PileInt, java.lang.Object)]/[test-template-invocation:#46]
display-name: [46] PileInt(5/10):[406853085 94227386 0 0 0 ], 5662
]]></system-out>
</testcase>
<testcase name="testEqualsObject(PileInt, Object)[47]" classname="pilesimple.test.PileIntTest" time="0">
<system-out><![CDATA[
unique-id: [engine:junit-jupiter]/[class:pilesimple.test.PileIntTest]/[test-template:testEqualsObject(pilesimple.PileInt, java.lang.Object)]/[test-template-invocation:#47]
display-name: [47] PileInt(5/10):[406853085 94227386 0 0 0 ], ch2
]]></system-out>
</testcase>
<testcase name="testEqualsObject(PileInt, Object)[48]" classname="pilesimple.test.PileIntTest" time="0">
<system-out><![CDATA[
unique-id: [engine:junit-jupiter]/[class:pilesimple.test.PileIntTest]/[test-template:testEqualsObject(pilesimple.PileInt, java.lang.Object)]/[test-template-invocation:#48]
display-name: [48] PileInt(5/10):[406853085 94227386 0 0 0 ], ch3
]]></system-out>
</testcase>
<testcase name="testEqualsObject(PileInt, Object)[49]" classname="pilesimple.test.PileIntTest" time="0">
<system-out><![CDATA[
unique-id: [engine:junit-jupiter]/[class:pilesimple.test.PileIntTest]/[test-template:testEqualsObject(pilesimple.PileInt, java.lang.Object)]/[test-template-invocation:#49]
display-name: [49] PileInt(5/10):[406853085 94227386 0 0 0 ], ch4
]]></system-out>
</testcase>
<testcase name="testEqualsObject(PileInt, Object)[50]" classname="pilesimple.test.PileIntTest" time="0">
<system-out><![CDATA[
unique-id: [engine:junit-jupiter]/[class:pilesimple.test.PileIntTest]/[test-template:testEqualsObject(pilesimple.PileInt, java.lang.Object)]/[test-template-invocation:#50]
display-name: [50] PileInt(5/10):[406853085 94227386 0 0 0 ], ch5
]]></system-out>
</testcase>
<testcase name="testEqualsObject(PileInt, Object)[51]" classname="pilesimple.test.PileIntTest" time="0">
<system-out><![CDATA[
unique-id: [engine:junit-jupiter]/[class:pilesimple.test.PileIntTest]/[test-template:testEqualsObject(pilesimple.PileInt, java.lang.Object)]/[test-template-invocation:#51]
display-name: [51] PileInt(5/10):[406853085 94227386 0 0 0 ], chaine6
]]></system-out>
</testcase>
<testcase name="testEqualsObject(PileInt, Object)[52]" classname="pilesimple.test.PileIntTest" time="0">
<system-out><![CDATA[
unique-id: [engine:junit-jupiter]/[class:pilesimple.test.PileIntTest]/[test-template:testEqualsObject(pilesimple.PileInt, java.lang.Object)]/[test-template-invocation:#52]
display-name: [52] PileInt(5/10):[406853085 94227386 0 0 0 ], chaine7
]]></system-out>
</testcase>
<testcase name="testEqualsObject(PileInt, Object)[53]" classname="pilesimple.test.PileIntTest" time="0">
<system-out><![CDATA[
unique-id: [engine:junit-jupiter]/[class:pilesimple.test.PileIntTest]/[test-template:testEqualsObject(pilesimple.PileInt, java.lang.Object)]/[test-template-invocation:#53]
display-name: [53] PileInt(5/10):[406853085 94227386 0 0 0 ], chaine8
]]></system-out>
</testcase>
<testcase name="testEqualsObject(PileInt, Object)[54]" classname="pilesimple.test.PileIntTest" time="0">
<system-out><![CDATA[
unique-id: [engine:junit-jupiter]/[class:pilesimple.test.PileIntTest]/[test-template:testEqualsObject(pilesimple.PileInt, java.lang.Object)]/[test-template-invocation:#54]
display-name: [54] PileInt(5/10):[406853085 94227386 0 0 0 ], chaine10
]]></system-out>
</testcase>
<testcase name="testEqualsObject(PileInt, Object)[55]" classname="pilesimple.test.PileIntTest" time="0">
<system-out><![CDATA[
unique-id: [engine:junit-jupiter]/[class:pilesimple.test.PileIntTest]/[test-template:testEqualsObject(pilesimple.PileInt, java.lang.Object)]/[test-template-invocation:#55]
display-name: [55] PileInt(5/10):[406853085 94227386 0 0 0 ], chaine11
]]></system-out>
</testcase>
<testcase name="testEqualsObject(PileInt, Object)[56]" classname="pilesimple.test.PileIntTest" time="0">
<system-out><![CDATA[
unique-id: [engine:junit-jupiter]/[class:pilesimple.test.PileIntTest]/[test-template:testEqualsObject(pilesimple.PileInt, java.lang.Object)]/[test-template-invocation:#56]
display-name: [56] PileInt(5/10):[406853085 94227386 0 0 0 ], chaine12
]]></system-out>
</testcase>
<testcase name="testEqualsObject(PileInt, Object)[57]" classname="pilesimple.test.PileIntTest" time="0">
<system-out><![CDATA[
unique-id: [engine:junit-jupiter]/[class:pilesimple.test.PileIntTest]/[test-template:testEqualsObject(pilesimple.PileInt, java.lang.Object)]/[test-template-invocation:#57]
display-name: [57] PileInt(5/10):[406853085 94227386 0 0 0 ], null
]]></system-out>
</testcase>
<testcase name="testEqualsObject(PileInt, Object)[58]" classname="pilesimple.test.PileIntTest" time="0">
<system-out><![CDATA[
unique-id: [engine:junit-jupiter]/[class:pilesimple.test.PileIntTest]/[test-template:testEqualsObject(pilesimple.PileInt, java.lang.Object)]/[test-template-invocation:#58]
display-name: [58] PileInt(5/10):[406853085 94227386 0 0 0 ], java.lang.Object@6bf0219d
]]></system-out>
</testcase>
<testcase name="testEqualsObject(PileInt, Object)[59]" classname="pilesimple.test.PileIntTest" time="0">
<system-out><![CDATA[
unique-id: [engine:junit-jupiter]/[class:pilesimple.test.PileIntTest]/[test-template:testEqualsObject(pilesimple.PileInt, java.lang.Object)]/[test-template-invocation:#59]
display-name: [59] PileInt(5/10):[406853085 94227386 0 0 0 ], abc
]]></system-out>
</testcase>
<testcase name="testEqualsObject(PileInt, Object)[60]" classname="pilesimple.test.PileIntTest" time="0">
<system-out><![CDATA[
unique-id: [engine:junit-jupiter]/[class:pilesimple.test.PileIntTest]/[test-template:testEqualsObject(pilesimple.PileInt, java.lang.Object)]/[test-template-invocation:#60]
display-name: [60] PileInt(5/10):[406853085 94227386 0 0 0 ], 1
]]></system-out>
</testcase>
<testcase name="testEqualsObject(PileInt, Object)[61]" classname="pilesimple.test.PileIntTest" time="0">
<system-out><![CDATA[
unique-id: [engine:junit-jupiter]/[class:pilesimple.test.PileIntTest]/[test-template:testEqualsObject(pilesimple.PileInt, java.lang.Object)]/[test-template-invocation:#61]
display-name: [61] PileInt(5/10):[406853085 94227386 0 0 0 ], PileInt(0/4):[]
]]></system-out>
</testcase>
<testcase name="testEqualsObject(PileInt, Object)[62]" classname="pilesimple.test.PileIntTest" time="0">
<system-out><![CDATA[
unique-id: [engine:junit-jupiter]/[class:pilesimple.test.PileIntTest]/[test-template:testEqualsObject(pilesimple.PileInt, java.lang.Object)]/[test-template-invocation:#62]
display-name: [62] PileInt(5/10):[406853085 94227386 0 0 0 ], PileInt(5/10):[406853085 94227386 0 0 0 ]
]]></system-out>
</testcase>
<testcase name="testEqualsObject(PileInt, Object)[63]" classname="pilesimple.test.PileIntTest" time="0">
<system-out><![CDATA[
unique-id: [engine:junit-jupiter]/[class:pilesimple.test.PileIntTest]/[test-template:testEqualsObject(pilesimple.PileInt, java.lang.Object)]/[test-template-invocation:#63]
display-name: [63] PileInt(5/10):[406853085 94227386 0 0 0 ], PileInt(15/21):[829174856 -560540630 1017069059 -1738412859 300209628 -188841458 -1827026023 -1500709070 -816936810 858109280 -776814606 -2070802362 -136406843 1897636588 0 ]
]]></system-out>
</testcase>
<testcase name="testEqualsObject(PileInt, Object)[64]" classname="pilesimple.test.PileIntTest" time="0">
<system-out><![CDATA[
unique-id: [engine:junit-jupiter]/[class:pilesimple.test.PileIntTest]/[test-template:testEqualsObject(pilesimple.PileInt, java.lang.Object)]/[test-template-invocation:#64]
display-name: [64] PileInt(5/10):[406853085 94227386 0 0 0 ], PileInt(15/24):[-1489436760 -263993310 1290897763 1717230542 -2064902060 0 0 0 0 0 0 0 0 0 0 ]
]]></system-out>
</testcase>
<testcase name="testEqualsObject(PileInt, Object)[65]" classname="pilesimple.test.PileIntTest" time="0">
<system-out><![CDATA[
unique-id: [engine:junit-jupiter]/[class:pilesimple.test.PileIntTest]/[test-template:testEqualsObject(pilesimple.PileInt, java.lang.Object)]/[test-template-invocation:#65]
display-name: [65] PileInt(5/10):[406853085 94227386 0 0 0 ], PileInt(4/10):[637862618 -1510457637 2016118339 -24306896 ]
]]></system-out>
</testcase>
<testcase name="testEqualsObject(PileInt, Object)[66]" classname="pilesimple.test.PileIntTest" time="0">
<system-out><![CDATA[
unique-id: [engine:junit-jupiter]/[class:pilesimple.test.PileIntTest]/[test-template:testEqualsObject(pilesimple.PileInt, java.lang.Object)]/[test-template-invocation:#66]
display-name: [66] PileInt(5/10):[406853085 94227386 0 0 0 ], PileInt(7/15):[-374846588 1048478229 -920801997 -771279764 -1267021193 0 0 ]
]]></system-out>
</testcase>
<testcase name="testEqualsObject(PileInt, Object)[67]" classname="pilesimple.test.PileIntTest" time="0">
<system-out><![CDATA[
unique-id: [engine:junit-jupiter]/[class:pilesimple.test.PileIntTest]/[test-template:testEqualsObject(pilesimple.PileInt, java.lang.Object)]/[test-template-invocation:#67]
display-name: [67] PileInt(5/10):[406853085 94227386 0 0 0 ], PileInt(12/20):[1428472226 -637821803 -706447001 1150321620 864544919 0 0 0 0 0 0 0 ]
]]></system-out>
</testcase>
<testcase name="testEqualsObject(PileInt, Object)[68]" classname="pilesimple.test.PileIntTest" time="0">
<system-out><![CDATA[
unique-id: [engine:junit-jupiter]/[class:pilesimple.test.PileIntTest]/[test-template:testEqualsObject(pilesimple.PileInt, java.lang.Object)]/[test-template-invocation:#68]
display-name: [68] PileInt(5/10):[406853085 94227386 0 0 0 ], PileInt(0/28):[]
]]></system-out>
</testcase>
<testcase name="testEqualsObject(PileInt, Object)[69]" classname="pilesimple.test.PileIntTest" time="0">
<system-out><![CDATA[
unique-id: [engine:junit-jupiter]/[class:pilesimple.test.PileIntTest]/[test-template:testEqualsObject(pilesimple.PileInt, java.lang.Object)]/[test-template-invocation:#69]
display-name: [69] PileInt(5/10):[406853085 94227386 0 0 0 ], PileInt(5/6):[0 0 0 0 0 ]
]]></system-out>
</testcase>
<testcase name="testEqualsObject(PileInt, Object)[70]" classname="pilesimple.test.PileIntTest" time="0">
<system-out><![CDATA[
unique-id: [engine:junit-jupiter]/[class:pilesimple.test.PileIntTest]/[test-template:testEqualsObject(pilesimple.PileInt, java.lang.Object)]/[test-template-invocation:#70]
display-name: [70] PileInt(5/10):[406853085 94227386 0 0 0 ], PileInt(1/25):[-705429044 ]
]]></system-out>
</testcase>
<testcase name="testEqualsObject(PileInt, Object)[71]" classname="pilesimple.test.PileIntTest" time="0">
<system-out><![CDATA[
unique-id: [engine:junit-jupiter]/[class:pilesimple.test.PileIntTest]/[test-template:testEqualsObject(pilesimple.PileInt, java.lang.Object)]/[test-template-invocation:#71]
display-name: [71] PileInt(5/10):[406853085 94227386 0 0 0 ], PileInt(7/8):[1210489329 -1943355528 2110550009 303126429 0 0 0 ]
]]></system-out>
</testcase>
<testcase name="testEqualsObject(PileInt, Object)[72]" classname="pilesimple.test.PileIntTest" time="0">
<system-out><![CDATA[
unique-id: [engine:junit-jupiter]/[class:pilesimple.test.PileIntTest]/[test-template:testEqualsObject(pilesimple.PileInt, java.lang.Object)]/[test-template-invocation:#72]
display-name: [72] PileInt(5/10):[406853085 94227386 0 0 0 ], PileInt(0/25):[]
]]></system-out>
</testcase>
<testcase name="testEqualsObject(PileInt, Object)[73]" classname="pilesimple.test.PileIntTest" time="0">
<system-out><![CDATA[
unique-id: [engine:junit-jupiter]/[class:pilesimple.test.PileIntTest]/[test-template:testEqualsObject(pilesimple.PileInt, java.lang.Object)]/[test-template-invocation:#73]
display-name: [73] PileInt(5/10):[406853085 94227386 0 0 0 ], PileInt(3/20):[-1948372490 1175265028 1509228326 ]
]]></system-out>
</testcase>
<testcase name="testEqualsObject(PileInt, Object)[74]" classname="pilesimple.test.PileIntTest" time="0">
<system-out><![CDATA[
unique-id: [engine:junit-jupiter]/[class:pilesimple.test.PileIntTest]/[test-template:testEqualsObject(pilesimple.PileInt, java.lang.Object)]/[test-template-invocation:#74]
display-name: [74] PileInt(5/10):[406853085 94227386 0 0 0 ], PileInt(0/1):[]
]]></system-out>
</testcase>
<testcase name="testEqualsObject(PileInt, Object)[75]" classname="pilesimple.test.PileIntTest" time="0">
<system-out><![CDATA[
unique-id: [engine:junit-jupiter]/[class:pilesimple.test.PileIntTest]/[test-template:testEqualsObject(pilesimple.PileInt, java.lang.Object)]/[test-template-invocation:#75]
display-name: [75] PileInt(5/10):[406853085 94227386 0 0 0 ], PileInt(8/13):[-684180429 633166819 0 0 0 0 0 0 ]
]]></system-out>
</testcase>
<testcase name="testEqualsObject(PileInt, Object)[76]" classname="pilesimple.test.PileIntTest" time="0">
<system-out><![CDATA[
unique-id: [engine:junit-jupiter]/[class:pilesimple.test.PileIntTest]/[test-template:testEqualsObject(pilesimple.PileInt, java.lang.Object)]/[test-template-invocation:#76]
display-name: [76] PileInt(5/10):[406853085 94227386 0 0 0 ], PileInt(5/7):[-1274647728 1596499529 -463382582 0 0 ]
]]></system-out>
</testcase>
<testcase name="testEqualsObject(PileInt, Object)[77]" classname="pilesimple.test.PileIntTest" time="0">
<system-out><![CDATA[
unique-id: [engine:junit-jupiter]/[class:pilesimple.test.PileIntTest]/[test-template:testEqualsObject(pilesimple.PileInt, java.lang.Object)]/[test-template-invocation:#77]
display-name: [77] PileInt(5/10):[406853085 94227386 0 0 0 ], PileInt(14/16):[1362992196 -2080071938 1590300961 -1725722911 682324868 -1338224590 880401299 -2081234295 -561541459 0 0 0 0 0 ]
]]></system-out>
</testcase>
<testcase name="testEqualsObject(PileInt, Object)[78]" classname="pilesimple.test.PileIntTest" time="0">
<system-out><![CDATA[
unique-id: [engine:junit-jupiter]/[class:pilesimple.test.PileIntTest]/[test-template:testEqualsObject(pilesimple.PileInt, java.lang.Object)]/[test-template-invocation:#78]
display-name: [78] PileInt(5/10):[406853085 94227386 0 0 0 ], PileInt(13/25):[-177297065 -317067174 1538678292 1459401015 764171947 -791717276 -1475135243 1373362923 104936572 1838652771 -10463901 -1839550882 1664723887 ]
]]></system-out>
</testcase>
<testcase name="testEqualsObject(PileInt, Object)[79]" classname="pilesimple.test.PileIntTest" time="0">
<system-out><![CDATA[
unique-id: [engine:junit-jupiter]/[class:pilesimple.test.PileIntTest]/[test-template:testEqualsObject(pilesimple.PileInt, java.lang.Object)]/[test-template-invocation:#79]
display-name: [79] PileInt(5/10):[406853085 94227386 0 0 0 ], PileInt(0/4):[]
]]></system-out>
</testcase>
<testcase name="testEqualsObject(PileInt, Object)[80]" classname="pilesimple.test.PileIntTest" time="0">
<system-out><![CDATA[
unique-id: [engine:junit-jupiter]/[class:pilesimple.test.PileIntTest]/[test-template:testEqualsObject(pilesimple.PileInt, java.lang.Object)]/[test-template-invocation:#80]
display-name: [80] PileInt(5/10):[406853085 94227386 0 0 0 ], PileInt(0/5):[]
]]></system-out>
</testcase>
<testcase name="testEqualsObject(PileInt, Object)[81]" classname="pilesimple.test.PileIntTest" time="0">
<system-out><![CDATA[
unique-id: [engine:junit-jupiter]/[class:pilesimple.test.PileIntTest]/[test-template:testEqualsObject(pilesimple.PileInt, java.lang.Object)]/[test-template-invocation:#81]
display-name: [81] PileInt(0/21):[], null
]]></system-out>
</testcase>
<testcase name="testEqualsObject(PileInt, Object)[82]" classname="pilesimple.test.PileIntTest" time="0">
<system-out><![CDATA[
unique-id: [engine:junit-jupiter]/[class:pilesimple.test.PileIntTest]/[test-template:testEqualsObject(pilesimple.PileInt, java.lang.Object)]/[test-template-invocation:#82]
display-name: [82] PileInt(0/21):[], 
]]></system-out>
</testcase>
<testcase name="testEqualsObject(PileInt, Object)[83]" classname="pilesimple.test.PileIntTest" time="0">
<system-out><![CDATA[
unique-id: [engine:junit-jupiter]/[class:pilesimple.test.PileIntTest]/[test-template:testEqualsObject(pilesimple.PileInt, java.lang.Object)]/[test-template-invocation:#83]
display-name: [83] PileInt(0/21):[], abc
]]></system-out>
</testcase>
<testcase name="testEqualsObject(PileInt, Object)[84]" classname="pilesimple.test.PileIntTest" time="0">
<system-out><![CDATA[
unique-id: [engine:junit-jupiter]/[class:pilesimple.test.PileIntTest]/[test-template:testEqualsObject(pilesimple.PileInt, java.lang.Object)]/[test-template-invocation:#84]
display-name: [84] PileInt(0/21):[], Abjh45
]]></system-out>
</testcase>
<testcase name="testEqualsObject(PileInt, Object)[85]" classname="pilesimple.test.PileIntTest" time="0">
<system-out><![CDATA[
unique-id: [engine:junit-jupiter]/[class:pilesimple.test.PileIntTest]/[test-template:testEqualsObject(pilesimple.PileInt, java.lang.Object)]/[test-template-invocation:#85]
display-name: [85] PileInt(0/21):[], ch1
]]></system-out>
</testcase>
<testcase name="testEqualsObject(PileInt, Object)[86]" classname="pilesimple.test.PileIntTest" time="0">
<system-out><![CDATA[
unique-id: [engine:junit-jupiter]/[class:pilesimple.test.PileIntTest]/[test-template:testEqualsObject(pilesimple.PileInt, java.lang.Object)]/[test-template-invocation:#86]
display-name: [86] PileInt(0/21):[], 5662
]]></system-out>
</testcase>
<testcase name="testEqualsObject(PileInt, Object)[87]" classname="pilesimple.test.PileIntTest" time="0">
<system-out><![CDATA[
unique-id: [engine:junit-jupiter]/[class:pilesimple.test.PileIntTest]/[test-template:testEqualsObject(pilesimple.PileInt, java.lang.Object)]/[test-template-invocation:#87]
display-name: [87] PileInt(0/21):[], ch2
]]></system-out>
</testcase>
<testcase name="testEqualsObject(PileInt, Object)[88]" classname="pilesimple.test.PileIntTest" time="0">
<system-out><![CDATA[
unique-id: [engine:junit-jupiter]/[class:pilesimple.test.PileIntTest]/[test-template:testEqualsObject(pilesimple.PileInt, java.lang.Object)]/[test-template-invocation:#88]
display-name: [88] PileInt(0/21):[], ch3
]]></system-out>
</testcase>
<testcase name="testEqualsObject(PileInt, Object)[89]" classname="pilesimple.test.PileIntTest" time="0">
<system-out><![CDATA[
unique-id: [engine:junit-jupiter]/[class:pilesimple.test.PileIntTest]/[test-template:testEqualsObject(pilesimple.PileInt, java.lang.Object)]/[test-template-invocation:#89]
display-name: [89] PileInt(0/21):[], ch4
]]></system-out>
</testcase>
<testcase name="testEqualsObject(PileInt, Object)[90]" classname="pilesimple.test.PileIntTest" time="0">
<system-out><![CDATA[
unique-id: [engine:junit-jupiter]/[class:pilesimple.test.PileIntTest]/[test-template:testEqualsObject(pilesimple.PileInt, java.lang.Object)]/[test-template-invocation:#90]
display-name: [90] PileInt(0/21):[], ch5
]]></system-out>
</testcase>
<testcase name="testEqualsObject(PileInt, Object)[91]" classname="pilesimple.test.PileIntTest" time="0">
<system-out><![CDATA[
unique-id: [engine:junit-jupiter]/[class:pilesimple.test.PileIntTest]/[test-template:testEqualsObject(pilesimple.PileInt, java.lang.Object)]/[test-template-invocation:#91]
display-name: [91] PileInt(0/21):[], chaine6
]]></system-out>
</testcase>
<testcase name="testEqualsObject(PileInt, Object)[92]" classname="pilesimple.test.PileIntTest" time="0">
<system-out><![CDATA[
unique-id: [engine:junit-jupiter]/[class:pilesimple.test.PileIntTest]/[test-template:testEqualsObject(pilesimple.PileInt, java.lang.Object)]/[test-template-invocation:#92]
display-name: [92] PileInt(0/21):[], chaine7
]]></system-out>
</testcase>
<testcase name="testEqualsObject(PileInt, Object)[93]" classname="pilesimple.test.PileIntTest" time="0">
<system-out><![CDATA[
unique-id: [engine:junit-jupiter]/[class:pilesimple.test.PileIntTest]/[test-template:testEqualsObject(pilesimple.PileInt, java.lang.Object)]/[test-template-invocation:#93]
display-name: [93] PileInt(0/21):[], chaine8
]]></system-out>
</testcase>
<testcase name="testEqualsObject(PileInt, Object)[94]" classname="pilesimple.test.PileIntTest" time="0">
<system-out><![CDATA[
unique-id: [engine:junit-jupiter]/[class:pilesimple.test.PileIntTest]/[test-template:testEqualsObject(pilesimple.PileInt, java.lang.Object)]/[test-template-invocation:#94]
display-name: [94] PileInt(0/21):[], chaine10
]]></system-out>
</testcase>
<testcase name="testEqualsObject(PileInt, Object)[95]" classname="pilesimple.test.PileIntTest" time="0">
<system-out><![CDATA[
unique-id: [engine:junit-jupiter]/[class:pilesimple.test.PileIntTest]/[test-template:testEqualsObject(pilesimple.PileInt, java.lang.Object)]/[test-template-invocation:#95]
display-name: [95] PileInt(0/21):[], chaine11
]]></system-out>
</testcase>
<testcase name="testEqualsObject(PileInt, Object)[96]" classname="pilesimple.test.PileIntTest" time="0">
<system-out><![CDATA[
unique-id: [engine:junit-jupiter]/[class:pilesimple.test.PileIntTest]/[test-template:testEqualsObject(pilesimple.PileInt, java.lang.Object)]/[test-template-invocation:#96]
display-name: [96] PileInt(0/21):[], chaine12
]]></system-out>
</testcase>
<testcase name="testEqualsObject(PileInt, Object)[97]" classname="pilesimple.test.PileIntTest" time="0">
<system-out><![CDATA[
unique-id: [engine:junit-jupiter]/[class:pilesimple.test.PileIntTest]/[test-template:testEqualsObject(pilesimple.PileInt, java.lang.Object)]/[test-template-invocation:#97]
display-name: [97] PileInt(0/21):[], null
]]></system-out>
</testcase>
<testcase name="testEqualsObject(PileInt, Object)[98]" classname="pilesimple.test.PileIntTest" time="0">
<system-out><![CDATA[
unique-id: [engine:junit-jupiter]/[class:pilesimple.test.PileIntTest]/[test-template:testEqualsObject(pilesimple.PileInt, java.lang.Object)]/[test-template-invocation:#98]
display-name: [98] PileInt(0/21):[], java.lang.Object@6bf0219d
]]></system-out>
</testcase>
<testcase name="testEqualsObject(PileInt, Object)[99]" classname="pilesimple.test.PileIntTest" time="0">
<system-out><![CDATA[
unique-id: [engine:junit-jupiter]/[class:pilesimple.test.PileIntTest]/[test-template:testEqualsObject(pilesimple.PileInt, java.lang.Object)]/[test-template-invocation:#99]
display-name: [99] PileInt(0/21):[], abc
]]></system-out>
</testcase>
<testcase name="testEqualsObject(PileInt, Object)[100]" classname="pilesimple.test.PileIntTest" time="0">
<system-out><![CDATA[
unique-id: [engine:junit-jupiter]/[class:pilesimple.test.PileIntTest]/[test-template:testEqualsObject(pilesimple.PileInt, java.lang.Object)]/[test-template-invocation:#100]
display-name: [100] PileInt(0/21):[], 1
]]></system-out>
</testcase>
<testcase name="testEqualsObject(PileInt, Object)[101]" classname="pilesimple.test.PileIntTest" time="0">
<system-out><![CDATA[
unique-id: [engine:junit-jupiter]/[class:pilesimple.test.PileIntTest]/[test-template:testEqualsObject(pilesimple.PileInt, java.lang.Object)]/[test-template-invocation:#101]
display-name: [101] PileInt(0/21):[], PileInt(1/4):[338894473 ]
]]></system-out>
</testcase>
<testcase name="testEqualsObject(PileInt, Object)[102]" classname="pilesimple.test.PileIntTest" time="0">
<system-out><![CDATA[
unique-id: [engine:junit-jupiter]/[class:pilesimple.test.PileIntTest]/[test-template:testEqualsObject(pilesimple.PileInt, java.lang.Object)]/[test-template-invocation:#102]
display-name: [102] PileInt(0/21):[], PileInt(6/10):[406853085 94227386 0 0 0 0 ]
]]></system-out>
</testcase>
<testcase name="testEqualsObject(PileInt, Object)[103]" classname="pilesimple.test.PileIntTest" time="0">
<system-out><![CDATA[
unique-id: [engine:junit-jupiter]/[class:pilesimple.test.PileIntTest]/[test-template:testEqualsObject(pilesimple.PileInt, java.lang.Object)]/[test-template-invocation:#103]
display-name: [103] PileInt(0/21):[], PileInt(3/21):[829174856 -560540630 1017069059 ]
]]></system-out>
</testcase>
<testcase name="testEqualsObject(PileInt, Object)[104]" classname="pilesimple.test.PileIntTest" time="0">
<system-out><![CDATA[
unique-id: [engine:junit-jupiter]/[class:pilesimple.test.PileIntTest]/[test-template:testEqualsObject(pilesimple.PileInt, java.lang.Object)]/[test-template-invocation:#104]
display-name: [104] PileInt(0/21):[], PileInt(22/24):[-1489436760 -263993310 1290897763 1717230542 -2064902060 0 0 0 0 0 0 0 0 0 0 0 0 0 0 0 0 0 ]
]]></system-out>
</testcase>
<testcase name="testEqualsObject(PileInt, Object)[105]" classname="pilesimple.test.PileIntTest" time="0">
<system-out><![CDATA[
unique-id: [engine:junit-jupiter]/[class:pilesimple.test.PileIntTest]/[test-template:testEqualsObject(pilesimple.PileInt, java.lang.Object)]/[test-template-invocation:#105]
display-name: [105] PileInt(0/21):[], PileInt(9/10):[637862618 -1510457637 2016118339 -24306896 1280740200 0 0 0 0 ]
]]></system-out>
</testcase>
<testcase name="testEqualsObject(PileInt, Object)[106]" classname="pilesimple.test.PileIntTest" time="0">
<system-out><![CDATA[
unique-id: [engine:junit-jupiter]/[class:pilesimple.test.PileIntTest]/[test-template:testEqualsObject(pilesimple.PileInt, java.lang.Object)]/[test-template-invocation:#106]
display-name: [106] PileInt(0/21):[], PileInt(4/15):[-374846588 1048478229 -920801997 -771279764 ]
]]></system-out>
</testcase>
<testcase name="testEqualsObject(PileInt, Object)[107]" classname="pilesimple.test.PileIntTest" time="0">
<system-out><![CDATA[
unique-id: [engine:junit-jupiter]/[class:pilesimple.test.PileIntTest]/[test-template:testEqualsObject(pilesimple.PileInt, java.lang.Object)]/[test-template-invocation:#107]
display-name: [107] PileInt(0/21):[], PileInt(16/20):[1428472226 -637821803 -706447001 1150321620 864544919 0 0 0 0 0 0 0 0 0 0 0 ]
]]></system-out>
</testcase>
<testcase name="testEqualsObject(PileInt, Object)[108]" classname="pilesimple.test.PileIntTest" time="0">
<system-out><![CDATA[
unique-id: [engine:junit-jupiter]/[class:pilesimple.test.PileIntTest]/[test-template:testEqualsObject(pilesimple.PileInt, java.lang.Object)]/[test-template-invocation:#108]
display-name: [108] PileInt(0/21):[], PileInt(22/28):[703876638 393883502 -735980280 1592594415 1442868874 0 0 0 0 0 0 0 0 0 0 0 0 0 0 0 0 0 ]
]]></system-out>
</testcase>
<testcase name="testEqualsObject(PileInt, Object)[109]" classname="pilesimple.test.PileIntTest" time="0">
<system-out><![CDATA[
unique-id: [engine:junit-jupiter]/[class:pilesimple.test.PileIntTest]/[test-template:testEqualsObject(pilesimple.PileInt, java.lang.Object)]/[test-template-invocation:#109]
display-name: [109] PileInt(0/21):[], PileInt(4/6):[0 0 0 0 ]
]]></system-out>
</testcase>
<testcase name="testEqualsObject(PileInt, Object)[110]" classname="pilesimple.test.PileIntTest" time="0">
<system-out><![CDATA[
unique-id: [engine:junit-jupiter]/[class:pilesimple.test.PileIntTest]/[test-template:testEqualsObject(pilesimple.PileInt, java.lang.Object)]/[test-template-invocation:#110]
display-name: [110] PileInt(0/21):[], PileInt(3/25):[-705429044 -1165162668 1915516414 ]
]]></system-out>
</testcase>
<testcase name="testEqualsObject(PileInt, Object)[111]" classname="pilesimple.test.PileIntTest" time="0">
<system-out><![CDATA[
unique-id: [engine:junit-jupiter]/[class:pilesimple.test.PileIntTest]/[test-template:testEqualsObject(pilesimple.PileInt, java.lang.Object)]/[test-template-invocation:#111]
display-name: [111] PileInt(0/21):[], PileInt(7/8):[1210489329 -1943355528 2110550009 303126429 0 0 0 ]
]]></system-out>
</testcase>
<testcase name="testEqualsObject(PileInt, Object)[112]" classname="pilesimple.test.PileIntTest" time="0">
<system-out><![CDATA[
unique-id: [engine:junit-jupiter]/[class:pilesimple.test.PileIntTest]/[test-template:testEqualsObject(pilesimple.PileInt, java.lang.Object)]/[test-template-invocation:#112]
display-name: [112] PileInt(0/21):[], PileInt(13/25):[1076106784 1001106160 0 0 0 0 0 0 0 0 0 0 0 ]
]]></system-out>
</testcase>
<testcase name="testEqualsObject(PileInt, Object)[113]" classname="pilesimple.test.PileIntTest" time="0">
<system-out><![CDATA[
unique-id: [engine:junit-jupiter]/[class:pilesimple.test.PileIntTest]/[test-template:testEqualsObject(pilesimple.PileInt, java.lang.Object)]/[test-template-invocation:#113]
display-name: [113] PileInt(0/21):[], PileInt(13/20):[-1948372490 1175265028 1509228326 982841218 -113535506 -1095093150 388532020 -1696138086 -1404296367 949094180 1074419298 1053087988 -1152583802 ]
]]></system-out>
</testcase>
<testcase name="testEqualsObject(PileInt, Object)[114]" classname="pilesimple.test.PileIntTest" time="0">
<system-out><![CDATA[
unique-id: [engine:junit-jupiter]/[class:pilesimple.test.PileIntTest]/[test-template:testEqualsObject(pilesimple.PileInt, java.lang.Object)]/[test-template-invocation:#114]
display-name: [114] PileInt(0/21):[], PileInt(0/1):[]
]]></system-out>
</testcase>
<testcase name="testEqualsObject(PileInt, Object)[115]" classname="pilesimple.test.PileIntTest" time="0">
<system-out><![CDATA[
unique-id: [engine:junit-jupiter]/[class:pilesimple.test.PileIntTest]/[test-template:testEqualsObject(pilesimple.PileInt, java.lang.Object)]/[test-template-invocation:#115]
display-name: [115] PileInt(0/21):[], PileInt(6/13):[-684180429 633166819 0 0 0 0 ]
]]></system-out>
</testcase>
<testcase name="testEqualsObject(PileInt, Object)[116]" classname="pilesimple.test.PileIntTest" time="0">
<system-out><![CDATA[
unique-id: [engine:junit-jupiter]/[class:pilesimple.test.PileIntTest]/[test-template:testEqualsObject(pilesimple.PileInt, java.lang.Object)]/[test-template-invocation:#116]
display-name: [116] PileInt(0/21):[], PileInt(2/7):[-1274647728 1596499529 ]
]]></system-out>
</testcase>
<testcase name="testEqualsObject(PileInt, Object)[117]" classname="pilesimple.test.PileIntTest" time="0">
<system-out><![CDATA[
unique-id: [engine:junit-jupiter]/[class:pilesimple.test.PileIntTest]/[test-template:testEqualsObject(pilesimple.PileInt, java.lang.Object)]/[test-template-invocation:#117]
display-name: [117] PileInt(0/21):[], PileInt(2/16):[1362992196 -2080071938 ]
]]></system-out>
</testcase>
<testcase name="testEqualsObject(PileInt, Object)[118]" classname="pilesimple.test.PileIntTest" time="0">
<system-out><![CDATA[
unique-id: [engine:junit-jupiter]/[class:pilesimple.test.PileIntTest]/[test-template:testEqualsObject(pilesimple.PileInt, java.lang.Object)]/[test-template-invocation:#118]
display-name: [118] PileInt(0/21):[], PileInt(23/25):[-177297065 -317067174 1538678292 1459401015 764171947 -791717276 -1475135243 1373362923 104936572 1838652771 -10463901 -1839550882 1664723887 -799351692 -1803735371 1504195079 457981356 1301858620 217733573 1908815035 -718666961 0 0 ]
]]></system-out>
</testcase>
<testcase name="testEqualsObject(PileInt, Object)[119]" classname="pilesimple.test.PileIntTest" time="0">
<system-out><![CDATA[
unique-id: [engine:junit-jupiter]/[class:pilesimple.test.PileIntTest]/[test-template:testEqualsObject(pilesimple.PileInt, java.lang.Object)]/[test-template-invocation:#119]
display-name: [119] PileInt(0/21):[], PileInt(1/4):[-810202728 ]
]]></system-out>
</testcase>
<testcase name="testEqualsObject(PileInt, Object)[120]" classname="pilesimple.test.PileIntTest" time="0">
<system-out><![CDATA[
unique-id: [engine:junit-jupiter]/[class:pilesimple.test.PileIntTest]/[test-template:testEqualsObject(pilesimple.PileInt, java.lang.Object)]/[test-template-invocation:#120]
display-name: [120] PileInt(0/21):[], PileInt(3/5):[-234217948 -2036859372 0 ]
]]></system-out>
</testcase>
<testcase name="testEqualsObject(PileInt, Object)[121]" classname="pilesimple.test.PileIntTest" time="0">
<system-out><![CDATA[
unique-id: [engine:junit-jupiter]/[class:pilesimple.test.PileIntTest]/[test-template:testEqualsObject(pilesimple.PileInt, java.lang.Object)]/[test-template-invocation:#121]
display-name: [121] PileInt(19/24):[-1489436760 -263993310 1290897763 1717230542 -2064902060 0 0 0 0 0 0 0 0 0 0 0 0 0 0 ], null
]]></system-out>
</testcase>
<testcase name="testEqualsObject(PileInt, Object)[122]" classname="pilesimple.test.PileIntTest" time="0">
<system-out><![CDATA[
unique-id: [engine:junit-jupiter]/[class:pilesimple.test.PileIntTest]/[test-template:testEqualsObject(pilesimple.PileInt, java.lang.Object)]/[test-template-invocation:#122]
display-name: [122] PileInt(19/24):[-1489436760 -263993310 1290897763 1717230542 -2064902060 0 0 0 0 0 0 0 0 0 0 0 0 0 0 ], 
]]></system-out>
</testcase>
<testcase name="testEqualsObject(PileInt, Object)[123]" classname="pilesimple.test.PileIntTest" time="0">
<system-out><![CDATA[
unique-id: [engine:junit-jupiter]/[class:pilesimple.test.PileIntTest]/[test-template:testEqualsObject(pilesimple.PileInt, java.lang.Object)]/[test-template-invocation:#123]
display-name: [123] PileInt(19/24):[-1489436760 -263993310 1290897763 1717230542 -2064902060 0 0 0 0 0 0 0 0 0 0 0 0 0 0 ], abc
]]></system-out>
</testcase>
<testcase name="testEqualsObject(PileInt, Object)[124]" classname="pilesimple.test.PileIntTest" time="0">
<system-out><![CDATA[
unique-id: [engine:junit-jupiter]/[class:pilesimple.test.PileIntTest]/[test-template:testEqualsObject(pilesimple.PileInt, java.lang.Object)]/[test-template-invocation:#124]
display-name: [124] PileInt(19/24):[-1489436760 -263993310 1290897763 1717230542 -2064902060 0 0 0 0 0 0 0 0 0 0 0 0 0 0 ], Abjh45
]]></system-out>
</testcase>
<testcase name="testEqualsObject(PileInt, Object)[125]" classname="pilesimple.test.PileIntTest" time="0">
<system-out><![CDATA[
unique-id: [engine:junit-jupiter]/[class:pilesimple.test.PileIntTest]/[test-template:testEqualsObject(pilesimple.PileInt, java.lang.Object)]/[test-template-invocation:#125]
display-name: [125] PileInt(19/24):[-1489436760 -263993310 1290897763 1717230542 -2064902060 0 0 0 0 0 0 0 0 0 0 0 0 0 0 ], ch1
]]></system-out>
</testcase>
<testcase name="testEqualsObject(PileInt, Object)[126]" classname="pilesimple.test.PileIntTest" time="0">
<system-out><![CDATA[
unique-id: [engine:junit-jupiter]/[class:pilesimple.test.PileIntTest]/[test-template:testEqualsObject(pilesimple.PileInt, java.lang.Object)]/[test-template-invocation:#126]
display-name: [126] PileInt(19/24):[-1489436760 -263993310 1290897763 1717230542 -2064902060 0 0 0 0 0 0 0 0 0 0 0 0 0 0 ], 5662
]]></system-out>
</testcase>
<testcase name="testEqualsObject(PileInt, Object)[127]" classname="pilesimple.test.PileIntTest" time="0">
<system-out><![CDATA[
unique-id: [engine:junit-jupiter]/[class:pilesimple.test.PileIntTest]/[test-template:testEqualsObject(pilesimple.PileInt, java.lang.Object)]/[test-template-invocation:#127]
display-name: [127] PileInt(19/24):[-1489436760 -263993310 1290897763 1717230542 -2064902060 0 0 0 0 0 0 0 0 0 0 0 0 0 0 ], ch2
]]></system-out>
</testcase>
<testcase name="testEqualsObject(PileInt, Object)[128]" classname="pilesimple.test.PileIntTest" time="0">
<system-out><![CDATA[
unique-id: [engine:junit-jupiter]/[class:pilesimple.test.PileIntTest]/[test-template:testEqualsObject(pilesimple.PileInt, java.lang.Object)]/[test-template-invocation:#128]
display-name: [128] PileInt(19/24):[-1489436760 -263993310 1290897763 1717230542 -2064902060 0 0 0 0 0 0 0 0 0 0 0 0 0 0 ], ch3
]]></system-out>
</testcase>
<testcase name="testEqualsObject(PileInt, Object)[129]" classname="pilesimple.test.PileIntTest" time="0">
<system-out><![CDATA[
unique-id: [engine:junit-jupiter]/[class:pilesimple.test.PileIntTest]/[test-template:testEqualsObject(pilesimple.PileInt, java.lang.Object)]/[test-template-invocation:#129]
display-name: [129] PileInt(19/24):[-1489436760 -263993310 1290897763 1717230542 -2064902060 0 0 0 0 0 0 0 0 0 0 0 0 0 0 ], ch4
]]></system-out>
</testcase>
<testcase name="testEqualsObject(PileInt, Object)[130]" classname="pilesimple.test.PileIntTest" time="0">
<system-out><![CDATA[
unique-id: [engine:junit-jupiter]/[class:pilesimple.test.PileIntTest]/[test-template:testEqualsObject(pilesimple.PileInt, java.lang.Object)]/[test-template-invocation:#130]
display-name: [130] PileInt(19/24):[-1489436760 -263993310 1290897763 1717230542 -2064902060 0 0 0 0 0 0 0 0 0 0 0 0 0 0 ], ch5
]]></system-out>
</testcase>
<testcase name="testEqualsObject(PileInt, Object)[131]" classname="pilesimple.test.PileIntTest" time="0">
<system-out><![CDATA[
unique-id: [engine:junit-jupiter]/[class:pilesimple.test.PileIntTest]/[test-template:testEqualsObject(pilesimple.PileInt, java.lang.Object)]/[test-template-invocation:#131]
display-name: [131] PileInt(19/24):[-1489436760 -263993310 1290897763 1717230542 -2064902060 0 0 0 0 0 0 0 0 0 0 0 0 0 0 ], chaine6
]]></system-out>
</testcase>
<testcase name="testEqualsObject(PileInt, Object)[132]" classname="pilesimple.test.PileIntTest" time="0">
<system-out><![CDATA[
unique-id: [engine:junit-jupiter]/[class:pilesimple.test.PileIntTest]/[test-template:testEqualsObject(pilesimple.PileInt, java.lang.Object)]/[test-template-invocation:#132]
display-name: [132] PileInt(19/24):[-1489436760 -263993310 1290897763 1717230542 -2064902060 0 0 0 0 0 0 0 0 0 0 0 0 0 0 ], chaine7
]]></system-out>
</testcase>
<testcase name="testEqualsObject(PileInt, Object)[133]" classname="pilesimple.test.PileIntTest" time="0">
<system-out><![CDATA[
unique-id: [engine:junit-jupiter]/[class:pilesimple.test.PileIntTest]/[test-template:testEqualsObject(pilesimple.PileInt, java.lang.Object)]/[test-template-invocation:#133]
display-name: [133] PileInt(19/24):[-1489436760 -263993310 1290897763 1717230542 -2064902060 0 0 0 0 0 0 0 0 0 0 0 0 0 0 ], chaine8
]]></system-out>
</testcase>
<testcase name="testEqualsObject(PileInt, Object)[134]" classname="pilesimple.test.PileIntTest" time="0">
<system-out><![CDATA[
unique-id: [engine:junit-jupiter]/[class:pilesimple.test.PileIntTest]/[test-template:testEqualsObject(pilesimple.PileInt, java.lang.Object)]/[test-template-invocation:#134]
display-name: [134] PileInt(19/24):[-1489436760 -263993310 1290897763 1717230542 -2064902060 0 0 0 0 0 0 0 0 0 0 0 0 0 0 ], chaine10
]]></system-out>
</testcase>
<testcase name="testEqualsObject(PileInt, Object)[135]" classname="pilesimple.test.PileIntTest" time="0">
<system-out><![CDATA[
unique-id: [engine:junit-jupiter]/[class:pilesimple.test.PileIntTest]/[test-template:testEqualsObject(pilesimple.PileInt, java.lang.Object)]/[test-template-invocation:#135]
display-name: [135] PileInt(19/24):[-1489436760 -263993310 1290897763 1717230542 -2064902060 0 0 0 0 0 0 0 0 0 0 0 0 0 0 ], chaine11
]]></system-out>
</testcase>
<testcase name="testEqualsObject(PileInt, Object)[136]" classname="pilesimple.test.PileIntTest" time="0">
<system-out><![CDATA[
unique-id: [engine:junit-jupiter]/[class:pilesimple.test.PileIntTest]/[test-template:testEqualsObject(pilesimple.PileInt, java.lang.Object)]/[test-template-invocation:#136]
display-name: [136] PileInt(19/24):[-1489436760 -263993310 1290897763 1717230542 -2064902060 0 0 0 0 0 0 0 0 0 0 0 0 0 0 ], chaine12
]]></system-out>
</testcase>
<testcase name="testEqualsObject(PileInt, Object)[137]" classname="pilesimple.test.PileIntTest" time="0">
<system-out><![CDATA[
unique-id: [engine:junit-jupiter]/[class:pilesimple.test.PileIntTest]/[test-template:testEqualsObject(pilesimple.PileInt, java.lang.Object)]/[test-template-invocation:#137]
display-name: [137] PileInt(19/24):[-1489436760 -263993310 1290897763 1717230542 -2064902060 0 0 0 0 0 0 0 0 0 0 0 0 0 0 ], null
]]></system-out>
</testcase>
<testcase name="testEqualsObject(PileInt, Object)[138]" classname="pilesimple.test.PileIntTest" time="0">
<system-out><![CDATA[
unique-id: [engine:junit-jupiter]/[class:pilesimple.test.PileIntTest]/[test-template:testEqualsObject(pilesimple.PileInt, java.lang.Object)]/[test-template-invocation:#138]
display-name: [138] PileInt(19/24):[-1489436760 -263993310 1290897763 1717230542 -2064902060 0 0 0 0 0 0 0 0 0 0 0 0 0 0 ], java.lang.Object@6bf0219d
]]></system-out>
</testcase>
<testcase name="testEqualsObject(PileInt, Object)[139]" classname="pilesimple.test.PileIntTest" time="0">
<system-out><![CDATA[
unique-id: [engine:junit-jupiter]/[class:pilesimple.test.PileIntTest]/[test-template:testEqualsObject(pilesimple.PileInt, java.lang.Object)]/[test-template-invocation:#139]
display-name: [139] PileInt(19/24):[-1489436760 -263993310 1290897763 1717230542 -2064902060 0 0 0 0 0 0 0 0 0 0 0 0 0 0 ], abc
]]></system-out>
</testcase>
<testcase name="testEqualsObject(PileInt, Object)[140]" classname="pilesimple.test.PileIntTest" time="0">
<system-out><![CDATA[
unique-id: [engine:junit-jupiter]/[class:pilesimple.test.PileIntTest]/[test-template:testEqualsObject(pilesimple.PileInt, java.lang.Object)]/[test-template-invocation:#140]
display-name: [140] PileInt(19/24):[-1489436760 -263993310 1290897763 1717230542 -2064902060 0 0 0 0 0 0 0 0 0 0 0 0 0 0 ], 1
]]></system-out>
</testcase>
<testcase name="testEqualsObject(PileInt, Object)[141]" classname="pilesimple.test.PileIntTest" time="0">
<system-out><![CDATA[
unique-id: [engine:junit-jupiter]/[class:pilesimple.test.PileIntTest]/[test-template:testEqualsObject(pilesimple.PileInt, java.lang.Object)]/[test-template-invocation:#141]
display-name: [141] PileInt(19/24):[-1489436760 -263993310 1290897763 1717230542 -2064902060 0 0 0 0 0 0 0 0 0 0 0 0 0 0 ], PileInt(1/4):[338894473 ]
]]></system-out>
</testcase>
<testcase name="testEqualsObject(PileInt, Object)[142]" classname="pilesimple.test.PileIntTest" time="0">
<system-out><![CDATA[
unique-id: [engine:junit-jupiter]/[class:pilesimple.test.PileIntTest]/[test-template:testEqualsObject(pilesimple.PileInt, java.lang.Object)]/[test-template-invocation:#142]
display-name: [142] PileInt(19/24):[-1489436760 -263993310 1290897763 1717230542 -2064902060 0 0 0 0 0 0 0 0 0 0 0 0 0 0 ], PileInt(1/10):[406853085 ]
]]></system-out>
</testcase>
<testcase name="testEqualsObject(PileInt, Object)[143]" classname="pilesimple.test.PileIntTest" time="0">
<system-out><![CDATA[
unique-id: [engine:junit-jupiter]/[class:pilesimple.test.PileIntTest]/[test-template:testEqualsObject(pilesimple.PileInt, java.lang.Object)]/[test-template-invocation:#143]
display-name: [143] PileInt(19/24):[-1489436760 -263993310 1290897763 1717230542 -2064902060 0 0 0 0 0 0 0 0 0 0 0 0 0 0 ], PileInt(9/21):[829174856 -560540630 1017069059 -1738412859 300209628 -188841458 -1827026023 -1500709070 -816936810 ]
]]></system-out>
</testcase>
<testcase name="testEqualsObject(PileInt, Object)[144]" classname="pilesimple.test.PileIntTest" time="0">
<system-out><![CDATA[
unique-id: [engine:junit-jupiter]/[class:pilesimple.test.PileIntTest]/[test-template:testEqualsObject(pilesimple.PileInt, java.lang.Object)]/[test-template-invocation:#144]
display-name: [144] PileInt(19/24):[-1489436760 -263993310 1290897763 1717230542 -2064902060 0 0 0 0 0 0 0 0 0 0 0 0 0 0 ], PileInt(1/24):[-1489436760 ]
]]></system-out>
</testcase>
<testcase name="testEqualsObject(PileInt, Object)[145]" classname="pilesimple.test.PileIntTest" time="0">
<system-out><![CDATA[
unique-id: [engine:junit-jupiter]/[class:pilesimple.test.PileIntTest]/[test-template:testEqualsObject(pilesimple.PileInt, java.lang.Object)]/[test-template-invocation:#145]
display-name: [145] PileInt(19/24):[-1489436760 -263993310 1290897763 1717230542 -2064902060 0 0 0 0 0 0 0 0 0 0 0 0 0 0 ], PileInt(4/10):[637862618 -1510457637 2016118339 -24306896 ]
]]></system-out>
</testcase>
<testcase name="testEqualsObject(PileInt, Object)[146]" classname="pilesimple.test.PileIntTest" time="0">
<system-out><![CDATA[
unique-id: [engine:junit-jupiter]/[class:pilesimple.test.PileIntTest]/[test-template:testEqualsObject(pilesimple.PileInt, java.lang.Object)]/[test-template-invocation:#146]
display-name: [146] PileInt(19/24):[-1489436760 -263993310 1290897763 1717230542 -2064902060 0 0 0 0 0 0 0 0 0 0 0 0 0 0 ], PileInt(0/15):[]
]]></system-out>
</testcase>
<testcase name="testEqualsObject(PileInt, Object)[147]" classname="pilesimple.test.PileIntTest" time="0">
<system-out><![CDATA[
unique-id: [engine:junit-jupiter]/[class:pilesimple.test.PileIntTest]/[test-template:testEqualsObject(pilesimple.PileInt, java.lang.Object)]/[test-template-invocation:#147]
display-name: [147] PileInt(19/24):[-1489436760 -263993310 1290897763 1717230542 -2064902060 0 0 0 0 0 0 0 0 0 0 0 0 0 0 ], PileInt(1/20):[1428472226 ]
]]></system-out>
</testcase>
<testcase name="testEqualsObject(PileInt, Object)[148]" classname="pilesimple.test.PileIntTest" time="0">
<system-out><![CDATA[
unique-id: [engine:junit-jupiter]/[class:pilesimple.test.PileIntTest]/[test-template:testEqualsObject(pilesimple.PileInt, java.lang.Object)]/[test-template-invocation:#148]
display-name: [148] PileInt(19/24):[-1489436760 -263993310 1290897763 1717230542 -2064902060 0 0 0 0 0 0 0 0 0 0 0 0 0 0 ], PileInt(6/28):[703876638 393883502 -735980280 1592594415 1442868874 0 ]
]]></system-out>
</testcase>
<testcase name="testEqualsObject(PileInt, Object)[149]" classname="pilesimple.test.PileIntTest" time="0">
<system-out><![CDATA[
unique-id: [engine:junit-jupiter]/[class:pilesimple.test.PileIntTest]/[test-template:testEqualsObject(pilesimple.PileInt, java.lang.Object)]/[test-template-invocation:#149]
display-name: [149] PileInt(19/24):[-1489436760 -263993310 1290897763 1717230542 -2064902060 0 0 0 0 0 0 0 0 0 0 0 0 0 0 ], PileInt(4/6):[0 0 0 0 ]
]]></system-out>
</testcase>
<testcase name="testEqualsObject(PileInt, Object)[150]" classname="pilesimple.test.PileIntTest" time="0">
<system-out><![CDATA[
unique-id: [engine:junit-jupiter]/[class:pilesimple.test.PileIntTest]/[test-template:testEqualsObject(pilesimple.PileInt, java.lang.Object)]/[test-template-invocation:#150]
display-name: [150] PileInt(19/24):[-1489436760 -263993310 1290897763 1717230542 -2064902060 0 0 0 0 0 0 0 0 0 0 0 0 0 0 ], PileInt(12/25):[-705429044 -1165162668 1915516414 1792785474 -1102370681 0 0 0 0 0 0 0 ]
]]></system-out>
</testcase>
<testcase name="testEqualsObject(PileInt, Object)[151]" classname="pilesimple.test.PileIntTest" time="0">
<system-out><![CDATA[
unique-id: [engine:junit-jupiter]/[class:pilesimple.test.PileIntTest]/[test-template:testEqualsObject(pilesimple.PileInt, java.lang.Object)]/[test-template-invocation:#151]
display-name: [151] PileInt(19/24):[-1489436760 -263993310 1290897763 1717230542 -2064902060 0 0 0 0 0 0 0 0 0 0 0 0 0 0 ], PileInt(2/8):[1210489329 -1943355528 ]
]]></system-out>
</testcase>
<testcase name="testEqualsObject(PileInt, Object)[152]" classname="pilesimple.test.PileIntTest" time="0">
<system-out><![CDATA[
unique-id: [engine:junit-jupiter]/[class:pilesimple.test.PileIntTest]/[test-template:testEqualsObject(pilesimple.PileInt, java.lang.Object)]/[test-template-invocation:#152]
display-name: [152] PileInt(19/24):[-1489436760 -263993310 1290897763 1717230542 -2064902060 0 0 0 0 0 0 0 0 0 0 0 0 0 0 ], PileInt(19/25):[1076106784 1001106160 0 0 0 0 0 0 0 0 0 0 0 0 0 0 0 0 0 ]
]]></system-out>
</testcase>
<testcase name="testEqualsObject(PileInt, Object)[153]" classname="pilesimple.test.PileIntTest" time="0">
<system-out><![CDATA[
unique-id: [engine:junit-jupiter]/[class:pilesimple.test.PileIntTest]/[test-template:testEqualsObject(pilesimple.PileInt, java.lang.Object)]/[test-template-invocation:#153]
display-name: [153] PileInt(19/24):[-1489436760 -263993310 1290897763 1717230542 -2064902060 0 0 0 0 0 0 0 0 0 0 0 0 0 0 ], PileInt(14/20):[-1948372490 1175265028 1509228326 982841218 -113535506 -1095093150 388532020 -1696138086 -1404296367 949094180 1074419298 1053087988 -1152583802 826453230 ]
]]></system-out>
</testcase>
<testcase name="testEqualsObject(PileInt, Object)[154]" classname="pilesimple.test.PileIntTest" time="0">
<system-out><![CDATA[
unique-id: [engine:junit-jupiter]/[class:pilesimple.test.PileIntTest]/[test-template:testEqualsObject(pilesimple.PileInt, java.lang.Object)]/[test-template-invocation:#154]
display-name: [154] PileInt(19/24):[-1489436760 -263993310 1290897763 1717230542 -2064902060 0 0 0 0 0 0 0 0 0 0 0 0 0 0 ], PileInt(0/1):[]
]]></system-out>
</testcase>
<testcase name="testEqualsObject(PileInt, Object)[155]" classname="pilesimple.test.PileIntTest" time="0">
<system-out><![CDATA[
unique-id: [engine:junit-jupiter]/[class:pilesimple.test.PileIntTest]/[test-template:testEqualsObject(pilesimple.PileInt, java.lang.Object)]/[test-template-invocation:#155]
display-name: [155] PileInt(19/24):[-1489436760 -263993310 1290897763 1717230542 -2064902060 0 0 0 0 0 0 0 0 0 0 0 0 0 0 ], PileInt(6/13):[-684180429 633166819 0 0 0 0 ]
]]></system-out>
</testcase>
<testcase name="testEqualsObject(PileInt, Object)[156]" classname="pilesimple.test.PileIntTest" time="0">
<system-out><![CDATA[
unique-id: [engine:junit-jupiter]/[class:pilesimple.test.PileIntTest]/[test-template:testEqualsObject(pilesimple.PileInt, java.lang.Object)]/[test-template-invocation:#156]
display-name: [156] PileInt(19/24):[-1489436760 -263993310 1290897763 1717230542 -2064902060 0 0 0 0 0 0 0 0 0 0 0 0 0 0 ], PileInt(6/7):[-1274647728 1596499529 -463382582 0 0 0 ]
]]></system-out>
</testcase>
<testcase name="testEqualsObject(PileInt, Object)[157]" classname="pilesimple.test.PileIntTest" time="0">
<system-out><![CDATA[
unique-id: [engine:junit-jupiter]/[class:pilesimple.test.PileIntTest]/[test-template:testEqualsObject(pilesimple.PileInt, java.lang.Object)]/[test-template-invocation:#157]
display-name: [157] PileInt(19/24):[-1489436760 -263993310 1290897763 1717230542 -2064902060 0 0 0 0 0 0 0 0 0 0 0 0 0 0 ], PileInt(1/16):[1362992196 ]
]]></system-out>
</testcase>
<testcase name="testEqualsObject(PileInt, Object)[158]" classname="pilesimple.test.PileIntTest" time="0">
<system-out><![CDATA[
unique-id: [engine:junit-jupiter]/[class:pilesimple.test.PileIntTest]/[test-template:testEqualsObject(pilesimple.PileInt, java.lang.Object)]/[test-template-invocation:#158]
display-name: [158] PileInt(19/24):[-1489436760 -263993310 1290897763 1717230542 -2064902060 0 0 0 0 0 0 0 0 0 0 0 0 0 0 ], PileInt(9/25):[-177297065 -317067174 1538678292 1459401015 764171947 -791717276 -1475135243 1373362923 104936572 ]
]]></system-out>
</testcase>
<testcase name="testEqualsObject(PileInt, Object)[159]" classname="pilesimple.test.PileIntTest" time="0">
<system-out><![CDATA[
unique-id: [engine:junit-jupiter]/[class:pilesimple.test.PileIntTest]/[test-template:testEqualsObject(pilesimple.PileInt, java.lang.Object)]/[test-template-invocation:#159]
display-name: [159] PileInt(19/24):[-1489436760 -263993310 1290897763 1717230542 -2064902060 0 0 0 0 0 0 0 0 0 0 0 0 0 0 ], PileInt(2/4):[-810202728 -2036874149 ]
]]></system-out>
</testcase>
<testcase name="testEqualsObject(PileInt, Object)[160]" classname="pilesimple.test.PileIntTest" time="0">
<system-out><![CDATA[
unique-id: [engine:junit-jupiter]/[class:pilesimple.test.PileIntTest]/[test-template:testEqualsObject(pilesimple.PileInt, java.lang.Object)]/[test-template-invocation:#160]
display-name: [160] PileInt(19/24):[-1489436760 -263993310 1290897763 1717230542 -2064902060 0 0 0 0 0 0 0 0 0 0 0 0 0 0 ], PileInt(3/5):[-234217948 -2036859372 0 ]
]]></system-out>
</testcase>
<testcase name="testEqualsObject(PileInt, Object)[161]" classname="pilesimple.test.PileIntTest" time="0">
<system-out><![CDATA[
unique-id: [engine:junit-jupiter]/[class:pilesimple.test.PileIntTest]/[test-template:testEqualsObject(pilesimple.PileInt, java.lang.Object)]/[test-template-invocation:#161]
display-name: [161] PileInt(6/10):[637862618 -1510457637 2016118339 -24306896 1280740200 0 ], null
]]></system-out>
</testcase>
<testcase name="testEqualsObject(PileInt, Object)[162]" classname="pilesimple.test.PileIntTest" time="0">
<system-out><![CDATA[
unique-id: [engine:junit-jupiter]/[class:pilesimple.test.PileIntTest]/[test-template:testEqualsObject(pilesimple.PileInt, java.lang.Object)]/[test-template-invocation:#162]
display-name: [162] PileInt(6/10):[637862618 -1510457637 2016118339 -24306896 1280740200 0 ], 
]]></system-out>
</testcase>
<testcase name="testEqualsObject(PileInt, Object)[163]" classname="pilesimple.test.PileIntTest" time="0">
<system-out><![CDATA[
unique-id: [engine:junit-jupiter]/[class:pilesimple.test.PileIntTest]/[test-template:testEqualsObject(pilesimple.PileInt, java.lang.Object)]/[test-template-invocation:#163]
display-name: [163] PileInt(6/10):[637862618 -1510457637 2016118339 -24306896 1280740200 0 ], abc
]]></system-out>
</testcase>
<testcase name="testEqualsObject(PileInt, Object)[164]" classname="pilesimple.test.PileIntTest" time="0">
<system-out><![CDATA[
unique-id: [engine:junit-jupiter]/[class:pilesimple.test.PileIntTest]/[test-template:testEqualsObject(pilesimple.PileInt, java.lang.Object)]/[test-template-invocation:#164]
display-name: [164] PileInt(6/10):[637862618 -1510457637 2016118339 -24306896 1280740200 0 ], Abjh45
]]></system-out>
</testcase>
<testcase name="testEqualsObject(PileInt, Object)[165]" classname="pilesimple.test.PileIntTest" time="0">
<system-out><![CDATA[
unique-id: [engine:junit-jupiter]/[class:pilesimple.test.PileIntTest]/[test-template:testEqualsObject(pilesimple.PileInt, java.lang.Object)]/[test-template-invocation:#165]
display-name: [165] PileInt(6/10):[637862618 -1510457637 2016118339 -24306896 1280740200 0 ], ch1
]]></system-out>
</testcase>
<testcase name="testEqualsObject(PileInt, Object)[166]" classname="pilesimple.test.PileIntTest" time="0">
<system-out><![CDATA[
unique-id: [engine:junit-jupiter]/[class:pilesimple.test.PileIntTest]/[test-template:testEqualsObject(pilesimple.PileInt, java.lang.Object)]/[test-template-invocation:#166]
display-name: [166] PileInt(6/10):[637862618 -1510457637 2016118339 -24306896 1280740200 0 ], 5662
]]></system-out>
</testcase>
<testcase name="testEqualsObject(PileInt, Object)[167]" classname="pilesimple.test.PileIntTest" time="0">
<system-out><![CDATA[
unique-id: [engine:junit-jupiter]/[class:pilesimple.test.PileIntTest]/[test-template:testEqualsObject(pilesimple.PileInt, java.lang.Object)]/[test-template-invocation:#167]
display-name: [167] PileInt(6/10):[637862618 -1510457637 2016118339 -24306896 1280740200 0 ], ch2
]]></system-out>
</testcase>
<testcase name="testEqualsObject(PileInt, Object)[168]" classname="pilesimple.test.PileIntTest" time="0">
<system-out><![CDATA[
unique-id: [engine:junit-jupiter]/[class:pilesimple.test.PileIntTest]/[test-template:testEqualsObject(pilesimple.PileInt, java.lang.Object)]/[test-template-invocation:#168]
display-name: [168] PileInt(6/10):[637862618 -1510457637 2016118339 -24306896 1280740200 0 ], ch3
]]></system-out>
</testcase>
<testcase name="testEqualsObject(PileInt, Object)[169]" classname="pilesimple.test.PileIntTest" time="0">
<system-out><![CDATA[
unique-id: [engine:junit-jupiter]/[class:pilesimple.test.PileIntTest]/[test-template:testEqualsObject(pilesimple.PileInt, java.lang.Object)]/[test-template-invocation:#169]
display-name: [169] PileInt(6/10):[637862618 -1510457637 2016118339 -24306896 1280740200 0 ], ch4
]]></system-out>
</testcase>
<testcase name="testEqualsObject(PileInt, Object)[170]" classname="pilesimple.test.PileIntTest" time="0">
<system-out><![CDATA[
unique-id: [engine:junit-jupiter]/[class:pilesimple.test.PileIntTest]/[test-template:testEqualsObject(pilesimple.PileInt, java.lang.Object)]/[test-template-invocation:#170]
display-name: [170] PileInt(6/10):[637862618 -1510457637 2016118339 -24306896 1280740200 0 ], ch5
]]></system-out>
</testcase>
<testcase name="testEqualsObject(PileInt, Object)[171]" classname="pilesimple.test.PileIntTest" time="0">
<system-out><![CDATA[
unique-id: [engine:junit-jupiter]/[class:pilesimple.test.PileIntTest]/[test-template:testEqualsObject(pilesimple.PileInt, java.lang.Object)]/[test-template-invocation:#171]
display-name: [171] PileInt(6/10):[637862618 -1510457637 2016118339 -24306896 1280740200 0 ], chaine6
]]></system-out>
</testcase>
<testcase name="testEqualsObject(PileInt, Object)[172]" classname="pilesimple.test.PileIntTest" time="0">
<system-out><![CDATA[
unique-id: [engine:junit-jupiter]/[class:pilesimple.test.PileIntTest]/[test-template:testEqualsObject(pilesimple.PileInt, java.lang.Object)]/[test-template-invocation:#172]
display-name: [172] PileInt(6/10):[637862618 -1510457637 2016118339 -24306896 1280740200 0 ], chaine7
]]></system-out>
</testcase>
<testcase name="testEqualsObject(PileInt, Object)[173]" classname="pilesimple.test.PileIntTest" time="0">
<system-out><![CDATA[
unique-id: [engine:junit-jupiter]/[class:pilesimple.test.PileIntTest]/[test-template:testEqualsObject(pilesimple.PileInt, java.lang.Object)]/[test-template-invocation:#173]
display-name: [173] PileInt(6/10):[637862618 -1510457637 2016118339 -24306896 1280740200 0 ], chaine8
]]></system-out>
</testcase>
<testcase name="testEqualsObject(PileInt, Object)[174]" classname="pilesimple.test.PileIntTest" time="0">
<system-out><![CDATA[
unique-id: [engine:junit-jupiter]/[class:pilesimple.test.PileIntTest]/[test-template:testEqualsObject(pilesimple.PileInt, java.lang.Object)]/[test-template-invocation:#174]
display-name: [174] PileInt(6/10):[637862618 -1510457637 2016118339 -24306896 1280740200 0 ], chaine10
]]></system-out>
</testcase>
<testcase name="testEqualsObject(PileInt, Object)[175]" classname="pilesimple.test.PileIntTest" time="0">
<system-out><![CDATA[
unique-id: [engine:junit-jupiter]/[class:pilesimple.test.PileIntTest]/[test-template:testEqualsObject(pilesimple.PileInt, java.lang.Object)]/[test-template-invocation:#175]
display-name: [175] PileInt(6/10):[637862618 -1510457637 2016118339 -24306896 1280740200 0 ], chaine11
]]></system-out>
</testcase>
<testcase name="testEqualsObject(PileInt, Object)[176]" classname="pilesimple.test.PileIntTest" time="0">
<system-out><![CDATA[
unique-id: [engine:junit-jupiter]/[class:pilesimple.test.PileIntTest]/[test-template:testEqualsObject(pilesimple.PileInt, java.lang.Object)]/[test-template-invocation:#176]
display-name: [176] PileInt(6/10):[637862618 -1510457637 2016118339 -24306896 1280740200 0 ], chaine12
]]></system-out>
</testcase>
<testcase name="testEqualsObject(PileInt, Object)[177]" classname="pilesimple.test.PileIntTest" time="0">
<system-out><![CDATA[
unique-id: [engine:junit-jupiter]/[class:pilesimple.test.PileIntTest]/[test-template:testEqualsObject(pilesimple.PileInt, java.lang.Object)]/[test-template-invocation:#177]
display-name: [177] PileInt(6/10):[637862618 -1510457637 2016118339 -24306896 1280740200 0 ], null
]]></system-out>
</testcase>
<testcase name="testEqualsObject(PileInt, Object)[178]" classname="pilesimple.test.PileIntTest" time="0">
<system-out><![CDATA[
unique-id: [engine:junit-jupiter]/[class:pilesimple.test.PileIntTest]/[test-template:testEqualsObject(pilesimple.PileInt, java.lang.Object)]/[test-template-invocation:#178]
display-name: [178] PileInt(6/10):[637862618 -1510457637 2016118339 -24306896 1280740200 0 ], java.lang.Object@6bf0219d
]]></system-out>
</testcase>
<testcase name="testEqualsObject(PileInt, Object)[179]" classname="pilesimple.test.PileIntTest" time="0">
<system-out><![CDATA[
unique-id: [engine:junit-jupiter]/[class:pilesimple.test.PileIntTest]/[test-template:testEqualsObject(pilesimple.PileInt, java.lang.Object)]/[test-template-invocation:#179]
display-name: [179] PileInt(6/10):[637862618 -1510457637 2016118339 -24306896 1280740200 0 ], abc
]]></system-out>
</testcase>
<testcase name="testEqualsObject(PileInt, Object)[180]" classname="pilesimple.test.PileIntTest" time="0">
<system-out><![CDATA[
unique-id: [engine:junit-jupiter]/[class:pilesimple.test.PileIntTest]/[test-template:testEqualsObject(pilesimple.PileInt, java.lang.Object)]/[test-template-invocation:#180]
display-name: [180] PileInt(6/10):[637862618 -1510457637 2016118339 -24306896 1280740200 0 ], 1
]]></system-out>
</testcase>
<testcase name="testEqualsObject(PileInt, Object)[181]" classname="pilesimple.test.PileIntTest" time="0">
<system-out><![CDATA[
unique-id: [engine:junit-jupiter]/[class:pilesimple.test.PileIntTest]/[test-template:testEqualsObject(pilesimple.PileInt, java.lang.Object)]/[test-template-invocation:#181]
display-name: [181] PileInt(6/10):[637862618 -1510457637 2016118339 -24306896 1280740200 0 ], PileInt(0/4):[]
]]></system-out>
</testcase>
<testcase name="testEqualsObject(PileInt, Object)[182]" classname="pilesimple.test.PileIntTest" time="0">
<system-out><![CDATA[
unique-id: [engine:junit-jupiter]/[class:pilesimple.test.PileIntTest]/[test-template:testEqualsObject(pilesimple.PileInt, java.lang.Object)]/[test-template-invocation:#182]
display-name: [182] PileInt(6/10):[637862618 -1510457637 2016118339 -24306896 1280740200 0 ], PileInt(1/10):[406853085 ]
]]></system-out>
</testcase>
<testcase name="testEqualsObject(PileInt, Object)[183]" classname="pilesimple.test.PileIntTest" time="0">
<system-out><![CDATA[
unique-id: [engine:junit-jupiter]/[class:pilesimple.test.PileIntTest]/[test-template:testEqualsObject(pilesimple.PileInt, java.lang.Object)]/[test-template-invocation:#183]
display-name: [183] PileInt(6/10):[637862618 -1510457637 2016118339 -24306896 1280740200 0 ], PileInt(8/21):[829174856 -560540630 1017069059 -1738412859 300209628 -188841458 -1827026023 -1500709070 ]
]]></system-out>
</testcase>
<testcase name="testEqualsObject(PileInt, Object)[184]" classname="pilesimple.test.PileIntTest" time="0">
<system-out><![CDATA[
unique-id: [engine:junit-jupiter]/[class:pilesimple.test.PileIntTest]/[test-template:testEqualsObject(pilesimple.PileInt, java.lang.Object)]/[test-template-invocation:#184]
display-name: [184] PileInt(6/10):[637862618 -1510457637 2016118339 -24306896 1280740200 0 ], PileInt(15/24):[-1489436760 -263993310 1290897763 1717230542 -2064902060 0 0 0 0 0 0 0 0 0 0 ]
]]></system-out>
</testcase>
<testcase name="testEqualsObject(PileInt, Object)[185]" classname="pilesimple.test.PileIntTest" time="0">
<system-out><![CDATA[
unique-id: [engine:junit-jupiter]/[class:pilesimple.test.PileIntTest]/[test-template:testEqualsObject(pilesimple.PileInt, java.lang.Object)]/[test-template-invocation:#185]
display-name: [185] PileInt(6/10):[637862618 -1510457637 2016118339 -24306896 1280740200 0 ], PileInt(4/10):[637862618 -1510457637 2016118339 -24306896 ]
]]></system-out>
</testcase>
<testcase name="testEqualsObject(PileInt, Object)[186]" classname="pilesimple.test.PileIntTest" time="0">
<system-out><![CDATA[
unique-id: [engine:junit-jupiter]/[class:pilesimple.test.PileIntTest]/[test-template:testEqualsObject(pilesimple.PileInt, java.lang.Object)]/[test-template-invocation:#186]
display-name: [186] PileInt(6/10):[637862618 -1510457637 2016118339 -24306896 1280740200 0 ], PileInt(1/15):[-374846588 ]
]]></system-out>
</testcase>
<testcase name="testEqualsObject(PileInt, Object)[187]" classname="pilesimple.test.PileIntTest" time="0">
<system-out><![CDATA[
unique-id: [engine:junit-jupiter]/[class:pilesimple.test.PileIntTest]/[test-template:testEqualsObject(pilesimple.PileInt, java.lang.Object)]/[test-template-invocation:#187]
display-name: [187] PileInt(6/10):[637862618 -1510457637 2016118339 -24306896 1280740200 0 ], PileInt(2/20):[1428472226 -637821803 ]
]]></system-out>
</testcase>
<testcase name="testEqualsObject(PileInt, Object)[188]" classname="pilesimple.test.PileIntTest" time="0">
<system-out><![CDATA[
unique-id: [engine:junit-jupiter]/[class:pilesimple.test.PileIntTest]/[test-template:testEqualsObject(pilesimple.PileInt, java.lang.Object)]/[test-template-invocation:#188]
display-name: [188] PileInt(6/10):[637862618 -1510457637 2016118339 -24306896 1280740200 0 ], PileInt(27/28):[703876638 393883502 -735980280 1592594415 1442868874 0 0 0 0 0 0 0 0 0 0 0 0 0 0 0 0 0 0 0 0 0 0 ]
]]></system-out>
</testcase>
<testcase name="testEqualsObject(PileInt, Object)[189]" classname="pilesimple.test.PileIntTest" time="0">
<system-out><![CDATA[
unique-id: [engine:junit-jupiter]/[class:pilesimple.test.PileIntTest]/[test-template:testEqualsObject(pilesimple.PileInt, java.lang.Object)]/[test-template-invocation:#189]
display-name: [189] PileInt(6/10):[637862618 -1510457637 2016118339 -24306896 1280740200 0 ], PileInt(0/6):[]
]]></system-out>
</testcase>
<testcase name="testEqualsObject(PileInt, Object)[190]" classname="pilesimple.test.PileIntTest" time="0">
<system-out><![CDATA[
unique-id: [engine:junit-jupiter]/[class:pilesimple.test.PileIntTest]/[test-template:testEqualsObject(pilesimple.PileInt, java.lang.Object)]/[test-template-invocation:#190]
display-name: [190] PileInt(6/10):[637862618 -1510457637 2016118339 -24306896 1280740200 0 ], PileInt(2/25):[-705429044 -1165162668 ]
]]></system-out>
</testcase>
<testcase name="testEqualsObject(PileInt, Object)[191]" classname="pilesimple.test.PileIntTest" time="0">
<system-out><![CDATA[
unique-id: [engine:junit-jupiter]/[class:pilesimple.test.PileIntTest]/[test-template:testEqualsObject(pilesimple.PileInt, java.lang.Object)]/[test-template-invocation:#191]
display-name: [191] PileInt(6/10):[637862618 -1510457637 2016118339 -24306896 1280740200 0 ], PileInt(1/8):[1210489329 ]
]]></system-out>
</testcase>
<testcase name="testEqualsObject(PileInt, Object)[192]" classname="pilesimple.test.PileIntTest" time="0">
<system-out><![CDATA[
unique-id: [engine:junit-jupiter]/[class:pilesimple.test.PileIntTest]/[test-template:testEqualsObject(pilesimple.PileInt, java.lang.Object)]/[test-template-invocation:#192]
display-name: [192] PileInt(6/10):[637862618 -1510457637 2016118339 -24306896 1280740200 0 ], PileInt(23/25):[1076106784 1001106160 0 0 0 0 0 0 0 0 0 0 0 0 0 0 0 0 0 0 0 0 0 ]
]]></system-out>
</testcase>
<testcase name="testEqualsObject(PileInt, Object)[193]" classname="pilesimple.test.PileIntTest" time="0">
<system-out><![CDATA[
unique-id: [engine:junit-jupiter]/[class:pilesimple.test.PileIntTest]/[test-template:testEqualsObject(pilesimple.PileInt, java.lang.Object)]/[test-template-invocation:#193]
display-name: [193] PileInt(6/10):[637862618 -1510457637 2016118339 -24306896 1280740200 0 ], PileInt(19/20):[-1948372490 1175265028 1509228326 982841218 -113535506 -1095093150 388532020 -1696138086 -1404296367 949094180 1074419298 1053087988 -1152583802 826453230 -990184886 0 0 0 0 ]
]]></system-out>
</testcase>
<testcase name="testEqualsObject(PileInt, Object)[194]" classname="pilesimple.test.PileIntTest" time="0">
<system-out><![CDATA[
unique-id: [engine:junit-jupiter]/[class:pilesimple.test.PileIntTest]/[test-template:testEqualsObject(pilesimple.PileInt, java.lang.Object)]/[test-template-invocation:#194]
display-name: [194] PileInt(6/10):[637862618 -1510457637 2016118339 -24306896 1280740200 0 ], PileInt(0/1):[]
]]></system-out>
</testcase>
<testcase name="testEqualsObject(PileInt, Object)[195]" classname="pilesimple.test.PileIntTest" time="0">
<system-out><![CDATA[
unique-id: [engine:junit-jupiter]/[class:pilesimple.test.PileIntTest]/[test-template:testEqualsObject(pilesimple.PileInt, java.lang.Object)]/[test-template-invocation:#195]
display-name: [195] PileInt(6/10):[637862618 -1510457637 2016118339 -24306896 1280740200 0 ], PileInt(12/13):[-684180429 633166819 0 0 0 0 0 0 0 0 0 0 ]
]]></system-out>
</testcase>
<testcase name="testEqualsObject(PileInt, Object)[196]" classname="pilesimple.test.PileIntTest" time="0">
<system-out><![CDATA[
unique-id: [engine:junit-jupiter]/[class:pilesimple.test.PileIntTest]/[test-template:testEqualsObject(pilesimple.PileInt, java.lang.Object)]/[test-template-invocation:#196]
display-name: [196] PileInt(6/10):[637862618 -1510457637 2016118339 -24306896 1280740200 0 ], PileInt(2/7):[-1274647728 1596499529 ]
]]></system-out>
</testcase>
<testcase name="testEqualsObject(PileInt, Object)[197]" classname="pilesimple.test.PileIntTest" time="0">
<system-out><![CDATA[
unique-id: [engine:junit-jupiter]/[class:pilesimple.test.PileIntTest]/[test-template:testEqualsObject(pilesimple.PileInt, java.lang.Object)]/[test-template-invocation:#197]
display-name: [197] PileInt(6/10):[637862618 -1510457637 2016118339 -24306896 1280740200 0 ], PileInt(0/16):[]
]]></system-out>
</testcase>
<testcase name="testEqualsObject(PileInt, Object)[198]" classname="pilesimple.test.PileIntTest" time="0">
<system-out><![CDATA[
unique-id: [engine:junit-jupiter]/[class:pilesimple.test.PileIntTest]/[test-template:testEqualsObject(pilesimple.PileInt, java.lang.Object)]/[test-template-invocation:#198]
display-name: [198] PileInt(6/10):[637862618 -1510457637 2016118339 -24306896 1280740200 0 ], PileInt(10/25):[-177297065 -317067174 1538678292 1459401015 764171947 -791717276 -1475135243 1373362923 104936572 1838652771 ]
]]></system-out>
</testcase>
<testcase name="testEqualsObject(PileInt, Object)[199]" classname="pilesimple.test.PileIntTest" time="0">
<system-out><![CDATA[
unique-id: [engine:junit-jupiter]/[class:pilesimple.test.PileIntTest]/[test-template:testEqualsObject(pilesimple.PileInt, java.lang.Object)]/[test-template-invocation:#199]
display-name: [199] PileInt(6/10):[637862618 -1510457637 2016118339 -24306896 1280740200 0 ], PileInt(3/4):[-810202728 -2036874149 0 ]
]]></system-out>
</testcase>
<testcase name="testEqualsObject(PileInt, Object)[200]" classname="pilesimple.test.PileIntTest" time="0">
<system-out><![CDATA[
unique-id: [engine:junit-jupiter]/[class:pilesimple.test.PileIntTest]/[test-template:testEqualsObject(pilesimple.PileInt, java.lang.Object)]/[test-template-invocation:#200]
display-name: [200] PileInt(6/10):[637862618 -1510457637 2016118339 -24306896 1280740200 0 ], PileInt(3/5):[-234217948 -2036859372 0 ]
]]></system-out>
</testcase>
<testcase name="testEqualsObject(PileInt, Object)[201]" classname="pilesimple.test.PileIntTest" time="0">
<system-out><![CDATA[
unique-id: [engine:junit-jupiter]/[class:pilesimple.test.PileIntTest]/[test-template:testEqualsObject(pilesimple.PileInt, java.lang.Object)]/[test-template-invocation:#201]
display-name: [201] PileInt(2/15):[-374846588 1048478229 ], null
]]></system-out>
</testcase>
<testcase name="testEqualsObject(PileInt, Object)[202]" classname="pilesimple.test.PileIntTest" time="0">
<system-out><![CDATA[
unique-id: [engine:junit-jupiter]/[class:pilesimple.test.PileIntTest]/[test-template:testEqualsObject(pilesimple.PileInt, java.lang.Object)]/[test-template-invocation:#202]
display-name: [202] PileInt(2/15):[-374846588 1048478229 ], 
]]></system-out>
</testcase>
<testcase name="testEqualsObject(PileInt, Object)[203]" classname="pilesimple.test.PileIntTest" time="0">
<system-out><![CDATA[
unique-id: [engine:junit-jupiter]/[class:pilesimple.test.PileIntTest]/[test-template:testEqualsObject(pilesimple.PileInt, java.lang.Object)]/[test-template-invocation:#203]
display-name: [203] PileInt(2/15):[-374846588 1048478229 ], abc
]]></system-out>
</testcase>
<testcase name="testEqualsObject(PileInt, Object)[204]" classname="pilesimple.test.PileIntTest" time="0">
<system-out><![CDATA[
unique-id: [engine:junit-jupiter]/[class:pilesimple.test.PileIntTest]/[test-template:testEqualsObject(pilesimple.PileInt, java.lang.Object)]/[test-template-invocation:#204]
display-name: [204] PileInt(2/15):[-374846588 1048478229 ], Abjh45
]]></system-out>
</testcase>
<testcase name="testEqualsObject(PileInt, Object)[205]" classname="pilesimple.test.PileIntTest" time="0">
<system-out><![CDATA[
unique-id: [engine:junit-jupiter]/[class:pilesimple.test.PileIntTest]/[test-template:testEqualsObject(pilesimple.PileInt, java.lang.Object)]/[test-template-invocation:#205]
display-name: [205] PileInt(2/15):[-374846588 1048478229 ], ch1
]]></system-out>
</testcase>
<testcase name="testEqualsObject(PileInt, Object)[206]" classname="pilesimple.test.PileIntTest" time="0">
<system-out><![CDATA[
unique-id: [engine:junit-jupiter]/[class:pilesimple.test.PileIntTest]/[test-template:testEqualsObject(pilesimple.PileInt, java.lang.Object)]/[test-template-invocation:#206]
display-name: [206] PileInt(2/15):[-374846588 1048478229 ], 5662
]]></system-out>
</testcase>
<testcase name="testEqualsObject(PileInt, Object)[207]" classname="pilesimple.test.PileIntTest" time="0">
<system-out><![CDATA[
unique-id: [engine:junit-jupiter]/[class:pilesimple.test.PileIntTest]/[test-template:testEqualsObject(pilesimple.PileInt, java.lang.Object)]/[test-template-invocation:#207]
display-name: [207] PileInt(2/15):[-374846588 1048478229 ], ch2
]]></system-out>
</testcase>
<testcase name="testEqualsObject(PileInt, Object)[208]" classname="pilesimple.test.PileIntTest" time="0">
<system-out><![CDATA[
unique-id: [engine:junit-jupiter]/[class:pilesimple.test.PileIntTest]/[test-template:testEqualsObject(pilesimple.PileInt, java.lang.Object)]/[test-template-invocation:#208]
display-name: [208] PileInt(2/15):[-374846588 1048478229 ], ch3
]]></system-out>
</testcase>
<testcase name="testEqualsObject(PileInt, Object)[209]" classname="pilesimple.test.PileIntTest" time="0">
<system-out><![CDATA[
unique-id: [engine:junit-jupiter]/[class:pilesimple.test.PileIntTest]/[test-template:testEqualsObject(pilesimple.PileInt, java.lang.Object)]/[test-template-invocation:#209]
display-name: [209] PileInt(2/15):[-374846588 1048478229 ], ch4
]]></system-out>
</testcase>
<testcase name="testEqualsObject(PileInt, Object)[210]" classname="pilesimple.test.PileIntTest" time="0">
<system-out><![CDATA[
unique-id: [engine:junit-jupiter]/[class:pilesimple.test.PileIntTest]/[test-template:testEqualsObject(pilesimple.PileInt, java.lang.Object)]/[test-template-invocation:#210]
display-name: [210] PileInt(2/15):[-374846588 1048478229 ], ch5
]]></system-out>
</testcase>
<testcase name="testEqualsObject(PileInt, Object)[211]" classname="pilesimple.test.PileIntTest" time="0">
<system-out><![CDATA[
unique-id: [engine:junit-jupiter]/[class:pilesimple.test.PileIntTest]/[test-template:testEqualsObject(pilesimple.PileInt, java.lang.Object)]/[test-template-invocation:#211]
display-name: [211] PileInt(2/15):[-374846588 1048478229 ], chaine6
]]></system-out>
</testcase>
<testcase name="testEqualsObject(PileInt, Object)[212]" classname="pilesimple.test.PileIntTest" time="0">
<system-out><![CDATA[
unique-id: [engine:junit-jupiter]/[class:pilesimple.test.PileIntTest]/[test-template:testEqualsObject(pilesimple.PileInt, java.lang.Object)]/[test-template-invocation:#212]
display-name: [212] PileInt(2/15):[-374846588 1048478229 ], chaine7
]]></system-out>
</testcase>
<testcase name="testEqualsObject(PileInt, Object)[213]" classname="pilesimple.test.PileIntTest" time="0">
<system-out><![CDATA[
unique-id: [engine:junit-jupiter]/[class:pilesimple.test.PileIntTest]/[test-template:testEqualsObject(pilesimple.PileInt, java.lang.Object)]/[test-template-invocation:#213]
display-name: [213] PileInt(2/15):[-374846588 1048478229 ], chaine8
]]></system-out>
</testcase>
<testcase name="testEqualsObject(PileInt, Object)[214]" classname="pilesimple.test.PileIntTest" time="0">
<system-out><![CDATA[
unique-id: [engine:junit-jupiter]/[class:pilesimple.test.PileIntTest]/[test-template:testEqualsObject(pilesimple.PileInt, java.lang.Object)]/[test-template-invocation:#214]
display-name: [214] PileInt(2/15):[-374846588 1048478229 ], chaine10
]]></system-out>
</testcase>
<testcase name="testEqualsObject(PileInt, Object)[215]" classname="pilesimple.test.PileIntTest" time="0">
<system-out><![CDATA[
unique-id: [engine:junit-jupiter]/[class:pilesimple.test.PileIntTest]/[test-template:testEqualsObject(pilesimple.PileInt, java.lang.Object)]/[test-template-invocation:#215]
display-name: [215] PileInt(2/15):[-374846588 1048478229 ], chaine11
]]></system-out>
</testcase>
<testcase name="testEqualsObject(PileInt, Object)[216]" classname="pilesimple.test.PileIntTest" time="0">
<system-out><![CDATA[
unique-id: [engine:junit-jupiter]/[class:pilesimple.test.PileIntTest]/[test-template:testEqualsObject(pilesimple.PileInt, java.lang.Object)]/[test-template-invocation:#216]
display-name: [216] PileInt(2/15):[-374846588 1048478229 ], chaine12
]]></system-out>
</testcase>
<testcase name="testEqualsObject(PileInt, Object)[217]" classname="pilesimple.test.PileIntTest" time="0">
<system-out><![CDATA[
unique-id: [engine:junit-jupiter]/[class:pilesimple.test.PileIntTest]/[test-template:testEqualsObject(pilesimple.PileInt, java.lang.Object)]/[test-template-invocation:#217]
display-name: [217] PileInt(2/15):[-374846588 1048478229 ], null
]]></system-out>
</testcase>
<testcase name="testEqualsObject(PileInt, Object)[218]" classname="pilesimple.test.PileIntTest" time="0">
<system-out><![CDATA[
unique-id: [engine:junit-jupiter]/[class:pilesimple.test.PileIntTest]/[test-template:testEqualsObject(pilesimple.PileInt, java.lang.Object)]/[test-template-invocation:#218]
display-name: [218] PileInt(2/15):[-374846588 1048478229 ], java.lang.Object@6bf0219d
]]></system-out>
</testcase>
<testcase name="testEqualsObject(PileInt, Object)[219]" classname="pilesimple.test.PileIntTest" time="0">
<system-out><![CDATA[
unique-id: [engine:junit-jupiter]/[class:pilesimple.test.PileIntTest]/[test-template:testEqualsObject(pilesimple.PileInt, java.lang.Object)]/[test-template-invocation:#219]
display-name: [219] PileInt(2/15):[-374846588 1048478229 ], abc
]]></system-out>
</testcase>
<testcase name="testEqualsObject(PileInt, Object)[220]" classname="pilesimple.test.PileIntTest" time="0">
<system-out><![CDATA[
unique-id: [engine:junit-jupiter]/[class:pilesimple.test.PileIntTest]/[test-template:testEqualsObject(pilesimple.PileInt, java.lang.Object)]/[test-template-invocation:#220]
display-name: [220] PileInt(2/15):[-374846588 1048478229 ], 1
]]></system-out>
</testcase>
<testcase name="testEqualsObject(PileInt, Object)[221]" classname="pilesimple.test.PileIntTest" time="0">
<system-out><![CDATA[
unique-id: [engine:junit-jupiter]/[class:pilesimple.test.PileIntTest]/[test-template:testEqualsObject(pilesimple.PileInt, java.lang.Object)]/[test-template-invocation:#221]
display-name: [221] PileInt(2/15):[-374846588 1048478229 ], PileInt(2/4):[338894473 -8872316 ]
]]></system-out>
</testcase>
<testcase name="testEqualsObject(PileInt, Object)[222]" classname="pilesimple.test.PileIntTest" time="0">
<system-out><![CDATA[
unique-id: [engine:junit-jupiter]/[class:pilesimple.test.PileIntTest]/[test-template:testEqualsObject(pilesimple.PileInt, java.lang.Object)]/[test-template-invocation:#222]
display-name: [222] PileInt(2/15):[-374846588 1048478229 ], PileInt(4/10):[406853085 94227386 0 0 ]
]]></system-out>
</testcase>
<testcase name="testEqualsObject(PileInt, Object)[223]" classname="pilesimple.test.PileIntTest" time="0">
<system-out><![CDATA[
unique-id: [engine:junit-jupiter]/[class:pilesimple.test.PileIntTest]/[test-template:testEqualsObject(pilesimple.PileInt, java.lang.Object)]/[test-template-invocation:#223]
display-name: [223] PileInt(2/15):[-374846588 1048478229 ], PileInt(6/21):[829174856 -560540630 1017069059 -1738412859 300209628 -188841458 ]
]]></system-out>
</testcase>
<testcase name="testEqualsObject(PileInt, Object)[224]" classname="pilesimple.test.PileIntTest" time="0">
<system-out><![CDATA[
unique-id: [engine:junit-jupiter]/[class:pilesimple.test.PileIntTest]/[test-template:testEqualsObject(pilesimple.PileInt, java.lang.Object)]/[test-template-invocation:#224]
display-name: [224] PileInt(2/15):[-374846588 1048478229 ], PileInt(7/24):[-1489436760 -263993310 1290897763 1717230542 -2064902060 0 0 ]
]]></system-out>
</testcase>
<testcase name="testEqualsObject(PileInt, Object)[225]" classname="pilesimple.test.PileIntTest" time="0">
<system-out><![CDATA[
unique-id: [engine:junit-jupiter]/[class:pilesimple.test.PileIntTest]/[test-template:testEqualsObject(pilesimple.PileInt, java.lang.Object)]/[test-template-invocation:#225]
display-name: [225] PileInt(2/15):[-374846588 1048478229 ], PileInt(8/10):[637862618 -1510457637 2016118339 -24306896 1280740200 0 0 0 ]
]]></system-out>
</testcase>
<testcase name="testEqualsObject(PileInt, Object)[226]" classname="pilesimple.test.PileIntTest" time="0">
<system-out><![CDATA[
unique-id: [engine:junit-jupiter]/[class:pilesimple.test.PileIntTest]/[test-template:testEqualsObject(pilesimple.PileInt, java.lang.Object)]/[test-template-invocation:#226]
display-name: [226] PileInt(2/15):[-374846588 1048478229 ], PileInt(8/15):[-374846588 1048478229 -920801997 -771279764 -1267021193 0 0 0 ]
]]></system-out>
</testcase>
<testcase name="testEqualsObject(PileInt, Object)[227]" classname="pilesimple.test.PileIntTest" time="0">
<system-out><![CDATA[
unique-id: [engine:junit-jupiter]/[class:pilesimple.test.PileIntTest]/[test-template:testEqualsObject(pilesimple.PileInt, java.lang.Object)]/[test-template-invocation:#227]
display-name: [227] PileInt(2/15):[-374846588 1048478229 ], PileInt(12/20):[1428472226 -637821803 -706447001 1150321620 864544919 0 0 0 0 0 0 0 ]
]]></system-out>
</testcase>
<testcase name="testEqualsObject(PileInt, Object)[228]" classname="pilesimple.test.PileIntTest" time="0">
<system-out><![CDATA[
unique-id: [engine:junit-jupiter]/[class:pilesimple.test.PileIntTest]/[test-template:testEqualsObject(pilesimple.PileInt, java.lang.Object)]/[test-template-invocation:#228]
display-name: [228] PileInt(2/15):[-374846588 1048478229 ], PileInt(0/28):[]
]]></system-out>
</testcase>
<testcase name="testEqualsObject(PileInt, Object)[229]" classname="pilesimple.test.PileIntTest" time="0">
<system-out><![CDATA[
unique-id: [engine:junit-jupiter]/[class:pilesimple.test.PileIntTest]/[test-template:testEqualsObject(pilesimple.PileInt, java.lang.Object)]/[test-template-invocation:#229]
display-name: [229] PileInt(2/15):[-374846588 1048478229 ], PileInt(0/6):[]
]]></system-out>
</testcase>
<testcase name="testEqualsObject(PileInt, Object)[230]" classname="pilesimple.test.PileIntTest" time="0">
<system-out><![CDATA[
unique-id: [engine:junit-jupiter]/[class:pilesimple.test.PileIntTest]/[test-template:testEqualsObject(pilesimple.PileInt, java.lang.Object)]/[test-template-invocation:#230]
display-name: [230] PileInt(2/15):[-374846588 1048478229 ], PileInt(13/25):[-705429044 -1165162668 1915516414 1792785474 -1102370681 0 0 0 0 0 0 0 0 ]
]]></system-out>
</testcase>
<testcase name="testEqualsObject(PileInt, Object)[231]" classname="pilesimple.test.PileIntTest" time="0">
<system-out><![CDATA[
unique-id: [engine:junit-jupiter]/[class:pilesimple.test.PileIntTest]/[test-template:testEqualsObject(pilesimple.PileInt, java.lang.Object)]/[test-template-invocation:#231]
display-name: [231] PileInt(2/15):[-374846588 1048478229 ], PileInt(3/8):[1210489329 -1943355528 2110550009 ]
]]></system-out>
</testcase>
<testcase name="testEqualsObject(PileInt, Object)[232]" classname="pilesimple.test.PileIntTest" time="0">
<system-out><![CDATA[
unique-id: [engine:junit-jupiter]/[class:pilesimple.test.PileIntTest]/[test-template:testEqualsObject(pilesimple.PileInt, java.lang.Object)]/[test-template-invocation:#232]
display-name: [232] PileInt(2/15):[-374846588 1048478229 ], PileInt(9/25):[1076106784 1001106160 0 0 0 0 0 0 0 ]
]]></system-out>
</testcase>
<testcase name="testEqualsObject(PileInt, Object)[233]" classname="pilesimple.test.PileIntTest" time="0">
<system-out><![CDATA[
unique-id: [engine:junit-jupiter]/[class:pilesimple.test.PileIntTest]/[test-template:testEqualsObject(pilesimple.PileInt, java.lang.Object)]/[test-template-invocation:#233]
display-name: [233] PileInt(2/15):[-374846588 1048478229 ], PileInt(19/20):[-1948372490 1175265028 1509228326 982841218 -113535506 -1095093150 388532020 -1696138086 -1404296367 949094180 1074419298 1053087988 -1152583802 826453230 -990184886 0 0 0 0 ]
]]></system-out>
</testcase>
<testcase name="testEqualsObject(PileInt, Object)[234]" classname="pilesimple.test.PileIntTest" time="0">
<system-out><![CDATA[
unique-id: [engine:junit-jupiter]/[class:pilesimple.test.PileIntTest]/[test-template:testEqualsObject(pilesimple.PileInt, java.lang.Object)]/[test-template-invocation:#234]
display-name: [234] PileInt(2/15):[-374846588 1048478229 ], PileInt(0/1):[]
]]></system-out>
</testcase>
<testcase name="testEqualsObject(PileInt, Object)[235]" classname="pilesimple.test.PileIntTest" time="0">
<system-out><![CDATA[
unique-id: [engine:junit-jupiter]/[class:pilesimple.test.PileIntTest]/[test-template:testEqualsObject(pilesimple.PileInt, java.lang.Object)]/[test-template-invocation:#235]
display-name: [235] PileInt(2/15):[-374846588 1048478229 ], PileInt(1/13):[-684180429 ]
]]></system-out>
</testcase>
<testcase name="testEqualsObject(PileInt, Object)[236]" classname="pilesimple.test.PileIntTest" time="0">
<system-out><![CDATA[
unique-id: [engine:junit-jupiter]/[class:pilesimple.test.PileIntTest]/[test-template:testEqualsObject(pilesimple.PileInt, java.lang.Object)]/[test-template-invocation:#236]
display-name: [236] PileInt(2/15):[-374846588 1048478229 ], PileInt(2/7):[-1274647728 1596499529 ]
]]></system-out>
</testcase>
<testcase name="testEqualsObject(PileInt, Object)[237]" classname="pilesimple.test.PileIntTest" time="0">
<system-out><![CDATA[
unique-id: [engine:junit-jupiter]/[class:pilesimple.test.PileIntTest]/[test-template:testEqualsObject(pilesimple.PileInt, java.lang.Object)]/[test-template-invocation:#237]
display-name: [237] PileInt(2/15):[-374846588 1048478229 ], PileInt(8/16):[1362992196 -2080071938 1590300961 -1725722911 682324868 -1338224590 880401299 -2081234295 ]
]]></system-out>
</testcase>
<testcase name="testEqualsObject(PileInt, Object)[238]" classname="pilesimple.test.PileIntTest" time="0">
<system-out><![CDATA[
unique-id: [engine:junit-jupiter]/[class:pilesimple.test.PileIntTest]/[test-template:testEqualsObject(pilesimple.PileInt, java.lang.Object)]/[test-template-invocation:#238]
display-name: [238] PileInt(2/15):[-374846588 1048478229 ], PileInt(6/25):[-177297065 -317067174 1538678292 1459401015 764171947 -791717276 ]
]]></system-out>
</testcase>
<testcase name="testEqualsObject(PileInt, Object)[239]" classname="pilesimple.test.PileIntTest" time="0">
<system-out><![CDATA[
unique-id: [engine:junit-jupiter]/[class:pilesimple.test.PileIntTest]/[test-template:testEqualsObject(pilesimple.PileInt, java.lang.Object)]/[test-template-invocation:#239]
display-name: [239] PileInt(2/15):[-374846588 1048478229 ], PileInt(3/4):[-810202728 -2036874149 0 ]
]]></system-out>
</testcase>
<testcase name="testEqualsObject(PileInt, Object)[240]" classname="pilesimple.test.PileIntTest" time="0">
<system-out><![CDATA[
unique-id: [engine:junit-jupiter]/[class:pilesimple.test.PileIntTest]/[test-template:testEqualsObject(pilesimple.PileInt, java.lang.Object)]/[test-template-invocation:#240]
display-name: [240] PileInt(2/15):[-374846588 1048478229 ], PileInt(0/5):[]
]]></system-out>
</testcase>
<testcase name="testEqualsObject(PileInt, Object)[241]" classname="pilesimple.test.PileIntTest" time="0">
<system-out><![CDATA[
unique-id: [engine:junit-jupiter]/[class:pilesimple.test.PileIntTest]/[test-template:testEqualsObject(pilesimple.PileInt, java.lang.Object)]/[test-template-invocation:#241]
display-name: [241] PileInt(9/20):[1428472226 -637821803 -706447001 1150321620 864544919 0 0 0 0 ], null
]]></system-out>
</testcase>
<testcase name="testEqualsObject(PileInt, Object)[242]" classname="pilesimple.test.PileIntTest" time="0">
<system-out><![CDATA[
unique-id: [engine:junit-jupiter]/[class:pilesimple.test.PileIntTest]/[test-template:testEqualsObject(pilesimple.PileInt, java.lang.Object)]/[test-template-invocation:#242]
display-name: [242] PileInt(9/20):[1428472226 -637821803 -706447001 1150321620 864544919 0 0 0 0 ], 
]]></system-out>
</testcase>
<testcase name="testEqualsObject(PileInt, Object)[243]" classname="pilesimple.test.PileIntTest" time="0">
<system-out><![CDATA[
unique-id: [engine:junit-jupiter]/[class:pilesimple.test.PileIntTest]/[test-template:testEqualsObject(pilesimple.PileInt, java.lang.Object)]/[test-template-invocation:#243]
display-name: [243] PileInt(9/20):[1428472226 -637821803 -706447001 1150321620 864544919 0 0 0 0 ], abc
]]></system-out>
</testcase>
<testcase name="testEqualsObject(PileInt, Object)[244]" classname="pilesimple.test.PileIntTest" time="0">
<system-out><![CDATA[
unique-id: [engine:junit-jupiter]/[class:pilesimple.test.PileIntTest]/[test-template:testEqualsObject(pilesimple.PileInt, java.lang.Object)]/[test-template-invocation:#244]
display-name: [244] PileInt(9/20):[1428472226 -637821803 -706447001 1150321620 864544919 0 0 0 0 ], Abjh45
]]></system-out>
</testcase>
<testcase name="testEqualsObject(PileInt, Object)[245]" classname="pilesimple.test.PileIntTest" time="0">
<system-out><![CDATA[
unique-id: [engine:junit-jupiter]/[class:pilesimple.test.PileIntTest]/[test-template:testEqualsObject(pilesimple.PileInt, java.lang.Object)]/[test-template-invocation:#245]
display-name: [245] PileInt(9/20):[1428472226 -637821803 -706447001 1150321620 864544919 0 0 0 0 ], ch1
]]></system-out>
</testcase>
<testcase name="testEqualsObject(PileInt, Object)[246]" classname="pilesimple.test.PileIntTest" time="0">
<system-out><![CDATA[
unique-id: [engine:junit-jupiter]/[class:pilesimple.test.PileIntTest]/[test-template:testEqualsObject(pilesimple.PileInt, java.lang.Object)]/[test-template-invocation:#246]
display-name: [246] PileInt(9/20):[1428472226 -637821803 -706447001 1150321620 864544919 0 0 0 0 ], 5662
]]></system-out>
</testcase>
<testcase name="testEqualsObject(PileInt, Object)[247]" classname="pilesimple.test.PileIntTest" time="0">
<system-out><![CDATA[
unique-id: [engine:junit-jupiter]/[class:pilesimple.test.PileIntTest]/[test-template:testEqualsObject(pilesimple.PileInt, java.lang.Object)]/[test-template-invocation:#247]
display-name: [247] PileInt(9/20):[1428472226 -637821803 -706447001 1150321620 864544919 0 0 0 0 ], ch2
]]></system-out>
</testcase>
<testcase name="testEqualsObject(PileInt, Object)[248]" classname="pilesimple.test.PileIntTest" time="0">
<system-out><![CDATA[
unique-id: [engine:junit-jupiter]/[class:pilesimple.test.PileIntTest]/[test-template:testEqualsObject(pilesimple.PileInt, java.lang.Object)]/[test-template-invocation:#248]
display-name: [248] PileInt(9/20):[1428472226 -637821803 -706447001 1150321620 864544919 0 0 0 0 ], ch3
]]></system-out>
</testcase>
<testcase name="testEqualsObject(PileInt, Object)[249]" classname="pilesimple.test.PileIntTest" time="0">
<system-out><![CDATA[
unique-id: [engine:junit-jupiter]/[class:pilesimple.test.PileIntTest]/[test-template:testEqualsObject(pilesimple.PileInt, java.lang.Object)]/[test-template-invocation:#249]
display-name: [249] PileInt(9/20):[1428472226 -637821803 -706447001 1150321620 864544919 0 0 0 0 ], ch4
]]></system-out>
</testcase>
<testcase name="testEqualsObject(PileInt, Object)[250]" classname="pilesimple.test.PileIntTest" time="0">
<system-out><![CDATA[
unique-id: [engine:junit-jupiter]/[class:pilesimple.test.PileIntTest]/[test-template:testEqualsObject(pilesimple.PileInt, java.lang.Object)]/[test-template-invocation:#250]
display-name: [250] PileInt(9/20):[1428472226 -637821803 -706447001 1150321620 864544919 0 0 0 0 ], ch5
]]></system-out>
</testcase>
<testcase name="testEqualsObject(PileInt, Object)[251]" classname="pilesimple.test.PileIntTest" time="0">
<system-out><![CDATA[
unique-id: [engine:junit-jupiter]/[class:pilesimple.test.PileIntTest]/[test-template:testEqualsObject(pilesimple.PileInt, java.lang.Object)]/[test-template-invocation:#251]
display-name: [251] PileInt(9/20):[1428472226 -637821803 -706447001 1150321620 864544919 0 0 0 0 ], chaine6
]]></system-out>
</testcase>
<testcase name="testEqualsObject(PileInt, Object)[252]" classname="pilesimple.test.PileIntTest" time="0">
<system-out><![CDATA[
unique-id: [engine:junit-jupiter]/[class:pilesimple.test.PileIntTest]/[test-template:testEqualsObject(pilesimple.PileInt, java.lang.Object)]/[test-template-invocation:#252]
display-name: [252] PileInt(9/20):[1428472226 -637821803 -706447001 1150321620 864544919 0 0 0 0 ], chaine7
]]></system-out>
</testcase>
<testcase name="testEqualsObject(PileInt, Object)[253]" classname="pilesimple.test.PileIntTest" time="0">
<system-out><![CDATA[
unique-id: [engine:junit-jupiter]/[class:pilesimple.test.PileIntTest]/[test-template:testEqualsObject(pilesimple.PileInt, java.lang.Object)]/[test-template-invocation:#253]
display-name: [253] PileInt(9/20):[1428472226 -637821803 -706447001 1150321620 864544919 0 0 0 0 ], chaine8
]]></system-out>
</testcase>
<testcase name="testEqualsObject(PileInt, Object)[254]" classname="pilesimple.test.PileIntTest" time="0">
<system-out><![CDATA[
unique-id: [engine:junit-jupiter]/[class:pilesimple.test.PileIntTest]/[test-template:testEqualsObject(pilesimple.PileInt, java.lang.Object)]/[test-template-invocation:#254]
display-name: [254] PileInt(9/20):[1428472226 -637821803 -706447001 1150321620 864544919 0 0 0 0 ], chaine10
]]></system-out>
</testcase>
<testcase name="testEqualsObject(PileInt, Object)[255]" classname="pilesimple.test.PileIntTest" time="0">
<system-out><![CDATA[
unique-id: [engine:junit-jupiter]/[class:pilesimple.test.PileIntTest]/[test-template:testEqualsObject(pilesimple.PileInt, java.lang.Object)]/[test-template-invocation:#255]
display-name: [255] PileInt(9/20):[1428472226 -637821803 -706447001 1150321620 864544919 0 0 0 0 ], chaine11
]]></system-out>
</testcase>
<testcase name="testEqualsObject(PileInt, Object)[256]" classname="pilesimple.test.PileIntTest" time="0">
<system-out><![CDATA[
unique-id: [engine:junit-jupiter]/[class:pilesimple.test.PileIntTest]/[test-template:testEqualsObject(pilesimple.PileInt, java.lang.Object)]/[test-template-invocation:#256]
display-name: [256] PileInt(9/20):[1428472226 -637821803 -706447001 1150321620 864544919 0 0 0 0 ], chaine12
]]></system-out>
</testcase>
<testcase name="testEqualsObject(PileInt, Object)[257]" classname="pilesimple.test.PileIntTest" time="0">
<system-out><![CDATA[
unique-id: [engine:junit-jupiter]/[class:pilesimple.test.PileIntTest]/[test-template:testEqualsObject(pilesimple.PileInt, java.lang.Object)]/[test-template-invocation:#257]
display-name: [257] PileInt(9/20):[1428472226 -637821803 -706447001 1150321620 864544919 0 0 0 0 ], null
]]></system-out>
</testcase>
<testcase name="testEqualsObject(PileInt, Object)[258]" classname="pilesimple.test.PileIntTest" time="0">
<system-out><![CDATA[
unique-id: [engine:junit-jupiter]/[class:pilesimple.test.PileIntTest]/[test-template:testEqualsObject(pilesimple.PileInt, java.lang.Object)]/[test-template-invocation:#258]
display-name: [258] PileInt(9/20):[1428472226 -637821803 -706447001 1150321620 864544919 0 0 0 0 ], java.lang.Object@6bf0219d
]]></system-out>
</testcase>
<testcase name="testEqualsObject(PileInt, Object)[259]" classname="pilesimple.test.PileIntTest" time="0">
<system-out><![CDATA[
unique-id: [engine:junit-jupiter]/[class:pilesimple.test.PileIntTest]/[test-template:testEqualsObject(pilesimple.PileInt, java.lang.Object)]/[test-template-invocation:#259]
display-name: [259] PileInt(9/20):[1428472226 -637821803 -706447001 1150321620 864544919 0 0 0 0 ], abc
]]></system-out>
</testcase>
<testcase name="testEqualsObject(PileInt, Object)[260]" classname="pilesimple.test.PileIntTest" time="0">
<system-out><![CDATA[
unique-id: [engine:junit-jupiter]/[class:pilesimple.test.PileIntTest]/[test-template:testEqualsObject(pilesimple.PileInt, java.lang.Object)]/[test-template-invocation:#260]
display-name: [260] PileInt(9/20):[1428472226 -637821803 -706447001 1150321620 864544919 0 0 0 0 ], 1
]]></system-out>
</testcase>
<testcase name="testEqualsObject(PileInt, Object)[261]" classname="pilesimple.test.PileIntTest" time="0">
<system-out><![CDATA[
unique-id: [engine:junit-jupiter]/[class:pilesimple.test.PileIntTest]/[test-template:testEqualsObject(pilesimple.PileInt, java.lang.Object)]/[test-template-invocation:#261]
display-name: [261] PileInt(9/20):[1428472226 -637821803 -706447001 1150321620 864544919 0 0 0 0 ], PileInt(3/4):[338894473 -8872316 -194658560 ]
]]></system-out>
</testcase>
<testcase name="testEqualsObject(PileInt, Object)[262]" classname="pilesimple.test.PileIntTest" time="0">
<system-out><![CDATA[
unique-id: [engine:junit-jupiter]/[class:pilesimple.test.PileIntTest]/[test-template:testEqualsObject(pilesimple.PileInt, java.lang.Object)]/[test-template-invocation:#262]
display-name: [262] PileInt(9/20):[1428472226 -637821803 -706447001 1150321620 864544919 0 0 0 0 ], PileInt(3/10):[406853085 94227386 0 ]
]]></system-out>
</testcase>
<testcase name="testEqualsObject(PileInt, Object)[263]" classname="pilesimple.test.PileIntTest" time="0">
<system-out><![CDATA[
unique-id: [engine:junit-jupiter]/[class:pilesimple.test.PileIntTest]/[test-template:testEqualsObject(pilesimple.PileInt, java.lang.Object)]/[test-template-invocation:#263]
display-name: [263] PileInt(9/20):[1428472226 -637821803 -706447001 1150321620 864544919 0 0 0 0 ], PileInt(17/21):[829174856 -560540630 1017069059 -1738412859 300209628 -188841458 -1827026023 -1500709070 -816936810 858109280 -776814606 -2070802362 -136406843 1897636588 0 0 0 ]
]]></system-out>
</testcase>
<testcase name="testEqualsObject(PileInt, Object)[264]" classname="pilesimple.test.PileIntTest" time="0">
<system-out><![CDATA[
unique-id: [engine:junit-jupiter]/[class:pilesimple.test.PileIntTest]/[test-template:testEqualsObject(pilesimple.PileInt, java.lang.Object)]/[test-template-invocation:#264]
display-name: [264] PileInt(9/20):[1428472226 -637821803 -706447001 1150321620 864544919 0 0 0 0 ], PileInt(20/24):[-1489436760 -263993310 1290897763 1717230542 -2064902060 0 0 0 0 0 0 0 0 0 0 0 0 0 0 0 ]
]]></system-out>
</testcase>
<testcase name="testEqualsObject(PileInt, Object)[265]" classname="pilesimple.test.PileIntTest" time="0">
<system-out><![CDATA[
unique-id: [engine:junit-jupiter]/[class:pilesimple.test.PileIntTest]/[test-template:testEqualsObject(pilesimple.PileInt, java.lang.Object)]/[test-template-invocation:#265]
display-name: [265] PileInt(9/20):[1428472226 -637821803 -706447001 1150321620 864544919 0 0 0 0 ], PileInt(6/10):[637862618 -1510457637 2016118339 -24306896 1280740200 0 ]
]]></system-out>
</testcase>
<testcase name="testEqualsObject(PileInt, Object)[266]" classname="pilesimple.test.PileIntTest" time="0">
<system-out><![CDATA[
unique-id: [engine:junit-jupiter]/[class:pilesimple.test.PileIntTest]/[test-template:testEqualsObject(pilesimple.PileInt, java.lang.Object)]/[test-template-invocation:#266]
display-name: [266] PileInt(9/20):[1428472226 -637821803 -706447001 1150321620 864544919 0 0 0 0 ], PileInt(14/15):[-374846588 1048478229 -920801997 -771279764 -1267021193 0 0 0 0 0 0 0 0 0 ]
]]></system-out>
</testcase>
<testcase name="testEqualsObject(PileInt, Object)[267]" classname="pilesimple.test.PileIntTest" time="0">
<system-out><![CDATA[
unique-id: [engine:junit-jupiter]/[class:pilesimple.test.PileIntTest]/[test-template:testEqualsObject(pilesimple.PileInt, java.lang.Object)]/[test-template-invocation:#267]
display-name: [267] PileInt(9/20):[1428472226 -637821803 -706447001 1150321620 864544919 0 0 0 0 ], PileInt(0/20):[]
]]></system-out>
</testcase>
<testcase name="testEqualsObject(PileInt, Object)[268]" classname="pilesimple.test.PileIntTest" time="0">
<system-out><![CDATA[
unique-id: [engine:junit-jupiter]/[class:pilesimple.test.PileIntTest]/[test-template:testEqualsObject(pilesimple.PileInt, java.lang.Object)]/[test-template-invocation:#268]
display-name: [268] PileInt(9/20):[1428472226 -637821803 -706447001 1150321620 864544919 0 0 0 0 ], PileInt(16/28):[703876638 393883502 -735980280 1592594415 1442868874 0 0 0 0 0 0 0 0 0 0 0 ]
]]></system-out>
</testcase>
<testcase name="testEqualsObject(PileInt, Object)[269]" classname="pilesimple.test.PileIntTest" time="0">
<system-out><![CDATA[
unique-id: [engine:junit-jupiter]/[class:pilesimple.test.PileIntTest]/[test-template:testEqualsObject(pilesimple.PileInt, java.lang.Object)]/[test-template-invocation:#269]
display-name: [269] PileInt(9/20):[1428472226 -637821803 -706447001 1150321620 864544919 0 0 0 0 ], PileInt(3/6):[0 0 0 ]
]]></system-out>
</testcase>
<testcase name="testEqualsObject(PileInt, Object)[270]" classname="pilesimple.test.PileIntTest" time="0">
<system-out><![CDATA[
unique-id: [engine:junit-jupiter]/[class:pilesimple.test.PileIntTest]/[test-template:testEqualsObject(pilesimple.PileInt, java.lang.Object)]/[test-template-invocation:#270]
display-name: [270] PileInt(9/20):[1428472226 -637821803 -706447001 1150321620 864544919 0 0 0 0 ], PileInt(10/25):[-705429044 -1165162668 1915516414 1792785474 -1102370681 0 0 0 0 0 ]
]]></system-out>
</testcase>
<testcase name="testEqualsObject(PileInt, Object)[271]" classname="pilesimple.test.PileIntTest" time="0">
<system-out><![CDATA[
unique-id: [engine:junit-jupiter]/[class:pilesimple.test.PileIntTest]/[test-template:testEqualsObject(pilesimple.PileInt, java.lang.Object)]/[test-template-invocation:#271]
display-name: [271] PileInt(9/20):[1428472226 -637821803 -706447001 1150321620 864544919 0 0 0 0 ], PileInt(0/8):[]
]]></system-out>
</testcase>
<testcase name="testEqualsObject(PileInt, Object)[272]" classname="pilesimple.test.PileIntTest" time="0">
<system-out><![CDATA[
unique-id: [engine:junit-jupiter]/[class:pilesimple.test.PileIntTest]/[test-template:testEqualsObject(pilesimple.PileInt, java.lang.Object)]/[test-template-invocation:#272]
display-name: [272] PileInt(9/20):[1428472226 -637821803 -706447001 1150321620 864544919 0 0 0 0 ], PileInt(14/25):[1076106784 1001106160 0 0 0 0 0 0 0 0 0 0 0 0 ]
]]></system-out>
</testcase>
<testcase name="testEqualsObject(PileInt, Object)[273]" classname="pilesimple.test.PileIntTest" time="0">
<system-out><![CDATA[
unique-id: [engine:junit-jupiter]/[class:pilesimple.test.PileIntTest]/[test-template:testEqualsObject(pilesimple.PileInt, java.lang.Object)]/[test-template-invocation:#273]
display-name: [273] PileInt(9/20):[1428472226 -637821803 -706447001 1150321620 864544919 0 0 0 0 ], PileInt(0/20):[]
]]></system-out>
</testcase>
<testcase name="testEqualsObject(PileInt, Object)[274]" classname="pilesimple.test.PileIntTest" time="0">
<system-out><![CDATA[
unique-id: [engine:junit-jupiter]/[class:pilesimple.test.PileIntTest]/[test-template:testEqualsObject(pilesimple.PileInt, java.lang.Object)]/[test-template-invocation:#274]
display-name: [274] PileInt(9/20):[1428472226 -637821803 -706447001 1150321620 864544919 0 0 0 0 ], PileInt(0/1):[]
]]></system-out>
</testcase>
<testcase name="testEqualsObject(PileInt, Object)[275]" classname="pilesimple.test.PileIntTest" time="0">
<system-out><![CDATA[
unique-id: [engine:junit-jupiter]/[class:pilesimple.test.PileIntTest]/[test-template:testEqualsObject(pilesimple.PileInt, java.lang.Object)]/[test-template-invocation:#275]
display-name: [275] PileInt(9/20):[1428472226 -637821803 -706447001 1150321620 864544919 0 0 0 0 ], PileInt(0/13):[]
]]></system-out>
</testcase>
<testcase name="testEqualsObject(PileInt, Object)[276]" classname="pilesimple.test.PileIntTest" time="0">
<system-out><![CDATA[
unique-id: [engine:junit-jupiter]/[class:pilesimple.test.PileIntTest]/[test-template:testEqualsObject(pilesimple.PileInt, java.lang.Object)]/[test-template-invocation:#276]
display-name: [276] PileInt(9/20):[1428472226 -637821803 -706447001 1150321620 864544919 0 0 0 0 ], PileInt(4/7):[-1274647728 1596499529 -463382582 0 ]
]]></system-out>
</testcase>
<testcase name="testEqualsObject(PileInt, Object)[277]" classname="pilesimple.test.PileIntTest" time="0">
<system-out><![CDATA[
unique-id: [engine:junit-jupiter]/[class:pilesimple.test.PileIntTest]/[test-template:testEqualsObject(pilesimple.PileInt, java.lang.Object)]/[test-template-invocation:#277]
display-name: [277] PileInt(9/20):[1428472226 -637821803 -706447001 1150321620 864544919 0 0 0 0 ], PileInt(4/16):[1362992196 -2080071938 1590300961 -1725722911 ]
]]></system-out>
</testcase>
<testcase name="testEqualsObject(PileInt, Object)[278]" classname="pilesimple.test.PileIntTest" time="0">
<system-out><![CDATA[
unique-id: [engine:junit-jupiter]/[class:pilesimple.test.PileIntTest]/[test-template:testEqualsObject(pilesimple.PileInt, java.lang.Object)]/[test-template-invocation:#278]
display-name: [278] PileInt(9/20):[1428472226 -637821803 -706447001 1150321620 864544919 0 0 0 0 ], PileInt(14/25):[-177297065 -317067174 1538678292 1459401015 764171947 -791717276 -1475135243 1373362923 104936572 1838652771 -10463901 -1839550882 1664723887 -799351692 ]
]]></system-out>
</testcase>
<testcase name="testEqualsObject(PileInt, Object)[279]" classname="pilesimple.test.PileIntTest" time="0">
<system-out><![CDATA[
unique-id: [engine:junit-jupiter]/[class:pilesimple.test.PileIntTest]/[test-template:testEqualsObject(pilesimple.PileInt, java.lang.Object)]/[test-template-invocation:#279]
display-name: [279] PileInt(9/20):[1428472226 -637821803 -706447001 1150321620 864544919 0 0 0 0 ], PileInt(3/4):[-810202728 -2036874149 0 ]
]]></system-out>
</testcase>
<testcase name="testEqualsObject(PileInt, Object)[280]" classname="pilesimple.test.PileIntTest" time="0">
<system-out><![CDATA[
unique-id: [engine:junit-jupiter]/[class:pilesimple.test.PileIntTest]/[test-template:testEqualsObject(pilesimple.PileInt, java.lang.Object)]/[test-template-invocation:#280]
display-name: [280] PileInt(9/20):[1428472226 -637821803 -706447001 1150321620 864544919 0 0 0 0 ], PileInt(3/5):[-234217948 -2036859372 0 ]
]]></system-out>
</testcase>
<testcase name="testEqualsObject(PileInt, Object)[281]" classname="pilesimple.test.PileIntTest" time="0">
<system-out><![CDATA[
unique-id: [engine:junit-jupiter]/[class:pilesimple.test.PileIntTest]/[test-template:testEqualsObject(pilesimple.PileInt, java.lang.Object)]/[test-template-invocation:#281]
display-name: [281] PileInt(13/28):[703876638 393883502 -735980280 1592594415 1442868874 0 0 0 0 0 0 0 0 ], null
]]></system-out>
</testcase>
<testcase name="testEqualsObject(PileInt, Object)[282]" classname="pilesimple.test.PileIntTest" time="0">
<system-out><![CDATA[
unique-id: [engine:junit-jupiter]/[class:pilesimple.test.PileIntTest]/[test-template:testEqualsObject(pilesimple.PileInt, java.lang.Object)]/[test-template-invocation:#282]
display-name: [282] PileInt(13/28):[703876638 393883502 -735980280 1592594415 1442868874 0 0 0 0 0 0 0 0 ], 
]]></system-out>
</testcase>
<testcase name="testEqualsObject(PileInt, Object)[283]" classname="pilesimple.test.PileIntTest" time="0">
<system-out><![CDATA[
unique-id: [engine:junit-jupiter]/[class:pilesimple.test.PileIntTest]/[test-template:testEqualsObject(pilesimple.PileInt, java.lang.Object)]/[test-template-invocation:#283]
display-name: [283] PileInt(13/28):[703876638 393883502 -735980280 1592594415 1442868874 0 0 0 0 0 0 0 0 ], abc
]]></system-out>
</testcase>
<testcase name="testEqualsObject(PileInt, Object)[284]" classname="pilesimple.test.PileIntTest" time="0">
<system-out><![CDATA[
unique-id: [engine:junit-jupiter]/[class:pilesimple.test.PileIntTest]/[test-template:testEqualsObject(pilesimple.PileInt, java.lang.Object)]/[test-template-invocation:#284]
display-name: [284] PileInt(13/28):[703876638 393883502 -735980280 1592594415 1442868874 0 0 0 0 0 0 0 0 ], Abjh45
]]></system-out>
</testcase>
<testcase name="testEqualsObject(PileInt, Object)[285]" classname="pilesimple.test.PileIntTest" time="0">
<system-out><![CDATA[
unique-id: [engine:junit-jupiter]/[class:pilesimple.test.PileIntTest]/[test-template:testEqualsObject(pilesimple.PileInt, java.lang.Object)]/[test-template-invocation:#285]
display-name: [285] PileInt(13/28):[703876638 393883502 -735980280 1592594415 1442868874 0 0 0 0 0 0 0 0 ], ch1
]]></system-out>
</testcase>
<testcase name="testEqualsObject(PileInt, Object)[286]" classname="pilesimple.test.PileIntTest" time="0">
<system-out><![CDATA[
unique-id: [engine:junit-jupiter]/[class:pilesimple.test.PileIntTest]/[test-template:testEqualsObject(pilesimple.PileInt, java.lang.Object)]/[test-template-invocation:#286]
display-name: [286] PileInt(13/28):[703876638 393883502 -735980280 1592594415 1442868874 0 0 0 0 0 0 0 0 ], 5662
]]></system-out>
</testcase>
<testcase name="testEqualsObject(PileInt, Object)[287]" classname="pilesimple.test.PileIntTest" time="0">
<system-out><![CDATA[
unique-id: [engine:junit-jupiter]/[class:pilesimple.test.PileIntTest]/[test-template:testEqualsObject(pilesimple.PileInt, java.lang.Object)]/[test-template-invocation:#287]
display-name: [287] PileInt(13/28):[703876638 393883502 -735980280 1592594415 1442868874 0 0 0 0 0 0 0 0 ], ch2
]]></system-out>
</testcase>
<testcase name="testEqualsObject(PileInt, Object)[288]" classname="pilesimple.test.PileIntTest" time="0">
<system-out><![CDATA[
unique-id: [engine:junit-jupiter]/[class:pilesimple.test.PileIntTest]/[test-template:testEqualsObject(pilesimple.PileInt, java.lang.Object)]/[test-template-invocation:#288]
display-name: [288] PileInt(13/28):[703876638 393883502 -735980280 1592594415 1442868874 0 0 0 0 0 0 0 0 ], ch3
]]></system-out>
</testcase>
<testcase name="testEqualsObject(PileInt, Object)[289]" classname="pilesimple.test.PileIntTest" time="0">
<system-out><![CDATA[
unique-id: [engine:junit-jupiter]/[class:pilesimple.test.PileIntTest]/[test-template:testEqualsObject(pilesimple.PileInt, java.lang.Object)]/[test-template-invocation:#289]
display-name: [289] PileInt(13/28):[703876638 393883502 -735980280 1592594415 1442868874 0 0 0 0 0 0 0 0 ], ch4
]]></system-out>
</testcase>
<testcase name="testEqualsObject(PileInt, Object)[290]" classname="pilesimple.test.PileIntTest" time="0">
<system-out><![CDATA[
unique-id: [engine:junit-jupiter]/[class:pilesimple.test.PileIntTest]/[test-template:testEqualsObject(pilesimple.PileInt, java.lang.Object)]/[test-template-invocation:#290]
display-name: [290] PileInt(13/28):[703876638 393883502 -735980280 1592594415 1442868874 0 0 0 0 0 0 0 0 ], ch5
]]></system-out>
</testcase>
<testcase name="testEqualsObject(PileInt, Object)[291]" classname="pilesimple.test.PileIntTest" time="0">
<system-out><![CDATA[
unique-id: [engine:junit-jupiter]/[class:pilesimple.test.PileIntTest]/[test-template:testEqualsObject(pilesimple.PileInt, java.lang.Object)]/[test-template-invocation:#291]
display-name: [291] PileInt(13/28):[703876638 393883502 -735980280 1592594415 1442868874 0 0 0 0 0 0 0 0 ], chaine6
]]></system-out>
</testcase>
<testcase name="testEqualsObject(PileInt, Object)[292]" classname="pilesimple.test.PileIntTest" time="0">
<system-out><![CDATA[
unique-id: [engine:junit-jupiter]/[class:pilesimple.test.PileIntTest]/[test-template:testEqualsObject(pilesimple.PileInt, java.lang.Object)]/[test-template-invocation:#292]
display-name: [292] PileInt(13/28):[703876638 393883502 -735980280 1592594415 1442868874 0 0 0 0 0 0 0 0 ], chaine7
]]></system-out>
</testcase>
<testcase name="testEqualsObject(PileInt, Object)[293]" classname="pilesimple.test.PileIntTest" time="0">
<system-out><![CDATA[
unique-id: [engine:junit-jupiter]/[class:pilesimple.test.PileIntTest]/[test-template:testEqualsObject(pilesimple.PileInt, java.lang.Object)]/[test-template-invocation:#293]
display-name: [293] PileInt(13/28):[703876638 393883502 -735980280 1592594415 1442868874 0 0 0 0 0 0 0 0 ], chaine8
]]></system-out>
</testcase>
<testcase name="testEqualsObject(PileInt, Object)[294]" classname="pilesimple.test.PileIntTest" time="0">
<system-out><![CDATA[
unique-id: [engine:junit-jupiter]/[class:pilesimple.test.PileIntTest]/[test-template:testEqualsObject(pilesimple.PileInt, java.lang.Object)]/[test-template-invocation:#294]
display-name: [294] PileInt(13/28):[703876638 393883502 -735980280 1592594415 1442868874 0 0 0 0 0 0 0 0 ], chaine10
]]></system-out>
</testcase>
<testcase name="testEqualsObject(PileInt, Object)[295]" classname="pilesimple.test.PileIntTest" time="0">
<system-out><![CDATA[
unique-id: [engine:junit-jupiter]/[class:pilesimple.test.PileIntTest]/[test-template:testEqualsObject(pilesimple.PileInt, java.lang.Object)]/[test-template-invocation:#295]
display-name: [295] PileInt(13/28):[703876638 393883502 -735980280 1592594415 1442868874 0 0 0 0 0 0 0 0 ], chaine11
]]></system-out>
</testcase>
<testcase name="testEqualsObject(PileInt, Object)[296]" classname="pilesimple.test.PileIntTest" time="0">
<system-out><![CDATA[
unique-id: [engine:junit-jupiter]/[class:pilesimple.test.PileIntTest]/[test-template:testEqualsObject(pilesimple.PileInt, java.lang.Object)]/[test-template-invocation:#296]
display-name: [296] PileInt(13/28):[703876638 393883502 -735980280 1592594415 1442868874 0 0 0 0 0 0 0 0 ], chaine12
]]></system-out>
</testcase>
<testcase name="testEqualsObject(PileInt, Object)[297]" classname="pilesimple.test.PileIntTest" time="0">
<system-out><![CDATA[
unique-id: [engine:junit-jupiter]/[class:pilesimple.test.PileIntTest]/[test-template:testEqualsObject(pilesimple.PileInt, java.lang.Object)]/[test-template-invocation:#297]
display-name: [297] PileInt(13/28):[703876638 393883502 -735980280 1592594415 1442868874 0 0 0 0 0 0 0 0 ], null
]]></system-out>
</testcase>
<testcase name="testEqualsObject(PileInt, Object)[298]" classname="pilesimple.test.PileIntTest" time="0">
<system-out><![CDATA[
unique-id: [engine:junit-jupiter]/[class:pilesimple.test.PileIntTest]/[test-template:testEqualsObject(pilesimple.PileInt, java.lang.Object)]/[test-template-invocation:#298]
display-name: [298] PileInt(13/28):[703876638 393883502 -735980280 1592594415 1442868874 0 0 0 0 0 0 0 0 ], java.lang.Object@6bf0219d
]]></system-out>
</testcase>
<testcase name="testEqualsObject(PileInt, Object)[299]" classname="pilesimple.test.PileIntTest" time="0">
<system-out><![CDATA[
unique-id: [engine:junit-jupiter]/[class:pilesimple.test.PileIntTest]/[test-template:testEqualsObject(pilesimple.PileInt, java.lang.Object)]/[test-template-invocation:#299]
display-name: [299] PileInt(13/28):[703876638 393883502 -735980280 1592594415 1442868874 0 0 0 0 0 0 0 0 ], abc
]]></system-out>
</testcase>
<testcase name="testEqualsObject(PileInt, Object)[300]" classname="pilesimple.test.PileIntTest" time="0">
<system-out><![CDATA[
unique-id: [engine:junit-jupiter]/[class:pilesimple.test.PileIntTest]/[test-template:testEqualsObject(pilesimple.PileInt, java.lang.Object)]/[test-template-invocation:#300]
display-name: [300] PileInt(13/28):[703876638 393883502 -735980280 1592594415 1442868874 0 0 0 0 0 0 0 0 ], 1
]]></system-out>
</testcase>
<testcase name="testEqualsObject(PileInt, Object)[301]" classname="pilesimple.test.PileIntTest" time="0">
<system-out><![CDATA[
unique-id: [engine:junit-jupiter]/[class:pilesimple.test.PileIntTest]/[test-template:testEqualsObject(pilesimple.PileInt, java.lang.Object)]/[test-template-invocation:#301]
display-name: [301] PileInt(13/28):[703876638 393883502 -735980280 1592594415 1442868874 0 0 0 0 0 0 0 0 ], PileInt(1/4):[338894473 ]
]]></system-out>
</testcase>
<testcase name="testEqualsObject(PileInt, Object)[302]" classname="pilesimple.test.PileIntTest" time="0">
<system-out><![CDATA[
unique-id: [engine:junit-jupiter]/[class:pilesimple.test.PileIntTest]/[test-template:testEqualsObject(pilesimple.PileInt, java.lang.Object)]/[test-template-invocation:#302]
display-name: [302] PileInt(13/28):[703876638 393883502 -735980280 1592594415 1442868874 0 0 0 0 0 0 0 0 ], PileInt(8/10):[406853085 94227386 0 0 0 0 0 0 ]
]]></system-out>
</testcase>
<testcase name="testEqualsObject(PileInt, Object)[303]" classname="pilesimple.test.PileIntTest" time="0">
<system-out><![CDATA[
unique-id: [engine:junit-jupiter]/[class:pilesimple.test.PileIntTest]/[test-template:testEqualsObject(pilesimple.PileInt, java.lang.Object)]/[test-template-invocation:#303]
display-name: [303] PileInt(13/28):[703876638 393883502 -735980280 1592594415 1442868874 0 0 0 0 0 0 0 0 ], PileInt(11/21):[829174856 -560540630 1017069059 -1738412859 300209628 -188841458 -1827026023 -1500709070 -816936810 858109280 -776814606 ]
]]></system-out>
</testcase>
<testcase name="testEqualsObject(PileInt, Object)[304]" classname="pilesimple.test.PileIntTest" time="0">
<system-out><![CDATA[
unique-id: [engine:junit-jupiter]/[class:pilesimple.test.PileIntTest]/[test-template:testEqualsObject(pilesimple.PileInt, java.lang.Object)]/[test-template-invocation:#304]
display-name: [304] PileInt(13/28):[703876638 393883502 -735980280 1592594415 1442868874 0 0 0 0 0 0 0 0 ], PileInt(6/24):[-1489436760 -263993310 1290897763 1717230542 -2064902060 0 ]
]]></system-out>
</testcase>
<testcase name="testEqualsObject(PileInt, Object)[305]" classname="pilesimple.test.PileIntTest" time="0">
<system-out><![CDATA[
unique-id: [engine:junit-jupiter]/[class:pilesimple.test.PileIntTest]/[test-template:testEqualsObject(pilesimple.PileInt, java.lang.Object)]/[test-template-invocation:#305]
display-name: [305] PileInt(13/28):[703876638 393883502 -735980280 1592594415 1442868874 0 0 0 0 0 0 0 0 ], PileInt(7/10):[637862618 -1510457637 2016118339 -24306896 1280740200 0 0 ]
]]></system-out>
</testcase>
<testcase name="testEqualsObject(PileInt, Object)[306]" classname="pilesimple.test.PileIntTest" time="0">
<system-out><![CDATA[
unique-id: [engine:junit-jupiter]/[class:pilesimple.test.PileIntTest]/[test-template:testEqualsObject(pilesimple.PileInt, java.lang.Object)]/[test-template-invocation:#306]
display-name: [306] PileInt(13/28):[703876638 393883502 -735980280 1592594415 1442868874 0 0 0 0 0 0 0 0 ], PileInt(13/15):[-374846588 1048478229 -920801997 -771279764 -1267021193 0 0 0 0 0 0 0 0 ]
]]></system-out>
</testcase>
<testcase name="testEqualsObject(PileInt, Object)[307]" classname="pilesimple.test.PileIntTest" time="0">
<system-out><![CDATA[
unique-id: [engine:junit-jupiter]/[class:pilesimple.test.PileIntTest]/[test-template:testEqualsObject(pilesimple.PileInt, java.lang.Object)]/[test-template-invocation:#307]
display-name: [307] PileInt(13/28):[703876638 393883502 -735980280 1592594415 1442868874 0 0 0 0 0 0 0 0 ], PileInt(3/20):[1428472226 -637821803 -706447001 ]
]]></system-out>
</testcase>
<testcase name="testEqualsObject(PileInt, Object)[308]" classname="pilesimple.test.PileIntTest" time="0">
<system-out><![CDATA[
unique-id: [engine:junit-jupiter]/[class:pilesimple.test.PileIntTest]/[test-template:testEqualsObject(pilesimple.PileInt, java.lang.Object)]/[test-template-invocation:#308]
display-name: [308] PileInt(13/28):[703876638 393883502 -735980280 1592594415 1442868874 0 0 0 0 0 0 0 0 ], PileInt(4/28):[703876638 393883502 -735980280 1592594415 ]
]]></system-out>
</testcase>
<testcase name="testEqualsObject(PileInt, Object)[309]" classname="pilesimple.test.PileIntTest" time="0">
<system-out><![CDATA[
unique-id: [engine:junit-jupiter]/[class:pilesimple.test.PileIntTest]/[test-template:testEqualsObject(pilesimple.PileInt, java.lang.Object)]/[test-template-invocation:#309]
display-name: [309] PileInt(13/28):[703876638 393883502 -735980280 1592594415 1442868874 0 0 0 0 0 0 0 0 ], PileInt(0/6):[]
]]></system-out>
</testcase>
<testcase name="testEqualsObject(PileInt, Object)[310]" classname="pilesimple.test.PileIntTest" time="0">
<system-out><![CDATA[
unique-id: [engine:junit-jupiter]/[class:pilesimple.test.PileIntTest]/[test-template:testEqualsObject(pilesimple.PileInt, java.lang.Object)]/[test-template-invocation:#310]
display-name: [310] PileInt(13/28):[703876638 393883502 -735980280 1592594415 1442868874 0 0 0 0 0 0 0 0 ], PileInt(13/25):[-705429044 -1165162668 1915516414 1792785474 -1102370681 0 0 0 0 0 0 0 0 ]
]]></system-out>
</testcase>
<testcase name="testEqualsObject(PileInt, Object)[311]" classname="pilesimple.test.PileIntTest" time="0">
<system-out><![CDATA[
unique-id: [engine:junit-jupiter]/[class:pilesimple.test.PileIntTest]/[test-template:testEqualsObject(pilesimple.PileInt, java.lang.Object)]/[test-template-invocation:#311]
display-name: [311] PileInt(13/28):[703876638 393883502 -735980280 1592594415 1442868874 0 0 0 0 0 0 0 0 ], PileInt(4/8):[1210489329 -1943355528 2110550009 303126429 ]
]]></system-out>
</testcase>
<testcase name="testEqualsObject(PileInt, Object)[312]" classname="pilesimple.test.PileIntTest" time="0">
<system-out><![CDATA[
unique-id: [engine:junit-jupiter]/[class:pilesimple.test.PileIntTest]/[test-template:testEqualsObject(pilesimple.PileInt, java.lang.Object)]/[test-template-invocation:#312]
display-name: [312] PileInt(13/28):[703876638 393883502 -735980280 1592594415 1442868874 0 0 0 0 0 0 0 0 ], PileInt(7/25):[1076106784 1001106160 0 0 0 0 0 ]
]]></system-out>
</testcase>
<testcase name="testEqualsObject(PileInt, Object)[313]" classname="pilesimple.test.PileIntTest" time="0">
<system-out><![CDATA[
unique-id: [engine:junit-jupiter]/[class:pilesimple.test.PileIntTest]/[test-template:testEqualsObject(pilesimple.PileInt, java.lang.Object)]/[test-template-invocation:#313]
display-name: [313] PileInt(13/28):[703876638 393883502 -735980280 1592594415 1442868874 0 0 0 0 0 0 0 0 ], PileInt(8/20):[-1948372490 1175265028 1509228326 982841218 -113535506 -1095093150 388532020 -1696138086 ]
]]></system-out>
</testcase>
<testcase name="testEqualsObject(PileInt, Object)[314]" classname="pilesimple.test.PileIntTest" time="0">
<system-out><![CDATA[
unique-id: [engine:junit-jupiter]/[class:pilesimple.test.PileIntTest]/[test-template:testEqualsObject(pilesimple.PileInt, java.lang.Object)]/[test-template-invocation:#314]
display-name: [314] PileInt(13/28):[703876638 393883502 -735980280 1592594415 1442868874 0 0 0 0 0 0 0 0 ], PileInt(0/1):[]
]]></system-out>
</testcase>
<testcase name="testEqualsObject(PileInt, Object)[315]" classname="pilesimple.test.PileIntTest" time="0">
<system-out><![CDATA[
unique-id: [engine:junit-jupiter]/[class:pilesimple.test.PileIntTest]/[test-template:testEqualsObject(pilesimple.PileInt, java.lang.Object)]/[test-template-invocation:#315]
display-name: [315] PileInt(13/28):[703876638 393883502 -735980280 1592594415 1442868874 0 0 0 0 0 0 0 0 ], PileInt(10/13):[-684180429 633166819 0 0 0 0 0 0 0 0 ]
]]></system-out>
</testcase>
<testcase name="testEqualsObject(PileInt, Object)[316]" classname="pilesimple.test.PileIntTest" time="0">
<system-out><![CDATA[
unique-id: [engine:junit-jupiter]/[class:pilesimple.test.PileIntTest]/[test-template:testEqualsObject(pilesimple.PileInt, java.lang.Object)]/[test-template-invocation:#316]
display-name: [316] PileInt(13/28):[703876638 393883502 -735980280 1592594415 1442868874 0 0 0 0 0 0 0 0 ], PileInt(0/7):[]
]]></system-out>
</testcase>
<testcase name="testEqualsObject(PileInt, Object)[317]" classname="pilesimple.test.PileIntTest" time="0">
<system-out><![CDATA[
unique-id: [engine:junit-jupiter]/[class:pilesimple.test.PileIntTest]/[test-template:testEqualsObject(pilesimple.PileInt, java.lang.Object)]/[test-template-invocation:#317]
display-name: [317] PileInt(13/28):[703876638 393883502 -735980280 1592594415 1442868874 0 0 0 0 0 0 0 0 ], PileInt(15/16):[1362992196 -2080071938 1590300961 -1725722911 682324868 -1338224590 880401299 -2081234295 -561541459 0 0 0 0 0 0 ]
]]></system-out>
</testcase>
<testcase name="testEqualsObject(PileInt, Object)[318]" classname="pilesimple.test.PileIntTest" time="0">
<system-out><![CDATA[
unique-id: [engine:junit-jupiter]/[class:pilesimple.test.PileIntTest]/[test-template:testEqualsObject(pilesimple.PileInt, java.lang.Object)]/[test-template-invocation:#318]
display-name: [318] PileInt(13/28):[703876638 393883502 -735980280 1592594415 1442868874 0 0 0 0 0 0 0 0 ], PileInt(21/25):[-177297065 -317067174 1538678292 1459401015 764171947 -791717276 -1475135243 1373362923 104936572 1838652771 -10463901 -1839550882 1664723887 -799351692 -1803735371 1504195079 457981356 1301858620 217733573 1908815035 -718666961 ]
]]></system-out>
</testcase>
<testcase name="testEqualsObject(PileInt, Object)[319]" classname="pilesimple.test.PileIntTest" time="0">
<system-out><![CDATA[
unique-id: [engine:junit-jupiter]/[class:pilesimple.test.PileIntTest]/[test-template:testEqualsObject(pilesimple.PileInt, java.lang.Object)]/[test-template-invocation:#319]
display-name: [319] PileInt(13/28):[703876638 393883502 -735980280 1592594415 1442868874 0 0 0 0 0 0 0 0 ], PileInt(0/4):[]
]]></system-out>
</testcase>
<testcase name="testEqualsObject(PileInt, Object)[320]" classname="pilesimple.test.PileIntTest" time="0">
<system-out><![CDATA[
unique-id: [engine:junit-jupiter]/[class:pilesimple.test.PileIntTest]/[test-template:testEqualsObject(pilesimple.PileInt, java.lang.Object)]/[test-template-invocation:#320]
display-name: [320] PileInt(13/28):[703876638 393883502 -735980280 1592594415 1442868874 0 0 0 0 0 0 0 0 ], PileInt(3/5):[-234217948 -2036859372 0 ]
]]></system-out>
</testcase>
<testcase name="testEqualsObject(PileInt, Object)[321]" classname="pilesimple.test.PileIntTest" time="0">
<system-out><![CDATA[
unique-id: [engine:junit-jupiter]/[class:pilesimple.test.PileIntTest]/[test-template:testEqualsObject(pilesimple.PileInt, java.lang.Object)]/[test-template-invocation:#321]
display-name: [321] PileInt(1/6):[0 ], null
]]></system-out>
</testcase>
<testcase name="testEqualsObject(PileInt, Object)[322]" classname="pilesimple.test.PileIntTest" time="0">
<system-out><![CDATA[
unique-id: [engine:junit-jupiter]/[class:pilesimple.test.PileIntTest]/[test-template:testEqualsObject(pilesimple.PileInt, java.lang.Object)]/[test-template-invocation:#322]
display-name: [322] PileInt(1/6):[0 ], 
]]></system-out>
</testcase>
<testcase name="testEqualsObject(PileInt, Object)[323]" classname="pilesimple.test.PileIntTest" time="0">
<system-out><![CDATA[
unique-id: [engine:junit-jupiter]/[class:pilesimple.test.PileIntTest]/[test-template:testEqualsObject(pilesimple.PileInt, java.lang.Object)]/[test-template-invocation:#323]
display-name: [323] PileInt(1/6):[0 ], abc
]]></system-out>
</testcase>
<testcase name="testEqualsObject(PileInt, Object)[324]" classname="pilesimple.test.PileIntTest" time="0">
<system-out><![CDATA[
unique-id: [engine:junit-jupiter]/[class:pilesimple.test.PileIntTest]/[test-template:testEqualsObject(pilesimple.PileInt, java.lang.Object)]/[test-template-invocation:#324]
display-name: [324] PileInt(1/6):[0 ], Abjh45
]]></system-out>
</testcase>
<testcase name="testEqualsObject(PileInt, Object)[325]" classname="pilesimple.test.PileIntTest" time="0">
<system-out><![CDATA[
unique-id: [engine:junit-jupiter]/[class:pilesimple.test.PileIntTest]/[test-template:testEqualsObject(pilesimple.PileInt, java.lang.Object)]/[test-template-invocation:#325]
display-name: [325] PileInt(1/6):[0 ], ch1
]]></system-out>
</testcase>
<testcase name="testEqualsObject(PileInt, Object)[326]" classname="pilesimple.test.PileIntTest" time="0">
<system-out><![CDATA[
unique-id: [engine:junit-jupiter]/[class:pilesimple.test.PileIntTest]/[test-template:testEqualsObject(pilesimple.PileInt, java.lang.Object)]/[test-template-invocation:#326]
display-name: [326] PileInt(1/6):[0 ], 5662
]]></system-out>
</testcase>
<testcase name="testEqualsObject(PileInt, Object)[327]" classname="pilesimple.test.PileIntTest" time="0">
<system-out><![CDATA[
unique-id: [engine:junit-jupiter]/[class:pilesimple.test.PileIntTest]/[test-template:testEqualsObject(pilesimple.PileInt, java.lang.Object)]/[test-template-invocation:#327]
display-name: [327] PileInt(1/6):[0 ], ch2
]]></system-out>
</testcase>
<testcase name="testEqualsObject(PileInt, Object)[328]" classname="pilesimple.test.PileIntTest" time="0">
<system-out><![CDATA[
unique-id: [engine:junit-jupiter]/[class:pilesimple.test.PileIntTest]/[test-template:testEqualsObject(pilesimple.PileInt, java.lang.Object)]/[test-template-invocation:#328]
display-name: [328] PileInt(1/6):[0 ], ch3
]]></system-out>
</testcase>
<testcase name="testEqualsObject(PileInt, Object)[329]" classname="pilesimple.test.PileIntTest" time="0">
<system-out><![CDATA[
unique-id: [engine:junit-jupiter]/[class:pilesimple.test.PileIntTest]/[test-template:testEqualsObject(pilesimple.PileInt, java.lang.Object)]/[test-template-invocation:#329]
display-name: [329] PileInt(1/6):[0 ], ch4
]]></system-out>
</testcase>
<testcase name="testEqualsObject(PileInt, Object)[330]" classname="pilesimple.test.PileIntTest" time="0">
<system-out><![CDATA[
unique-id: [engine:junit-jupiter]/[class:pilesimple.test.PileIntTest]/[test-template:testEqualsObject(pilesimple.PileInt, java.lang.Object)]/[test-template-invocation:#330]
display-name: [330] PileInt(1/6):[0 ], ch5
]]></system-out>
</testcase>
<testcase name="testEqualsObject(PileInt, Object)[331]" classname="pilesimple.test.PileIntTest" time="0">
<system-out><![CDATA[
unique-id: [engine:junit-jupiter]/[class:pilesimple.test.PileIntTest]/[test-template:testEqualsObject(pilesimple.PileInt, java.lang.Object)]/[test-template-invocation:#331]
display-name: [331] PileInt(1/6):[0 ], chaine6
]]></system-out>
</testcase>
<testcase name="testEqualsObject(PileInt, Object)[332]" classname="pilesimple.test.PileIntTest" time="0">
<system-out><![CDATA[
unique-id: [engine:junit-jupiter]/[class:pilesimple.test.PileIntTest]/[test-template:testEqualsObject(pilesimple.PileInt, java.lang.Object)]/[test-template-invocation:#332]
display-name: [332] PileInt(1/6):[0 ], chaine7
]]></system-out>
</testcase>
<testcase name="testEqualsObject(PileInt, Object)[333]" classname="pilesimple.test.PileIntTest" time="0">
<system-out><![CDATA[
unique-id: [engine:junit-jupiter]/[class:pilesimple.test.PileIntTest]/[test-template:testEqualsObject(pilesimple.PileInt, java.lang.Object)]/[test-template-invocation:#333]
display-name: [333] PileInt(1/6):[0 ], chaine8
]]></system-out>
</testcase>
<testcase name="testEqualsObject(PileInt, Object)[334]" classname="pilesimple.test.PileIntTest" time="0">
<system-out><![CDATA[
unique-id: [engine:junit-jupiter]/[class:pilesimple.test.PileIntTest]/[test-template:testEqualsObject(pilesimple.PileInt, java.lang.Object)]/[test-template-invocation:#334]
display-name: [334] PileInt(1/6):[0 ], chaine10
]]></system-out>
</testcase>
<testcase name="testEqualsObject(PileInt, Object)[335]" classname="pilesimple.test.PileIntTest" time="0">
<system-out><![CDATA[
unique-id: [engine:junit-jupiter]/[class:pilesimple.test.PileIntTest]/[test-template:testEqualsObject(pilesimple.PileInt, java.lang.Object)]/[test-template-invocation:#335]
display-name: [335] PileInt(1/6):[0 ], chaine11
]]></system-out>
</testcase>
<testcase name="testEqualsObject(PileInt, Object)[336]" classname="pilesimple.test.PileIntTest" time="0">
<system-out><![CDATA[
unique-id: [engine:junit-jupiter]/[class:pilesimple.test.PileIntTest]/[test-template:testEqualsObject(pilesimple.PileInt, java.lang.Object)]/[test-template-invocation:#336]
display-name: [336] PileInt(1/6):[0 ], chaine12
]]></system-out>
</testcase>
<testcase name="testEqualsObject(PileInt, Object)[337]" classname="pilesimple.test.PileIntTest" time="0">
<system-out><![CDATA[
unique-id: [engine:junit-jupiter]/[class:pilesimple.test.PileIntTest]/[test-template:testEqualsObject(pilesimple.PileInt, java.lang.Object)]/[test-template-invocation:#337]
display-name: [337] PileInt(1/6):[0 ], null
]]></system-out>
</testcase>
<testcase name="testEqualsObject(PileInt, Object)[338]" classname="pilesimple.test.PileIntTest" time="0">
<system-out><![CDATA[
unique-id: [engine:junit-jupiter]/[class:pilesimple.test.PileIntTest]/[test-template:testEqualsObject(pilesimple.PileInt, java.lang.Object)]/[test-template-invocation:#338]
display-name: [338] PileInt(1/6):[0 ], java.lang.Object@6bf0219d
]]></system-out>
</testcase>
<testcase name="testEqualsObject(PileInt, Object)[339]" classname="pilesimple.test.PileIntTest" time="0">
<system-out><![CDATA[
unique-id: [engine:junit-jupiter]/[class:pilesimple.test.PileIntTest]/[test-template:testEqualsObject(pilesimple.PileInt, java.lang.Object)]/[test-template-invocation:#339]
display-name: [339] PileInt(1/6):[0 ], abc
]]></system-out>
</testcase>
<testcase name="testEqualsObject(PileInt, Object)[340]" classname="pilesimple.test.PileIntTest" time="0">
<system-out><![CDATA[
unique-id: [engine:junit-jupiter]/[class:pilesimple.test.PileIntTest]/[test-template:testEqualsObject(pilesimple.PileInt, java.lang.Object)]/[test-template-invocation:#340]
display-name: [340] PileInt(1/6):[0 ], 1
]]></system-out>
</testcase>
<testcase name="testEqualsObject(PileInt, Object)[341]" classname="pilesimple.test.PileIntTest" time="0">
<system-out><![CDATA[
unique-id: [engine:junit-jupiter]/[class:pilesimple.test.PileIntTest]/[test-template:testEqualsObject(pilesimple.PileInt, java.lang.Object)]/[test-template-invocation:#341]
display-name: [341] PileInt(1/6):[0 ], PileInt(1/4):[338894473 ]
]]></system-out>
</testcase>
<testcase name="testEqualsObject(PileInt, Object)[342]" classname="pilesimple.test.PileIntTest" time="0">
<system-out><![CDATA[
unique-id: [engine:junit-jupiter]/[class:pilesimple.test.PileIntTest]/[test-template:testEqualsObject(pilesimple.PileInt, java.lang.Object)]/[test-template-invocation:#342]
display-name: [342] PileInt(1/6):[0 ], PileInt(4/10):[406853085 94227386 0 0 ]
]]></system-out>
</testcase>
<testcase name="testEqualsObject(PileInt, Object)[343]" classname="pilesimple.test.PileIntTest" time="0">
<system-out><![CDATA[
unique-id: [engine:junit-jupiter]/[class:pilesimple.test.PileIntTest]/[test-template:testEqualsObject(pilesimple.PileInt, java.lang.Object)]/[test-template-invocation:#343]
display-name: [343] PileInt(1/6):[0 ], PileInt(14/21):[829174856 -560540630 1017069059 -1738412859 300209628 -188841458 -1827026023 -1500709070 -816936810 858109280 -776814606 -2070802362 -136406843 1897636588 ]
]]></system-out>
</testcase>
<testcase name="testEqualsObject(PileInt, Object)[344]" classname="pilesimple.test.PileIntTest" time="0">
<system-out><![CDATA[
unique-id: [engine:junit-jupiter]/[class:pilesimple.test.PileIntTest]/[test-template:testEqualsObject(pilesimple.PileInt, java.lang.Object)]/[test-template-invocation:#344]
display-name: [344] PileInt(1/6):[0 ], PileInt(5/24):[-1489436760 -263993310 1290897763 1717230542 -2064902060 ]
]]></system-out>
</testcase>
<testcase name="testEqualsObject(PileInt, Object)[345]" classname="pilesimple.test.PileIntTest" time="0">
<system-out><![CDATA[
unique-id: [engine:junit-jupiter]/[class:pilesimple.test.PileIntTest]/[test-template:testEqualsObject(pilesimple.PileInt, java.lang.Object)]/[test-template-invocation:#345]
display-name: [345] PileInt(1/6):[0 ], PileInt(0/10):[]
]]></system-out>
</testcase>
<testcase name="testEqualsObject(PileInt, Object)[346]" classname="pilesimple.test.PileIntTest" time="0">
<system-out><![CDATA[
unique-id: [engine:junit-jupiter]/[class:pilesimple.test.PileIntTest]/[test-template:testEqualsObject(pilesimple.PileInt, java.lang.Object)]/[test-template-invocation:#346]
display-name: [346] PileInt(1/6):[0 ], PileInt(1/15):[-374846588 ]
]]></system-out>
</testcase>
<testcase name="testEqualsObject(PileInt, Object)[347]" classname="pilesimple.test.PileIntTest" time="0">
<system-out><![CDATA[
unique-id: [engine:junit-jupiter]/[class:pilesimple.test.PileIntTest]/[test-template:testEqualsObject(pilesimple.PileInt, java.lang.Object)]/[test-template-invocation:#347]
display-name: [347] PileInt(1/6):[0 ], PileInt(18/20):[1428472226 -637821803 -706447001 1150321620 864544919 0 0 0 0 0 0 0 0 0 0 0 0 0 ]
]]></system-out>
</testcase>
<testcase name="testEqualsObject(PileInt, Object)[348]" classname="pilesimple.test.PileIntTest" time="0">
<system-out><![CDATA[
unique-id: [engine:junit-jupiter]/[class:pilesimple.test.PileIntTest]/[test-template:testEqualsObject(pilesimple.PileInt, java.lang.Object)]/[test-template-invocation:#348]
display-name: [348] PileInt(1/6):[0 ], PileInt(0/28):[]
]]></system-out>
</testcase>
<testcase name="testEqualsObject(PileInt, Object)[349]" classname="pilesimple.test.PileIntTest" time="0">
<system-out><![CDATA[
unique-id: [engine:junit-jupiter]/[class:pilesimple.test.PileIntTest]/[test-template:testEqualsObject(pilesimple.PileInt, java.lang.Object)]/[test-template-invocation:#349]
display-name: [349] PileInt(1/6):[0 ], PileInt(3/6):[0 0 0 ]
]]></system-out>
</testcase>
<testcase name="testEqualsObject(PileInt, Object)[350]" classname="pilesimple.test.PileIntTest" time="0">
<system-out><![CDATA[
unique-id: [engine:junit-jupiter]/[class:pilesimple.test.PileIntTest]/[test-template:testEqualsObject(pilesimple.PileInt, java.lang.Object)]/[test-template-invocation:#350]
display-name: [350] PileInt(1/6):[0 ], PileInt(13/25):[-705429044 -1165162668 1915516414 1792785474 -1102370681 0 0 0 0 0 0 0 0 ]
]]></system-out>
</testcase>
<testcase name="testEqualsObject(PileInt, Object)[351]" classname="pilesimple.test.PileIntTest" time="0">
<system-out><![CDATA[
unique-id: [engine:junit-jupiter]/[class:pilesimple.test.PileIntTest]/[test-template:testEqualsObject(pilesimple.PileInt, java.lang.Object)]/[test-template-invocation:#351]
display-name: [351] PileInt(1/6):[0 ], PileInt(4/8):[1210489329 -1943355528 2110550009 303126429 ]
]]></system-out>
</testcase>
<testcase name="testEqualsObject(PileInt, Object)[352]" classname="pilesimple.test.PileIntTest" time="0">
<system-out><![CDATA[
unique-id: [engine:junit-jupiter]/[class:pilesimple.test.PileIntTest]/[test-template:testEqualsObject(pilesimple.PileInt, java.lang.Object)]/[test-template-invocation:#352]
display-name: [352] PileInt(1/6):[0 ], PileInt(5/25):[1076106784 1001106160 0 0 0 ]
]]></system-out>
</testcase>
<testcase name="testEqualsObject(PileInt, Object)[353]" classname="pilesimple.test.PileIntTest" time="0">
<system-out><![CDATA[
unique-id: [engine:junit-jupiter]/[class:pilesimple.test.PileIntTest]/[test-template:testEqualsObject(pilesimple.PileInt, java.lang.Object)]/[test-template-invocation:#353]
display-name: [353] PileInt(1/6):[0 ], PileInt(13/20):[-1948372490 1175265028 1509228326 982841218 -113535506 -1095093150 388532020 -1696138086 -1404296367 949094180 1074419298 1053087988 -1152583802 ]
]]></system-out>
</testcase>
<testcase name="testEqualsObject(PileInt, Object)[354]" classname="pilesimple.test.PileIntTest" time="0">
<system-out><![CDATA[
unique-id: [engine:junit-jupiter]/[class:pilesimple.test.PileIntTest]/[test-template:testEqualsObject(pilesimple.PileInt, java.lang.Object)]/[test-template-invocation:#354]
display-name: [354] PileInt(1/6):[0 ], PileInt(0/1):[]
]]></system-out>
</testcase>
<testcase name="testEqualsObject(PileInt, Object)[355]" classname="pilesimple.test.PileIntTest" time="0">
<system-out><![CDATA[
unique-id: [engine:junit-jupiter]/[class:pilesimple.test.PileIntTest]/[test-template:testEqualsObject(pilesimple.PileInt, java.lang.Object)]/[test-template-invocation:#355]
display-name: [355] PileInt(1/6):[0 ], PileInt(2/13):[-684180429 633166819 ]
]]></system-out>
</testcase>
<testcase name="testEqualsObject(PileInt, Object)[356]" classname="pilesimple.test.PileIntTest" time="0">
<system-out><![CDATA[
unique-id: [engine:junit-jupiter]/[class:pilesimple.test.PileIntTest]/[test-template:testEqualsObject(pilesimple.PileInt, java.lang.Object)]/[test-template-invocation:#356]
display-name: [356] PileInt(1/6):[0 ], PileInt(2/7):[-1274647728 1596499529 ]
]]></system-out>
</testcase>
<testcase name="testEqualsObject(PileInt, Object)[357]" classname="pilesimple.test.PileIntTest" time="0">
<system-out><![CDATA[
unique-id: [engine:junit-jupiter]/[class:pilesimple.test.PileIntTest]/[test-template:testEqualsObject(pilesimple.PileInt, java.lang.Object)]/[test-template-invocation:#357]
display-name: [357] PileInt(1/6):[0 ], PileInt(9/16):[1362992196 -2080071938 1590300961 -1725722911 682324868 -1338224590 880401299 -2081234295 -561541459 ]
]]></system-out>
</testcase>
<testcase name="testEqualsObject(PileInt, Object)[358]" classname="pilesimple.test.PileIntTest" time="0">
<system-out><![CDATA[
unique-id: [engine:junit-jupiter]/[class:pilesimple.test.PileIntTest]/[test-template:testEqualsObject(pilesimple.PileInt, java.lang.Object)]/[test-template-invocation:#358]
display-name: [358] PileInt(1/6):[0 ], PileInt(22/25):[-177297065 -317067174 1538678292 1459401015 764171947 -791717276 -1475135243 1373362923 104936572 1838652771 -10463901 -1839550882 1664723887 -799351692 -1803735371 1504195079 457981356 1301858620 217733573 1908815035 -718666961 0 ]
]]></system-out>
</testcase>
<testcase name="testEqualsObject(PileInt, Object)[359]" classname="pilesimple.test.PileIntTest" time="0">
<system-out><![CDATA[
unique-id: [engine:junit-jupiter]/[class:pilesimple.test.PileIntTest]/[test-template:testEqualsObject(pilesimple.PileInt, java.lang.Object)]/[test-template-invocation:#359]
display-name: [359] PileInt(1/6):[0 ], PileInt(0/4):[]
]]></system-out>
</testcase>
<testcase name="testEqualsObject(PileInt, Object)[360]" classname="pilesimple.test.PileIntTest" time="0">
<system-out><![CDATA[
unique-id: [engine:junit-jupiter]/[class:pilesimple.test.PileIntTest]/[test-template:testEqualsObject(pilesimple.PileInt, java.lang.Object)]/[test-template-invocation:#360]
display-name: [360] PileInt(1/6):[0 ], PileInt(4/5):[-234217948 -2036859372 0 0 ]
]]></system-out>
</testcase>
<testcase name="testEqualsObject(PileInt, Object)[361]" classname="pilesimple.test.PileIntTest" time="0">
<system-out><![CDATA[
unique-id: [engine:junit-jupiter]/[class:pilesimple.test.PileIntTest]/[test-template:testEqualsObject(pilesimple.PileInt, java.lang.Object)]/[test-template-invocation:#361]
display-name: [361] PileInt(1/25):[-705429044 ], null
]]></system-out>
</testcase>
<testcase name="testEqualsObject(PileInt, Object)[362]" classname="pilesimple.test.PileIntTest" time="0">
<system-out><![CDATA[
unique-id: [engine:junit-jupiter]/[class:pilesimple.test.PileIntTest]/[test-template:testEqualsObject(pilesimple.PileInt, java.lang.Object)]/[test-template-invocation:#362]
display-name: [362] PileInt(1/25):[-705429044 ], 
]]></system-out>
</testcase>
<testcase name="testEqualsObject(PileInt, Object)[363]" classname="pilesimple.test.PileIntTest" time="0">
<system-out><![CDATA[
unique-id: [engine:junit-jupiter]/[class:pilesimple.test.PileIntTest]/[test-template:testEqualsObject(pilesimple.PileInt, java.lang.Object)]/[test-template-invocation:#363]
display-name: [363] PileInt(1/25):[-705429044 ], abc
]]></system-out>
</testcase>
<testcase name="testEqualsObject(PileInt, Object)[364]" classname="pilesimple.test.PileIntTest" time="0">
<system-out><![CDATA[
unique-id: [engine:junit-jupiter]/[class:pilesimple.test.PileIntTest]/[test-template:testEqualsObject(pilesimple.PileInt, java.lang.Object)]/[test-template-invocation:#364]
display-name: [364] PileInt(1/25):[-705429044 ], Abjh45
]]></system-out>
</testcase>
<testcase name="testEqualsObject(PileInt, Object)[365]" classname="pilesimple.test.PileIntTest" time="0">
<system-out><![CDATA[
unique-id: [engine:junit-jupiter]/[class:pilesimple.test.PileIntTest]/[test-template:testEqualsObject(pilesimple.PileInt, java.lang.Object)]/[test-template-invocation:#365]
display-name: [365] PileInt(1/25):[-705429044 ], ch1
]]></system-out>
</testcase>
<testcase name="testEqualsObject(PileInt, Object)[366]" classname="pilesimple.test.PileIntTest" time="0">
<system-out><![CDATA[
unique-id: [engine:junit-jupiter]/[class:pilesimple.test.PileIntTest]/[test-template:testEqualsObject(pilesimple.PileInt, java.lang.Object)]/[test-template-invocation:#366]
display-name: [366] PileInt(1/25):[-705429044 ], 5662
]]></system-out>
</testcase>
<testcase name="testEqualsObject(PileInt, Object)[367]" classname="pilesimple.test.PileIntTest" time="0">
<system-out><![CDATA[
unique-id: [engine:junit-jupiter]/[class:pilesimple.test.PileIntTest]/[test-template:testEqualsObject(pilesimple.PileInt, java.lang.Object)]/[test-template-invocation:#367]
display-name: [367] PileInt(1/25):[-705429044 ], ch2
]]></system-out>
</testcase>
<testcase name="testEqualsObject(PileInt, Object)[368]" classname="pilesimple.test.PileIntTest" time="0">
<system-out><![CDATA[
unique-id: [engine:junit-jupiter]/[class:pilesimple.test.PileIntTest]/[test-template:testEqualsObject(pilesimple.PileInt, java.lang.Object)]/[test-template-invocation:#368]
display-name: [368] PileInt(1/25):[-705429044 ], ch3
]]></system-out>
</testcase>
<testcase name="testEqualsObject(PileInt, Object)[369]" classname="pilesimple.test.PileIntTest" time="0">
<system-out><![CDATA[
unique-id: [engine:junit-jupiter]/[class:pilesimple.test.PileIntTest]/[test-template:testEqualsObject(pilesimple.PileInt, java.lang.Object)]/[test-template-invocation:#369]
display-name: [369] PileInt(1/25):[-705429044 ], ch4
]]></system-out>
</testcase>
<testcase name="testEqualsObject(PileInt, Object)[370]" classname="pilesimple.test.PileIntTest" time="0">
<system-out><![CDATA[
unique-id: [engine:junit-jupiter]/[class:pilesimple.test.PileIntTest]/[test-template:testEqualsObject(pilesimple.PileInt, java.lang.Object)]/[test-template-invocation:#370]
display-name: [370] PileInt(1/25):[-705429044 ], ch5
]]></system-out>
</testcase>
<testcase name="testEqualsObject(PileInt, Object)[371]" classname="pilesimple.test.PileIntTest" time="0">
<system-out><![CDATA[
unique-id: [engine:junit-jupiter]/[class:pilesimple.test.PileIntTest]/[test-template:testEqualsObject(pilesimple.PileInt, java.lang.Object)]/[test-template-invocation:#371]
display-name: [371] PileInt(1/25):[-705429044 ], chaine6
]]></system-out>
</testcase>
<testcase name="testEqualsObject(PileInt, Object)[372]" classname="pilesimple.test.PileIntTest" time="0">
<system-out><![CDATA[
unique-id: [engine:junit-jupiter]/[class:pilesimple.test.PileIntTest]/[test-template:testEqualsObject(pilesimple.PileInt, java.lang.Object)]/[test-template-invocation:#372]
display-name: [372] PileInt(1/25):[-705429044 ], chaine7
]]></system-out>
</testcase>
<testcase name="testEqualsObject(PileInt, Object)[373]" classname="pilesimple.test.PileIntTest" time="0">
<system-out><![CDATA[
unique-id: [engine:junit-jupiter]/[class:pilesimple.test.PileIntTest]/[test-template:testEqualsObject(pilesimple.PileInt, java.lang.Object)]/[test-template-invocation:#373]
display-name: [373] PileInt(1/25):[-705429044 ], chaine8
]]></system-out>
</testcase>
<testcase name="testEqualsObject(PileInt, Object)[374]" classname="pilesimple.test.PileIntTest" time="0">
<system-out><![CDATA[
unique-id: [engine:junit-jupiter]/[class:pilesimple.test.PileIntTest]/[test-template:testEqualsObject(pilesimple.PileInt, java.lang.Object)]/[test-template-invocation:#374]
display-name: [374] PileInt(1/25):[-705429044 ], chaine10
]]></system-out>
</testcase>
<testcase name="testEqualsObject(PileInt, Object)[375]" classname="pilesimple.test.PileIntTest" time="0">
<system-out><![CDATA[
unique-id: [engine:junit-jupiter]/[class:pilesimple.test.PileIntTest]/[test-template:testEqualsObject(pilesimple.PileInt, java.lang.Object)]/[test-template-invocation:#375]
display-name: [375] PileInt(1/25):[-705429044 ], chaine11
]]></system-out>
</testcase>
<testcase name="testEqualsObject(PileInt, Object)[376]" classname="pilesimple.test.PileIntTest" time="0">
<system-out><![CDATA[
unique-id: [engine:junit-jupiter]/[class:pilesimple.test.PileIntTest]/[test-template:testEqualsObject(pilesimple.PileInt, java.lang.Object)]/[test-template-invocation:#376]
display-name: [376] PileInt(1/25):[-705429044 ], chaine12
]]></system-out>
</testcase>
<testcase name="testEqualsObject(PileInt, Object)[377]" classname="pilesimple.test.PileIntTest" time="0">
<system-out><![CDATA[
unique-id: [engine:junit-jupiter]/[class:pilesimple.test.PileIntTest]/[test-template:testEqualsObject(pilesimple.PileInt, java.lang.Object)]/[test-template-invocation:#377]
display-name: [377] PileInt(1/25):[-705429044 ], null
]]></system-out>
</testcase>
<testcase name="testEqualsObject(PileInt, Object)[378]" classname="pilesimple.test.PileIntTest" time="0">
<system-out><![CDATA[
unique-id: [engine:junit-jupiter]/[class:pilesimple.test.PileIntTest]/[test-template:testEqualsObject(pilesimple.PileInt, java.lang.Object)]/[test-template-invocation:#378]
display-name: [378] PileInt(1/25):[-705429044 ], java.lang.Object@6bf0219d
]]></system-out>
</testcase>
<testcase name="testEqualsObject(PileInt, Object)[379]" classname="pilesimple.test.PileIntTest" time="0">
<system-out><![CDATA[
unique-id: [engine:junit-jupiter]/[class:pilesimple.test.PileIntTest]/[test-template:testEqualsObject(pilesimple.PileInt, java.lang.Object)]/[test-template-invocation:#379]
display-name: [379] PileInt(1/25):[-705429044 ], abc
]]></system-out>
</testcase>
<testcase name="testEqualsObject(PileInt, Object)[380]" classname="pilesimple.test.PileIntTest" time="0">
<system-out><![CDATA[
unique-id: [engine:junit-jupiter]/[class:pilesimple.test.PileIntTest]/[test-template:testEqualsObject(pilesimple.PileInt, java.lang.Object)]/[test-template-invocation:#380]
display-name: [380] PileInt(1/25):[-705429044 ], 1
]]></system-out>
</testcase>
<testcase name="testEqualsObject(PileInt, Object)[381]" classname="pilesimple.test.PileIntTest" time="0">
<system-out><![CDATA[
unique-id: [engine:junit-jupiter]/[class:pilesimple.test.PileIntTest]/[test-template:testEqualsObject(pilesimple.PileInt, java.lang.Object)]/[test-template-invocation:#381]
display-name: [381] PileInt(1/25):[-705429044 ], PileInt(1/4):[338894473 ]
]]></system-out>
</testcase>
<testcase name="testEqualsObject(PileInt, Object)[382]" classname="pilesimple.test.PileIntTest" time="0">
<system-out><![CDATA[
unique-id: [engine:junit-jupiter]/[class:pilesimple.test.PileIntTest]/[test-template:testEqualsObject(pilesimple.PileInt, java.lang.Object)]/[test-template-invocation:#382]
display-name: [382] PileInt(1/25):[-705429044 ], PileInt(2/10):[406853085 94227386 ]
]]></system-out>
</testcase>
<testcase name="testEqualsObject(PileInt, Object)[383]" classname="pilesimple.test.PileIntTest" time="0">
<system-out><![CDATA[
unique-id: [engine:junit-jupiter]/[class:pilesimple.test.PileIntTest]/[test-template:testEqualsObject(pilesimple.PileInt, java.lang.Object)]/[test-template-invocation:#383]
display-name: [383] PileInt(1/25):[-705429044 ], PileInt(14/21):[829174856 -560540630 1017069059 -1738412859 300209628 -188841458 -1827026023 -1500709070 -816936810 858109280 -776814606 -2070802362 -136406843 1897636588 ]
]]></system-out>
</testcase>
<testcase name="testEqualsObject(PileInt, Object)[384]" classname="pilesimple.test.PileIntTest" time="0">
<system-out><![CDATA[
unique-id: [engine:junit-jupiter]/[class:pilesimple.test.PileIntTest]/[test-template:testEqualsObject(pilesimple.PileInt, java.lang.Object)]/[test-template-invocation:#384]
display-name: [384] PileInt(1/25):[-705429044 ], PileInt(11/24):[-1489436760 -263993310 1290897763 1717230542 -2064902060 0 0 0 0 0 0 ]
]]></system-out>
</testcase>
<testcase name="testEqualsObject(PileInt, Object)[385]" classname="pilesimple.test.PileIntTest" time="0">
<system-out><![CDATA[
unique-id: [engine:junit-jupiter]/[class:pilesimple.test.PileIntTest]/[test-template:testEqualsObject(pilesimple.PileInt, java.lang.Object)]/[test-template-invocation:#385]
display-name: [385] PileInt(1/25):[-705429044 ], PileInt(2/10):[637862618 -1510457637 ]
]]></system-out>
</testcase>
<testcase name="testEqualsObject(PileInt, Object)[386]" classname="pilesimple.test.PileIntTest" time="0">
<system-out><![CDATA[
unique-id: [engine:junit-jupiter]/[class:pilesimple.test.PileIntTest]/[test-template:testEqualsObject(pilesimple.PileInt, java.lang.Object)]/[test-template-invocation:#386]
display-name: [386] PileInt(1/25):[-705429044 ], PileInt(7/15):[-374846588 1048478229 -920801997 -771279764 -1267021193 0 0 ]
]]></system-out>
</testcase>
<testcase name="testEqualsObject(PileInt, Object)[387]" classname="pilesimple.test.PileIntTest" time="0">
<system-out><![CDATA[
unique-id: [engine:junit-jupiter]/[class:pilesimple.test.PileIntTest]/[test-template:testEqualsObject(pilesimple.PileInt, java.lang.Object)]/[test-template-invocation:#387]
display-name: [387] PileInt(1/25):[-705429044 ], PileInt(6/20):[1428472226 -637821803 -706447001 1150321620 864544919 0 ]
]]></system-out>
</testcase>
<testcase name="testEqualsObject(PileInt, Object)[388]" classname="pilesimple.test.PileIntTest" time="0">
<system-out><![CDATA[
unique-id: [engine:junit-jupiter]/[class:pilesimple.test.PileIntTest]/[test-template:testEqualsObject(pilesimple.PileInt, java.lang.Object)]/[test-template-invocation:#388]
display-name: [388] PileInt(1/25):[-705429044 ], PileInt(23/28):[703876638 393883502 -735980280 1592594415 1442868874 0 0 0 0 0 0 0 0 0 0 0 0 0 0 0 0 0 0 ]
]]></system-out>
</testcase>
<testcase name="testEqualsObject(PileInt, Object)[389]" classname="pilesimple.test.PileIntTest" time="0">
<system-out><![CDATA[
unique-id: [engine:junit-jupiter]/[class:pilesimple.test.PileIntTest]/[test-template:testEqualsObject(pilesimple.PileInt, java.lang.Object)]/[test-template-invocation:#389]
display-name: [389] PileInt(1/25):[-705429044 ], PileInt(2/6):[0 0 ]
]]></system-out>
</testcase>
<testcase name="testEqualsObject(PileInt, Object)[390]" classname="pilesimple.test.PileIntTest" time="0">
<system-out><![CDATA[
unique-id: [engine:junit-jupiter]/[class:pilesimple.test.PileIntTest]/[test-template:testEqualsObject(pilesimple.PileInt, java.lang.Object)]/[test-template-invocation:#390]
display-name: [390] PileInt(1/25):[-705429044 ], PileInt(7/25):[-705429044 -1165162668 1915516414 1792785474 -1102370681 0 0 ]
]]></system-out>
</testcase>
<testcase name="testEqualsObject(PileInt, Object)[391]" classname="pilesimple.test.PileIntTest" time="0">
<system-out><![CDATA[
unique-id: [engine:junit-jupiter]/[class:pilesimple.test.PileIntTest]/[test-template:testEqualsObject(pilesimple.PileInt, java.lang.Object)]/[test-template-invocation:#391]
display-name: [391] PileInt(1/25):[-705429044 ], PileInt(4/8):[1210489329 -1943355528 2110550009 303126429 ]
]]></system-out>
</testcase>
<testcase name="testEqualsObject(PileInt, Object)[392]" classname="pilesimple.test.PileIntTest" time="0">
<system-out><![CDATA[
unique-id: [engine:junit-jupiter]/[class:pilesimple.test.PileIntTest]/[test-template:testEqualsObject(pilesimple.PileInt, java.lang.Object)]/[test-template-invocation:#392]
display-name: [392] PileInt(1/25):[-705429044 ], PileInt(13/25):[1076106784 1001106160 0 0 0 0 0 0 0 0 0 0 0 ]
]]></system-out>
</testcase>
<testcase name="testEqualsObject(PileInt, Object)[393]" classname="pilesimple.test.PileIntTest" time="0">
<system-out><![CDATA[
unique-id: [engine:junit-jupiter]/[class:pilesimple.test.PileIntTest]/[test-template:testEqualsObject(pilesimple.PileInt, java.lang.Object)]/[test-template-invocation:#393]
display-name: [393] PileInt(1/25):[-705429044 ], PileInt(3/20):[-1948372490 1175265028 1509228326 ]
]]></system-out>
</testcase>
<testcase name="testEqualsObject(PileInt, Object)[394]" classname="pilesimple.test.PileIntTest" time="0">
<system-out><![CDATA[
unique-id: [engine:junit-jupiter]/[class:pilesimple.test.PileIntTest]/[test-template:testEqualsObject(pilesimple.PileInt, java.lang.Object)]/[test-template-invocation:#394]
display-name: [394] PileInt(1/25):[-705429044 ], PileInt(0/1):[]
]]></system-out>
</testcase>
<testcase name="testEqualsObject(PileInt, Object)[395]" classname="pilesimple.test.PileIntTest" time="0">
<system-out><![CDATA[
unique-id: [engine:junit-jupiter]/[class:pilesimple.test.PileIntTest]/[test-template:testEqualsObject(pilesimple.PileInt, java.lang.Object)]/[test-template-invocation:#395]
display-name: [395] PileInt(1/25):[-705429044 ], PileInt(11/13):[-684180429 633166819 0 0 0 0 0 0 0 0 0 ]
]]></system-out>
</testcase>
<testcase name="testEqualsObject(PileInt, Object)[396]" classname="pilesimple.test.PileIntTest" time="0">
<system-out><![CDATA[
unique-id: [engine:junit-jupiter]/[class:pilesimple.test.PileIntTest]/[test-template:testEqualsObject(pilesimple.PileInt, java.lang.Object)]/[test-template-invocation:#396]
display-name: [396] PileInt(1/25):[-705429044 ], PileInt(0/7):[]
]]></system-out>
</testcase>
<testcase name="testEqualsObject(PileInt, Object)[397]" classname="pilesimple.test.PileIntTest" time="0">
<system-out><![CDATA[
unique-id: [engine:junit-jupiter]/[class:pilesimple.test.PileIntTest]/[test-template:testEqualsObject(pilesimple.PileInt, java.lang.Object)]/[test-template-invocation:#397]
display-name: [397] PileInt(1/25):[-705429044 ], PileInt(1/16):[1362992196 ]
]]></system-out>
</testcase>
<testcase name="testEqualsObject(PileInt, Object)[398]" classname="pilesimple.test.PileIntTest" time="0">
<system-out><![CDATA[
unique-id: [engine:junit-jupiter]/[class:pilesimple.test.PileIntTest]/[test-template:testEqualsObject(pilesimple.PileInt, java.lang.Object)]/[test-template-invocation:#398]
display-name: [398] PileInt(1/25):[-705429044 ], PileInt(4/25):[-177297065 -317067174 1538678292 1459401015 ]
]]></system-out>
</testcase>
<testcase name="testEqualsObject(PileInt, Object)[399]" classname="pilesimple.test.PileIntTest" time="0">
<system-out><![CDATA[
unique-id: [engine:junit-jupiter]/[class:pilesimple.test.PileIntTest]/[test-template:testEqualsObject(pilesimple.PileInt, java.lang.Object)]/[test-template-invocation:#399]
display-name: [399] PileInt(1/25):[-705429044 ], PileInt(1/4):[-810202728 ]
]]></system-out>
</testcase>
<testcase name="testEqualsObject(PileInt, Object)[400]" classname="pilesimple.test.PileIntTest" time="0">
<system-out><![CDATA[
unique-id: [engine:junit-jupiter]/[class:pilesimple.test.PileIntTest]/[test-template:testEqualsObject(pilesimple.PileInt, java.lang.Object)]/[test-template-invocation:#400]
display-name: [400] PileInt(1/25):[-705429044 ], PileInt(3/5):[-234217948 -2036859372 0 ]
]]></system-out>
</testcase>
<testcase name="testEqualsObject(PileInt, Object)[401]" classname="pilesimple.test.PileIntTest" time="0">
<system-out><![CDATA[
unique-id: [engine:junit-jupiter]/[class:pilesimple.test.PileIntTest]/[test-template:testEqualsObject(pilesimple.PileInt, java.lang.Object)]/[test-template-invocation:#401]
display-name: [401] PileInt(3/8):[1210489329 -1943355528 2110550009 ], null
]]></system-out>
</testcase>
<testcase name="testEqualsObject(PileInt, Object)[402]" classname="pilesimple.test.PileIntTest" time="0">
<system-out><![CDATA[
unique-id: [engine:junit-jupiter]/[class:pilesimple.test.PileIntTest]/[test-template:testEqualsObject(pilesimple.PileInt, java.lang.Object)]/[test-template-invocation:#402]
display-name: [402] PileInt(3/8):[1210489329 -1943355528 2110550009 ], 
]]></system-out>
</testcase>
<testcase name="testEqualsObject(PileInt, Object)[403]" classname="pilesimple.test.PileIntTest" time="0">
<system-out><![CDATA[
unique-id: [engine:junit-jupiter]/[class:pilesimple.test.PileIntTest]/[test-template:testEqualsObject(pilesimple.PileInt, java.lang.Object)]/[test-template-invocation:#403]
display-name: [403] PileInt(3/8):[1210489329 -1943355528 2110550009 ], abc
]]></system-out>
</testcase>
<testcase name="testEqualsObject(PileInt, Object)[404]" classname="pilesimple.test.PileIntTest" time="0">
<system-out><![CDATA[
unique-id: [engine:junit-jupiter]/[class:pilesimple.test.PileIntTest]/[test-template:testEqualsObject(pilesimple.PileInt, java.lang.Object)]/[test-template-invocation:#404]
display-name: [404] PileInt(3/8):[1210489329 -1943355528 2110550009 ], Abjh45
]]></system-out>
</testcase>
<testcase name="testEqualsObject(PileInt, Object)[405]" classname="pilesimple.test.PileIntTest" time="0">
<system-out><![CDATA[
unique-id: [engine:junit-jupiter]/[class:pilesimple.test.PileIntTest]/[test-template:testEqualsObject(pilesimple.PileInt, java.lang.Object)]/[test-template-invocation:#405]
display-name: [405] PileInt(3/8):[1210489329 -1943355528 2110550009 ], ch1
]]></system-out>
</testcase>
<testcase name="testEqualsObject(PileInt, Object)[406]" classname="pilesimple.test.PileIntTest" time="0">
<system-out><![CDATA[
unique-id: [engine:junit-jupiter]/[class:pilesimple.test.PileIntTest]/[test-template:testEqualsObject(pilesimple.PileInt, java.lang.Object)]/[test-template-invocation:#406]
display-name: [406] PileInt(3/8):[1210489329 -1943355528 2110550009 ], 5662
]]></system-out>
</testcase>
<testcase name="testEqualsObject(PileInt, Object)[407]" classname="pilesimple.test.PileIntTest" time="0">
<system-out><![CDATA[
unique-id: [engine:junit-jupiter]/[class:pilesimple.test.PileIntTest]/[test-template:testEqualsObject(pilesimple.PileInt, java.lang.Object)]/[test-template-invocation:#407]
display-name: [407] PileInt(3/8):[1210489329 -1943355528 2110550009 ], ch2
]]></system-out>
</testcase>
<testcase name="testEqualsObject(PileInt, Object)[408]" classname="pilesimple.test.PileIntTest" time="0">
<system-out><![CDATA[
unique-id: [engine:junit-jupiter]/[class:pilesimple.test.PileIntTest]/[test-template:testEqualsObject(pilesimple.PileInt, java.lang.Object)]/[test-template-invocation:#408]
display-name: [408] PileInt(3/8):[1210489329 -1943355528 2110550009 ], ch3
]]></system-out>
</testcase>
<testcase name="testEqualsObject(PileInt, Object)[409]" classname="pilesimple.test.PileIntTest" time="0">
<system-out><![CDATA[
unique-id: [engine:junit-jupiter]/[class:pilesimple.test.PileIntTest]/[test-template:testEqualsObject(pilesimple.PileInt, java.lang.Object)]/[test-template-invocation:#409]
display-name: [409] PileInt(3/8):[1210489329 -1943355528 2110550009 ], ch4
]]></system-out>
</testcase>
<testcase name="testEqualsObject(PileInt, Object)[410]" classname="pilesimple.test.PileIntTest" time="0">
<system-out><![CDATA[
unique-id: [engine:junit-jupiter]/[class:pilesimple.test.PileIntTest]/[test-template:testEqualsObject(pilesimple.PileInt, java.lang.Object)]/[test-template-invocation:#410]
display-name: [410] PileInt(3/8):[1210489329 -1943355528 2110550009 ], ch5
]]></system-out>
</testcase>
<testcase name="testEqualsObject(PileInt, Object)[411]" classname="pilesimple.test.PileIntTest" time="0">
<system-out><![CDATA[
unique-id: [engine:junit-jupiter]/[class:pilesimple.test.PileIntTest]/[test-template:testEqualsObject(pilesimple.PileInt, java.lang.Object)]/[test-template-invocation:#411]
display-name: [411] PileInt(3/8):[1210489329 -1943355528 2110550009 ], chaine6
]]></system-out>
</testcase>
<testcase name="testEqualsObject(PileInt, Object)[412]" classname="pilesimple.test.PileIntTest" time="0">
<system-out><![CDATA[
unique-id: [engine:junit-jupiter]/[class:pilesimple.test.PileIntTest]/[test-template:testEqualsObject(pilesimple.PileInt, java.lang.Object)]/[test-template-invocation:#412]
display-name: [412] PileInt(3/8):[1210489329 -1943355528 2110550009 ], chaine7
]]></system-out>
</testcase>
<testcase name="testEqualsObject(PileInt, Object)[413]" classname="pilesimple.test.PileIntTest" time="0">
<system-out><![CDATA[
unique-id: [engine:junit-jupiter]/[class:pilesimple.test.PileIntTest]/[test-template:testEqualsObject(pilesimple.PileInt, java.lang.Object)]/[test-template-invocation:#413]
display-name: [413] PileInt(3/8):[1210489329 -1943355528 2110550009 ], chaine8
]]></system-out>
</testcase>
<testcase name="testEqualsObject(PileInt, Object)[414]" classname="pilesimple.test.PileIntTest" time="0">
<system-out><![CDATA[
unique-id: [engine:junit-jupiter]/[class:pilesimple.test.PileIntTest]/[test-template:testEqualsObject(pilesimple.PileInt, java.lang.Object)]/[test-template-invocation:#414]
display-name: [414] PileInt(3/8):[1210489329 -1943355528 2110550009 ], chaine10
]]></system-out>
</testcase>
<testcase name="testEqualsObject(PileInt, Object)[415]" classname="pilesimple.test.PileIntTest" time="0">
<system-out><![CDATA[
unique-id: [engine:junit-jupiter]/[class:pilesimple.test.PileIntTest]/[test-template:testEqualsObject(pilesimple.PileInt, java.lang.Object)]/[test-template-invocation:#415]
display-name: [415] PileInt(3/8):[1210489329 -1943355528 2110550009 ], chaine11
]]></system-out>
</testcase>
<testcase name="testEqualsObject(PileInt, Object)[416]" classname="pilesimple.test.PileIntTest" time="0">
<system-out><![CDATA[
unique-id: [engine:junit-jupiter]/[class:pilesimple.test.PileIntTest]/[test-template:testEqualsObject(pilesimple.PileInt, java.lang.Object)]/[test-template-invocation:#416]
display-name: [416] PileInt(3/8):[1210489329 -1943355528 2110550009 ], chaine12
]]></system-out>
</testcase>
<testcase name="testEqualsObject(PileInt, Object)[417]" classname="pilesimple.test.PileIntTest" time="0">
<system-out><![CDATA[
unique-id: [engine:junit-jupiter]/[class:pilesimple.test.PileIntTest]/[test-template:testEqualsObject(pilesimple.PileInt, java.lang.Object)]/[test-template-invocation:#417]
display-name: [417] PileInt(3/8):[1210489329 -1943355528 2110550009 ], null
]]></system-out>
</testcase>
<testcase name="testEqualsObject(PileInt, Object)[418]" classname="pilesimple.test.PileIntTest" time="0">
<system-out><![CDATA[
unique-id: [engine:junit-jupiter]/[class:pilesimple.test.PileIntTest]/[test-template:testEqualsObject(pilesimple.PileInt, java.lang.Object)]/[test-template-invocation:#418]
display-name: [418] PileInt(3/8):[1210489329 -1943355528 2110550009 ], java.lang.Object@6bf0219d
]]></system-out>
</testcase>
<testcase name="testEqualsObject(PileInt, Object)[419]" classname="pilesimple.test.PileIntTest" time="0">
<system-out><![CDATA[
unique-id: [engine:junit-jupiter]/[class:pilesimple.test.PileIntTest]/[test-template:testEqualsObject(pilesimple.PileInt, java.lang.Object)]/[test-template-invocation:#419]
display-name: [419] PileInt(3/8):[1210489329 -1943355528 2110550009 ], abc
]]></system-out>
</testcase>
<testcase name="testEqualsObject(PileInt, Object)[420]" classname="pilesimple.test.PileIntTest" time="0">
<system-out><![CDATA[
unique-id: [engine:junit-jupiter]/[class:pilesimple.test.PileIntTest]/[test-template:testEqualsObject(pilesimple.PileInt, java.lang.Object)]/[test-template-invocation:#420]
display-name: [420] PileInt(3/8):[1210489329 -1943355528 2110550009 ], 1
]]></system-out>
</testcase>
<testcase name="testEqualsObject(PileInt, Object)[421]" classname="pilesimple.test.PileIntTest" time="0">
<system-out><![CDATA[
unique-id: [engine:junit-jupiter]/[class:pilesimple.test.PileIntTest]/[test-template:testEqualsObject(pilesimple.PileInt, java.lang.Object)]/[test-template-invocation:#421]
display-name: [421] PileInt(3/8):[1210489329 -1943355528 2110550009 ], PileInt(1/4):[338894473 ]
]]></system-out>
</testcase>
<testcase name="testEqualsObject(PileInt, Object)[422]" classname="pilesimple.test.PileIntTest" time="0">
<system-out><![CDATA[
unique-id: [engine:junit-jupiter]/[class:pilesimple.test.PileIntTest]/[test-template:testEqualsObject(pilesimple.PileInt, java.lang.Object)]/[test-template-invocation:#422]
display-name: [422] PileInt(3/8):[1210489329 -1943355528 2110550009 ], PileInt(9/10):[406853085 94227386 0 0 0 0 0 0 0 ]
]]></system-out>
</testcase>
<testcase name="testEqualsObject(PileInt, Object)[423]" classname="pilesimple.test.PileIntTest" time="0">
<system-out><![CDATA[
unique-id: [engine:junit-jupiter]/[class:pilesimple.test.PileIntTest]/[test-template:testEqualsObject(pilesimple.PileInt, java.lang.Object)]/[test-template-invocation:#423]
display-name: [423] PileInt(3/8):[1210489329 -1943355528 2110550009 ], PileInt(19/21):[829174856 -560540630 1017069059 -1738412859 300209628 -188841458 -1827026023 -1500709070 -816936810 858109280 -776814606 -2070802362 -136406843 1897636588 0 0 0 0 0 ]
]]></system-out>
</testcase>
<testcase name="testEqualsObject(PileInt, Object)[424]" classname="pilesimple.test.PileIntTest" time="0">
<system-out><![CDATA[
unique-id: [engine:junit-jupiter]/[class:pilesimple.test.PileIntTest]/[test-template:testEqualsObject(pilesimple.PileInt, java.lang.Object)]/[test-template-invocation:#424]
display-name: [424] PileInt(3/8):[1210489329 -1943355528 2110550009 ], PileInt(0/24):[]
]]></system-out>
</testcase>
<testcase name="testEqualsObject(PileInt, Object)[425]" classname="pilesimple.test.PileIntTest" time="0">
<system-out><![CDATA[
unique-id: [engine:junit-jupiter]/[class:pilesimple.test.PileIntTest]/[test-template:testEqualsObject(pilesimple.PileInt, java.lang.Object)]/[test-template-invocation:#425]
display-name: [425] PileInt(3/8):[1210489329 -1943355528 2110550009 ], PileInt(8/10):[637862618 -1510457637 2016118339 -24306896 1280740200 0 0 0 ]
]]></system-out>
</testcase>
<testcase name="testEqualsObject(PileInt, Object)[426]" classname="pilesimple.test.PileIntTest" time="0">
<system-out><![CDATA[
unique-id: [engine:junit-jupiter]/[class:pilesimple.test.PileIntTest]/[test-template:testEqualsObject(pilesimple.PileInt, java.lang.Object)]/[test-template-invocation:#426]
display-name: [426] PileInt(3/8):[1210489329 -1943355528 2110550009 ], PileInt(1/15):[-374846588 ]
]]></system-out>
</testcase>
<testcase name="testEqualsObject(PileInt, Object)[427]" classname="pilesimple.test.PileIntTest" time="0">
<system-out><![CDATA[
unique-id: [engine:junit-jupiter]/[class:pilesimple.test.PileIntTest]/[test-template:testEqualsObject(pilesimple.PileInt, java.lang.Object)]/[test-template-invocation:#427]
display-name: [427] PileInt(3/8):[1210489329 -1943355528 2110550009 ], PileInt(1/20):[1428472226 ]
]]></system-out>
</testcase>
<testcase name="testEqualsObject(PileInt, Object)[428]" classname="pilesimple.test.PileIntTest" time="0">
<system-out><![CDATA[
unique-id: [engine:junit-jupiter]/[class:pilesimple.test.PileIntTest]/[test-template:testEqualsObject(pilesimple.PileInt, java.lang.Object)]/[test-template-invocation:#428]
display-name: [428] PileInt(3/8):[1210489329 -1943355528 2110550009 ], PileInt(15/28):[703876638 393883502 -735980280 1592594415 1442868874 0 0 0 0 0 0 0 0 0 0 ]
]]></system-out>
</testcase>
<testcase name="testEqualsObject(PileInt, Object)[429]" classname="pilesimple.test.PileIntTest" time="0">
<system-out><![CDATA[
unique-id: [engine:junit-jupiter]/[class:pilesimple.test.PileIntTest]/[test-template:testEqualsObject(pilesimple.PileInt, java.lang.Object)]/[test-template-invocation:#429]
display-name: [429] PileInt(3/8):[1210489329 -1943355528 2110550009 ], PileInt(4/6):[0 0 0 0 ]
]]></system-out>
</testcase>
<testcase name="testEqualsObject(PileInt, Object)[430]" classname="pilesimple.test.PileIntTest" time="0">
<system-out><![CDATA[
unique-id: [engine:junit-jupiter]/[class:pilesimple.test.PileIntTest]/[test-template:testEqualsObject(pilesimple.PileInt, java.lang.Object)]/[test-template-invocation:#430]
display-name: [430] PileInt(3/8):[1210489329 -1943355528 2110550009 ], PileInt(13/25):[-705429044 -1165162668 1915516414 1792785474 -1102370681 0 0 0 0 0 0 0 0 ]
]]></system-out>
</testcase>
<testcase name="testEqualsObject(PileInt, Object)[431]" classname="pilesimple.test.PileIntTest" time="0">
<system-out><![CDATA[
unique-id: [engine:junit-jupiter]/[class:pilesimple.test.PileIntTest]/[test-template:testEqualsObject(pilesimple.PileInt, java.lang.Object)]/[test-template-invocation:#431]
display-name: [431] PileInt(3/8):[1210489329 -1943355528 2110550009 ], PileInt(5/8):[1210489329 -1943355528 2110550009 303126429 0 ]
]]></system-out>
</testcase>
<testcase name="testEqualsObject(PileInt, Object)[432]" classname="pilesimple.test.PileIntTest" time="0">
<system-out><![CDATA[
unique-id: [engine:junit-jupiter]/[class:pilesimple.test.PileIntTest]/[test-template:testEqualsObject(pilesimple.PileInt, java.lang.Object)]/[test-template-invocation:#432]
display-name: [432] PileInt(3/8):[1210489329 -1943355528 2110550009 ], PileInt(9/25):[1076106784 1001106160 0 0 0 0 0 0 0 ]
]]></system-out>
</testcase>
<testcase name="testEqualsObject(PileInt, Object)[433]" classname="pilesimple.test.PileIntTest" time="0">
<system-out><![CDATA[
unique-id: [engine:junit-jupiter]/[class:pilesimple.test.PileIntTest]/[test-template:testEqualsObject(pilesimple.PileInt, java.lang.Object)]/[test-template-invocation:#433]
display-name: [433] PileInt(3/8):[1210489329 -1943355528 2110550009 ], PileInt(17/20):[-1948372490 1175265028 1509228326 982841218 -113535506 -1095093150 388532020 -1696138086 -1404296367 949094180 1074419298 1053087988 -1152583802 826453230 -990184886 0 0 ]
]]></system-out>
</testcase>
<testcase name="testEqualsObject(PileInt, Object)[434]" classname="pilesimple.test.PileIntTest" time="0">
<system-out><![CDATA[
unique-id: [engine:junit-jupiter]/[class:pilesimple.test.PileIntTest]/[test-template:testEqualsObject(pilesimple.PileInt, java.lang.Object)]/[test-template-invocation:#434]
display-name: [434] PileInt(3/8):[1210489329 -1943355528 2110550009 ], PileInt(0/1):[]
]]></system-out>
</testcase>
<testcase name="testEqualsObject(PileInt, Object)[435]" classname="pilesimple.test.PileIntTest" time="0">
<system-out><![CDATA[
unique-id: [engine:junit-jupiter]/[class:pilesimple.test.PileIntTest]/[test-template:testEqualsObject(pilesimple.PileInt, java.lang.Object)]/[test-template-invocation:#435]
display-name: [435] PileInt(3/8):[1210489329 -1943355528 2110550009 ], PileInt(10/13):[-684180429 633166819 0 0 0 0 0 0 0 0 ]
]]></system-out>
</testcase>
<testcase name="testEqualsObject(PileInt, Object)[436]" classname="pilesimple.test.PileIntTest" time="0">
<system-out><![CDATA[
unique-id: [engine:junit-jupiter]/[class:pilesimple.test.PileIntTest]/[test-template:testEqualsObject(pilesimple.PileInt, java.lang.Object)]/[test-template-invocation:#436]
display-name: [436] PileInt(3/8):[1210489329 -1943355528 2110550009 ], PileInt(4/7):[-1274647728 1596499529 -463382582 0 ]
]]></system-out>
</testcase>
<testcase name="testEqualsObject(PileInt, Object)[437]" classname="pilesimple.test.PileIntTest" time="0">
<system-out><![CDATA[
unique-id: [engine:junit-jupiter]/[class:pilesimple.test.PileIntTest]/[test-template:testEqualsObject(pilesimple.PileInt, java.lang.Object)]/[test-template-invocation:#437]
display-name: [437] PileInt(3/8):[1210489329 -1943355528 2110550009 ], PileInt(0/16):[]
]]></system-out>
</testcase>
<testcase name="testEqualsObject(PileInt, Object)[438]" classname="pilesimple.test.PileIntTest" time="0">
<system-out><![CDATA[
unique-id: [engine:junit-jupiter]/[class:pilesimple.test.PileIntTest]/[test-template:testEqualsObject(pilesimple.PileInt, java.lang.Object)]/[test-template-invocation:#438]
display-name: [438] PileInt(3/8):[1210489329 -1943355528 2110550009 ], PileInt(8/25):[-177297065 -317067174 1538678292 1459401015 764171947 -791717276 -1475135243 1373362923 ]
]]></system-out>
</testcase>
<testcase name="testEqualsObject(PileInt, Object)[439]" classname="pilesimple.test.PileIntTest" time="0">
<system-out><![CDATA[
unique-id: [engine:junit-jupiter]/[class:pilesimple.test.PileIntTest]/[test-template:testEqualsObject(pilesimple.PileInt, java.lang.Object)]/[test-template-invocation:#439]
display-name: [439] PileInt(3/8):[1210489329 -1943355528 2110550009 ], PileInt(2/4):[-810202728 -2036874149 ]
]]></system-out>
</testcase>
<testcase name="testEqualsObject(PileInt, Object)[440]" classname="pilesimple.test.PileIntTest" time="0.001">
<system-out><![CDATA[
unique-id: [engine:junit-jupiter]/[class:pilesimple.test.PileIntTest]/[test-template:testEqualsObject(pilesimple.PileInt, java.lang.Object)]/[test-template-invocation:#440]
display-name: [440] PileInt(3/8):[1210489329 -1943355528 2110550009 ], PileInt(3/5):[-234217948 -2036859372 0 ]
]]></system-out>
</testcase>
<testcase name="testEqualsObject(PileInt, Object)[441]" classname="pilesimple.test.PileIntTest" time="0">
<system-out><![CDATA[
unique-id: [engine:junit-jupiter]/[class:pilesimple.test.PileIntTest]/[test-template:testEqualsObject(pilesimple.PileInt, java.lang.Object)]/[test-template-invocation:#441]
display-name: [441] PileInt(24/25):[1076106784 1001106160 0 0 0 0 0 0 0 0 0 0 0 0 0 0 0 0 0 0 0 0 0 0 ], null
]]></system-out>
</testcase>
<testcase name="testEqualsObject(PileInt, Object)[442]" classname="pilesimple.test.PileIntTest" time="0">
<system-out><![CDATA[
unique-id: [engine:junit-jupiter]/[class:pilesimple.test.PileIntTest]/[test-template:testEqualsObject(pilesimple.PileInt, java.lang.Object)]/[test-template-invocation:#442]
display-name: [442] PileInt(24/25):[1076106784 1001106160 0 0 0 0 0 0 0 0 0 0 0 0 0 0 0 0 0 0 0 0 0 0 ], 
]]></system-out>
</testcase>
<testcase name="testEqualsObject(PileInt, Object)[443]" classname="pilesimple.test.PileIntTest" time="0">
<system-out><![CDATA[
unique-id: [engine:junit-jupiter]/[class:pilesimple.test.PileIntTest]/[test-template:testEqualsObject(pilesimple.PileInt, java.lang.Object)]/[test-template-invocation:#443]
display-name: [443] PileInt(24/25):[1076106784 1001106160 0 0 0 0 0 0 0 0 0 0 0 0 0 0 0 0 0 0 0 0 0 0 ], abc
]]></system-out>
</testcase>
<testcase name="testEqualsObject(PileInt, Object)[444]" classname="pilesimple.test.PileIntTest" time="0">
<system-out><![CDATA[
unique-id: [engine:junit-jupiter]/[class:pilesimple.test.PileIntTest]/[test-template:testEqualsObject(pilesimple.PileInt, java.lang.Object)]/[test-template-invocation:#444]
display-name: [444] PileInt(24/25):[1076106784 1001106160 0 0 0 0 0 0 0 0 0 0 0 0 0 0 0 0 0 0 0 0 0 0 ], Abjh45
]]></system-out>
</testcase>
<testcase name="testEqualsObject(PileInt, Object)[445]" classname="pilesimple.test.PileIntTest" time="0">
<system-out><![CDATA[
unique-id: [engine:junit-jupiter]/[class:pilesimple.test.PileIntTest]/[test-template:testEqualsObject(pilesimple.PileInt, java.lang.Object)]/[test-template-invocation:#445]
display-name: [445] PileInt(24/25):[1076106784 1001106160 0 0 0 0 0 0 0 0 0 0 0 0 0 0 0 0 0 0 0 0 0 0 ], ch1
]]></system-out>
</testcase>
<testcase name="testEqualsObject(PileInt, Object)[446]" classname="pilesimple.test.PileIntTest" time="0">
<system-out><![CDATA[
unique-id: [engine:junit-jupiter]/[class:pilesimple.test.PileIntTest]/[test-template:testEqualsObject(pilesimple.PileInt, java.lang.Object)]/[test-template-invocation:#446]
display-name: [446] PileInt(24/25):[1076106784 1001106160 0 0 0 0 0 0 0 0 0 0 0 0 0 0 0 0 0 0 0 0 0 0 ], 5662
]]></system-out>
</testcase>
<testcase name="testEqualsObject(PileInt, Object)[447]" classname="pilesimple.test.PileIntTest" time="0">
<system-out><![CDATA[
unique-id: [engine:junit-jupiter]/[class:pilesimple.test.PileIntTest]/[test-template:testEqualsObject(pilesimple.PileInt, java.lang.Object)]/[test-template-invocation:#447]
display-name: [447] PileInt(24/25):[1076106784 1001106160 0 0 0 0 0 0 0 0 0 0 0 0 0 0 0 0 0 0 0 0 0 0 ], ch2
]]></system-out>
</testcase>
<testcase name="testEqualsObject(PileInt, Object)[448]" classname="pilesimple.test.PileIntTest" time="0">
<system-out><![CDATA[
unique-id: [engine:junit-jupiter]/[class:pilesimple.test.PileIntTest]/[test-template:testEqualsObject(pilesimple.PileInt, java.lang.Object)]/[test-template-invocation:#448]
display-name: [448] PileInt(24/25):[1076106784 1001106160 0 0 0 0 0 0 0 0 0 0 0 0 0 0 0 0 0 0 0 0 0 0 ], ch3
]]></system-out>
</testcase>
<testcase name="testEqualsObject(PileInt, Object)[449]" classname="pilesimple.test.PileIntTest" time="0">
<system-out><![CDATA[
unique-id: [engine:junit-jupiter]/[class:pilesimple.test.PileIntTest]/[test-template:testEqualsObject(pilesimple.PileInt, java.lang.Object)]/[test-template-invocation:#449]
display-name: [449] PileInt(24/25):[1076106784 1001106160 0 0 0 0 0 0 0 0 0 0 0 0 0 0 0 0 0 0 0 0 0 0 ], ch4
]]></system-out>
</testcase>
<testcase name="testEqualsObject(PileInt, Object)[450]" classname="pilesimple.test.PileIntTest" time="0">
<system-out><![CDATA[
unique-id: [engine:junit-jupiter]/[class:pilesimple.test.PileIntTest]/[test-template:testEqualsObject(pilesimple.PileInt, java.lang.Object)]/[test-template-invocation:#450]
display-name: [450] PileInt(24/25):[1076106784 1001106160 0 0 0 0 0 0 0 0 0 0 0 0 0 0 0 0 0 0 0 0 0 0 ], ch5
]]></system-out>
</testcase>
<testcase name="testEqualsObject(PileInt, Object)[451]" classname="pilesimple.test.PileIntTest" time="0">
<system-out><![CDATA[
unique-id: [engine:junit-jupiter]/[class:pilesimple.test.PileIntTest]/[test-template:testEqualsObject(pilesimple.PileInt, java.lang.Object)]/[test-template-invocation:#451]
display-name: [451] PileInt(24/25):[1076106784 1001106160 0 0 0 0 0 0 0 0 0 0 0 0 0 0 0 0 0 0 0 0 0 0 ], chaine6
]]></system-out>
</testcase>
<testcase name="testEqualsObject(PileInt, Object)[452]" classname="pilesimple.test.PileIntTest" time="0">
<system-out><![CDATA[
unique-id: [engine:junit-jupiter]/[class:pilesimple.test.PileIntTest]/[test-template:testEqualsObject(pilesimple.PileInt, java.lang.Object)]/[test-template-invocation:#452]
display-name: [452] PileInt(24/25):[1076106784 1001106160 0 0 0 0 0 0 0 0 0 0 0 0 0 0 0 0 0 0 0 0 0 0 ], chaine7
]]></system-out>
</testcase>
<testcase name="testEqualsObject(PileInt, Object)[453]" classname="pilesimple.test.PileIntTest" time="0">
<system-out><![CDATA[
unique-id: [engine:junit-jupiter]/[class:pilesimple.test.PileIntTest]/[test-template:testEqualsObject(pilesimple.PileInt, java.lang.Object)]/[test-template-invocation:#453]
display-name: [453] PileInt(24/25):[1076106784 1001106160 0 0 0 0 0 0 0 0 0 0 0 0 0 0 0 0 0 0 0 0 0 0 ], chaine8
]]></system-out>
</testcase>
<testcase name="testEqualsObject(PileInt, Object)[454]" classname="pilesimple.test.PileIntTest" time="0">
<system-out><![CDATA[
unique-id: [engine:junit-jupiter]/[class:pilesimple.test.PileIntTest]/[test-template:testEqualsObject(pilesimple.PileInt, java.lang.Object)]/[test-template-invocation:#454]
display-name: [454] PileInt(24/25):[1076106784 1001106160 0 0 0 0 0 0 0 0 0 0 0 0 0 0 0 0 0 0 0 0 0 0 ], chaine10
]]></system-out>
</testcase>
<testcase name="testEqualsObject(PileInt, Object)[455]" classname="pilesimple.test.PileIntTest" time="0">
<system-out><![CDATA[
unique-id: [engine:junit-jupiter]/[class:pilesimple.test.PileIntTest]/[test-template:testEqualsObject(pilesimple.PileInt, java.lang.Object)]/[test-template-invocation:#455]
display-name: [455] PileInt(24/25):[1076106784 1001106160 0 0 0 0 0 0 0 0 0 0 0 0 0 0 0 0 0 0 0 0 0 0 ], chaine11
]]></system-out>
</testcase>
<testcase name="testEqualsObject(PileInt, Object)[456]" classname="pilesimple.test.PileIntTest" time="0">
<system-out><![CDATA[
unique-id: [engine:junit-jupiter]/[class:pilesimple.test.PileIntTest]/[test-template:testEqualsObject(pilesimple.PileInt, java.lang.Object)]/[test-template-invocation:#456]
display-name: [456] PileInt(24/25):[1076106784 1001106160 0 0 0 0 0 0 0 0 0 0 0 0 0 0 0 0 0 0 0 0 0 0 ], chaine12
]]></system-out>
</testcase>
<testcase name="testEqualsObject(PileInt, Object)[457]" classname="pilesimple.test.PileIntTest" time="0">
<system-out><![CDATA[
unique-id: [engine:junit-jupiter]/[class:pilesimple.test.PileIntTest]/[test-template:testEqualsObject(pilesimple.PileInt, java.lang.Object)]/[test-template-invocation:#457]
display-name: [457] PileInt(24/25):[1076106784 1001106160 0 0 0 0 0 0 0 0 0 0 0 0 0 0 0 0 0 0 0 0 0 0 ], null
]]></system-out>
</testcase>
<testcase name="testEqualsObject(PileInt, Object)[458]" classname="pilesimple.test.PileIntTest" time="0">
<system-out><![CDATA[
unique-id: [engine:junit-jupiter]/[class:pilesimple.test.PileIntTest]/[test-template:testEqualsObject(pilesimple.PileInt, java.lang.Object)]/[test-template-invocation:#458]
display-name: [458] PileInt(24/25):[1076106784 1001106160 0 0 0 0 0 0 0 0 0 0 0 0 0 0 0 0 0 0 0 0 0 0 ], java.lang.Object@6bf0219d
]]></system-out>
</testcase>
<testcase name="testEqualsObject(PileInt, Object)[459]" classname="pilesimple.test.PileIntTest" time="0">
<system-out><![CDATA[
unique-id: [engine:junit-jupiter]/[class:pilesimple.test.PileIntTest]/[test-template:testEqualsObject(pilesimple.PileInt, java.lang.Object)]/[test-template-invocation:#459]
display-name: [459] PileInt(24/25):[1076106784 1001106160 0 0 0 0 0 0 0 0 0 0 0 0 0 0 0 0 0 0 0 0 0 0 ], abc
]]></system-out>
</testcase>
<testcase name="testEqualsObject(PileInt, Object)[460]" classname="pilesimple.test.PileIntTest" time="0">
<system-out><![CDATA[
unique-id: [engine:junit-jupiter]/[class:pilesimple.test.PileIntTest]/[test-template:testEqualsObject(pilesimple.PileInt, java.lang.Object)]/[test-template-invocation:#460]
display-name: [460] PileInt(24/25):[1076106784 1001106160 0 0 0 0 0 0 0 0 0 0 0 0 0 0 0 0 0 0 0 0 0 0 ], 1
]]></system-out>
</testcase>
<testcase name="testEqualsObject(PileInt, Object)[461]" classname="pilesimple.test.PileIntTest" time="0">
<system-out><![CDATA[
unique-id: [engine:junit-jupiter]/[class:pilesimple.test.PileIntTest]/[test-template:testEqualsObject(pilesimple.PileInt, java.lang.Object)]/[test-template-invocation:#461]
display-name: [461] PileInt(24/25):[1076106784 1001106160 0 0 0 0 0 0 0 0 0 0 0 0 0 0 0 0 0 0 0 0 0 0 ], PileInt(1/4):[338894473 ]
]]></system-out>
</testcase>
<testcase name="testEqualsObject(PileInt, Object)[462]" classname="pilesimple.test.PileIntTest" time="0">
<system-out><![CDATA[
unique-id: [engine:junit-jupiter]/[class:pilesimple.test.PileIntTest]/[test-template:testEqualsObject(pilesimple.PileInt, java.lang.Object)]/[test-template-invocation:#462]
display-name: [462] PileInt(24/25):[1076106784 1001106160 0 0 0 0 0 0 0 0 0 0 0 0 0 0 0 0 0 0 0 0 0 0 ], PileInt(4/10):[406853085 94227386 0 0 ]
]]></system-out>
</testcase>
<testcase name="testEqualsObject(PileInt, Object)[463]" classname="pilesimple.test.PileIntTest" time="0">
<system-out><![CDATA[
unique-id: [engine:junit-jupiter]/[class:pilesimple.test.PileIntTest]/[test-template:testEqualsObject(pilesimple.PileInt, java.lang.Object)]/[test-template-invocation:#463]
display-name: [463] PileInt(24/25):[1076106784 1001106160 0 0 0 0 0 0 0 0 0 0 0 0 0 0 0 0 0 0 0 0 0 0 ], PileInt(2/21):[829174856 -560540630 ]
]]></system-out>
</testcase>
<testcase name="testEqualsObject(PileInt, Object)[464]" classname="pilesimple.test.PileIntTest" time="0">
<system-out><![CDATA[
unique-id: [engine:junit-jupiter]/[class:pilesimple.test.PileIntTest]/[test-template:testEqualsObject(pilesimple.PileInt, java.lang.Object)]/[test-template-invocation:#464]
display-name: [464] PileInt(24/25):[1076106784 1001106160 0 0 0 0 0 0 0 0 0 0 0 0 0 0 0 0 0 0 0 0 0 0 ], PileInt(6/24):[-1489436760 -263993310 1290897763 1717230542 -2064902060 0 ]
]]></system-out>
</testcase>
<testcase name="testEqualsObject(PileInt, Object)[465]" classname="pilesimple.test.PileIntTest" time="0">
<system-out><![CDATA[
unique-id: [engine:junit-jupiter]/[class:pilesimple.test.PileIntTest]/[test-template:testEqualsObject(pilesimple.PileInt, java.lang.Object)]/[test-template-invocation:#465]
display-name: [465] PileInt(24/25):[1076106784 1001106160 0 0 0 0 0 0 0 0 0 0 0 0 0 0 0 0 0 0 0 0 0 0 ], PileInt(9/10):[637862618 -1510457637 2016118339 -24306896 1280740200 0 0 0 0 ]
]]></system-out>
</testcase>
<testcase name="testEqualsObject(PileInt, Object)[466]" classname="pilesimple.test.PileIntTest" time="0">
<system-out><![CDATA[
unique-id: [engine:junit-jupiter]/[class:pilesimple.test.PileIntTest]/[test-template:testEqualsObject(pilesimple.PileInt, java.lang.Object)]/[test-template-invocation:#466]
display-name: [466] PileInt(24/25):[1076106784 1001106160 0 0 0 0 0 0 0 0 0 0 0 0 0 0 0 0 0 0 0 0 0 0 ], PileInt(0/15):[]
]]></system-out>
</testcase>
<testcase name="testEqualsObject(PileInt, Object)[467]" classname="pilesimple.test.PileIntTest" time="0">
<system-out><![CDATA[
unique-id: [engine:junit-jupiter]/[class:pilesimple.test.PileIntTest]/[test-template:testEqualsObject(pilesimple.PileInt, java.lang.Object)]/[test-template-invocation:#467]
display-name: [467] PileInt(24/25):[1076106784 1001106160 0 0 0 0 0 0 0 0 0 0 0 0 0 0 0 0 0 0 0 0 0 0 ], PileInt(2/20):[1428472226 -637821803 ]
]]></system-out>
</testcase>
<testcase name="testEqualsObject(PileInt, Object)[468]" classname="pilesimple.test.PileIntTest" time="0">
<system-out><![CDATA[
unique-id: [engine:junit-jupiter]/[class:pilesimple.test.PileIntTest]/[test-template:testEqualsObject(pilesimple.PileInt, java.lang.Object)]/[test-template-invocation:#468]
display-name: [468] PileInt(24/25):[1076106784 1001106160 0 0 0 0 0 0 0 0 0 0 0 0 0 0 0 0 0 0 0 0 0 0 ], PileInt(4/28):[703876638 393883502 -735980280 1592594415 ]
]]></system-out>
</testcase>
<testcase name="testEqualsObject(PileInt, Object)[469]" classname="pilesimple.test.PileIntTest" time="0">
<system-out><![CDATA[
unique-id: [engine:junit-jupiter]/[class:pilesimple.test.PileIntTest]/[test-template:testEqualsObject(pilesimple.PileInt, java.lang.Object)]/[test-template-invocation:#469]
display-name: [469] PileInt(24/25):[1076106784 1001106160 0 0 0 0 0 0 0 0 0 0 0 0 0 0 0 0 0 0 0 0 0 0 ], PileInt(1/6):[0 ]
]]></system-out>
</testcase>
<testcase name="testEqualsObject(PileInt, Object)[470]" classname="pilesimple.test.PileIntTest" time="0">
<system-out><![CDATA[
unique-id: [engine:junit-jupiter]/[class:pilesimple.test.PileIntTest]/[test-template:testEqualsObject(pilesimple.PileInt, java.lang.Object)]/[test-template-invocation:#470]
display-name: [470] PileInt(24/25):[1076106784 1001106160 0 0 0 0 0 0 0 0 0 0 0 0 0 0 0 0 0 0 0 0 0 0 ], PileInt(11/25):[-705429044 -1165162668 1915516414 1792785474 -1102370681 0 0 0 0 0 0 ]
]]></system-out>
</testcase>
<testcase name="testEqualsObject(PileInt, Object)[471]" classname="pilesimple.test.PileIntTest" time="0">
<system-out><![CDATA[
unique-id: [engine:junit-jupiter]/[class:pilesimple.test.PileIntTest]/[test-template:testEqualsObject(pilesimple.PileInt, java.lang.Object)]/[test-template-invocation:#471]
display-name: [471] PileInt(24/25):[1076106784 1001106160 0 0 0 0 0 0 0 0 0 0 0 0 0 0 0 0 0 0 0 0 0 0 ], PileInt(3/8):[1210489329 -1943355528 2110550009 ]
]]></system-out>
</testcase>
<testcase name="testEqualsObject(PileInt, Object)[472]" classname="pilesimple.test.PileIntTest" time="0">
<system-out><![CDATA[
unique-id: [engine:junit-jupiter]/[class:pilesimple.test.PileIntTest]/[test-template:testEqualsObject(pilesimple.PileInt, java.lang.Object)]/[test-template-invocation:#472]
display-name: [472] PileInt(24/25):[1076106784 1001106160 0 0 0 0 0 0 0 0 0 0 0 0 0 0 0 0 0 0 0 0 0 0 ], PileInt(0/25):[]
]]></system-out>
</testcase>
<testcase name="testEqualsObject(PileInt, Object)[473]" classname="pilesimple.test.PileIntTest" time="0">
<system-out><![CDATA[
unique-id: [engine:junit-jupiter]/[class:pilesimple.test.PileIntTest]/[test-template:testEqualsObject(pilesimple.PileInt, java.lang.Object)]/[test-template-invocation:#473]
display-name: [473] PileInt(24/25):[1076106784 1001106160 0 0 0 0 0 0 0 0 0 0 0 0 0 0 0 0 0 0 0 0 0 0 ], PileInt(15/20):[-1948372490 1175265028 1509228326 982841218 -113535506 -1095093150 388532020 -1696138086 -1404296367 949094180 1074419298 1053087988 -1152583802 826453230 -990184886 ]
]]></system-out>
</testcase>
<testcase name="testEqualsObject(PileInt, Object)[474]" classname="pilesimple.test.PileIntTest" time="0">
<system-out><![CDATA[
unique-id: [engine:junit-jupiter]/[class:pilesimple.test.PileIntTest]/[test-template:testEqualsObject(pilesimple.PileInt, java.lang.Object)]/[test-template-invocation:#474]
display-name: [474] PileInt(24/25):[1076106784 1001106160 0 0 0 0 0 0 0 0 0 0 0 0 0 0 0 0 0 0 0 0 0 0 ], PileInt(0/1):[]
]]></system-out>
</testcase>
<testcase name="testEqualsObject(PileInt, Object)[475]" classname="pilesimple.test.PileIntTest" time="0">
<system-out><![CDATA[
unique-id: [engine:junit-jupiter]/[class:pilesimple.test.PileIntTest]/[test-template:testEqualsObject(pilesimple.PileInt, java.lang.Object)]/[test-template-invocation:#475]
display-name: [475] PileInt(24/25):[1076106784 1001106160 0 0 0 0 0 0 0 0 0 0 0 0 0 0 0 0 0 0 0 0 0 0 ], PileInt(11/13):[-684180429 633166819 0 0 0 0 0 0 0 0 0 ]
]]></system-out>
</testcase>
<testcase name="testEqualsObject(PileInt, Object)[476]" classname="pilesimple.test.PileIntTest" time="0">
<system-out><![CDATA[
unique-id: [engine:junit-jupiter]/[class:pilesimple.test.PileIntTest]/[test-template:testEqualsObject(pilesimple.PileInt, java.lang.Object)]/[test-template-invocation:#476]
display-name: [476] PileInt(24/25):[1076106784 1001106160 0 0 0 0 0 0 0 0 0 0 0 0 0 0 0 0 0 0 0 0 0 0 ], PileInt(0/7):[]
]]></system-out>
</testcase>
<testcase name="testEqualsObject(PileInt, Object)[477]" classname="pilesimple.test.PileIntTest" time="0">
<system-out><![CDATA[
unique-id: [engine:junit-jupiter]/[class:pilesimple.test.PileIntTest]/[test-template:testEqualsObject(pilesimple.PileInt, java.lang.Object)]/[test-template-invocation:#477]
display-name: [477] PileInt(24/25):[1076106784 1001106160 0 0 0 0 0 0 0 0 0 0 0 0 0 0 0 0 0 0 0 0 0 0 ], PileInt(11/16):[1362992196 -2080071938 1590300961 -1725722911 682324868 -1338224590 880401299 -2081234295 -561541459 0 0 ]
]]></system-out>
</testcase>
<testcase name="testEqualsObject(PileInt, Object)[478]" classname="pilesimple.test.PileIntTest" time="0">
<system-out><![CDATA[
unique-id: [engine:junit-jupiter]/[class:pilesimple.test.PileIntTest]/[test-template:testEqualsObject(pilesimple.PileInt, java.lang.Object)]/[test-template-invocation:#478]
display-name: [478] PileInt(24/25):[1076106784 1001106160 0 0 0 0 0 0 0 0 0 0 0 0 0 0 0 0 0 0 0 0 0 0 ], PileInt(5/25):[-177297065 -317067174 1538678292 1459401015 764171947 ]
]]></system-out>
</testcase>
<testcase name="testEqualsObject(PileInt, Object)[479]" classname="pilesimple.test.PileIntTest" time="0">
<system-out><![CDATA[
unique-id: [engine:junit-jupiter]/[class:pilesimple.test.PileIntTest]/[test-template:testEqualsObject(pilesimple.PileInt, java.lang.Object)]/[test-template-invocation:#479]
display-name: [479] PileInt(24/25):[1076106784 1001106160 0 0 0 0 0 0 0 0 0 0 0 0 0 0 0 0 0 0 0 0 0 0 ], PileInt(2/4):[-810202728 -2036874149 ]
]]></system-out>
</testcase>
<testcase name="testEqualsObject(PileInt, Object)[480]" classname="pilesimple.test.PileIntTest" time="0">
<system-out><![CDATA[
unique-id: [engine:junit-jupiter]/[class:pilesimple.test.PileIntTest]/[test-template:testEqualsObject(pilesimple.PileInt, java.lang.Object)]/[test-template-invocation:#480]
display-name: [480] PileInt(24/25):[1076106784 1001106160 0 0 0 0 0 0 0 0 0 0 0 0 0 0 0 0 0 0 0 0 0 0 ], PileInt(2/5):[-234217948 -2036859372 ]
]]></system-out>
</testcase>
<testcase name="testEqualsObject(PileInt, Object)[481]" classname="pilesimple.test.PileIntTest" time="0">
<system-out><![CDATA[
unique-id: [engine:junit-jupiter]/[class:pilesimple.test.PileIntTest]/[test-template:testEqualsObject(pilesimple.PileInt, java.lang.Object)]/[test-template-invocation:#481]
display-name: [481] PileInt(2/20):[-1948372490 1175265028 ], null
]]></system-out>
</testcase>
<testcase name="testEqualsObject(PileInt, Object)[482]" classname="pilesimple.test.PileIntTest" time="0">
<system-out><![CDATA[
unique-id: [engine:junit-jupiter]/[class:pilesimple.test.PileIntTest]/[test-template:testEqualsObject(pilesimple.PileInt, java.lang.Object)]/[test-template-invocation:#482]
display-name: [482] PileInt(2/20):[-1948372490 1175265028 ], 
]]></system-out>
</testcase>
<testcase name="testEqualsObject(PileInt, Object)[483]" classname="pilesimple.test.PileIntTest" time="0">
<system-out><![CDATA[
unique-id: [engine:junit-jupiter]/[class:pilesimple.test.PileIntTest]/[test-template:testEqualsObject(pilesimple.PileInt, java.lang.Object)]/[test-template-invocation:#483]
display-name: [483] PileInt(2/20):[-1948372490 1175265028 ], abc
]]></system-out>
</testcase>
<testcase name="testEqualsObject(PileInt, Object)[484]" classname="pilesimple.test.PileIntTest" time="0">
<system-out><![CDATA[
unique-id: [engine:junit-jupiter]/[class:pilesimple.test.PileIntTest]/[test-template:testEqualsObject(pilesimple.PileInt, java.lang.Object)]/[test-template-invocation:#484]
display-name: [484] PileInt(2/20):[-1948372490 1175265028 ], Abjh45
]]></system-out>
</testcase>
<testcase name="testEqualsObject(PileInt, Object)[485]" classname="pilesimple.test.PileIntTest" time="0">
<system-out><![CDATA[
unique-id: [engine:junit-jupiter]/[class:pilesimple.test.PileIntTest]/[test-template:testEqualsObject(pilesimple.PileInt, java.lang.Object)]/[test-template-invocation:#485]
display-name: [485] PileInt(2/20):[-1948372490 1175265028 ], ch1
]]></system-out>
</testcase>
<testcase name="testEqualsObject(PileInt, Object)[486]" classname="pilesimple.test.PileIntTest" time="0">
<system-out><![CDATA[
unique-id: [engine:junit-jupiter]/[class:pilesimple.test.PileIntTest]/[test-template:testEqualsObject(pilesimple.PileInt, java.lang.Object)]/[test-template-invocation:#486]
display-name: [486] PileInt(2/20):[-1948372490 1175265028 ], 5662
]]></system-out>
</testcase>
<testcase name="testEqualsObject(PileInt, Object)[487]" classname="pilesimple.test.PileIntTest" time="0">
<system-out><![CDATA[
unique-id: [engine:junit-jupiter]/[class:pilesimple.test.PileIntTest]/[test-template:testEqualsObject(pilesimple.PileInt, java.lang.Object)]/[test-template-invocation:#487]
display-name: [487] PileInt(2/20):[-1948372490 1175265028 ], ch2
]]></system-out>
</testcase>
<testcase name="testEqualsObject(PileInt, Object)[488]" classname="pilesimple.test.PileIntTest" time="0">
<system-out><![CDATA[
unique-id: [engine:junit-jupiter]/[class:pilesimple.test.PileIntTest]/[test-template:testEqualsObject(pilesimple.PileInt, java.lang.Object)]/[test-template-invocation:#488]
display-name: [488] PileInt(2/20):[-1948372490 1175265028 ], ch3
]]></system-out>
</testcase>
<testcase name="testEqualsObject(PileInt, Object)[489]" classname="pilesimple.test.PileIntTest" time="0">
<system-out><![CDATA[
unique-id: [engine:junit-jupiter]/[class:pilesimple.test.PileIntTest]/[test-template:testEqualsObject(pilesimple.PileInt, java.lang.Object)]/[test-template-invocation:#489]
display-name: [489] PileInt(2/20):[-1948372490 1175265028 ], ch4
]]></system-out>
</testcase>
<testcase name="testEqualsObject(PileInt, Object)[490]" classname="pilesimple.test.PileIntTest" time="0">
<system-out><![CDATA[
unique-id: [engine:junit-jupiter]/[class:pilesimple.test.PileIntTest]/[test-template:testEqualsObject(pilesimple.PileInt, java.lang.Object)]/[test-template-invocation:#490]
display-name: [490] PileInt(2/20):[-1948372490 1175265028 ], ch5
]]></system-out>
</testcase>
<testcase name="testEqualsObject(PileInt, Object)[491]" classname="pilesimple.test.PileIntTest" time="0">
<system-out><![CDATA[
unique-id: [engine:junit-jupiter]/[class:pilesimple.test.PileIntTest]/[test-template:testEqualsObject(pilesimple.PileInt, java.lang.Object)]/[test-template-invocation:#491]
display-name: [491] PileInt(2/20):[-1948372490 1175265028 ], chaine6
]]></system-out>
</testcase>
<testcase name="testEqualsObject(PileInt, Object)[492]" classname="pilesimple.test.PileIntTest" time="0">
<system-out><![CDATA[
unique-id: [engine:junit-jupiter]/[class:pilesimple.test.PileIntTest]/[test-template:testEqualsObject(pilesimple.PileInt, java.lang.Object)]/[test-template-invocation:#492]
display-name: [492] PileInt(2/20):[-1948372490 1175265028 ], chaine7
]]></system-out>
</testcase>
<testcase name="testEqualsObject(PileInt, Object)[493]" classname="pilesimple.test.PileIntTest" time="0">
<system-out><![CDATA[
unique-id: [engine:junit-jupiter]/[class:pilesimple.test.PileIntTest]/[test-template:testEqualsObject(pilesimple.PileInt, java.lang.Object)]/[test-template-invocation:#493]
display-name: [493] PileInt(2/20):[-1948372490 1175265028 ], chaine8
]]></system-out>
</testcase>
<testcase name="testEqualsObject(PileInt, Object)[494]" classname="pilesimple.test.PileIntTest" time="0">
<system-out><![CDATA[
unique-id: [engine:junit-jupiter]/[class:pilesimple.test.PileIntTest]/[test-template:testEqualsObject(pilesimple.PileInt, java.lang.Object)]/[test-template-invocation:#494]
display-name: [494] PileInt(2/20):[-1948372490 1175265028 ], chaine10
]]></system-out>
</testcase>
<testcase name="testEqualsObject(PileInt, Object)[495]" classname="pilesimple.test.PileIntTest" time="0">
<system-out><![CDATA[
unique-id: [engine:junit-jupiter]/[class:pilesimple.test.PileIntTest]/[test-template:testEqualsObject(pilesimple.PileInt, java.lang.Object)]/[test-template-invocation:#495]
display-name: [495] PileInt(2/20):[-1948372490 1175265028 ], chaine11
]]></system-out>
</testcase>
<testcase name="testEqualsObject(PileInt, Object)[496]" classname="pilesimple.test.PileIntTest" time="0">
<system-out><![CDATA[
unique-id: [engine:junit-jupiter]/[class:pilesimple.test.PileIntTest]/[test-template:testEqualsObject(pilesimple.PileInt, java.lang.Object)]/[test-template-invocation:#496]
display-name: [496] PileInt(2/20):[-1948372490 1175265028 ], chaine12
]]></system-out>
</testcase>
<testcase name="testEqualsObject(PileInt, Object)[497]" classname="pilesimple.test.PileIntTest" time="0">
<system-out><![CDATA[
unique-id: [engine:junit-jupiter]/[class:pilesimple.test.PileIntTest]/[test-template:testEqualsObject(pilesimple.PileInt, java.lang.Object)]/[test-template-invocation:#497]
display-name: [497] PileInt(2/20):[-1948372490 1175265028 ], null
]]></system-out>
</testcase>
<testcase name="testEqualsObject(PileInt, Object)[498]" classname="pilesimple.test.PileIntTest" time="0">
<system-out><![CDATA[
unique-id: [engine:junit-jupiter]/[class:pilesimple.test.PileIntTest]/[test-template:testEqualsObject(pilesimple.PileInt, java.lang.Object)]/[test-template-invocation:#498]
display-name: [498] PileInt(2/20):[-1948372490 1175265028 ], java.lang.Object@6bf0219d
]]></system-out>
</testcase>
<testcase name="testEqualsObject(PileInt, Object)[499]" classname="pilesimple.test.PileIntTest" time="0">
<system-out><![CDATA[
unique-id: [engine:junit-jupiter]/[class:pilesimple.test.PileIntTest]/[test-template:testEqualsObject(pilesimple.PileInt, java.lang.Object)]/[test-template-invocation:#499]
display-name: [499] PileInt(2/20):[-1948372490 1175265028 ], abc
]]></system-out>
</testcase>
<testcase name="testEqualsObject(PileInt, Object)[500]" classname="pilesimple.test.PileIntTest" time="0">
<system-out><![CDATA[
unique-id: [engine:junit-jupiter]/[class:pilesimple.test.PileIntTest]/[test-template:testEqualsObject(pilesimple.PileInt, java.lang.Object)]/[test-template-invocation:#500]
display-name: [500] PileInt(2/20):[-1948372490 1175265028 ], 1
]]></system-out>
</testcase>
<testcase name="testEqualsObject(PileInt, Object)[501]" classname="pilesimple.test.PileIntTest" time="0">
<system-out><![CDATA[
unique-id: [engine:junit-jupiter]/[class:pilesimple.test.PileIntTest]/[test-template:testEqualsObject(pilesimple.PileInt, java.lang.Object)]/[test-template-invocation:#501]
display-name: [501] PileInt(2/20):[-1948372490 1175265028 ], PileInt(3/4):[338894473 -8872316 -194658560 ]
]]></system-out>
</testcase>
<testcase name="testEqualsObject(PileInt, Object)[502]" classname="pilesimple.test.PileIntTest" time="0">
<system-out><![CDATA[
unique-id: [engine:junit-jupiter]/[class:pilesimple.test.PileIntTest]/[test-template:testEqualsObject(pilesimple.PileInt, java.lang.Object)]/[test-template-invocation:#502]
display-name: [502] PileInt(2/20):[-1948372490 1175265028 ], PileInt(8/10):[406853085 94227386 0 0 0 0 0 0 ]
]]></system-out>
</testcase>
<testcase name="testEqualsObject(PileInt, Object)[503]" classname="pilesimple.test.PileIntTest" time="0">
<system-out><![CDATA[
unique-id: [engine:junit-jupiter]/[class:pilesimple.test.PileIntTest]/[test-template:testEqualsObject(pilesimple.PileInt, java.lang.Object)]/[test-template-invocation:#503]
display-name: [503] PileInt(2/20):[-1948372490 1175265028 ], PileInt(3/21):[829174856 -560540630 1017069059 ]
]]></system-out>
</testcase>
<testcase name="testEqualsObject(PileInt, Object)[504]" classname="pilesimple.test.PileIntTest" time="0">
<system-out><![CDATA[
unique-id: [engine:junit-jupiter]/[class:pilesimple.test.PileIntTest]/[test-template:testEqualsObject(pilesimple.PileInt, java.lang.Object)]/[test-template-invocation:#504]
display-name: [504] PileInt(2/20):[-1948372490 1175265028 ], PileInt(15/24):[-1489436760 -263993310 1290897763 1717230542 -2064902060 0 0 0 0 0 0 0 0 0 0 ]
]]></system-out>
</testcase>
<testcase name="testEqualsObject(PileInt, Object)[505]" classname="pilesimple.test.PileIntTest" time="0">
<system-out><![CDATA[
unique-id: [engine:junit-jupiter]/[class:pilesimple.test.PileIntTest]/[test-template:testEqualsObject(pilesimple.PileInt, java.lang.Object)]/[test-template-invocation:#505]
display-name: [505] PileInt(2/20):[-1948372490 1175265028 ], PileInt(6/10):[637862618 -1510457637 2016118339 -24306896 1280740200 0 ]
]]></system-out>
</testcase>
<testcase name="testEqualsObject(PileInt, Object)[506]" classname="pilesimple.test.PileIntTest" time="0">
<system-out><![CDATA[
unique-id: [engine:junit-jupiter]/[class:pilesimple.test.PileIntTest]/[test-template:testEqualsObject(pilesimple.PileInt, java.lang.Object)]/[test-template-invocation:#506]
display-name: [506] PileInt(2/20):[-1948372490 1175265028 ], PileInt(6/15):[-374846588 1048478229 -920801997 -771279764 -1267021193 0 ]
]]></system-out>
</testcase>
<testcase name="testEqualsObject(PileInt, Object)[507]" classname="pilesimple.test.PileIntTest" time="0">
<system-out><![CDATA[
unique-id: [engine:junit-jupiter]/[class:pilesimple.test.PileIntTest]/[test-template:testEqualsObject(pilesimple.PileInt, java.lang.Object)]/[test-template-invocation:#507]
display-name: [507] PileInt(2/20):[-1948372490 1175265028 ], PileInt(16/20):[1428472226 -637821803 -706447001 1150321620 864544919 0 0 0 0 0 0 0 0 0 0 0 ]
]]></system-out>
</testcase>
<testcase name="testEqualsObject(PileInt, Object)[508]" classname="pilesimple.test.PileIntTest" time="0">
<system-out><![CDATA[
unique-id: [engine:junit-jupiter]/[class:pilesimple.test.PileIntTest]/[test-template:testEqualsObject(pilesimple.PileInt, java.lang.Object)]/[test-template-invocation:#508]
display-name: [508] PileInt(2/20):[-1948372490 1175265028 ], PileInt(17/28):[703876638 393883502 -735980280 1592594415 1442868874 0 0 0 0 0 0 0 0 0 0 0 0 ]
]]></system-out>
</testcase>
<testcase name="testEqualsObject(PileInt, Object)[509]" classname="pilesimple.test.PileIntTest" time="0">
<system-out><![CDATA[
unique-id: [engine:junit-jupiter]/[class:pilesimple.test.PileIntTest]/[test-template:testEqualsObject(pilesimple.PileInt, java.lang.Object)]/[test-template-invocation:#509]
display-name: [509] PileInt(2/20):[-1948372490 1175265028 ], PileInt(2/6):[0 0 ]
]]></system-out>
</testcase>
<testcase name="testEqualsObject(PileInt, Object)[510]" classname="pilesimple.test.PileIntTest" time="0">
<system-out><![CDATA[
unique-id: [engine:junit-jupiter]/[class:pilesimple.test.PileIntTest]/[test-template:testEqualsObject(pilesimple.PileInt, java.lang.Object)]/[test-template-invocation:#510]
display-name: [510] PileInt(2/20):[-1948372490 1175265028 ], PileInt(15/25):[-705429044 -1165162668 1915516414 1792785474 -1102370681 0 0 0 0 0 0 0 0 0 0 ]
]]></system-out>
</testcase>
<testcase name="testEqualsObject(PileInt, Object)[511]" classname="pilesimple.test.PileIntTest" time="0">
<system-out><![CDATA[
unique-id: [engine:junit-jupiter]/[class:pilesimple.test.PileIntTest]/[test-template:testEqualsObject(pilesimple.PileInt, java.lang.Object)]/[test-template-invocation:#511]
display-name: [511] PileInt(2/20):[-1948372490 1175265028 ], PileInt(0/8):[]
]]></system-out>
</testcase>
<testcase name="testEqualsObject(PileInt, Object)[512]" classname="pilesimple.test.PileIntTest" time="0">
<system-out><![CDATA[
unique-id: [engine:junit-jupiter]/[class:pilesimple.test.PileIntTest]/[test-template:testEqualsObject(pilesimple.PileInt, java.lang.Object)]/[test-template-invocation:#512]
display-name: [512] PileInt(2/20):[-1948372490 1175265028 ], PileInt(3/25):[1076106784 1001106160 0 ]
]]></system-out>
</testcase>
<testcase name="testEqualsObject(PileInt, Object)[513]" classname="pilesimple.test.PileIntTest" time="0">
<system-out><![CDATA[
unique-id: [engine:junit-jupiter]/[class:pilesimple.test.PileIntTest]/[test-template:testEqualsObject(pilesimple.PileInt, java.lang.Object)]/[test-template-invocation:#513]
display-name: [513] PileInt(2/20):[-1948372490 1175265028 ], PileInt(4/20):[-1948372490 1175265028 1509228326 982841218 ]
]]></system-out>
</testcase>
<testcase name="testEqualsObject(PileInt, Object)[514]" classname="pilesimple.test.PileIntTest" time="0">
<system-out><![CDATA[
unique-id: [engine:junit-jupiter]/[class:pilesimple.test.PileIntTest]/[test-template:testEqualsObject(pilesimple.PileInt, java.lang.Object)]/[test-template-invocation:#514]
display-name: [514] PileInt(2/20):[-1948372490 1175265028 ], PileInt(0/1):[]
]]></system-out>
</testcase>
<testcase name="testEqualsObject(PileInt, Object)[515]" classname="pilesimple.test.PileIntTest" time="0">
<system-out><![CDATA[
unique-id: [engine:junit-jupiter]/[class:pilesimple.test.PileIntTest]/[test-template:testEqualsObject(pilesimple.PileInt, java.lang.Object)]/[test-template-invocation:#515]
display-name: [515] PileInt(2/20):[-1948372490 1175265028 ], PileInt(12/13):[-684180429 633166819 0 0 0 0 0 0 0 0 0 0 ]
]]></system-out>
</testcase>
<testcase name="testEqualsObject(PileInt, Object)[516]" classname="pilesimple.test.PileIntTest" time="0">
<system-out><![CDATA[
unique-id: [engine:junit-jupiter]/[class:pilesimple.test.PileIntTest]/[test-template:testEqualsObject(pilesimple.PileInt, java.lang.Object)]/[test-template-invocation:#516]
display-name: [516] PileInt(2/20):[-1948372490 1175265028 ], PileInt(4/7):[-1274647728 1596499529 -463382582 0 ]
]]></system-out>
</testcase>
<testcase name="testEqualsObject(PileInt, Object)[517]" classname="pilesimple.test.PileIntTest" time="0">
<system-out><![CDATA[
unique-id: [engine:junit-jupiter]/[class:pilesimple.test.PileIntTest]/[test-template:testEqualsObject(pilesimple.PileInt, java.lang.Object)]/[test-template-invocation:#517]
display-name: [517] PileInt(2/20):[-1948372490 1175265028 ], PileInt(10/16):[1362992196 -2080071938 1590300961 -1725722911 682324868 -1338224590 880401299 -2081234295 -561541459 0 ]
]]></system-out>
</testcase>
<testcase name="testEqualsObject(PileInt, Object)[518]" classname="pilesimple.test.PileIntTest" time="0">
<system-out><![CDATA[
unique-id: [engine:junit-jupiter]/[class:pilesimple.test.PileIntTest]/[test-template:testEqualsObject(pilesimple.PileInt, java.lang.Object)]/[test-template-invocation:#518]
display-name: [518] PileInt(2/20):[-1948372490 1175265028 ], PileInt(24/25):[-177297065 -317067174 1538678292 1459401015 764171947 -791717276 -1475135243 1373362923 104936572 1838652771 -10463901 -1839550882 1664723887 -799351692 -1803735371 1504195079 457981356 1301858620 217733573 1908815035 -718666961 0 0 0 ]
]]></system-out>
</testcase>
<testcase name="testEqualsObject(PileInt, Object)[519]" classname="pilesimple.test.PileIntTest" time="0">
<system-out><![CDATA[
unique-id: [engine:junit-jupiter]/[class:pilesimple.test.PileIntTest]/[test-template:testEqualsObject(pilesimple.PileInt, java.lang.Object)]/[test-template-invocation:#519]
display-name: [519] PileInt(2/20):[-1948372490 1175265028 ], PileInt(2/4):[-810202728 -2036874149 ]
]]></system-out>
</testcase>
<testcase name="testEqualsObject(PileInt, Object)[520]" classname="pilesimple.test.PileIntTest" time="0">
<system-out><![CDATA[
unique-id: [engine:junit-jupiter]/[class:pilesimple.test.PileIntTest]/[test-template:testEqualsObject(pilesimple.PileInt, java.lang.Object)]/[test-template-invocation:#520]
display-name: [520] PileInt(2/20):[-1948372490 1175265028 ], PileInt(2/5):[-234217948 -2036859372 ]
]]></system-out>
</testcase>
<testcase name="testEqualsObject(PileInt, Object)[521]" classname="pilesimple.test.PileIntTest" time="0">
<system-out><![CDATA[
unique-id: [engine:junit-jupiter]/[class:pilesimple.test.PileIntTest]/[test-template:testEqualsObject(pilesimple.PileInt, java.lang.Object)]/[test-template-invocation:#521]
display-name: [521] PileInt(0/1):[], null
]]></system-out>
</testcase>
<testcase name="testEqualsObject(PileInt, Object)[522]" classname="pilesimple.test.PileIntTest" time="0">
<system-out><![CDATA[
unique-id: [engine:junit-jupiter]/[class:pilesimple.test.PileIntTest]/[test-template:testEqualsObject(pilesimple.PileInt, java.lang.Object)]/[test-template-invocation:#522]
display-name: [522] PileInt(0/1):[], 
]]></system-out>
</testcase>
<testcase name="testEqualsObject(PileInt, Object)[523]" classname="pilesimple.test.PileIntTest" time="0">
<system-out><![CDATA[
unique-id: [engine:junit-jupiter]/[class:pilesimple.test.PileIntTest]/[test-template:testEqualsObject(pilesimple.PileInt, java.lang.Object)]/[test-template-invocation:#523]
display-name: [523] PileInt(0/1):[], abc
]]></system-out>
</testcase>
<testcase name="testEqualsObject(PileInt, Object)[524]" classname="pilesimple.test.PileIntTest" time="0">
<system-out><![CDATA[
unique-id: [engine:junit-jupiter]/[class:pilesimple.test.PileIntTest]/[test-template:testEqualsObject(pilesimple.PileInt, java.lang.Object)]/[test-template-invocation:#524]
display-name: [524] PileInt(0/1):[], Abjh45
]]></system-out>
</testcase>
<testcase name="testEqualsObject(PileInt, Object)[525]" classname="pilesimple.test.PileIntTest" time="0">
<system-out><![CDATA[
unique-id: [engine:junit-jupiter]/[class:pilesimple.test.PileIntTest]/[test-template:testEqualsObject(pilesimple.PileInt, java.lang.Object)]/[test-template-invocation:#525]
display-name: [525] PileInt(0/1):[], ch1
]]></system-out>
</testcase>
<testcase name="testEqualsObject(PileInt, Object)[526]" classname="pilesimple.test.PileIntTest" time="0">
<system-out><![CDATA[
unique-id: [engine:junit-jupiter]/[class:pilesimple.test.PileIntTest]/[test-template:testEqualsObject(pilesimple.PileInt, java.lang.Object)]/[test-template-invocation:#526]
display-name: [526] PileInt(0/1):[], 5662
]]></system-out>
</testcase>
<testcase name="testEqualsObject(PileInt, Object)[527]" classname="pilesimple.test.PileIntTest" time="0">
<system-out><![CDATA[
unique-id: [engine:junit-jupiter]/[class:pilesimple.test.PileIntTest]/[test-template:testEqualsObject(pilesimple.PileInt, java.lang.Object)]/[test-template-invocation:#527]
display-name: [527] PileInt(0/1):[], ch2
]]></system-out>
</testcase>
<testcase name="testEqualsObject(PileInt, Object)[528]" classname="pilesimple.test.PileIntTest" time="0">
<system-out><![CDATA[
unique-id: [engine:junit-jupiter]/[class:pilesimple.test.PileIntTest]/[test-template:testEqualsObject(pilesimple.PileInt, java.lang.Object)]/[test-template-invocation:#528]
display-name: [528] PileInt(0/1):[], ch3
]]></system-out>
</testcase>
<testcase name="testEqualsObject(PileInt, Object)[529]" classname="pilesimple.test.PileIntTest" time="0">
<system-out><![CDATA[
unique-id: [engine:junit-jupiter]/[class:pilesimple.test.PileIntTest]/[test-template:testEqualsObject(pilesimple.PileInt, java.lang.Object)]/[test-template-invocation:#529]
display-name: [529] PileInt(0/1):[], ch4
]]></system-out>
</testcase>
<testcase name="testEqualsObject(PileInt, Object)[530]" classname="pilesimple.test.PileIntTest" time="0">
<system-out><![CDATA[
unique-id: [engine:junit-jupiter]/[class:pilesimple.test.PileIntTest]/[test-template:testEqualsObject(pilesimple.PileInt, java.lang.Object)]/[test-template-invocation:#530]
display-name: [530] PileInt(0/1):[], ch5
]]></system-out>
</testcase>
<testcase name="testEqualsObject(PileInt, Object)[531]" classname="pilesimple.test.PileIntTest" time="0">
<system-out><![CDATA[
unique-id: [engine:junit-jupiter]/[class:pilesimple.test.PileIntTest]/[test-template:testEqualsObject(pilesimple.PileInt, java.lang.Object)]/[test-template-invocation:#531]
display-name: [531] PileInt(0/1):[], chaine6
]]></system-out>
</testcase>
<testcase name="testEqualsObject(PileInt, Object)[532]" classname="pilesimple.test.PileIntTest" time="0">
<system-out><![CDATA[
unique-id: [engine:junit-jupiter]/[class:pilesimple.test.PileIntTest]/[test-template:testEqualsObject(pilesimple.PileInt, java.lang.Object)]/[test-template-invocation:#532]
display-name: [532] PileInt(0/1):[], chaine7
]]></system-out>
</testcase>
<testcase name="testEqualsObject(PileInt, Object)[533]" classname="pilesimple.test.PileIntTest" time="0">
<system-out><![CDATA[
unique-id: [engine:junit-jupiter]/[class:pilesimple.test.PileIntTest]/[test-template:testEqualsObject(pilesimple.PileInt, java.lang.Object)]/[test-template-invocation:#533]
display-name: [533] PileInt(0/1):[], chaine8
]]></system-out>
</testcase>
<testcase name="testEqualsObject(PileInt, Object)[534]" classname="pilesimple.test.PileIntTest" time="0">
<system-out><![CDATA[
unique-id: [engine:junit-jupiter]/[class:pilesimple.test.PileIntTest]/[test-template:testEqualsObject(pilesimple.PileInt, java.lang.Object)]/[test-template-invocation:#534]
display-name: [534] PileInt(0/1):[], chaine10
]]></system-out>
</testcase>
<testcase name="testEqualsObject(PileInt, Object)[535]" classname="pilesimple.test.PileIntTest" time="0">
<system-out><![CDATA[
unique-id: [engine:junit-jupiter]/[class:pilesimple.test.PileIntTest]/[test-template:testEqualsObject(pilesimple.PileInt, java.lang.Object)]/[test-template-invocation:#535]
display-name: [535] PileInt(0/1):[], chaine11
]]></system-out>
</testcase>
<testcase name="testEqualsObject(PileInt, Object)[536]" classname="pilesimple.test.PileIntTest" time="0">
<system-out><![CDATA[
unique-id: [engine:junit-jupiter]/[class:pilesimple.test.PileIntTest]/[test-template:testEqualsObject(pilesimple.PileInt, java.lang.Object)]/[test-template-invocation:#536]
display-name: [536] PileInt(0/1):[], chaine12
]]></system-out>
</testcase>
<testcase name="testEqualsObject(PileInt, Object)[537]" classname="pilesimple.test.PileIntTest" time="0">
<system-out><![CDATA[
unique-id: [engine:junit-jupiter]/[class:pilesimple.test.PileIntTest]/[test-template:testEqualsObject(pilesimple.PileInt, java.lang.Object)]/[test-template-invocation:#537]
display-name: [537] PileInt(0/1):[], null
]]></system-out>
</testcase>
<testcase name="testEqualsObject(PileInt, Object)[538]" classname="pilesimple.test.PileIntTest" time="0">
<system-out><![CDATA[
unique-id: [engine:junit-jupiter]/[class:pilesimple.test.PileIntTest]/[test-template:testEqualsObject(pilesimple.PileInt, java.lang.Object)]/[test-template-invocation:#538]
display-name: [538] PileInt(0/1):[], java.lang.Object@6bf0219d
]]></system-out>
</testcase>
<testcase name="testEqualsObject(PileInt, Object)[539]" classname="pilesimple.test.PileIntTest" time="0">
<system-out><![CDATA[
unique-id: [engine:junit-jupiter]/[class:pilesimple.test.PileIntTest]/[test-template:testEqualsObject(pilesimple.PileInt, java.lang.Object)]/[test-template-invocation:#539]
display-name: [539] PileInt(0/1):[], abc
]]></system-out>
</testcase>
<testcase name="testEqualsObject(PileInt, Object)[540]" classname="pilesimple.test.PileIntTest" time="0">
<system-out><![CDATA[
unique-id: [engine:junit-jupiter]/[class:pilesimple.test.PileIntTest]/[test-template:testEqualsObject(pilesimple.PileInt, java.lang.Object)]/[test-template-invocation:#540]
display-name: [540] PileInt(0/1):[], 1
]]></system-out>
</testcase>
<testcase name="testEqualsObject(PileInt, Object)[541]" classname="pilesimple.test.PileIntTest" time="0">
<system-out><![CDATA[
unique-id: [engine:junit-jupiter]/[class:pilesimple.test.PileIntTest]/[test-template:testEqualsObject(pilesimple.PileInt, java.lang.Object)]/[test-template-invocation:#541]
display-name: [541] PileInt(0/1):[], PileInt(3/4):[338894473 -8872316 -194658560 ]
]]></system-out>
</testcase>
<testcase name="testEqualsObject(PileInt, Object)[542]" classname="pilesimple.test.PileIntTest" time="0">
<system-out><![CDATA[
unique-id: [engine:junit-jupiter]/[class:pilesimple.test.PileIntTest]/[test-template:testEqualsObject(pilesimple.PileInt, java.lang.Object)]/[test-template-invocation:#542]
display-name: [542] PileInt(0/1):[], PileInt(3/10):[406853085 94227386 0 ]
]]></system-out>
</testcase>
<testcase name="testEqualsObject(PileInt, Object)[543]" classname="pilesimple.test.PileIntTest" time="0">
<system-out><![CDATA[
unique-id: [engine:junit-jupiter]/[class:pilesimple.test.PileIntTest]/[test-template:testEqualsObject(pilesimple.PileInt, java.lang.Object)]/[test-template-invocation:#543]
display-name: [543] PileInt(0/1):[], PileInt(0/21):[]
]]></system-out>
</testcase>
<testcase name="testEqualsObject(PileInt, Object)[544]" classname="pilesimple.test.PileIntTest" time="0">
<system-out><![CDATA[
unique-id: [engine:junit-jupiter]/[class:pilesimple.test.PileIntTest]/[test-template:testEqualsObject(pilesimple.PileInt, java.lang.Object)]/[test-template-invocation:#544]
display-name: [544] PileInt(0/1):[], PileInt(14/24):[-1489436760 -263993310 1290897763 1717230542 -2064902060 0 0 0 0 0 0 0 0 0 ]
]]></system-out>
</testcase>
<testcase name="testEqualsObject(PileInt, Object)[545]" classname="pilesimple.test.PileIntTest" time="0">
<system-out><![CDATA[
unique-id: [engine:junit-jupiter]/[class:pilesimple.test.PileIntTest]/[test-template:testEqualsObject(pilesimple.PileInt, java.lang.Object)]/[test-template-invocation:#545]
display-name: [545] PileInt(0/1):[], PileInt(2/10):[637862618 -1510457637 ]
]]></system-out>
</testcase>
<testcase name="testEqualsObject(PileInt, Object)[546]" classname="pilesimple.test.PileIntTest" time="0">
<system-out><![CDATA[
unique-id: [engine:junit-jupiter]/[class:pilesimple.test.PileIntTest]/[test-template:testEqualsObject(pilesimple.PileInt, java.lang.Object)]/[test-template-invocation:#546]
display-name: [546] PileInt(0/1):[], PileInt(7/15):[-374846588 1048478229 -920801997 -771279764 -1267021193 0 0 ]
]]></system-out>
</testcase>
<testcase name="testEqualsObject(PileInt, Object)[547]" classname="pilesimple.test.PileIntTest" time="0">
<system-out><![CDATA[
unique-id: [engine:junit-jupiter]/[class:pilesimple.test.PileIntTest]/[test-template:testEqualsObject(pilesimple.PileInt, java.lang.Object)]/[test-template-invocation:#547]
display-name: [547] PileInt(0/1):[], PileInt(2/20):[1428472226 -637821803 ]
]]></system-out>
</testcase>
<testcase name="testEqualsObject(PileInt, Object)[548]" classname="pilesimple.test.PileIntTest" time="0">
<system-out><![CDATA[
unique-id: [engine:junit-jupiter]/[class:pilesimple.test.PileIntTest]/[test-template:testEqualsObject(pilesimple.PileInt, java.lang.Object)]/[test-template-invocation:#548]
display-name: [548] PileInt(0/1):[], PileInt(14/28):[703876638 393883502 -735980280 1592594415 1442868874 0 0 0 0 0 0 0 0 0 ]
]]></system-out>
</testcase>
<testcase name="testEqualsObject(PileInt, Object)[549]" classname="pilesimple.test.PileIntTest" time="0">
<system-out><![CDATA[
unique-id: [engine:junit-jupiter]/[class:pilesimple.test.PileIntTest]/[test-template:testEqualsObject(pilesimple.PileInt, java.lang.Object)]/[test-template-invocation:#549]
display-name: [549] PileInt(0/1):[], PileInt(2/6):[0 0 ]
]]></system-out>
</testcase>
<testcase name="testEqualsObject(PileInt, Object)[550]" classname="pilesimple.test.PileIntTest" time="0">
<system-out><![CDATA[
unique-id: [engine:junit-jupiter]/[class:pilesimple.test.PileIntTest]/[test-template:testEqualsObject(pilesimple.PileInt, java.lang.Object)]/[test-template-invocation:#550]
display-name: [550] PileInt(0/1):[], PileInt(7/25):[-705429044 -1165162668 1915516414 1792785474 -1102370681 0 0 ]
]]></system-out>
</testcase>
<testcase name="testEqualsObject(PileInt, Object)[551]" classname="pilesimple.test.PileIntTest" time="0">
<system-out><![CDATA[
unique-id: [engine:junit-jupiter]/[class:pilesimple.test.PileIntTest]/[test-template:testEqualsObject(pilesimple.PileInt, java.lang.Object)]/[test-template-invocation:#551]
display-name: [551] PileInt(0/1):[], PileInt(5/8):[1210489329 -1943355528 2110550009 303126429 0 ]
]]></system-out>
</testcase>
<testcase name="testEqualsObject(PileInt, Object)[552]" classname="pilesimple.test.PileIntTest" time="0">
<system-out><![CDATA[
unique-id: [engine:junit-jupiter]/[class:pilesimple.test.PileIntTest]/[test-template:testEqualsObject(pilesimple.PileInt, java.lang.Object)]/[test-template-invocation:#552]
display-name: [552] PileInt(0/1):[], PileInt(10/25):[1076106784 1001106160 0 0 0 0 0 0 0 0 ]
]]></system-out>
</testcase>
<testcase name="testEqualsObject(PileInt, Object)[553]" classname="pilesimple.test.PileIntTest" time="0">
<system-out><![CDATA[
unique-id: [engine:junit-jupiter]/[class:pilesimple.test.PileIntTest]/[test-template:testEqualsObject(pilesimple.PileInt, java.lang.Object)]/[test-template-invocation:#553]
display-name: [553] PileInt(0/1):[], PileInt(17/20):[-1948372490 1175265028 1509228326 982841218 -113535506 -1095093150 388532020 -1696138086 -1404296367 949094180 1074419298 1053087988 -1152583802 826453230 -990184886 0 0 ]
]]></system-out>
</testcase>
<testcase name="testEqualsObject(PileInt, Object)[554]" classname="pilesimple.test.PileIntTest" time="0">
<system-out><![CDATA[
unique-id: [engine:junit-jupiter]/[class:pilesimple.test.PileIntTest]/[test-template:testEqualsObject(pilesimple.PileInt, java.lang.Object)]/[test-template-invocation:#554]
display-name: [554] PileInt(0/1):[], PileInt(0/1):[]
]]></system-out>
</testcase>
<testcase name="testEqualsObject(PileInt, Object)[555]" classname="pilesimple.test.PileIntTest" time="0">
<system-out><![CDATA[
unique-id: [engine:junit-jupiter]/[class:pilesimple.test.PileIntTest]/[test-template:testEqualsObject(pilesimple.PileInt, java.lang.Object)]/[test-template-invocation:#555]
display-name: [555] PileInt(0/1):[], PileInt(5/13):[-684180429 633166819 0 0 0 ]
]]></system-out>
</testcase>
<testcase name="testEqualsObject(PileInt, Object)[556]" classname="pilesimple.test.PileIntTest" time="0">
<system-out><![CDATA[
unique-id: [engine:junit-jupiter]/[class:pilesimple.test.PileIntTest]/[test-template:testEqualsObject(pilesimple.PileInt, java.lang.Object)]/[test-template-invocation:#556]
display-name: [556] PileInt(0/1):[], PileInt(5/7):[-1274647728 1596499529 -463382582 0 0 ]
]]></system-out>
</testcase>
<testcase name="testEqualsObject(PileInt, Object)[557]" classname="pilesimple.test.PileIntTest" time="0">
<system-out><![CDATA[
unique-id: [engine:junit-jupiter]/[class:pilesimple.test.PileIntTest]/[test-template:testEqualsObject(pilesimple.PileInt, java.lang.Object)]/[test-template-invocation:#557]
display-name: [557] PileInt(0/1):[], PileInt(15/16):[1362992196 -2080071938 1590300961 -1725722911 682324868 -1338224590 880401299 -2081234295 -561541459 0 0 0 0 0 0 ]
]]></system-out>
</testcase>
<testcase name="testEqualsObject(PileInt, Object)[558]" classname="pilesimple.test.PileIntTest" time="0">
<system-out><![CDATA[
unique-id: [engine:junit-jupiter]/[class:pilesimple.test.PileIntTest]/[test-template:testEqualsObject(pilesimple.PileInt, java.lang.Object)]/[test-template-invocation:#558]
display-name: [558] PileInt(0/1):[], PileInt(4/25):[-177297065 -317067174 1538678292 1459401015 ]
]]></system-out>
</testcase>
<testcase name="testEqualsObject(PileInt, Object)[559]" classname="pilesimple.test.PileIntTest" time="0">
<system-out><![CDATA[
unique-id: [engine:junit-jupiter]/[class:pilesimple.test.PileIntTest]/[test-template:testEqualsObject(pilesimple.PileInt, java.lang.Object)]/[test-template-invocation:#559]
display-name: [559] PileInt(0/1):[], PileInt(3/4):[-810202728 -2036874149 0 ]
]]></system-out>
</testcase>
<testcase name="testEqualsObject(PileInt, Object)[560]" classname="pilesimple.test.PileIntTest" time="0">
<system-out><![CDATA[
unique-id: [engine:junit-jupiter]/[class:pilesimple.test.PileIntTest]/[test-template:testEqualsObject(pilesimple.PileInt, java.lang.Object)]/[test-template-invocation:#560]
display-name: [560] PileInt(0/1):[], PileInt(4/5):[-234217948 -2036859372 0 0 ]
]]></system-out>
</testcase>
<testcase name="testEqualsObject(PileInt, Object)[561]" classname="pilesimple.test.PileIntTest" time="0">
<system-out><![CDATA[
unique-id: [engine:junit-jupiter]/[class:pilesimple.test.PileIntTest]/[test-template:testEqualsObject(pilesimple.PileInt, java.lang.Object)]/[test-template-invocation:#561]
display-name: [561] PileInt(0/13):[], null
]]></system-out>
</testcase>
<testcase name="testEqualsObject(PileInt, Object)[562]" classname="pilesimple.test.PileIntTest" time="0">
<system-out><![CDATA[
unique-id: [engine:junit-jupiter]/[class:pilesimple.test.PileIntTest]/[test-template:testEqualsObject(pilesimple.PileInt, java.lang.Object)]/[test-template-invocation:#562]
display-name: [562] PileInt(0/13):[], 
]]></system-out>
</testcase>
<testcase name="testEqualsObject(PileInt, Object)[563]" classname="pilesimple.test.PileIntTest" time="0">
<system-out><![CDATA[
unique-id: [engine:junit-jupiter]/[class:pilesimple.test.PileIntTest]/[test-template:testEqualsObject(pilesimple.PileInt, java.lang.Object)]/[test-template-invocation:#563]
display-name: [563] PileInt(0/13):[], abc
]]></system-out>
</testcase>
<testcase name="testEqualsObject(PileInt, Object)[564]" classname="pilesimple.test.PileIntTest" time="0">
<system-out><![CDATA[
unique-id: [engine:junit-jupiter]/[class:pilesimple.test.PileIntTest]/[test-template:testEqualsObject(pilesimple.PileInt, java.lang.Object)]/[test-template-invocation:#564]
display-name: [564] PileInt(0/13):[], Abjh45
]]></system-out>
</testcase>
<testcase name="testEqualsObject(PileInt, Object)[565]" classname="pilesimple.test.PileIntTest" time="0">
<system-out><![CDATA[
unique-id: [engine:junit-jupiter]/[class:pilesimple.test.PileIntTest]/[test-template:testEqualsObject(pilesimple.PileInt, java.lang.Object)]/[test-template-invocation:#565]
display-name: [565] PileInt(0/13):[], ch1
]]></system-out>
</testcase>
<testcase name="testEqualsObject(PileInt, Object)[566]" classname="pilesimple.test.PileIntTest" time="0">
<system-out><![CDATA[
unique-id: [engine:junit-jupiter]/[class:pilesimple.test.PileIntTest]/[test-template:testEqualsObject(pilesimple.PileInt, java.lang.Object)]/[test-template-invocation:#566]
display-name: [566] PileInt(0/13):[], 5662
]]></system-out>
</testcase>
<testcase name="testEqualsObject(PileInt, Object)[567]" classname="pilesimple.test.PileIntTest" time="0">
<system-out><![CDATA[
unique-id: [engine:junit-jupiter]/[class:pilesimple.test.PileIntTest]/[test-template:testEqualsObject(pilesimple.PileInt, java.lang.Object)]/[test-template-invocation:#567]
display-name: [567] PileInt(0/13):[], ch2
]]></system-out>
</testcase>
<testcase name="testEqualsObject(PileInt, Object)[568]" classname="pilesimple.test.PileIntTest" time="0">
<system-out><![CDATA[
unique-id: [engine:junit-jupiter]/[class:pilesimple.test.PileIntTest]/[test-template:testEqualsObject(pilesimple.PileInt, java.lang.Object)]/[test-template-invocation:#568]
display-name: [568] PileInt(0/13):[], ch3
]]></system-out>
</testcase>
<testcase name="testEqualsObject(PileInt, Object)[569]" classname="pilesimple.test.PileIntTest" time="0">
<system-out><![CDATA[
unique-id: [engine:junit-jupiter]/[class:pilesimple.test.PileIntTest]/[test-template:testEqualsObject(pilesimple.PileInt, java.lang.Object)]/[test-template-invocation:#569]
display-name: [569] PileInt(0/13):[], ch4
]]></system-out>
</testcase>
<testcase name="testEqualsObject(PileInt, Object)[570]" classname="pilesimple.test.PileIntTest" time="0">
<system-out><![CDATA[
unique-id: [engine:junit-jupiter]/[class:pilesimple.test.PileIntTest]/[test-template:testEqualsObject(pilesimple.PileInt, java.lang.Object)]/[test-template-invocation:#570]
display-name: [570] PileInt(0/13):[], ch5
]]></system-out>
</testcase>
<testcase name="testEqualsObject(PileInt, Object)[571]" classname="pilesimple.test.PileIntTest" time="0">
<system-out><![CDATA[
unique-id: [engine:junit-jupiter]/[class:pilesimple.test.PileIntTest]/[test-template:testEqualsObject(pilesimple.PileInt, java.lang.Object)]/[test-template-invocation:#571]
display-name: [571] PileInt(0/13):[], chaine6
]]></system-out>
</testcase>
<testcase name="testEqualsObject(PileInt, Object)[572]" classname="pilesimple.test.PileIntTest" time="0">
<system-out><![CDATA[
unique-id: [engine:junit-jupiter]/[class:pilesimple.test.PileIntTest]/[test-template:testEqualsObject(pilesimple.PileInt, java.lang.Object)]/[test-template-invocation:#572]
display-name: [572] PileInt(0/13):[], chaine7
]]></system-out>
</testcase>
<testcase name="testEqualsObject(PileInt, Object)[573]" classname="pilesimple.test.PileIntTest" time="0">
<system-out><![CDATA[
unique-id: [engine:junit-jupiter]/[class:pilesimple.test.PileIntTest]/[test-template:testEqualsObject(pilesimple.PileInt, java.lang.Object)]/[test-template-invocation:#573]
display-name: [573] PileInt(0/13):[], chaine8
]]></system-out>
</testcase>
<testcase name="testEqualsObject(PileInt, Object)[574]" classname="pilesimple.test.PileIntTest" time="0">
<system-out><![CDATA[
unique-id: [engine:junit-jupiter]/[class:pilesimple.test.PileIntTest]/[test-template:testEqualsObject(pilesimple.PileInt, java.lang.Object)]/[test-template-invocation:#574]
display-name: [574] PileInt(0/13):[], chaine10
]]></system-out>
</testcase>
<testcase name="testEqualsObject(PileInt, Object)[575]" classname="pilesimple.test.PileIntTest" time="0">
<system-out><![CDATA[
unique-id: [engine:junit-jupiter]/[class:pilesimple.test.PileIntTest]/[test-template:testEqualsObject(pilesimple.PileInt, java.lang.Object)]/[test-template-invocation:#575]
display-name: [575] PileInt(0/13):[], chaine11
]]></system-out>
</testcase>
<testcase name="testEqualsObject(PileInt, Object)[576]" classname="pilesimple.test.PileIntTest" time="0">
<system-out><![CDATA[
unique-id: [engine:junit-jupiter]/[class:pilesimple.test.PileIntTest]/[test-template:testEqualsObject(pilesimple.PileInt, java.lang.Object)]/[test-template-invocation:#576]
display-name: [576] PileInt(0/13):[], chaine12
]]></system-out>
</testcase>
<testcase name="testEqualsObject(PileInt, Object)[577]" classname="pilesimple.test.PileIntTest" time="0">
<system-out><![CDATA[
unique-id: [engine:junit-jupiter]/[class:pilesimple.test.PileIntTest]/[test-template:testEqualsObject(pilesimple.PileInt, java.lang.Object)]/[test-template-invocation:#577]
display-name: [577] PileInt(0/13):[], null
]]></system-out>
</testcase>
<testcase name="testEqualsObject(PileInt, Object)[578]" classname="pilesimple.test.PileIntTest" time="0">
<system-out><![CDATA[
unique-id: [engine:junit-jupiter]/[class:pilesimple.test.PileIntTest]/[test-template:testEqualsObject(pilesimple.PileInt, java.lang.Object)]/[test-template-invocation:#578]
display-name: [578] PileInt(0/13):[], java.lang.Object@6bf0219d
]]></system-out>
</testcase>
<testcase name="testEqualsObject(PileInt, Object)[579]" classname="pilesimple.test.PileIntTest" time="0">
<system-out><![CDATA[
unique-id: [engine:junit-jupiter]/[class:pilesimple.test.PileIntTest]/[test-template:testEqualsObject(pilesimple.PileInt, java.lang.Object)]/[test-template-invocation:#579]
display-name: [579] PileInt(0/13):[], abc
]]></system-out>
</testcase>
<testcase name="testEqualsObject(PileInt, Object)[580]" classname="pilesimple.test.PileIntTest" time="0">
<system-out><![CDATA[
unique-id: [engine:junit-jupiter]/[class:pilesimple.test.PileIntTest]/[test-template:testEqualsObject(pilesimple.PileInt, java.lang.Object)]/[test-template-invocation:#580]
display-name: [580] PileInt(0/13):[], 1
]]></system-out>
</testcase>
<testcase name="testEqualsObject(PileInt, Object)[581]" classname="pilesimple.test.PileIntTest" time="0">
<system-out><![CDATA[
unique-id: [engine:junit-jupiter]/[class:pilesimple.test.PileIntTest]/[test-template:testEqualsObject(pilesimple.PileInt, java.lang.Object)]/[test-template-invocation:#581]
display-name: [581] PileInt(0/13):[], PileInt(0/4):[]
]]></system-out>
</testcase>
<testcase name="testEqualsObject(PileInt, Object)[582]" classname="pilesimple.test.PileIntTest" time="0">
<system-out><![CDATA[
unique-id: [engine:junit-jupiter]/[class:pilesimple.test.PileIntTest]/[test-template:testEqualsObject(pilesimple.PileInt, java.lang.Object)]/[test-template-invocation:#582]
display-name: [582] PileInt(0/13):[], PileInt(8/10):[406853085 94227386 0 0 0 0 0 0 ]
]]></system-out>
</testcase>
<testcase name="testEqualsObject(PileInt, Object)[583]" classname="pilesimple.test.PileIntTest" time="0">
<system-out><![CDATA[
unique-id: [engine:junit-jupiter]/[class:pilesimple.test.PileIntTest]/[test-template:testEqualsObject(pilesimple.PileInt, java.lang.Object)]/[test-template-invocation:#583]
display-name: [583] PileInt(0/13):[], PileInt(3/21):[829174856 -560540630 1017069059 ]
]]></system-out>
</testcase>
<testcase name="testEqualsObject(PileInt, Object)[584]" classname="pilesimple.test.PileIntTest" time="0">
<system-out><![CDATA[
unique-id: [engine:junit-jupiter]/[class:pilesimple.test.PileIntTest]/[test-template:testEqualsObject(pilesimple.PileInt, java.lang.Object)]/[test-template-invocation:#584]
display-name: [584] PileInt(0/13):[], PileInt(1/24):[-1489436760 ]
]]></system-out>
</testcase>
<testcase name="testEqualsObject(PileInt, Object)[585]" classname="pilesimple.test.PileIntTest" time="0">
<system-out><![CDATA[
unique-id: [engine:junit-jupiter]/[class:pilesimple.test.PileIntTest]/[test-template:testEqualsObject(pilesimple.PileInt, java.lang.Object)]/[test-template-invocation:#585]
display-name: [585] PileInt(0/13):[], PileInt(3/10):[637862618 -1510457637 2016118339 ]
]]></system-out>
</testcase>
<testcase name="testEqualsObject(PileInt, Object)[586]" classname="pilesimple.test.PileIntTest" time="0">
<system-out><![CDATA[
unique-id: [engine:junit-jupiter]/[class:pilesimple.test.PileIntTest]/[test-template:testEqualsObject(pilesimple.PileInt, java.lang.Object)]/[test-template-invocation:#586]
display-name: [586] PileInt(0/13):[], PileInt(11/15):[-374846588 1048478229 -920801997 -771279764 -1267021193 0 0 0 0 0 0 ]
]]></system-out>
</testcase>
<testcase name="testEqualsObject(PileInt, Object)[587]" classname="pilesimple.test.PileIntTest" time="0">
<system-out><![CDATA[
unique-id: [engine:junit-jupiter]/[class:pilesimple.test.PileIntTest]/[test-template:testEqualsObject(pilesimple.PileInt, java.lang.Object)]/[test-template-invocation:#587]
display-name: [587] PileInt(0/13):[], PileInt(19/20):[1428472226 -637821803 -706447001 1150321620 864544919 0 0 0 0 0 0 0 0 0 0 0 0 0 0 ]
]]></system-out>
</testcase>
<testcase name="testEqualsObject(PileInt, Object)[588]" classname="pilesimple.test.PileIntTest" time="0">
<system-out><![CDATA[
unique-id: [engine:junit-jupiter]/[class:pilesimple.test.PileIntTest]/[test-template:testEqualsObject(pilesimple.PileInt, java.lang.Object)]/[test-template-invocation:#588]
display-name: [588] PileInt(0/13):[], PileInt(5/28):[703876638 393883502 -735980280 1592594415 1442868874 ]
]]></system-out>
</testcase>
<testcase name="testEqualsObject(PileInt, Object)[589]" classname="pilesimple.test.PileIntTest" time="0">
<system-out><![CDATA[
unique-id: [engine:junit-jupiter]/[class:pilesimple.test.PileIntTest]/[test-template:testEqualsObject(pilesimple.PileInt, java.lang.Object)]/[test-template-invocation:#589]
display-name: [589] PileInt(0/13):[], PileInt(3/6):[0 0 0 ]
]]></system-out>
</testcase>
<testcase name="testEqualsObject(PileInt, Object)[590]" classname="pilesimple.test.PileIntTest" time="0">
<system-out><![CDATA[
unique-id: [engine:junit-jupiter]/[class:pilesimple.test.PileIntTest]/[test-template:testEqualsObject(pilesimple.PileInt, java.lang.Object)]/[test-template-invocation:#590]
display-name: [590] PileInt(0/13):[], PileInt(18/25):[-705429044 -1165162668 1915516414 1792785474 -1102370681 0 0 0 0 0 0 0 0 0 0 0 0 0 ]
]]></system-out>
</testcase>
<testcase name="testEqualsObject(PileInt, Object)[591]" classname="pilesimple.test.PileIntTest" time="0">
<system-out><![CDATA[
unique-id: [engine:junit-jupiter]/[class:pilesimple.test.PileIntTest]/[test-template:testEqualsObject(pilesimple.PileInt, java.lang.Object)]/[test-template-invocation:#591]
display-name: [591] PileInt(0/13):[], PileInt(5/8):[1210489329 -1943355528 2110550009 303126429 0 ]
]]></system-out>
</testcase>
<testcase name="testEqualsObject(PileInt, Object)[592]" classname="pilesimple.test.PileIntTest" time="0">
<system-out><![CDATA[
unique-id: [engine:junit-jupiter]/[class:pilesimple.test.PileIntTest]/[test-template:testEqualsObject(pilesimple.PileInt, java.lang.Object)]/[test-template-invocation:#592]
display-name: [592] PileInt(0/13):[], PileInt(0/25):[]
]]></system-out>
</testcase>
<testcase name="testEqualsObject(PileInt, Object)[593]" classname="pilesimple.test.PileIntTest" time="0">
<system-out><![CDATA[
unique-id: [engine:junit-jupiter]/[class:pilesimple.test.PileIntTest]/[test-template:testEqualsObject(pilesimple.PileInt, java.lang.Object)]/[test-template-invocation:#593]
display-name: [593] PileInt(0/13):[], PileInt(11/20):[-1948372490 1175265028 1509228326 982841218 -113535506 -1095093150 388532020 -1696138086 -1404296367 949094180 1074419298 ]
]]></system-out>
</testcase>
<testcase name="testEqualsObject(PileInt, Object)[594]" classname="pilesimple.test.PileIntTest" time="0">
<system-out><![CDATA[
unique-id: [engine:junit-jupiter]/[class:pilesimple.test.PileIntTest]/[test-template:testEqualsObject(pilesimple.PileInt, java.lang.Object)]/[test-template-invocation:#594]
display-name: [594] PileInt(0/13):[], PileInt(0/1):[]
]]></system-out>
</testcase>
<testcase name="testEqualsObject(PileInt, Object)[595]" classname="pilesimple.test.PileIntTest" time="0">
<system-out><![CDATA[
unique-id: [engine:junit-jupiter]/[class:pilesimple.test.PileIntTest]/[test-template:testEqualsObject(pilesimple.PileInt, java.lang.Object)]/[test-template-invocation:#595]
display-name: [595] PileInt(0/13):[], PileInt(10/13):[-684180429 633166819 0 0 0 0 0 0 0 0 ]
]]></system-out>
</testcase>
<testcase name="testEqualsObject(PileInt, Object)[596]" classname="pilesimple.test.PileIntTest" time="0">
<system-out><![CDATA[
unique-id: [engine:junit-jupiter]/[class:pilesimple.test.PileIntTest]/[test-template:testEqualsObject(pilesimple.PileInt, java.lang.Object)]/[test-template-invocation:#596]
display-name: [596] PileInt(0/13):[], PileInt(5/7):[-1274647728 1596499529 -463382582 0 0 ]
]]></system-out>
</testcase>
<testcase name="testEqualsObject(PileInt, Object)[597]" classname="pilesimple.test.PileIntTest" time="0">
<system-out><![CDATA[
unique-id: [engine:junit-jupiter]/[class:pilesimple.test.PileIntTest]/[test-template:testEqualsObject(pilesimple.PileInt, java.lang.Object)]/[test-template-invocation:#597]
display-name: [597] PileInt(0/13):[], PileInt(15/16):[1362992196 -2080071938 1590300961 -1725722911 682324868 -1338224590 880401299 -2081234295 -561541459 0 0 0 0 0 0 ]
]]></system-out>
</testcase>
<testcase name="testEqualsObject(PileInt, Object)[598]" classname="pilesimple.test.PileIntTest" time="0">
<system-out><![CDATA[
unique-id: [engine:junit-jupiter]/[class:pilesimple.test.PileIntTest]/[test-template:testEqualsObject(pilesimple.PileInt, java.lang.Object)]/[test-template-invocation:#598]
display-name: [598] PileInt(0/13):[], PileInt(21/25):[-177297065 -317067174 1538678292 1459401015 764171947 -791717276 -1475135243 1373362923 104936572 1838652771 -10463901 -1839550882 1664723887 -799351692 -1803735371 1504195079 457981356 1301858620 217733573 1908815035 -718666961 ]
]]></system-out>
</testcase>
<testcase name="testEqualsObject(PileInt, Object)[599]" classname="pilesimple.test.PileIntTest" time="0">
<system-out><![CDATA[
unique-id: [engine:junit-jupiter]/[class:pilesimple.test.PileIntTest]/[test-template:testEqualsObject(pilesimple.PileInt, java.lang.Object)]/[test-template-invocation:#599]
display-name: [599] PileInt(0/13):[], PileInt(1/4):[-810202728 ]
]]></system-out>
</testcase>
<testcase name="testEqualsObject(PileInt, Object)[600]" classname="pilesimple.test.PileIntTest" time="0">
<system-out><![CDATA[
unique-id: [engine:junit-jupiter]/[class:pilesimple.test.PileIntTest]/[test-template:testEqualsObject(pilesimple.PileInt, java.lang.Object)]/[test-template-invocation:#600]
display-name: [600] PileInt(0/13):[], PileInt(1/5):[-234217948 ]
]]></system-out>
</testcase>
<testcase name="testEqualsObject(PileInt, Object)[601]" classname="pilesimple.test.PileIntTest" time="0">
<system-out><![CDATA[
unique-id: [engine:junit-jupiter]/[class:pilesimple.test.PileIntTest]/[test-template:testEqualsObject(pilesimple.PileInt, java.lang.Object)]/[test-template-invocation:#601]
display-name: [601] PileInt(1/7):[-1274647728 ], null
]]></system-out>
</testcase>
<testcase name="testEqualsObject(PileInt, Object)[602]" classname="pilesimple.test.PileIntTest" time="0">
<system-out><![CDATA[
unique-id: [engine:junit-jupiter]/[class:pilesimple.test.PileIntTest]/[test-template:testEqualsObject(pilesimple.PileInt, java.lang.Object)]/[test-template-invocation:#602]
display-name: [602] PileInt(1/7):[-1274647728 ], 
]]></system-out>
</testcase>
<testcase name="testEqualsObject(PileInt, Object)[603]" classname="pilesimple.test.PileIntTest" time="0">
<system-out><![CDATA[
unique-id: [engine:junit-jupiter]/[class:pilesimple.test.PileIntTest]/[test-template:testEqualsObject(pilesimple.PileInt, java.lang.Object)]/[test-template-invocation:#603]
display-name: [603] PileInt(1/7):[-1274647728 ], abc
]]></system-out>
</testcase>
<testcase name="testEqualsObject(PileInt, Object)[604]" classname="pilesimple.test.PileIntTest" time="0">
<system-out><![CDATA[
unique-id: [engine:junit-jupiter]/[class:pilesimple.test.PileIntTest]/[test-template:testEqualsObject(pilesimple.PileInt, java.lang.Object)]/[test-template-invocation:#604]
display-name: [604] PileInt(1/7):[-1274647728 ], Abjh45
]]></system-out>
</testcase>
<testcase name="testEqualsObject(PileInt, Object)[605]" classname="pilesimple.test.PileIntTest" time="0">
<system-out><![CDATA[
unique-id: [engine:junit-jupiter]/[class:pilesimple.test.PileIntTest]/[test-template:testEqualsObject(pilesimple.PileInt, java.lang.Object)]/[test-template-invocation:#605]
display-name: [605] PileInt(1/7):[-1274647728 ], ch1
]]></system-out>
</testcase>
<testcase name="testEqualsObject(PileInt, Object)[606]" classname="pilesimple.test.PileIntTest" time="0">
<system-out><![CDATA[
unique-id: [engine:junit-jupiter]/[class:pilesimple.test.PileIntTest]/[test-template:testEqualsObject(pilesimple.PileInt, java.lang.Object)]/[test-template-invocation:#606]
display-name: [606] PileInt(1/7):[-1274647728 ], 5662
]]></system-out>
</testcase>
<testcase name="testEqualsObject(PileInt, Object)[607]" classname="pilesimple.test.PileIntTest" time="0">
<system-out><![CDATA[
unique-id: [engine:junit-jupiter]/[class:pilesimple.test.PileIntTest]/[test-template:testEqualsObject(pilesimple.PileInt, java.lang.Object)]/[test-template-invocation:#607]
display-name: [607] PileInt(1/7):[-1274647728 ], ch2
]]></system-out>
</testcase>
<testcase name="testEqualsObject(PileInt, Object)[608]" classname="pilesimple.test.PileIntTest" time="0">
<system-out><![CDATA[
unique-id: [engine:junit-jupiter]/[class:pilesimple.test.PileIntTest]/[test-template:testEqualsObject(pilesimple.PileInt, java.lang.Object)]/[test-template-invocation:#608]
display-name: [608] PileInt(1/7):[-1274647728 ], ch3
]]></system-out>
</testcase>
<testcase name="testEqualsObject(PileInt, Object)[609]" classname="pilesimple.test.PileIntTest" time="0">
<system-out><![CDATA[
unique-id: [engine:junit-jupiter]/[class:pilesimple.test.PileIntTest]/[test-template:testEqualsObject(pilesimple.PileInt, java.lang.Object)]/[test-template-invocation:#609]
display-name: [609] PileInt(1/7):[-1274647728 ], ch4
]]></system-out>
</testcase>
<testcase name="testEqualsObject(PileInt, Object)[610]" classname="pilesimple.test.PileIntTest" time="0">
<system-out><![CDATA[
unique-id: [engine:junit-jupiter]/[class:pilesimple.test.PileIntTest]/[test-template:testEqualsObject(pilesimple.PileInt, java.lang.Object)]/[test-template-invocation:#610]
display-name: [610] PileInt(1/7):[-1274647728 ], ch5
]]></system-out>
</testcase>
<testcase name="testEqualsObject(PileInt, Object)[611]" classname="pilesimple.test.PileIntTest" time="0">
<system-out><![CDATA[
unique-id: [engine:junit-jupiter]/[class:pilesimple.test.PileIntTest]/[test-template:testEqualsObject(pilesimple.PileInt, java.lang.Object)]/[test-template-invocation:#611]
display-name: [611] PileInt(1/7):[-1274647728 ], chaine6
]]></system-out>
</testcase>
<testcase name="testEqualsObject(PileInt, Object)[612]" classname="pilesimple.test.PileIntTest" time="0">
<system-out><![CDATA[
unique-id: [engine:junit-jupiter]/[class:pilesimple.test.PileIntTest]/[test-template:testEqualsObject(pilesimple.PileInt, java.lang.Object)]/[test-template-invocation:#612]
display-name: [612] PileInt(1/7):[-1274647728 ], chaine7
]]></system-out>
</testcase>
<testcase name="testEqualsObject(PileInt, Object)[613]" classname="pilesimple.test.PileIntTest" time="0">
<system-out><![CDATA[
unique-id: [engine:junit-jupiter]/[class:pilesimple.test.PileIntTest]/[test-template:testEqualsObject(pilesimple.PileInt, java.lang.Object)]/[test-template-invocation:#613]
display-name: [613] PileInt(1/7):[-1274647728 ], chaine8
]]></system-out>
</testcase>
<testcase name="testEqualsObject(PileInt, Object)[614]" classname="pilesimple.test.PileIntTest" time="0">
<system-out><![CDATA[
unique-id: [engine:junit-jupiter]/[class:pilesimple.test.PileIntTest]/[test-template:testEqualsObject(pilesimple.PileInt, java.lang.Object)]/[test-template-invocation:#614]
display-name: [614] PileInt(1/7):[-1274647728 ], chaine10
]]></system-out>
</testcase>
<testcase name="testEqualsObject(PileInt, Object)[615]" classname="pilesimple.test.PileIntTest" time="0">
<system-out><![CDATA[
unique-id: [engine:junit-jupiter]/[class:pilesimple.test.PileIntTest]/[test-template:testEqualsObject(pilesimple.PileInt, java.lang.Object)]/[test-template-invocation:#615]
display-name: [615] PileInt(1/7):[-1274647728 ], chaine11
]]></system-out>
</testcase>
<testcase name="testEqualsObject(PileInt, Object)[616]" classname="pilesimple.test.PileIntTest" time="0">
<system-out><![CDATA[
unique-id: [engine:junit-jupiter]/[class:pilesimple.test.PileIntTest]/[test-template:testEqualsObject(pilesimple.PileInt, java.lang.Object)]/[test-template-invocation:#616]
display-name: [616] PileInt(1/7):[-1274647728 ], chaine12
]]></system-out>
</testcase>
<testcase name="testEqualsObject(PileInt, Object)[617]" classname="pilesimple.test.PileIntTest" time="0">
<system-out><![CDATA[
unique-id: [engine:junit-jupiter]/[class:pilesimple.test.PileIntTest]/[test-template:testEqualsObject(pilesimple.PileInt, java.lang.Object)]/[test-template-invocation:#617]
display-name: [617] PileInt(1/7):[-1274647728 ], null
]]></system-out>
</testcase>
<testcase name="testEqualsObject(PileInt, Object)[618]" classname="pilesimple.test.PileIntTest" time="0">
<system-out><![CDATA[
unique-id: [engine:junit-jupiter]/[class:pilesimple.test.PileIntTest]/[test-template:testEqualsObject(pilesimple.PileInt, java.lang.Object)]/[test-template-invocation:#618]
display-name: [618] PileInt(1/7):[-1274647728 ], java.lang.Object@6bf0219d
]]></system-out>
</testcase>
<testcase name="testEqualsObject(PileInt, Object)[619]" classname="pilesimple.test.PileIntTest" time="0">
<system-out><![CDATA[
unique-id: [engine:junit-jupiter]/[class:pilesimple.test.PileIntTest]/[test-template:testEqualsObject(pilesimple.PileInt, java.lang.Object)]/[test-template-invocation:#619]
display-name: [619] PileInt(1/7):[-1274647728 ], abc
]]></system-out>
</testcase>
<testcase name="testEqualsObject(PileInt, Object)[620]" classname="pilesimple.test.PileIntTest" time="0">
<system-out><![CDATA[
unique-id: [engine:junit-jupiter]/[class:pilesimple.test.PileIntTest]/[test-template:testEqualsObject(pilesimple.PileInt, java.lang.Object)]/[test-template-invocation:#620]
display-name: [620] PileInt(1/7):[-1274647728 ], 1
]]></system-out>
</testcase>
<testcase name="testEqualsObject(PileInt, Object)[621]" classname="pilesimple.test.PileIntTest" time="0">
<system-out><![CDATA[
unique-id: [engine:junit-jupiter]/[class:pilesimple.test.PileIntTest]/[test-template:testEqualsObject(pilesimple.PileInt, java.lang.Object)]/[test-template-invocation:#621]
display-name: [621] PileInt(1/7):[-1274647728 ], PileInt(3/4):[338894473 -8872316 -194658560 ]
]]></system-out>
</testcase>
<testcase name="testEqualsObject(PileInt, Object)[622]" classname="pilesimple.test.PileIntTest" time="0">
<system-out><![CDATA[
unique-id: [engine:junit-jupiter]/[class:pilesimple.test.PileIntTest]/[test-template:testEqualsObject(pilesimple.PileInt, java.lang.Object)]/[test-template-invocation:#622]
display-name: [622] PileInt(1/7):[-1274647728 ], PileInt(9/10):[406853085 94227386 0 0 0 0 0 0 0 ]
]]></system-out>
</testcase>
<testcase name="testEqualsObject(PileInt, Object)[623]" classname="pilesimple.test.PileIntTest" time="0">
<system-out><![CDATA[
unique-id: [engine:junit-jupiter]/[class:pilesimple.test.PileIntTest]/[test-template:testEqualsObject(pilesimple.PileInt, java.lang.Object)]/[test-template-invocation:#623]
display-name: [623] PileInt(1/7):[-1274647728 ], PileInt(7/21):[829174856 -560540630 1017069059 -1738412859 300209628 -188841458 -1827026023 ]
]]></system-out>
</testcase>
<testcase name="testEqualsObject(PileInt, Object)[624]" classname="pilesimple.test.PileIntTest" time="0">
<system-out><![CDATA[
unique-id: [engine:junit-jupiter]/[class:pilesimple.test.PileIntTest]/[test-template:testEqualsObject(pilesimple.PileInt, java.lang.Object)]/[test-template-invocation:#624]
display-name: [624] PileInt(1/7):[-1274647728 ], PileInt(12/24):[-1489436760 -263993310 1290897763 1717230542 -2064902060 0 0 0 0 0 0 0 ]
]]></system-out>
</testcase>
<testcase name="testEqualsObject(PileInt, Object)[625]" classname="pilesimple.test.PileIntTest" time="0">
<system-out><![CDATA[
unique-id: [engine:junit-jupiter]/[class:pilesimple.test.PileIntTest]/[test-template:testEqualsObject(pilesimple.PileInt, java.lang.Object)]/[test-template-invocation:#625]
display-name: [625] PileInt(1/7):[-1274647728 ], PileInt(1/10):[637862618 ]
]]></system-out>
</testcase>
<testcase name="testEqualsObject(PileInt, Object)[626]" classname="pilesimple.test.PileIntTest" time="0">
<system-out><![CDATA[
unique-id: [engine:junit-jupiter]/[class:pilesimple.test.PileIntTest]/[test-template:testEqualsObject(pilesimple.PileInt, java.lang.Object)]/[test-template-invocation:#626]
display-name: [626] PileInt(1/7):[-1274647728 ], PileInt(12/15):[-374846588 1048478229 -920801997 -771279764 -1267021193 0 0 0 0 0 0 0 ]
]]></system-out>
</testcase>
<testcase name="testEqualsObject(PileInt, Object)[627]" classname="pilesimple.test.PileIntTest" time="0">
<system-out><![CDATA[
unique-id: [engine:junit-jupiter]/[class:pilesimple.test.PileIntTest]/[test-template:testEqualsObject(pilesimple.PileInt, java.lang.Object)]/[test-template-invocation:#627]
display-name: [627] PileInt(1/7):[-1274647728 ], PileInt(2/20):[1428472226 -637821803 ]
]]></system-out>
</testcase>
<testcase name="testEqualsObject(PileInt, Object)[628]" classname="pilesimple.test.PileIntTest" time="0">
<system-out><![CDATA[
unique-id: [engine:junit-jupiter]/[class:pilesimple.test.PileIntTest]/[test-template:testEqualsObject(pilesimple.PileInt, java.lang.Object)]/[test-template-invocation:#628]
display-name: [628] PileInt(1/7):[-1274647728 ], PileInt(22/28):[703876638 393883502 -735980280 1592594415 1442868874 0 0 0 0 0 0 0 0 0 0 0 0 0 0 0 0 0 ]
]]></system-out>
</testcase>
<testcase name="testEqualsObject(PileInt, Object)[629]" classname="pilesimple.test.PileIntTest" time="0">
<system-out><![CDATA[
unique-id: [engine:junit-jupiter]/[class:pilesimple.test.PileIntTest]/[test-template:testEqualsObject(pilesimple.PileInt, java.lang.Object)]/[test-template-invocation:#629]
display-name: [629] PileInt(1/7):[-1274647728 ], PileInt(1/6):[0 ]
]]></system-out>
</testcase>
<testcase name="testEqualsObject(PileInt, Object)[630]" classname="pilesimple.test.PileIntTest" time="0">
<system-out><![CDATA[
unique-id: [engine:junit-jupiter]/[class:pilesimple.test.PileIntTest]/[test-template:testEqualsObject(pilesimple.PileInt, java.lang.Object)]/[test-template-invocation:#630]
display-name: [630] PileInt(1/7):[-1274647728 ], PileInt(7/25):[-705429044 -1165162668 1915516414 1792785474 -1102370681 0 0 ]
]]></system-out>
</testcase>
<testcase name="testEqualsObject(PileInt, Object)[631]" classname="pilesimple.test.PileIntTest" time="0">
<system-out><![CDATA[
unique-id: [engine:junit-jupiter]/[class:pilesimple.test.PileIntTest]/[test-template:testEqualsObject(pilesimple.PileInt, java.lang.Object)]/[test-template-invocation:#631]
display-name: [631] PileInt(1/7):[-1274647728 ], PileInt(4/8):[1210489329 -1943355528 2110550009 303126429 ]
]]></system-out>
</testcase>
<testcase name="testEqualsObject(PileInt, Object)[632]" classname="pilesimple.test.PileIntTest" time="0">
<system-out><![CDATA[
unique-id: [engine:junit-jupiter]/[class:pilesimple.test.PileIntTest]/[test-template:testEqualsObject(pilesimple.PileInt, java.lang.Object)]/[test-template-invocation:#632]
display-name: [632] PileInt(1/7):[-1274647728 ], PileInt(16/25):[1076106784 1001106160 0 0 0 0 0 0 0 0 0 0 0 0 0 0 ]
]]></system-out>
</testcase>
<testcase name="testEqualsObject(PileInt, Object)[633]" classname="pilesimple.test.PileIntTest" time="0">
<system-out><![CDATA[
unique-id: [engine:junit-jupiter]/[class:pilesimple.test.PileIntTest]/[test-template:testEqualsObject(pilesimple.PileInt, java.lang.Object)]/[test-template-invocation:#633]
display-name: [633] PileInt(1/7):[-1274647728 ], PileInt(17/20):[-1948372490 1175265028 1509228326 982841218 -113535506 -1095093150 388532020 -1696138086 -1404296367 949094180 1074419298 1053087988 -1152583802 826453230 -990184886 0 0 ]
]]></system-out>
</testcase>
<testcase name="testEqualsObject(PileInt, Object)[634]" classname="pilesimple.test.PileIntTest" time="0">
<system-out><![CDATA[
unique-id: [engine:junit-jupiter]/[class:pilesimple.test.PileIntTest]/[test-template:testEqualsObject(pilesimple.PileInt, java.lang.Object)]/[test-template-invocation:#634]
display-name: [634] PileInt(1/7):[-1274647728 ], PileInt(0/1):[]
]]></system-out>
</testcase>
<testcase name="testEqualsObject(PileInt, Object)[635]" classname="pilesimple.test.PileIntTest" time="0">
<system-out><![CDATA[
unique-id: [engine:junit-jupiter]/[class:pilesimple.test.PileIntTest]/[test-template:testEqualsObject(pilesimple.PileInt, java.lang.Object)]/[test-template-invocation:#635]
display-name: [635] PileInt(1/7):[-1274647728 ], PileInt(12/13):[-684180429 633166819 0 0 0 0 0 0 0 0 0 0 ]
]]></system-out>
</testcase>
<testcase name="testEqualsObject(PileInt, Object)[636]" classname="pilesimple.test.PileIntTest" time="0">
<system-out><![CDATA[
unique-id: [engine:junit-jupiter]/[class:pilesimple.test.PileIntTest]/[test-template:testEqualsObject(pilesimple.PileInt, java.lang.Object)]/[test-template-invocation:#636]
display-name: [636] PileInt(1/7):[-1274647728 ], PileInt(5/7):[-1274647728 1596499529 -463382582 0 0 ]
]]></system-out>
</testcase>
<testcase name="testEqualsObject(PileInt, Object)[637]" classname="pilesimple.test.PileIntTest" time="0">
<system-out><![CDATA[
unique-id: [engine:junit-jupiter]/[class:pilesimple.test.PileIntTest]/[test-template:testEqualsObject(pilesimple.PileInt, java.lang.Object)]/[test-template-invocation:#637]
display-name: [637] PileInt(1/7):[-1274647728 ], PileInt(1/16):[1362992196 ]
]]></system-out>
</testcase>
<testcase name="testEqualsObject(PileInt, Object)[638]" classname="pilesimple.test.PileIntTest" time="0">
<system-out><![CDATA[
unique-id: [engine:junit-jupiter]/[class:pilesimple.test.PileIntTest]/[test-template:testEqualsObject(pilesimple.PileInt, java.lang.Object)]/[test-template-invocation:#638]
display-name: [638] PileInt(1/7):[-1274647728 ], PileInt(6/25):[-177297065 -317067174 1538678292 1459401015 764171947 -791717276 ]
]]></system-out>
</testcase>
<testcase name="testEqualsObject(PileInt, Object)[639]" classname="pilesimple.test.PileIntTest" time="0">
<system-out><![CDATA[
unique-id: [engine:junit-jupiter]/[class:pilesimple.test.PileIntTest]/[test-template:testEqualsObject(pilesimple.PileInt, java.lang.Object)]/[test-template-invocation:#639]
display-name: [639] PileInt(1/7):[-1274647728 ], PileInt(2/4):[-810202728 -2036874149 ]
]]></system-out>
</testcase>
<testcase name="testEqualsObject(PileInt, Object)[640]" classname="pilesimple.test.PileIntTest" time="0">
<system-out><![CDATA[
unique-id: [engine:junit-jupiter]/[class:pilesimple.test.PileIntTest]/[test-template:testEqualsObject(pilesimple.PileInt, java.lang.Object)]/[test-template-invocation:#640]
display-name: [640] PileInt(1/7):[-1274647728 ], PileInt(0/5):[]
]]></system-out>
</testcase>
<testcase name="testEqualsObject(PileInt, Object)[641]" classname="pilesimple.test.PileIntTest" time="0">
<system-out><![CDATA[
unique-id: [engine:junit-jupiter]/[class:pilesimple.test.PileIntTest]/[test-template:testEqualsObject(pilesimple.PileInt, java.lang.Object)]/[test-template-invocation:#641]
display-name: [641] PileInt(13/16):[1362992196 -2080071938 1590300961 -1725722911 682324868 -1338224590 880401299 -2081234295 -561541459 0 0 0 0 ], null
]]></system-out>
</testcase>
<testcase name="testEqualsObject(PileInt, Object)[642]" classname="pilesimple.test.PileIntTest" time="0">
<system-out><![CDATA[
unique-id: [engine:junit-jupiter]/[class:pilesimple.test.PileIntTest]/[test-template:testEqualsObject(pilesimple.PileInt, java.lang.Object)]/[test-template-invocation:#642]
display-name: [642] PileInt(13/16):[1362992196 -2080071938 1590300961 -1725722911 682324868 -1338224590 880401299 -2081234295 -561541459 0 0 0 0 ], 
]]></system-out>
</testcase>
<testcase name="testEqualsObject(PileInt, Object)[643]" classname="pilesimple.test.PileIntTest" time="0">
<system-out><![CDATA[
unique-id: [engine:junit-jupiter]/[class:pilesimple.test.PileIntTest]/[test-template:testEqualsObject(pilesimple.PileInt, java.lang.Object)]/[test-template-invocation:#643]
display-name: [643] PileInt(13/16):[1362992196 -2080071938 1590300961 -1725722911 682324868 -1338224590 880401299 -2081234295 -561541459 0 0 0 0 ], abc
]]></system-out>
</testcase>
<testcase name="testEqualsObject(PileInt, Object)[644]" classname="pilesimple.test.PileIntTest" time="0">
<system-out><![CDATA[
unique-id: [engine:junit-jupiter]/[class:pilesimple.test.PileIntTest]/[test-template:testEqualsObject(pilesimple.PileInt, java.lang.Object)]/[test-template-invocation:#644]
display-name: [644] PileInt(13/16):[1362992196 -2080071938 1590300961 -1725722911 682324868 -1338224590 880401299 -2081234295 -561541459 0 0 0 0 ], Abjh45
]]></system-out>
</testcase>
<testcase name="testEqualsObject(PileInt, Object)[645]" classname="pilesimple.test.PileIntTest" time="0">
<system-out><![CDATA[
unique-id: [engine:junit-jupiter]/[class:pilesimple.test.PileIntTest]/[test-template:testEqualsObject(pilesimple.PileInt, java.lang.Object)]/[test-template-invocation:#645]
display-name: [645] PileInt(13/16):[1362992196 -2080071938 1590300961 -1725722911 682324868 -1338224590 880401299 -2081234295 -561541459 0 0 0 0 ], ch1
]]></system-out>
</testcase>
<testcase name="testEqualsObject(PileInt, Object)[646]" classname="pilesimple.test.PileIntTest" time="0">
<system-out><![CDATA[
unique-id: [engine:junit-jupiter]/[class:pilesimple.test.PileIntTest]/[test-template:testEqualsObject(pilesimple.PileInt, java.lang.Object)]/[test-template-invocation:#646]
display-name: [646] PileInt(13/16):[1362992196 -2080071938 1590300961 -1725722911 682324868 -1338224590 880401299 -2081234295 -561541459 0 0 0 0 ], 5662
]]></system-out>
</testcase>
<testcase name="testEqualsObject(PileInt, Object)[647]" classname="pilesimple.test.PileIntTest" time="0">
<system-out><![CDATA[
unique-id: [engine:junit-jupiter]/[class:pilesimple.test.PileIntTest]/[test-template:testEqualsObject(pilesimple.PileInt, java.lang.Object)]/[test-template-invocation:#647]
display-name: [647] PileInt(13/16):[1362992196 -2080071938 1590300961 -1725722911 682324868 -1338224590 880401299 -2081234295 -561541459 0 0 0 0 ], ch2
]]></system-out>
</testcase>
<testcase name="testEqualsObject(PileInt, Object)[648]" classname="pilesimple.test.PileIntTest" time="0">
<system-out><![CDATA[
unique-id: [engine:junit-jupiter]/[class:pilesimple.test.PileIntTest]/[test-template:testEqualsObject(pilesimple.PileInt, java.lang.Object)]/[test-template-invocation:#648]
display-name: [648] PileInt(13/16):[1362992196 -2080071938 1590300961 -1725722911 682324868 -1338224590 880401299 -2081234295 -561541459 0 0 0 0 ], ch3
]]></system-out>
</testcase>
<testcase name="testEqualsObject(PileInt, Object)[649]" classname="pilesimple.test.PileIntTest" time="0">
<system-out><![CDATA[
unique-id: [engine:junit-jupiter]/[class:pilesimple.test.PileIntTest]/[test-template:testEqualsObject(pilesimple.PileInt, java.lang.Object)]/[test-template-invocation:#649]
display-name: [649] PileInt(13/16):[1362992196 -2080071938 1590300961 -1725722911 682324868 -1338224590 880401299 -2081234295 -561541459 0 0 0 0 ], ch4
]]></system-out>
</testcase>
<testcase name="testEqualsObject(PileInt, Object)[650]" classname="pilesimple.test.PileIntTest" time="0">
<system-out><![CDATA[
unique-id: [engine:junit-jupiter]/[class:pilesimple.test.PileIntTest]/[test-template:testEqualsObject(pilesimple.PileInt, java.lang.Object)]/[test-template-invocation:#650]
display-name: [650] PileInt(13/16):[1362992196 -2080071938 1590300961 -1725722911 682324868 -1338224590 880401299 -2081234295 -561541459 0 0 0 0 ], ch5
]]></system-out>
</testcase>
<testcase name="testEqualsObject(PileInt, Object)[651]" classname="pilesimple.test.PileIntTest" time="0">
<system-out><![CDATA[
unique-id: [engine:junit-jupiter]/[class:pilesimple.test.PileIntTest]/[test-template:testEqualsObject(pilesimple.PileInt, java.lang.Object)]/[test-template-invocation:#651]
display-name: [651] PileInt(13/16):[1362992196 -2080071938 1590300961 -1725722911 682324868 -1338224590 880401299 -2081234295 -561541459 0 0 0 0 ], chaine6
]]></system-out>
</testcase>
<testcase name="testEqualsObject(PileInt, Object)[652]" classname="pilesimple.test.PileIntTest" time="0">
<system-out><![CDATA[
unique-id: [engine:junit-jupiter]/[class:pilesimple.test.PileIntTest]/[test-template:testEqualsObject(pilesimple.PileInt, java.lang.Object)]/[test-template-invocation:#652]
display-name: [652] PileInt(13/16):[1362992196 -2080071938 1590300961 -1725722911 682324868 -1338224590 880401299 -2081234295 -561541459 0 0 0 0 ], chaine7
]]></system-out>
</testcase>
<testcase name="testEqualsObject(PileInt, Object)[653]" classname="pilesimple.test.PileIntTest" time="0">
<system-out><![CDATA[
unique-id: [engine:junit-jupiter]/[class:pilesimple.test.PileIntTest]/[test-template:testEqualsObject(pilesimple.PileInt, java.lang.Object)]/[test-template-invocation:#653]
display-name: [653] PileInt(13/16):[1362992196 -2080071938 1590300961 -1725722911 682324868 -1338224590 880401299 -2081234295 -561541459 0 0 0 0 ], chaine8
]]></system-out>
</testcase>
<testcase name="testEqualsObject(PileInt, Object)[654]" classname="pilesimple.test.PileIntTest" time="0">
<system-out><![CDATA[
unique-id: [engine:junit-jupiter]/[class:pilesimple.test.PileIntTest]/[test-template:testEqualsObject(pilesimple.PileInt, java.lang.Object)]/[test-template-invocation:#654]
display-name: [654] PileInt(13/16):[1362992196 -2080071938 1590300961 -1725722911 682324868 -1338224590 880401299 -2081234295 -561541459 0 0 0 0 ], chaine10
]]></system-out>
</testcase>
<testcase name="testEqualsObject(PileInt, Object)[655]" classname="pilesimple.test.PileIntTest" time="0">
<system-out><![CDATA[
unique-id: [engine:junit-jupiter]/[class:pilesimple.test.PileIntTest]/[test-template:testEqualsObject(pilesimple.PileInt, java.lang.Object)]/[test-template-invocation:#655]
display-name: [655] PileInt(13/16):[1362992196 -2080071938 1590300961 -1725722911 682324868 -1338224590 880401299 -2081234295 -561541459 0 0 0 0 ], chaine11
]]></system-out>
</testcase>
<testcase name="testEqualsObject(PileInt, Object)[656]" classname="pilesimple.test.PileIntTest" time="0">
<system-out><![CDATA[
unique-id: [engine:junit-jupiter]/[class:pilesimple.test.PileIntTest]/[test-template:testEqualsObject(pilesimple.PileInt, java.lang.Object)]/[test-template-invocation:#656]
display-name: [656] PileInt(13/16):[1362992196 -2080071938 1590300961 -1725722911 682324868 -1338224590 880401299 -2081234295 -561541459 0 0 0 0 ], chaine12
]]></system-out>
</testcase>
<testcase name="testEqualsObject(PileInt, Object)[657]" classname="pilesimple.test.PileIntTest" time="0">
<system-out><![CDATA[
unique-id: [engine:junit-jupiter]/[class:pilesimple.test.PileIntTest]/[test-template:testEqualsObject(pilesimple.PileInt, java.lang.Object)]/[test-template-invocation:#657]
display-name: [657] PileInt(13/16):[1362992196 -2080071938 1590300961 -1725722911 682324868 -1338224590 880401299 -2081234295 -561541459 0 0 0 0 ], null
]]></system-out>
</testcase>
<testcase name="testEqualsObject(PileInt, Object)[658]" classname="pilesimple.test.PileIntTest" time="0">
<system-out><![CDATA[
unique-id: [engine:junit-jupiter]/[class:pilesimple.test.PileIntTest]/[test-template:testEqualsObject(pilesimple.PileInt, java.lang.Object)]/[test-template-invocation:#658]
display-name: [658] PileInt(13/16):[1362992196 -2080071938 1590300961 -1725722911 682324868 -1338224590 880401299 -2081234295 -561541459 0 0 0 0 ], java.lang.Object@6bf0219d
]]></system-out>
</testcase>
<testcase name="testEqualsObject(PileInt, Object)[659]" classname="pilesimple.test.PileIntTest" time="0">
<system-out><![CDATA[
unique-id: [engine:junit-jupiter]/[class:pilesimple.test.PileIntTest]/[test-template:testEqualsObject(pilesimple.PileInt, java.lang.Object)]/[test-template-invocation:#659]
display-name: [659] PileInt(13/16):[1362992196 -2080071938 1590300961 -1725722911 682324868 -1338224590 880401299 -2081234295 -561541459 0 0 0 0 ], abc
]]></system-out>
</testcase>
<testcase name="testEqualsObject(PileInt, Object)[660]" classname="pilesimple.test.PileIntTest" time="0">
<system-out><![CDATA[
unique-id: [engine:junit-jupiter]/[class:pilesimple.test.PileIntTest]/[test-template:testEqualsObject(pilesimple.PileInt, java.lang.Object)]/[test-template-invocation:#660]
display-name: [660] PileInt(13/16):[1362992196 -2080071938 1590300961 -1725722911 682324868 -1338224590 880401299 -2081234295 -561541459 0 0 0 0 ], 1
]]></system-out>
</testcase>
<testcase name="testEqualsObject(PileInt, Object)[661]" classname="pilesimple.test.PileIntTest" time="0">
<system-out><![CDATA[
unique-id: [engine:junit-jupiter]/[class:pilesimple.test.PileIntTest]/[test-template:testEqualsObject(pilesimple.PileInt, java.lang.Object)]/[test-template-invocation:#661]
display-name: [661] PileInt(13/16):[1362992196 -2080071938 1590300961 -1725722911 682324868 -1338224590 880401299 -2081234295 -561541459 0 0 0 0 ], PileInt(0/4):[]
]]></system-out>
</testcase>
<testcase name="testEqualsObject(PileInt, Object)[662]" classname="pilesimple.test.PileIntTest" time="0">
<system-out><![CDATA[
unique-id: [engine:junit-jupiter]/[class:pilesimple.test.PileIntTest]/[test-template:testEqualsObject(pilesimple.PileInt, java.lang.Object)]/[test-template-invocation:#662]
display-name: [662] PileInt(13/16):[1362992196 -2080071938 1590300961 -1725722911 682324868 -1338224590 880401299 -2081234295 -561541459 0 0 0 0 ], PileInt(2/10):[406853085 94227386 ]
]]></system-out>
</testcase>
<testcase name="testEqualsObject(PileInt, Object)[663]" classname="pilesimple.test.PileIntTest" time="0">
<system-out><![CDATA[
unique-id: [engine:junit-jupiter]/[class:pilesimple.test.PileIntTest]/[test-template:testEqualsObject(pilesimple.PileInt, java.lang.Object)]/[test-template-invocation:#663]
display-name: [663] PileInt(13/16):[1362992196 -2080071938 1590300961 -1725722911 682324868 -1338224590 880401299 -2081234295 -561541459 0 0 0 0 ], PileInt(5/21):[829174856 -560540630 1017069059 -1738412859 300209628 ]
]]></system-out>
</testcase>
<testcase name="testEqualsObject(PileInt, Object)[664]" classname="pilesimple.test.PileIntTest" time="0">
<system-out><![CDATA[
unique-id: [engine:junit-jupiter]/[class:pilesimple.test.PileIntTest]/[test-template:testEqualsObject(pilesimple.PileInt, java.lang.Object)]/[test-template-invocation:#664]
display-name: [664] PileInt(13/16):[1362992196 -2080071938 1590300961 -1725722911 682324868 -1338224590 880401299 -2081234295 -561541459 0 0 0 0 ], PileInt(0/24):[]
]]></system-out>
</testcase>
<testcase name="testEqualsObject(PileInt, Object)[665]" classname="pilesimple.test.PileIntTest" time="0">
<system-out><![CDATA[
unique-id: [engine:junit-jupiter]/[class:pilesimple.test.PileIntTest]/[test-template:testEqualsObject(pilesimple.PileInt, java.lang.Object)]/[test-template-invocation:#665]
display-name: [665] PileInt(13/16):[1362992196 -2080071938 1590300961 -1725722911 682324868 -1338224590 880401299 -2081234295 -561541459 0 0 0 0 ], PileInt(1/10):[637862618 ]
]]></system-out>
</testcase>
<testcase name="testEqualsObject(PileInt, Object)[666]" classname="pilesimple.test.PileIntTest" time="0">
<system-out><![CDATA[
unique-id: [engine:junit-jupiter]/[class:pilesimple.test.PileIntTest]/[test-template:testEqualsObject(pilesimple.PileInt, java.lang.Object)]/[test-template-invocation:#666]
display-name: [666] PileInt(13/16):[1362992196 -2080071938 1590300961 -1725722911 682324868 -1338224590 880401299 -2081234295 -561541459 0 0 0 0 ], PileInt(10/15):[-374846588 1048478229 -920801997 -771279764 -1267021193 0 0 0 0 0 ]
]]></system-out>
</testcase>
<testcase name="testEqualsObject(PileInt, Object)[667]" classname="pilesimple.test.PileIntTest" time="0">
<system-out><![CDATA[
unique-id: [engine:junit-jupiter]/[class:pilesimple.test.PileIntTest]/[test-template:testEqualsObject(pilesimple.PileInt, java.lang.Object)]/[test-template-invocation:#667]
display-name: [667] PileInt(13/16):[1362992196 -2080071938 1590300961 -1725722911 682324868 -1338224590 880401299 -2081234295 -561541459 0 0 0 0 ], PileInt(17/20):[1428472226 -637821803 -706447001 1150321620 864544919 0 0 0 0 0 0 0 0 0 0 0 0 ]
]]></system-out>
</testcase>
<testcase name="testEqualsObject(PileInt, Object)[668]" classname="pilesimple.test.PileIntTest" time="0">
<system-out><![CDATA[
unique-id: [engine:junit-jupiter]/[class:pilesimple.test.PileIntTest]/[test-template:testEqualsObject(pilesimple.PileInt, java.lang.Object)]/[test-template-invocation:#668]
display-name: [668] PileInt(13/16):[1362992196 -2080071938 1590300961 -1725722911 682324868 -1338224590 880401299 -2081234295 -561541459 0 0 0 0 ], PileInt(5/28):[703876638 393883502 -735980280 1592594415 1442868874 ]
]]></system-out>
</testcase>
<testcase name="testEqualsObject(PileInt, Object)[669]" classname="pilesimple.test.PileIntTest" time="0">
<system-out><![CDATA[
unique-id: [engine:junit-jupiter]/[class:pilesimple.test.PileIntTest]/[test-template:testEqualsObject(pilesimple.PileInt, java.lang.Object)]/[test-template-invocation:#669]
display-name: [669] PileInt(13/16):[1362992196 -2080071938 1590300961 -1725722911 682324868 -1338224590 880401299 -2081234295 -561541459 0 0 0 0 ], PileInt(1/6):[0 ]
]]></system-out>
</testcase>
<testcase name="testEqualsObject(PileInt, Object)[670]" classname="pilesimple.test.PileIntTest" time="0">
<system-out><![CDATA[
unique-id: [engine:junit-jupiter]/[class:pilesimple.test.PileIntTest]/[test-template:testEqualsObject(pilesimple.PileInt, java.lang.Object)]/[test-template-invocation:#670]
display-name: [670] PileInt(13/16):[1362992196 -2080071938 1590300961 -1725722911 682324868 -1338224590 880401299 -2081234295 -561541459 0 0 0 0 ], PileInt(1/25):[-705429044 ]
]]></system-out>
</testcase>
<testcase name="testEqualsObject(PileInt, Object)[671]" classname="pilesimple.test.PileIntTest" time="0">
<system-out><![CDATA[
unique-id: [engine:junit-jupiter]/[class:pilesimple.test.PileIntTest]/[test-template:testEqualsObject(pilesimple.PileInt, java.lang.Object)]/[test-template-invocation:#671]
display-name: [671] PileInt(13/16):[1362992196 -2080071938 1590300961 -1725722911 682324868 -1338224590 880401299 -2081234295 -561541459 0 0 0 0 ], PileInt(7/8):[1210489329 -1943355528 2110550009 303126429 0 0 0 ]
]]></system-out>
</testcase>
<testcase name="testEqualsObject(PileInt, Object)[672]" classname="pilesimple.test.PileIntTest" time="0">
<system-out><![CDATA[
unique-id: [engine:junit-jupiter]/[class:pilesimple.test.PileIntTest]/[test-template:testEqualsObject(pilesimple.PileInt, java.lang.Object)]/[test-template-invocation:#672]
display-name: [672] PileInt(13/16):[1362992196 -2080071938 1590300961 -1725722911 682324868 -1338224590 880401299 -2081234295 -561541459 0 0 0 0 ], PileInt(13/25):[1076106784 1001106160 0 0 0 0 0 0 0 0 0 0 0 ]
]]></system-out>
</testcase>
<testcase name="testEqualsObject(PileInt, Object)[673]" classname="pilesimple.test.PileIntTest" time="0">
<system-out><![CDATA[
unique-id: [engine:junit-jupiter]/[class:pilesimple.test.PileIntTest]/[test-template:testEqualsObject(pilesimple.PileInt, java.lang.Object)]/[test-template-invocation:#673]
display-name: [673] PileInt(13/16):[1362992196 -2080071938 1590300961 -1725722911 682324868 -1338224590 880401299 -2081234295 -561541459 0 0 0 0 ], PileInt(16/20):[-1948372490 1175265028 1509228326 982841218 -113535506 -1095093150 388532020 -1696138086 -1404296367 949094180 1074419298 1053087988 -1152583802 826453230 -990184886 0 ]
]]></system-out>
</testcase>
<testcase name="testEqualsObject(PileInt, Object)[674]" classname="pilesimple.test.PileIntTest" time="0">
<system-out><![CDATA[
unique-id: [engine:junit-jupiter]/[class:pilesimple.test.PileIntTest]/[test-template:testEqualsObject(pilesimple.PileInt, java.lang.Object)]/[test-template-invocation:#674]
display-name: [674] PileInt(13/16):[1362992196 -2080071938 1590300961 -1725722911 682324868 -1338224590 880401299 -2081234295 -561541459 0 0 0 0 ], PileInt(0/1):[]
]]></system-out>
</testcase>
<testcase name="testEqualsObject(PileInt, Object)[675]" classname="pilesimple.test.PileIntTest" time="0">
<system-out><![CDATA[
unique-id: [engine:junit-jupiter]/[class:pilesimple.test.PileIntTest]/[test-template:testEqualsObject(pilesimple.PileInt, java.lang.Object)]/[test-template-invocation:#675]
display-name: [675] PileInt(13/16):[1362992196 -2080071938 1590300961 -1725722911 682324868 -1338224590 880401299 -2081234295 -561541459 0 0 0 0 ], PileInt(4/13):[-684180429 633166819 0 0 ]
]]></system-out>
</testcase>
<testcase name="testEqualsObject(PileInt, Object)[676]" classname="pilesimple.test.PileIntTest" time="0">
<system-out><![CDATA[
unique-id: [engine:junit-jupiter]/[class:pilesimple.test.PileIntTest]/[test-template:testEqualsObject(pilesimple.PileInt, java.lang.Object)]/[test-template-invocation:#676]
display-name: [676] PileInt(13/16):[1362992196 -2080071938 1590300961 -1725722911 682324868 -1338224590 880401299 -2081234295 -561541459 0 0 0 0 ], PileInt(1/7):[-1274647728 ]
]]></system-out>
</testcase>
<testcase name="testEqualsObject(PileInt, Object)[677]" classname="pilesimple.test.PileIntTest" time="0">
<system-out><![CDATA[
unique-id: [engine:junit-jupiter]/[class:pilesimple.test.PileIntTest]/[test-template:testEqualsObject(pilesimple.PileInt, java.lang.Object)]/[test-template-invocation:#677]
display-name: [677] PileInt(13/16):[1362992196 -2080071938 1590300961 -1725722911 682324868 -1338224590 880401299 -2081234295 -561541459 0 0 0 0 ], PileInt(6/16):[1362992196 -2080071938 1590300961 -1725722911 682324868 -1338224590 ]
]]></system-out>
</testcase>
<testcase name="testEqualsObject(PileInt, Object)[678]" classname="pilesimple.test.PileIntTest" time="0">
<system-out><![CDATA[
unique-id: [engine:junit-jupiter]/[class:pilesimple.test.PileIntTest]/[test-template:testEqualsObject(pilesimple.PileInt, java.lang.Object)]/[test-template-invocation:#678]
display-name: [678] PileInt(13/16):[1362992196 -2080071938 1590300961 -1725722911 682324868 -1338224590 880401299 -2081234295 -561541459 0 0 0 0 ], PileInt(0/25):[]
]]></system-out>
</testcase>
<testcase name="testEqualsObject(PileInt, Object)[679]" classname="pilesimple.test.PileIntTest" time="0">
<system-out><![CDATA[
unique-id: [engine:junit-jupiter]/[class:pilesimple.test.PileIntTest]/[test-template:testEqualsObject(pilesimple.PileInt, java.lang.Object)]/[test-template-invocation:#679]
display-name: [679] PileInt(13/16):[1362992196 -2080071938 1590300961 -1725722911 682324868 -1338224590 880401299 -2081234295 -561541459 0 0 0 0 ], PileInt(0/4):[]
]]></system-out>
</testcase>
<testcase name="testEqualsObject(PileInt, Object)[680]" classname="pilesimple.test.PileIntTest" time="0">
<system-out><![CDATA[
unique-id: [engine:junit-jupiter]/[class:pilesimple.test.PileIntTest]/[test-template:testEqualsObject(pilesimple.PileInt, java.lang.Object)]/[test-template-invocation:#680]
display-name: [680] PileInt(13/16):[1362992196 -2080071938 1590300961 -1725722911 682324868 -1338224590 880401299 -2081234295 -561541459 0 0 0 0 ], PileInt(2/5):[-234217948 -2036859372 ]
]]></system-out>
</testcase>
<testcase name="testEqualsObject(PileInt, Object)[681]" classname="pilesimple.test.PileIntTest" time="0">
<system-out><![CDATA[
unique-id: [engine:junit-jupiter]/[class:pilesimple.test.PileIntTest]/[test-template:testEqualsObject(pilesimple.PileInt, java.lang.Object)]/[test-template-invocation:#681]
display-name: [681] PileInt(18/25):[-177297065 -317067174 1538678292 1459401015 764171947 -791717276 -1475135243 1373362923 104936572 1838652771 -10463901 -1839550882 1664723887 -799351692 -1803735371 1504195079 457981356 1301858620 ], null
]]></system-out>
</testcase>
<testcase name="testEqualsObject(PileInt, Object)[682]" classname="pilesimple.test.PileIntTest" time="0">
<system-out><![CDATA[
unique-id: [engine:junit-jupiter]/[class:pilesimple.test.PileIntTest]/[test-template:testEqualsObject(pilesimple.PileInt, java.lang.Object)]/[test-template-invocation:#682]
display-name: [682] PileInt(18/25):[-177297065 -317067174 1538678292 1459401015 764171947 -791717276 -1475135243 1373362923 104936572 1838652771 -10463901 -1839550882 1664723887 -799351692 -1803735371 1504195079 457981356 1301858620 ], 
]]></system-out>
</testcase>
<testcase name="testEqualsObject(PileInt, Object)[683]" classname="pilesimple.test.PileIntTest" time="0">
<system-out><![CDATA[
unique-id: [engine:junit-jupiter]/[class:pilesimple.test.PileIntTest]/[test-template:testEqualsObject(pilesimple.PileInt, java.lang.Object)]/[test-template-invocation:#683]
display-name: [683] PileInt(18/25):[-177297065 -317067174 1538678292 1459401015 764171947 -791717276 -1475135243 1373362923 104936572 1838652771 -10463901 -1839550882 1664723887 -799351692 -1803735371 1504195079 457981356 1301858620 ], abc
]]></system-out>
</testcase>
<testcase name="testEqualsObject(PileInt, Object)[684]" classname="pilesimple.test.PileIntTest" time="0">
<system-out><![CDATA[
unique-id: [engine:junit-jupiter]/[class:pilesimple.test.PileIntTest]/[test-template:testEqualsObject(pilesimple.PileInt, java.lang.Object)]/[test-template-invocation:#684]
display-name: [684] PileInt(18/25):[-177297065 -317067174 1538678292 1459401015 764171947 -791717276 -1475135243 1373362923 104936572 1838652771 -10463901 -1839550882 1664723887 -799351692 -1803735371 1504195079 457981356 1301858620 ], Abjh45
]]></system-out>
</testcase>
<testcase name="testEqualsObject(PileInt, Object)[685]" classname="pilesimple.test.PileIntTest" time="0">
<system-out><![CDATA[
unique-id: [engine:junit-jupiter]/[class:pilesimple.test.PileIntTest]/[test-template:testEqualsObject(pilesimple.PileInt, java.lang.Object)]/[test-template-invocation:#685]
display-name: [685] PileInt(18/25):[-177297065 -317067174 1538678292 1459401015 764171947 -791717276 -1475135243 1373362923 104936572 1838652771 -10463901 -1839550882 1664723887 -799351692 -1803735371 1504195079 457981356 1301858620 ], ch1
]]></system-out>
</testcase>
<testcase name="testEqualsObject(PileInt, Object)[686]" classname="pilesimple.test.PileIntTest" time="0">
<system-out><![CDATA[
unique-id: [engine:junit-jupiter]/[class:pilesimple.test.PileIntTest]/[test-template:testEqualsObject(pilesimple.PileInt, java.lang.Object)]/[test-template-invocation:#686]
display-name: [686] PileInt(18/25):[-177297065 -317067174 1538678292 1459401015 764171947 -791717276 -1475135243 1373362923 104936572 1838652771 -10463901 -1839550882 1664723887 -799351692 -1803735371 1504195079 457981356 1301858620 ], 5662
]]></system-out>
</testcase>
<testcase name="testEqualsObject(PileInt, Object)[687]" classname="pilesimple.test.PileIntTest" time="0">
<system-out><![CDATA[
unique-id: [engine:junit-jupiter]/[class:pilesimple.test.PileIntTest]/[test-template:testEqualsObject(pilesimple.PileInt, java.lang.Object)]/[test-template-invocation:#687]
display-name: [687] PileInt(18/25):[-177297065 -317067174 1538678292 1459401015 764171947 -791717276 -1475135243 1373362923 104936572 1838652771 -10463901 -1839550882 1664723887 -799351692 -1803735371 1504195079 457981356 1301858620 ], ch2
]]></system-out>
</testcase>
<testcase name="testEqualsObject(PileInt, Object)[688]" classname="pilesimple.test.PileIntTest" time="0">
<system-out><![CDATA[
unique-id: [engine:junit-jupiter]/[class:pilesimple.test.PileIntTest]/[test-template:testEqualsObject(pilesimple.PileInt, java.lang.Object)]/[test-template-invocation:#688]
display-name: [688] PileInt(18/25):[-177297065 -317067174 1538678292 1459401015 764171947 -791717276 -1475135243 1373362923 104936572 1838652771 -10463901 -1839550882 1664723887 -799351692 -1803735371 1504195079 457981356 1301858620 ], ch3
]]></system-out>
</testcase>
<testcase name="testEqualsObject(PileInt, Object)[689]" classname="pilesimple.test.PileIntTest" time="0">
<system-out><![CDATA[
unique-id: [engine:junit-jupiter]/[class:pilesimple.test.PileIntTest]/[test-template:testEqualsObject(pilesimple.PileInt, java.lang.Object)]/[test-template-invocation:#689]
display-name: [689] PileInt(18/25):[-177297065 -317067174 1538678292 1459401015 764171947 -791717276 -1475135243 1373362923 104936572 1838652771 -10463901 -1839550882 1664723887 -799351692 -1803735371 1504195079 457981356 1301858620 ], ch4
]]></system-out>
</testcase>
<testcase name="testEqualsObject(PileInt, Object)[690]" classname="pilesimple.test.PileIntTest" time="0">
<system-out><![CDATA[
unique-id: [engine:junit-jupiter]/[class:pilesimple.test.PileIntTest]/[test-template:testEqualsObject(pilesimple.PileInt, java.lang.Object)]/[test-template-invocation:#690]
display-name: [690] PileInt(18/25):[-177297065 -317067174 1538678292 1459401015 764171947 -791717276 -1475135243 1373362923 104936572 1838652771 -10463901 -1839550882 1664723887 -799351692 -1803735371 1504195079 457981356 1301858620 ], ch5
]]></system-out>
</testcase>
<testcase name="testEqualsObject(PileInt, Object)[691]" classname="pilesimple.test.PileIntTest" time="0">
<system-out><![CDATA[
unique-id: [engine:junit-jupiter]/[class:pilesimple.test.PileIntTest]/[test-template:testEqualsObject(pilesimple.PileInt, java.lang.Object)]/[test-template-invocation:#691]
display-name: [691] PileInt(18/25):[-177297065 -317067174 1538678292 1459401015 764171947 -791717276 -1475135243 1373362923 104936572 1838652771 -10463901 -1839550882 1664723887 -799351692 -1803735371 1504195079 457981356 1301858620 ], chaine6
]]></system-out>
</testcase>
<testcase name="testEqualsObject(PileInt, Object)[692]" classname="pilesimple.test.PileIntTest" time="0">
<system-out><![CDATA[
unique-id: [engine:junit-jupiter]/[class:pilesimple.test.PileIntTest]/[test-template:testEqualsObject(pilesimple.PileInt, java.lang.Object)]/[test-template-invocation:#692]
display-name: [692] PileInt(18/25):[-177297065 -317067174 1538678292 1459401015 764171947 -791717276 -1475135243 1373362923 104936572 1838652771 -10463901 -1839550882 1664723887 -799351692 -1803735371 1504195079 457981356 1301858620 ], chaine7
]]></system-out>
</testcase>
<testcase name="testEqualsObject(PileInt, Object)[693]" classname="pilesimple.test.PileIntTest" time="0">
<system-out><![CDATA[
unique-id: [engine:junit-jupiter]/[class:pilesimple.test.PileIntTest]/[test-template:testEqualsObject(pilesimple.PileInt, java.lang.Object)]/[test-template-invocation:#693]
display-name: [693] PileInt(18/25):[-177297065 -317067174 1538678292 1459401015 764171947 -791717276 -1475135243 1373362923 104936572 1838652771 -10463901 -1839550882 1664723887 -799351692 -1803735371 1504195079 457981356 1301858620 ], chaine8
]]></system-out>
</testcase>
<testcase name="testEqualsObject(PileInt, Object)[694]" classname="pilesimple.test.PileIntTest" time="0">
<system-out><![CDATA[
unique-id: [engine:junit-jupiter]/[class:pilesimple.test.PileIntTest]/[test-template:testEqualsObject(pilesimple.PileInt, java.lang.Object)]/[test-template-invocation:#694]
display-name: [694] PileInt(18/25):[-177297065 -317067174 1538678292 1459401015 764171947 -791717276 -1475135243 1373362923 104936572 1838652771 -10463901 -1839550882 1664723887 -799351692 -1803735371 1504195079 457981356 1301858620 ], chaine10
]]></system-out>
</testcase>
<testcase name="testEqualsObject(PileInt, Object)[695]" classname="pilesimple.test.PileIntTest" time="0">
<system-out><![CDATA[
unique-id: [engine:junit-jupiter]/[class:pilesimple.test.PileIntTest]/[test-template:testEqualsObject(pilesimple.PileInt, java.lang.Object)]/[test-template-invocation:#695]
display-name: [695] PileInt(18/25):[-177297065 -317067174 1538678292 1459401015 764171947 -791717276 -1475135243 1373362923 104936572 1838652771 -10463901 -1839550882 1664723887 -799351692 -1803735371 1504195079 457981356 1301858620 ], chaine11
]]></system-out>
</testcase>
<testcase name="testEqualsObject(PileInt, Object)[696]" classname="pilesimple.test.PileIntTest" time="0">
<system-out><![CDATA[
unique-id: [engine:junit-jupiter]/[class:pilesimple.test.PileIntTest]/[test-template:testEqualsObject(pilesimple.PileInt, java.lang.Object)]/[test-template-invocation:#696]
display-name: [696] PileInt(18/25):[-177297065 -317067174 1538678292 1459401015 764171947 -791717276 -1475135243 1373362923 104936572 1838652771 -10463901 -1839550882 1664723887 -799351692 -1803735371 1504195079 457981356 1301858620 ], chaine12
]]></system-out>
</testcase>
<testcase name="testEqualsObject(PileInt, Object)[697]" classname="pilesimple.test.PileIntTest" time="0">
<system-out><![CDATA[
unique-id: [engine:junit-jupiter]/[class:pilesimple.test.PileIntTest]/[test-template:testEqualsObject(pilesimple.PileInt, java.lang.Object)]/[test-template-invocation:#697]
display-name: [697] PileInt(18/25):[-177297065 -317067174 1538678292 1459401015 764171947 -791717276 -1475135243 1373362923 104936572 1838652771 -10463901 -1839550882 1664723887 -799351692 -1803735371 1504195079 457981356 1301858620 ], null
]]></system-out>
</testcase>
<testcase name="testEqualsObject(PileInt, Object)[698]" classname="pilesimple.test.PileIntTest" time="0">
<system-out><![CDATA[
unique-id: [engine:junit-jupiter]/[class:pilesimple.test.PileIntTest]/[test-template:testEqualsObject(pilesimple.PileInt, java.lang.Object)]/[test-template-invocation:#698]
display-name: [698] PileInt(18/25):[-177297065 -317067174 1538678292 1459401015 764171947 -791717276 -1475135243 1373362923 104936572 1838652771 -10463901 -1839550882 1664723887 -799351692 -1803735371 1504195079 457981356 1301858620 ], java.lang.Object@6bf0219d
]]></system-out>
</testcase>
<testcase name="testEqualsObject(PileInt, Object)[699]" classname="pilesimple.test.PileIntTest" time="0">
<system-out><![CDATA[
unique-id: [engine:junit-jupiter]/[class:pilesimple.test.PileIntTest]/[test-template:testEqualsObject(pilesimple.PileInt, java.lang.Object)]/[test-template-invocation:#699]
display-name: [699] PileInt(18/25):[-177297065 -317067174 1538678292 1459401015 764171947 -791717276 -1475135243 1373362923 104936572 1838652771 -10463901 -1839550882 1664723887 -799351692 -1803735371 1504195079 457981356 1301858620 ], abc
]]></system-out>
</testcase>
<testcase name="testEqualsObject(PileInt, Object)[700]" classname="pilesimple.test.PileIntTest" time="0">
<system-out><![CDATA[
unique-id: [engine:junit-jupiter]/[class:pilesimple.test.PileIntTest]/[test-template:testEqualsObject(pilesimple.PileInt, java.lang.Object)]/[test-template-invocation:#700]
display-name: [700] PileInt(18/25):[-177297065 -317067174 1538678292 1459401015 764171947 -791717276 -1475135243 1373362923 104936572 1838652771 -10463901 -1839550882 1664723887 -799351692 -1803735371 1504195079 457981356 1301858620 ], 1
]]></system-out>
</testcase>
<testcase name="testEqualsObject(PileInt, Object)[701]" classname="pilesimple.test.PileIntTest" time="0">
<system-out><![CDATA[
unique-id: [engine:junit-jupiter]/[class:pilesimple.test.PileIntTest]/[test-template:testEqualsObject(pilesimple.PileInt, java.lang.Object)]/[test-template-invocation:#701]
display-name: [701] PileInt(18/25):[-177297065 -317067174 1538678292 1459401015 764171947 -791717276 -1475135243 1373362923 104936572 1838652771 -10463901 -1839550882 1664723887 -799351692 -1803735371 1504195079 457981356 1301858620 ], PileInt(3/4):[338894473 -8872316 -194658560 ]
]]></system-out>
</testcase>
<testcase name="testEqualsObject(PileInt, Object)[702]" classname="pilesimple.test.PileIntTest" time="0">
<system-out><![CDATA[
unique-id: [engine:junit-jupiter]/[class:pilesimple.test.PileIntTest]/[test-template:testEqualsObject(pilesimple.PileInt, java.lang.Object)]/[test-template-invocation:#702]
display-name: [702] PileInt(18/25):[-177297065 -317067174 1538678292 1459401015 764171947 -791717276 -1475135243 1373362923 104936572 1838652771 -10463901 -1839550882 1664723887 -799351692 -1803735371 1504195079 457981356 1301858620 ], PileInt(2/10):[406853085 94227386 ]
]]></system-out>
</testcase>
<testcase name="testEqualsObject(PileInt, Object)[703]" classname="pilesimple.test.PileIntTest" time="0">
<system-out><![CDATA[
unique-id: [engine:junit-jupiter]/[class:pilesimple.test.PileIntTest]/[test-template:testEqualsObject(pilesimple.PileInt, java.lang.Object)]/[test-template-invocation:#703]
display-name: [703] PileInt(18/25):[-177297065 -317067174 1538678292 1459401015 764171947 -791717276 -1475135243 1373362923 104936572 1838652771 -10463901 -1839550882 1664723887 -799351692 -1803735371 1504195079 457981356 1301858620 ], PileInt(14/21):[829174856 -560540630 1017069059 -1738412859 300209628 -188841458 -1827026023 -1500709070 -816936810 858109280 -776814606 -2070802362 -136406843 1897636588 ]
]]></system-out>
</testcase>
<testcase name="testEqualsObject(PileInt, Object)[704]" classname="pilesimple.test.PileIntTest" time="0">
<system-out><![CDATA[
unique-id: [engine:junit-jupiter]/[class:pilesimple.test.PileIntTest]/[test-template:testEqualsObject(pilesimple.PileInt, java.lang.Object)]/[test-template-invocation:#704]
display-name: [704] PileInt(18/25):[-177297065 -317067174 1538678292 1459401015 764171947 -791717276 -1475135243 1373362923 104936572 1838652771 -10463901 -1839550882 1664723887 -799351692 -1803735371 1504195079 457981356 1301858620 ], PileInt(10/24):[-1489436760 -263993310 1290897763 1717230542 -2064902060 0 0 0 0 0 ]
]]></system-out>
</testcase>
<testcase name="testEqualsObject(PileInt, Object)[705]" classname="pilesimple.test.PileIntTest" time="0">
<system-out><![CDATA[
unique-id: [engine:junit-jupiter]/[class:pilesimple.test.PileIntTest]/[test-template:testEqualsObject(pilesimple.PileInt, java.lang.Object)]/[test-template-invocation:#705]
display-name: [705] PileInt(18/25):[-177297065 -317067174 1538678292 1459401015 764171947 -791717276 -1475135243 1373362923 104936572 1838652771 -10463901 -1839550882 1664723887 -799351692 -1803735371 1504195079 457981356 1301858620 ], PileInt(0/10):[]
]]></system-out>
</testcase>
<testcase name="testEqualsObject(PileInt, Object)[706]" classname="pilesimple.test.PileIntTest" time="0">
<system-out><![CDATA[
unique-id: [engine:junit-jupiter]/[class:pilesimple.test.PileIntTest]/[test-template:testEqualsObject(pilesimple.PileInt, java.lang.Object)]/[test-template-invocation:#706]
display-name: [706] PileInt(18/25):[-177297065 -317067174 1538678292 1459401015 764171947 -791717276 -1475135243 1373362923 104936572 1838652771 -10463901 -1839550882 1664723887 -799351692 -1803735371 1504195079 457981356 1301858620 ], PileInt(11/15):[-374846588 1048478229 -920801997 -771279764 -1267021193 0 0 0 0 0 0 ]
]]></system-out>
</testcase>
<testcase name="testEqualsObject(PileInt, Object)[707]" classname="pilesimple.test.PileIntTest" time="0">
<system-out><![CDATA[
unique-id: [engine:junit-jupiter]/[class:pilesimple.test.PileIntTest]/[test-template:testEqualsObject(pilesimple.PileInt, java.lang.Object)]/[test-template-invocation:#707]
display-name: [707] PileInt(18/25):[-177297065 -317067174 1538678292 1459401015 764171947 -791717276 -1475135243 1373362923 104936572 1838652771 -10463901 -1839550882 1664723887 -799351692 -1803735371 1504195079 457981356 1301858620 ], PileInt(6/20):[1428472226 -637821803 -706447001 1150321620 864544919 0 ]
]]></system-out>
</testcase>
<testcase name="testEqualsObject(PileInt, Object)[708]" classname="pilesimple.test.PileIntTest" time="0">
<system-out><![CDATA[
unique-id: [engine:junit-jupiter]/[class:pilesimple.test.PileIntTest]/[test-template:testEqualsObject(pilesimple.PileInt, java.lang.Object)]/[test-template-invocation:#708]
display-name: [708] PileInt(18/25):[-177297065 -317067174 1538678292 1459401015 764171947 -791717276 -1475135243 1373362923 104936572 1838652771 -10463901 -1839550882 1664723887 -799351692 -1803735371 1504195079 457981356 1301858620 ], PileInt(18/28):[703876638 393883502 -735980280 1592594415 1442868874 0 0 0 0 0 0 0 0 0 0 0 0 0 ]
]]></system-out>
</testcase>
<testcase name="testEqualsObject(PileInt, Object)[709]" classname="pilesimple.test.PileIntTest" time="0">
<system-out><![CDATA[
unique-id: [engine:junit-jupiter]/[class:pilesimple.test.PileIntTest]/[test-template:testEqualsObject(pilesimple.PileInt, java.lang.Object)]/[test-template-invocation:#709]
display-name: [709] PileInt(18/25):[-177297065 -317067174 1538678292 1459401015 764171947 -791717276 -1475135243 1373362923 104936572 1838652771 -10463901 -1839550882 1664723887 -799351692 -1803735371 1504195079 457981356 1301858620 ], PileInt(2/6):[0 0 ]
]]></system-out>
</testcase>
<testcase name="testEqualsObject(PileInt, Object)[710]" classname="pilesimple.test.PileIntTest" time="0">
<system-out><![CDATA[
unique-id: [engine:junit-jupiter]/[class:pilesimple.test.PileIntTest]/[test-template:testEqualsObject(pilesimple.PileInt, java.lang.Object)]/[test-template-invocation:#710]
display-name: [710] PileInt(18/25):[-177297065 -317067174 1538678292 1459401015 764171947 -791717276 -1475135243 1373362923 104936572 1838652771 -10463901 -1839550882 1664723887 -799351692 -1803735371 1504195079 457981356 1301858620 ], PileInt(20/25):[-705429044 -1165162668 1915516414 1792785474 -1102370681 0 0 0 0 0 0 0 0 0 0 0 0 0 0 0 ]
]]></system-out>
</testcase>
<testcase name="testEqualsObject(PileInt, Object)[711]" classname="pilesimple.test.PileIntTest" time="0">
<system-out><![CDATA[
unique-id: [engine:junit-jupiter]/[class:pilesimple.test.PileIntTest]/[test-template:testEqualsObject(pilesimple.PileInt, java.lang.Object)]/[test-template-invocation:#711]
display-name: [711] PileInt(18/25):[-177297065 -317067174 1538678292 1459401015 764171947 -791717276 -1475135243 1373362923 104936572 1838652771 -10463901 -1839550882 1664723887 -799351692 -1803735371 1504195079 457981356 1301858620 ], PileInt(5/8):[1210489329 -1943355528 2110550009 303126429 0 ]
]]></system-out>
</testcase>
<testcase name="testEqualsObject(PileInt, Object)[712]" classname="pilesimple.test.PileIntTest" time="0">
<system-out><![CDATA[
unique-id: [engine:junit-jupiter]/[class:pilesimple.test.PileIntTest]/[test-template:testEqualsObject(pilesimple.PileInt, java.lang.Object)]/[test-template-invocation:#712]
display-name: [712] PileInt(18/25):[-177297065 -317067174 1538678292 1459401015 764171947 -791717276 -1475135243 1373362923 104936572 1838652771 -10463901 -1839550882 1664723887 -799351692 -1803735371 1504195079 457981356 1301858620 ], PileInt(8/25):[1076106784 1001106160 0 0 0 0 0 0 ]
]]></system-out>
</testcase>
<testcase name="testEqualsObject(PileInt, Object)[713]" classname="pilesimple.test.PileIntTest" time="0">
<system-out><![CDATA[
unique-id: [engine:junit-jupiter]/[class:pilesimple.test.PileIntTest]/[test-template:testEqualsObject(pilesimple.PileInt, java.lang.Object)]/[test-template-invocation:#713]
display-name: [713] PileInt(18/25):[-177297065 -317067174 1538678292 1459401015 764171947 -791717276 -1475135243 1373362923 104936572 1838652771 -10463901 -1839550882 1664723887 -799351692 -1803735371 1504195079 457981356 1301858620 ], PileInt(2/20):[-1948372490 1175265028 ]
]]></system-out>
</testcase>
<testcase name="testEqualsObject(PileInt, Object)[714]" classname="pilesimple.test.PileIntTest" time="0">
<system-out><![CDATA[
unique-id: [engine:junit-jupiter]/[class:pilesimple.test.PileIntTest]/[test-template:testEqualsObject(pilesimple.PileInt, java.lang.Object)]/[test-template-invocation:#714]
display-name: [714] PileInt(18/25):[-177297065 -317067174 1538678292 1459401015 764171947 -791717276 -1475135243 1373362923 104936572 1838652771 -10463901 -1839550882 1664723887 -799351692 -1803735371 1504195079 457981356 1301858620 ], PileInt(0/1):[]
]]></system-out>
</testcase>
<testcase name="testEqualsObject(PileInt, Object)[715]" classname="pilesimple.test.PileIntTest" time="0">
<system-out><![CDATA[
unique-id: [engine:junit-jupiter]/[class:pilesimple.test.PileIntTest]/[test-template:testEqualsObject(pilesimple.PileInt, java.lang.Object)]/[test-template-invocation:#715]
display-name: [715] PileInt(18/25):[-177297065 -317067174 1538678292 1459401015 764171947 -791717276 -1475135243 1373362923 104936572 1838652771 -10463901 -1839550882 1664723887 -799351692 -1803735371 1504195079 457981356 1301858620 ], PileInt(2/13):[-684180429 633166819 ]
]]></system-out>
</testcase>
<testcase name="testEqualsObject(PileInt, Object)[716]" classname="pilesimple.test.PileIntTest" time="0">
<system-out><![CDATA[
unique-id: [engine:junit-jupiter]/[class:pilesimple.test.PileIntTest]/[test-template:testEqualsObject(pilesimple.PileInt, java.lang.Object)]/[test-template-invocation:#716]
display-name: [716] PileInt(18/25):[-177297065 -317067174 1538678292 1459401015 764171947 -791717276 -1475135243 1373362923 104936572 1838652771 -10463901 -1839550882 1664723887 -799351692 -1803735371 1504195079 457981356 1301858620 ], PileInt(3/7):[-1274647728 1596499529 -463382582 ]
]]></system-out>
</testcase>
<testcase name="testEqualsObject(PileInt, Object)[717]" classname="pilesimple.test.PileIntTest" time="0">
<system-out><![CDATA[
unique-id: [engine:junit-jupiter]/[class:pilesimple.test.PileIntTest]/[test-template:testEqualsObject(pilesimple.PileInt, java.lang.Object)]/[test-template-invocation:#717]
display-name: [717] PileInt(18/25):[-177297065 -317067174 1538678292 1459401015 764171947 -791717276 -1475135243 1373362923 104936572 1838652771 -10463901 -1839550882 1664723887 -799351692 -1803735371 1504195079 457981356 1301858620 ], PileInt(0/16):[]
]]></system-out>
</testcase>
<testcase name="testEqualsObject(PileInt, Object)[718]" classname="pilesimple.test.PileIntTest" time="0">
<system-out><![CDATA[
unique-id: [engine:junit-jupiter]/[class:pilesimple.test.PileIntTest]/[test-template:testEqualsObject(pilesimple.PileInt, java.lang.Object)]/[test-template-invocation:#718]
display-name: [718] PileInt(18/25):[-177297065 -317067174 1538678292 1459401015 764171947 -791717276 -1475135243 1373362923 104936572 1838652771 -10463901 -1839550882 1664723887 -799351692 -1803735371 1504195079 457981356 1301858620 ], PileInt(15/25):[-177297065 -317067174 1538678292 1459401015 764171947 -791717276 -1475135243 1373362923 104936572 1838652771 -10463901 -1839550882 1664723887 -799351692 -1803735371 ]
]]></system-out>
</testcase>
<testcase name="testEqualsObject(PileInt, Object)[719]" classname="pilesimple.test.PileIntTest" time="0">
<system-out><![CDATA[
unique-id: [engine:junit-jupiter]/[class:pilesimple.test.PileIntTest]/[test-template:testEqualsObject(pilesimple.PileInt, java.lang.Object)]/[test-template-invocation:#719]
display-name: [719] PileInt(18/25):[-177297065 -317067174 1538678292 1459401015 764171947 -791717276 -1475135243 1373362923 104936572 1838652771 -10463901 -1839550882 1664723887 -799351692 -1803735371 1504195079 457981356 1301858620 ], PileInt(0/4):[]
]]></system-out>
</testcase>
<testcase name="testEqualsObject(PileInt, Object)[720]" classname="pilesimple.test.PileIntTest" time="0">
<system-out><![CDATA[
unique-id: [engine:junit-jupiter]/[class:pilesimple.test.PileIntTest]/[test-template:testEqualsObject(pilesimple.PileInt, java.lang.Object)]/[test-template-invocation:#720]
display-name: [720] PileInt(18/25):[-177297065 -317067174 1538678292 1459401015 764171947 -791717276 -1475135243 1373362923 104936572 1838652771 -10463901 -1839550882 1664723887 -799351692 -1803735371 1504195079 457981356 1301858620 ], PileInt(4/5):[-234217948 -2036859372 0 0 ]
]]></system-out>
</testcase>
<testcase name="testEqualsObject(PileInt, Object)[721]" classname="pilesimple.test.PileIntTest" time="0">
<system-out><![CDATA[
unique-id: [engine:junit-jupiter]/[class:pilesimple.test.PileIntTest]/[test-template:testEqualsObject(pilesimple.PileInt, java.lang.Object)]/[test-template-invocation:#721]
display-name: [721] PileInt(2/4):[-810202728 -2036874149 ], null
]]></system-out>
</testcase>
<testcase name="testEqualsObject(PileInt, Object)[722]" classname="pilesimple.test.PileIntTest" time="0">
<system-out><![CDATA[
unique-id: [engine:junit-jupiter]/[class:pilesimple.test.PileIntTest]/[test-template:testEqualsObject(pilesimple.PileInt, java.lang.Object)]/[test-template-invocation:#722]
display-name: [722] PileInt(2/4):[-810202728 -2036874149 ], 
]]></system-out>
</testcase>
<testcase name="testEqualsObject(PileInt, Object)[723]" classname="pilesimple.test.PileIntTest" time="0">
<system-out><![CDATA[
unique-id: [engine:junit-jupiter]/[class:pilesimple.test.PileIntTest]/[test-template:testEqualsObject(pilesimple.PileInt, java.lang.Object)]/[test-template-invocation:#723]
display-name: [723] PileInt(2/4):[-810202728 -2036874149 ], abc
]]></system-out>
</testcase>
<testcase name="testEqualsObject(PileInt, Object)[724]" classname="pilesimple.test.PileIntTest" time="0">
<system-out><![CDATA[
unique-id: [engine:junit-jupiter]/[class:pilesimple.test.PileIntTest]/[test-template:testEqualsObject(pilesimple.PileInt, java.lang.Object)]/[test-template-invocation:#724]
display-name: [724] PileInt(2/4):[-810202728 -2036874149 ], Abjh45
]]></system-out>
</testcase>
<testcase name="testEqualsObject(PileInt, Object)[725]" classname="pilesimple.test.PileIntTest" time="0">
<system-out><![CDATA[
unique-id: [engine:junit-jupiter]/[class:pilesimple.test.PileIntTest]/[test-template:testEqualsObject(pilesimple.PileInt, java.lang.Object)]/[test-template-invocation:#725]
display-name: [725] PileInt(2/4):[-810202728 -2036874149 ], ch1
]]></system-out>
</testcase>
<testcase name="testEqualsObject(PileInt, Object)[726]" classname="pilesimple.test.PileIntTest" time="0">
<system-out><![CDATA[
unique-id: [engine:junit-jupiter]/[class:pilesimple.test.PileIntTest]/[test-template:testEqualsObject(pilesimple.PileInt, java.lang.Object)]/[test-template-invocation:#726]
display-name: [726] PileInt(2/4):[-810202728 -2036874149 ], 5662
]]></system-out>
</testcase>
<testcase name="testEqualsObject(PileInt, Object)[727]" classname="pilesimple.test.PileIntTest" time="0">
<system-out><![CDATA[
unique-id: [engine:junit-jupiter]/[class:pilesimple.test.PileIntTest]/[test-template:testEqualsObject(pilesimple.PileInt, java.lang.Object)]/[test-template-invocation:#727]
display-name: [727] PileInt(2/4):[-810202728 -2036874149 ], ch2
]]></system-out>
</testcase>
<testcase name="testEqualsObject(PileInt, Object)[728]" classname="pilesimple.test.PileIntTest" time="0">
<system-out><![CDATA[
unique-id: [engine:junit-jupiter]/[class:pilesimple.test.PileIntTest]/[test-template:testEqualsObject(pilesimple.PileInt, java.lang.Object)]/[test-template-invocation:#728]
display-name: [728] PileInt(2/4):[-810202728 -2036874149 ], ch3
]]></system-out>
</testcase>
<testcase name="testEqualsObject(PileInt, Object)[729]" classname="pilesimple.test.PileIntTest" time="0">
<system-out><![CDATA[
unique-id: [engine:junit-jupiter]/[class:pilesimple.test.PileIntTest]/[test-template:testEqualsObject(pilesimple.PileInt, java.lang.Object)]/[test-template-invocation:#729]
display-name: [729] PileInt(2/4):[-810202728 -2036874149 ], ch4
]]></system-out>
</testcase>
<testcase name="testEqualsObject(PileInt, Object)[730]" classname="pilesimple.test.PileIntTest" time="0">
<system-out><![CDATA[
unique-id: [engine:junit-jupiter]/[class:pilesimple.test.PileIntTest]/[test-template:testEqualsObject(pilesimple.PileInt, java.lang.Object)]/[test-template-invocation:#730]
display-name: [730] PileInt(2/4):[-810202728 -2036874149 ], ch5
]]></system-out>
</testcase>
<testcase name="testEqualsObject(PileInt, Object)[731]" classname="pilesimple.test.PileIntTest" time="0">
<system-out><![CDATA[
unique-id: [engine:junit-jupiter]/[class:pilesimple.test.PileIntTest]/[test-template:testEqualsObject(pilesimple.PileInt, java.lang.Object)]/[test-template-invocation:#731]
display-name: [731] PileInt(2/4):[-810202728 -2036874149 ], chaine6
]]></system-out>
</testcase>
<testcase name="testEqualsObject(PileInt, Object)[732]" classname="pilesimple.test.PileIntTest" time="0">
<system-out><![CDATA[
unique-id: [engine:junit-jupiter]/[class:pilesimple.test.PileIntTest]/[test-template:testEqualsObject(pilesimple.PileInt, java.lang.Object)]/[test-template-invocation:#732]
display-name: [732] PileInt(2/4):[-810202728 -2036874149 ], chaine7
]]></system-out>
</testcase>
<testcase name="testEqualsObject(PileInt, Object)[733]" classname="pilesimple.test.PileIntTest" time="0">
<system-out><![CDATA[
unique-id: [engine:junit-jupiter]/[class:pilesimple.test.PileIntTest]/[test-template:testEqualsObject(pilesimple.PileInt, java.lang.Object)]/[test-template-invocation:#733]
display-name: [733] PileInt(2/4):[-810202728 -2036874149 ], chaine8
]]></system-out>
</testcase>
<testcase name="testEqualsObject(PileInt, Object)[734]" classname="pilesimple.test.PileIntTest" time="0">
<system-out><![CDATA[
unique-id: [engine:junit-jupiter]/[class:pilesimple.test.PileIntTest]/[test-template:testEqualsObject(pilesimple.PileInt, java.lang.Object)]/[test-template-invocation:#734]
display-name: [734] PileInt(2/4):[-810202728 -2036874149 ], chaine10
]]></system-out>
</testcase>
<testcase name="testEqualsObject(PileInt, Object)[735]" classname="pilesimple.test.PileIntTest" time="0">
<system-out><![CDATA[
unique-id: [engine:junit-jupiter]/[class:pilesimple.test.PileIntTest]/[test-template:testEqualsObject(pilesimple.PileInt, java.lang.Object)]/[test-template-invocation:#735]
display-name: [735] PileInt(2/4):[-810202728 -2036874149 ], chaine11
]]></system-out>
</testcase>
<testcase name="testEqualsObject(PileInt, Object)[736]" classname="pilesimple.test.PileIntTest" time="0">
<system-out><![CDATA[
unique-id: [engine:junit-jupiter]/[class:pilesimple.test.PileIntTest]/[test-template:testEqualsObject(pilesimple.PileInt, java.lang.Object)]/[test-template-invocation:#736]
display-name: [736] PileInt(2/4):[-810202728 -2036874149 ], chaine12
]]></system-out>
</testcase>
<testcase name="testEqualsObject(PileInt, Object)[737]" classname="pilesimple.test.PileIntTest" time="0">
<system-out><![CDATA[
unique-id: [engine:junit-jupiter]/[class:pilesimple.test.PileIntTest]/[test-template:testEqualsObject(pilesimple.PileInt, java.lang.Object)]/[test-template-invocation:#737]
display-name: [737] PileInt(2/4):[-810202728 -2036874149 ], null
]]></system-out>
</testcase>
<testcase name="testEqualsObject(PileInt, Object)[738]" classname="pilesimple.test.PileIntTest" time="0">
<system-out><![CDATA[
unique-id: [engine:junit-jupiter]/[class:pilesimple.test.PileIntTest]/[test-template:testEqualsObject(pilesimple.PileInt, java.lang.Object)]/[test-template-invocation:#738]
display-name: [738] PileInt(2/4):[-810202728 -2036874149 ], java.lang.Object@6bf0219d
]]></system-out>
</testcase>
<testcase name="testEqualsObject(PileInt, Object)[739]" classname="pilesimple.test.PileIntTest" time="0">
<system-out><![CDATA[
unique-id: [engine:junit-jupiter]/[class:pilesimple.test.PileIntTest]/[test-template:testEqualsObject(pilesimple.PileInt, java.lang.Object)]/[test-template-invocation:#739]
display-name: [739] PileInt(2/4):[-810202728 -2036874149 ], abc
]]></system-out>
</testcase>
<testcase name="testEqualsObject(PileInt, Object)[740]" classname="pilesimple.test.PileIntTest" time="0">
<system-out><![CDATA[
unique-id: [engine:junit-jupiter]/[class:pilesimple.test.PileIntTest]/[test-template:testEqualsObject(pilesimple.PileInt, java.lang.Object)]/[test-template-invocation:#740]
display-name: [740] PileInt(2/4):[-810202728 -2036874149 ], 1
]]></system-out>
</testcase>
<testcase name="testEqualsObject(PileInt, Object)[741]" classname="pilesimple.test.PileIntTest" time="0">
<system-out><![CDATA[
unique-id: [engine:junit-jupiter]/[class:pilesimple.test.PileIntTest]/[test-template:testEqualsObject(pilesimple.PileInt, java.lang.Object)]/[test-template-invocation:#741]
display-name: [741] PileInt(2/4):[-810202728 -2036874149 ], PileInt(3/4):[338894473 -8872316 -194658560 ]
]]></system-out>
</testcase>
<testcase name="testEqualsObject(PileInt, Object)[742]" classname="pilesimple.test.PileIntTest" time="0">
<system-out><![CDATA[
unique-id: [engine:junit-jupiter]/[class:pilesimple.test.PileIntTest]/[test-template:testEqualsObject(pilesimple.PileInt, java.lang.Object)]/[test-template-invocation:#742]
display-name: [742] PileInt(2/4):[-810202728 -2036874149 ], PileInt(6/10):[406853085 94227386 0 0 0 0 ]
]]></system-out>
</testcase>
<testcase name="testEqualsObject(PileInt, Object)[743]" classname="pilesimple.test.PileIntTest" time="0">
<system-out><![CDATA[
unique-id: [engine:junit-jupiter]/[class:pilesimple.test.PileIntTest]/[test-template:testEqualsObject(pilesimple.PileInt, java.lang.Object)]/[test-template-invocation:#743]
display-name: [743] PileInt(2/4):[-810202728 -2036874149 ], PileInt(9/21):[829174856 -560540630 1017069059 -1738412859 300209628 -188841458 -1827026023 -1500709070 -816936810 ]
]]></system-out>
</testcase>
<testcase name="testEqualsObject(PileInt, Object)[744]" classname="pilesimple.test.PileIntTest" time="0">
<system-out><![CDATA[
unique-id: [engine:junit-jupiter]/[class:pilesimple.test.PileIntTest]/[test-template:testEqualsObject(pilesimple.PileInt, java.lang.Object)]/[test-template-invocation:#744]
display-name: [744] PileInt(2/4):[-810202728 -2036874149 ], PileInt(7/24):[-1489436760 -263993310 1290897763 1717230542 -2064902060 0 0 ]
]]></system-out>
</testcase>
<testcase name="testEqualsObject(PileInt, Object)[745]" classname="pilesimple.test.PileIntTest" time="0">
<system-out><![CDATA[
unique-id: [engine:junit-jupiter]/[class:pilesimple.test.PileIntTest]/[test-template:testEqualsObject(pilesimple.PileInt, java.lang.Object)]/[test-template-invocation:#745]
display-name: [745] PileInt(2/4):[-810202728 -2036874149 ], PileInt(5/10):[637862618 -1510457637 2016118339 -24306896 1280740200 ]
]]></system-out>
</testcase>
<testcase name="testEqualsObject(PileInt, Object)[746]" classname="pilesimple.test.PileIntTest" time="0">
<system-out><![CDATA[
unique-id: [engine:junit-jupiter]/[class:pilesimple.test.PileIntTest]/[test-template:testEqualsObject(pilesimple.PileInt, java.lang.Object)]/[test-template-invocation:#746]
display-name: [746] PileInt(2/4):[-810202728 -2036874149 ], PileInt(11/15):[-374846588 1048478229 -920801997 -771279764 -1267021193 0 0 0 0 0 0 ]
]]></system-out>
</testcase>
<testcase name="testEqualsObject(PileInt, Object)[747]" classname="pilesimple.test.PileIntTest" time="0">
<system-out><![CDATA[
unique-id: [engine:junit-jupiter]/[class:pilesimple.test.PileIntTest]/[test-template:testEqualsObject(pilesimple.PileInt, java.lang.Object)]/[test-template-invocation:#747]
display-name: [747] PileInt(2/4):[-810202728 -2036874149 ], PileInt(13/20):[1428472226 -637821803 -706447001 1150321620 864544919 0 0 0 0 0 0 0 0 ]
]]></system-out>
</testcase>
<testcase name="testEqualsObject(PileInt, Object)[748]" classname="pilesimple.test.PileIntTest" time="0">
<system-out><![CDATA[
unique-id: [engine:junit-jupiter]/[class:pilesimple.test.PileIntTest]/[test-template:testEqualsObject(pilesimple.PileInt, java.lang.Object)]/[test-template-invocation:#748]
display-name: [748] PileInt(2/4):[-810202728 -2036874149 ], PileInt(6/28):[703876638 393883502 -735980280 1592594415 1442868874 0 ]
]]></system-out>
</testcase>
<testcase name="testEqualsObject(PileInt, Object)[749]" classname="pilesimple.test.PileIntTest" time="0">
<system-out><![CDATA[
unique-id: [engine:junit-jupiter]/[class:pilesimple.test.PileIntTest]/[test-template:testEqualsObject(pilesimple.PileInt, java.lang.Object)]/[test-template-invocation:#749]
display-name: [749] PileInt(2/4):[-810202728 -2036874149 ], PileInt(3/6):[0 0 0 ]
]]></system-out>
</testcase>
<testcase name="testEqualsObject(PileInt, Object)[750]" classname="pilesimple.test.PileIntTest" time="0">
<system-out><![CDATA[
unique-id: [engine:junit-jupiter]/[class:pilesimple.test.PileIntTest]/[test-template:testEqualsObject(pilesimple.PileInt, java.lang.Object)]/[test-template-invocation:#750]
display-name: [750] PileInt(2/4):[-810202728 -2036874149 ], PileInt(13/25):[-705429044 -1165162668 1915516414 1792785474 -1102370681 0 0 0 0 0 0 0 0 ]
]]></system-out>
</testcase>
<testcase name="testEqualsObject(PileInt, Object)[751]" classname="pilesimple.test.PileIntTest" time="0">
<system-out><![CDATA[
unique-id: [engine:junit-jupiter]/[class:pilesimple.test.PileIntTest]/[test-template:testEqualsObject(pilesimple.PileInt, java.lang.Object)]/[test-template-invocation:#751]
display-name: [751] PileInt(2/4):[-810202728 -2036874149 ], PileInt(6/8):[1210489329 -1943355528 2110550009 303126429 0 0 ]
]]></system-out>
</testcase>
<testcase name="testEqualsObject(PileInt, Object)[752]" classname="pilesimple.test.PileIntTest" time="0">
<system-out><![CDATA[
unique-id: [engine:junit-jupiter]/[class:pilesimple.test.PileIntTest]/[test-template:testEqualsObject(pilesimple.PileInt, java.lang.Object)]/[test-template-invocation:#752]
display-name: [752] PileInt(2/4):[-810202728 -2036874149 ], PileInt(14/25):[1076106784 1001106160 0 0 0 0 0 0 0 0 0 0 0 0 ]
]]></system-out>
</testcase>
<testcase name="testEqualsObject(PileInt, Object)[753]" classname="pilesimple.test.PileIntTest" time="0">
<system-out><![CDATA[
unique-id: [engine:junit-jupiter]/[class:pilesimple.test.PileIntTest]/[test-template:testEqualsObject(pilesimple.PileInt, java.lang.Object)]/[test-template-invocation:#753]
display-name: [753] PileInt(2/4):[-810202728 -2036874149 ], PileInt(11/20):[-1948372490 1175265028 1509228326 982841218 -113535506 -1095093150 388532020 -1696138086 -1404296367 949094180 1074419298 ]
]]></system-out>
</testcase>
<testcase name="testEqualsObject(PileInt, Object)[754]" classname="pilesimple.test.PileIntTest" time="0">
<system-out><![CDATA[
unique-id: [engine:junit-jupiter]/[class:pilesimple.test.PileIntTest]/[test-template:testEqualsObject(pilesimple.PileInt, java.lang.Object)]/[test-template-invocation:#754]
display-name: [754] PileInt(2/4):[-810202728 -2036874149 ], PileInt(0/1):[]
]]></system-out>
</testcase>
<testcase name="testEqualsObject(PileInt, Object)[755]" classname="pilesimple.test.PileIntTest" time="0">
<system-out><![CDATA[
unique-id: [engine:junit-jupiter]/[class:pilesimple.test.PileIntTest]/[test-template:testEqualsObject(pilesimple.PileInt, java.lang.Object)]/[test-template-invocation:#755]
display-name: [755] PileInt(2/4):[-810202728 -2036874149 ], PileInt(8/13):[-684180429 633166819 0 0 0 0 0 0 ]
]]></system-out>
</testcase>
<testcase name="testEqualsObject(PileInt, Object)[756]" classname="pilesimple.test.PileIntTest" time="0">
<system-out><![CDATA[
unique-id: [engine:junit-jupiter]/[class:pilesimple.test.PileIntTest]/[test-template:testEqualsObject(pilesimple.PileInt, java.lang.Object)]/[test-template-invocation:#756]
display-name: [756] PileInt(2/4):[-810202728 -2036874149 ], PileInt(6/7):[-1274647728 1596499529 -463382582 0 0 0 ]
]]></system-out>
</testcase>
<testcase name="testEqualsObject(PileInt, Object)[757]" classname="pilesimple.test.PileIntTest" time="0">
<system-out><![CDATA[
unique-id: [engine:junit-jupiter]/[class:pilesimple.test.PileIntTest]/[test-template:testEqualsObject(pilesimple.PileInt, java.lang.Object)]/[test-template-invocation:#757]
display-name: [757] PileInt(2/4):[-810202728 -2036874149 ], PileInt(12/16):[1362992196 -2080071938 1590300961 -1725722911 682324868 -1338224590 880401299 -2081234295 -561541459 0 0 0 ]
]]></system-out>
</testcase>
<testcase name="testEqualsObject(PileInt, Object)[758]" classname="pilesimple.test.PileIntTest" time="0">
<system-out><![CDATA[
unique-id: [engine:junit-jupiter]/[class:pilesimple.test.PileIntTest]/[test-template:testEqualsObject(pilesimple.PileInt, java.lang.Object)]/[test-template-invocation:#758]
display-name: [758] PileInt(2/4):[-810202728 -2036874149 ], PileInt(13/25):[-177297065 -317067174 1538678292 1459401015 764171947 -791717276 -1475135243 1373362923 104936572 1838652771 -10463901 -1839550882 1664723887 ]
]]></system-out>
</testcase>
<testcase name="testEqualsObject(PileInt, Object)[759]" classname="pilesimple.test.PileIntTest" time="0">
<system-out><![CDATA[
unique-id: [engine:junit-jupiter]/[class:pilesimple.test.PileIntTest]/[test-template:testEqualsObject(pilesimple.PileInt, java.lang.Object)]/[test-template-invocation:#759]
display-name: [759] PileInt(2/4):[-810202728 -2036874149 ], PileInt(3/4):[-810202728 -2036874149 0 ]
]]></system-out>
</testcase>
<testcase name="testEqualsObject(PileInt, Object)[760]" classname="pilesimple.test.PileIntTest" time="0">
<system-out><![CDATA[
unique-id: [engine:junit-jupiter]/[class:pilesimple.test.PileIntTest]/[test-template:testEqualsObject(pilesimple.PileInt, java.lang.Object)]/[test-template-invocation:#760]
display-name: [760] PileInt(2/4):[-810202728 -2036874149 ], PileInt(4/5):[-234217948 -2036859372 0 0 ]
]]></system-out>
</testcase>
<testcase name="testEqualsObject(PileInt, Object)[761]" classname="pilesimple.test.PileIntTest" time="0">
<system-out><![CDATA[
unique-id: [engine:junit-jupiter]/[class:pilesimple.test.PileIntTest]/[test-template:testEqualsObject(pilesimple.PileInt, java.lang.Object)]/[test-template-invocation:#761]
display-name: [761] PileInt(3/5):[-234217948 -2036859372 0 ], null
]]></system-out>
</testcase>
<testcase name="testEqualsObject(PileInt, Object)[762]" classname="pilesimple.test.PileIntTest" time="0">
<system-out><![CDATA[
unique-id: [engine:junit-jupiter]/[class:pilesimple.test.PileIntTest]/[test-template:testEqualsObject(pilesimple.PileInt, java.lang.Object)]/[test-template-invocation:#762]
display-name: [762] PileInt(3/5):[-234217948 -2036859372 0 ], 
]]></system-out>
</testcase>
<testcase name="testEqualsObject(PileInt, Object)[763]" classname="pilesimple.test.PileIntTest" time="0">
<system-out><![CDATA[
unique-id: [engine:junit-jupiter]/[class:pilesimple.test.PileIntTest]/[test-template:testEqualsObject(pilesimple.PileInt, java.lang.Object)]/[test-template-invocation:#763]
display-name: [763] PileInt(3/5):[-234217948 -2036859372 0 ], abc
]]></system-out>
</testcase>
<testcase name="testEqualsObject(PileInt, Object)[764]" classname="pilesimple.test.PileIntTest" time="0">
<system-out><![CDATA[
unique-id: [engine:junit-jupiter]/[class:pilesimple.test.PileIntTest]/[test-template:testEqualsObject(pilesimple.PileInt, java.lang.Object)]/[test-template-invocation:#764]
display-name: [764] PileInt(3/5):[-234217948 -2036859372 0 ], Abjh45
]]></system-out>
</testcase>
<testcase name="testEqualsObject(PileInt, Object)[765]" classname="pilesimple.test.PileIntTest" time="0">
<system-out><![CDATA[
unique-id: [engine:junit-jupiter]/[class:pilesimple.test.PileIntTest]/[test-template:testEqualsObject(pilesimple.PileInt, java.lang.Object)]/[test-template-invocation:#765]
display-name: [765] PileInt(3/5):[-234217948 -2036859372 0 ], ch1
]]></system-out>
</testcase>
<testcase name="testEqualsObject(PileInt, Object)[766]" classname="pilesimple.test.PileIntTest" time="0">
<system-out><![CDATA[
unique-id: [engine:junit-jupiter]/[class:pilesimple.test.PileIntTest]/[test-template:testEqualsObject(pilesimple.PileInt, java.lang.Object)]/[test-template-invocation:#766]
display-name: [766] PileInt(3/5):[-234217948 -2036859372 0 ], 5662
]]></system-out>
</testcase>
<testcase name="testEqualsObject(PileInt, Object)[767]" classname="pilesimple.test.PileIntTest" time="0">
<system-out><![CDATA[
unique-id: [engine:junit-jupiter]/[class:pilesimple.test.PileIntTest]/[test-template:testEqualsObject(pilesimple.PileInt, java.lang.Object)]/[test-template-invocation:#767]
display-name: [767] PileInt(3/5):[-234217948 -2036859372 0 ], ch2
]]></system-out>
</testcase>
<testcase name="testEqualsObject(PileInt, Object)[768]" classname="pilesimple.test.PileIntTest" time="0">
<system-out><![CDATA[
unique-id: [engine:junit-jupiter]/[class:pilesimple.test.PileIntTest]/[test-template:testEqualsObject(pilesimple.PileInt, java.lang.Object)]/[test-template-invocation:#768]
display-name: [768] PileInt(3/5):[-234217948 -2036859372 0 ], ch3
]]></system-out>
</testcase>
<testcase name="testEqualsObject(PileInt, Object)[769]" classname="pilesimple.test.PileIntTest" time="0">
<system-out><![CDATA[
unique-id: [engine:junit-jupiter]/[class:pilesimple.test.PileIntTest]/[test-template:testEqualsObject(pilesimple.PileInt, java.lang.Object)]/[test-template-invocation:#769]
display-name: [769] PileInt(3/5):[-234217948 -2036859372 0 ], ch4
]]></system-out>
</testcase>
<testcase name="testEqualsObject(PileInt, Object)[770]" classname="pilesimple.test.PileIntTest" time="0">
<system-out><![CDATA[
unique-id: [engine:junit-jupiter]/[class:pilesimple.test.PileIntTest]/[test-template:testEqualsObject(pilesimple.PileInt, java.lang.Object)]/[test-template-invocation:#770]
display-name: [770] PileInt(3/5):[-234217948 -2036859372 0 ], ch5
]]></system-out>
</testcase>
<testcase name="testEqualsObject(PileInt, Object)[771]" classname="pilesimple.test.PileIntTest" time="0">
<system-out><![CDATA[
unique-id: [engine:junit-jupiter]/[class:pilesimple.test.PileIntTest]/[test-template:testEqualsObject(pilesimple.PileInt, java.lang.Object)]/[test-template-invocation:#771]
display-name: [771] PileInt(3/5):[-234217948 -2036859372 0 ], chaine6
]]></system-out>
</testcase>
<testcase name="testEqualsObject(PileInt, Object)[772]" classname="pilesimple.test.PileIntTest" time="0">
<system-out><![CDATA[
unique-id: [engine:junit-jupiter]/[class:pilesimple.test.PileIntTest]/[test-template:testEqualsObject(pilesimple.PileInt, java.lang.Object)]/[test-template-invocation:#772]
display-name: [772] PileInt(3/5):[-234217948 -2036859372 0 ], chaine7
]]></system-out>
</testcase>
<testcase name="testEqualsObject(PileInt, Object)[773]" classname="pilesimple.test.PileIntTest" time="0">
<system-out><![CDATA[
unique-id: [engine:junit-jupiter]/[class:pilesimple.test.PileIntTest]/[test-template:testEqualsObject(pilesimple.PileInt, java.lang.Object)]/[test-template-invocation:#773]
display-name: [773] PileInt(3/5):[-234217948 -2036859372 0 ], chaine8
]]></system-out>
</testcase>
<testcase name="testEqualsObject(PileInt, Object)[774]" classname="pilesimple.test.PileIntTest" time="0">
<system-out><![CDATA[
unique-id: [engine:junit-jupiter]/[class:pilesimple.test.PileIntTest]/[test-template:testEqualsObject(pilesimple.PileInt, java.lang.Object)]/[test-template-invocation:#774]
display-name: [774] PileInt(3/5):[-234217948 -2036859372 0 ], chaine10
]]></system-out>
</testcase>
<testcase name="testEqualsObject(PileInt, Object)[775]" classname="pilesimple.test.PileIntTest" time="0">
<system-out><![CDATA[
unique-id: [engine:junit-jupiter]/[class:pilesimple.test.PileIntTest]/[test-template:testEqualsObject(pilesimple.PileInt, java.lang.Object)]/[test-template-invocation:#775]
display-name: [775] PileInt(3/5):[-234217948 -2036859372 0 ], chaine11
]]></system-out>
</testcase>
<testcase name="testEqualsObject(PileInt, Object)[776]" classname="pilesimple.test.PileIntTest" time="0">
<system-out><![CDATA[
unique-id: [engine:junit-jupiter]/[class:pilesimple.test.PileIntTest]/[test-template:testEqualsObject(pilesimple.PileInt, java.lang.Object)]/[test-template-invocation:#776]
display-name: [776] PileInt(3/5):[-234217948 -2036859372 0 ], chaine12
]]></system-out>
</testcase>
<testcase name="testEqualsObject(PileInt, Object)[777]" classname="pilesimple.test.PileIntTest" time="0">
<system-out><![CDATA[
unique-id: [engine:junit-jupiter]/[class:pilesimple.test.PileIntTest]/[test-template:testEqualsObject(pilesimple.PileInt, java.lang.Object)]/[test-template-invocation:#777]
display-name: [777] PileInt(3/5):[-234217948 -2036859372 0 ], null
]]></system-out>
</testcase>
<testcase name="testEqualsObject(PileInt, Object)[778]" classname="pilesimple.test.PileIntTest" time="0">
<system-out><![CDATA[
unique-id: [engine:junit-jupiter]/[class:pilesimple.test.PileIntTest]/[test-template:testEqualsObject(pilesimple.PileInt, java.lang.Object)]/[test-template-invocation:#778]
display-name: [778] PileInt(3/5):[-234217948 -2036859372 0 ], java.lang.Object@6bf0219d
]]></system-out>
</testcase>
<testcase name="testEqualsObject(PileInt, Object)[779]" classname="pilesimple.test.PileIntTest" time="0">
<system-out><![CDATA[
unique-id: [engine:junit-jupiter]/[class:pilesimple.test.PileIntTest]/[test-template:testEqualsObject(pilesimple.PileInt, java.lang.Object)]/[test-template-invocation:#779]
display-name: [779] PileInt(3/5):[-234217948 -2036859372 0 ], abc
]]></system-out>
</testcase>
<testcase name="testEqualsObject(PileInt, Object)[780]" classname="pilesimple.test.PileIntTest" time="0">
<system-out><![CDATA[
unique-id: [engine:junit-jupiter]/[class:pilesimple.test.PileIntTest]/[test-template:testEqualsObject(pilesimple.PileInt, java.lang.Object)]/[test-template-invocation:#780]
display-name: [780] PileInt(3/5):[-234217948 -2036859372 0 ], 1
]]></system-out>
</testcase>
<testcase name="testEqualsObject(PileInt, Object)[781]" classname="pilesimple.test.PileIntTest" time="0">
<system-out><![CDATA[
unique-id: [engine:junit-jupiter]/[class:pilesimple.test.PileIntTest]/[test-template:testEqualsObject(pilesimple.PileInt, java.lang.Object)]/[test-template-invocation:#781]
display-name: [781] PileInt(3/5):[-234217948 -2036859372 0 ], PileInt(1/4):[338894473 ]
]]></system-out>
</testcase>
<testcase name="testEqualsObject(PileInt, Object)[782]" classname="pilesimple.test.PileIntTest" time="0">
<system-out><![CDATA[
unique-id: [engine:junit-jupiter]/[class:pilesimple.test.PileIntTest]/[test-template:testEqualsObject(pilesimple.PileInt, java.lang.Object)]/[test-template-invocation:#782]
display-name: [782] PileInt(3/5):[-234217948 -2036859372 0 ], PileInt(3/10):[406853085 94227386 0 ]
]]></system-out>
</testcase>
<testcase name="testEqualsObject(PileInt, Object)[783]" classname="pilesimple.test.PileIntTest" time="0">
<system-out><![CDATA[
unique-id: [engine:junit-jupiter]/[class:pilesimple.test.PileIntTest]/[test-template:testEqualsObject(pilesimple.PileInt, java.lang.Object)]/[test-template-invocation:#783]
display-name: [783] PileInt(3/5):[-234217948 -2036859372 0 ], PileInt(17/21):[829174856 -560540630 1017069059 -1738412859 300209628 -188841458 -1827026023 -1500709070 -816936810 858109280 -776814606 -2070802362 -136406843 1897636588 0 0 0 ]
]]></system-out>
</testcase>
<testcase name="testEqualsObject(PileInt, Object)[784]" classname="pilesimple.test.PileIntTest" time="0">
<system-out><![CDATA[
unique-id: [engine:junit-jupiter]/[class:pilesimple.test.PileIntTest]/[test-template:testEqualsObject(pilesimple.PileInt, java.lang.Object)]/[test-template-invocation:#784]
display-name: [784] PileInt(3/5):[-234217948 -2036859372 0 ], PileInt(18/24):[-1489436760 -263993310 1290897763 1717230542 -2064902060 0 0 0 0 0 0 0 0 0 0 0 0 0 ]
]]></system-out>
</testcase>
<testcase name="testEqualsObject(PileInt, Object)[785]" classname="pilesimple.test.PileIntTest" time="0">
<system-out><![CDATA[
unique-id: [engine:junit-jupiter]/[class:pilesimple.test.PileIntTest]/[test-template:testEqualsObject(pilesimple.PileInt, java.lang.Object)]/[test-template-invocation:#785]
display-name: [785] PileInt(3/5):[-234217948 -2036859372 0 ], PileInt(3/10):[637862618 -1510457637 2016118339 ]
]]></system-out>
</testcase>
<testcase name="testEqualsObject(PileInt, Object)[786]" classname="pilesimple.test.PileIntTest" time="0">
<system-out><![CDATA[
unique-id: [engine:junit-jupiter]/[class:pilesimple.test.PileIntTest]/[test-template:testEqualsObject(pilesimple.PileInt, java.lang.Object)]/[test-template-invocation:#786]
display-name: [786] PileInt(3/5):[-234217948 -2036859372 0 ], PileInt(10/15):[-374846588 1048478229 -920801997 -771279764 -1267021193 0 0 0 0 0 ]
]]></system-out>
</testcase>
<testcase name="testEqualsObject(PileInt, Object)[787]" classname="pilesimple.test.PileIntTest" time="0">
<system-out><![CDATA[
unique-id: [engine:junit-jupiter]/[class:pilesimple.test.PileIntTest]/[test-template:testEqualsObject(pilesimple.PileInt, java.lang.Object)]/[test-template-invocation:#787]
display-name: [787] PileInt(3/5):[-234217948 -2036859372 0 ], PileInt(1/20):[1428472226 ]
]]></system-out>
</testcase>
<testcase name="testEqualsObject(PileInt, Object)[788]" classname="pilesimple.test.PileIntTest" time="0">
<system-out><![CDATA[
unique-id: [engine:junit-jupiter]/[class:pilesimple.test.PileIntTest]/[test-template:testEqualsObject(pilesimple.PileInt, java.lang.Object)]/[test-template-invocation:#788]
display-name: [788] PileInt(3/5):[-234217948 -2036859372 0 ], PileInt(24/28):[703876638 393883502 -735980280 1592594415 1442868874 0 0 0 0 0 0 0 0 0 0 0 0 0 0 0 0 0 0 0 ]
]]></system-out>
</testcase>
<testcase name="testEqualsObject(PileInt, Object)[789]" classname="pilesimple.test.PileIntTest" time="0">
<system-out><![CDATA[
unique-id: [engine:junit-jupiter]/[class:pilesimple.test.PileIntTest]/[test-template:testEqualsObject(pilesimple.PileInt, java.lang.Object)]/[test-template-invocation:#789]
display-name: [789] PileInt(3/5):[-234217948 -2036859372 0 ], PileInt(5/6):[0 0 0 0 0 ]
]]></system-out>
</testcase>
<testcase name="testEqualsObject(PileInt, Object)[790]" classname="pilesimple.test.PileIntTest" time="0">
<system-out><![CDATA[
unique-id: [engine:junit-jupiter]/[class:pilesimple.test.PileIntTest]/[test-template:testEqualsObject(pilesimple.PileInt, java.lang.Object)]/[test-template-invocation:#790]
display-name: [790] PileInt(3/5):[-234217948 -2036859372 0 ], PileInt(3/25):[-705429044 -1165162668 1915516414 ]
]]></system-out>
</testcase>
<testcase name="testEqualsObject(PileInt, Object)[791]" classname="pilesimple.test.PileIntTest" time="0">
<system-out><![CDATA[
unique-id: [engine:junit-jupiter]/[class:pilesimple.test.PileIntTest]/[test-template:testEqualsObject(pilesimple.PileInt, java.lang.Object)]/[test-template-invocation:#791]
display-name: [791] PileInt(3/5):[-234217948 -2036859372 0 ], PileInt(7/8):[1210489329 -1943355528 2110550009 303126429 0 0 0 ]
]]></system-out>
</testcase>
<testcase name="testEqualsObject(PileInt, Object)[792]" classname="pilesimple.test.PileIntTest" time="0">
<system-out><![CDATA[
unique-id: [engine:junit-jupiter]/[class:pilesimple.test.PileIntTest]/[test-template:testEqualsObject(pilesimple.PileInt, java.lang.Object)]/[test-template-invocation:#792]
display-name: [792] PileInt(3/5):[-234217948 -2036859372 0 ], PileInt(11/25):[1076106784 1001106160 0 0 0 0 0 0 0 0 0 ]
]]></system-out>
</testcase>
<testcase name="testEqualsObject(PileInt, Object)[793]" classname="pilesimple.test.PileIntTest" time="0">
<system-out><![CDATA[
unique-id: [engine:junit-jupiter]/[class:pilesimple.test.PileIntTest]/[test-template:testEqualsObject(pilesimple.PileInt, java.lang.Object)]/[test-template-invocation:#793]
display-name: [793] PileInt(3/5):[-234217948 -2036859372 0 ], PileInt(19/20):[-1948372490 1175265028 1509228326 982841218 -113535506 -1095093150 388532020 -1696138086 -1404296367 949094180 1074419298 1053087988 -1152583802 826453230 -990184886 0 0 0 0 ]
]]></system-out>
</testcase>
<testcase name="testEqualsObject(PileInt, Object)[794]" classname="pilesimple.test.PileIntTest" time="0">
<system-out><![CDATA[
unique-id: [engine:junit-jupiter]/[class:pilesimple.test.PileIntTest]/[test-template:testEqualsObject(pilesimple.PileInt, java.lang.Object)]/[test-template-invocation:#794]
display-name: [794] PileInt(3/5):[-234217948 -2036859372 0 ], PileInt(0/1):[]
]]></system-out>
</testcase>
<testcase name="testEqualsObject(PileInt, Object)[795]" classname="pilesimple.test.PileIntTest" time="0">
<system-out><![CDATA[
unique-id: [engine:junit-jupiter]/[class:pilesimple.test.PileIntTest]/[test-template:testEqualsObject(pilesimple.PileInt, java.lang.Object)]/[test-template-invocation:#795]
display-name: [795] PileInt(3/5):[-234217948 -2036859372 0 ], PileInt(0/13):[]
]]></system-out>
</testcase>
<testcase name="testEqualsObject(PileInt, Object)[796]" classname="pilesimple.test.PileIntTest" time="0">
<system-out><![CDATA[
unique-id: [engine:junit-jupiter]/[class:pilesimple.test.PileIntTest]/[test-template:testEqualsObject(pilesimple.PileInt, java.lang.Object)]/[test-template-invocation:#796]
display-name: [796] PileInt(3/5):[-234217948 -2036859372 0 ], PileInt(6/7):[-1274647728 1596499529 -463382582 0 0 0 ]
]]></system-out>
</testcase>
<testcase name="testEqualsObject(PileInt, Object)[797]" classname="pilesimple.test.PileIntTest" time="0">
<system-out><![CDATA[
unique-id: [engine:junit-jupiter]/[class:pilesimple.test.PileIntTest]/[test-template:testEqualsObject(pilesimple.PileInt, java.lang.Object)]/[test-template-invocation:#797]
display-name: [797] PileInt(3/5):[-234217948 -2036859372 0 ], PileInt(11/16):[1362992196 -2080071938 1590300961 -1725722911 682324868 -1338224590 880401299 -2081234295 -561541459 0 0 ]
]]></system-out>
</testcase>
<testcase name="testEqualsObject(PileInt, Object)[798]" classname="pilesimple.test.PileIntTest" time="0">
<system-out><![CDATA[
unique-id: [engine:junit-jupiter]/[class:pilesimple.test.PileIntTest]/[test-template:testEqualsObject(pilesimple.PileInt, java.lang.Object)]/[test-template-invocation:#798]
display-name: [798] PileInt(3/5):[-234217948 -2036859372 0 ], PileInt(7/25):[-177297065 -317067174 1538678292 1459401015 764171947 -791717276 -1475135243 ]
]]></system-out>
</testcase>
<testcase name="testEqualsObject(PileInt, Object)[799]" classname="pilesimple.test.PileIntTest" time="0">
<system-out><![CDATA[
unique-id: [engine:junit-jupiter]/[class:pilesimple.test.PileIntTest]/[test-template:testEqualsObject(pilesimple.PileInt, java.lang.Object)]/[test-template-invocation:#799]
display-name: [799] PileInt(3/5):[-234217948 -2036859372 0 ], PileInt(2/4):[-810202728 -2036874149 ]
]]></system-out>
</testcase>
<testcase name="testEqualsObject(PileInt, Object)[800]" classname="pilesimple.test.PileIntTest" time="0">
<system-out><![CDATA[
unique-id: [engine:junit-jupiter]/[class:pilesimple.test.PileIntTest]/[test-template:testEqualsObject(pilesimple.PileInt, java.lang.Object)]/[test-template-invocation:#800]
display-name: [800] PileInt(3/5):[-234217948 -2036859372 0 ], PileInt(2/5):[-234217948 -2036859372 ]
]]></system-out>
</testcase>
<testcase name="testPileIntIntArrayInt(int[], int)[1]" classname="pilesimple.test.PileIntTest" time="0">
<skipped><![CDATA[org.opentest4j.TestAbortedException: Assumption failed: assumption is not true
	at org.junit.jupiter.api.Assumptions.throwTestAbortedException(Assumptions.java:256)
	at org.junit.jupiter.api.Assumptions.assumeTrue(Assumptions.java:115)
	at org.junit.jupiter.api.Assumptions.assumeTrue(Assumptions.java:66)
	at pilesimple.test.PileIntTest.testPileIntIntArrayInt(PileIntTest.java:171)
	at java.base/jdk.internal.reflect.DirectMethodHandleAccessor.invoke(DirectMethodHandleAccessor.java:103)
	at java.base/java.lang.reflect.Method.invoke(Method.java:580)
	at org.junit.platform.commons.util.ReflectionUtils.invokeMethod(ReflectionUtils.java:688)
	at org.junit.jupiter.engine.execution.MethodInvocation.proceed(MethodInvocation.java:60)
	at org.junit.jupiter.engine.execution.InvocationInterceptorChain$ValidatingInvocation.proceed(InvocationInterceptorChain.java:131)
	at org.junit.jupiter.engine.extension.TimeoutExtension.intercept(TimeoutExtension.java:149)
	at org.junit.jupiter.engine.extension.TimeoutExtension.interceptTestableMethod(TimeoutExtension.java:140)
	at org.junit.jupiter.engine.extension.TimeoutExtension.interceptTestTemplateMethod(TimeoutExtension.java:92)
	at org.junit.jupiter.engine.execution.ExecutableInvoker$ReflectiveInterceptorCall.lambda$ofVoidMethod$0(ExecutableInvoker.java:115)
	at org.junit.jupiter.engine.execution.ExecutableInvoker.lambda$invoke$0(ExecutableInvoker.java:105)
	at org.junit.jupiter.engine.execution.InvocationInterceptorChain$InterceptedInvocation.proceed(InvocationInterceptorChain.java:106)
	at org.junit.jupiter.engine.execution.InvocationInterceptorChain.proceed(InvocationInterceptorChain.java:64)
	at org.junit.jupiter.engine.execution.InvocationInterceptorChain.chainAndInvoke(InvocationInterceptorChain.java:45)
	at org.junit.jupiter.engine.execution.InvocationInterceptorChain.invoke(InvocationInterceptorChain.java:37)
	at org.junit.jupiter.engine.execution.ExecutableInvoker.invoke(ExecutableInvoker.java:104)
	at org.junit.jupiter.engine.execution.ExecutableInvoker.invoke(ExecutableInvoker.java:98)
	at org.junit.jupiter.engine.descriptor.TestMethodTestDescriptor.lambda$invokeTestMethod$6(TestMethodTestDescriptor.java:210)
	at org.junit.platform.engine.support.hierarchical.ThrowableCollector.execute(ThrowableCollector.java:73)
	at org.junit.jupiter.engine.descriptor.TestMethodTestDescriptor.invokeTestMethod(TestMethodTestDescriptor.java:206)
	at org.junit.jupiter.engine.descriptor.TestMethodTestDescriptor.execute(TestMethodTestDescriptor.java:131)
	at org.junit.jupiter.engine.descriptor.TestMethodTestDescriptor.execute(TestMethodTestDescriptor.java:65)
	at org.junit.platform.engine.support.hierarchical.NodeTestTask.lambda$executeRecursively$5(NodeTestTask.java:139)
	at org.junit.platform.engine.support.hierarchical.ThrowableCollector.execute(ThrowableCollector.java:73)
	at org.junit.platform.engine.support.hierarchical.NodeTestTask.lambda$executeRecursively$7(NodeTestTask.java:129)
	at org.junit.platform.engine.support.hierarchical.Node.around(Node.java:137)
	at org.junit.platform.engine.support.hierarchical.NodeTestTask.lambda$executeRecursively$8(NodeTestTask.java:127)
	at org.junit.platform.engine.support.hierarchical.ThrowableCollector.execute(ThrowableCollector.java:73)
	at org.junit.platform.engine.support.hierarchical.NodeTestTask.executeRecursively(NodeTestTask.java:126)
	at org.junit.platform.engine.support.hierarchical.NodeTestTask.execute(NodeTestTask.java:84)
	at org.junit.platform.engine.support.hierarchical.SameThreadHierarchicalTestExecutorService.submit(SameThreadHierarchicalTestExecutorService.java:32)
	at org.junit.platform.engine.support.hierarchical.NodeTestTask$DefaultDynamicTestExecutor.execute(NodeTestTask.java:212)
	at org.junit.platform.engine.support.hierarchical.NodeTestTask$DefaultDynamicTestExecutor.execute(NodeTestTask.java:192)
	at org.junit.jupiter.engine.descriptor.TestTemplateTestDescriptor.execute(TestTemplateTestDescriptor.java:139)
	at org.junit.jupiter.engine.descriptor.TestTemplateTestDescriptor.lambda$execute$2(TestTemplateTestDescriptor.java:107)
	at java.base/java.util.stream.ForEachOps$ForEachOp$OfRef.accept(ForEachOps.java:184)
	at java.base/java.util.stream.ReferencePipeline$3$1.accept(ReferencePipeline.java:215)
	at java.base/java.util.stream.ReferencePipeline$2$1.accept(ReferencePipeline.java:197)
	at java.base/java.util.stream.ReferencePipeline$3$1.accept(ReferencePipeline.java:215)
	at java.base/java.util.stream.ForEachOps$ForEachOp$OfRef.accept(ForEachOps.java:184)
	at java.base/java.util.stream.ReferencePipeline$15$1.accept(ReferencePipeline.java:581)
	at java.base/java.util.stream.ReferencePipeline$3$1.accept(ReferencePipeline.java:215)
	at java.base/java.util.stream.ReferencePipeline$3$1.accept(ReferencePipeline.java:215)
	at java.base/java.util.stream.ReferencePipeline$3$1.accept(ReferencePipeline.java:215)
	at java.base/java.util.stream.ForEachOps$ForEachOp$OfRef.accept(ForEachOps.java:184)
	at java.base/java.util.stream.ReferencePipeline$3$1.accept(ReferencePipeline.java:215)
	at java.base/java.util.stream.ForEachOps$ForEachOp$OfRef.accept(ForEachOps.java:184)
	at java.base/java.util.stream.ReferencePipeline$3$1.accept(ReferencePipeline.java:215)
	at java.base/java.util.ArrayList$ArrayListSpliterator.forEachRemaining(ArrayList.java:1709)
	at java.base/java.util.stream.AbstractPipeline.copyInto(AbstractPipeline.java:570)
	at java.base/java.util.stream.AbstractPipeline.wrapAndCopyInto(AbstractPipeline.java:560)
	at java.base/java.util.stream.ForEachOps$ForEachOp.evaluateSequential(ForEachOps.java:151)
	at java.base/java.util.stream.ForEachOps$ForEachOp$OfRef.evaluateSequential(ForEachOps.java:174)
	at java.base/java.util.stream.AbstractPipeline.evaluate(AbstractPipeline.java:265)
	at java.base/java.util.stream.ReferencePipeline.forEach(ReferencePipeline.java:636)
	at java.base/java.util.stream.ReferencePipeline$7$1FlatMap.accept(ReferencePipeline.java:294)
	at java.base/java.util.stream.ReferencePipeline$3$1.accept(ReferencePipeline.java:215)
	at java.base/java.util.stream.ReferencePipeline$3$1.accept(ReferencePipeline.java:215)
	at java.base/java.util.Spliterators$ArraySpliterator.forEachRemaining(Spliterators.java:1024)
	at java.base/java.util.stream.AbstractPipeline.copyInto(AbstractPipeline.java:570)
	at java.base/java.util.stream.AbstractPipeline.wrapAndCopyInto(AbstractPipeline.java:560)
	at java.base/java.util.stream.ForEachOps$ForEachOp.evaluateSequential(ForEachOps.java:151)
	at java.base/java.util.stream.ForEachOps$ForEachOp$OfRef.evaluateSequential(ForEachOps.java:174)
	at java.base/java.util.stream.AbstractPipeline.evaluate(AbstractPipeline.java:265)
	at java.base/java.util.stream.ReferencePipeline.forEach(ReferencePipeline.java:636)
	at java.base/java.util.stream.ReferencePipeline$7$1FlatMap.accept(ReferencePipeline.java:294)
	at java.base/java.util.stream.ReferencePipeline$3$1.accept(ReferencePipeline.java:215)
	at java.base/java.util.stream.ReferencePipeline$3$1.accept(ReferencePipeline.java:215)
	at java.base/java.util.stream.ReferencePipeline$3$1.accept(ReferencePipeline.java:215)
	at java.base/java.util.ArrayList$ArrayListSpliterator.forEachRemaining(ArrayList.java:1709)
	at java.base/java.util.stream.AbstractPipeline.copyInto(AbstractPipeline.java:570)
	at java.base/java.util.stream.AbstractPipeline.wrapAndCopyInto(AbstractPipeline.java:560)
	at java.base/java.util.stream.ForEachOps$ForEachOp.evaluateSequential(ForEachOps.java:151)
	at java.base/java.util.stream.ForEachOps$ForEachOp$OfRef.evaluateSequential(ForEachOps.java:174)
	at java.base/java.util.stream.AbstractPipeline.evaluate(AbstractPipeline.java:265)
	at java.base/java.util.stream.ReferencePipeline.forEach(ReferencePipeline.java:636)
	at java.base/java.util.stream.ReferencePipeline$7$1FlatMap.accept(ReferencePipeline.java:294)
	at java.base/java.util.ArrayList$ArrayListSpliterator.forEachRemaining(ArrayList.java:1709)
	at java.base/java.util.stream.AbstractPipeline.copyInto(AbstractPipeline.java:570)
	at java.base/java.util.stream.AbstractPipeline.wrapAndCopyInto(AbstractPipeline.java:560)
	at java.base/java.util.stream.ForEachOps$ForEachOp.evaluateSequential(ForEachOps.java:151)
	at java.base/java.util.stream.ForEachOps$ForEachOp$OfRef.evaluateSequential(ForEachOps.java:174)
	at java.base/java.util.stream.AbstractPipeline.evaluate(AbstractPipeline.java:265)
	at java.base/java.util.stream.ReferencePipeline.forEach(ReferencePipeline.java:636)
	at org.junit.jupiter.engine.descriptor.TestTemplateTestDescriptor.execute(TestTemplateTestDescriptor.java:107)
	at org.junit.jupiter.engine.descriptor.TestTemplateTestDescriptor.execute(TestTemplateTestDescriptor.java:42)
	at org.junit.platform.engine.support.hierarchical.NodeTestTask.lambda$executeRecursively$5(NodeTestTask.java:139)
	at org.junit.platform.engine.support.hierarchical.ThrowableCollector.execute(ThrowableCollector.java:73)
	at org.junit.platform.engine.support.hierarchical.NodeTestTask.lambda$executeRecursively$7(NodeTestTask.java:129)
	at org.junit.platform.engine.support.hierarchical.Node.around(Node.java:137)
	at org.junit.platform.engine.support.hierarchical.NodeTestTask.lambda$executeRecursively$8(NodeTestTask.java:127)
	at org.junit.platform.engine.support.hierarchical.ThrowableCollector.execute(ThrowableCollector.java:73)
	at org.junit.platform.engine.support.hierarchical.NodeTestTask.executeRecursively(NodeTestTask.java:126)
	at org.junit.platform.engine.support.hierarchical.NodeTestTask.execute(NodeTestTask.java:84)
	at java.base/java.util.ArrayList.forEach(ArrayList.java:1597)
	at org.junit.platform.engine.support.hierarchical.SameThreadHierarchicalTestExecutorService.invokeAll(SameThreadHierarchicalTestExecutorService.java:38)
	at org.junit.platform.engine.support.hierarchical.NodeTestTask.lambda$executeRecursively$5(NodeTestTask.java:143)
	at org.junit.platform.engine.support.hierarchical.ThrowableCollector.execute(ThrowableCollector.java:73)
	at org.junit.platform.engine.support.hierarchical.NodeTestTask.lambda$executeRecursively$7(NodeTestTask.java:129)
	at org.junit.platform.engine.support.hierarchical.Node.around(Node.java:137)
	at org.junit.platform.engine.support.hierarchical.NodeTestTask.lambda$executeRecursively$8(NodeTestTask.java:127)
	at org.junit.platform.engine.support.hierarchical.ThrowableCollector.execute(ThrowableCollector.java:73)
	at org.junit.platform.engine.support.hierarchical.NodeTestTask.executeRecursively(NodeTestTask.java:126)
	at org.junit.platform.engine.support.hierarchical.NodeTestTask.execute(NodeTestTask.java:84)
	at java.base/java.util.ArrayList.forEach(ArrayList.java:1597)
	at org.junit.platform.engine.support.hierarchical.SameThreadHierarchicalTestExecutorService.invokeAll(SameThreadHierarchicalTestExecutorService.java:38)
	at org.junit.platform.engine.support.hierarchical.NodeTestTask.lambda$executeRecursively$5(NodeTestTask.java:143)
	at org.junit.platform.engine.support.hierarchical.ThrowableCollector.execute(ThrowableCollector.java:73)
	at org.junit.platform.engine.support.hierarchical.NodeTestTask.lambda$executeRecursively$7(NodeTestTask.java:129)
	at org.junit.platform.engine.support.hierarchical.Node.around(Node.java:137)
	at org.junit.platform.engine.support.hierarchical.NodeTestTask.lambda$executeRecursively$8(NodeTestTask.java:127)
	at org.junit.platform.engine.support.hierarchical.ThrowableCollector.execute(ThrowableCollector.java:73)
	at org.junit.platform.engine.support.hierarchical.NodeTestTask.executeRecursively(NodeTestTask.java:126)
	at org.junit.platform.engine.support.hierarchical.NodeTestTask.execute(NodeTestTask.java:84)
	at org.junit.platform.engine.support.hierarchical.SameThreadHierarchicalTestExecutorService.submit(SameThreadHierarchicalTestExecutorService.java:32)
	at org.junit.platform.engine.support.hierarchical.HierarchicalTestExecutor.execute(HierarchicalTestExecutor.java:57)
	at org.junit.platform.engine.support.hierarchical.HierarchicalTestEngine.execute(HierarchicalTestEngine.java:51)
	at org.junit.platform.launcher.core.EngineExecutionOrchestrator.execute(EngineExecutionOrchestrator.java:108)
	at org.junit.platform.launcher.core.EngineExecutionOrchestrator.execute(EngineExecutionOrchestrator.java:88)
	at org.junit.platform.launcher.core.EngineExecutionOrchestrator.lambda$execute$0(EngineExecutionOrchestrator.java:54)
	at org.junit.platform.launcher.core.EngineExecutionOrchestrator.withInterceptedStreams(EngineExecutionOrchestrator.java:67)
	at org.junit.platform.launcher.core.EngineExecutionOrchestrator.execute(EngineExecutionOrchestrator.java:52)
	at org.junit.platform.launcher.core.DefaultLauncher.execute(DefaultLauncher.java:96)
	at org.junit.platform.launcher.core.DefaultLauncher.execute(DefaultLauncher.java:75)
	at org.junit.platform.console.tasks.ConsoleTestExecutor.executeTests(ConsoleTestExecutor.java:66)
	at org.junit.platform.console.tasks.ConsoleTestExecutor.lambda$execute$0(ConsoleTestExecutor.java:58)
	at org.junit.platform.console.tasks.CustomContextClassLoaderExecutor.replaceThreadContextClassLoaderAndInvoke(CustomContextClassLoaderExecutor.java:41)
	at org.junit.platform.console.tasks.CustomContextClassLoaderExecutor.invoke(CustomContextClassLoaderExecutor.java:31)
	at org.junit.platform.console.tasks.ConsoleTestExecutor.execute(ConsoleTestExecutor.java:58)
	at org.junit.platform.console.ConsoleLauncher.executeTests(ConsoleLauncher.java:95)
	at org.junit.platform.console.ConsoleLauncher.execute(ConsoleLauncher.java:73)
	at org.junit.platform.console.ConsoleLauncher.execute(ConsoleLauncher.java:50)
	at org.junit.platform.console.ConsoleLauncher.execute(ConsoleLauncher.java:43)
	at org.junit.platform.console.ConsoleLauncher.main(ConsoleLauncher.java:37)
]]></skipped>
<system-out><![CDATA[
unique-id: [engine:junit-jupiter]/[class:pilesimple.test.PileIntTest]/[test-template:testPileIntIntArrayInt(%5BI, int)]/[test-template-invocation:#1]
display-name: [1] null, 5
]]></system-out>
</testcase>
<testcase name="testPileIntIntArrayInt(int[], int)[2]" classname="pilesimple.test.PileIntTest" time="0">
<system-out><![CDATA[
unique-id: [engine:junit-jupiter]/[class:pilesimple.test.PileIntTest]/[test-template:testPileIntIntArrayInt(%5BI, int)]/[test-template-invocation:#2]
display-name: [2] [], 0
]]></system-out>
</testcase>
<testcase name="testPileIntIntArrayInt(int[], int)[3]" classname="pilesimple.test.PileIntTest" time="0">
<skipped><![CDATA[org.opentest4j.TestAbortedException: Assumption failed: assumption is not true
	at org.junit.jupiter.api.Assumptions.throwTestAbortedException(Assumptions.java:256)
	at org.junit.jupiter.api.Assumptions.assumeTrue(Assumptions.java:115)
	at org.junit.jupiter.api.Assumptions.assumeTrue(Assumptions.java:66)
	at pilesimple.test.PileIntTest.testPileIntIntArrayInt(PileIntTest.java:173)
	at java.base/jdk.internal.reflect.DirectMethodHandleAccessor.invoke(DirectMethodHandleAccessor.java:103)
	at java.base/java.lang.reflect.Method.invoke(Method.java:580)
	at org.junit.platform.commons.util.ReflectionUtils.invokeMethod(ReflectionUtils.java:688)
	at org.junit.jupiter.engine.execution.MethodInvocation.proceed(MethodInvocation.java:60)
	at org.junit.jupiter.engine.execution.InvocationInterceptorChain$ValidatingInvocation.proceed(InvocationInterceptorChain.java:131)
	at org.junit.jupiter.engine.extension.TimeoutExtension.intercept(TimeoutExtension.java:149)
	at org.junit.jupiter.engine.extension.TimeoutExtension.interceptTestableMethod(TimeoutExtension.java:140)
	at org.junit.jupiter.engine.extension.TimeoutExtension.interceptTestTemplateMethod(TimeoutExtension.java:92)
	at org.junit.jupiter.engine.execution.ExecutableInvoker$ReflectiveInterceptorCall.lambda$ofVoidMethod$0(ExecutableInvoker.java:115)
	at org.junit.jupiter.engine.execution.ExecutableInvoker.lambda$invoke$0(ExecutableInvoker.java:105)
	at org.junit.jupiter.engine.execution.InvocationInterceptorChain$InterceptedInvocation.proceed(InvocationInterceptorChain.java:106)
	at org.junit.jupiter.engine.execution.InvocationInterceptorChain.proceed(InvocationInterceptorChain.java:64)
	at org.junit.jupiter.engine.execution.InvocationInterceptorChain.chainAndInvoke(InvocationInterceptorChain.java:45)
	at org.junit.jupiter.engine.execution.InvocationInterceptorChain.invoke(InvocationInterceptorChain.java:37)
	at org.junit.jupiter.engine.execution.ExecutableInvoker.invoke(ExecutableInvoker.java:104)
	at org.junit.jupiter.engine.execution.ExecutableInvoker.invoke(ExecutableInvoker.java:98)
	at org.junit.jupiter.engine.descriptor.TestMethodTestDescriptor.lambda$invokeTestMethod$6(TestMethodTestDescriptor.java:210)
	at org.junit.platform.engine.support.hierarchical.ThrowableCollector.execute(ThrowableCollector.java:73)
	at org.junit.jupiter.engine.descriptor.TestMethodTestDescriptor.invokeTestMethod(TestMethodTestDescriptor.java:206)
	at org.junit.jupiter.engine.descriptor.TestMethodTestDescriptor.execute(TestMethodTestDescriptor.java:131)
	at org.junit.jupiter.engine.descriptor.TestMethodTestDescriptor.execute(TestMethodTestDescriptor.java:65)
	at org.junit.platform.engine.support.hierarchical.NodeTestTask.lambda$executeRecursively$5(NodeTestTask.java:139)
	at org.junit.platform.engine.support.hierarchical.ThrowableCollector.execute(ThrowableCollector.java:73)
	at org.junit.platform.engine.support.hierarchical.NodeTestTask.lambda$executeRecursively$7(NodeTestTask.java:129)
	at org.junit.platform.engine.support.hierarchical.Node.around(Node.java:137)
	at org.junit.platform.engine.support.hierarchical.NodeTestTask.lambda$executeRecursively$8(NodeTestTask.java:127)
	at org.junit.platform.engine.support.hierarchical.ThrowableCollector.execute(ThrowableCollector.java:73)
	at org.junit.platform.engine.support.hierarchical.NodeTestTask.executeRecursively(NodeTestTask.java:126)
	at org.junit.platform.engine.support.hierarchical.NodeTestTask.execute(NodeTestTask.java:84)
	at org.junit.platform.engine.support.hierarchical.SameThreadHierarchicalTestExecutorService.submit(SameThreadHierarchicalTestExecutorService.java:32)
	at org.junit.platform.engine.support.hierarchical.NodeTestTask$DefaultDynamicTestExecutor.execute(NodeTestTask.java:212)
	at org.junit.platform.engine.support.hierarchical.NodeTestTask$DefaultDynamicTestExecutor.execute(NodeTestTask.java:192)
	at org.junit.jupiter.engine.descriptor.TestTemplateTestDescriptor.execute(TestTemplateTestDescriptor.java:139)
	at org.junit.jupiter.engine.descriptor.TestTemplateTestDescriptor.lambda$execute$2(TestTemplateTestDescriptor.java:107)
	at java.base/java.util.stream.ForEachOps$ForEachOp$OfRef.accept(ForEachOps.java:184)
	at java.base/java.util.stream.ReferencePipeline$3$1.accept(ReferencePipeline.java:215)
	at java.base/java.util.stream.ReferencePipeline$2$1.accept(ReferencePipeline.java:197)
	at java.base/java.util.stream.ReferencePipeline$3$1.accept(ReferencePipeline.java:215)
	at java.base/java.util.stream.ForEachOps$ForEachOp$OfRef.accept(ForEachOps.java:184)
	at java.base/java.util.stream.ReferencePipeline$15$1.accept(ReferencePipeline.java:581)
	at java.base/java.util.stream.ReferencePipeline$3$1.accept(ReferencePipeline.java:215)
	at java.base/java.util.stream.ReferencePipeline$3$1.accept(ReferencePipeline.java:215)
	at java.base/java.util.stream.ReferencePipeline$3$1.accept(ReferencePipeline.java:215)
	at java.base/java.util.stream.ForEachOps$ForEachOp$OfRef.accept(ForEachOps.java:184)
	at java.base/java.util.stream.ReferencePipeline$3$1.accept(ReferencePipeline.java:215)
	at java.base/java.util.stream.ForEachOps$ForEachOp$OfRef.accept(ForEachOps.java:184)
	at java.base/java.util.stream.ReferencePipeline$3$1.accept(ReferencePipeline.java:215)
	at java.base/java.util.ArrayList$ArrayListSpliterator.forEachRemaining(ArrayList.java:1709)
	at java.base/java.util.stream.AbstractPipeline.copyInto(AbstractPipeline.java:570)
	at java.base/java.util.stream.AbstractPipeline.wrapAndCopyInto(AbstractPipeline.java:560)
	at java.base/java.util.stream.ForEachOps$ForEachOp.evaluateSequential(ForEachOps.java:151)
	at java.base/java.util.stream.ForEachOps$ForEachOp$OfRef.evaluateSequential(ForEachOps.java:174)
	at java.base/java.util.stream.AbstractPipeline.evaluate(AbstractPipeline.java:265)
	at java.base/java.util.stream.ReferencePipeline.forEach(ReferencePipeline.java:636)
	at java.base/java.util.stream.ReferencePipeline$7$1FlatMap.accept(ReferencePipeline.java:294)
	at java.base/java.util.stream.ReferencePipeline$3$1.accept(ReferencePipeline.java:215)
	at java.base/java.util.stream.ReferencePipeline$3$1.accept(ReferencePipeline.java:215)
	at java.base/java.util.Spliterators$ArraySpliterator.forEachRemaining(Spliterators.java:1024)
	at java.base/java.util.stream.AbstractPipeline.copyInto(AbstractPipeline.java:570)
	at java.base/java.util.stream.AbstractPipeline.wrapAndCopyInto(AbstractPipeline.java:560)
	at java.base/java.util.stream.ForEachOps$ForEachOp.evaluateSequential(ForEachOps.java:151)
	at java.base/java.util.stream.ForEachOps$ForEachOp$OfRef.evaluateSequential(ForEachOps.java:174)
	at java.base/java.util.stream.AbstractPipeline.evaluate(AbstractPipeline.java:265)
	at java.base/java.util.stream.ReferencePipeline.forEach(ReferencePipeline.java:636)
	at java.base/java.util.stream.ReferencePipeline$7$1FlatMap.accept(ReferencePipeline.java:294)
	at java.base/java.util.stream.ReferencePipeline$3$1.accept(ReferencePipeline.java:215)
	at java.base/java.util.stream.ReferencePipeline$3$1.accept(ReferencePipeline.java:215)
	at java.base/java.util.stream.ReferencePipeline$3$1.accept(ReferencePipeline.java:215)
	at java.base/java.util.ArrayList$ArrayListSpliterator.forEachRemaining(ArrayList.java:1709)
	at java.base/java.util.stream.AbstractPipeline.copyInto(AbstractPipeline.java:570)
	at java.base/java.util.stream.AbstractPipeline.wrapAndCopyInto(AbstractPipeline.java:560)
	at java.base/java.util.stream.ForEachOps$ForEachOp.evaluateSequential(ForEachOps.java:151)
	at java.base/java.util.stream.ForEachOps$ForEachOp$OfRef.evaluateSequential(ForEachOps.java:174)
	at java.base/java.util.stream.AbstractPipeline.evaluate(AbstractPipeline.java:265)
	at java.base/java.util.stream.ReferencePipeline.forEach(ReferencePipeline.java:636)
	at java.base/java.util.stream.ReferencePipeline$7$1FlatMap.accept(ReferencePipeline.java:294)
	at java.base/java.util.ArrayList$ArrayListSpliterator.forEachRemaining(ArrayList.java:1709)
	at java.base/java.util.stream.AbstractPipeline.copyInto(AbstractPipeline.java:570)
	at java.base/java.util.stream.AbstractPipeline.wrapAndCopyInto(AbstractPipeline.java:560)
	at java.base/java.util.stream.ForEachOps$ForEachOp.evaluateSequential(ForEachOps.java:151)
	at java.base/java.util.stream.ForEachOps$ForEachOp$OfRef.evaluateSequential(ForEachOps.java:174)
	at java.base/java.util.stream.AbstractPipeline.evaluate(AbstractPipeline.java:265)
	at java.base/java.util.stream.ReferencePipeline.forEach(ReferencePipeline.java:636)
	at org.junit.jupiter.engine.descriptor.TestTemplateTestDescriptor.execute(TestTemplateTestDescriptor.java:107)
	at org.junit.jupiter.engine.descriptor.TestTemplateTestDescriptor.execute(TestTemplateTestDescriptor.java:42)
	at org.junit.platform.engine.support.hierarchical.NodeTestTask.lambda$executeRecursively$5(NodeTestTask.java:139)
	at org.junit.platform.engine.support.hierarchical.ThrowableCollector.execute(ThrowableCollector.java:73)
	at org.junit.platform.engine.support.hierarchical.NodeTestTask.lambda$executeRecursively$7(NodeTestTask.java:129)
	at org.junit.platform.engine.support.hierarchical.Node.around(Node.java:137)
	at org.junit.platform.engine.support.hierarchical.NodeTestTask.lambda$executeRecursively$8(NodeTestTask.java:127)
	at org.junit.platform.engine.support.hierarchical.ThrowableCollector.execute(ThrowableCollector.java:73)
	at org.junit.platform.engine.support.hierarchical.NodeTestTask.executeRecursively(NodeTestTask.java:126)
	at org.junit.platform.engine.support.hierarchical.NodeTestTask.execute(NodeTestTask.java:84)
	at java.base/java.util.ArrayList.forEach(ArrayList.java:1597)
	at org.junit.platform.engine.support.hierarchical.SameThreadHierarchicalTestExecutorService.invokeAll(SameThreadHierarchicalTestExecutorService.java:38)
	at org.junit.platform.engine.support.hierarchical.NodeTestTask.lambda$executeRecursively$5(NodeTestTask.java:143)
	at org.junit.platform.engine.support.hierarchical.ThrowableCollector.execute(ThrowableCollector.java:73)
	at org.junit.platform.engine.support.hierarchical.NodeTestTask.lambda$executeRecursively$7(NodeTestTask.java:129)
	at org.junit.platform.engine.support.hierarchical.Node.around(Node.java:137)
	at org.junit.platform.engine.support.hierarchical.NodeTestTask.lambda$executeRecursively$8(NodeTestTask.java:127)
	at org.junit.platform.engine.support.hierarchical.ThrowableCollector.execute(ThrowableCollector.java:73)
	at org.junit.platform.engine.support.hierarchical.NodeTestTask.executeRecursively(NodeTestTask.java:126)
	at org.junit.platform.engine.support.hierarchical.NodeTestTask.execute(NodeTestTask.java:84)
	at java.base/java.util.ArrayList.forEach(ArrayList.java:1597)
	at org.junit.platform.engine.support.hierarchical.SameThreadHierarchicalTestExecutorService.invokeAll(SameThreadHierarchicalTestExecutorService.java:38)
	at org.junit.platform.engine.support.hierarchical.NodeTestTask.lambda$executeRecursively$5(NodeTestTask.java:143)
	at org.junit.platform.engine.support.hierarchical.ThrowableCollector.execute(ThrowableCollector.java:73)
	at org.junit.platform.engine.support.hierarchical.NodeTestTask.lambda$executeRecursively$7(NodeTestTask.java:129)
	at org.junit.platform.engine.support.hierarchical.Node.around(Node.java:137)
	at org.junit.platform.engine.support.hierarchical.NodeTestTask.lambda$executeRecursively$8(NodeTestTask.java:127)
	at org.junit.platform.engine.support.hierarchical.ThrowableCollector.execute(ThrowableCollector.java:73)
	at org.junit.platform.engine.support.hierarchical.NodeTestTask.executeRecursively(NodeTestTask.java:126)
	at org.junit.platform.engine.support.hierarchical.NodeTestTask.execute(NodeTestTask.java:84)
	at org.junit.platform.engine.support.hierarchical.SameThreadHierarchicalTestExecutorService.submit(SameThreadHierarchicalTestExecutorService.java:32)
	at org.junit.platform.engine.support.hierarchical.HierarchicalTestExecutor.execute(HierarchicalTestExecutor.java:57)
	at org.junit.platform.engine.support.hierarchical.HierarchicalTestEngine.execute(HierarchicalTestEngine.java:51)
	at org.junit.platform.launcher.core.EngineExecutionOrchestrator.execute(EngineExecutionOrchestrator.java:108)
	at org.junit.platform.launcher.core.EngineExecutionOrchestrator.execute(EngineExecutionOrchestrator.java:88)
	at org.junit.platform.launcher.core.EngineExecutionOrchestrator.lambda$execute$0(EngineExecutionOrchestrator.java:54)
	at org.junit.platform.launcher.core.EngineExecutionOrchestrator.withInterceptedStreams(EngineExecutionOrchestrator.java:67)
	at org.junit.platform.launcher.core.EngineExecutionOrchestrator.execute(EngineExecutionOrchestrator.java:52)
	at org.junit.platform.launcher.core.DefaultLauncher.execute(DefaultLauncher.java:96)
	at org.junit.platform.launcher.core.DefaultLauncher.execute(DefaultLauncher.java:75)
	at org.junit.platform.console.tasks.ConsoleTestExecutor.executeTests(ConsoleTestExecutor.java:66)
	at org.junit.platform.console.tasks.ConsoleTestExecutor.lambda$execute$0(ConsoleTestExecutor.java:58)
	at org.junit.platform.console.tasks.CustomContextClassLoaderExecutor.replaceThreadContextClassLoaderAndInvoke(CustomContextClassLoaderExecutor.java:41)
	at org.junit.platform.console.tasks.CustomContextClassLoaderExecutor.invoke(CustomContextClassLoaderExecutor.java:31)
	at org.junit.platform.console.tasks.ConsoleTestExecutor.execute(ConsoleTestExecutor.java:58)
	at org.junit.platform.console.ConsoleLauncher.executeTests(ConsoleLauncher.java:95)
	at org.junit.platform.console.ConsoleLauncher.execute(ConsoleLauncher.java:73)
	at org.junit.platform.console.ConsoleLauncher.execute(ConsoleLauncher.java:50)
	at org.junit.platform.console.ConsoleLauncher.execute(ConsoleLauncher.java:43)
	at org.junit.platform.console.ConsoleLauncher.main(ConsoleLauncher.java:37)
]]></skipped>
<system-out><![CDATA[
unique-id: [engine:junit-jupiter]/[class:pilesimple.test.PileIntTest]/[test-template:testPileIntIntArrayInt(%5BI, int)]/[test-template-invocation:#3]
display-name: [3] [338894473, -8872316, -194658560, 0], 7
]]></system-out>
</testcase>
<testcase name="testPileIntIntArrayInt(int[], int)[4]" classname="pilesimple.test.PileIntTest" time="0">
<system-out><![CDATA[
unique-id: [engine:junit-jupiter]/[class:pilesimple.test.PileIntTest]/[test-template:testPileIntIntArrayInt(%5BI, int)]/[test-template-invocation:#4]
display-name: [4] [406853085, 94227386, 0, 0, 0, 0, 0, 0, 0, 0], 8
]]></system-out>
</testcase>
<testcase name="testPileIntIntArrayInt(int[], int)[5]" classname="pilesimple.test.PileIntTest" time="0">
<system-out><![CDATA[
unique-id: [engine:junit-jupiter]/[class:pilesimple.test.PileIntTest]/[test-template:testPileIntIntArrayInt(%5BI, int)]/[test-template-invocation:#5]
display-name: [5] [829174856, -560540630, 1017069059, -1738412859, 300209628, -188841458, -1827026023, -1500709070, -816936810, 858109280, -776814606, -2070802362, -136406843, 1897636588, 0, 0, 0, 0, 0, 0, 0], 16
]]></system-out>
</testcase>
<testcase name="testPileIntIntArrayInt(int[], int)[6]" classname="pilesimple.test.PileIntTest" time="0">
<system-out><![CDATA[
unique-id: [engine:junit-jupiter]/[class:pilesimple.test.PileIntTest]/[test-template:testPileIntIntArrayInt(%5BI, int)]/[test-template-invocation:#6]
display-name: [6] [-1489436760, -263993310, 1290897763, 1717230542, -2064902060, 0, 0, 0, 0, 0, 0, 0, 0, 0, 0, 0, 0, 0, 0, 0, 0, 0, 0, 0], 16
]]></system-out>
</testcase>
<testcase name="testPileIntIntArrayInt(int[], int)[7]" classname="pilesimple.test.PileIntTest" time="0">
<system-out><![CDATA[
unique-id: [engine:junit-jupiter]/[class:pilesimple.test.PileIntTest]/[test-template:testPileIntIntArrayInt(%5BI, int)]/[test-template-invocation:#7]
display-name: [7] [637862618, -1510457637, 2016118339, -24306896, 1280740200, 0, 0, 0, 0, 0], 9
]]></system-out>
</testcase>
<testcase name="testPileIntIntArrayInt(int[], int)[8]" classname="pilesimple.test.PileIntTest" time="0">
<system-out><![CDATA[
unique-id: [engine:junit-jupiter]/[class:pilesimple.test.PileIntTest]/[test-template:testPileIntIntArrayInt(%5BI, int)]/[test-template-invocation:#8]
display-name: [8] [-374846588, 1048478229, -920801997, -771279764, -1267021193, 0, 0, 0, 0, 0, 0, 0, 0, 0, 0], 15
]]></system-out>
</testcase>
<testcase name="testPileIntIntArrayInt(int[], int)[9]" classname="pilesimple.test.PileIntTest" time="0">
<system-out><![CDATA[
unique-id: [engine:junit-jupiter]/[class:pilesimple.test.PileIntTest]/[test-template:testPileIntIntArrayInt(%5BI, int)]/[test-template-invocation:#9]
display-name: [9] [1428472226, -637821803, -706447001, 1150321620, 864544919, 0, 0, 0, 0, 0, 0, 0, 0, 0, 0, 0, 0, 0, 0, 0], 3
]]></system-out>
</testcase>
<testcase name="testPileIntIntArrayInt(int[], int)[10]" classname="pilesimple.test.PileIntTest" time="0">
<system-out><![CDATA[
unique-id: [engine:junit-jupiter]/[class:pilesimple.test.PileIntTest]/[test-template:testPileIntIntArrayInt(%5BI, int)]/[test-template-invocation:#10]
display-name: [10] [703876638, 393883502, -735980280, 1592594415, 1442868874, 0, 0, 0, 0, 0, 0, 0, 0, 0, 0, 0, 0, 0, 0, 0, 0, 0, 0, 0, 0, 0, 0, 0], 27
]]></system-out>
</testcase>
<testcase name="testPileIntIntArrayInt(int[], int)[11]" classname="pilesimple.test.PileIntTest" time="0">
<system-out><![CDATA[
unique-id: [engine:junit-jupiter]/[class:pilesimple.test.PileIntTest]/[test-template:testPileIntIntArrayInt(%5BI, int)]/[test-template-invocation:#11]
display-name: [11] [0, 0, 0, 0, 0, 0], 1
]]></system-out>
</testcase>
<testcase name="testPileIntIntArrayInt(int[], int)[12]" classname="pilesimple.test.PileIntTest" time="0">
<system-out><![CDATA[
unique-id: [engine:junit-jupiter]/[class:pilesimple.test.PileIntTest]/[test-template:testPileIntIntArrayInt(%5BI, int)]/[test-template-invocation:#12]
display-name: [12] [-705429044, -1165162668, 1915516414, 1792785474, -1102370681, 0, 0, 0, 0, 0, 0, 0, 0, 0, 0, 0, 0, 0, 0, 0, 0, 0, 0, 0, 0], 18
]]></system-out>
</testcase>
<testcase name="testPileIntIntArrayInt(int[], int)[13]" classname="pilesimple.test.PileIntTest" time="0">
<skipped><![CDATA[org.opentest4j.TestAbortedException: Assumption failed: assumption is not true
	at org.junit.jupiter.api.Assumptions.throwTestAbortedException(Assumptions.java:256)
	at org.junit.jupiter.api.Assumptions.assumeTrue(Assumptions.java:115)
	at org.junit.jupiter.api.Assumptions.assumeTrue(Assumptions.java:66)
	at pilesimple.test.PileIntTest.testPileIntIntArrayInt(PileIntTest.java:173)
	at java.base/jdk.internal.reflect.DirectMethodHandleAccessor.invoke(DirectMethodHandleAccessor.java:103)
	at java.base/java.lang.reflect.Method.invoke(Method.java:580)
	at org.junit.platform.commons.util.ReflectionUtils.invokeMethod(ReflectionUtils.java:688)
	at org.junit.jupiter.engine.execution.MethodInvocation.proceed(MethodInvocation.java:60)
	at org.junit.jupiter.engine.execution.InvocationInterceptorChain$ValidatingInvocation.proceed(InvocationInterceptorChain.java:131)
	at org.junit.jupiter.engine.extension.TimeoutExtension.intercept(TimeoutExtension.java:149)
	at org.junit.jupiter.engine.extension.TimeoutExtension.interceptTestableMethod(TimeoutExtension.java:140)
	at org.junit.jupiter.engine.extension.TimeoutExtension.interceptTestTemplateMethod(TimeoutExtension.java:92)
	at org.junit.jupiter.engine.execution.ExecutableInvoker$ReflectiveInterceptorCall.lambda$ofVoidMethod$0(ExecutableInvoker.java:115)
	at org.junit.jupiter.engine.execution.ExecutableInvoker.lambda$invoke$0(ExecutableInvoker.java:105)
	at org.junit.jupiter.engine.execution.InvocationInterceptorChain$InterceptedInvocation.proceed(InvocationInterceptorChain.java:106)
	at org.junit.jupiter.engine.execution.InvocationInterceptorChain.proceed(InvocationInterceptorChain.java:64)
	at org.junit.jupiter.engine.execution.InvocationInterceptorChain.chainAndInvoke(InvocationInterceptorChain.java:45)
	at org.junit.jupiter.engine.execution.InvocationInterceptorChain.invoke(InvocationInterceptorChain.java:37)
	at org.junit.jupiter.engine.execution.ExecutableInvoker.invoke(ExecutableInvoker.java:104)
	at org.junit.jupiter.engine.execution.ExecutableInvoker.invoke(ExecutableInvoker.java:98)
	at org.junit.jupiter.engine.descriptor.TestMethodTestDescriptor.lambda$invokeTestMethod$6(TestMethodTestDescriptor.java:210)
	at org.junit.platform.engine.support.hierarchical.ThrowableCollector.execute(ThrowableCollector.java:73)
	at org.junit.jupiter.engine.descriptor.TestMethodTestDescriptor.invokeTestMethod(TestMethodTestDescriptor.java:206)
	at org.junit.jupiter.engine.descriptor.TestMethodTestDescriptor.execute(TestMethodTestDescriptor.java:131)
	at org.junit.jupiter.engine.descriptor.TestMethodTestDescriptor.execute(TestMethodTestDescriptor.java:65)
	at org.junit.platform.engine.support.hierarchical.NodeTestTask.lambda$executeRecursively$5(NodeTestTask.java:139)
	at org.junit.platform.engine.support.hierarchical.ThrowableCollector.execute(ThrowableCollector.java:73)
	at org.junit.platform.engine.support.hierarchical.NodeTestTask.lambda$executeRecursively$7(NodeTestTask.java:129)
	at org.junit.platform.engine.support.hierarchical.Node.around(Node.java:137)
	at org.junit.platform.engine.support.hierarchical.NodeTestTask.lambda$executeRecursively$8(NodeTestTask.java:127)
	at org.junit.platform.engine.support.hierarchical.ThrowableCollector.execute(ThrowableCollector.java:73)
	at org.junit.platform.engine.support.hierarchical.NodeTestTask.executeRecursively(NodeTestTask.java:126)
	at org.junit.platform.engine.support.hierarchical.NodeTestTask.execute(NodeTestTask.java:84)
	at org.junit.platform.engine.support.hierarchical.SameThreadHierarchicalTestExecutorService.submit(SameThreadHierarchicalTestExecutorService.java:32)
	at org.junit.platform.engine.support.hierarchical.NodeTestTask$DefaultDynamicTestExecutor.execute(NodeTestTask.java:212)
	at org.junit.platform.engine.support.hierarchical.NodeTestTask$DefaultDynamicTestExecutor.execute(NodeTestTask.java:192)
	at org.junit.jupiter.engine.descriptor.TestTemplateTestDescriptor.execute(TestTemplateTestDescriptor.java:139)
	at org.junit.jupiter.engine.descriptor.TestTemplateTestDescriptor.lambda$execute$2(TestTemplateTestDescriptor.java:107)
	at java.base/java.util.stream.ForEachOps$ForEachOp$OfRef.accept(ForEachOps.java:184)
	at java.base/java.util.stream.ReferencePipeline$3$1.accept(ReferencePipeline.java:215)
	at java.base/java.util.stream.ReferencePipeline$2$1.accept(ReferencePipeline.java:197)
	at java.base/java.util.stream.ReferencePipeline$3$1.accept(ReferencePipeline.java:215)
	at java.base/java.util.stream.ForEachOps$ForEachOp$OfRef.accept(ForEachOps.java:184)
	at java.base/java.util.stream.ReferencePipeline$15$1.accept(ReferencePipeline.java:581)
	at java.base/java.util.stream.ReferencePipeline$3$1.accept(ReferencePipeline.java:215)
	at java.base/java.util.stream.ReferencePipeline$3$1.accept(ReferencePipeline.java:215)
	at java.base/java.util.stream.ReferencePipeline$3$1.accept(ReferencePipeline.java:215)
	at java.base/java.util.stream.ForEachOps$ForEachOp$OfRef.accept(ForEachOps.java:184)
	at java.base/java.util.stream.ReferencePipeline$3$1.accept(ReferencePipeline.java:215)
	at java.base/java.util.stream.ForEachOps$ForEachOp$OfRef.accept(ForEachOps.java:184)
	at java.base/java.util.stream.ReferencePipeline$3$1.accept(ReferencePipeline.java:215)
	at java.base/java.util.ArrayList$ArrayListSpliterator.forEachRemaining(ArrayList.java:1709)
	at java.base/java.util.stream.AbstractPipeline.copyInto(AbstractPipeline.java:570)
	at java.base/java.util.stream.AbstractPipeline.wrapAndCopyInto(AbstractPipeline.java:560)
	at java.base/java.util.stream.ForEachOps$ForEachOp.evaluateSequential(ForEachOps.java:151)
	at java.base/java.util.stream.ForEachOps$ForEachOp$OfRef.evaluateSequential(ForEachOps.java:174)
	at java.base/java.util.stream.AbstractPipeline.evaluate(AbstractPipeline.java:265)
	at java.base/java.util.stream.ReferencePipeline.forEach(ReferencePipeline.java:636)
	at java.base/java.util.stream.ReferencePipeline$7$1FlatMap.accept(ReferencePipeline.java:294)
	at java.base/java.util.stream.ReferencePipeline$3$1.accept(ReferencePipeline.java:215)
	at java.base/java.util.stream.ReferencePipeline$3$1.accept(ReferencePipeline.java:215)
	at java.base/java.util.Spliterators$ArraySpliterator.forEachRemaining(Spliterators.java:1024)
	at java.base/java.util.stream.AbstractPipeline.copyInto(AbstractPipeline.java:570)
	at java.base/java.util.stream.AbstractPipeline.wrapAndCopyInto(AbstractPipeline.java:560)
	at java.base/java.util.stream.ForEachOps$ForEachOp.evaluateSequential(ForEachOps.java:151)
	at java.base/java.util.stream.ForEachOps$ForEachOp$OfRef.evaluateSequential(ForEachOps.java:174)
	at java.base/java.util.stream.AbstractPipeline.evaluate(AbstractPipeline.java:265)
	at java.base/java.util.stream.ReferencePipeline.forEach(ReferencePipeline.java:636)
	at java.base/java.util.stream.ReferencePipeline$7$1FlatMap.accept(ReferencePipeline.java:294)
	at java.base/java.util.stream.ReferencePipeline$3$1.accept(ReferencePipeline.java:215)
	at java.base/java.util.stream.ReferencePipeline$3$1.accept(ReferencePipeline.java:215)
	at java.base/java.util.stream.ReferencePipeline$3$1.accept(ReferencePipeline.java:215)
	at java.base/java.util.ArrayList$ArrayListSpliterator.forEachRemaining(ArrayList.java:1709)
	at java.base/java.util.stream.AbstractPipeline.copyInto(AbstractPipeline.java:570)
	at java.base/java.util.stream.AbstractPipeline.wrapAndCopyInto(AbstractPipeline.java:560)
	at java.base/java.util.stream.ForEachOps$ForEachOp.evaluateSequential(ForEachOps.java:151)
	at java.base/java.util.stream.ForEachOps$ForEachOp$OfRef.evaluateSequential(ForEachOps.java:174)
	at java.base/java.util.stream.AbstractPipeline.evaluate(AbstractPipeline.java:265)
	at java.base/java.util.stream.ReferencePipeline.forEach(ReferencePipeline.java:636)
	at java.base/java.util.stream.ReferencePipeline$7$1FlatMap.accept(ReferencePipeline.java:294)
	at java.base/java.util.ArrayList$ArrayListSpliterator.forEachRemaining(ArrayList.java:1709)
	at java.base/java.util.stream.AbstractPipeline.copyInto(AbstractPipeline.java:570)
	at java.base/java.util.stream.AbstractPipeline.wrapAndCopyInto(AbstractPipeline.java:560)
	at java.base/java.util.stream.ForEachOps$ForEachOp.evaluateSequential(ForEachOps.java:151)
	at java.base/java.util.stream.ForEachOps$ForEachOp$OfRef.evaluateSequential(ForEachOps.java:174)
	at java.base/java.util.stream.AbstractPipeline.evaluate(AbstractPipeline.java:265)
	at java.base/java.util.stream.ReferencePipeline.forEach(ReferencePipeline.java:636)
	at org.junit.jupiter.engine.descriptor.TestTemplateTestDescriptor.execute(TestTemplateTestDescriptor.java:107)
	at org.junit.jupiter.engine.descriptor.TestTemplateTestDescriptor.execute(TestTemplateTestDescriptor.java:42)
	at org.junit.platform.engine.support.hierarchical.NodeTestTask.lambda$executeRecursively$5(NodeTestTask.java:139)
	at org.junit.platform.engine.support.hierarchical.ThrowableCollector.execute(ThrowableCollector.java:73)
	at org.junit.platform.engine.support.hierarchical.NodeTestTask.lambda$executeRecursively$7(NodeTestTask.java:129)
	at org.junit.platform.engine.support.hierarchical.Node.around(Node.java:137)
	at org.junit.platform.engine.support.hierarchical.NodeTestTask.lambda$executeRecursively$8(NodeTestTask.java:127)
	at org.junit.platform.engine.support.hierarchical.ThrowableCollector.execute(ThrowableCollector.java:73)
	at org.junit.platform.engine.support.hierarchical.NodeTestTask.executeRecursively(NodeTestTask.java:126)
	at org.junit.platform.engine.support.hierarchical.NodeTestTask.execute(NodeTestTask.java:84)
	at java.base/java.util.ArrayList.forEach(ArrayList.java:1597)
	at org.junit.platform.engine.support.hierarchical.SameThreadHierarchicalTestExecutorService.invokeAll(SameThreadHierarchicalTestExecutorService.java:38)
	at org.junit.platform.engine.support.hierarchical.NodeTestTask.lambda$executeRecursively$5(NodeTestTask.java:143)
	at org.junit.platform.engine.support.hierarchical.ThrowableCollector.execute(ThrowableCollector.java:73)
	at org.junit.platform.engine.support.hierarchical.NodeTestTask.lambda$executeRecursively$7(NodeTestTask.java:129)
	at org.junit.platform.engine.support.hierarchical.Node.around(Node.java:137)
	at org.junit.platform.engine.support.hierarchical.NodeTestTask.lambda$executeRecursively$8(NodeTestTask.java:127)
	at org.junit.platform.engine.support.hierarchical.ThrowableCollector.execute(ThrowableCollector.java:73)
	at org.junit.platform.engine.support.hierarchical.NodeTestTask.executeRecursively(NodeTestTask.java:126)
	at org.junit.platform.engine.support.hierarchical.NodeTestTask.execute(NodeTestTask.java:84)
	at java.base/java.util.ArrayList.forEach(ArrayList.java:1597)
	at org.junit.platform.engine.support.hierarchical.SameThreadHierarchicalTestExecutorService.invokeAll(SameThreadHierarchicalTestExecutorService.java:38)
	at org.junit.platform.engine.support.hierarchical.NodeTestTask.lambda$executeRecursively$5(NodeTestTask.java:143)
	at org.junit.platform.engine.support.hierarchical.ThrowableCollector.execute(ThrowableCollector.java:73)
	at org.junit.platform.engine.support.hierarchical.NodeTestTask.lambda$executeRecursively$7(NodeTestTask.java:129)
	at org.junit.platform.engine.support.hierarchical.Node.around(Node.java:137)
	at org.junit.platform.engine.support.hierarchical.NodeTestTask.lambda$executeRecursively$8(NodeTestTask.java:127)
	at org.junit.platform.engine.support.hierarchical.ThrowableCollector.execute(ThrowableCollector.java:73)
	at org.junit.platform.engine.support.hierarchical.NodeTestTask.executeRecursively(NodeTestTask.java:126)
	at org.junit.platform.engine.support.hierarchical.NodeTestTask.execute(NodeTestTask.java:84)
	at org.junit.platform.engine.support.hierarchical.SameThreadHierarchicalTestExecutorService.submit(SameThreadHierarchicalTestExecutorService.java:32)
	at org.junit.platform.engine.support.hierarchical.HierarchicalTestExecutor.execute(HierarchicalTestExecutor.java:57)
	at org.junit.platform.engine.support.hierarchical.HierarchicalTestEngine.execute(HierarchicalTestEngine.java:51)
	at org.junit.platform.launcher.core.EngineExecutionOrchestrator.execute(EngineExecutionOrchestrator.java:108)
	at org.junit.platform.launcher.core.EngineExecutionOrchestrator.execute(EngineExecutionOrchestrator.java:88)
	at org.junit.platform.launcher.core.EngineExecutionOrchestrator.lambda$execute$0(EngineExecutionOrchestrator.java:54)
	at org.junit.platform.launcher.core.EngineExecutionOrchestrator.withInterceptedStreams(EngineExecutionOrchestrator.java:67)
	at org.junit.platform.launcher.core.EngineExecutionOrchestrator.execute(EngineExecutionOrchestrator.java:52)
	at org.junit.platform.launcher.core.DefaultLauncher.execute(DefaultLauncher.java:96)
	at org.junit.platform.launcher.core.DefaultLauncher.execute(DefaultLauncher.java:75)
	at org.junit.platform.console.tasks.ConsoleTestExecutor.executeTests(ConsoleTestExecutor.java:66)
	at org.junit.platform.console.tasks.ConsoleTestExecutor.lambda$execute$0(ConsoleTestExecutor.java:58)
	at org.junit.platform.console.tasks.CustomContextClassLoaderExecutor.replaceThreadContextClassLoaderAndInvoke(CustomContextClassLoaderExecutor.java:41)
	at org.junit.platform.console.tasks.CustomContextClassLoaderExecutor.invoke(CustomContextClassLoaderExecutor.java:31)
	at org.junit.platform.console.tasks.ConsoleTestExecutor.execute(ConsoleTestExecutor.java:58)
	at org.junit.platform.console.ConsoleLauncher.executeTests(ConsoleLauncher.java:95)
	at org.junit.platform.console.ConsoleLauncher.execute(ConsoleLauncher.java:73)
	at org.junit.platform.console.ConsoleLauncher.execute(ConsoleLauncher.java:50)
	at org.junit.platform.console.ConsoleLauncher.execute(ConsoleLauncher.java:43)
	at org.junit.platform.console.ConsoleLauncher.main(ConsoleLauncher.java:37)
]]></skipped>
<system-out><![CDATA[
unique-id: [engine:junit-jupiter]/[class:pilesimple.test.PileIntTest]/[test-template:testPileIntIntArrayInt(%5BI, int)]/[test-template-invocation:#13]
display-name: [13] [1210489329, -1943355528, 2110550009, 303126429, 0, 0, 0, 0], 9
]]></system-out>
</testcase>
<testcase name="testPileIntIntArrayInt(int[], int)[14]" classname="pilesimple.test.PileIntTest" time="0">
<system-out><![CDATA[
unique-id: [engine:junit-jupiter]/[class:pilesimple.test.PileIntTest]/[test-template:testPileIntIntArrayInt(%5BI, int)]/[test-template-invocation:#14]
display-name: [14] [1076106784, 1001106160, 0, 0, 0, 0, 0, 0, 0, 0, 0, 0, 0, 0, 0, 0, 0, 0, 0, 0, 0, 0, 0, 0, 0], 0
]]></system-out>
</testcase>
<testcase name="testPileIntIntArrayInt(int[], int)[15]" classname="pilesimple.test.PileIntTest" time="0">
<system-out><![CDATA[
unique-id: [engine:junit-jupiter]/[class:pilesimple.test.PileIntTest]/[test-template:testPileIntIntArrayInt(%5BI, int)]/[test-template-invocation:#15]
display-name: [15] [-1948372490, 1175265028, 1509228326, 982841218, -113535506, -1095093150, 388532020, -1696138086, -1404296367, 949094180, 1074419298, 1053087988, -1152583802, 826453230, -990184886, 0, 0, 0, 0, 0], 19
]]></system-out>
</testcase>
<testcase name="testPileIntIntArrayInt(int[], int)[16]" classname="pilesimple.test.PileIntTest" time="0">
<skipped><![CDATA[org.opentest4j.TestAbortedException: Assumption failed: assumption is not true
	at org.junit.jupiter.api.Assumptions.throwTestAbortedException(Assumptions.java:256)
	at org.junit.jupiter.api.Assumptions.assumeTrue(Assumptions.java:115)
	at org.junit.jupiter.api.Assumptions.assumeTrue(Assumptions.java:66)
	at pilesimple.test.PileIntTest.testPileIntIntArrayInt(PileIntTest.java:173)
	at java.base/jdk.internal.reflect.DirectMethodHandleAccessor.invoke(DirectMethodHandleAccessor.java:103)
	at java.base/java.lang.reflect.Method.invoke(Method.java:580)
	at org.junit.platform.commons.util.ReflectionUtils.invokeMethod(ReflectionUtils.java:688)
	at org.junit.jupiter.engine.execution.MethodInvocation.proceed(MethodInvocation.java:60)
	at org.junit.jupiter.engine.execution.InvocationInterceptorChain$ValidatingInvocation.proceed(InvocationInterceptorChain.java:131)
	at org.junit.jupiter.engine.extension.TimeoutExtension.intercept(TimeoutExtension.java:149)
	at org.junit.jupiter.engine.extension.TimeoutExtension.interceptTestableMethod(TimeoutExtension.java:140)
	at org.junit.jupiter.engine.extension.TimeoutExtension.interceptTestTemplateMethod(TimeoutExtension.java:92)
	at org.junit.jupiter.engine.execution.ExecutableInvoker$ReflectiveInterceptorCall.lambda$ofVoidMethod$0(ExecutableInvoker.java:115)
	at org.junit.jupiter.engine.execution.ExecutableInvoker.lambda$invoke$0(ExecutableInvoker.java:105)
	at org.junit.jupiter.engine.execution.InvocationInterceptorChain$InterceptedInvocation.proceed(InvocationInterceptorChain.java:106)
	at org.junit.jupiter.engine.execution.InvocationInterceptorChain.proceed(InvocationInterceptorChain.java:64)
	at org.junit.jupiter.engine.execution.InvocationInterceptorChain.chainAndInvoke(InvocationInterceptorChain.java:45)
	at org.junit.jupiter.engine.execution.InvocationInterceptorChain.invoke(InvocationInterceptorChain.java:37)
	at org.junit.jupiter.engine.execution.ExecutableInvoker.invoke(ExecutableInvoker.java:104)
	at org.junit.jupiter.engine.execution.ExecutableInvoker.invoke(ExecutableInvoker.java:98)
	at org.junit.jupiter.engine.descriptor.TestMethodTestDescriptor.lambda$invokeTestMethod$6(TestMethodTestDescriptor.java:210)
	at org.junit.platform.engine.support.hierarchical.ThrowableCollector.execute(ThrowableCollector.java:73)
	at org.junit.jupiter.engine.descriptor.TestMethodTestDescriptor.invokeTestMethod(TestMethodTestDescriptor.java:206)
	at org.junit.jupiter.engine.descriptor.TestMethodTestDescriptor.execute(TestMethodTestDescriptor.java:131)
	at org.junit.jupiter.engine.descriptor.TestMethodTestDescriptor.execute(TestMethodTestDescriptor.java:65)
	at org.junit.platform.engine.support.hierarchical.NodeTestTask.lambda$executeRecursively$5(NodeTestTask.java:139)
	at org.junit.platform.engine.support.hierarchical.ThrowableCollector.execute(ThrowableCollector.java:73)
	at org.junit.platform.engine.support.hierarchical.NodeTestTask.lambda$executeRecursively$7(NodeTestTask.java:129)
	at org.junit.platform.engine.support.hierarchical.Node.around(Node.java:137)
	at org.junit.platform.engine.support.hierarchical.NodeTestTask.lambda$executeRecursively$8(NodeTestTask.java:127)
	at org.junit.platform.engine.support.hierarchical.ThrowableCollector.execute(ThrowableCollector.java:73)
	at org.junit.platform.engine.support.hierarchical.NodeTestTask.executeRecursively(NodeTestTask.java:126)
	at org.junit.platform.engine.support.hierarchical.NodeTestTask.execute(NodeTestTask.java:84)
	at org.junit.platform.engine.support.hierarchical.SameThreadHierarchicalTestExecutorService.submit(SameThreadHierarchicalTestExecutorService.java:32)
	at org.junit.platform.engine.support.hierarchical.NodeTestTask$DefaultDynamicTestExecutor.execute(NodeTestTask.java:212)
	at org.junit.platform.engine.support.hierarchical.NodeTestTask$DefaultDynamicTestExecutor.execute(NodeTestTask.java:192)
	at org.junit.jupiter.engine.descriptor.TestTemplateTestDescriptor.execute(TestTemplateTestDescriptor.java:139)
	at org.junit.jupiter.engine.descriptor.TestTemplateTestDescriptor.lambda$execute$2(TestTemplateTestDescriptor.java:107)
	at java.base/java.util.stream.ForEachOps$ForEachOp$OfRef.accept(ForEachOps.java:184)
	at java.base/java.util.stream.ReferencePipeline$3$1.accept(ReferencePipeline.java:215)
	at java.base/java.util.stream.ReferencePipeline$2$1.accept(ReferencePipeline.java:197)
	at java.base/java.util.stream.ReferencePipeline$3$1.accept(ReferencePipeline.java:215)
	at java.base/java.util.stream.ForEachOps$ForEachOp$OfRef.accept(ForEachOps.java:184)
	at java.base/java.util.stream.ReferencePipeline$15$1.accept(ReferencePipeline.java:581)
	at java.base/java.util.stream.ReferencePipeline$3$1.accept(ReferencePipeline.java:215)
	at java.base/java.util.stream.ReferencePipeline$3$1.accept(ReferencePipeline.java:215)
	at java.base/java.util.stream.ReferencePipeline$3$1.accept(ReferencePipeline.java:215)
	at java.base/java.util.stream.ForEachOps$ForEachOp$OfRef.accept(ForEachOps.java:184)
	at java.base/java.util.stream.ReferencePipeline$3$1.accept(ReferencePipeline.java:215)
	at java.base/java.util.stream.ForEachOps$ForEachOp$OfRef.accept(ForEachOps.java:184)
	at java.base/java.util.stream.ReferencePipeline$3$1.accept(ReferencePipeline.java:215)
	at java.base/java.util.ArrayList$ArrayListSpliterator.forEachRemaining(ArrayList.java:1709)
	at java.base/java.util.stream.AbstractPipeline.copyInto(AbstractPipeline.java:570)
	at java.base/java.util.stream.AbstractPipeline.wrapAndCopyInto(AbstractPipeline.java:560)
	at java.base/java.util.stream.ForEachOps$ForEachOp.evaluateSequential(ForEachOps.java:151)
	at java.base/java.util.stream.ForEachOps$ForEachOp$OfRef.evaluateSequential(ForEachOps.java:174)
	at java.base/java.util.stream.AbstractPipeline.evaluate(AbstractPipeline.java:265)
	at java.base/java.util.stream.ReferencePipeline.forEach(ReferencePipeline.java:636)
	at java.base/java.util.stream.ReferencePipeline$7$1FlatMap.accept(ReferencePipeline.java:294)
	at java.base/java.util.stream.ReferencePipeline$3$1.accept(ReferencePipeline.java:215)
	at java.base/java.util.stream.ReferencePipeline$3$1.accept(ReferencePipeline.java:215)
	at java.base/java.util.Spliterators$ArraySpliterator.forEachRemaining(Spliterators.java:1024)
	at java.base/java.util.stream.AbstractPipeline.copyInto(AbstractPipeline.java:570)
	at java.base/java.util.stream.AbstractPipeline.wrapAndCopyInto(AbstractPipeline.java:560)
	at java.base/java.util.stream.ForEachOps$ForEachOp.evaluateSequential(ForEachOps.java:151)
	at java.base/java.util.stream.ForEachOps$ForEachOp$OfRef.evaluateSequential(ForEachOps.java:174)
	at java.base/java.util.stream.AbstractPipeline.evaluate(AbstractPipeline.java:265)
	at java.base/java.util.stream.ReferencePipeline.forEach(ReferencePipeline.java:636)
	at java.base/java.util.stream.ReferencePipeline$7$1FlatMap.accept(ReferencePipeline.java:294)
	at java.base/java.util.stream.ReferencePipeline$3$1.accept(ReferencePipeline.java:215)
	at java.base/java.util.stream.ReferencePipeline$3$1.accept(ReferencePipeline.java:215)
	at java.base/java.util.stream.ReferencePipeline$3$1.accept(ReferencePipeline.java:215)
	at java.base/java.util.ArrayList$ArrayListSpliterator.forEachRemaining(ArrayList.java:1709)
	at java.base/java.util.stream.AbstractPipeline.copyInto(AbstractPipeline.java:570)
	at java.base/java.util.stream.AbstractPipeline.wrapAndCopyInto(AbstractPipeline.java:560)
	at java.base/java.util.stream.ForEachOps$ForEachOp.evaluateSequential(ForEachOps.java:151)
	at java.base/java.util.stream.ForEachOps$ForEachOp$OfRef.evaluateSequential(ForEachOps.java:174)
	at java.base/java.util.stream.AbstractPipeline.evaluate(AbstractPipeline.java:265)
	at java.base/java.util.stream.ReferencePipeline.forEach(ReferencePipeline.java:636)
	at java.base/java.util.stream.ReferencePipeline$7$1FlatMap.accept(ReferencePipeline.java:294)
	at java.base/java.util.ArrayList$ArrayListSpliterator.forEachRemaining(ArrayList.java:1709)
	at java.base/java.util.stream.AbstractPipeline.copyInto(AbstractPipeline.java:570)
	at java.base/java.util.stream.AbstractPipeline.wrapAndCopyInto(AbstractPipeline.java:560)
	at java.base/java.util.stream.ForEachOps$ForEachOp.evaluateSequential(ForEachOps.java:151)
	at java.base/java.util.stream.ForEachOps$ForEachOp$OfRef.evaluateSequential(ForEachOps.java:174)
	at java.base/java.util.stream.AbstractPipeline.evaluate(AbstractPipeline.java:265)
	at java.base/java.util.stream.ReferencePipeline.forEach(ReferencePipeline.java:636)
	at org.junit.jupiter.engine.descriptor.TestTemplateTestDescriptor.execute(TestTemplateTestDescriptor.java:107)
	at org.junit.jupiter.engine.descriptor.TestTemplateTestDescriptor.execute(TestTemplateTestDescriptor.java:42)
	at org.junit.platform.engine.support.hierarchical.NodeTestTask.lambda$executeRecursively$5(NodeTestTask.java:139)
	at org.junit.platform.engine.support.hierarchical.ThrowableCollector.execute(ThrowableCollector.java:73)
	at org.junit.platform.engine.support.hierarchical.NodeTestTask.lambda$executeRecursively$7(NodeTestTask.java:129)
	at org.junit.platform.engine.support.hierarchical.Node.around(Node.java:137)
	at org.junit.platform.engine.support.hierarchical.NodeTestTask.lambda$executeRecursively$8(NodeTestTask.java:127)
	at org.junit.platform.engine.support.hierarchical.ThrowableCollector.execute(ThrowableCollector.java:73)
	at org.junit.platform.engine.support.hierarchical.NodeTestTask.executeRecursively(NodeTestTask.java:126)
	at org.junit.platform.engine.support.hierarchical.NodeTestTask.execute(NodeTestTask.java:84)
	at java.base/java.util.ArrayList.forEach(ArrayList.java:1597)
	at org.junit.platform.engine.support.hierarchical.SameThreadHierarchicalTestExecutorService.invokeAll(SameThreadHierarchicalTestExecutorService.java:38)
	at org.junit.platform.engine.support.hierarchical.NodeTestTask.lambda$executeRecursively$5(NodeTestTask.java:143)
	at org.junit.platform.engine.support.hierarchical.ThrowableCollector.execute(ThrowableCollector.java:73)
	at org.junit.platform.engine.support.hierarchical.NodeTestTask.lambda$executeRecursively$7(NodeTestTask.java:129)
	at org.junit.platform.engine.support.hierarchical.Node.around(Node.java:137)
	at org.junit.platform.engine.support.hierarchical.NodeTestTask.lambda$executeRecursively$8(NodeTestTask.java:127)
	at org.junit.platform.engine.support.hierarchical.ThrowableCollector.execute(ThrowableCollector.java:73)
	at org.junit.platform.engine.support.hierarchical.NodeTestTask.executeRecursively(NodeTestTask.java:126)
	at org.junit.platform.engine.support.hierarchical.NodeTestTask.execute(NodeTestTask.java:84)
	at java.base/java.util.ArrayList.forEach(ArrayList.java:1597)
	at org.junit.platform.engine.support.hierarchical.SameThreadHierarchicalTestExecutorService.invokeAll(SameThreadHierarchicalTestExecutorService.java:38)
	at org.junit.platform.engine.support.hierarchical.NodeTestTask.lambda$executeRecursively$5(NodeTestTask.java:143)
	at org.junit.platform.engine.support.hierarchical.ThrowableCollector.execute(ThrowableCollector.java:73)
	at org.junit.platform.engine.support.hierarchical.NodeTestTask.lambda$executeRecursively$7(NodeTestTask.java:129)
	at org.junit.platform.engine.support.hierarchical.Node.around(Node.java:137)
	at org.junit.platform.engine.support.hierarchical.NodeTestTask.lambda$executeRecursively$8(NodeTestTask.java:127)
	at org.junit.platform.engine.support.hierarchical.ThrowableCollector.execute(ThrowableCollector.java:73)
	at org.junit.platform.engine.support.hierarchical.NodeTestTask.executeRecursively(NodeTestTask.java:126)
	at org.junit.platform.engine.support.hierarchical.NodeTestTask.execute(NodeTestTask.java:84)
	at org.junit.platform.engine.support.hierarchical.SameThreadHierarchicalTestExecutorService.submit(SameThreadHierarchicalTestExecutorService.java:32)
	at org.junit.platform.engine.support.hierarchical.HierarchicalTestExecutor.execute(HierarchicalTestExecutor.java:57)
	at org.junit.platform.engine.support.hierarchical.HierarchicalTestEngine.execute(HierarchicalTestEngine.java:51)
	at org.junit.platform.launcher.core.EngineExecutionOrchestrator.execute(EngineExecutionOrchestrator.java:108)
	at org.junit.platform.launcher.core.EngineExecutionOrchestrator.execute(EngineExecutionOrchestrator.java:88)
	at org.junit.platform.launcher.core.EngineExecutionOrchestrator.lambda$execute$0(EngineExecutionOrchestrator.java:54)
	at org.junit.platform.launcher.core.EngineExecutionOrchestrator.withInterceptedStreams(EngineExecutionOrchestrator.java:67)
	at org.junit.platform.launcher.core.EngineExecutionOrchestrator.execute(EngineExecutionOrchestrator.java:52)
	at org.junit.platform.launcher.core.DefaultLauncher.execute(DefaultLauncher.java:96)
	at org.junit.platform.launcher.core.DefaultLauncher.execute(DefaultLauncher.java:75)
	at org.junit.platform.console.tasks.ConsoleTestExecutor.executeTests(ConsoleTestExecutor.java:66)
	at org.junit.platform.console.tasks.ConsoleTestExecutor.lambda$execute$0(ConsoleTestExecutor.java:58)
	at org.junit.platform.console.tasks.CustomContextClassLoaderExecutor.replaceThreadContextClassLoaderAndInvoke(CustomContextClassLoaderExecutor.java:41)
	at org.junit.platform.console.tasks.CustomContextClassLoaderExecutor.invoke(CustomContextClassLoaderExecutor.java:31)
	at org.junit.platform.console.tasks.ConsoleTestExecutor.execute(ConsoleTestExecutor.java:58)
	at org.junit.platform.console.ConsoleLauncher.executeTests(ConsoleLauncher.java:95)
	at org.junit.platform.console.ConsoleLauncher.execute(ConsoleLauncher.java:73)
	at org.junit.platform.console.ConsoleLauncher.execute(ConsoleLauncher.java:50)
	at org.junit.platform.console.ConsoleLauncher.execute(ConsoleLauncher.java:43)
	at org.junit.platform.console.ConsoleLauncher.main(ConsoleLauncher.java:37)
]]></skipped>
<system-out><![CDATA[
unique-id: [engine:junit-jupiter]/[class:pilesimple.test.PileIntTest]/[test-template:testPileIntIntArrayInt(%5BI, int)]/[test-template-invocation:#16]
display-name: [16] [0], 2
]]></system-out>
</testcase>
<testcase name="testPileIntIntArrayInt(int[], int)[17]" classname="pilesimple.test.PileIntTest" time="0">
<system-out><![CDATA[
unique-id: [engine:junit-jupiter]/[class:pilesimple.test.PileIntTest]/[test-template:testPileIntIntArrayInt(%5BI, int)]/[test-template-invocation:#17]
display-name: [17] [-684180429, 633166819, 0, 0, 0, 0, 0, 0, 0, 0, 0, 0, 0], 12
]]></system-out>
</testcase>
<testcase name="testPileIntIntArrayInt(int[], int)[18]" classname="pilesimple.test.PileIntTest" time="0">
<system-out><![CDATA[
unique-id: [engine:junit-jupiter]/[class:pilesimple.test.PileIntTest]/[test-template:testPileIntIntArrayInt(%5BI, int)]/[test-template-invocation:#18]
display-name: [18] [-1274647728, 1596499529, -463382582, 0, 0, 0, 0], 2
]]></system-out>
</testcase>
<testcase name="testPileIntIntArrayInt(int[], int)[19]" classname="pilesimple.test.PileIntTest" time="0">
<system-out><![CDATA[
unique-id: [engine:junit-jupiter]/[class:pilesimple.test.PileIntTest]/[test-template:testPileIntIntArrayInt(%5BI, int)]/[test-template-invocation:#19]
display-name: [19] [1362992196, -2080071938, 1590300961, -1725722911, 682324868, -1338224590, 880401299, -2081234295, -561541459, 0, 0, 0, 0, 0, 0, 0], 8
]]></system-out>
</testcase>
<testcase name="testPileIntIntArrayInt(int[], int)[20]" classname="pilesimple.test.PileIntTest" time="0">
<system-out><![CDATA[
unique-id: [engine:junit-jupiter]/[class:pilesimple.test.PileIntTest]/[test-template:testPileIntIntArrayInt(%5BI, int)]/[test-template-invocation:#20]
display-name: [20] [-177297065, -317067174, 1538678292, 1459401015, 764171947, -791717276, -1475135243, 1373362923, 104936572, 1838652771, -10463901, -1839550882, 1664723887, -799351692, -1803735371, 1504195079, 457981356, 1301858620, 217733573, 1908815035, -718666961, 0, 0, 0, 0], 15
]]></system-out>
</testcase>
<testcase name="testPileIntIntArrayInt(int[], int)[21]" classname="pilesimple.test.PileIntTest" time="0">
<system-out><![CDATA[
unique-id: [engine:junit-jupiter]/[class:pilesimple.test.PileIntTest]/[test-template:testPileIntIntArrayInt(%5BI, int)]/[test-template-invocation:#21]
display-name: [21] [-810202728, -2036874149, 0, 0], 1
]]></system-out>
</testcase>
<testcase name="testPileIntIntArrayInt(int[], int)[22]" classname="pilesimple.test.PileIntTest" time="0">
<skipped><![CDATA[org.opentest4j.TestAbortedException: Assumption failed: assumption is not true
	at org.junit.jupiter.api.Assumptions.throwTestAbortedException(Assumptions.java:256)
	at org.junit.jupiter.api.Assumptions.assumeTrue(Assumptions.java:115)
	at org.junit.jupiter.api.Assumptions.assumeTrue(Assumptions.java:66)
	at pilesimple.test.PileIntTest.testPileIntIntArrayInt(PileIntTest.java:173)
	at java.base/jdk.internal.reflect.DirectMethodHandleAccessor.invoke(DirectMethodHandleAccessor.java:103)
	at java.base/java.lang.reflect.Method.invoke(Method.java:580)
	at org.junit.platform.commons.util.ReflectionUtils.invokeMethod(ReflectionUtils.java:688)
	at org.junit.jupiter.engine.execution.MethodInvocation.proceed(MethodInvocation.java:60)
	at org.junit.jupiter.engine.execution.InvocationInterceptorChain$ValidatingInvocation.proceed(InvocationInterceptorChain.java:131)
	at org.junit.jupiter.engine.extension.TimeoutExtension.intercept(TimeoutExtension.java:149)
	at org.junit.jupiter.engine.extension.TimeoutExtension.interceptTestableMethod(TimeoutExtension.java:140)
	at org.junit.jupiter.engine.extension.TimeoutExtension.interceptTestTemplateMethod(TimeoutExtension.java:92)
	at org.junit.jupiter.engine.execution.ExecutableInvoker$ReflectiveInterceptorCall.lambda$ofVoidMethod$0(ExecutableInvoker.java:115)
	at org.junit.jupiter.engine.execution.ExecutableInvoker.lambda$invoke$0(ExecutableInvoker.java:105)
	at org.junit.jupiter.engine.execution.InvocationInterceptorChain$InterceptedInvocation.proceed(InvocationInterceptorChain.java:106)
	at org.junit.jupiter.engine.execution.InvocationInterceptorChain.proceed(InvocationInterceptorChain.java:64)
	at org.junit.jupiter.engine.execution.InvocationInterceptorChain.chainAndInvoke(InvocationInterceptorChain.java:45)
	at org.junit.jupiter.engine.execution.InvocationInterceptorChain.invoke(InvocationInterceptorChain.java:37)
	at org.junit.jupiter.engine.execution.ExecutableInvoker.invoke(ExecutableInvoker.java:104)
	at org.junit.jupiter.engine.execution.ExecutableInvoker.invoke(ExecutableInvoker.java:98)
	at org.junit.jupiter.engine.descriptor.TestMethodTestDescriptor.lambda$invokeTestMethod$6(TestMethodTestDescriptor.java:210)
	at org.junit.platform.engine.support.hierarchical.ThrowableCollector.execute(ThrowableCollector.java:73)
	at org.junit.jupiter.engine.descriptor.TestMethodTestDescriptor.invokeTestMethod(TestMethodTestDescriptor.java:206)
	at org.junit.jupiter.engine.descriptor.TestMethodTestDescriptor.execute(TestMethodTestDescriptor.java:131)
	at org.junit.jupiter.engine.descriptor.TestMethodTestDescriptor.execute(TestMethodTestDescriptor.java:65)
	at org.junit.platform.engine.support.hierarchical.NodeTestTask.lambda$executeRecursively$5(NodeTestTask.java:139)
	at org.junit.platform.engine.support.hierarchical.ThrowableCollector.execute(ThrowableCollector.java:73)
	at org.junit.platform.engine.support.hierarchical.NodeTestTask.lambda$executeRecursively$7(NodeTestTask.java:129)
	at org.junit.platform.engine.support.hierarchical.Node.around(Node.java:137)
	at org.junit.platform.engine.support.hierarchical.NodeTestTask.lambda$executeRecursively$8(NodeTestTask.java:127)
	at org.junit.platform.engine.support.hierarchical.ThrowableCollector.execute(ThrowableCollector.java:73)
	at org.junit.platform.engine.support.hierarchical.NodeTestTask.executeRecursively(NodeTestTask.java:126)
	at org.junit.platform.engine.support.hierarchical.NodeTestTask.execute(NodeTestTask.java:84)
	at org.junit.platform.engine.support.hierarchical.SameThreadHierarchicalTestExecutorService.submit(SameThreadHierarchicalTestExecutorService.java:32)
	at org.junit.platform.engine.support.hierarchical.NodeTestTask$DefaultDynamicTestExecutor.execute(NodeTestTask.java:212)
	at org.junit.platform.engine.support.hierarchical.NodeTestTask$DefaultDynamicTestExecutor.execute(NodeTestTask.java:192)
	at org.junit.jupiter.engine.descriptor.TestTemplateTestDescriptor.execute(TestTemplateTestDescriptor.java:139)
	at org.junit.jupiter.engine.descriptor.TestTemplateTestDescriptor.lambda$execute$2(TestTemplateTestDescriptor.java:107)
	at java.base/java.util.stream.ForEachOps$ForEachOp$OfRef.accept(ForEachOps.java:184)
	at java.base/java.util.stream.ReferencePipeline$3$1.accept(ReferencePipeline.java:215)
	at java.base/java.util.stream.ReferencePipeline$2$1.accept(ReferencePipeline.java:197)
	at java.base/java.util.stream.ReferencePipeline$3$1.accept(ReferencePipeline.java:215)
	at java.base/java.util.stream.ForEachOps$ForEachOp$OfRef.accept(ForEachOps.java:184)
	at java.base/java.util.stream.ReferencePipeline$15$1.accept(ReferencePipeline.java:581)
	at java.base/java.util.stream.ReferencePipeline$3$1.accept(ReferencePipeline.java:215)
	at java.base/java.util.stream.ReferencePipeline$3$1.accept(ReferencePipeline.java:215)
	at java.base/java.util.stream.ReferencePipeline$3$1.accept(ReferencePipeline.java:215)
	at java.base/java.util.stream.ForEachOps$ForEachOp$OfRef.accept(ForEachOps.java:184)
	at java.base/java.util.stream.ReferencePipeline$3$1.accept(ReferencePipeline.java:215)
	at java.base/java.util.stream.ForEachOps$ForEachOp$OfRef.accept(ForEachOps.java:184)
	at java.base/java.util.stream.ReferencePipeline$3$1.accept(ReferencePipeline.java:215)
	at java.base/java.util.ArrayList$ArrayListSpliterator.forEachRemaining(ArrayList.java:1709)
	at java.base/java.util.stream.AbstractPipeline.copyInto(AbstractPipeline.java:570)
	at java.base/java.util.stream.AbstractPipeline.wrapAndCopyInto(AbstractPipeline.java:560)
	at java.base/java.util.stream.ForEachOps$ForEachOp.evaluateSequential(ForEachOps.java:151)
	at java.base/java.util.stream.ForEachOps$ForEachOp$OfRef.evaluateSequential(ForEachOps.java:174)
	at java.base/java.util.stream.AbstractPipeline.evaluate(AbstractPipeline.java:265)
	at java.base/java.util.stream.ReferencePipeline.forEach(ReferencePipeline.java:636)
	at java.base/java.util.stream.ReferencePipeline$7$1FlatMap.accept(ReferencePipeline.java:294)
	at java.base/java.util.stream.ReferencePipeline$3$1.accept(ReferencePipeline.java:215)
	at java.base/java.util.stream.ReferencePipeline$3$1.accept(ReferencePipeline.java:215)
	at java.base/java.util.Spliterators$ArraySpliterator.forEachRemaining(Spliterators.java:1024)
	at java.base/java.util.stream.AbstractPipeline.copyInto(AbstractPipeline.java:570)
	at java.base/java.util.stream.AbstractPipeline.wrapAndCopyInto(AbstractPipeline.java:560)
	at java.base/java.util.stream.ForEachOps$ForEachOp.evaluateSequential(ForEachOps.java:151)
	at java.base/java.util.stream.ForEachOps$ForEachOp$OfRef.evaluateSequential(ForEachOps.java:174)
	at java.base/java.util.stream.AbstractPipeline.evaluate(AbstractPipeline.java:265)
	at java.base/java.util.stream.ReferencePipeline.forEach(ReferencePipeline.java:636)
	at java.base/java.util.stream.ReferencePipeline$7$1FlatMap.accept(ReferencePipeline.java:294)
	at java.base/java.util.stream.ReferencePipeline$3$1.accept(ReferencePipeline.java:215)
	at java.base/java.util.stream.ReferencePipeline$3$1.accept(ReferencePipeline.java:215)
	at java.base/java.util.stream.ReferencePipeline$3$1.accept(ReferencePipeline.java:215)
	at java.base/java.util.ArrayList$ArrayListSpliterator.forEachRemaining(ArrayList.java:1709)
	at java.base/java.util.stream.AbstractPipeline.copyInto(AbstractPipeline.java:570)
	at java.base/java.util.stream.AbstractPipeline.wrapAndCopyInto(AbstractPipeline.java:560)
	at java.base/java.util.stream.ForEachOps$ForEachOp.evaluateSequential(ForEachOps.java:151)
	at java.base/java.util.stream.ForEachOps$ForEachOp$OfRef.evaluateSequential(ForEachOps.java:174)
	at java.base/java.util.stream.AbstractPipeline.evaluate(AbstractPipeline.java:265)
	at java.base/java.util.stream.ReferencePipeline.forEach(ReferencePipeline.java:636)
	at java.base/java.util.stream.ReferencePipeline$7$1FlatMap.accept(ReferencePipeline.java:294)
	at java.base/java.util.ArrayList$ArrayListSpliterator.forEachRemaining(ArrayList.java:1709)
	at java.base/java.util.stream.AbstractPipeline.copyInto(AbstractPipeline.java:570)
	at java.base/java.util.stream.AbstractPipeline.wrapAndCopyInto(AbstractPipeline.java:560)
	at java.base/java.util.stream.ForEachOps$ForEachOp.evaluateSequential(ForEachOps.java:151)
	at java.base/java.util.stream.ForEachOps$ForEachOp$OfRef.evaluateSequential(ForEachOps.java:174)
	at java.base/java.util.stream.AbstractPipeline.evaluate(AbstractPipeline.java:265)
	at java.base/java.util.stream.ReferencePipeline.forEach(ReferencePipeline.java:636)
	at org.junit.jupiter.engine.descriptor.TestTemplateTestDescriptor.execute(TestTemplateTestDescriptor.java:107)
	at org.junit.jupiter.engine.descriptor.TestTemplateTestDescriptor.execute(TestTemplateTestDescriptor.java:42)
	at org.junit.platform.engine.support.hierarchical.NodeTestTask.lambda$executeRecursively$5(NodeTestTask.java:139)
	at org.junit.platform.engine.support.hierarchical.ThrowableCollector.execute(ThrowableCollector.java:73)
	at org.junit.platform.engine.support.hierarchical.NodeTestTask.lambda$executeRecursively$7(NodeTestTask.java:129)
	at org.junit.platform.engine.support.hierarchical.Node.around(Node.java:137)
	at org.junit.platform.engine.support.hierarchical.NodeTestTask.lambda$executeRecursively$8(NodeTestTask.java:127)
	at org.junit.platform.engine.support.hierarchical.ThrowableCollector.execute(ThrowableCollector.java:73)
	at org.junit.platform.engine.support.hierarchical.NodeTestTask.executeRecursively(NodeTestTask.java:126)
	at org.junit.platform.engine.support.hierarchical.NodeTestTask.execute(NodeTestTask.java:84)
	at java.base/java.util.ArrayList.forEach(ArrayList.java:1597)
	at org.junit.platform.engine.support.hierarchical.SameThreadHierarchicalTestExecutorService.invokeAll(SameThreadHierarchicalTestExecutorService.java:38)
	at org.junit.platform.engine.support.hierarchical.NodeTestTask.lambda$executeRecursively$5(NodeTestTask.java:143)
	at org.junit.platform.engine.support.hierarchical.ThrowableCollector.execute(ThrowableCollector.java:73)
	at org.junit.platform.engine.support.hierarchical.NodeTestTask.lambda$executeRecursively$7(NodeTestTask.java:129)
	at org.junit.platform.engine.support.hierarchical.Node.around(Node.java:137)
	at org.junit.platform.engine.support.hierarchical.NodeTestTask.lambda$executeRecursively$8(NodeTestTask.java:127)
	at org.junit.platform.engine.support.hierarchical.ThrowableCollector.execute(ThrowableCollector.java:73)
	at org.junit.platform.engine.support.hierarchical.NodeTestTask.executeRecursively(NodeTestTask.java:126)
	at org.junit.platform.engine.support.hierarchical.NodeTestTask.execute(NodeTestTask.java:84)
	at java.base/java.util.ArrayList.forEach(ArrayList.java:1597)
	at org.junit.platform.engine.support.hierarchical.SameThreadHierarchicalTestExecutorService.invokeAll(SameThreadHierarchicalTestExecutorService.java:38)
	at org.junit.platform.engine.support.hierarchical.NodeTestTask.lambda$executeRecursively$5(NodeTestTask.java:143)
	at org.junit.platform.engine.support.hierarchical.ThrowableCollector.execute(ThrowableCollector.java:73)
	at org.junit.platform.engine.support.hierarchical.NodeTestTask.lambda$executeRecursively$7(NodeTestTask.java:129)
	at org.junit.platform.engine.support.hierarchical.Node.around(Node.java:137)
	at org.junit.platform.engine.support.hierarchical.NodeTestTask.lambda$executeRecursively$8(NodeTestTask.java:127)
	at org.junit.platform.engine.support.hierarchical.ThrowableCollector.execute(ThrowableCollector.java:73)
	at org.junit.platform.engine.support.hierarchical.NodeTestTask.executeRecursively(NodeTestTask.java:126)
	at org.junit.platform.engine.support.hierarchical.NodeTestTask.execute(NodeTestTask.java:84)
	at org.junit.platform.engine.support.hierarchical.SameThreadHierarchicalTestExecutorService.submit(SameThreadHierarchicalTestExecutorService.java:32)
	at org.junit.platform.engine.support.hierarchical.HierarchicalTestExecutor.execute(HierarchicalTestExecutor.java:57)
	at org.junit.platform.engine.support.hierarchical.HierarchicalTestEngine.execute(HierarchicalTestEngine.java:51)
	at org.junit.platform.launcher.core.EngineExecutionOrchestrator.execute(EngineExecutionOrchestrator.java:108)
	at org.junit.platform.launcher.core.EngineExecutionOrchestrator.execute(EngineExecutionOrchestrator.java:88)
	at org.junit.platform.launcher.core.EngineExecutionOrchestrator.lambda$execute$0(EngineExecutionOrchestrator.java:54)
	at org.junit.platform.launcher.core.EngineExecutionOrchestrator.withInterceptedStreams(EngineExecutionOrchestrator.java:67)
	at org.junit.platform.launcher.core.EngineExecutionOrchestrator.execute(EngineExecutionOrchestrator.java:52)
	at org.junit.platform.launcher.core.DefaultLauncher.execute(DefaultLauncher.java:96)
	at org.junit.platform.launcher.core.DefaultLauncher.execute(DefaultLauncher.java:75)
	at org.junit.platform.console.tasks.ConsoleTestExecutor.executeTests(ConsoleTestExecutor.java:66)
	at org.junit.platform.console.tasks.ConsoleTestExecutor.lambda$execute$0(ConsoleTestExecutor.java:58)
	at org.junit.platform.console.tasks.CustomContextClassLoaderExecutor.replaceThreadContextClassLoaderAndInvoke(CustomContextClassLoaderExecutor.java:41)
	at org.junit.platform.console.tasks.CustomContextClassLoaderExecutor.invoke(CustomContextClassLoaderExecutor.java:31)
	at org.junit.platform.console.tasks.ConsoleTestExecutor.execute(ConsoleTestExecutor.java:58)
	at org.junit.platform.console.ConsoleLauncher.executeTests(ConsoleLauncher.java:95)
	at org.junit.platform.console.ConsoleLauncher.execute(ConsoleLauncher.java:73)
	at org.junit.platform.console.ConsoleLauncher.execute(ConsoleLauncher.java:50)
	at org.junit.platform.console.ConsoleLauncher.execute(ConsoleLauncher.java:43)
	at org.junit.platform.console.ConsoleLauncher.main(ConsoleLauncher.java:37)
]]></skipped>
<system-out><![CDATA[
unique-id: [engine:junit-jupiter]/[class:pilesimple.test.PileIntTest]/[test-template:testPileIntIntArrayInt(%5BI, int)]/[test-template-invocation:#22]
display-name: [22] [-234217948, -2036859372, 0, 0, 0], 6
]]></system-out>
</testcase>
<testcase name="testGetNbElements(PileInt)[1]" classname="pilesimple.test.PileIntTest" time="0">
<system-out><![CDATA[
unique-id: [engine:junit-jupiter]/[class:pilesimple.test.PileIntTest]/[test-template:testGetNbElements(pilesimple.PileInt)]/[test-template-invocation:#1]
display-name: [1] PileInt(2/4):[338894473 -8872316 ]
]]></system-out>
</testcase>
<testcase name="testGetNbElements(PileInt)[2]" classname="pilesimple.test.PileIntTest" time="0">
<system-out><![CDATA[
unique-id: [engine:junit-jupiter]/[class:pilesimple.test.PileIntTest]/[test-template:testGetNbElements(pilesimple.PileInt)]/[test-template-invocation:#2]
display-name: [2] PileInt(2/10):[406853085 94227386 ]
]]></system-out>
</testcase>
<testcase name="testGetNbElements(PileInt)[3]" classname="pilesimple.test.PileIntTest" time="0">
<system-out><![CDATA[
unique-id: [engine:junit-jupiter]/[class:pilesimple.test.PileIntTest]/[test-template:testGetNbElements(pilesimple.PileInt)]/[test-template-invocation:#3]
display-name: [3] PileInt(14/21):[829174856 -560540630 1017069059 -1738412859 300209628 -188841458 -1827026023 -1500709070 -816936810 858109280 -776814606 -2070802362 -136406843 1897636588 ]
]]></system-out>
</testcase>
<testcase name="testGetNbElements(PileInt)[4]" classname="pilesimple.test.PileIntTest" time="0">
<system-out><![CDATA[
unique-id: [engine:junit-jupiter]/[class:pilesimple.test.PileIntTest]/[test-template:testGetNbElements(pilesimple.PileInt)]/[test-template-invocation:#4]
display-name: [4] PileInt(4/24):[-1489436760 -263993310 1290897763 1717230542 ]
]]></system-out>
</testcase>
<testcase name="testGetNbElements(PileInt)[5]" classname="pilesimple.test.PileIntTest" time="0">
<system-out><![CDATA[
unique-id: [engine:junit-jupiter]/[class:pilesimple.test.PileIntTest]/[test-template:testGetNbElements(pilesimple.PileInt)]/[test-template-invocation:#5]
display-name: [5] PileInt(8/10):[637862618 -1510457637 2016118339 -24306896 1280740200 0 0 0 ]
]]></system-out>
</testcase>
<testcase name="testGetNbElements(PileInt)[6]" classname="pilesimple.test.PileIntTest" time="0">
<system-out><![CDATA[
unique-id: [engine:junit-jupiter]/[class:pilesimple.test.PileIntTest]/[test-template:testGetNbElements(pilesimple.PileInt)]/[test-template-invocation:#6]
display-name: [6] PileInt(2/15):[-374846588 1048478229 ]
]]></system-out>
</testcase>
<testcase name="testGetNbElements(PileInt)[7]" classname="pilesimple.test.PileIntTest" time="0">
<system-out><![CDATA[
unique-id: [engine:junit-jupiter]/[class:pilesimple.test.PileIntTest]/[test-template:testGetNbElements(pilesimple.PileInt)]/[test-template-invocation:#7]
display-name: [7] PileInt(18/20):[1428472226 -637821803 -706447001 1150321620 864544919 0 0 0 0 0 0 0 0 0 0 0 0 0 ]
]]></system-out>
</testcase>
<testcase name="testGetNbElements(PileInt)[8]" classname="pilesimple.test.PileIntTest" time="0">
<system-out><![CDATA[
unique-id: [engine:junit-jupiter]/[class:pilesimple.test.PileIntTest]/[test-template:testGetNbElements(pilesimple.PileInt)]/[test-template-invocation:#8]
display-name: [8] PileInt(25/28):[703876638 393883502 -735980280 1592594415 1442868874 0 0 0 0 0 0 0 0 0 0 0 0 0 0 0 0 0 0 0 0 ]
]]></system-out>
</testcase>
<testcase name="testGetNbElements(PileInt)[9]" classname="pilesimple.test.PileIntTest" time="0">
<system-out><![CDATA[
unique-id: [engine:junit-jupiter]/[class:pilesimple.test.PileIntTest]/[test-template:testGetNbElements(pilesimple.PileInt)]/[test-template-invocation:#9]
display-name: [9] PileInt(0/6):[]
]]></system-out>
</testcase>
<testcase name="testGetNbElements(PileInt)[10]" classname="pilesimple.test.PileIntTest" time="0">
<system-out><![CDATA[
unique-id: [engine:junit-jupiter]/[class:pilesimple.test.PileIntTest]/[test-template:testGetNbElements(pilesimple.PileInt)]/[test-template-invocation:#10]
display-name: [10] PileInt(14/25):[-705429044 -1165162668 1915516414 1792785474 -1102370681 0 0 0 0 0 0 0 0 0 ]
]]></system-out>
</testcase>
<testcase name="testGetNbElements(PileInt)[11]" classname="pilesimple.test.PileIntTest" time="0">
<system-out><![CDATA[
unique-id: [engine:junit-jupiter]/[class:pilesimple.test.PileIntTest]/[test-template:testGetNbElements(pilesimple.PileInt)]/[test-template-invocation:#11]
display-name: [11] PileInt(4/8):[1210489329 -1943355528 2110550009 303126429 ]
]]></system-out>
</testcase>
<testcase name="testGetNbElements(PileInt)[12]" classname="pilesimple.test.PileIntTest" time="0">
<system-out><![CDATA[
unique-id: [engine:junit-jupiter]/[class:pilesimple.test.PileIntTest]/[test-template:testGetNbElements(pilesimple.PileInt)]/[test-template-invocation:#12]
display-name: [12] PileInt(7/25):[1076106784 1001106160 0 0 0 0 0 ]
]]></system-out>
</testcase>
<testcase name="testGetNbElements(PileInt)[13]" classname="pilesimple.test.PileIntTest" time="0">
<system-out><![CDATA[
unique-id: [engine:junit-jupiter]/[class:pilesimple.test.PileIntTest]/[test-template:testGetNbElements(pilesimple.PileInt)]/[test-template-invocation:#13]
display-name: [13] PileInt(5/20):[-1948372490 1175265028 1509228326 982841218 -113535506 ]
]]></system-out>
</testcase>
<testcase name="testGetNbElements(PileInt)[14]" classname="pilesimple.test.PileIntTest" time="0">
<system-out><![CDATA[
unique-id: [engine:junit-jupiter]/[class:pilesimple.test.PileIntTest]/[test-template:testGetNbElements(pilesimple.PileInt)]/[test-template-invocation:#14]
display-name: [14] PileInt(0/1):[]
]]></system-out>
</testcase>
<testcase name="testGetNbElements(PileInt)[15]" classname="pilesimple.test.PileIntTest" time="0">
<system-out><![CDATA[
unique-id: [engine:junit-jupiter]/[class:pilesimple.test.PileIntTest]/[test-template:testGetNbElements(pilesimple.PileInt)]/[test-template-invocation:#15]
display-name: [15] PileInt(8/13):[-684180429 633166819 0 0 0 0 0 0 ]
]]></system-out>
</testcase>
<testcase name="testGetNbElements(PileInt)[16]" classname="pilesimple.test.PileIntTest" time="0">
<system-out><![CDATA[
unique-id: [engine:junit-jupiter]/[class:pilesimple.test.PileIntTest]/[test-template:testGetNbElements(pilesimple.PileInt)]/[test-template-invocation:#16]
display-name: [16] PileInt(0/7):[]
]]></system-out>
</testcase>
<testcase name="testGetNbElements(PileInt)[17]" classname="pilesimple.test.PileIntTest" time="0">
<system-out><![CDATA[
unique-id: [engine:junit-jupiter]/[class:pilesimple.test.PileIntTest]/[test-template:testGetNbElements(pilesimple.PileInt)]/[test-template-invocation:#17]
display-name: [17] PileInt(15/16):[1362992196 -2080071938 1590300961 -1725722911 682324868 -1338224590 880401299 -2081234295 -561541459 0 0 0 0 0 0 ]
]]></system-out>
</testcase>
<testcase name="testGetNbElements(PileInt)[18]" classname="pilesimple.test.PileIntTest" time="0">
<system-out><![CDATA[
unique-id: [engine:junit-jupiter]/[class:pilesimple.test.PileIntTest]/[test-template:testGetNbElements(pilesimple.PileInt)]/[test-template-invocation:#18]
display-name: [18] PileInt(15/25):[-177297065 -317067174 1538678292 1459401015 764171947 -791717276 -1475135243 1373362923 104936572 1838652771 -10463901 -1839550882 1664723887 -799351692 -1803735371 ]
]]></system-out>
</testcase>
<testcase name="testGetNbElements(PileInt)[19]" classname="pilesimple.test.PileIntTest" time="0">
<system-out><![CDATA[
unique-id: [engine:junit-jupiter]/[class:pilesimple.test.PileIntTest]/[test-template:testGetNbElements(pilesimple.PileInt)]/[test-template-invocation:#19]
display-name: [19] PileInt(0/4):[]
]]></system-out>
</testcase>
<testcase name="testGetNbElements(PileInt)[20]" classname="pilesimple.test.PileIntTest" time="0">
<system-out><![CDATA[
unique-id: [engine:junit-jupiter]/[class:pilesimple.test.PileIntTest]/[test-template:testGetNbElements(pilesimple.PileInt)]/[test-template-invocation:#20]
display-name: [20] PileInt(3/5):[-234217948 -2036859372 0 ]
]]></system-out>
</testcase>
<testcase name="testHashCode(PileInt)[1]" classname="pilesimple.test.PileIntTest" time="0">
<system-out><![CDATA[
unique-id: [engine:junit-jupiter]/[class:pilesimple.test.PileIntTest]/[test-template:testHashCode(pilesimple.PileInt)]/[test-template-invocation:#1]
display-name: [1] PileInt(1/4):[338894473 ]
]]></system-out>
</testcase>
<testcase name="testHashCode(PileInt)[2]" classname="pilesimple.test.PileIntTest" time="0">
<system-out><![CDATA[
unique-id: [engine:junit-jupiter]/[class:pilesimple.test.PileIntTest]/[test-template:testHashCode(pilesimple.PileInt)]/[test-template-invocation:#2]
display-name: [2] PileInt(0/10):[]
]]></system-out>
</testcase>
<testcase name="testHashCode(PileInt)[3]" classname="pilesimple.test.PileIntTest" time="0">
<system-out><![CDATA[
unique-id: [engine:junit-jupiter]/[class:pilesimple.test.PileIntTest]/[test-template:testHashCode(pilesimple.PileInt)]/[test-template-invocation:#3]
display-name: [3] PileInt(14/21):[829174856 -560540630 1017069059 -1738412859 300209628 -188841458 -1827026023 -1500709070 -816936810 858109280 -776814606 -2070802362 -136406843 1897636588 ]
]]></system-out>
</testcase>
<testcase name="testHashCode(PileInt)[4]" classname="pilesimple.test.PileIntTest" time="0">
<system-out><![CDATA[
unique-id: [engine:junit-jupiter]/[class:pilesimple.test.PileIntTest]/[test-template:testHashCode(pilesimple.PileInt)]/[test-template-invocation:#4]
display-name: [4] PileInt(9/24):[-1489436760 -263993310 1290897763 1717230542 -2064902060 0 0 0 0 ]
]]></system-out>
</testcase>
<testcase name="testHashCode(PileInt)[5]" classname="pilesimple.test.PileIntTest" time="0">
<system-out><![CDATA[
unique-id: [engine:junit-jupiter]/[class:pilesimple.test.PileIntTest]/[test-template:testHashCode(pilesimple.PileInt)]/[test-template-invocation:#5]
display-name: [5] PileInt(8/10):[637862618 -1510457637 2016118339 -24306896 1280740200 0 0 0 ]
]]></system-out>
</testcase>
<testcase name="testHashCode(PileInt)[6]" classname="pilesimple.test.PileIntTest" time="0">
<system-out><![CDATA[
unique-id: [engine:junit-jupiter]/[class:pilesimple.test.PileIntTest]/[test-template:testHashCode(pilesimple.PileInt)]/[test-template-invocation:#6]
display-name: [6] PileInt(8/15):[-374846588 1048478229 -920801997 -771279764 -1267021193 0 0 0 ]
]]></system-out>
</testcase>
<testcase name="testHashCode(PileInt)[7]" classname="pilesimple.test.PileIntTest" time="0">
<system-out><![CDATA[
unique-id: [engine:junit-jupiter]/[class:pilesimple.test.PileIntTest]/[test-template:testHashCode(pilesimple.PileInt)]/[test-template-invocation:#7]
display-name: [7] PileInt(13/20):[1428472226 -637821803 -706447001 1150321620 864544919 0 0 0 0 0 0 0 0 ]
]]></system-out>
</testcase>
<testcase name="testHashCode(PileInt)[8]" classname="pilesimple.test.PileIntTest" time="0">
<system-out><![CDATA[
unique-id: [engine:junit-jupiter]/[class:pilesimple.test.PileIntTest]/[test-template:testHashCode(pilesimple.PileInt)]/[test-template-invocation:#8]
display-name: [8] PileInt(8/28):[703876638 393883502 -735980280 1592594415 1442868874 0 0 0 ]
]]></system-out>
</testcase>
<testcase name="testHashCode(PileInt)[9]" classname="pilesimple.test.PileIntTest" time="0">
<system-out><![CDATA[
unique-id: [engine:junit-jupiter]/[class:pilesimple.test.PileIntTest]/[test-template:testHashCode(pilesimple.PileInt)]/[test-template-invocation:#9]
display-name: [9] PileInt(5/6):[0 0 0 0 0 ]
]]></system-out>
</testcase>
<testcase name="testHashCode(PileInt)[10]" classname="pilesimple.test.PileIntTest" time="0">
<system-out><![CDATA[
unique-id: [engine:junit-jupiter]/[class:pilesimple.test.PileIntTest]/[test-template:testHashCode(pilesimple.PileInt)]/[test-template-invocation:#10]
display-name: [10] PileInt(19/25):[-705429044 -1165162668 1915516414 1792785474 -1102370681 0 0 0 0 0 0 0 0 0 0 0 0 0 0 ]
]]></system-out>
</testcase>
<testcase name="testHashCode(PileInt)[11]" classname="pilesimple.test.PileIntTest" time="0">
<system-out><![CDATA[
unique-id: [engine:junit-jupiter]/[class:pilesimple.test.PileIntTest]/[test-template:testHashCode(pilesimple.PileInt)]/[test-template-invocation:#11]
display-name: [11] PileInt(0/8):[]
]]></system-out>
</testcase>
<testcase name="testHashCode(PileInt)[12]" classname="pilesimple.test.PileIntTest" time="0">
<system-out><![CDATA[
unique-id: [engine:junit-jupiter]/[class:pilesimple.test.PileIntTest]/[test-template:testHashCode(pilesimple.PileInt)]/[test-template-invocation:#12]
display-name: [12] PileInt(4/25):[1076106784 1001106160 0 0 ]
]]></system-out>
</testcase>
<testcase name="testHashCode(PileInt)[13]" classname="pilesimple.test.PileIntTest" time="0">
<system-out><![CDATA[
unique-id: [engine:junit-jupiter]/[class:pilesimple.test.PileIntTest]/[test-template:testHashCode(pilesimple.PileInt)]/[test-template-invocation:#13]
display-name: [13] PileInt(7/20):[-1948372490 1175265028 1509228326 982841218 -113535506 -1095093150 388532020 ]
]]></system-out>
</testcase>
<testcase name="testHashCode(PileInt)[14]" classname="pilesimple.test.PileIntTest" time="0">
<system-out><![CDATA[
unique-id: [engine:junit-jupiter]/[class:pilesimple.test.PileIntTest]/[test-template:testHashCode(pilesimple.PileInt)]/[test-template-invocation:#14]
display-name: [14] PileInt(0/1):[]
]]></system-out>
</testcase>
<testcase name="testHashCode(PileInt)[15]" classname="pilesimple.test.PileIntTest" time="0">
<system-out><![CDATA[
unique-id: [engine:junit-jupiter]/[class:pilesimple.test.PileIntTest]/[test-template:testHashCode(pilesimple.PileInt)]/[test-template-invocation:#15]
display-name: [15] PileInt(3/13):[-684180429 633166819 0 ]
]]></system-out>
</testcase>
<testcase name="testHashCode(PileInt)[16]" classname="pilesimple.test.PileIntTest" time="0">
<system-out><![CDATA[
unique-id: [engine:junit-jupiter]/[class:pilesimple.test.PileIntTest]/[test-template:testHashCode(pilesimple.PileInt)]/[test-template-invocation:#16]
display-name: [16] PileInt(6/7):[-1274647728 1596499529 -463382582 0 0 0 ]
]]></system-out>
</testcase>
<testcase name="testHashCode(PileInt)[17]" classname="pilesimple.test.PileIntTest" time="0">
<system-out><![CDATA[
unique-id: [engine:junit-jupiter]/[class:pilesimple.test.PileIntTest]/[test-template:testHashCode(pilesimple.PileInt)]/[test-template-invocation:#17]
display-name: [17] PileInt(12/16):[1362992196 -2080071938 1590300961 -1725722911 682324868 -1338224590 880401299 -2081234295 -561541459 0 0 0 ]
]]></system-out>
</testcase>
<testcase name="testHashCode(PileInt)[18]" classname="pilesimple.test.PileIntTest" time="0">
<system-out><![CDATA[
unique-id: [engine:junit-jupiter]/[class:pilesimple.test.PileIntTest]/[test-template:testHashCode(pilesimple.PileInt)]/[test-template-invocation:#18]
display-name: [18] PileInt(4/25):[-177297065 -317067174 1538678292 1459401015 ]
]]></system-out>
</testcase>
<testcase name="testHashCode(PileInt)[19]" classname="pilesimple.test.PileIntTest" time="0">
<system-out><![CDATA[
unique-id: [engine:junit-jupiter]/[class:pilesimple.test.PileIntTest]/[test-template:testHashCode(pilesimple.PileInt)]/[test-template-invocation:#19]
display-name: [19] PileInt(0/4):[]
]]></system-out>
</testcase>
<testcase name="testHashCode(PileInt)[20]" classname="pilesimple.test.PileIntTest" time="0">
<system-out><![CDATA[
unique-id: [engine:junit-jupiter]/[class:pilesimple.test.PileIntTest]/[test-template:testHashCode(pilesimple.PileInt)]/[test-template-invocation:#20]
display-name: [20] PileInt(1/5):[-234217948 ]
]]></system-out>
</testcase>
<testcase name="testDepiler(PileInt)[1]" classname="pilesimple.test.PileIntTest" time="0">
<failure message="expected: &lt;0&gt; but was: &lt;1&gt;" type="org.opentest4j.AssertionFailedError"><![CDATA[org.opentest4j.AssertionFailedError: expected: <0> but was: <1>
	at org.junit.jupiter.api.AssertionUtils.fail(AssertionUtils.java:55)
	at org.junit.jupiter.api.AssertionUtils.failNotEqual(AssertionUtils.java:62)
	at org.junit.jupiter.api.AssertEquals.assertEquals(AssertEquals.java:150)
	at org.junit.jupiter.api.AssertEquals.assertEquals(AssertEquals.java:145)
	at org.junit.jupiter.api.Assertions.assertEquals(Assertions.java:510)
	at pilesimple.test.PileIntTest.testDepiler(PileIntTest.java:363)
	at java.base/jdk.internal.reflect.DirectMethodHandleAccessor.invoke(DirectMethodHandleAccessor.java:103)
	at java.base/java.lang.reflect.Method.invoke(Method.java:580)
	at org.junit.platform.commons.util.ReflectionUtils.invokeMethod(ReflectionUtils.java:688)
	at org.junit.jupiter.engine.execution.MethodInvocation.proceed(MethodInvocation.java:60)
	at org.junit.jupiter.engine.execution.InvocationInterceptorChain$ValidatingInvocation.proceed(InvocationInterceptorChain.java:131)
	at org.junit.jupiter.engine.extension.TimeoutExtension.intercept(TimeoutExtension.java:149)
	at org.junit.jupiter.engine.extension.TimeoutExtension.interceptTestableMethod(TimeoutExtension.java:140)
	at org.junit.jupiter.engine.extension.TimeoutExtension.interceptTestTemplateMethod(TimeoutExtension.java:92)
	at org.junit.jupiter.engine.execution.ExecutableInvoker$ReflectiveInterceptorCall.lambda$ofVoidMethod$0(ExecutableInvoker.java:115)
	at org.junit.jupiter.engine.execution.ExecutableInvoker.lambda$invoke$0(ExecutableInvoker.java:105)
	at org.junit.jupiter.engine.execution.InvocationInterceptorChain$InterceptedInvocation.proceed(InvocationInterceptorChain.java:106)
	at org.junit.jupiter.engine.execution.InvocationInterceptorChain.proceed(InvocationInterceptorChain.java:64)
	at org.junit.jupiter.engine.execution.InvocationInterceptorChain.chainAndInvoke(InvocationInterceptorChain.java:45)
	at org.junit.jupiter.engine.execution.InvocationInterceptorChain.invoke(InvocationInterceptorChain.java:37)
	at org.junit.jupiter.engine.execution.ExecutableInvoker.invoke(ExecutableInvoker.java:104)
	at org.junit.jupiter.engine.execution.ExecutableInvoker.invoke(ExecutableInvoker.java:98)
	at org.junit.jupiter.engine.descriptor.TestMethodTestDescriptor.lambda$invokeTestMethod$6(TestMethodTestDescriptor.java:210)
	at org.junit.platform.engine.support.hierarchical.ThrowableCollector.execute(ThrowableCollector.java:73)
	at org.junit.jupiter.engine.descriptor.TestMethodTestDescriptor.invokeTestMethod(TestMethodTestDescriptor.java:206)
	at org.junit.jupiter.engine.descriptor.TestMethodTestDescriptor.execute(TestMethodTestDescriptor.java:131)
	at org.junit.jupiter.engine.descriptor.TestMethodTestDescriptor.execute(TestMethodTestDescriptor.java:65)
	at org.junit.platform.engine.support.hierarchical.NodeTestTask.lambda$executeRecursively$5(NodeTestTask.java:139)
	at org.junit.platform.engine.support.hierarchical.ThrowableCollector.execute(ThrowableCollector.java:73)
	at org.junit.platform.engine.support.hierarchical.NodeTestTask.lambda$executeRecursively$7(NodeTestTask.java:129)
	at org.junit.platform.engine.support.hierarchical.Node.around(Node.java:137)
	at org.junit.platform.engine.support.hierarchical.NodeTestTask.lambda$executeRecursively$8(NodeTestTask.java:127)
	at org.junit.platform.engine.support.hierarchical.ThrowableCollector.execute(ThrowableCollector.java:73)
	at org.junit.platform.engine.support.hierarchical.NodeTestTask.executeRecursively(NodeTestTask.java:126)
	at org.junit.platform.engine.support.hierarchical.NodeTestTask.execute(NodeTestTask.java:84)
	at org.junit.platform.engine.support.hierarchical.SameThreadHierarchicalTestExecutorService.submit(SameThreadHierarchicalTestExecutorService.java:32)
	at org.junit.platform.engine.support.hierarchical.NodeTestTask$DefaultDynamicTestExecutor.execute(NodeTestTask.java:212)
	at org.junit.platform.engine.support.hierarchical.NodeTestTask$DefaultDynamicTestExecutor.execute(NodeTestTask.java:192)
	at org.junit.jupiter.engine.descriptor.TestTemplateTestDescriptor.execute(TestTemplateTestDescriptor.java:139)
	at org.junit.jupiter.engine.descriptor.TestTemplateTestDescriptor.lambda$execute$2(TestTemplateTestDescriptor.java:107)
	at java.base/java.util.stream.ForEachOps$ForEachOp$OfRef.accept(ForEachOps.java:184)
	at java.base/java.util.stream.ReferencePipeline$3$1.accept(ReferencePipeline.java:215)
	at java.base/java.util.stream.ReferencePipeline$2$1.accept(ReferencePipeline.java:197)
	at java.base/java.util.stream.ReferencePipeline$3$1.accept(ReferencePipeline.java:215)
	at java.base/java.util.stream.ForEachOps$ForEachOp$OfRef.accept(ForEachOps.java:184)
	at java.base/java.util.stream.ReferencePipeline$15$1.accept(ReferencePipeline.java:581)
	at java.base/java.util.stream.ReferencePipeline$3$1.accept(ReferencePipeline.java:215)
	at java.base/java.util.stream.ReferencePipeline$3$1.accept(ReferencePipeline.java:215)
	at java.base/java.util.stream.ReferencePipeline$3$1.accept(ReferencePipeline.java:215)
	at java.base/java.util.stream.ForEachOps$ForEachOp$OfRef.accept(ForEachOps.java:184)
	at java.base/java.util.stream.ReferencePipeline$3$1.accept(ReferencePipeline.java:215)
	at java.base/java.util.stream.ForEachOps$ForEachOp$OfRef.accept(ForEachOps.java:184)
	at java.base/java.util.stream.ReferencePipeline$3$1.accept(ReferencePipeline.java:215)
	at java.base/java.util.stream.ReferencePipeline$2$1.accept(ReferencePipeline.java:197)
	at java.base/java.util.ArrayList$ArrayListSpliterator.forEachRemaining(ArrayList.java:1709)
	at java.base/java.util.stream.AbstractPipeline.copyInto(AbstractPipeline.java:570)
	at java.base/java.util.stream.AbstractPipeline.wrapAndCopyInto(AbstractPipeline.java:560)
	at java.base/java.util.stream.ForEachOps$ForEachOp.evaluateSequential(ForEachOps.java:151)
	at java.base/java.util.stream.ForEachOps$ForEachOp$OfRef.evaluateSequential(ForEachOps.java:174)
	at java.base/java.util.stream.AbstractPipeline.evaluate(AbstractPipeline.java:265)
	at java.base/java.util.stream.ReferencePipeline.forEach(ReferencePipeline.java:636)
	at java.base/java.util.stream.ReferencePipeline$7$1FlatMap.accept(ReferencePipeline.java:294)
	at java.base/java.util.stream.ReferencePipeline$3$1.accept(ReferencePipeline.java:215)
	at java.base/java.util.stream.ReferencePipeline$3$1.accept(ReferencePipeline.java:215)
	at java.base/java.util.Spliterators$ArraySpliterator.forEachRemaining(Spliterators.java:1024)
	at java.base/java.util.stream.AbstractPipeline.copyInto(AbstractPipeline.java:570)
	at java.base/java.util.stream.AbstractPipeline.wrapAndCopyInto(AbstractPipeline.java:560)
	at java.base/java.util.stream.ForEachOps$ForEachOp.evaluateSequential(ForEachOps.java:151)
	at java.base/java.util.stream.ForEachOps$ForEachOp$OfRef.evaluateSequential(ForEachOps.java:174)
	at java.base/java.util.stream.AbstractPipeline.evaluate(AbstractPipeline.java:265)
	at java.base/java.util.stream.ReferencePipeline.forEach(ReferencePipeline.java:636)
	at java.base/java.util.stream.ReferencePipeline$7$1FlatMap.accept(ReferencePipeline.java:294)
	at java.base/java.util.stream.ReferencePipeline$3$1.accept(ReferencePipeline.java:215)
	at java.base/java.util.stream.ReferencePipeline$3$1.accept(ReferencePipeline.java:215)
	at java.base/java.util.stream.ReferencePipeline$3$1.accept(ReferencePipeline.java:215)
	at java.base/java.util.ArrayList$ArrayListSpliterator.forEachRemaining(ArrayList.java:1709)
	at java.base/java.util.stream.AbstractPipeline.copyInto(AbstractPipeline.java:570)
	at java.base/java.util.stream.AbstractPipeline.wrapAndCopyInto(AbstractPipeline.java:560)
	at java.base/java.util.stream.ForEachOps$ForEachOp.evaluateSequential(ForEachOps.java:151)
	at java.base/java.util.stream.ForEachOps$ForEachOp$OfRef.evaluateSequential(ForEachOps.java:174)
	at java.base/java.util.stream.AbstractPipeline.evaluate(AbstractPipeline.java:265)
	at java.base/java.util.stream.ReferencePipeline.forEach(ReferencePipeline.java:636)
	at java.base/java.util.stream.ReferencePipeline$7$1FlatMap.accept(ReferencePipeline.java:294)
	at java.base/java.util.ArrayList$ArrayListSpliterator.forEachRemaining(ArrayList.java:1709)
	at java.base/java.util.stream.AbstractPipeline.copyInto(AbstractPipeline.java:570)
	at java.base/java.util.stream.AbstractPipeline.wrapAndCopyInto(AbstractPipeline.java:560)
	at java.base/java.util.stream.ForEachOps$ForEachOp.evaluateSequential(ForEachOps.java:151)
	at java.base/java.util.stream.ForEachOps$ForEachOp$OfRef.evaluateSequential(ForEachOps.java:174)
	at java.base/java.util.stream.AbstractPipeline.evaluate(AbstractPipeline.java:265)
	at java.base/java.util.stream.ReferencePipeline.forEach(ReferencePipeline.java:636)
	at org.junit.jupiter.engine.descriptor.TestTemplateTestDescriptor.execute(TestTemplateTestDescriptor.java:107)
	at org.junit.jupiter.engine.descriptor.TestTemplateTestDescriptor.execute(TestTemplateTestDescriptor.java:42)
	at org.junit.platform.engine.support.hierarchical.NodeTestTask.lambda$executeRecursively$5(NodeTestTask.java:139)
	at org.junit.platform.engine.support.hierarchical.ThrowableCollector.execute(ThrowableCollector.java:73)
	at org.junit.platform.engine.support.hierarchical.NodeTestTask.lambda$executeRecursively$7(NodeTestTask.java:129)
	at org.junit.platform.engine.support.hierarchical.Node.around(Node.java:137)
	at org.junit.platform.engine.support.hierarchical.NodeTestTask.lambda$executeRecursively$8(NodeTestTask.java:127)
	at org.junit.platform.engine.support.hierarchical.ThrowableCollector.execute(ThrowableCollector.java:73)
	at org.junit.platform.engine.support.hierarchical.NodeTestTask.executeRecursively(NodeTestTask.java:126)
	at org.junit.platform.engine.support.hierarchical.NodeTestTask.execute(NodeTestTask.java:84)
	at java.base/java.util.ArrayList.forEach(ArrayList.java:1597)
	at org.junit.platform.engine.support.hierarchical.SameThreadHierarchicalTestExecutorService.invokeAll(SameThreadHierarchicalTestExecutorService.java:38)
	at org.junit.platform.engine.support.hierarchical.NodeTestTask.lambda$executeRecursively$5(NodeTestTask.java:143)
	at org.junit.platform.engine.support.hierarchical.ThrowableCollector.execute(ThrowableCollector.java:73)
	at org.junit.platform.engine.support.hierarchical.NodeTestTask.lambda$executeRecursively$7(NodeTestTask.java:129)
	at org.junit.platform.engine.support.hierarchical.Node.around(Node.java:137)
	at org.junit.platform.engine.support.hierarchical.NodeTestTask.lambda$executeRecursively$8(NodeTestTask.java:127)
	at org.junit.platform.engine.support.hierarchical.ThrowableCollector.execute(ThrowableCollector.java:73)
	at org.junit.platform.engine.support.hierarchical.NodeTestTask.executeRecursively(NodeTestTask.java:126)
	at org.junit.platform.engine.support.hierarchical.NodeTestTask.execute(NodeTestTask.java:84)
	at java.base/java.util.ArrayList.forEach(ArrayList.java:1597)
	at org.junit.platform.engine.support.hierarchical.SameThreadHierarchicalTestExecutorService.invokeAll(SameThreadHierarchicalTestExecutorService.java:38)
	at org.junit.platform.engine.support.hierarchical.NodeTestTask.lambda$executeRecursively$5(NodeTestTask.java:143)
	at org.junit.platform.engine.support.hierarchical.ThrowableCollector.execute(ThrowableCollector.java:73)
	at org.junit.platform.engine.support.hierarchical.NodeTestTask.lambda$executeRecursively$7(NodeTestTask.java:129)
	at org.junit.platform.engine.support.hierarchical.Node.around(Node.java:137)
	at org.junit.platform.engine.support.hierarchical.NodeTestTask.lambda$executeRecursively$8(NodeTestTask.java:127)
	at org.junit.platform.engine.support.hierarchical.ThrowableCollector.execute(ThrowableCollector.java:73)
	at org.junit.platform.engine.support.hierarchical.NodeTestTask.executeRecursively(NodeTestTask.java:126)
	at org.junit.platform.engine.support.hierarchical.NodeTestTask.execute(NodeTestTask.java:84)
	at org.junit.platform.engine.support.hierarchical.SameThreadHierarchicalTestExecutorService.submit(SameThreadHierarchicalTestExecutorService.java:32)
	at org.junit.platform.engine.support.hierarchical.HierarchicalTestExecutor.execute(HierarchicalTestExecutor.java:57)
	at org.junit.platform.engine.support.hierarchical.HierarchicalTestEngine.execute(HierarchicalTestEngine.java:51)
	at org.junit.platform.launcher.core.EngineExecutionOrchestrator.execute(EngineExecutionOrchestrator.java:108)
	at org.junit.platform.launcher.core.EngineExecutionOrchestrator.execute(EngineExecutionOrchestrator.java:88)
	at org.junit.platform.launcher.core.EngineExecutionOrchestrator.lambda$execute$0(EngineExecutionOrchestrator.java:54)
	at org.junit.platform.launcher.core.EngineExecutionOrchestrator.withInterceptedStreams(EngineExecutionOrchestrator.java:67)
	at org.junit.platform.launcher.core.EngineExecutionOrchestrator.execute(EngineExecutionOrchestrator.java:52)
	at org.junit.platform.launcher.core.DefaultLauncher.execute(DefaultLauncher.java:96)
	at org.junit.platform.launcher.core.DefaultLauncher.execute(DefaultLauncher.java:75)
	at org.junit.platform.console.tasks.ConsoleTestExecutor.executeTests(ConsoleTestExecutor.java:66)
	at org.junit.platform.console.tasks.ConsoleTestExecutor.lambda$execute$0(ConsoleTestExecutor.java:58)
	at org.junit.platform.console.tasks.CustomContextClassLoaderExecutor.replaceThreadContextClassLoaderAndInvoke(CustomContextClassLoaderExecutor.java:41)
	at org.junit.platform.console.tasks.CustomContextClassLoaderExecutor.invoke(CustomContextClassLoaderExecutor.java:31)
	at org.junit.platform.console.tasks.ConsoleTestExecutor.execute(ConsoleTestExecutor.java:58)
	at org.junit.platform.console.ConsoleLauncher.executeTests(ConsoleLauncher.java:95)
	at org.junit.platform.console.ConsoleLauncher.execute(ConsoleLauncher.java:73)
	at org.junit.platform.console.ConsoleLauncher.execute(ConsoleLauncher.java:50)
	at org.junit.platform.console.ConsoleLauncher.execute(ConsoleLauncher.java:43)
	at org.junit.platform.console.ConsoleLauncher.main(ConsoleLauncher.java:37)
]]></failure>
<system-out><![CDATA[
unique-id: [engine:junit-jupiter]/[class:pilesimple.test.PileIntTest]/[test-template:testDepiler(pilesimple.PileInt)]/[test-template-invocation:#1]
display-name: [1] PileInt(2/4):[338894473 -8872316 ]
]]></system-out>
</testcase>
<testcase name="testDepiler(PileInt)[2]" classname="pilesimple.test.PileIntTest" time="0">
<failure message="expected: &lt;7&gt; but was: &lt;8&gt;" type="org.opentest4j.AssertionFailedError"><![CDATA[org.opentest4j.AssertionFailedError: expected: <7> but was: <8>
	at org.junit.jupiter.api.AssertionUtils.fail(AssertionUtils.java:55)
	at org.junit.jupiter.api.AssertionUtils.failNotEqual(AssertionUtils.java:62)
	at org.junit.jupiter.api.AssertEquals.assertEquals(AssertEquals.java:150)
	at org.junit.jupiter.api.AssertEquals.assertEquals(AssertEquals.java:145)
	at org.junit.jupiter.api.Assertions.assertEquals(Assertions.java:510)
	at pilesimple.test.PileIntTest.testDepiler(PileIntTest.java:363)
	at java.base/jdk.internal.reflect.DirectMethodHandleAccessor.invoke(DirectMethodHandleAccessor.java:103)
	at java.base/java.lang.reflect.Method.invoke(Method.java:580)
	at org.junit.platform.commons.util.ReflectionUtils.invokeMethod(ReflectionUtils.java:688)
	at org.junit.jupiter.engine.execution.MethodInvocation.proceed(MethodInvocation.java:60)
	at org.junit.jupiter.engine.execution.InvocationInterceptorChain$ValidatingInvocation.proceed(InvocationInterceptorChain.java:131)
	at org.junit.jupiter.engine.extension.TimeoutExtension.intercept(TimeoutExtension.java:149)
	at org.junit.jupiter.engine.extension.TimeoutExtension.interceptTestableMethod(TimeoutExtension.java:140)
	at org.junit.jupiter.engine.extension.TimeoutExtension.interceptTestTemplateMethod(TimeoutExtension.java:92)
	at org.junit.jupiter.engine.execution.ExecutableInvoker$ReflectiveInterceptorCall.lambda$ofVoidMethod$0(ExecutableInvoker.java:115)
	at org.junit.jupiter.engine.execution.ExecutableInvoker.lambda$invoke$0(ExecutableInvoker.java:105)
	at org.junit.jupiter.engine.execution.InvocationInterceptorChain$InterceptedInvocation.proceed(InvocationInterceptorChain.java:106)
	at org.junit.jupiter.engine.execution.InvocationInterceptorChain.proceed(InvocationInterceptorChain.java:64)
	at org.junit.jupiter.engine.execution.InvocationInterceptorChain.chainAndInvoke(InvocationInterceptorChain.java:45)
	at org.junit.jupiter.engine.execution.InvocationInterceptorChain.invoke(InvocationInterceptorChain.java:37)
	at org.junit.jupiter.engine.execution.ExecutableInvoker.invoke(ExecutableInvoker.java:104)
	at org.junit.jupiter.engine.execution.ExecutableInvoker.invoke(ExecutableInvoker.java:98)
	at org.junit.jupiter.engine.descriptor.TestMethodTestDescriptor.lambda$invokeTestMethod$6(TestMethodTestDescriptor.java:210)
	at org.junit.platform.engine.support.hierarchical.ThrowableCollector.execute(ThrowableCollector.java:73)
	at org.junit.jupiter.engine.descriptor.TestMethodTestDescriptor.invokeTestMethod(TestMethodTestDescriptor.java:206)
	at org.junit.jupiter.engine.descriptor.TestMethodTestDescriptor.execute(TestMethodTestDescriptor.java:131)
	at org.junit.jupiter.engine.descriptor.TestMethodTestDescriptor.execute(TestMethodTestDescriptor.java:65)
	at org.junit.platform.engine.support.hierarchical.NodeTestTask.lambda$executeRecursively$5(NodeTestTask.java:139)
	at org.junit.platform.engine.support.hierarchical.ThrowableCollector.execute(ThrowableCollector.java:73)
	at org.junit.platform.engine.support.hierarchical.NodeTestTask.lambda$executeRecursively$7(NodeTestTask.java:129)
	at org.junit.platform.engine.support.hierarchical.Node.around(Node.java:137)
	at org.junit.platform.engine.support.hierarchical.NodeTestTask.lambda$executeRecursively$8(NodeTestTask.java:127)
	at org.junit.platform.engine.support.hierarchical.ThrowableCollector.execute(ThrowableCollector.java:73)
	at org.junit.platform.engine.support.hierarchical.NodeTestTask.executeRecursively(NodeTestTask.java:126)
	at org.junit.platform.engine.support.hierarchical.NodeTestTask.execute(NodeTestTask.java:84)
	at org.junit.platform.engine.support.hierarchical.SameThreadHierarchicalTestExecutorService.submit(SameThreadHierarchicalTestExecutorService.java:32)
	at org.junit.platform.engine.support.hierarchical.NodeTestTask$DefaultDynamicTestExecutor.execute(NodeTestTask.java:212)
	at org.junit.platform.engine.support.hierarchical.NodeTestTask$DefaultDynamicTestExecutor.execute(NodeTestTask.java:192)
	at org.junit.jupiter.engine.descriptor.TestTemplateTestDescriptor.execute(TestTemplateTestDescriptor.java:139)
	at org.junit.jupiter.engine.descriptor.TestTemplateTestDescriptor.lambda$execute$2(TestTemplateTestDescriptor.java:107)
	at java.base/java.util.stream.ForEachOps$ForEachOp$OfRef.accept(ForEachOps.java:184)
	at java.base/java.util.stream.ReferencePipeline$3$1.accept(ReferencePipeline.java:215)
	at java.base/java.util.stream.ReferencePipeline$2$1.accept(ReferencePipeline.java:197)
	at java.base/java.util.stream.ReferencePipeline$3$1.accept(ReferencePipeline.java:215)
	at java.base/java.util.stream.ForEachOps$ForEachOp$OfRef.accept(ForEachOps.java:184)
	at java.base/java.util.stream.ReferencePipeline$15$1.accept(ReferencePipeline.java:581)
	at java.base/java.util.stream.ReferencePipeline$3$1.accept(ReferencePipeline.java:215)
	at java.base/java.util.stream.ReferencePipeline$3$1.accept(ReferencePipeline.java:215)
	at java.base/java.util.stream.ReferencePipeline$3$1.accept(ReferencePipeline.java:215)
	at java.base/java.util.stream.ForEachOps$ForEachOp$OfRef.accept(ForEachOps.java:184)
	at java.base/java.util.stream.ReferencePipeline$3$1.accept(ReferencePipeline.java:215)
	at java.base/java.util.stream.ForEachOps$ForEachOp$OfRef.accept(ForEachOps.java:184)
	at java.base/java.util.stream.ReferencePipeline$3$1.accept(ReferencePipeline.java:215)
	at java.base/java.util.stream.ReferencePipeline$2$1.accept(ReferencePipeline.java:197)
	at java.base/java.util.ArrayList$ArrayListSpliterator.forEachRemaining(ArrayList.java:1709)
	at java.base/java.util.stream.AbstractPipeline.copyInto(AbstractPipeline.java:570)
	at java.base/java.util.stream.AbstractPipeline.wrapAndCopyInto(AbstractPipeline.java:560)
	at java.base/java.util.stream.ForEachOps$ForEachOp.evaluateSequential(ForEachOps.java:151)
	at java.base/java.util.stream.ForEachOps$ForEachOp$OfRef.evaluateSequential(ForEachOps.java:174)
	at java.base/java.util.stream.AbstractPipeline.evaluate(AbstractPipeline.java:265)
	at java.base/java.util.stream.ReferencePipeline.forEach(ReferencePipeline.java:636)
	at java.base/java.util.stream.ReferencePipeline$7$1FlatMap.accept(ReferencePipeline.java:294)
	at java.base/java.util.stream.ReferencePipeline$3$1.accept(ReferencePipeline.java:215)
	at java.base/java.util.stream.ReferencePipeline$3$1.accept(ReferencePipeline.java:215)
	at java.base/java.util.Spliterators$ArraySpliterator.forEachRemaining(Spliterators.java:1024)
	at java.base/java.util.stream.AbstractPipeline.copyInto(AbstractPipeline.java:570)
	at java.base/java.util.stream.AbstractPipeline.wrapAndCopyInto(AbstractPipeline.java:560)
	at java.base/java.util.stream.ForEachOps$ForEachOp.evaluateSequential(ForEachOps.java:151)
	at java.base/java.util.stream.ForEachOps$ForEachOp$OfRef.evaluateSequential(ForEachOps.java:174)
	at java.base/java.util.stream.AbstractPipeline.evaluate(AbstractPipeline.java:265)
	at java.base/java.util.stream.ReferencePipeline.forEach(ReferencePipeline.java:636)
	at java.base/java.util.stream.ReferencePipeline$7$1FlatMap.accept(ReferencePipeline.java:294)
	at java.base/java.util.stream.ReferencePipeline$3$1.accept(ReferencePipeline.java:215)
	at java.base/java.util.stream.ReferencePipeline$3$1.accept(ReferencePipeline.java:215)
	at java.base/java.util.stream.ReferencePipeline$3$1.accept(ReferencePipeline.java:215)
	at java.base/java.util.ArrayList$ArrayListSpliterator.forEachRemaining(ArrayList.java:1709)
	at java.base/java.util.stream.AbstractPipeline.copyInto(AbstractPipeline.java:570)
	at java.base/java.util.stream.AbstractPipeline.wrapAndCopyInto(AbstractPipeline.java:560)
	at java.base/java.util.stream.ForEachOps$ForEachOp.evaluateSequential(ForEachOps.java:151)
	at java.base/java.util.stream.ForEachOps$ForEachOp$OfRef.evaluateSequential(ForEachOps.java:174)
	at java.base/java.util.stream.AbstractPipeline.evaluate(AbstractPipeline.java:265)
	at java.base/java.util.stream.ReferencePipeline.forEach(ReferencePipeline.java:636)
	at java.base/java.util.stream.ReferencePipeline$7$1FlatMap.accept(ReferencePipeline.java:294)
	at java.base/java.util.ArrayList$ArrayListSpliterator.forEachRemaining(ArrayList.java:1709)
	at java.base/java.util.stream.AbstractPipeline.copyInto(AbstractPipeline.java:570)
	at java.base/java.util.stream.AbstractPipeline.wrapAndCopyInto(AbstractPipeline.java:560)
	at java.base/java.util.stream.ForEachOps$ForEachOp.evaluateSequential(ForEachOps.java:151)
	at java.base/java.util.stream.ForEachOps$ForEachOp$OfRef.evaluateSequential(ForEachOps.java:174)
	at java.base/java.util.stream.AbstractPipeline.evaluate(AbstractPipeline.java:265)
	at java.base/java.util.stream.ReferencePipeline.forEach(ReferencePipeline.java:636)
	at org.junit.jupiter.engine.descriptor.TestTemplateTestDescriptor.execute(TestTemplateTestDescriptor.java:107)
	at org.junit.jupiter.engine.descriptor.TestTemplateTestDescriptor.execute(TestTemplateTestDescriptor.java:42)
	at org.junit.platform.engine.support.hierarchical.NodeTestTask.lambda$executeRecursively$5(NodeTestTask.java:139)
	at org.junit.platform.engine.support.hierarchical.ThrowableCollector.execute(ThrowableCollector.java:73)
	at org.junit.platform.engine.support.hierarchical.NodeTestTask.lambda$executeRecursively$7(NodeTestTask.java:129)
	at org.junit.platform.engine.support.hierarchical.Node.around(Node.java:137)
	at org.junit.platform.engine.support.hierarchical.NodeTestTask.lambda$executeRecursively$8(NodeTestTask.java:127)
	at org.junit.platform.engine.support.hierarchical.ThrowableCollector.execute(ThrowableCollector.java:73)
	at org.junit.platform.engine.support.hierarchical.NodeTestTask.executeRecursively(NodeTestTask.java:126)
	at org.junit.platform.engine.support.hierarchical.NodeTestTask.execute(NodeTestTask.java:84)
	at java.base/java.util.ArrayList.forEach(ArrayList.java:1597)
	at org.junit.platform.engine.support.hierarchical.SameThreadHierarchicalTestExecutorService.invokeAll(SameThreadHierarchicalTestExecutorService.java:38)
	at org.junit.platform.engine.support.hierarchical.NodeTestTask.lambda$executeRecursively$5(NodeTestTask.java:143)
	at org.junit.platform.engine.support.hierarchical.ThrowableCollector.execute(ThrowableCollector.java:73)
	at org.junit.platform.engine.support.hierarchical.NodeTestTask.lambda$executeRecursively$7(NodeTestTask.java:129)
	at org.junit.platform.engine.support.hierarchical.Node.around(Node.java:137)
	at org.junit.platform.engine.support.hierarchical.NodeTestTask.lambda$executeRecursively$8(NodeTestTask.java:127)
	at org.junit.platform.engine.support.hierarchical.ThrowableCollector.execute(ThrowableCollector.java:73)
	at org.junit.platform.engine.support.hierarchical.NodeTestTask.executeRecursively(NodeTestTask.java:126)
	at org.junit.platform.engine.support.hierarchical.NodeTestTask.execute(NodeTestTask.java:84)
	at java.base/java.util.ArrayList.forEach(ArrayList.java:1597)
	at org.junit.platform.engine.support.hierarchical.SameThreadHierarchicalTestExecutorService.invokeAll(SameThreadHierarchicalTestExecutorService.java:38)
	at org.junit.platform.engine.support.hierarchical.NodeTestTask.lambda$executeRecursively$5(NodeTestTask.java:143)
	at org.junit.platform.engine.support.hierarchical.ThrowableCollector.execute(ThrowableCollector.java:73)
	at org.junit.platform.engine.support.hierarchical.NodeTestTask.lambda$executeRecursively$7(NodeTestTask.java:129)
	at org.junit.platform.engine.support.hierarchical.Node.around(Node.java:137)
	at org.junit.platform.engine.support.hierarchical.NodeTestTask.lambda$executeRecursively$8(NodeTestTask.java:127)
	at org.junit.platform.engine.support.hierarchical.ThrowableCollector.execute(ThrowableCollector.java:73)
	at org.junit.platform.engine.support.hierarchical.NodeTestTask.executeRecursively(NodeTestTask.java:126)
	at org.junit.platform.engine.support.hierarchical.NodeTestTask.execute(NodeTestTask.java:84)
	at org.junit.platform.engine.support.hierarchical.SameThreadHierarchicalTestExecutorService.submit(SameThreadHierarchicalTestExecutorService.java:32)
	at org.junit.platform.engine.support.hierarchical.HierarchicalTestExecutor.execute(HierarchicalTestExecutor.java:57)
	at org.junit.platform.engine.support.hierarchical.HierarchicalTestEngine.execute(HierarchicalTestEngine.java:51)
	at org.junit.platform.launcher.core.EngineExecutionOrchestrator.execute(EngineExecutionOrchestrator.java:108)
	at org.junit.platform.launcher.core.EngineExecutionOrchestrator.execute(EngineExecutionOrchestrator.java:88)
	at org.junit.platform.launcher.core.EngineExecutionOrchestrator.lambda$execute$0(EngineExecutionOrchestrator.java:54)
	at org.junit.platform.launcher.core.EngineExecutionOrchestrator.withInterceptedStreams(EngineExecutionOrchestrator.java:67)
	at org.junit.platform.launcher.core.EngineExecutionOrchestrator.execute(EngineExecutionOrchestrator.java:52)
	at org.junit.platform.launcher.core.DefaultLauncher.execute(DefaultLauncher.java:96)
	at org.junit.platform.launcher.core.DefaultLauncher.execute(DefaultLauncher.java:75)
	at org.junit.platform.console.tasks.ConsoleTestExecutor.executeTests(ConsoleTestExecutor.java:66)
	at org.junit.platform.console.tasks.ConsoleTestExecutor.lambda$execute$0(ConsoleTestExecutor.java:58)
	at org.junit.platform.console.tasks.CustomContextClassLoaderExecutor.replaceThreadContextClassLoaderAndInvoke(CustomContextClassLoaderExecutor.java:41)
	at org.junit.platform.console.tasks.CustomContextClassLoaderExecutor.invoke(CustomContextClassLoaderExecutor.java:31)
	at org.junit.platform.console.tasks.ConsoleTestExecutor.execute(ConsoleTestExecutor.java:58)
	at org.junit.platform.console.ConsoleLauncher.executeTests(ConsoleLauncher.java:95)
	at org.junit.platform.console.ConsoleLauncher.execute(ConsoleLauncher.java:73)
	at org.junit.platform.console.ConsoleLauncher.execute(ConsoleLauncher.java:50)
	at org.junit.platform.console.ConsoleLauncher.execute(ConsoleLauncher.java:43)
	at org.junit.platform.console.ConsoleLauncher.main(ConsoleLauncher.java:37)
]]></failure>
<system-out><![CDATA[
unique-id: [engine:junit-jupiter]/[class:pilesimple.test.PileIntTest]/[test-template:testDepiler(pilesimple.PileInt)]/[test-template-invocation:#2]
display-name: [2] PileInt(9/10):[406853085 94227386 0 0 0 0 0 0 0 ]
]]></system-out>
</testcase>
<testcase name="testDepiler(PileInt)[3]" classname="pilesimple.test.PileIntTest" time="0">
<failure message="expected: &lt;12&gt; but was: &lt;13&gt;" type="org.opentest4j.AssertionFailedError"><![CDATA[org.opentest4j.AssertionFailedError: expected: <12> but was: <13>
	at org.junit.jupiter.api.AssertionUtils.fail(AssertionUtils.java:55)
	at org.junit.jupiter.api.AssertionUtils.failNotEqual(AssertionUtils.java:62)
	at org.junit.jupiter.api.AssertEquals.assertEquals(AssertEquals.java:150)
	at org.junit.jupiter.api.AssertEquals.assertEquals(AssertEquals.java:145)
	at org.junit.jupiter.api.Assertions.assertEquals(Assertions.java:510)
	at pilesimple.test.PileIntTest.testDepiler(PileIntTest.java:363)
	at java.base/jdk.internal.reflect.DirectMethodHandleAccessor.invoke(DirectMethodHandleAccessor.java:103)
	at java.base/java.lang.reflect.Method.invoke(Method.java:580)
	at org.junit.platform.commons.util.ReflectionUtils.invokeMethod(ReflectionUtils.java:688)
	at org.junit.jupiter.engine.execution.MethodInvocation.proceed(MethodInvocation.java:60)
	at org.junit.jupiter.engine.execution.InvocationInterceptorChain$ValidatingInvocation.proceed(InvocationInterceptorChain.java:131)
	at org.junit.jupiter.engine.extension.TimeoutExtension.intercept(TimeoutExtension.java:149)
	at org.junit.jupiter.engine.extension.TimeoutExtension.interceptTestableMethod(TimeoutExtension.java:140)
	at org.junit.jupiter.engine.extension.TimeoutExtension.interceptTestTemplateMethod(TimeoutExtension.java:92)
	at org.junit.jupiter.engine.execution.ExecutableInvoker$ReflectiveInterceptorCall.lambda$ofVoidMethod$0(ExecutableInvoker.java:115)
	at org.junit.jupiter.engine.execution.ExecutableInvoker.lambda$invoke$0(ExecutableInvoker.java:105)
	at org.junit.jupiter.engine.execution.InvocationInterceptorChain$InterceptedInvocation.proceed(InvocationInterceptorChain.java:106)
	at org.junit.jupiter.engine.execution.InvocationInterceptorChain.proceed(InvocationInterceptorChain.java:64)
	at org.junit.jupiter.engine.execution.InvocationInterceptorChain.chainAndInvoke(InvocationInterceptorChain.java:45)
	at org.junit.jupiter.engine.execution.InvocationInterceptorChain.invoke(InvocationInterceptorChain.java:37)
	at org.junit.jupiter.engine.execution.ExecutableInvoker.invoke(ExecutableInvoker.java:104)
	at org.junit.jupiter.engine.execution.ExecutableInvoker.invoke(ExecutableInvoker.java:98)
	at org.junit.jupiter.engine.descriptor.TestMethodTestDescriptor.lambda$invokeTestMethod$6(TestMethodTestDescriptor.java:210)
	at org.junit.platform.engine.support.hierarchical.ThrowableCollector.execute(ThrowableCollector.java:73)
	at org.junit.jupiter.engine.descriptor.TestMethodTestDescriptor.invokeTestMethod(TestMethodTestDescriptor.java:206)
	at org.junit.jupiter.engine.descriptor.TestMethodTestDescriptor.execute(TestMethodTestDescriptor.java:131)
	at org.junit.jupiter.engine.descriptor.TestMethodTestDescriptor.execute(TestMethodTestDescriptor.java:65)
	at org.junit.platform.engine.support.hierarchical.NodeTestTask.lambda$executeRecursively$5(NodeTestTask.java:139)
	at org.junit.platform.engine.support.hierarchical.ThrowableCollector.execute(ThrowableCollector.java:73)
	at org.junit.platform.engine.support.hierarchical.NodeTestTask.lambda$executeRecursively$7(NodeTestTask.java:129)
	at org.junit.platform.engine.support.hierarchical.Node.around(Node.java:137)
	at org.junit.platform.engine.support.hierarchical.NodeTestTask.lambda$executeRecursively$8(NodeTestTask.java:127)
	at org.junit.platform.engine.support.hierarchical.ThrowableCollector.execute(ThrowableCollector.java:73)
	at org.junit.platform.engine.support.hierarchical.NodeTestTask.executeRecursively(NodeTestTask.java:126)
	at org.junit.platform.engine.support.hierarchical.NodeTestTask.execute(NodeTestTask.java:84)
	at org.junit.platform.engine.support.hierarchical.SameThreadHierarchicalTestExecutorService.submit(SameThreadHierarchicalTestExecutorService.java:32)
	at org.junit.platform.engine.support.hierarchical.NodeTestTask$DefaultDynamicTestExecutor.execute(NodeTestTask.java:212)
	at org.junit.platform.engine.support.hierarchical.NodeTestTask$DefaultDynamicTestExecutor.execute(NodeTestTask.java:192)
	at org.junit.jupiter.engine.descriptor.TestTemplateTestDescriptor.execute(TestTemplateTestDescriptor.java:139)
	at org.junit.jupiter.engine.descriptor.TestTemplateTestDescriptor.lambda$execute$2(TestTemplateTestDescriptor.java:107)
	at java.base/java.util.stream.ForEachOps$ForEachOp$OfRef.accept(ForEachOps.java:184)
	at java.base/java.util.stream.ReferencePipeline$3$1.accept(ReferencePipeline.java:215)
	at java.base/java.util.stream.ReferencePipeline$2$1.accept(ReferencePipeline.java:197)
	at java.base/java.util.stream.ReferencePipeline$3$1.accept(ReferencePipeline.java:215)
	at java.base/java.util.stream.ForEachOps$ForEachOp$OfRef.accept(ForEachOps.java:184)
	at java.base/java.util.stream.ReferencePipeline$15$1.accept(ReferencePipeline.java:581)
	at java.base/java.util.stream.ReferencePipeline$3$1.accept(ReferencePipeline.java:215)
	at java.base/java.util.stream.ReferencePipeline$3$1.accept(ReferencePipeline.java:215)
	at java.base/java.util.stream.ReferencePipeline$3$1.accept(ReferencePipeline.java:215)
	at java.base/java.util.stream.ForEachOps$ForEachOp$OfRef.accept(ForEachOps.java:184)
	at java.base/java.util.stream.ReferencePipeline$3$1.accept(ReferencePipeline.java:215)
	at java.base/java.util.stream.ForEachOps$ForEachOp$OfRef.accept(ForEachOps.java:184)
	at java.base/java.util.stream.ReferencePipeline$3$1.accept(ReferencePipeline.java:215)
	at java.base/java.util.stream.ReferencePipeline$2$1.accept(ReferencePipeline.java:197)
	at java.base/java.util.ArrayList$ArrayListSpliterator.forEachRemaining(ArrayList.java:1709)
	at java.base/java.util.stream.AbstractPipeline.copyInto(AbstractPipeline.java:570)
	at java.base/java.util.stream.AbstractPipeline.wrapAndCopyInto(AbstractPipeline.java:560)
	at java.base/java.util.stream.ForEachOps$ForEachOp.evaluateSequential(ForEachOps.java:151)
	at java.base/java.util.stream.ForEachOps$ForEachOp$OfRef.evaluateSequential(ForEachOps.java:174)
	at java.base/java.util.stream.AbstractPipeline.evaluate(AbstractPipeline.java:265)
	at java.base/java.util.stream.ReferencePipeline.forEach(ReferencePipeline.java:636)
	at java.base/java.util.stream.ReferencePipeline$7$1FlatMap.accept(ReferencePipeline.java:294)
	at java.base/java.util.stream.ReferencePipeline$3$1.accept(ReferencePipeline.java:215)
	at java.base/java.util.stream.ReferencePipeline$3$1.accept(ReferencePipeline.java:215)
	at java.base/java.util.Spliterators$ArraySpliterator.forEachRemaining(Spliterators.java:1024)
	at java.base/java.util.stream.AbstractPipeline.copyInto(AbstractPipeline.java:570)
	at java.base/java.util.stream.AbstractPipeline.wrapAndCopyInto(AbstractPipeline.java:560)
	at java.base/java.util.stream.ForEachOps$ForEachOp.evaluateSequential(ForEachOps.java:151)
	at java.base/java.util.stream.ForEachOps$ForEachOp$OfRef.evaluateSequential(ForEachOps.java:174)
	at java.base/java.util.stream.AbstractPipeline.evaluate(AbstractPipeline.java:265)
	at java.base/java.util.stream.ReferencePipeline.forEach(ReferencePipeline.java:636)
	at java.base/java.util.stream.ReferencePipeline$7$1FlatMap.accept(ReferencePipeline.java:294)
	at java.base/java.util.stream.ReferencePipeline$3$1.accept(ReferencePipeline.java:215)
	at java.base/java.util.stream.ReferencePipeline$3$1.accept(ReferencePipeline.java:215)
	at java.base/java.util.stream.ReferencePipeline$3$1.accept(ReferencePipeline.java:215)
	at java.base/java.util.ArrayList$ArrayListSpliterator.forEachRemaining(ArrayList.java:1709)
	at java.base/java.util.stream.AbstractPipeline.copyInto(AbstractPipeline.java:570)
	at java.base/java.util.stream.AbstractPipeline.wrapAndCopyInto(AbstractPipeline.java:560)
	at java.base/java.util.stream.ForEachOps$ForEachOp.evaluateSequential(ForEachOps.java:151)
	at java.base/java.util.stream.ForEachOps$ForEachOp$OfRef.evaluateSequential(ForEachOps.java:174)
	at java.base/java.util.stream.AbstractPipeline.evaluate(AbstractPipeline.java:265)
	at java.base/java.util.stream.ReferencePipeline.forEach(ReferencePipeline.java:636)
	at java.base/java.util.stream.ReferencePipeline$7$1FlatMap.accept(ReferencePipeline.java:294)
	at java.base/java.util.ArrayList$ArrayListSpliterator.forEachRemaining(ArrayList.java:1709)
	at java.base/java.util.stream.AbstractPipeline.copyInto(AbstractPipeline.java:570)
	at java.base/java.util.stream.AbstractPipeline.wrapAndCopyInto(AbstractPipeline.java:560)
	at java.base/java.util.stream.ForEachOps$ForEachOp.evaluateSequential(ForEachOps.java:151)
	at java.base/java.util.stream.ForEachOps$ForEachOp$OfRef.evaluateSequential(ForEachOps.java:174)
	at java.base/java.util.stream.AbstractPipeline.evaluate(AbstractPipeline.java:265)
	at java.base/java.util.stream.ReferencePipeline.forEach(ReferencePipeline.java:636)
	at org.junit.jupiter.engine.descriptor.TestTemplateTestDescriptor.execute(TestTemplateTestDescriptor.java:107)
	at org.junit.jupiter.engine.descriptor.TestTemplateTestDescriptor.execute(TestTemplateTestDescriptor.java:42)
	at org.junit.platform.engine.support.hierarchical.NodeTestTask.lambda$executeRecursively$5(NodeTestTask.java:139)
	at org.junit.platform.engine.support.hierarchical.ThrowableCollector.execute(ThrowableCollector.java:73)
	at org.junit.platform.engine.support.hierarchical.NodeTestTask.lambda$executeRecursively$7(NodeTestTask.java:129)
	at org.junit.platform.engine.support.hierarchical.Node.around(Node.java:137)
	at org.junit.platform.engine.support.hierarchical.NodeTestTask.lambda$executeRecursively$8(NodeTestTask.java:127)
	at org.junit.platform.engine.support.hierarchical.ThrowableCollector.execute(ThrowableCollector.java:73)
	at org.junit.platform.engine.support.hierarchical.NodeTestTask.executeRecursively(NodeTestTask.java:126)
	at org.junit.platform.engine.support.hierarchical.NodeTestTask.execute(NodeTestTask.java:84)
	at java.base/java.util.ArrayList.forEach(ArrayList.java:1597)
	at org.junit.platform.engine.support.hierarchical.SameThreadHierarchicalTestExecutorService.invokeAll(SameThreadHierarchicalTestExecutorService.java:38)
	at org.junit.platform.engine.support.hierarchical.NodeTestTask.lambda$executeRecursively$5(NodeTestTask.java:143)
	at org.junit.platform.engine.support.hierarchical.ThrowableCollector.execute(ThrowableCollector.java:73)
	at org.junit.platform.engine.support.hierarchical.NodeTestTask.lambda$executeRecursively$7(NodeTestTask.java:129)
	at org.junit.platform.engine.support.hierarchical.Node.around(Node.java:137)
	at org.junit.platform.engine.support.hierarchical.NodeTestTask.lambda$executeRecursively$8(NodeTestTask.java:127)
	at org.junit.platform.engine.support.hierarchical.ThrowableCollector.execute(ThrowableCollector.java:73)
	at org.junit.platform.engine.support.hierarchical.NodeTestTask.executeRecursively(NodeTestTask.java:126)
	at org.junit.platform.engine.support.hierarchical.NodeTestTask.execute(NodeTestTask.java:84)
	at java.base/java.util.ArrayList.forEach(ArrayList.java:1597)
	at org.junit.platform.engine.support.hierarchical.SameThreadHierarchicalTestExecutorService.invokeAll(SameThreadHierarchicalTestExecutorService.java:38)
	at org.junit.platform.engine.support.hierarchical.NodeTestTask.lambda$executeRecursively$5(NodeTestTask.java:143)
	at org.junit.platform.engine.support.hierarchical.ThrowableCollector.execute(ThrowableCollector.java:73)
	at org.junit.platform.engine.support.hierarchical.NodeTestTask.lambda$executeRecursively$7(NodeTestTask.java:129)
	at org.junit.platform.engine.support.hierarchical.Node.around(Node.java:137)
	at org.junit.platform.engine.support.hierarchical.NodeTestTask.lambda$executeRecursively$8(NodeTestTask.java:127)
	at org.junit.platform.engine.support.hierarchical.ThrowableCollector.execute(ThrowableCollector.java:73)
	at org.junit.platform.engine.support.hierarchical.NodeTestTask.executeRecursively(NodeTestTask.java:126)
	at org.junit.platform.engine.support.hierarchical.NodeTestTask.execute(NodeTestTask.java:84)
	at org.junit.platform.engine.support.hierarchical.SameThreadHierarchicalTestExecutorService.submit(SameThreadHierarchicalTestExecutorService.java:32)
	at org.junit.platform.engine.support.hierarchical.HierarchicalTestExecutor.execute(HierarchicalTestExecutor.java:57)
	at org.junit.platform.engine.support.hierarchical.HierarchicalTestEngine.execute(HierarchicalTestEngine.java:51)
	at org.junit.platform.launcher.core.EngineExecutionOrchestrator.execute(EngineExecutionOrchestrator.java:108)
	at org.junit.platform.launcher.core.EngineExecutionOrchestrator.execute(EngineExecutionOrchestrator.java:88)
	at org.junit.platform.launcher.core.EngineExecutionOrchestrator.lambda$execute$0(EngineExecutionOrchestrator.java:54)
	at org.junit.platform.launcher.core.EngineExecutionOrchestrator.withInterceptedStreams(EngineExecutionOrchestrator.java:67)
	at org.junit.platform.launcher.core.EngineExecutionOrchestrator.execute(EngineExecutionOrchestrator.java:52)
	at org.junit.platform.launcher.core.DefaultLauncher.execute(DefaultLauncher.java:96)
	at org.junit.platform.launcher.core.DefaultLauncher.execute(DefaultLauncher.java:75)
	at org.junit.platform.console.tasks.ConsoleTestExecutor.executeTests(ConsoleTestExecutor.java:66)
	at org.junit.platform.console.tasks.ConsoleTestExecutor.lambda$execute$0(ConsoleTestExecutor.java:58)
	at org.junit.platform.console.tasks.CustomContextClassLoaderExecutor.replaceThreadContextClassLoaderAndInvoke(CustomContextClassLoaderExecutor.java:41)
	at org.junit.platform.console.tasks.CustomContextClassLoaderExecutor.invoke(CustomContextClassLoaderExecutor.java:31)
	at org.junit.platform.console.tasks.ConsoleTestExecutor.execute(ConsoleTestExecutor.java:58)
	at org.junit.platform.console.ConsoleLauncher.executeTests(ConsoleLauncher.java:95)
	at org.junit.platform.console.ConsoleLauncher.execute(ConsoleLauncher.java:73)
	at org.junit.platform.console.ConsoleLauncher.execute(ConsoleLauncher.java:50)
	at org.junit.platform.console.ConsoleLauncher.execute(ConsoleLauncher.java:43)
	at org.junit.platform.console.ConsoleLauncher.main(ConsoleLauncher.java:37)
]]></failure>
<system-out><![CDATA[
unique-id: [engine:junit-jupiter]/[class:pilesimple.test.PileIntTest]/[test-template:testDepiler(pilesimple.PileInt)]/[test-template-invocation:#3]
display-name: [3] PileInt(14/21):[829174856 -560540630 1017069059 -1738412859 300209628 -188841458 -1827026023 -1500709070 -816936810 858109280 -776814606 -2070802362 -136406843 1897636588 ]
]]></system-out>
</testcase>
<testcase name="testDepiler(PileInt)[4]" classname="pilesimple.test.PileIntTest" time="0">
<failure message="expected: &lt;11&gt; but was: &lt;12&gt;" type="org.opentest4j.AssertionFailedError"><![CDATA[org.opentest4j.AssertionFailedError: expected: <11> but was: <12>
	at org.junit.jupiter.api.AssertionUtils.fail(AssertionUtils.java:55)
	at org.junit.jupiter.api.AssertionUtils.failNotEqual(AssertionUtils.java:62)
	at org.junit.jupiter.api.AssertEquals.assertEquals(AssertEquals.java:150)
	at org.junit.jupiter.api.AssertEquals.assertEquals(AssertEquals.java:145)
	at org.junit.jupiter.api.Assertions.assertEquals(Assertions.java:510)
	at pilesimple.test.PileIntTest.testDepiler(PileIntTest.java:363)
	at java.base/jdk.internal.reflect.DirectMethodHandleAccessor.invoke(DirectMethodHandleAccessor.java:103)
	at java.base/java.lang.reflect.Method.invoke(Method.java:580)
	at org.junit.platform.commons.util.ReflectionUtils.invokeMethod(ReflectionUtils.java:688)
	at org.junit.jupiter.engine.execution.MethodInvocation.proceed(MethodInvocation.java:60)
	at org.junit.jupiter.engine.execution.InvocationInterceptorChain$ValidatingInvocation.proceed(InvocationInterceptorChain.java:131)
	at org.junit.jupiter.engine.extension.TimeoutExtension.intercept(TimeoutExtension.java:149)
	at org.junit.jupiter.engine.extension.TimeoutExtension.interceptTestableMethod(TimeoutExtension.java:140)
	at org.junit.jupiter.engine.extension.TimeoutExtension.interceptTestTemplateMethod(TimeoutExtension.java:92)
	at org.junit.jupiter.engine.execution.ExecutableInvoker$ReflectiveInterceptorCall.lambda$ofVoidMethod$0(ExecutableInvoker.java:115)
	at org.junit.jupiter.engine.execution.ExecutableInvoker.lambda$invoke$0(ExecutableInvoker.java:105)
	at org.junit.jupiter.engine.execution.InvocationInterceptorChain$InterceptedInvocation.proceed(InvocationInterceptorChain.java:106)
	at org.junit.jupiter.engine.execution.InvocationInterceptorChain.proceed(InvocationInterceptorChain.java:64)
	at org.junit.jupiter.engine.execution.InvocationInterceptorChain.chainAndInvoke(InvocationInterceptorChain.java:45)
	at org.junit.jupiter.engine.execution.InvocationInterceptorChain.invoke(InvocationInterceptorChain.java:37)
	at org.junit.jupiter.engine.execution.ExecutableInvoker.invoke(ExecutableInvoker.java:104)
	at org.junit.jupiter.engine.execution.ExecutableInvoker.invoke(ExecutableInvoker.java:98)
	at org.junit.jupiter.engine.descriptor.TestMethodTestDescriptor.lambda$invokeTestMethod$6(TestMethodTestDescriptor.java:210)
	at org.junit.platform.engine.support.hierarchical.ThrowableCollector.execute(ThrowableCollector.java:73)
	at org.junit.jupiter.engine.descriptor.TestMethodTestDescriptor.invokeTestMethod(TestMethodTestDescriptor.java:206)
	at org.junit.jupiter.engine.descriptor.TestMethodTestDescriptor.execute(TestMethodTestDescriptor.java:131)
	at org.junit.jupiter.engine.descriptor.TestMethodTestDescriptor.execute(TestMethodTestDescriptor.java:65)
	at org.junit.platform.engine.support.hierarchical.NodeTestTask.lambda$executeRecursively$5(NodeTestTask.java:139)
	at org.junit.platform.engine.support.hierarchical.ThrowableCollector.execute(ThrowableCollector.java:73)
	at org.junit.platform.engine.support.hierarchical.NodeTestTask.lambda$executeRecursively$7(NodeTestTask.java:129)
	at org.junit.platform.engine.support.hierarchical.Node.around(Node.java:137)
	at org.junit.platform.engine.support.hierarchical.NodeTestTask.lambda$executeRecursively$8(NodeTestTask.java:127)
	at org.junit.platform.engine.support.hierarchical.ThrowableCollector.execute(ThrowableCollector.java:73)
	at org.junit.platform.engine.support.hierarchical.NodeTestTask.executeRecursively(NodeTestTask.java:126)
	at org.junit.platform.engine.support.hierarchical.NodeTestTask.execute(NodeTestTask.java:84)
	at org.junit.platform.engine.support.hierarchical.SameThreadHierarchicalTestExecutorService.submit(SameThreadHierarchicalTestExecutorService.java:32)
	at org.junit.platform.engine.support.hierarchical.NodeTestTask$DefaultDynamicTestExecutor.execute(NodeTestTask.java:212)
	at org.junit.platform.engine.support.hierarchical.NodeTestTask$DefaultDynamicTestExecutor.execute(NodeTestTask.java:192)
	at org.junit.jupiter.engine.descriptor.TestTemplateTestDescriptor.execute(TestTemplateTestDescriptor.java:139)
	at org.junit.jupiter.engine.descriptor.TestTemplateTestDescriptor.lambda$execute$2(TestTemplateTestDescriptor.java:107)
	at java.base/java.util.stream.ForEachOps$ForEachOp$OfRef.accept(ForEachOps.java:184)
	at java.base/java.util.stream.ReferencePipeline$3$1.accept(ReferencePipeline.java:215)
	at java.base/java.util.stream.ReferencePipeline$2$1.accept(ReferencePipeline.java:197)
	at java.base/java.util.stream.ReferencePipeline$3$1.accept(ReferencePipeline.java:215)
	at java.base/java.util.stream.ForEachOps$ForEachOp$OfRef.accept(ForEachOps.java:184)
	at java.base/java.util.stream.ReferencePipeline$15$1.accept(ReferencePipeline.java:581)
	at java.base/java.util.stream.ReferencePipeline$3$1.accept(ReferencePipeline.java:215)
	at java.base/java.util.stream.ReferencePipeline$3$1.accept(ReferencePipeline.java:215)
	at java.base/java.util.stream.ReferencePipeline$3$1.accept(ReferencePipeline.java:215)
	at java.base/java.util.stream.ForEachOps$ForEachOp$OfRef.accept(ForEachOps.java:184)
	at java.base/java.util.stream.ReferencePipeline$3$1.accept(ReferencePipeline.java:215)
	at java.base/java.util.stream.ForEachOps$ForEachOp$OfRef.accept(ForEachOps.java:184)
	at java.base/java.util.stream.ReferencePipeline$3$1.accept(ReferencePipeline.java:215)
	at java.base/java.util.stream.ReferencePipeline$2$1.accept(ReferencePipeline.java:197)
	at java.base/java.util.ArrayList$ArrayListSpliterator.forEachRemaining(ArrayList.java:1709)
	at java.base/java.util.stream.AbstractPipeline.copyInto(AbstractPipeline.java:570)
	at java.base/java.util.stream.AbstractPipeline.wrapAndCopyInto(AbstractPipeline.java:560)
	at java.base/java.util.stream.ForEachOps$ForEachOp.evaluateSequential(ForEachOps.java:151)
	at java.base/java.util.stream.ForEachOps$ForEachOp$OfRef.evaluateSequential(ForEachOps.java:174)
	at java.base/java.util.stream.AbstractPipeline.evaluate(AbstractPipeline.java:265)
	at java.base/java.util.stream.ReferencePipeline.forEach(ReferencePipeline.java:636)
	at java.base/java.util.stream.ReferencePipeline$7$1FlatMap.accept(ReferencePipeline.java:294)
	at java.base/java.util.stream.ReferencePipeline$3$1.accept(ReferencePipeline.java:215)
	at java.base/java.util.stream.ReferencePipeline$3$1.accept(ReferencePipeline.java:215)
	at java.base/java.util.Spliterators$ArraySpliterator.forEachRemaining(Spliterators.java:1024)
	at java.base/java.util.stream.AbstractPipeline.copyInto(AbstractPipeline.java:570)
	at java.base/java.util.stream.AbstractPipeline.wrapAndCopyInto(AbstractPipeline.java:560)
	at java.base/java.util.stream.ForEachOps$ForEachOp.evaluateSequential(ForEachOps.java:151)
	at java.base/java.util.stream.ForEachOps$ForEachOp$OfRef.evaluateSequential(ForEachOps.java:174)
	at java.base/java.util.stream.AbstractPipeline.evaluate(AbstractPipeline.java:265)
	at java.base/java.util.stream.ReferencePipeline.forEach(ReferencePipeline.java:636)
	at java.base/java.util.stream.ReferencePipeline$7$1FlatMap.accept(ReferencePipeline.java:294)
	at java.base/java.util.stream.ReferencePipeline$3$1.accept(ReferencePipeline.java:215)
	at java.base/java.util.stream.ReferencePipeline$3$1.accept(ReferencePipeline.java:215)
	at java.base/java.util.stream.ReferencePipeline$3$1.accept(ReferencePipeline.java:215)
	at java.base/java.util.ArrayList$ArrayListSpliterator.forEachRemaining(ArrayList.java:1709)
	at java.base/java.util.stream.AbstractPipeline.copyInto(AbstractPipeline.java:570)
	at java.base/java.util.stream.AbstractPipeline.wrapAndCopyInto(AbstractPipeline.java:560)
	at java.base/java.util.stream.ForEachOps$ForEachOp.evaluateSequential(ForEachOps.java:151)
	at java.base/java.util.stream.ForEachOps$ForEachOp$OfRef.evaluateSequential(ForEachOps.java:174)
	at java.base/java.util.stream.AbstractPipeline.evaluate(AbstractPipeline.java:265)
	at java.base/java.util.stream.ReferencePipeline.forEach(ReferencePipeline.java:636)
	at java.base/java.util.stream.ReferencePipeline$7$1FlatMap.accept(ReferencePipeline.java:294)
	at java.base/java.util.ArrayList$ArrayListSpliterator.forEachRemaining(ArrayList.java:1709)
	at java.base/java.util.stream.AbstractPipeline.copyInto(AbstractPipeline.java:570)
	at java.base/java.util.stream.AbstractPipeline.wrapAndCopyInto(AbstractPipeline.java:560)
	at java.base/java.util.stream.ForEachOps$ForEachOp.evaluateSequential(ForEachOps.java:151)
	at java.base/java.util.stream.ForEachOps$ForEachOp$OfRef.evaluateSequential(ForEachOps.java:174)
	at java.base/java.util.stream.AbstractPipeline.evaluate(AbstractPipeline.java:265)
	at java.base/java.util.stream.ReferencePipeline.forEach(ReferencePipeline.java:636)
	at org.junit.jupiter.engine.descriptor.TestTemplateTestDescriptor.execute(TestTemplateTestDescriptor.java:107)
	at org.junit.jupiter.engine.descriptor.TestTemplateTestDescriptor.execute(TestTemplateTestDescriptor.java:42)
	at org.junit.platform.engine.support.hierarchical.NodeTestTask.lambda$executeRecursively$5(NodeTestTask.java:139)
	at org.junit.platform.engine.support.hierarchical.ThrowableCollector.execute(ThrowableCollector.java:73)
	at org.junit.platform.engine.support.hierarchical.NodeTestTask.lambda$executeRecursively$7(NodeTestTask.java:129)
	at org.junit.platform.engine.support.hierarchical.Node.around(Node.java:137)
	at org.junit.platform.engine.support.hierarchical.NodeTestTask.lambda$executeRecursively$8(NodeTestTask.java:127)
	at org.junit.platform.engine.support.hierarchical.ThrowableCollector.execute(ThrowableCollector.java:73)
	at org.junit.platform.engine.support.hierarchical.NodeTestTask.executeRecursively(NodeTestTask.java:126)
	at org.junit.platform.engine.support.hierarchical.NodeTestTask.execute(NodeTestTask.java:84)
	at java.base/java.util.ArrayList.forEach(ArrayList.java:1597)
	at org.junit.platform.engine.support.hierarchical.SameThreadHierarchicalTestExecutorService.invokeAll(SameThreadHierarchicalTestExecutorService.java:38)
	at org.junit.platform.engine.support.hierarchical.NodeTestTask.lambda$executeRecursively$5(NodeTestTask.java:143)
	at org.junit.platform.engine.support.hierarchical.ThrowableCollector.execute(ThrowableCollector.java:73)
	at org.junit.platform.engine.support.hierarchical.NodeTestTask.lambda$executeRecursively$7(NodeTestTask.java:129)
	at org.junit.platform.engine.support.hierarchical.Node.around(Node.java:137)
	at org.junit.platform.engine.support.hierarchical.NodeTestTask.lambda$executeRecursively$8(NodeTestTask.java:127)
	at org.junit.platform.engine.support.hierarchical.ThrowableCollector.execute(ThrowableCollector.java:73)
	at org.junit.platform.engine.support.hierarchical.NodeTestTask.executeRecursively(NodeTestTask.java:126)
	at org.junit.platform.engine.support.hierarchical.NodeTestTask.execute(NodeTestTask.java:84)
	at java.base/java.util.ArrayList.forEach(ArrayList.java:1597)
	at org.junit.platform.engine.support.hierarchical.SameThreadHierarchicalTestExecutorService.invokeAll(SameThreadHierarchicalTestExecutorService.java:38)
	at org.junit.platform.engine.support.hierarchical.NodeTestTask.lambda$executeRecursively$5(NodeTestTask.java:143)
	at org.junit.platform.engine.support.hierarchical.ThrowableCollector.execute(ThrowableCollector.java:73)
	at org.junit.platform.engine.support.hierarchical.NodeTestTask.lambda$executeRecursively$7(NodeTestTask.java:129)
	at org.junit.platform.engine.support.hierarchical.Node.around(Node.java:137)
	at org.junit.platform.engine.support.hierarchical.NodeTestTask.lambda$executeRecursively$8(NodeTestTask.java:127)
	at org.junit.platform.engine.support.hierarchical.ThrowableCollector.execute(ThrowableCollector.java:73)
	at org.junit.platform.engine.support.hierarchical.NodeTestTask.executeRecursively(NodeTestTask.java:126)
	at org.junit.platform.engine.support.hierarchical.NodeTestTask.execute(NodeTestTask.java:84)
	at org.junit.platform.engine.support.hierarchical.SameThreadHierarchicalTestExecutorService.submit(SameThreadHierarchicalTestExecutorService.java:32)
	at org.junit.platform.engine.support.hierarchical.HierarchicalTestExecutor.execute(HierarchicalTestExecutor.java:57)
	at org.junit.platform.engine.support.hierarchical.HierarchicalTestEngine.execute(HierarchicalTestEngine.java:51)
	at org.junit.platform.launcher.core.EngineExecutionOrchestrator.execute(EngineExecutionOrchestrator.java:108)
	at org.junit.platform.launcher.core.EngineExecutionOrchestrator.execute(EngineExecutionOrchestrator.java:88)
	at org.junit.platform.launcher.core.EngineExecutionOrchestrator.lambda$execute$0(EngineExecutionOrchestrator.java:54)
	at org.junit.platform.launcher.core.EngineExecutionOrchestrator.withInterceptedStreams(EngineExecutionOrchestrator.java:67)
	at org.junit.platform.launcher.core.EngineExecutionOrchestrator.execute(EngineExecutionOrchestrator.java:52)
	at org.junit.platform.launcher.core.DefaultLauncher.execute(DefaultLauncher.java:96)
	at org.junit.platform.launcher.core.DefaultLauncher.execute(DefaultLauncher.java:75)
	at org.junit.platform.console.tasks.ConsoleTestExecutor.executeTests(ConsoleTestExecutor.java:66)
	at org.junit.platform.console.tasks.ConsoleTestExecutor.lambda$execute$0(ConsoleTestExecutor.java:58)
	at org.junit.platform.console.tasks.CustomContextClassLoaderExecutor.replaceThreadContextClassLoaderAndInvoke(CustomContextClassLoaderExecutor.java:41)
	at org.junit.platform.console.tasks.CustomContextClassLoaderExecutor.invoke(CustomContextClassLoaderExecutor.java:31)
	at org.junit.platform.console.tasks.ConsoleTestExecutor.execute(ConsoleTestExecutor.java:58)
	at org.junit.platform.console.ConsoleLauncher.executeTests(ConsoleLauncher.java:95)
	at org.junit.platform.console.ConsoleLauncher.execute(ConsoleLauncher.java:73)
	at org.junit.platform.console.ConsoleLauncher.execute(ConsoleLauncher.java:50)
	at org.junit.platform.console.ConsoleLauncher.execute(ConsoleLauncher.java:43)
	at org.junit.platform.console.ConsoleLauncher.main(ConsoleLauncher.java:37)
]]></failure>
<system-out><![CDATA[
unique-id: [engine:junit-jupiter]/[class:pilesimple.test.PileIntTest]/[test-template:testDepiler(pilesimple.PileInt)]/[test-template-invocation:#4]
display-name: [4] PileInt(13/24):[-1489436760 -263993310 1290897763 1717230542 -2064902060 0 0 0 0 0 0 0 0 ]
]]></system-out>
</testcase>
<testcase name="testDepiler(PileInt)[5]" classname="pilesimple.test.PileIntTest" time="0">
<failure message="expected: &lt;-1&gt; but was: &lt;0&gt;" type="org.opentest4j.AssertionFailedError"><![CDATA[org.opentest4j.AssertionFailedError: expected: <-1> but was: <0>
	at org.junit.jupiter.api.AssertionUtils.fail(AssertionUtils.java:55)
	at org.junit.jupiter.api.AssertionUtils.failNotEqual(AssertionUtils.java:62)
	at org.junit.jupiter.api.AssertEquals.assertEquals(AssertEquals.java:150)
	at org.junit.jupiter.api.AssertEquals.assertEquals(AssertEquals.java:145)
	at org.junit.jupiter.api.Assertions.assertEquals(Assertions.java:510)
	at pilesimple.test.PileIntTest.testDepiler(PileIntTest.java:363)
	at java.base/jdk.internal.reflect.DirectMethodHandleAccessor.invoke(DirectMethodHandleAccessor.java:103)
	at java.base/java.lang.reflect.Method.invoke(Method.java:580)
	at org.junit.platform.commons.util.ReflectionUtils.invokeMethod(ReflectionUtils.java:688)
	at org.junit.jupiter.engine.execution.MethodInvocation.proceed(MethodInvocation.java:60)
	at org.junit.jupiter.engine.execution.InvocationInterceptorChain$ValidatingInvocation.proceed(InvocationInterceptorChain.java:131)
	at org.junit.jupiter.engine.extension.TimeoutExtension.intercept(TimeoutExtension.java:149)
	at org.junit.jupiter.engine.extension.TimeoutExtension.interceptTestableMethod(TimeoutExtension.java:140)
	at org.junit.jupiter.engine.extension.TimeoutExtension.interceptTestTemplateMethod(TimeoutExtension.java:92)
	at org.junit.jupiter.engine.execution.ExecutableInvoker$ReflectiveInterceptorCall.lambda$ofVoidMethod$0(ExecutableInvoker.java:115)
	at org.junit.jupiter.engine.execution.ExecutableInvoker.lambda$invoke$0(ExecutableInvoker.java:105)
	at org.junit.jupiter.engine.execution.InvocationInterceptorChain$InterceptedInvocation.proceed(InvocationInterceptorChain.java:106)
	at org.junit.jupiter.engine.execution.InvocationInterceptorChain.proceed(InvocationInterceptorChain.java:64)
	at org.junit.jupiter.engine.execution.InvocationInterceptorChain.chainAndInvoke(InvocationInterceptorChain.java:45)
	at org.junit.jupiter.engine.execution.InvocationInterceptorChain.invoke(InvocationInterceptorChain.java:37)
	at org.junit.jupiter.engine.execution.ExecutableInvoker.invoke(ExecutableInvoker.java:104)
	at org.junit.jupiter.engine.execution.ExecutableInvoker.invoke(ExecutableInvoker.java:98)
	at org.junit.jupiter.engine.descriptor.TestMethodTestDescriptor.lambda$invokeTestMethod$6(TestMethodTestDescriptor.java:210)
	at org.junit.platform.engine.support.hierarchical.ThrowableCollector.execute(ThrowableCollector.java:73)
	at org.junit.jupiter.engine.descriptor.TestMethodTestDescriptor.invokeTestMethod(TestMethodTestDescriptor.java:206)
	at org.junit.jupiter.engine.descriptor.TestMethodTestDescriptor.execute(TestMethodTestDescriptor.java:131)
	at org.junit.jupiter.engine.descriptor.TestMethodTestDescriptor.execute(TestMethodTestDescriptor.java:65)
	at org.junit.platform.engine.support.hierarchical.NodeTestTask.lambda$executeRecursively$5(NodeTestTask.java:139)
	at org.junit.platform.engine.support.hierarchical.ThrowableCollector.execute(ThrowableCollector.java:73)
	at org.junit.platform.engine.support.hierarchical.NodeTestTask.lambda$executeRecursively$7(NodeTestTask.java:129)
	at org.junit.platform.engine.support.hierarchical.Node.around(Node.java:137)
	at org.junit.platform.engine.support.hierarchical.NodeTestTask.lambda$executeRecursively$8(NodeTestTask.java:127)
	at org.junit.platform.engine.support.hierarchical.ThrowableCollector.execute(ThrowableCollector.java:73)
	at org.junit.platform.engine.support.hierarchical.NodeTestTask.executeRecursively(NodeTestTask.java:126)
	at org.junit.platform.engine.support.hierarchical.NodeTestTask.execute(NodeTestTask.java:84)
	at org.junit.platform.engine.support.hierarchical.SameThreadHierarchicalTestExecutorService.submit(SameThreadHierarchicalTestExecutorService.java:32)
	at org.junit.platform.engine.support.hierarchical.NodeTestTask$DefaultDynamicTestExecutor.execute(NodeTestTask.java:212)
	at org.junit.platform.engine.support.hierarchical.NodeTestTask$DefaultDynamicTestExecutor.execute(NodeTestTask.java:192)
	at org.junit.jupiter.engine.descriptor.TestTemplateTestDescriptor.execute(TestTemplateTestDescriptor.java:139)
	at org.junit.jupiter.engine.descriptor.TestTemplateTestDescriptor.lambda$execute$2(TestTemplateTestDescriptor.java:107)
	at java.base/java.util.stream.ForEachOps$ForEachOp$OfRef.accept(ForEachOps.java:184)
	at java.base/java.util.stream.ReferencePipeline$3$1.accept(ReferencePipeline.java:215)
	at java.base/java.util.stream.ReferencePipeline$2$1.accept(ReferencePipeline.java:197)
	at java.base/java.util.stream.ReferencePipeline$3$1.accept(ReferencePipeline.java:215)
	at java.base/java.util.stream.ForEachOps$ForEachOp$OfRef.accept(ForEachOps.java:184)
	at java.base/java.util.stream.ReferencePipeline$15$1.accept(ReferencePipeline.java:581)
	at java.base/java.util.stream.ReferencePipeline$3$1.accept(ReferencePipeline.java:215)
	at java.base/java.util.stream.ReferencePipeline$3$1.accept(ReferencePipeline.java:215)
	at java.base/java.util.stream.ReferencePipeline$3$1.accept(ReferencePipeline.java:215)
	at java.base/java.util.stream.ForEachOps$ForEachOp$OfRef.accept(ForEachOps.java:184)
	at java.base/java.util.stream.ReferencePipeline$3$1.accept(ReferencePipeline.java:215)
	at java.base/java.util.stream.ForEachOps$ForEachOp$OfRef.accept(ForEachOps.java:184)
	at java.base/java.util.stream.ReferencePipeline$3$1.accept(ReferencePipeline.java:215)
	at java.base/java.util.stream.ReferencePipeline$2$1.accept(ReferencePipeline.java:197)
	at java.base/java.util.ArrayList$ArrayListSpliterator.forEachRemaining(ArrayList.java:1709)
	at java.base/java.util.stream.AbstractPipeline.copyInto(AbstractPipeline.java:570)
	at java.base/java.util.stream.AbstractPipeline.wrapAndCopyInto(AbstractPipeline.java:560)
	at java.base/java.util.stream.ForEachOps$ForEachOp.evaluateSequential(ForEachOps.java:151)
	at java.base/java.util.stream.ForEachOps$ForEachOp$OfRef.evaluateSequential(ForEachOps.java:174)
	at java.base/java.util.stream.AbstractPipeline.evaluate(AbstractPipeline.java:265)
	at java.base/java.util.stream.ReferencePipeline.forEach(ReferencePipeline.java:636)
	at java.base/java.util.stream.ReferencePipeline$7$1FlatMap.accept(ReferencePipeline.java:294)
	at java.base/java.util.stream.ReferencePipeline$3$1.accept(ReferencePipeline.java:215)
	at java.base/java.util.stream.ReferencePipeline$3$1.accept(ReferencePipeline.java:215)
	at java.base/java.util.Spliterators$ArraySpliterator.forEachRemaining(Spliterators.java:1024)
	at java.base/java.util.stream.AbstractPipeline.copyInto(AbstractPipeline.java:570)
	at java.base/java.util.stream.AbstractPipeline.wrapAndCopyInto(AbstractPipeline.java:560)
	at java.base/java.util.stream.ForEachOps$ForEachOp.evaluateSequential(ForEachOps.java:151)
	at java.base/java.util.stream.ForEachOps$ForEachOp$OfRef.evaluateSequential(ForEachOps.java:174)
	at java.base/java.util.stream.AbstractPipeline.evaluate(AbstractPipeline.java:265)
	at java.base/java.util.stream.ReferencePipeline.forEach(ReferencePipeline.java:636)
	at java.base/java.util.stream.ReferencePipeline$7$1FlatMap.accept(ReferencePipeline.java:294)
	at java.base/java.util.stream.ReferencePipeline$3$1.accept(ReferencePipeline.java:215)
	at java.base/java.util.stream.ReferencePipeline$3$1.accept(ReferencePipeline.java:215)
	at java.base/java.util.stream.ReferencePipeline$3$1.accept(ReferencePipeline.java:215)
	at java.base/java.util.ArrayList$ArrayListSpliterator.forEachRemaining(ArrayList.java:1709)
	at java.base/java.util.stream.AbstractPipeline.copyInto(AbstractPipeline.java:570)
	at java.base/java.util.stream.AbstractPipeline.wrapAndCopyInto(AbstractPipeline.java:560)
	at java.base/java.util.stream.ForEachOps$ForEachOp.evaluateSequential(ForEachOps.java:151)
	at java.base/java.util.stream.ForEachOps$ForEachOp$OfRef.evaluateSequential(ForEachOps.java:174)
	at java.base/java.util.stream.AbstractPipeline.evaluate(AbstractPipeline.java:265)
	at java.base/java.util.stream.ReferencePipeline.forEach(ReferencePipeline.java:636)
	at java.base/java.util.stream.ReferencePipeline$7$1FlatMap.accept(ReferencePipeline.java:294)
	at java.base/java.util.ArrayList$ArrayListSpliterator.forEachRemaining(ArrayList.java:1709)
	at java.base/java.util.stream.AbstractPipeline.copyInto(AbstractPipeline.java:570)
	at java.base/java.util.stream.AbstractPipeline.wrapAndCopyInto(AbstractPipeline.java:560)
	at java.base/java.util.stream.ForEachOps$ForEachOp.evaluateSequential(ForEachOps.java:151)
	at java.base/java.util.stream.ForEachOps$ForEachOp$OfRef.evaluateSequential(ForEachOps.java:174)
	at java.base/java.util.stream.AbstractPipeline.evaluate(AbstractPipeline.java:265)
	at java.base/java.util.stream.ReferencePipeline.forEach(ReferencePipeline.java:636)
	at org.junit.jupiter.engine.descriptor.TestTemplateTestDescriptor.execute(TestTemplateTestDescriptor.java:107)
	at org.junit.jupiter.engine.descriptor.TestTemplateTestDescriptor.execute(TestTemplateTestDescriptor.java:42)
	at org.junit.platform.engine.support.hierarchical.NodeTestTask.lambda$executeRecursively$5(NodeTestTask.java:139)
	at org.junit.platform.engine.support.hierarchical.ThrowableCollector.execute(ThrowableCollector.java:73)
	at org.junit.platform.engine.support.hierarchical.NodeTestTask.lambda$executeRecursively$7(NodeTestTask.java:129)
	at org.junit.platform.engine.support.hierarchical.Node.around(Node.java:137)
	at org.junit.platform.engine.support.hierarchical.NodeTestTask.lambda$executeRecursively$8(NodeTestTask.java:127)
	at org.junit.platform.engine.support.hierarchical.ThrowableCollector.execute(ThrowableCollector.java:73)
	at org.junit.platform.engine.support.hierarchical.NodeTestTask.executeRecursively(NodeTestTask.java:126)
	at org.junit.platform.engine.support.hierarchical.NodeTestTask.execute(NodeTestTask.java:84)
	at java.base/java.util.ArrayList.forEach(ArrayList.java:1597)
	at org.junit.platform.engine.support.hierarchical.SameThreadHierarchicalTestExecutorService.invokeAll(SameThreadHierarchicalTestExecutorService.java:38)
	at org.junit.platform.engine.support.hierarchical.NodeTestTask.lambda$executeRecursively$5(NodeTestTask.java:143)
	at org.junit.platform.engine.support.hierarchical.ThrowableCollector.execute(ThrowableCollector.java:73)
	at org.junit.platform.engine.support.hierarchical.NodeTestTask.lambda$executeRecursively$7(NodeTestTask.java:129)
	at org.junit.platform.engine.support.hierarchical.Node.around(Node.java:137)
	at org.junit.platform.engine.support.hierarchical.NodeTestTask.lambda$executeRecursively$8(NodeTestTask.java:127)
	at org.junit.platform.engine.support.hierarchical.ThrowableCollector.execute(ThrowableCollector.java:73)
	at org.junit.platform.engine.support.hierarchical.NodeTestTask.executeRecursively(NodeTestTask.java:126)
	at org.junit.platform.engine.support.hierarchical.NodeTestTask.execute(NodeTestTask.java:84)
	at java.base/java.util.ArrayList.forEach(ArrayList.java:1597)
	at org.junit.platform.engine.support.hierarchical.SameThreadHierarchicalTestExecutorService.invokeAll(SameThreadHierarchicalTestExecutorService.java:38)
	at org.junit.platform.engine.support.hierarchical.NodeTestTask.lambda$executeRecursively$5(NodeTestTask.java:143)
	at org.junit.platform.engine.support.hierarchical.ThrowableCollector.execute(ThrowableCollector.java:73)
	at org.junit.platform.engine.support.hierarchical.NodeTestTask.lambda$executeRecursively$7(NodeTestTask.java:129)
	at org.junit.platform.engine.support.hierarchical.Node.around(Node.java:137)
	at org.junit.platform.engine.support.hierarchical.NodeTestTask.lambda$executeRecursively$8(NodeTestTask.java:127)
	at org.junit.platform.engine.support.hierarchical.ThrowableCollector.execute(ThrowableCollector.java:73)
	at org.junit.platform.engine.support.hierarchical.NodeTestTask.executeRecursively(NodeTestTask.java:126)
	at org.junit.platform.engine.support.hierarchical.NodeTestTask.execute(NodeTestTask.java:84)
	at org.junit.platform.engine.support.hierarchical.SameThreadHierarchicalTestExecutorService.submit(SameThreadHierarchicalTestExecutorService.java:32)
	at org.junit.platform.engine.support.hierarchical.HierarchicalTestExecutor.execute(HierarchicalTestExecutor.java:57)
	at org.junit.platform.engine.support.hierarchical.HierarchicalTestEngine.execute(HierarchicalTestEngine.java:51)
	at org.junit.platform.launcher.core.EngineExecutionOrchestrator.execute(EngineExecutionOrchestrator.java:108)
	at org.junit.platform.launcher.core.EngineExecutionOrchestrator.execute(EngineExecutionOrchestrator.java:88)
	at org.junit.platform.launcher.core.EngineExecutionOrchestrator.lambda$execute$0(EngineExecutionOrchestrator.java:54)
	at org.junit.platform.launcher.core.EngineExecutionOrchestrator.withInterceptedStreams(EngineExecutionOrchestrator.java:67)
	at org.junit.platform.launcher.core.EngineExecutionOrchestrator.execute(EngineExecutionOrchestrator.java:52)
	at org.junit.platform.launcher.core.DefaultLauncher.execute(DefaultLauncher.java:96)
	at org.junit.platform.launcher.core.DefaultLauncher.execute(DefaultLauncher.java:75)
	at org.junit.platform.console.tasks.ConsoleTestExecutor.executeTests(ConsoleTestExecutor.java:66)
	at org.junit.platform.console.tasks.ConsoleTestExecutor.lambda$execute$0(ConsoleTestExecutor.java:58)
	at org.junit.platform.console.tasks.CustomContextClassLoaderExecutor.replaceThreadContextClassLoaderAndInvoke(CustomContextClassLoaderExecutor.java:41)
	at org.junit.platform.console.tasks.CustomContextClassLoaderExecutor.invoke(CustomContextClassLoaderExecutor.java:31)
	at org.junit.platform.console.tasks.ConsoleTestExecutor.execute(ConsoleTestExecutor.java:58)
	at org.junit.platform.console.ConsoleLauncher.executeTests(ConsoleLauncher.java:95)
	at org.junit.platform.console.ConsoleLauncher.execute(ConsoleLauncher.java:73)
	at org.junit.platform.console.ConsoleLauncher.execute(ConsoleLauncher.java:50)
	at org.junit.platform.console.ConsoleLauncher.execute(ConsoleLauncher.java:43)
	at org.junit.platform.console.ConsoleLauncher.main(ConsoleLauncher.java:37)
]]></failure>
<system-out><![CDATA[
unique-id: [engine:junit-jupiter]/[class:pilesimple.test.PileIntTest]/[test-template:testDepiler(pilesimple.PileInt)]/[test-template-invocation:#5]
display-name: [5] PileInt(1/10):[637862618 ]
]]></system-out>
</testcase>
<testcase name="testDepiler(PileInt)[6]" classname="pilesimple.test.PileIntTest" time="0">
<failure message="expected: &lt;1&gt; but was: &lt;2&gt;" type="org.opentest4j.AssertionFailedError"><![CDATA[org.opentest4j.AssertionFailedError: expected: <1> but was: <2>
	at org.junit.jupiter.api.AssertionUtils.fail(AssertionUtils.java:55)
	at org.junit.jupiter.api.AssertionUtils.failNotEqual(AssertionUtils.java:62)
	at org.junit.jupiter.api.AssertEquals.assertEquals(AssertEquals.java:150)
	at org.junit.jupiter.api.AssertEquals.assertEquals(AssertEquals.java:145)
	at org.junit.jupiter.api.Assertions.assertEquals(Assertions.java:510)
	at pilesimple.test.PileIntTest.testDepiler(PileIntTest.java:363)
	at java.base/jdk.internal.reflect.DirectMethodHandleAccessor.invoke(DirectMethodHandleAccessor.java:103)
	at java.base/java.lang.reflect.Method.invoke(Method.java:580)
	at org.junit.platform.commons.util.ReflectionUtils.invokeMethod(ReflectionUtils.java:688)
	at org.junit.jupiter.engine.execution.MethodInvocation.proceed(MethodInvocation.java:60)
	at org.junit.jupiter.engine.execution.InvocationInterceptorChain$ValidatingInvocation.proceed(InvocationInterceptorChain.java:131)
	at org.junit.jupiter.engine.extension.TimeoutExtension.intercept(TimeoutExtension.java:149)
	at org.junit.jupiter.engine.extension.TimeoutExtension.interceptTestableMethod(TimeoutExtension.java:140)
	at org.junit.jupiter.engine.extension.TimeoutExtension.interceptTestTemplateMethod(TimeoutExtension.java:92)
	at org.junit.jupiter.engine.execution.ExecutableInvoker$ReflectiveInterceptorCall.lambda$ofVoidMethod$0(ExecutableInvoker.java:115)
	at org.junit.jupiter.engine.execution.ExecutableInvoker.lambda$invoke$0(ExecutableInvoker.java:105)
	at org.junit.jupiter.engine.execution.InvocationInterceptorChain$InterceptedInvocation.proceed(InvocationInterceptorChain.java:106)
	at org.junit.jupiter.engine.execution.InvocationInterceptorChain.proceed(InvocationInterceptorChain.java:64)
	at org.junit.jupiter.engine.execution.InvocationInterceptorChain.chainAndInvoke(InvocationInterceptorChain.java:45)
	at org.junit.jupiter.engine.execution.InvocationInterceptorChain.invoke(InvocationInterceptorChain.java:37)
	at org.junit.jupiter.engine.execution.ExecutableInvoker.invoke(ExecutableInvoker.java:104)
	at org.junit.jupiter.engine.execution.ExecutableInvoker.invoke(ExecutableInvoker.java:98)
	at org.junit.jupiter.engine.descriptor.TestMethodTestDescriptor.lambda$invokeTestMethod$6(TestMethodTestDescriptor.java:210)
	at org.junit.platform.engine.support.hierarchical.ThrowableCollector.execute(ThrowableCollector.java:73)
	at org.junit.jupiter.engine.descriptor.TestMethodTestDescriptor.invokeTestMethod(TestMethodTestDescriptor.java:206)
	at org.junit.jupiter.engine.descriptor.TestMethodTestDescriptor.execute(TestMethodTestDescriptor.java:131)
	at org.junit.jupiter.engine.descriptor.TestMethodTestDescriptor.execute(TestMethodTestDescriptor.java:65)
	at org.junit.platform.engine.support.hierarchical.NodeTestTask.lambda$executeRecursively$5(NodeTestTask.java:139)
	at org.junit.platform.engine.support.hierarchical.ThrowableCollector.execute(ThrowableCollector.java:73)
	at org.junit.platform.engine.support.hierarchical.NodeTestTask.lambda$executeRecursively$7(NodeTestTask.java:129)
	at org.junit.platform.engine.support.hierarchical.Node.around(Node.java:137)
	at org.junit.platform.engine.support.hierarchical.NodeTestTask.lambda$executeRecursively$8(NodeTestTask.java:127)
	at org.junit.platform.engine.support.hierarchical.ThrowableCollector.execute(ThrowableCollector.java:73)
	at org.junit.platform.engine.support.hierarchical.NodeTestTask.executeRecursively(NodeTestTask.java:126)
	at org.junit.platform.engine.support.hierarchical.NodeTestTask.execute(NodeTestTask.java:84)
	at org.junit.platform.engine.support.hierarchical.SameThreadHierarchicalTestExecutorService.submit(SameThreadHierarchicalTestExecutorService.java:32)
	at org.junit.platform.engine.support.hierarchical.NodeTestTask$DefaultDynamicTestExecutor.execute(NodeTestTask.java:212)
	at org.junit.platform.engine.support.hierarchical.NodeTestTask$DefaultDynamicTestExecutor.execute(NodeTestTask.java:192)
	at org.junit.jupiter.engine.descriptor.TestTemplateTestDescriptor.execute(TestTemplateTestDescriptor.java:139)
	at org.junit.jupiter.engine.descriptor.TestTemplateTestDescriptor.lambda$execute$2(TestTemplateTestDescriptor.java:107)
	at java.base/java.util.stream.ForEachOps$ForEachOp$OfRef.accept(ForEachOps.java:184)
	at java.base/java.util.stream.ReferencePipeline$3$1.accept(ReferencePipeline.java:215)
	at java.base/java.util.stream.ReferencePipeline$2$1.accept(ReferencePipeline.java:197)
	at java.base/java.util.stream.ReferencePipeline$3$1.accept(ReferencePipeline.java:215)
	at java.base/java.util.stream.ForEachOps$ForEachOp$OfRef.accept(ForEachOps.java:184)
	at java.base/java.util.stream.ReferencePipeline$15$1.accept(ReferencePipeline.java:581)
	at java.base/java.util.stream.ReferencePipeline$3$1.accept(ReferencePipeline.java:215)
	at java.base/java.util.stream.ReferencePipeline$3$1.accept(ReferencePipeline.java:215)
	at java.base/java.util.stream.ReferencePipeline$3$1.accept(ReferencePipeline.java:215)
	at java.base/java.util.stream.ForEachOps$ForEachOp$OfRef.accept(ForEachOps.java:184)
	at java.base/java.util.stream.ReferencePipeline$3$1.accept(ReferencePipeline.java:215)
	at java.base/java.util.stream.ForEachOps$ForEachOp$OfRef.accept(ForEachOps.java:184)
	at java.base/java.util.stream.ReferencePipeline$3$1.accept(ReferencePipeline.java:215)
	at java.base/java.util.stream.ReferencePipeline$2$1.accept(ReferencePipeline.java:197)
	at java.base/java.util.ArrayList$ArrayListSpliterator.forEachRemaining(ArrayList.java:1709)
	at java.base/java.util.stream.AbstractPipeline.copyInto(AbstractPipeline.java:570)
	at java.base/java.util.stream.AbstractPipeline.wrapAndCopyInto(AbstractPipeline.java:560)
	at java.base/java.util.stream.ForEachOps$ForEachOp.evaluateSequential(ForEachOps.java:151)
	at java.base/java.util.stream.ForEachOps$ForEachOp$OfRef.evaluateSequential(ForEachOps.java:174)
	at java.base/java.util.stream.AbstractPipeline.evaluate(AbstractPipeline.java:265)
	at java.base/java.util.stream.ReferencePipeline.forEach(ReferencePipeline.java:636)
	at java.base/java.util.stream.ReferencePipeline$7$1FlatMap.accept(ReferencePipeline.java:294)
	at java.base/java.util.stream.ReferencePipeline$3$1.accept(ReferencePipeline.java:215)
	at java.base/java.util.stream.ReferencePipeline$3$1.accept(ReferencePipeline.java:215)
	at java.base/java.util.Spliterators$ArraySpliterator.forEachRemaining(Spliterators.java:1024)
	at java.base/java.util.stream.AbstractPipeline.copyInto(AbstractPipeline.java:570)
	at java.base/java.util.stream.AbstractPipeline.wrapAndCopyInto(AbstractPipeline.java:560)
	at java.base/java.util.stream.ForEachOps$ForEachOp.evaluateSequential(ForEachOps.java:151)
	at java.base/java.util.stream.ForEachOps$ForEachOp$OfRef.evaluateSequential(ForEachOps.java:174)
	at java.base/java.util.stream.AbstractPipeline.evaluate(AbstractPipeline.java:265)
	at java.base/java.util.stream.ReferencePipeline.forEach(ReferencePipeline.java:636)
	at java.base/java.util.stream.ReferencePipeline$7$1FlatMap.accept(ReferencePipeline.java:294)
	at java.base/java.util.stream.ReferencePipeline$3$1.accept(ReferencePipeline.java:215)
	at java.base/java.util.stream.ReferencePipeline$3$1.accept(ReferencePipeline.java:215)
	at java.base/java.util.stream.ReferencePipeline$3$1.accept(ReferencePipeline.java:215)
	at java.base/java.util.ArrayList$ArrayListSpliterator.forEachRemaining(ArrayList.java:1709)
	at java.base/java.util.stream.AbstractPipeline.copyInto(AbstractPipeline.java:570)
	at java.base/java.util.stream.AbstractPipeline.wrapAndCopyInto(AbstractPipeline.java:560)
	at java.base/java.util.stream.ForEachOps$ForEachOp.evaluateSequential(ForEachOps.java:151)
	at java.base/java.util.stream.ForEachOps$ForEachOp$OfRef.evaluateSequential(ForEachOps.java:174)
	at java.base/java.util.stream.AbstractPipeline.evaluate(AbstractPipeline.java:265)
	at java.base/java.util.stream.ReferencePipeline.forEach(ReferencePipeline.java:636)
	at java.base/java.util.stream.ReferencePipeline$7$1FlatMap.accept(ReferencePipeline.java:294)
	at java.base/java.util.ArrayList$ArrayListSpliterator.forEachRemaining(ArrayList.java:1709)
	at java.base/java.util.stream.AbstractPipeline.copyInto(AbstractPipeline.java:570)
	at java.base/java.util.stream.AbstractPipeline.wrapAndCopyInto(AbstractPipeline.java:560)
	at java.base/java.util.stream.ForEachOps$ForEachOp.evaluateSequential(ForEachOps.java:151)
	at java.base/java.util.stream.ForEachOps$ForEachOp$OfRef.evaluateSequential(ForEachOps.java:174)
	at java.base/java.util.stream.AbstractPipeline.evaluate(AbstractPipeline.java:265)
	at java.base/java.util.stream.ReferencePipeline.forEach(ReferencePipeline.java:636)
	at org.junit.jupiter.engine.descriptor.TestTemplateTestDescriptor.execute(TestTemplateTestDescriptor.java:107)
	at org.junit.jupiter.engine.descriptor.TestTemplateTestDescriptor.execute(TestTemplateTestDescriptor.java:42)
	at org.junit.platform.engine.support.hierarchical.NodeTestTask.lambda$executeRecursively$5(NodeTestTask.java:139)
	at org.junit.platform.engine.support.hierarchical.ThrowableCollector.execute(ThrowableCollector.java:73)
	at org.junit.platform.engine.support.hierarchical.NodeTestTask.lambda$executeRecursively$7(NodeTestTask.java:129)
	at org.junit.platform.engine.support.hierarchical.Node.around(Node.java:137)
	at org.junit.platform.engine.support.hierarchical.NodeTestTask.lambda$executeRecursively$8(NodeTestTask.java:127)
	at org.junit.platform.engine.support.hierarchical.ThrowableCollector.execute(ThrowableCollector.java:73)
	at org.junit.platform.engine.support.hierarchical.NodeTestTask.executeRecursively(NodeTestTask.java:126)
	at org.junit.platform.engine.support.hierarchical.NodeTestTask.execute(NodeTestTask.java:84)
	at java.base/java.util.ArrayList.forEach(ArrayList.java:1597)
	at org.junit.platform.engine.support.hierarchical.SameThreadHierarchicalTestExecutorService.invokeAll(SameThreadHierarchicalTestExecutorService.java:38)
	at org.junit.platform.engine.support.hierarchical.NodeTestTask.lambda$executeRecursively$5(NodeTestTask.java:143)
	at org.junit.platform.engine.support.hierarchical.ThrowableCollector.execute(ThrowableCollector.java:73)
	at org.junit.platform.engine.support.hierarchical.NodeTestTask.lambda$executeRecursively$7(NodeTestTask.java:129)
	at org.junit.platform.engine.support.hierarchical.Node.around(Node.java:137)
	at org.junit.platform.engine.support.hierarchical.NodeTestTask.lambda$executeRecursively$8(NodeTestTask.java:127)
	at org.junit.platform.engine.support.hierarchical.ThrowableCollector.execute(ThrowableCollector.java:73)
	at org.junit.platform.engine.support.hierarchical.NodeTestTask.executeRecursively(NodeTestTask.java:126)
	at org.junit.platform.engine.support.hierarchical.NodeTestTask.execute(NodeTestTask.java:84)
	at java.base/java.util.ArrayList.forEach(ArrayList.java:1597)
	at org.junit.platform.engine.support.hierarchical.SameThreadHierarchicalTestExecutorService.invokeAll(SameThreadHierarchicalTestExecutorService.java:38)
	at org.junit.platform.engine.support.hierarchical.NodeTestTask.lambda$executeRecursively$5(NodeTestTask.java:143)
	at org.junit.platform.engine.support.hierarchical.ThrowableCollector.execute(ThrowableCollector.java:73)
	at org.junit.platform.engine.support.hierarchical.NodeTestTask.lambda$executeRecursively$7(NodeTestTask.java:129)
	at org.junit.platform.engine.support.hierarchical.Node.around(Node.java:137)
	at org.junit.platform.engine.support.hierarchical.NodeTestTask.lambda$executeRecursively$8(NodeTestTask.java:127)
	at org.junit.platform.engine.support.hierarchical.ThrowableCollector.execute(ThrowableCollector.java:73)
	at org.junit.platform.engine.support.hierarchical.NodeTestTask.executeRecursively(NodeTestTask.java:126)
	at org.junit.platform.engine.support.hierarchical.NodeTestTask.execute(NodeTestTask.java:84)
	at org.junit.platform.engine.support.hierarchical.SameThreadHierarchicalTestExecutorService.submit(SameThreadHierarchicalTestExecutorService.java:32)
	at org.junit.platform.engine.support.hierarchical.HierarchicalTestExecutor.execute(HierarchicalTestExecutor.java:57)
	at org.junit.platform.engine.support.hierarchical.HierarchicalTestEngine.execute(HierarchicalTestEngine.java:51)
	at org.junit.platform.launcher.core.EngineExecutionOrchestrator.execute(EngineExecutionOrchestrator.java:108)
	at org.junit.platform.launcher.core.EngineExecutionOrchestrator.execute(EngineExecutionOrchestrator.java:88)
	at org.junit.platform.launcher.core.EngineExecutionOrchestrator.lambda$execute$0(EngineExecutionOrchestrator.java:54)
	at org.junit.platform.launcher.core.EngineExecutionOrchestrator.withInterceptedStreams(EngineExecutionOrchestrator.java:67)
	at org.junit.platform.launcher.core.EngineExecutionOrchestrator.execute(EngineExecutionOrchestrator.java:52)
	at org.junit.platform.launcher.core.DefaultLauncher.execute(DefaultLauncher.java:96)
	at org.junit.platform.launcher.core.DefaultLauncher.execute(DefaultLauncher.java:75)
	at org.junit.platform.console.tasks.ConsoleTestExecutor.executeTests(ConsoleTestExecutor.java:66)
	at org.junit.platform.console.tasks.ConsoleTestExecutor.lambda$execute$0(ConsoleTestExecutor.java:58)
	at org.junit.platform.console.tasks.CustomContextClassLoaderExecutor.replaceThreadContextClassLoaderAndInvoke(CustomContextClassLoaderExecutor.java:41)
	at org.junit.platform.console.tasks.CustomContextClassLoaderExecutor.invoke(CustomContextClassLoaderExecutor.java:31)
	at org.junit.platform.console.tasks.ConsoleTestExecutor.execute(ConsoleTestExecutor.java:58)
	at org.junit.platform.console.ConsoleLauncher.executeTests(ConsoleLauncher.java:95)
	at org.junit.platform.console.ConsoleLauncher.execute(ConsoleLauncher.java:73)
	at org.junit.platform.console.ConsoleLauncher.execute(ConsoleLauncher.java:50)
	at org.junit.platform.console.ConsoleLauncher.execute(ConsoleLauncher.java:43)
	at org.junit.platform.console.ConsoleLauncher.main(ConsoleLauncher.java:37)
]]></failure>
<system-out><![CDATA[
unique-id: [engine:junit-jupiter]/[class:pilesimple.test.PileIntTest]/[test-template:testDepiler(pilesimple.PileInt)]/[test-template-invocation:#6]
display-name: [6] PileInt(3/15):[-374846588 1048478229 -920801997 ]
]]></system-out>
</testcase>
<testcase name="testDepiler(PileInt)[7]" classname="pilesimple.test.PileIntTest" time="0">
<failure message="expected: &lt;15&gt; but was: &lt;16&gt;" type="org.opentest4j.AssertionFailedError"><![CDATA[org.opentest4j.AssertionFailedError: expected: <15> but was: <16>
	at org.junit.jupiter.api.AssertionUtils.fail(AssertionUtils.java:55)
	at org.junit.jupiter.api.AssertionUtils.failNotEqual(AssertionUtils.java:62)
	at org.junit.jupiter.api.AssertEquals.assertEquals(AssertEquals.java:150)
	at org.junit.jupiter.api.AssertEquals.assertEquals(AssertEquals.java:145)
	at org.junit.jupiter.api.Assertions.assertEquals(Assertions.java:510)
	at pilesimple.test.PileIntTest.testDepiler(PileIntTest.java:363)
	at java.base/jdk.internal.reflect.DirectMethodHandleAccessor.invoke(DirectMethodHandleAccessor.java:103)
	at java.base/java.lang.reflect.Method.invoke(Method.java:580)
	at org.junit.platform.commons.util.ReflectionUtils.invokeMethod(ReflectionUtils.java:688)
	at org.junit.jupiter.engine.execution.MethodInvocation.proceed(MethodInvocation.java:60)
	at org.junit.jupiter.engine.execution.InvocationInterceptorChain$ValidatingInvocation.proceed(InvocationInterceptorChain.java:131)
	at org.junit.jupiter.engine.extension.TimeoutExtension.intercept(TimeoutExtension.java:149)
	at org.junit.jupiter.engine.extension.TimeoutExtension.interceptTestableMethod(TimeoutExtension.java:140)
	at org.junit.jupiter.engine.extension.TimeoutExtension.interceptTestTemplateMethod(TimeoutExtension.java:92)
	at org.junit.jupiter.engine.execution.ExecutableInvoker$ReflectiveInterceptorCall.lambda$ofVoidMethod$0(ExecutableInvoker.java:115)
	at org.junit.jupiter.engine.execution.ExecutableInvoker.lambda$invoke$0(ExecutableInvoker.java:105)
	at org.junit.jupiter.engine.execution.InvocationInterceptorChain$InterceptedInvocation.proceed(InvocationInterceptorChain.java:106)
	at org.junit.jupiter.engine.execution.InvocationInterceptorChain.proceed(InvocationInterceptorChain.java:64)
	at org.junit.jupiter.engine.execution.InvocationInterceptorChain.chainAndInvoke(InvocationInterceptorChain.java:45)
	at org.junit.jupiter.engine.execution.InvocationInterceptorChain.invoke(InvocationInterceptorChain.java:37)
	at org.junit.jupiter.engine.execution.ExecutableInvoker.invoke(ExecutableInvoker.java:104)
	at org.junit.jupiter.engine.execution.ExecutableInvoker.invoke(ExecutableInvoker.java:98)
	at org.junit.jupiter.engine.descriptor.TestMethodTestDescriptor.lambda$invokeTestMethod$6(TestMethodTestDescriptor.java:210)
	at org.junit.platform.engine.support.hierarchical.ThrowableCollector.execute(ThrowableCollector.java:73)
	at org.junit.jupiter.engine.descriptor.TestMethodTestDescriptor.invokeTestMethod(TestMethodTestDescriptor.java:206)
	at org.junit.jupiter.engine.descriptor.TestMethodTestDescriptor.execute(TestMethodTestDescriptor.java:131)
	at org.junit.jupiter.engine.descriptor.TestMethodTestDescriptor.execute(TestMethodTestDescriptor.java:65)
	at org.junit.platform.engine.support.hierarchical.NodeTestTask.lambda$executeRecursively$5(NodeTestTask.java:139)
	at org.junit.platform.engine.support.hierarchical.ThrowableCollector.execute(ThrowableCollector.java:73)
	at org.junit.platform.engine.support.hierarchical.NodeTestTask.lambda$executeRecursively$7(NodeTestTask.java:129)
	at org.junit.platform.engine.support.hierarchical.Node.around(Node.java:137)
	at org.junit.platform.engine.support.hierarchical.NodeTestTask.lambda$executeRecursively$8(NodeTestTask.java:127)
	at org.junit.platform.engine.support.hierarchical.ThrowableCollector.execute(ThrowableCollector.java:73)
	at org.junit.platform.engine.support.hierarchical.NodeTestTask.executeRecursively(NodeTestTask.java:126)
	at org.junit.platform.engine.support.hierarchical.NodeTestTask.execute(NodeTestTask.java:84)
	at org.junit.platform.engine.support.hierarchical.SameThreadHierarchicalTestExecutorService.submit(SameThreadHierarchicalTestExecutorService.java:32)
	at org.junit.platform.engine.support.hierarchical.NodeTestTask$DefaultDynamicTestExecutor.execute(NodeTestTask.java:212)
	at org.junit.platform.engine.support.hierarchical.NodeTestTask$DefaultDynamicTestExecutor.execute(NodeTestTask.java:192)
	at org.junit.jupiter.engine.descriptor.TestTemplateTestDescriptor.execute(TestTemplateTestDescriptor.java:139)
	at org.junit.jupiter.engine.descriptor.TestTemplateTestDescriptor.lambda$execute$2(TestTemplateTestDescriptor.java:107)
	at java.base/java.util.stream.ForEachOps$ForEachOp$OfRef.accept(ForEachOps.java:184)
	at java.base/java.util.stream.ReferencePipeline$3$1.accept(ReferencePipeline.java:215)
	at java.base/java.util.stream.ReferencePipeline$2$1.accept(ReferencePipeline.java:197)
	at java.base/java.util.stream.ReferencePipeline$3$1.accept(ReferencePipeline.java:215)
	at java.base/java.util.stream.ForEachOps$ForEachOp$OfRef.accept(ForEachOps.java:184)
	at java.base/java.util.stream.ReferencePipeline$15$1.accept(ReferencePipeline.java:581)
	at java.base/java.util.stream.ReferencePipeline$3$1.accept(ReferencePipeline.java:215)
	at java.base/java.util.stream.ReferencePipeline$3$1.accept(ReferencePipeline.java:215)
	at java.base/java.util.stream.ReferencePipeline$3$1.accept(ReferencePipeline.java:215)
	at java.base/java.util.stream.ForEachOps$ForEachOp$OfRef.accept(ForEachOps.java:184)
	at java.base/java.util.stream.ReferencePipeline$3$1.accept(ReferencePipeline.java:215)
	at java.base/java.util.stream.ForEachOps$ForEachOp$OfRef.accept(ForEachOps.java:184)
	at java.base/java.util.stream.ReferencePipeline$3$1.accept(ReferencePipeline.java:215)
	at java.base/java.util.stream.ReferencePipeline$2$1.accept(ReferencePipeline.java:197)
	at java.base/java.util.ArrayList$ArrayListSpliterator.forEachRemaining(ArrayList.java:1709)
	at java.base/java.util.stream.AbstractPipeline.copyInto(AbstractPipeline.java:570)
	at java.base/java.util.stream.AbstractPipeline.wrapAndCopyInto(AbstractPipeline.java:560)
	at java.base/java.util.stream.ForEachOps$ForEachOp.evaluateSequential(ForEachOps.java:151)
	at java.base/java.util.stream.ForEachOps$ForEachOp$OfRef.evaluateSequential(ForEachOps.java:174)
	at java.base/java.util.stream.AbstractPipeline.evaluate(AbstractPipeline.java:265)
	at java.base/java.util.stream.ReferencePipeline.forEach(ReferencePipeline.java:636)
	at java.base/java.util.stream.ReferencePipeline$7$1FlatMap.accept(ReferencePipeline.java:294)
	at java.base/java.util.stream.ReferencePipeline$3$1.accept(ReferencePipeline.java:215)
	at java.base/java.util.stream.ReferencePipeline$3$1.accept(ReferencePipeline.java:215)
	at java.base/java.util.Spliterators$ArraySpliterator.forEachRemaining(Spliterators.java:1024)
	at java.base/java.util.stream.AbstractPipeline.copyInto(AbstractPipeline.java:570)
	at java.base/java.util.stream.AbstractPipeline.wrapAndCopyInto(AbstractPipeline.java:560)
	at java.base/java.util.stream.ForEachOps$ForEachOp.evaluateSequential(ForEachOps.java:151)
	at java.base/java.util.stream.ForEachOps$ForEachOp$OfRef.evaluateSequential(ForEachOps.java:174)
	at java.base/java.util.stream.AbstractPipeline.evaluate(AbstractPipeline.java:265)
	at java.base/java.util.stream.ReferencePipeline.forEach(ReferencePipeline.java:636)
	at java.base/java.util.stream.ReferencePipeline$7$1FlatMap.accept(ReferencePipeline.java:294)
	at java.base/java.util.stream.ReferencePipeline$3$1.accept(ReferencePipeline.java:215)
	at java.base/java.util.stream.ReferencePipeline$3$1.accept(ReferencePipeline.java:215)
	at java.base/java.util.stream.ReferencePipeline$3$1.accept(ReferencePipeline.java:215)
	at java.base/java.util.ArrayList$ArrayListSpliterator.forEachRemaining(ArrayList.java:1709)
	at java.base/java.util.stream.AbstractPipeline.copyInto(AbstractPipeline.java:570)
	at java.base/java.util.stream.AbstractPipeline.wrapAndCopyInto(AbstractPipeline.java:560)
	at java.base/java.util.stream.ForEachOps$ForEachOp.evaluateSequential(ForEachOps.java:151)
	at java.base/java.util.stream.ForEachOps$ForEachOp$OfRef.evaluateSequential(ForEachOps.java:174)
	at java.base/java.util.stream.AbstractPipeline.evaluate(AbstractPipeline.java:265)
	at java.base/java.util.stream.ReferencePipeline.forEach(ReferencePipeline.java:636)
	at java.base/java.util.stream.ReferencePipeline$7$1FlatMap.accept(ReferencePipeline.java:294)
	at java.base/java.util.ArrayList$ArrayListSpliterator.forEachRemaining(ArrayList.java:1709)
	at java.base/java.util.stream.AbstractPipeline.copyInto(AbstractPipeline.java:570)
	at java.base/java.util.stream.AbstractPipeline.wrapAndCopyInto(AbstractPipeline.java:560)
	at java.base/java.util.stream.ForEachOps$ForEachOp.evaluateSequential(ForEachOps.java:151)
	at java.base/java.util.stream.ForEachOps$ForEachOp$OfRef.evaluateSequential(ForEachOps.java:174)
	at java.base/java.util.stream.AbstractPipeline.evaluate(AbstractPipeline.java:265)
	at java.base/java.util.stream.ReferencePipeline.forEach(ReferencePipeline.java:636)
	at org.junit.jupiter.engine.descriptor.TestTemplateTestDescriptor.execute(TestTemplateTestDescriptor.java:107)
	at org.junit.jupiter.engine.descriptor.TestTemplateTestDescriptor.execute(TestTemplateTestDescriptor.java:42)
	at org.junit.platform.engine.support.hierarchical.NodeTestTask.lambda$executeRecursively$5(NodeTestTask.java:139)
	at org.junit.platform.engine.support.hierarchical.ThrowableCollector.execute(ThrowableCollector.java:73)
	at org.junit.platform.engine.support.hierarchical.NodeTestTask.lambda$executeRecursively$7(NodeTestTask.java:129)
	at org.junit.platform.engine.support.hierarchical.Node.around(Node.java:137)
	at org.junit.platform.engine.support.hierarchical.NodeTestTask.lambda$executeRecursively$8(NodeTestTask.java:127)
	at org.junit.platform.engine.support.hierarchical.ThrowableCollector.execute(ThrowableCollector.java:73)
	at org.junit.platform.engine.support.hierarchical.NodeTestTask.executeRecursively(NodeTestTask.java:126)
	at org.junit.platform.engine.support.hierarchical.NodeTestTask.execute(NodeTestTask.java:84)
	at java.base/java.util.ArrayList.forEach(ArrayList.java:1597)
	at org.junit.platform.engine.support.hierarchical.SameThreadHierarchicalTestExecutorService.invokeAll(SameThreadHierarchicalTestExecutorService.java:38)
	at org.junit.platform.engine.support.hierarchical.NodeTestTask.lambda$executeRecursively$5(NodeTestTask.java:143)
	at org.junit.platform.engine.support.hierarchical.ThrowableCollector.execute(ThrowableCollector.java:73)
	at org.junit.platform.engine.support.hierarchical.NodeTestTask.lambda$executeRecursively$7(NodeTestTask.java:129)
	at org.junit.platform.engine.support.hierarchical.Node.around(Node.java:137)
	at org.junit.platform.engine.support.hierarchical.NodeTestTask.lambda$executeRecursively$8(NodeTestTask.java:127)
	at org.junit.platform.engine.support.hierarchical.ThrowableCollector.execute(ThrowableCollector.java:73)
	at org.junit.platform.engine.support.hierarchical.NodeTestTask.executeRecursively(NodeTestTask.java:126)
	at org.junit.platform.engine.support.hierarchical.NodeTestTask.execute(NodeTestTask.java:84)
	at java.base/java.util.ArrayList.forEach(ArrayList.java:1597)
	at org.junit.platform.engine.support.hierarchical.SameThreadHierarchicalTestExecutorService.invokeAll(SameThreadHierarchicalTestExecutorService.java:38)
	at org.junit.platform.engine.support.hierarchical.NodeTestTask.lambda$executeRecursively$5(NodeTestTask.java:143)
	at org.junit.platform.engine.support.hierarchical.ThrowableCollector.execute(ThrowableCollector.java:73)
	at org.junit.platform.engine.support.hierarchical.NodeTestTask.lambda$executeRecursively$7(NodeTestTask.java:129)
	at org.junit.platform.engine.support.hierarchical.Node.around(Node.java:137)
	at org.junit.platform.engine.support.hierarchical.NodeTestTask.lambda$executeRecursively$8(NodeTestTask.java:127)
	at org.junit.platform.engine.support.hierarchical.ThrowableCollector.execute(ThrowableCollector.java:73)
	at org.junit.platform.engine.support.hierarchical.NodeTestTask.executeRecursively(NodeTestTask.java:126)
	at org.junit.platform.engine.support.hierarchical.NodeTestTask.execute(NodeTestTask.java:84)
	at org.junit.platform.engine.support.hierarchical.SameThreadHierarchicalTestExecutorService.submit(SameThreadHierarchicalTestExecutorService.java:32)
	at org.junit.platform.engine.support.hierarchical.HierarchicalTestExecutor.execute(HierarchicalTestExecutor.java:57)
	at org.junit.platform.engine.support.hierarchical.HierarchicalTestEngine.execute(HierarchicalTestEngine.java:51)
	at org.junit.platform.launcher.core.EngineExecutionOrchestrator.execute(EngineExecutionOrchestrator.java:108)
	at org.junit.platform.launcher.core.EngineExecutionOrchestrator.execute(EngineExecutionOrchestrator.java:88)
	at org.junit.platform.launcher.core.EngineExecutionOrchestrator.lambda$execute$0(EngineExecutionOrchestrator.java:54)
	at org.junit.platform.launcher.core.EngineExecutionOrchestrator.withInterceptedStreams(EngineExecutionOrchestrator.java:67)
	at org.junit.platform.launcher.core.EngineExecutionOrchestrator.execute(EngineExecutionOrchestrator.java:52)
	at org.junit.platform.launcher.core.DefaultLauncher.execute(DefaultLauncher.java:96)
	at org.junit.platform.launcher.core.DefaultLauncher.execute(DefaultLauncher.java:75)
	at org.junit.platform.console.tasks.ConsoleTestExecutor.executeTests(ConsoleTestExecutor.java:66)
	at org.junit.platform.console.tasks.ConsoleTestExecutor.lambda$execute$0(ConsoleTestExecutor.java:58)
	at org.junit.platform.console.tasks.CustomContextClassLoaderExecutor.replaceThreadContextClassLoaderAndInvoke(CustomContextClassLoaderExecutor.java:41)
	at org.junit.platform.console.tasks.CustomContextClassLoaderExecutor.invoke(CustomContextClassLoaderExecutor.java:31)
	at org.junit.platform.console.tasks.ConsoleTestExecutor.execute(ConsoleTestExecutor.java:58)
	at org.junit.platform.console.ConsoleLauncher.executeTests(ConsoleLauncher.java:95)
	at org.junit.platform.console.ConsoleLauncher.execute(ConsoleLauncher.java:73)
	at org.junit.platform.console.ConsoleLauncher.execute(ConsoleLauncher.java:50)
	at org.junit.platform.console.ConsoleLauncher.execute(ConsoleLauncher.java:43)
	at org.junit.platform.console.ConsoleLauncher.main(ConsoleLauncher.java:37)
]]></failure>
<system-out><![CDATA[
unique-id: [engine:junit-jupiter]/[class:pilesimple.test.PileIntTest]/[test-template:testDepiler(pilesimple.PileInt)]/[test-template-invocation:#7]
display-name: [7] PileInt(17/20):[1428472226 -637821803 -706447001 1150321620 864544919 0 0 0 0 0 0 0 0 0 0 0 0 ]
]]></system-out>
</testcase>
<testcase name="testDepiler(PileInt)[8]" classname="pilesimple.test.PileIntTest" time="0">
<failure message="expected: &lt;1&gt; but was: &lt;2&gt;" type="org.opentest4j.AssertionFailedError"><![CDATA[org.opentest4j.AssertionFailedError: expected: <1> but was: <2>
	at org.junit.jupiter.api.AssertionUtils.fail(AssertionUtils.java:55)
	at org.junit.jupiter.api.AssertionUtils.failNotEqual(AssertionUtils.java:62)
	at org.junit.jupiter.api.AssertEquals.assertEquals(AssertEquals.java:150)
	at org.junit.jupiter.api.AssertEquals.assertEquals(AssertEquals.java:145)
	at org.junit.jupiter.api.Assertions.assertEquals(Assertions.java:510)
	at pilesimple.test.PileIntTest.testDepiler(PileIntTest.java:363)
	at java.base/jdk.internal.reflect.DirectMethodHandleAccessor.invoke(DirectMethodHandleAccessor.java:103)
	at java.base/java.lang.reflect.Method.invoke(Method.java:580)
	at org.junit.platform.commons.util.ReflectionUtils.invokeMethod(ReflectionUtils.java:688)
	at org.junit.jupiter.engine.execution.MethodInvocation.proceed(MethodInvocation.java:60)
	at org.junit.jupiter.engine.execution.InvocationInterceptorChain$ValidatingInvocation.proceed(InvocationInterceptorChain.java:131)
	at org.junit.jupiter.engine.extension.TimeoutExtension.intercept(TimeoutExtension.java:149)
	at org.junit.jupiter.engine.extension.TimeoutExtension.interceptTestableMethod(TimeoutExtension.java:140)
	at org.junit.jupiter.engine.extension.TimeoutExtension.interceptTestTemplateMethod(TimeoutExtension.java:92)
	at org.junit.jupiter.engine.execution.ExecutableInvoker$ReflectiveInterceptorCall.lambda$ofVoidMethod$0(ExecutableInvoker.java:115)
	at org.junit.jupiter.engine.execution.ExecutableInvoker.lambda$invoke$0(ExecutableInvoker.java:105)
	at org.junit.jupiter.engine.execution.InvocationInterceptorChain$InterceptedInvocation.proceed(InvocationInterceptorChain.java:106)
	at org.junit.jupiter.engine.execution.InvocationInterceptorChain.proceed(InvocationInterceptorChain.java:64)
	at org.junit.jupiter.engine.execution.InvocationInterceptorChain.chainAndInvoke(InvocationInterceptorChain.java:45)
	at org.junit.jupiter.engine.execution.InvocationInterceptorChain.invoke(InvocationInterceptorChain.java:37)
	at org.junit.jupiter.engine.execution.ExecutableInvoker.invoke(ExecutableInvoker.java:104)
	at org.junit.jupiter.engine.execution.ExecutableInvoker.invoke(ExecutableInvoker.java:98)
	at org.junit.jupiter.engine.descriptor.TestMethodTestDescriptor.lambda$invokeTestMethod$6(TestMethodTestDescriptor.java:210)
	at org.junit.platform.engine.support.hierarchical.ThrowableCollector.execute(ThrowableCollector.java:73)
	at org.junit.jupiter.engine.descriptor.TestMethodTestDescriptor.invokeTestMethod(TestMethodTestDescriptor.java:206)
	at org.junit.jupiter.engine.descriptor.TestMethodTestDescriptor.execute(TestMethodTestDescriptor.java:131)
	at org.junit.jupiter.engine.descriptor.TestMethodTestDescriptor.execute(TestMethodTestDescriptor.java:65)
	at org.junit.platform.engine.support.hierarchical.NodeTestTask.lambda$executeRecursively$5(NodeTestTask.java:139)
	at org.junit.platform.engine.support.hierarchical.ThrowableCollector.execute(ThrowableCollector.java:73)
	at org.junit.platform.engine.support.hierarchical.NodeTestTask.lambda$executeRecursively$7(NodeTestTask.java:129)
	at org.junit.platform.engine.support.hierarchical.Node.around(Node.java:137)
	at org.junit.platform.engine.support.hierarchical.NodeTestTask.lambda$executeRecursively$8(NodeTestTask.java:127)
	at org.junit.platform.engine.support.hierarchical.ThrowableCollector.execute(ThrowableCollector.java:73)
	at org.junit.platform.engine.support.hierarchical.NodeTestTask.executeRecursively(NodeTestTask.java:126)
	at org.junit.platform.engine.support.hierarchical.NodeTestTask.execute(NodeTestTask.java:84)
	at org.junit.platform.engine.support.hierarchical.SameThreadHierarchicalTestExecutorService.submit(SameThreadHierarchicalTestExecutorService.java:32)
	at org.junit.platform.engine.support.hierarchical.NodeTestTask$DefaultDynamicTestExecutor.execute(NodeTestTask.java:212)
	at org.junit.platform.engine.support.hierarchical.NodeTestTask$DefaultDynamicTestExecutor.execute(NodeTestTask.java:192)
	at org.junit.jupiter.engine.descriptor.TestTemplateTestDescriptor.execute(TestTemplateTestDescriptor.java:139)
	at org.junit.jupiter.engine.descriptor.TestTemplateTestDescriptor.lambda$execute$2(TestTemplateTestDescriptor.java:107)
	at java.base/java.util.stream.ForEachOps$ForEachOp$OfRef.accept(ForEachOps.java:184)
	at java.base/java.util.stream.ReferencePipeline$3$1.accept(ReferencePipeline.java:215)
	at java.base/java.util.stream.ReferencePipeline$2$1.accept(ReferencePipeline.java:197)
	at java.base/java.util.stream.ReferencePipeline$3$1.accept(ReferencePipeline.java:215)
	at java.base/java.util.stream.ForEachOps$ForEachOp$OfRef.accept(ForEachOps.java:184)
	at java.base/java.util.stream.ReferencePipeline$15$1.accept(ReferencePipeline.java:581)
	at java.base/java.util.stream.ReferencePipeline$3$1.accept(ReferencePipeline.java:215)
	at java.base/java.util.stream.ReferencePipeline$3$1.accept(ReferencePipeline.java:215)
	at java.base/java.util.stream.ReferencePipeline$3$1.accept(ReferencePipeline.java:215)
	at java.base/java.util.stream.ForEachOps$ForEachOp$OfRef.accept(ForEachOps.java:184)
	at java.base/java.util.stream.ReferencePipeline$3$1.accept(ReferencePipeline.java:215)
	at java.base/java.util.stream.ForEachOps$ForEachOp$OfRef.accept(ForEachOps.java:184)
	at java.base/java.util.stream.ReferencePipeline$3$1.accept(ReferencePipeline.java:215)
	at java.base/java.util.stream.ReferencePipeline$2$1.accept(ReferencePipeline.java:197)
	at java.base/java.util.ArrayList$ArrayListSpliterator.forEachRemaining(ArrayList.java:1709)
	at java.base/java.util.stream.AbstractPipeline.copyInto(AbstractPipeline.java:570)
	at java.base/java.util.stream.AbstractPipeline.wrapAndCopyInto(AbstractPipeline.java:560)
	at java.base/java.util.stream.ForEachOps$ForEachOp.evaluateSequential(ForEachOps.java:151)
	at java.base/java.util.stream.ForEachOps$ForEachOp$OfRef.evaluateSequential(ForEachOps.java:174)
	at java.base/java.util.stream.AbstractPipeline.evaluate(AbstractPipeline.java:265)
	at java.base/java.util.stream.ReferencePipeline.forEach(ReferencePipeline.java:636)
	at java.base/java.util.stream.ReferencePipeline$7$1FlatMap.accept(ReferencePipeline.java:294)
	at java.base/java.util.stream.ReferencePipeline$3$1.accept(ReferencePipeline.java:215)
	at java.base/java.util.stream.ReferencePipeline$3$1.accept(ReferencePipeline.java:215)
	at java.base/java.util.Spliterators$ArraySpliterator.forEachRemaining(Spliterators.java:1024)
	at java.base/java.util.stream.AbstractPipeline.copyInto(AbstractPipeline.java:570)
	at java.base/java.util.stream.AbstractPipeline.wrapAndCopyInto(AbstractPipeline.java:560)
	at java.base/java.util.stream.ForEachOps$ForEachOp.evaluateSequential(ForEachOps.java:151)
	at java.base/java.util.stream.ForEachOps$ForEachOp$OfRef.evaluateSequential(ForEachOps.java:174)
	at java.base/java.util.stream.AbstractPipeline.evaluate(AbstractPipeline.java:265)
	at java.base/java.util.stream.ReferencePipeline.forEach(ReferencePipeline.java:636)
	at java.base/java.util.stream.ReferencePipeline$7$1FlatMap.accept(ReferencePipeline.java:294)
	at java.base/java.util.stream.ReferencePipeline$3$1.accept(ReferencePipeline.java:215)
	at java.base/java.util.stream.ReferencePipeline$3$1.accept(ReferencePipeline.java:215)
	at java.base/java.util.stream.ReferencePipeline$3$1.accept(ReferencePipeline.java:215)
	at java.base/java.util.ArrayList$ArrayListSpliterator.forEachRemaining(ArrayList.java:1709)
	at java.base/java.util.stream.AbstractPipeline.copyInto(AbstractPipeline.java:570)
	at java.base/java.util.stream.AbstractPipeline.wrapAndCopyInto(AbstractPipeline.java:560)
	at java.base/java.util.stream.ForEachOps$ForEachOp.evaluateSequential(ForEachOps.java:151)
	at java.base/java.util.stream.ForEachOps$ForEachOp$OfRef.evaluateSequential(ForEachOps.java:174)
	at java.base/java.util.stream.AbstractPipeline.evaluate(AbstractPipeline.java:265)
	at java.base/java.util.stream.ReferencePipeline.forEach(ReferencePipeline.java:636)
	at java.base/java.util.stream.ReferencePipeline$7$1FlatMap.accept(ReferencePipeline.java:294)
	at java.base/java.util.ArrayList$ArrayListSpliterator.forEachRemaining(ArrayList.java:1709)
	at java.base/java.util.stream.AbstractPipeline.copyInto(AbstractPipeline.java:570)
	at java.base/java.util.stream.AbstractPipeline.wrapAndCopyInto(AbstractPipeline.java:560)
	at java.base/java.util.stream.ForEachOps$ForEachOp.evaluateSequential(ForEachOps.java:151)
	at java.base/java.util.stream.ForEachOps$ForEachOp$OfRef.evaluateSequential(ForEachOps.java:174)
	at java.base/java.util.stream.AbstractPipeline.evaluate(AbstractPipeline.java:265)
	at java.base/java.util.stream.ReferencePipeline.forEach(ReferencePipeline.java:636)
	at org.junit.jupiter.engine.descriptor.TestTemplateTestDescriptor.execute(TestTemplateTestDescriptor.java:107)
	at org.junit.jupiter.engine.descriptor.TestTemplateTestDescriptor.execute(TestTemplateTestDescriptor.java:42)
	at org.junit.platform.engine.support.hierarchical.NodeTestTask.lambda$executeRecursively$5(NodeTestTask.java:139)
	at org.junit.platform.engine.support.hierarchical.ThrowableCollector.execute(ThrowableCollector.java:73)
	at org.junit.platform.engine.support.hierarchical.NodeTestTask.lambda$executeRecursively$7(NodeTestTask.java:129)
	at org.junit.platform.engine.support.hierarchical.Node.around(Node.java:137)
	at org.junit.platform.engine.support.hierarchical.NodeTestTask.lambda$executeRecursively$8(NodeTestTask.java:127)
	at org.junit.platform.engine.support.hierarchical.ThrowableCollector.execute(ThrowableCollector.java:73)
	at org.junit.platform.engine.support.hierarchical.NodeTestTask.executeRecursively(NodeTestTask.java:126)
	at org.junit.platform.engine.support.hierarchical.NodeTestTask.execute(NodeTestTask.java:84)
	at java.base/java.util.ArrayList.forEach(ArrayList.java:1597)
	at org.junit.platform.engine.support.hierarchical.SameThreadHierarchicalTestExecutorService.invokeAll(SameThreadHierarchicalTestExecutorService.java:38)
	at org.junit.platform.engine.support.hierarchical.NodeTestTask.lambda$executeRecursively$5(NodeTestTask.java:143)
	at org.junit.platform.engine.support.hierarchical.ThrowableCollector.execute(ThrowableCollector.java:73)
	at org.junit.platform.engine.support.hierarchical.NodeTestTask.lambda$executeRecursively$7(NodeTestTask.java:129)
	at org.junit.platform.engine.support.hierarchical.Node.around(Node.java:137)
	at org.junit.platform.engine.support.hierarchical.NodeTestTask.lambda$executeRecursively$8(NodeTestTask.java:127)
	at org.junit.platform.engine.support.hierarchical.ThrowableCollector.execute(ThrowableCollector.java:73)
	at org.junit.platform.engine.support.hierarchical.NodeTestTask.executeRecursively(NodeTestTask.java:126)
	at org.junit.platform.engine.support.hierarchical.NodeTestTask.execute(NodeTestTask.java:84)
	at java.base/java.util.ArrayList.forEach(ArrayList.java:1597)
	at org.junit.platform.engine.support.hierarchical.SameThreadHierarchicalTestExecutorService.invokeAll(SameThreadHierarchicalTestExecutorService.java:38)
	at org.junit.platform.engine.support.hierarchical.NodeTestTask.lambda$executeRecursively$5(NodeTestTask.java:143)
	at org.junit.platform.engine.support.hierarchical.ThrowableCollector.execute(ThrowableCollector.java:73)
	at org.junit.platform.engine.support.hierarchical.NodeTestTask.lambda$executeRecursively$7(NodeTestTask.java:129)
	at org.junit.platform.engine.support.hierarchical.Node.around(Node.java:137)
	at org.junit.platform.engine.support.hierarchical.NodeTestTask.lambda$executeRecursively$8(NodeTestTask.java:127)
	at org.junit.platform.engine.support.hierarchical.ThrowableCollector.execute(ThrowableCollector.java:73)
	at org.junit.platform.engine.support.hierarchical.NodeTestTask.executeRecursively(NodeTestTask.java:126)
	at org.junit.platform.engine.support.hierarchical.NodeTestTask.execute(NodeTestTask.java:84)
	at org.junit.platform.engine.support.hierarchical.SameThreadHierarchicalTestExecutorService.submit(SameThreadHierarchicalTestExecutorService.java:32)
	at org.junit.platform.engine.support.hierarchical.HierarchicalTestExecutor.execute(HierarchicalTestExecutor.java:57)
	at org.junit.platform.engine.support.hierarchical.HierarchicalTestEngine.execute(HierarchicalTestEngine.java:51)
	at org.junit.platform.launcher.core.EngineExecutionOrchestrator.execute(EngineExecutionOrchestrator.java:108)
	at org.junit.platform.launcher.core.EngineExecutionOrchestrator.execute(EngineExecutionOrchestrator.java:88)
	at org.junit.platform.launcher.core.EngineExecutionOrchestrator.lambda$execute$0(EngineExecutionOrchestrator.java:54)
	at org.junit.platform.launcher.core.EngineExecutionOrchestrator.withInterceptedStreams(EngineExecutionOrchestrator.java:67)
	at org.junit.platform.launcher.core.EngineExecutionOrchestrator.execute(EngineExecutionOrchestrator.java:52)
	at org.junit.platform.launcher.core.DefaultLauncher.execute(DefaultLauncher.java:96)
	at org.junit.platform.launcher.core.DefaultLauncher.execute(DefaultLauncher.java:75)
	at org.junit.platform.console.tasks.ConsoleTestExecutor.executeTests(ConsoleTestExecutor.java:66)
	at org.junit.platform.console.tasks.ConsoleTestExecutor.lambda$execute$0(ConsoleTestExecutor.java:58)
	at org.junit.platform.console.tasks.CustomContextClassLoaderExecutor.replaceThreadContextClassLoaderAndInvoke(CustomContextClassLoaderExecutor.java:41)
	at org.junit.platform.console.tasks.CustomContextClassLoaderExecutor.invoke(CustomContextClassLoaderExecutor.java:31)
	at org.junit.platform.console.tasks.ConsoleTestExecutor.execute(ConsoleTestExecutor.java:58)
	at org.junit.platform.console.ConsoleLauncher.executeTests(ConsoleLauncher.java:95)
	at org.junit.platform.console.ConsoleLauncher.execute(ConsoleLauncher.java:73)
	at org.junit.platform.console.ConsoleLauncher.execute(ConsoleLauncher.java:50)
	at org.junit.platform.console.ConsoleLauncher.execute(ConsoleLauncher.java:43)
	at org.junit.platform.console.ConsoleLauncher.main(ConsoleLauncher.java:37)
]]></failure>
<system-out><![CDATA[
unique-id: [engine:junit-jupiter]/[class:pilesimple.test.PileIntTest]/[test-template:testDepiler(pilesimple.PileInt)]/[test-template-invocation:#8]
display-name: [8] PileInt(3/28):[703876638 393883502 -735980280 ]
]]></system-out>
</testcase>
<testcase name="testDepiler(PileInt)[9]" classname="pilesimple.test.PileIntTest" time="0">
<failure message="expected: &lt;1&gt; but was: &lt;2&gt;" type="org.opentest4j.AssertionFailedError"><![CDATA[org.opentest4j.AssertionFailedError: expected: <1> but was: <2>
	at org.junit.jupiter.api.AssertionUtils.fail(AssertionUtils.java:55)
	at org.junit.jupiter.api.AssertionUtils.failNotEqual(AssertionUtils.java:62)
	at org.junit.jupiter.api.AssertEquals.assertEquals(AssertEquals.java:150)
	at org.junit.jupiter.api.AssertEquals.assertEquals(AssertEquals.java:145)
	at org.junit.jupiter.api.Assertions.assertEquals(Assertions.java:510)
	at pilesimple.test.PileIntTest.testDepiler(PileIntTest.java:363)
	at java.base/jdk.internal.reflect.DirectMethodHandleAccessor.invoke(DirectMethodHandleAccessor.java:103)
	at java.base/java.lang.reflect.Method.invoke(Method.java:580)
	at org.junit.platform.commons.util.ReflectionUtils.invokeMethod(ReflectionUtils.java:688)
	at org.junit.jupiter.engine.execution.MethodInvocation.proceed(MethodInvocation.java:60)
	at org.junit.jupiter.engine.execution.InvocationInterceptorChain$ValidatingInvocation.proceed(InvocationInterceptorChain.java:131)
	at org.junit.jupiter.engine.extension.TimeoutExtension.intercept(TimeoutExtension.java:149)
	at org.junit.jupiter.engine.extension.TimeoutExtension.interceptTestableMethod(TimeoutExtension.java:140)
	at org.junit.jupiter.engine.extension.TimeoutExtension.interceptTestTemplateMethod(TimeoutExtension.java:92)
	at org.junit.jupiter.engine.execution.ExecutableInvoker$ReflectiveInterceptorCall.lambda$ofVoidMethod$0(ExecutableInvoker.java:115)
	at org.junit.jupiter.engine.execution.ExecutableInvoker.lambda$invoke$0(ExecutableInvoker.java:105)
	at org.junit.jupiter.engine.execution.InvocationInterceptorChain$InterceptedInvocation.proceed(InvocationInterceptorChain.java:106)
	at org.junit.jupiter.engine.execution.InvocationInterceptorChain.proceed(InvocationInterceptorChain.java:64)
	at org.junit.jupiter.engine.execution.InvocationInterceptorChain.chainAndInvoke(InvocationInterceptorChain.java:45)
	at org.junit.jupiter.engine.execution.InvocationInterceptorChain.invoke(InvocationInterceptorChain.java:37)
	at org.junit.jupiter.engine.execution.ExecutableInvoker.invoke(ExecutableInvoker.java:104)
	at org.junit.jupiter.engine.execution.ExecutableInvoker.invoke(ExecutableInvoker.java:98)
	at org.junit.jupiter.engine.descriptor.TestMethodTestDescriptor.lambda$invokeTestMethod$6(TestMethodTestDescriptor.java:210)
	at org.junit.platform.engine.support.hierarchical.ThrowableCollector.execute(ThrowableCollector.java:73)
	at org.junit.jupiter.engine.descriptor.TestMethodTestDescriptor.invokeTestMethod(TestMethodTestDescriptor.java:206)
	at org.junit.jupiter.engine.descriptor.TestMethodTestDescriptor.execute(TestMethodTestDescriptor.java:131)
	at org.junit.jupiter.engine.descriptor.TestMethodTestDescriptor.execute(TestMethodTestDescriptor.java:65)
	at org.junit.platform.engine.support.hierarchical.NodeTestTask.lambda$executeRecursively$5(NodeTestTask.java:139)
	at org.junit.platform.engine.support.hierarchical.ThrowableCollector.execute(ThrowableCollector.java:73)
	at org.junit.platform.engine.support.hierarchical.NodeTestTask.lambda$executeRecursively$7(NodeTestTask.java:129)
	at org.junit.platform.engine.support.hierarchical.Node.around(Node.java:137)
	at org.junit.platform.engine.support.hierarchical.NodeTestTask.lambda$executeRecursively$8(NodeTestTask.java:127)
	at org.junit.platform.engine.support.hierarchical.ThrowableCollector.execute(ThrowableCollector.java:73)
	at org.junit.platform.engine.support.hierarchical.NodeTestTask.executeRecursively(NodeTestTask.java:126)
	at org.junit.platform.engine.support.hierarchical.NodeTestTask.execute(NodeTestTask.java:84)
	at org.junit.platform.engine.support.hierarchical.SameThreadHierarchicalTestExecutorService.submit(SameThreadHierarchicalTestExecutorService.java:32)
	at org.junit.platform.engine.support.hierarchical.NodeTestTask$DefaultDynamicTestExecutor.execute(NodeTestTask.java:212)
	at org.junit.platform.engine.support.hierarchical.NodeTestTask$DefaultDynamicTestExecutor.execute(NodeTestTask.java:192)
	at org.junit.jupiter.engine.descriptor.TestTemplateTestDescriptor.execute(TestTemplateTestDescriptor.java:139)
	at org.junit.jupiter.engine.descriptor.TestTemplateTestDescriptor.lambda$execute$2(TestTemplateTestDescriptor.java:107)
	at java.base/java.util.stream.ForEachOps$ForEachOp$OfRef.accept(ForEachOps.java:184)
	at java.base/java.util.stream.ReferencePipeline$3$1.accept(ReferencePipeline.java:215)
	at java.base/java.util.stream.ReferencePipeline$2$1.accept(ReferencePipeline.java:197)
	at java.base/java.util.stream.ReferencePipeline$3$1.accept(ReferencePipeline.java:215)
	at java.base/java.util.stream.ForEachOps$ForEachOp$OfRef.accept(ForEachOps.java:184)
	at java.base/java.util.stream.ReferencePipeline$15$1.accept(ReferencePipeline.java:581)
	at java.base/java.util.stream.ReferencePipeline$3$1.accept(ReferencePipeline.java:215)
	at java.base/java.util.stream.ReferencePipeline$3$1.accept(ReferencePipeline.java:215)
	at java.base/java.util.stream.ReferencePipeline$3$1.accept(ReferencePipeline.java:215)
	at java.base/java.util.stream.ForEachOps$ForEachOp$OfRef.accept(ForEachOps.java:184)
	at java.base/java.util.stream.ReferencePipeline$3$1.accept(ReferencePipeline.java:215)
	at java.base/java.util.stream.ForEachOps$ForEachOp$OfRef.accept(ForEachOps.java:184)
	at java.base/java.util.stream.ReferencePipeline$3$1.accept(ReferencePipeline.java:215)
	at java.base/java.util.stream.ReferencePipeline$2$1.accept(ReferencePipeline.java:197)
	at java.base/java.util.ArrayList$ArrayListSpliterator.forEachRemaining(ArrayList.java:1709)
	at java.base/java.util.stream.AbstractPipeline.copyInto(AbstractPipeline.java:570)
	at java.base/java.util.stream.AbstractPipeline.wrapAndCopyInto(AbstractPipeline.java:560)
	at java.base/java.util.stream.ForEachOps$ForEachOp.evaluateSequential(ForEachOps.java:151)
	at java.base/java.util.stream.ForEachOps$ForEachOp$OfRef.evaluateSequential(ForEachOps.java:174)
	at java.base/java.util.stream.AbstractPipeline.evaluate(AbstractPipeline.java:265)
	at java.base/java.util.stream.ReferencePipeline.forEach(ReferencePipeline.java:636)
	at java.base/java.util.stream.ReferencePipeline$7$1FlatMap.accept(ReferencePipeline.java:294)
	at java.base/java.util.stream.ReferencePipeline$3$1.accept(ReferencePipeline.java:215)
	at java.base/java.util.stream.ReferencePipeline$3$1.accept(ReferencePipeline.java:215)
	at java.base/java.util.Spliterators$ArraySpliterator.forEachRemaining(Spliterators.java:1024)
	at java.base/java.util.stream.AbstractPipeline.copyInto(AbstractPipeline.java:570)
	at java.base/java.util.stream.AbstractPipeline.wrapAndCopyInto(AbstractPipeline.java:560)
	at java.base/java.util.stream.ForEachOps$ForEachOp.evaluateSequential(ForEachOps.java:151)
	at java.base/java.util.stream.ForEachOps$ForEachOp$OfRef.evaluateSequential(ForEachOps.java:174)
	at java.base/java.util.stream.AbstractPipeline.evaluate(AbstractPipeline.java:265)
	at java.base/java.util.stream.ReferencePipeline.forEach(ReferencePipeline.java:636)
	at java.base/java.util.stream.ReferencePipeline$7$1FlatMap.accept(ReferencePipeline.java:294)
	at java.base/java.util.stream.ReferencePipeline$3$1.accept(ReferencePipeline.java:215)
	at java.base/java.util.stream.ReferencePipeline$3$1.accept(ReferencePipeline.java:215)
	at java.base/java.util.stream.ReferencePipeline$3$1.accept(ReferencePipeline.java:215)
	at java.base/java.util.ArrayList$ArrayListSpliterator.forEachRemaining(ArrayList.java:1709)
	at java.base/java.util.stream.AbstractPipeline.copyInto(AbstractPipeline.java:570)
	at java.base/java.util.stream.AbstractPipeline.wrapAndCopyInto(AbstractPipeline.java:560)
	at java.base/java.util.stream.ForEachOps$ForEachOp.evaluateSequential(ForEachOps.java:151)
	at java.base/java.util.stream.ForEachOps$ForEachOp$OfRef.evaluateSequential(ForEachOps.java:174)
	at java.base/java.util.stream.AbstractPipeline.evaluate(AbstractPipeline.java:265)
	at java.base/java.util.stream.ReferencePipeline.forEach(ReferencePipeline.java:636)
	at java.base/java.util.stream.ReferencePipeline$7$1FlatMap.accept(ReferencePipeline.java:294)
	at java.base/java.util.ArrayList$ArrayListSpliterator.forEachRemaining(ArrayList.java:1709)
	at java.base/java.util.stream.AbstractPipeline.copyInto(AbstractPipeline.java:570)
	at java.base/java.util.stream.AbstractPipeline.wrapAndCopyInto(AbstractPipeline.java:560)
	at java.base/java.util.stream.ForEachOps$ForEachOp.evaluateSequential(ForEachOps.java:151)
	at java.base/java.util.stream.ForEachOps$ForEachOp$OfRef.evaluateSequential(ForEachOps.java:174)
	at java.base/java.util.stream.AbstractPipeline.evaluate(AbstractPipeline.java:265)
	at java.base/java.util.stream.ReferencePipeline.forEach(ReferencePipeline.java:636)
	at org.junit.jupiter.engine.descriptor.TestTemplateTestDescriptor.execute(TestTemplateTestDescriptor.java:107)
	at org.junit.jupiter.engine.descriptor.TestTemplateTestDescriptor.execute(TestTemplateTestDescriptor.java:42)
	at org.junit.platform.engine.support.hierarchical.NodeTestTask.lambda$executeRecursively$5(NodeTestTask.java:139)
	at org.junit.platform.engine.support.hierarchical.ThrowableCollector.execute(ThrowableCollector.java:73)
	at org.junit.platform.engine.support.hierarchical.NodeTestTask.lambda$executeRecursively$7(NodeTestTask.java:129)
	at org.junit.platform.engine.support.hierarchical.Node.around(Node.java:137)
	at org.junit.platform.engine.support.hierarchical.NodeTestTask.lambda$executeRecursively$8(NodeTestTask.java:127)
	at org.junit.platform.engine.support.hierarchical.ThrowableCollector.execute(ThrowableCollector.java:73)
	at org.junit.platform.engine.support.hierarchical.NodeTestTask.executeRecursively(NodeTestTask.java:126)
	at org.junit.platform.engine.support.hierarchical.NodeTestTask.execute(NodeTestTask.java:84)
	at java.base/java.util.ArrayList.forEach(ArrayList.java:1597)
	at org.junit.platform.engine.support.hierarchical.SameThreadHierarchicalTestExecutorService.invokeAll(SameThreadHierarchicalTestExecutorService.java:38)
	at org.junit.platform.engine.support.hierarchical.NodeTestTask.lambda$executeRecursively$5(NodeTestTask.java:143)
	at org.junit.platform.engine.support.hierarchical.ThrowableCollector.execute(ThrowableCollector.java:73)
	at org.junit.platform.engine.support.hierarchical.NodeTestTask.lambda$executeRecursively$7(NodeTestTask.java:129)
	at org.junit.platform.engine.support.hierarchical.Node.around(Node.java:137)
	at org.junit.platform.engine.support.hierarchical.NodeTestTask.lambda$executeRecursively$8(NodeTestTask.java:127)
	at org.junit.platform.engine.support.hierarchical.ThrowableCollector.execute(ThrowableCollector.java:73)
	at org.junit.platform.engine.support.hierarchical.NodeTestTask.executeRecursively(NodeTestTask.java:126)
	at org.junit.platform.engine.support.hierarchical.NodeTestTask.execute(NodeTestTask.java:84)
	at java.base/java.util.ArrayList.forEach(ArrayList.java:1597)
	at org.junit.platform.engine.support.hierarchical.SameThreadHierarchicalTestExecutorService.invokeAll(SameThreadHierarchicalTestExecutorService.java:38)
	at org.junit.platform.engine.support.hierarchical.NodeTestTask.lambda$executeRecursively$5(NodeTestTask.java:143)
	at org.junit.platform.engine.support.hierarchical.ThrowableCollector.execute(ThrowableCollector.java:73)
	at org.junit.platform.engine.support.hierarchical.NodeTestTask.lambda$executeRecursively$7(NodeTestTask.java:129)
	at org.junit.platform.engine.support.hierarchical.Node.around(Node.java:137)
	at org.junit.platform.engine.support.hierarchical.NodeTestTask.lambda$executeRecursively$8(NodeTestTask.java:127)
	at org.junit.platform.engine.support.hierarchical.ThrowableCollector.execute(ThrowableCollector.java:73)
	at org.junit.platform.engine.support.hierarchical.NodeTestTask.executeRecursively(NodeTestTask.java:126)
	at org.junit.platform.engine.support.hierarchical.NodeTestTask.execute(NodeTestTask.java:84)
	at org.junit.platform.engine.support.hierarchical.SameThreadHierarchicalTestExecutorService.submit(SameThreadHierarchicalTestExecutorService.java:32)
	at org.junit.platform.engine.support.hierarchical.HierarchicalTestExecutor.execute(HierarchicalTestExecutor.java:57)
	at org.junit.platform.engine.support.hierarchical.HierarchicalTestEngine.execute(HierarchicalTestEngine.java:51)
	at org.junit.platform.launcher.core.EngineExecutionOrchestrator.execute(EngineExecutionOrchestrator.java:108)
	at org.junit.platform.launcher.core.EngineExecutionOrchestrator.execute(EngineExecutionOrchestrator.java:88)
	at org.junit.platform.launcher.core.EngineExecutionOrchestrator.lambda$execute$0(EngineExecutionOrchestrator.java:54)
	at org.junit.platform.launcher.core.EngineExecutionOrchestrator.withInterceptedStreams(EngineExecutionOrchestrator.java:67)
	at org.junit.platform.launcher.core.EngineExecutionOrchestrator.execute(EngineExecutionOrchestrator.java:52)
	at org.junit.platform.launcher.core.DefaultLauncher.execute(DefaultLauncher.java:96)
	at org.junit.platform.launcher.core.DefaultLauncher.execute(DefaultLauncher.java:75)
	at org.junit.platform.console.tasks.ConsoleTestExecutor.executeTests(ConsoleTestExecutor.java:66)
	at org.junit.platform.console.tasks.ConsoleTestExecutor.lambda$execute$0(ConsoleTestExecutor.java:58)
	at org.junit.platform.console.tasks.CustomContextClassLoaderExecutor.replaceThreadContextClassLoaderAndInvoke(CustomContextClassLoaderExecutor.java:41)
	at org.junit.platform.console.tasks.CustomContextClassLoaderExecutor.invoke(CustomContextClassLoaderExecutor.java:31)
	at org.junit.platform.console.tasks.ConsoleTestExecutor.execute(ConsoleTestExecutor.java:58)
	at org.junit.platform.console.ConsoleLauncher.executeTests(ConsoleLauncher.java:95)
	at org.junit.platform.console.ConsoleLauncher.execute(ConsoleLauncher.java:73)
	at org.junit.platform.console.ConsoleLauncher.execute(ConsoleLauncher.java:50)
	at org.junit.platform.console.ConsoleLauncher.execute(ConsoleLauncher.java:43)
	at org.junit.platform.console.ConsoleLauncher.main(ConsoleLauncher.java:37)
]]></failure>
<system-out><![CDATA[
unique-id: [engine:junit-jupiter]/[class:pilesimple.test.PileIntTest]/[test-template:testDepiler(pilesimple.PileInt)]/[test-template-invocation:#9]
display-name: [9] PileInt(3/6):[0 0 0 ]
]]></system-out>
</testcase>
<testcase name="testDepiler(PileInt)[10]" classname="pilesimple.test.PileIntTest" time="0">
<failure message="expected: &lt;6&gt; but was: &lt;7&gt;" type="org.opentest4j.AssertionFailedError"><![CDATA[org.opentest4j.AssertionFailedError: expected: <6> but was: <7>
	at org.junit.jupiter.api.AssertionUtils.fail(AssertionUtils.java:55)
	at org.junit.jupiter.api.AssertionUtils.failNotEqual(AssertionUtils.java:62)
	at org.junit.jupiter.api.AssertEquals.assertEquals(AssertEquals.java:150)
	at org.junit.jupiter.api.AssertEquals.assertEquals(AssertEquals.java:145)
	at org.junit.jupiter.api.Assertions.assertEquals(Assertions.java:510)
	at pilesimple.test.PileIntTest.testDepiler(PileIntTest.java:363)
	at java.base/jdk.internal.reflect.DirectMethodHandleAccessor.invoke(DirectMethodHandleAccessor.java:103)
	at java.base/java.lang.reflect.Method.invoke(Method.java:580)
	at org.junit.platform.commons.util.ReflectionUtils.invokeMethod(ReflectionUtils.java:688)
	at org.junit.jupiter.engine.execution.MethodInvocation.proceed(MethodInvocation.java:60)
	at org.junit.jupiter.engine.execution.InvocationInterceptorChain$ValidatingInvocation.proceed(InvocationInterceptorChain.java:131)
	at org.junit.jupiter.engine.extension.TimeoutExtension.intercept(TimeoutExtension.java:149)
	at org.junit.jupiter.engine.extension.TimeoutExtension.interceptTestableMethod(TimeoutExtension.java:140)
	at org.junit.jupiter.engine.extension.TimeoutExtension.interceptTestTemplateMethod(TimeoutExtension.java:92)
	at org.junit.jupiter.engine.execution.ExecutableInvoker$ReflectiveInterceptorCall.lambda$ofVoidMethod$0(ExecutableInvoker.java:115)
	at org.junit.jupiter.engine.execution.ExecutableInvoker.lambda$invoke$0(ExecutableInvoker.java:105)
	at org.junit.jupiter.engine.execution.InvocationInterceptorChain$InterceptedInvocation.proceed(InvocationInterceptorChain.java:106)
	at org.junit.jupiter.engine.execution.InvocationInterceptorChain.proceed(InvocationInterceptorChain.java:64)
	at org.junit.jupiter.engine.execution.InvocationInterceptorChain.chainAndInvoke(InvocationInterceptorChain.java:45)
	at org.junit.jupiter.engine.execution.InvocationInterceptorChain.invoke(InvocationInterceptorChain.java:37)
	at org.junit.jupiter.engine.execution.ExecutableInvoker.invoke(ExecutableInvoker.java:104)
	at org.junit.jupiter.engine.execution.ExecutableInvoker.invoke(ExecutableInvoker.java:98)
	at org.junit.jupiter.engine.descriptor.TestMethodTestDescriptor.lambda$invokeTestMethod$6(TestMethodTestDescriptor.java:210)
	at org.junit.platform.engine.support.hierarchical.ThrowableCollector.execute(ThrowableCollector.java:73)
	at org.junit.jupiter.engine.descriptor.TestMethodTestDescriptor.invokeTestMethod(TestMethodTestDescriptor.java:206)
	at org.junit.jupiter.engine.descriptor.TestMethodTestDescriptor.execute(TestMethodTestDescriptor.java:131)
	at org.junit.jupiter.engine.descriptor.TestMethodTestDescriptor.execute(TestMethodTestDescriptor.java:65)
	at org.junit.platform.engine.support.hierarchical.NodeTestTask.lambda$executeRecursively$5(NodeTestTask.java:139)
	at org.junit.platform.engine.support.hierarchical.ThrowableCollector.execute(ThrowableCollector.java:73)
	at org.junit.platform.engine.support.hierarchical.NodeTestTask.lambda$executeRecursively$7(NodeTestTask.java:129)
	at org.junit.platform.engine.support.hierarchical.Node.around(Node.java:137)
	at org.junit.platform.engine.support.hierarchical.NodeTestTask.lambda$executeRecursively$8(NodeTestTask.java:127)
	at org.junit.platform.engine.support.hierarchical.ThrowableCollector.execute(ThrowableCollector.java:73)
	at org.junit.platform.engine.support.hierarchical.NodeTestTask.executeRecursively(NodeTestTask.java:126)
	at org.junit.platform.engine.support.hierarchical.NodeTestTask.execute(NodeTestTask.java:84)
	at org.junit.platform.engine.support.hierarchical.SameThreadHierarchicalTestExecutorService.submit(SameThreadHierarchicalTestExecutorService.java:32)
	at org.junit.platform.engine.support.hierarchical.NodeTestTask$DefaultDynamicTestExecutor.execute(NodeTestTask.java:212)
	at org.junit.platform.engine.support.hierarchical.NodeTestTask$DefaultDynamicTestExecutor.execute(NodeTestTask.java:192)
	at org.junit.jupiter.engine.descriptor.TestTemplateTestDescriptor.execute(TestTemplateTestDescriptor.java:139)
	at org.junit.jupiter.engine.descriptor.TestTemplateTestDescriptor.lambda$execute$2(TestTemplateTestDescriptor.java:107)
	at java.base/java.util.stream.ForEachOps$ForEachOp$OfRef.accept(ForEachOps.java:184)
	at java.base/java.util.stream.ReferencePipeline$3$1.accept(ReferencePipeline.java:215)
	at java.base/java.util.stream.ReferencePipeline$2$1.accept(ReferencePipeline.java:197)
	at java.base/java.util.stream.ReferencePipeline$3$1.accept(ReferencePipeline.java:215)
	at java.base/java.util.stream.ForEachOps$ForEachOp$OfRef.accept(ForEachOps.java:184)
	at java.base/java.util.stream.ReferencePipeline$15$1.accept(ReferencePipeline.java:581)
	at java.base/java.util.stream.ReferencePipeline$3$1.accept(ReferencePipeline.java:215)
	at java.base/java.util.stream.ReferencePipeline$3$1.accept(ReferencePipeline.java:215)
	at java.base/java.util.stream.ReferencePipeline$3$1.accept(ReferencePipeline.java:215)
	at java.base/java.util.stream.ForEachOps$ForEachOp$OfRef.accept(ForEachOps.java:184)
	at java.base/java.util.stream.ReferencePipeline$3$1.accept(ReferencePipeline.java:215)
	at java.base/java.util.stream.ForEachOps$ForEachOp$OfRef.accept(ForEachOps.java:184)
	at java.base/java.util.stream.ReferencePipeline$3$1.accept(ReferencePipeline.java:215)
	at java.base/java.util.stream.ReferencePipeline$2$1.accept(ReferencePipeline.java:197)
	at java.base/java.util.ArrayList$ArrayListSpliterator.forEachRemaining(ArrayList.java:1709)
	at java.base/java.util.stream.AbstractPipeline.copyInto(AbstractPipeline.java:570)
	at java.base/java.util.stream.AbstractPipeline.wrapAndCopyInto(AbstractPipeline.java:560)
	at java.base/java.util.stream.ForEachOps$ForEachOp.evaluateSequential(ForEachOps.java:151)
	at java.base/java.util.stream.ForEachOps$ForEachOp$OfRef.evaluateSequential(ForEachOps.java:174)
	at java.base/java.util.stream.AbstractPipeline.evaluate(AbstractPipeline.java:265)
	at java.base/java.util.stream.ReferencePipeline.forEach(ReferencePipeline.java:636)
	at java.base/java.util.stream.ReferencePipeline$7$1FlatMap.accept(ReferencePipeline.java:294)
	at java.base/java.util.stream.ReferencePipeline$3$1.accept(ReferencePipeline.java:215)
	at java.base/java.util.stream.ReferencePipeline$3$1.accept(ReferencePipeline.java:215)
	at java.base/java.util.Spliterators$ArraySpliterator.forEachRemaining(Spliterators.java:1024)
	at java.base/java.util.stream.AbstractPipeline.copyInto(AbstractPipeline.java:570)
	at java.base/java.util.stream.AbstractPipeline.wrapAndCopyInto(AbstractPipeline.java:560)
	at java.base/java.util.stream.ForEachOps$ForEachOp.evaluateSequential(ForEachOps.java:151)
	at java.base/java.util.stream.ForEachOps$ForEachOp$OfRef.evaluateSequential(ForEachOps.java:174)
	at java.base/java.util.stream.AbstractPipeline.evaluate(AbstractPipeline.java:265)
	at java.base/java.util.stream.ReferencePipeline.forEach(ReferencePipeline.java:636)
	at java.base/java.util.stream.ReferencePipeline$7$1FlatMap.accept(ReferencePipeline.java:294)
	at java.base/java.util.stream.ReferencePipeline$3$1.accept(ReferencePipeline.java:215)
	at java.base/java.util.stream.ReferencePipeline$3$1.accept(ReferencePipeline.java:215)
	at java.base/java.util.stream.ReferencePipeline$3$1.accept(ReferencePipeline.java:215)
	at java.base/java.util.ArrayList$ArrayListSpliterator.forEachRemaining(ArrayList.java:1709)
	at java.base/java.util.stream.AbstractPipeline.copyInto(AbstractPipeline.java:570)
	at java.base/java.util.stream.AbstractPipeline.wrapAndCopyInto(AbstractPipeline.java:560)
	at java.base/java.util.stream.ForEachOps$ForEachOp.evaluateSequential(ForEachOps.java:151)
	at java.base/java.util.stream.ForEachOps$ForEachOp$OfRef.evaluateSequential(ForEachOps.java:174)
	at java.base/java.util.stream.AbstractPipeline.evaluate(AbstractPipeline.java:265)
	at java.base/java.util.stream.ReferencePipeline.forEach(ReferencePipeline.java:636)
	at java.base/java.util.stream.ReferencePipeline$7$1FlatMap.accept(ReferencePipeline.java:294)
	at java.base/java.util.ArrayList$ArrayListSpliterator.forEachRemaining(ArrayList.java:1709)
	at java.base/java.util.stream.AbstractPipeline.copyInto(AbstractPipeline.java:570)
	at java.base/java.util.stream.AbstractPipeline.wrapAndCopyInto(AbstractPipeline.java:560)
	at java.base/java.util.stream.ForEachOps$ForEachOp.evaluateSequential(ForEachOps.java:151)
	at java.base/java.util.stream.ForEachOps$ForEachOp$OfRef.evaluateSequential(ForEachOps.java:174)
	at java.base/java.util.stream.AbstractPipeline.evaluate(AbstractPipeline.java:265)
	at java.base/java.util.stream.ReferencePipeline.forEach(ReferencePipeline.java:636)
	at org.junit.jupiter.engine.descriptor.TestTemplateTestDescriptor.execute(TestTemplateTestDescriptor.java:107)
	at org.junit.jupiter.engine.descriptor.TestTemplateTestDescriptor.execute(TestTemplateTestDescriptor.java:42)
	at org.junit.platform.engine.support.hierarchical.NodeTestTask.lambda$executeRecursively$5(NodeTestTask.java:139)
	at org.junit.platform.engine.support.hierarchical.ThrowableCollector.execute(ThrowableCollector.java:73)
	at org.junit.platform.engine.support.hierarchical.NodeTestTask.lambda$executeRecursively$7(NodeTestTask.java:129)
	at org.junit.platform.engine.support.hierarchical.Node.around(Node.java:137)
	at org.junit.platform.engine.support.hierarchical.NodeTestTask.lambda$executeRecursively$8(NodeTestTask.java:127)
	at org.junit.platform.engine.support.hierarchical.ThrowableCollector.execute(ThrowableCollector.java:73)
	at org.junit.platform.engine.support.hierarchical.NodeTestTask.executeRecursively(NodeTestTask.java:126)
	at org.junit.platform.engine.support.hierarchical.NodeTestTask.execute(NodeTestTask.java:84)
	at java.base/java.util.ArrayList.forEach(ArrayList.java:1597)
	at org.junit.platform.engine.support.hierarchical.SameThreadHierarchicalTestExecutorService.invokeAll(SameThreadHierarchicalTestExecutorService.java:38)
	at org.junit.platform.engine.support.hierarchical.NodeTestTask.lambda$executeRecursively$5(NodeTestTask.java:143)
	at org.junit.platform.engine.support.hierarchical.ThrowableCollector.execute(ThrowableCollector.java:73)
	at org.junit.platform.engine.support.hierarchical.NodeTestTask.lambda$executeRecursively$7(NodeTestTask.java:129)
	at org.junit.platform.engine.support.hierarchical.Node.around(Node.java:137)
	at org.junit.platform.engine.support.hierarchical.NodeTestTask.lambda$executeRecursively$8(NodeTestTask.java:127)
	at org.junit.platform.engine.support.hierarchical.ThrowableCollector.execute(ThrowableCollector.java:73)
	at org.junit.platform.engine.support.hierarchical.NodeTestTask.executeRecursively(NodeTestTask.java:126)
	at org.junit.platform.engine.support.hierarchical.NodeTestTask.execute(NodeTestTask.java:84)
	at java.base/java.util.ArrayList.forEach(ArrayList.java:1597)
	at org.junit.platform.engine.support.hierarchical.SameThreadHierarchicalTestExecutorService.invokeAll(SameThreadHierarchicalTestExecutorService.java:38)
	at org.junit.platform.engine.support.hierarchical.NodeTestTask.lambda$executeRecursively$5(NodeTestTask.java:143)
	at org.junit.platform.engine.support.hierarchical.ThrowableCollector.execute(ThrowableCollector.java:73)
	at org.junit.platform.engine.support.hierarchical.NodeTestTask.lambda$executeRecursively$7(NodeTestTask.java:129)
	at org.junit.platform.engine.support.hierarchical.Node.around(Node.java:137)
	at org.junit.platform.engine.support.hierarchical.NodeTestTask.lambda$executeRecursively$8(NodeTestTask.java:127)
	at org.junit.platform.engine.support.hierarchical.ThrowableCollector.execute(ThrowableCollector.java:73)
	at org.junit.platform.engine.support.hierarchical.NodeTestTask.executeRecursively(NodeTestTask.java:126)
	at org.junit.platform.engine.support.hierarchical.NodeTestTask.execute(NodeTestTask.java:84)
	at org.junit.platform.engine.support.hierarchical.SameThreadHierarchicalTestExecutorService.submit(SameThreadHierarchicalTestExecutorService.java:32)
	at org.junit.platform.engine.support.hierarchical.HierarchicalTestExecutor.execute(HierarchicalTestExecutor.java:57)
	at org.junit.platform.engine.support.hierarchical.HierarchicalTestEngine.execute(HierarchicalTestEngine.java:51)
	at org.junit.platform.launcher.core.EngineExecutionOrchestrator.execute(EngineExecutionOrchestrator.java:108)
	at org.junit.platform.launcher.core.EngineExecutionOrchestrator.execute(EngineExecutionOrchestrator.java:88)
	at org.junit.platform.launcher.core.EngineExecutionOrchestrator.lambda$execute$0(EngineExecutionOrchestrator.java:54)
	at org.junit.platform.launcher.core.EngineExecutionOrchestrator.withInterceptedStreams(EngineExecutionOrchestrator.java:67)
	at org.junit.platform.launcher.core.EngineExecutionOrchestrator.execute(EngineExecutionOrchestrator.java:52)
	at org.junit.platform.launcher.core.DefaultLauncher.execute(DefaultLauncher.java:96)
	at org.junit.platform.launcher.core.DefaultLauncher.execute(DefaultLauncher.java:75)
	at org.junit.platform.console.tasks.ConsoleTestExecutor.executeTests(ConsoleTestExecutor.java:66)
	at org.junit.platform.console.tasks.ConsoleTestExecutor.lambda$execute$0(ConsoleTestExecutor.java:58)
	at org.junit.platform.console.tasks.CustomContextClassLoaderExecutor.replaceThreadContextClassLoaderAndInvoke(CustomContextClassLoaderExecutor.java:41)
	at org.junit.platform.console.tasks.CustomContextClassLoaderExecutor.invoke(CustomContextClassLoaderExecutor.java:31)
	at org.junit.platform.console.tasks.ConsoleTestExecutor.execute(ConsoleTestExecutor.java:58)
	at org.junit.platform.console.ConsoleLauncher.executeTests(ConsoleLauncher.java:95)
	at org.junit.platform.console.ConsoleLauncher.execute(ConsoleLauncher.java:73)
	at org.junit.platform.console.ConsoleLauncher.execute(ConsoleLauncher.java:50)
	at org.junit.platform.console.ConsoleLauncher.execute(ConsoleLauncher.java:43)
	at org.junit.platform.console.ConsoleLauncher.main(ConsoleLauncher.java:37)
]]></failure>
<system-out><![CDATA[
unique-id: [engine:junit-jupiter]/[class:pilesimple.test.PileIntTest]/[test-template:testDepiler(pilesimple.PileInt)]/[test-template-invocation:#10]
display-name: [10] PileInt(8/25):[-705429044 -1165162668 1915516414 1792785474 -1102370681 0 0 0 ]
]]></system-out>
</testcase>
<testcase name="testDepiler(PileInt)[11]" classname="pilesimple.test.PileIntTest" time="0">
<failure message="expected: &lt;3&gt; but was: &lt;4&gt;" type="org.opentest4j.AssertionFailedError"><![CDATA[org.opentest4j.AssertionFailedError: expected: <3> but was: <4>
	at org.junit.jupiter.api.AssertionUtils.fail(AssertionUtils.java:55)
	at org.junit.jupiter.api.AssertionUtils.failNotEqual(AssertionUtils.java:62)
	at org.junit.jupiter.api.AssertEquals.assertEquals(AssertEquals.java:150)
	at org.junit.jupiter.api.AssertEquals.assertEquals(AssertEquals.java:145)
	at org.junit.jupiter.api.Assertions.assertEquals(Assertions.java:510)
	at pilesimple.test.PileIntTest.testDepiler(PileIntTest.java:363)
	at java.base/jdk.internal.reflect.DirectMethodHandleAccessor.invoke(DirectMethodHandleAccessor.java:103)
	at java.base/java.lang.reflect.Method.invoke(Method.java:580)
	at org.junit.platform.commons.util.ReflectionUtils.invokeMethod(ReflectionUtils.java:688)
	at org.junit.jupiter.engine.execution.MethodInvocation.proceed(MethodInvocation.java:60)
	at org.junit.jupiter.engine.execution.InvocationInterceptorChain$ValidatingInvocation.proceed(InvocationInterceptorChain.java:131)
	at org.junit.jupiter.engine.extension.TimeoutExtension.intercept(TimeoutExtension.java:149)
	at org.junit.jupiter.engine.extension.TimeoutExtension.interceptTestableMethod(TimeoutExtension.java:140)
	at org.junit.jupiter.engine.extension.TimeoutExtension.interceptTestTemplateMethod(TimeoutExtension.java:92)
	at org.junit.jupiter.engine.execution.ExecutableInvoker$ReflectiveInterceptorCall.lambda$ofVoidMethod$0(ExecutableInvoker.java:115)
	at org.junit.jupiter.engine.execution.ExecutableInvoker.lambda$invoke$0(ExecutableInvoker.java:105)
	at org.junit.jupiter.engine.execution.InvocationInterceptorChain$InterceptedInvocation.proceed(InvocationInterceptorChain.java:106)
	at org.junit.jupiter.engine.execution.InvocationInterceptorChain.proceed(InvocationInterceptorChain.java:64)
	at org.junit.jupiter.engine.execution.InvocationInterceptorChain.chainAndInvoke(InvocationInterceptorChain.java:45)
	at org.junit.jupiter.engine.execution.InvocationInterceptorChain.invoke(InvocationInterceptorChain.java:37)
	at org.junit.jupiter.engine.execution.ExecutableInvoker.invoke(ExecutableInvoker.java:104)
	at org.junit.jupiter.engine.execution.ExecutableInvoker.invoke(ExecutableInvoker.java:98)
	at org.junit.jupiter.engine.descriptor.TestMethodTestDescriptor.lambda$invokeTestMethod$6(TestMethodTestDescriptor.java:210)
	at org.junit.platform.engine.support.hierarchical.ThrowableCollector.execute(ThrowableCollector.java:73)
	at org.junit.jupiter.engine.descriptor.TestMethodTestDescriptor.invokeTestMethod(TestMethodTestDescriptor.java:206)
	at org.junit.jupiter.engine.descriptor.TestMethodTestDescriptor.execute(TestMethodTestDescriptor.java:131)
	at org.junit.jupiter.engine.descriptor.TestMethodTestDescriptor.execute(TestMethodTestDescriptor.java:65)
	at org.junit.platform.engine.support.hierarchical.NodeTestTask.lambda$executeRecursively$5(NodeTestTask.java:139)
	at org.junit.platform.engine.support.hierarchical.ThrowableCollector.execute(ThrowableCollector.java:73)
	at org.junit.platform.engine.support.hierarchical.NodeTestTask.lambda$executeRecursively$7(NodeTestTask.java:129)
	at org.junit.platform.engine.support.hierarchical.Node.around(Node.java:137)
	at org.junit.platform.engine.support.hierarchical.NodeTestTask.lambda$executeRecursively$8(NodeTestTask.java:127)
	at org.junit.platform.engine.support.hierarchical.ThrowableCollector.execute(ThrowableCollector.java:73)
	at org.junit.platform.engine.support.hierarchical.NodeTestTask.executeRecursively(NodeTestTask.java:126)
	at org.junit.platform.engine.support.hierarchical.NodeTestTask.execute(NodeTestTask.java:84)
	at org.junit.platform.engine.support.hierarchical.SameThreadHierarchicalTestExecutorService.submit(SameThreadHierarchicalTestExecutorService.java:32)
	at org.junit.platform.engine.support.hierarchical.NodeTestTask$DefaultDynamicTestExecutor.execute(NodeTestTask.java:212)
	at org.junit.platform.engine.support.hierarchical.NodeTestTask$DefaultDynamicTestExecutor.execute(NodeTestTask.java:192)
	at org.junit.jupiter.engine.descriptor.TestTemplateTestDescriptor.execute(TestTemplateTestDescriptor.java:139)
	at org.junit.jupiter.engine.descriptor.TestTemplateTestDescriptor.lambda$execute$2(TestTemplateTestDescriptor.java:107)
	at java.base/java.util.stream.ForEachOps$ForEachOp$OfRef.accept(ForEachOps.java:184)
	at java.base/java.util.stream.ReferencePipeline$3$1.accept(ReferencePipeline.java:215)
	at java.base/java.util.stream.ReferencePipeline$2$1.accept(ReferencePipeline.java:197)
	at java.base/java.util.stream.ReferencePipeline$3$1.accept(ReferencePipeline.java:215)
	at java.base/java.util.stream.ForEachOps$ForEachOp$OfRef.accept(ForEachOps.java:184)
	at java.base/java.util.stream.ReferencePipeline$15$1.accept(ReferencePipeline.java:581)
	at java.base/java.util.stream.ReferencePipeline$3$1.accept(ReferencePipeline.java:215)
	at java.base/java.util.stream.ReferencePipeline$3$1.accept(ReferencePipeline.java:215)
	at java.base/java.util.stream.ReferencePipeline$3$1.accept(ReferencePipeline.java:215)
	at java.base/java.util.stream.ForEachOps$ForEachOp$OfRef.accept(ForEachOps.java:184)
	at java.base/java.util.stream.ReferencePipeline$3$1.accept(ReferencePipeline.java:215)
	at java.base/java.util.stream.ForEachOps$ForEachOp$OfRef.accept(ForEachOps.java:184)
	at java.base/java.util.stream.ReferencePipeline$3$1.accept(ReferencePipeline.java:215)
	at java.base/java.util.stream.ReferencePipeline$2$1.accept(ReferencePipeline.java:197)
	at java.base/java.util.ArrayList$ArrayListSpliterator.forEachRemaining(ArrayList.java:1709)
	at java.base/java.util.stream.AbstractPipeline.copyInto(AbstractPipeline.java:570)
	at java.base/java.util.stream.AbstractPipeline.wrapAndCopyInto(AbstractPipeline.java:560)
	at java.base/java.util.stream.ForEachOps$ForEachOp.evaluateSequential(ForEachOps.java:151)
	at java.base/java.util.stream.ForEachOps$ForEachOp$OfRef.evaluateSequential(ForEachOps.java:174)
	at java.base/java.util.stream.AbstractPipeline.evaluate(AbstractPipeline.java:265)
	at java.base/java.util.stream.ReferencePipeline.forEach(ReferencePipeline.java:636)
	at java.base/java.util.stream.ReferencePipeline$7$1FlatMap.accept(ReferencePipeline.java:294)
	at java.base/java.util.stream.ReferencePipeline$3$1.accept(ReferencePipeline.java:215)
	at java.base/java.util.stream.ReferencePipeline$3$1.accept(ReferencePipeline.java:215)
	at java.base/java.util.Spliterators$ArraySpliterator.forEachRemaining(Spliterators.java:1024)
	at java.base/java.util.stream.AbstractPipeline.copyInto(AbstractPipeline.java:570)
	at java.base/java.util.stream.AbstractPipeline.wrapAndCopyInto(AbstractPipeline.java:560)
	at java.base/java.util.stream.ForEachOps$ForEachOp.evaluateSequential(ForEachOps.java:151)
	at java.base/java.util.stream.ForEachOps$ForEachOp$OfRef.evaluateSequential(ForEachOps.java:174)
	at java.base/java.util.stream.AbstractPipeline.evaluate(AbstractPipeline.java:265)
	at java.base/java.util.stream.ReferencePipeline.forEach(ReferencePipeline.java:636)
	at java.base/java.util.stream.ReferencePipeline$7$1FlatMap.accept(ReferencePipeline.java:294)
	at java.base/java.util.stream.ReferencePipeline$3$1.accept(ReferencePipeline.java:215)
	at java.base/java.util.stream.ReferencePipeline$3$1.accept(ReferencePipeline.java:215)
	at java.base/java.util.stream.ReferencePipeline$3$1.accept(ReferencePipeline.java:215)
	at java.base/java.util.ArrayList$ArrayListSpliterator.forEachRemaining(ArrayList.java:1709)
	at java.base/java.util.stream.AbstractPipeline.copyInto(AbstractPipeline.java:570)
	at java.base/java.util.stream.AbstractPipeline.wrapAndCopyInto(AbstractPipeline.java:560)
	at java.base/java.util.stream.ForEachOps$ForEachOp.evaluateSequential(ForEachOps.java:151)
	at java.base/java.util.stream.ForEachOps$ForEachOp$OfRef.evaluateSequential(ForEachOps.java:174)
	at java.base/java.util.stream.AbstractPipeline.evaluate(AbstractPipeline.java:265)
	at java.base/java.util.stream.ReferencePipeline.forEach(ReferencePipeline.java:636)
	at java.base/java.util.stream.ReferencePipeline$7$1FlatMap.accept(ReferencePipeline.java:294)
	at java.base/java.util.ArrayList$ArrayListSpliterator.forEachRemaining(ArrayList.java:1709)
	at java.base/java.util.stream.AbstractPipeline.copyInto(AbstractPipeline.java:570)
	at java.base/java.util.stream.AbstractPipeline.wrapAndCopyInto(AbstractPipeline.java:560)
	at java.base/java.util.stream.ForEachOps$ForEachOp.evaluateSequential(ForEachOps.java:151)
	at java.base/java.util.stream.ForEachOps$ForEachOp$OfRef.evaluateSequential(ForEachOps.java:174)
	at java.base/java.util.stream.AbstractPipeline.evaluate(AbstractPipeline.java:265)
	at java.base/java.util.stream.ReferencePipeline.forEach(ReferencePipeline.java:636)
	at org.junit.jupiter.engine.descriptor.TestTemplateTestDescriptor.execute(TestTemplateTestDescriptor.java:107)
	at org.junit.jupiter.engine.descriptor.TestTemplateTestDescriptor.execute(TestTemplateTestDescriptor.java:42)
	at org.junit.platform.engine.support.hierarchical.NodeTestTask.lambda$executeRecursively$5(NodeTestTask.java:139)
	at org.junit.platform.engine.support.hierarchical.ThrowableCollector.execute(ThrowableCollector.java:73)
	at org.junit.platform.engine.support.hierarchical.NodeTestTask.lambda$executeRecursively$7(NodeTestTask.java:129)
	at org.junit.platform.engine.support.hierarchical.Node.around(Node.java:137)
	at org.junit.platform.engine.support.hierarchical.NodeTestTask.lambda$executeRecursively$8(NodeTestTask.java:127)
	at org.junit.platform.engine.support.hierarchical.ThrowableCollector.execute(ThrowableCollector.java:73)
	at org.junit.platform.engine.support.hierarchical.NodeTestTask.executeRecursively(NodeTestTask.java:126)
	at org.junit.platform.engine.support.hierarchical.NodeTestTask.execute(NodeTestTask.java:84)
	at java.base/java.util.ArrayList.forEach(ArrayList.java:1597)
	at org.junit.platform.engine.support.hierarchical.SameThreadHierarchicalTestExecutorService.invokeAll(SameThreadHierarchicalTestExecutorService.java:38)
	at org.junit.platform.engine.support.hierarchical.NodeTestTask.lambda$executeRecursively$5(NodeTestTask.java:143)
	at org.junit.platform.engine.support.hierarchical.ThrowableCollector.execute(ThrowableCollector.java:73)
	at org.junit.platform.engine.support.hierarchical.NodeTestTask.lambda$executeRecursively$7(NodeTestTask.java:129)
	at org.junit.platform.engine.support.hierarchical.Node.around(Node.java:137)
	at org.junit.platform.engine.support.hierarchical.NodeTestTask.lambda$executeRecursively$8(NodeTestTask.java:127)
	at org.junit.platform.engine.support.hierarchical.ThrowableCollector.execute(ThrowableCollector.java:73)
	at org.junit.platform.engine.support.hierarchical.NodeTestTask.executeRecursively(NodeTestTask.java:126)
	at org.junit.platform.engine.support.hierarchical.NodeTestTask.execute(NodeTestTask.java:84)
	at java.base/java.util.ArrayList.forEach(ArrayList.java:1597)
	at org.junit.platform.engine.support.hierarchical.SameThreadHierarchicalTestExecutorService.invokeAll(SameThreadHierarchicalTestExecutorService.java:38)
	at org.junit.platform.engine.support.hierarchical.NodeTestTask.lambda$executeRecursively$5(NodeTestTask.java:143)
	at org.junit.platform.engine.support.hierarchical.ThrowableCollector.execute(ThrowableCollector.java:73)
	at org.junit.platform.engine.support.hierarchical.NodeTestTask.lambda$executeRecursively$7(NodeTestTask.java:129)
	at org.junit.platform.engine.support.hierarchical.Node.around(Node.java:137)
	at org.junit.platform.engine.support.hierarchical.NodeTestTask.lambda$executeRecursively$8(NodeTestTask.java:127)
	at org.junit.platform.engine.support.hierarchical.ThrowableCollector.execute(ThrowableCollector.java:73)
	at org.junit.platform.engine.support.hierarchical.NodeTestTask.executeRecursively(NodeTestTask.java:126)
	at org.junit.platform.engine.support.hierarchical.NodeTestTask.execute(NodeTestTask.java:84)
	at org.junit.platform.engine.support.hierarchical.SameThreadHierarchicalTestExecutorService.submit(SameThreadHierarchicalTestExecutorService.java:32)
	at org.junit.platform.engine.support.hierarchical.HierarchicalTestExecutor.execute(HierarchicalTestExecutor.java:57)
	at org.junit.platform.engine.support.hierarchical.HierarchicalTestEngine.execute(HierarchicalTestEngine.java:51)
	at org.junit.platform.launcher.core.EngineExecutionOrchestrator.execute(EngineExecutionOrchestrator.java:108)
	at org.junit.platform.launcher.core.EngineExecutionOrchestrator.execute(EngineExecutionOrchestrator.java:88)
	at org.junit.platform.launcher.core.EngineExecutionOrchestrator.lambda$execute$0(EngineExecutionOrchestrator.java:54)
	at org.junit.platform.launcher.core.EngineExecutionOrchestrator.withInterceptedStreams(EngineExecutionOrchestrator.java:67)
	at org.junit.platform.launcher.core.EngineExecutionOrchestrator.execute(EngineExecutionOrchestrator.java:52)
	at org.junit.platform.launcher.core.DefaultLauncher.execute(DefaultLauncher.java:96)
	at org.junit.platform.launcher.core.DefaultLauncher.execute(DefaultLauncher.java:75)
	at org.junit.platform.console.tasks.ConsoleTestExecutor.executeTests(ConsoleTestExecutor.java:66)
	at org.junit.platform.console.tasks.ConsoleTestExecutor.lambda$execute$0(ConsoleTestExecutor.java:58)
	at org.junit.platform.console.tasks.CustomContextClassLoaderExecutor.replaceThreadContextClassLoaderAndInvoke(CustomContextClassLoaderExecutor.java:41)
	at org.junit.platform.console.tasks.CustomContextClassLoaderExecutor.invoke(CustomContextClassLoaderExecutor.java:31)
	at org.junit.platform.console.tasks.ConsoleTestExecutor.execute(ConsoleTestExecutor.java:58)
	at org.junit.platform.console.ConsoleLauncher.executeTests(ConsoleLauncher.java:95)
	at org.junit.platform.console.ConsoleLauncher.execute(ConsoleLauncher.java:73)
	at org.junit.platform.console.ConsoleLauncher.execute(ConsoleLauncher.java:50)
	at org.junit.platform.console.ConsoleLauncher.execute(ConsoleLauncher.java:43)
	at org.junit.platform.console.ConsoleLauncher.main(ConsoleLauncher.java:37)
]]></failure>
<system-out><![CDATA[
unique-id: [engine:junit-jupiter]/[class:pilesimple.test.PileIntTest]/[test-template:testDepiler(pilesimple.PileInt)]/[test-template-invocation:#11]
display-name: [11] PileInt(5/8):[1210489329 -1943355528 2110550009 303126429 0 ]
]]></system-out>
</testcase>
<testcase name="testDepiler(PileInt)[12]" classname="pilesimple.test.PileIntTest" time="0">
<failure message="expected: &lt;21&gt; but was: &lt;22&gt;" type="org.opentest4j.AssertionFailedError"><![CDATA[org.opentest4j.AssertionFailedError: expected: <21> but was: <22>
	at org.junit.jupiter.api.AssertionUtils.fail(AssertionUtils.java:55)
	at org.junit.jupiter.api.AssertionUtils.failNotEqual(AssertionUtils.java:62)
	at org.junit.jupiter.api.AssertEquals.assertEquals(AssertEquals.java:150)
	at org.junit.jupiter.api.AssertEquals.assertEquals(AssertEquals.java:145)
	at org.junit.jupiter.api.Assertions.assertEquals(Assertions.java:510)
	at pilesimple.test.PileIntTest.testDepiler(PileIntTest.java:363)
	at java.base/jdk.internal.reflect.DirectMethodHandleAccessor.invoke(DirectMethodHandleAccessor.java:103)
	at java.base/java.lang.reflect.Method.invoke(Method.java:580)
	at org.junit.platform.commons.util.ReflectionUtils.invokeMethod(ReflectionUtils.java:688)
	at org.junit.jupiter.engine.execution.MethodInvocation.proceed(MethodInvocation.java:60)
	at org.junit.jupiter.engine.execution.InvocationInterceptorChain$ValidatingInvocation.proceed(InvocationInterceptorChain.java:131)
	at org.junit.jupiter.engine.extension.TimeoutExtension.intercept(TimeoutExtension.java:149)
	at org.junit.jupiter.engine.extension.TimeoutExtension.interceptTestableMethod(TimeoutExtension.java:140)
	at org.junit.jupiter.engine.extension.TimeoutExtension.interceptTestTemplateMethod(TimeoutExtension.java:92)
	at org.junit.jupiter.engine.execution.ExecutableInvoker$ReflectiveInterceptorCall.lambda$ofVoidMethod$0(ExecutableInvoker.java:115)
	at org.junit.jupiter.engine.execution.ExecutableInvoker.lambda$invoke$0(ExecutableInvoker.java:105)
	at org.junit.jupiter.engine.execution.InvocationInterceptorChain$InterceptedInvocation.proceed(InvocationInterceptorChain.java:106)
	at org.junit.jupiter.engine.execution.InvocationInterceptorChain.proceed(InvocationInterceptorChain.java:64)
	at org.junit.jupiter.engine.execution.InvocationInterceptorChain.chainAndInvoke(InvocationInterceptorChain.java:45)
	at org.junit.jupiter.engine.execution.InvocationInterceptorChain.invoke(InvocationInterceptorChain.java:37)
	at org.junit.jupiter.engine.execution.ExecutableInvoker.invoke(ExecutableInvoker.java:104)
	at org.junit.jupiter.engine.execution.ExecutableInvoker.invoke(ExecutableInvoker.java:98)
	at org.junit.jupiter.engine.descriptor.TestMethodTestDescriptor.lambda$invokeTestMethod$6(TestMethodTestDescriptor.java:210)
	at org.junit.platform.engine.support.hierarchical.ThrowableCollector.execute(ThrowableCollector.java:73)
	at org.junit.jupiter.engine.descriptor.TestMethodTestDescriptor.invokeTestMethod(TestMethodTestDescriptor.java:206)
	at org.junit.jupiter.engine.descriptor.TestMethodTestDescriptor.execute(TestMethodTestDescriptor.java:131)
	at org.junit.jupiter.engine.descriptor.TestMethodTestDescriptor.execute(TestMethodTestDescriptor.java:65)
	at org.junit.platform.engine.support.hierarchical.NodeTestTask.lambda$executeRecursively$5(NodeTestTask.java:139)
	at org.junit.platform.engine.support.hierarchical.ThrowableCollector.execute(ThrowableCollector.java:73)
	at org.junit.platform.engine.support.hierarchical.NodeTestTask.lambda$executeRecursively$7(NodeTestTask.java:129)
	at org.junit.platform.engine.support.hierarchical.Node.around(Node.java:137)
	at org.junit.platform.engine.support.hierarchical.NodeTestTask.lambda$executeRecursively$8(NodeTestTask.java:127)
	at org.junit.platform.engine.support.hierarchical.ThrowableCollector.execute(ThrowableCollector.java:73)
	at org.junit.platform.engine.support.hierarchical.NodeTestTask.executeRecursively(NodeTestTask.java:126)
	at org.junit.platform.engine.support.hierarchical.NodeTestTask.execute(NodeTestTask.java:84)
	at org.junit.platform.engine.support.hierarchical.SameThreadHierarchicalTestExecutorService.submit(SameThreadHierarchicalTestExecutorService.java:32)
	at org.junit.platform.engine.support.hierarchical.NodeTestTask$DefaultDynamicTestExecutor.execute(NodeTestTask.java:212)
	at org.junit.platform.engine.support.hierarchical.NodeTestTask$DefaultDynamicTestExecutor.execute(NodeTestTask.java:192)
	at org.junit.jupiter.engine.descriptor.TestTemplateTestDescriptor.execute(TestTemplateTestDescriptor.java:139)
	at org.junit.jupiter.engine.descriptor.TestTemplateTestDescriptor.lambda$execute$2(TestTemplateTestDescriptor.java:107)
	at java.base/java.util.stream.ForEachOps$ForEachOp$OfRef.accept(ForEachOps.java:184)
	at java.base/java.util.stream.ReferencePipeline$3$1.accept(ReferencePipeline.java:215)
	at java.base/java.util.stream.ReferencePipeline$2$1.accept(ReferencePipeline.java:197)
	at java.base/java.util.stream.ReferencePipeline$3$1.accept(ReferencePipeline.java:215)
	at java.base/java.util.stream.ForEachOps$ForEachOp$OfRef.accept(ForEachOps.java:184)
	at java.base/java.util.stream.ReferencePipeline$15$1.accept(ReferencePipeline.java:581)
	at java.base/java.util.stream.ReferencePipeline$3$1.accept(ReferencePipeline.java:215)
	at java.base/java.util.stream.ReferencePipeline$3$1.accept(ReferencePipeline.java:215)
	at java.base/java.util.stream.ReferencePipeline$3$1.accept(ReferencePipeline.java:215)
	at java.base/java.util.stream.ForEachOps$ForEachOp$OfRef.accept(ForEachOps.java:184)
	at java.base/java.util.stream.ReferencePipeline$3$1.accept(ReferencePipeline.java:215)
	at java.base/java.util.stream.ForEachOps$ForEachOp$OfRef.accept(ForEachOps.java:184)
	at java.base/java.util.stream.ReferencePipeline$3$1.accept(ReferencePipeline.java:215)
	at java.base/java.util.stream.ReferencePipeline$2$1.accept(ReferencePipeline.java:197)
	at java.base/java.util.ArrayList$ArrayListSpliterator.forEachRemaining(ArrayList.java:1709)
	at java.base/java.util.stream.AbstractPipeline.copyInto(AbstractPipeline.java:570)
	at java.base/java.util.stream.AbstractPipeline.wrapAndCopyInto(AbstractPipeline.java:560)
	at java.base/java.util.stream.ForEachOps$ForEachOp.evaluateSequential(ForEachOps.java:151)
	at java.base/java.util.stream.ForEachOps$ForEachOp$OfRef.evaluateSequential(ForEachOps.java:174)
	at java.base/java.util.stream.AbstractPipeline.evaluate(AbstractPipeline.java:265)
	at java.base/java.util.stream.ReferencePipeline.forEach(ReferencePipeline.java:636)
	at java.base/java.util.stream.ReferencePipeline$7$1FlatMap.accept(ReferencePipeline.java:294)
	at java.base/java.util.stream.ReferencePipeline$3$1.accept(ReferencePipeline.java:215)
	at java.base/java.util.stream.ReferencePipeline$3$1.accept(ReferencePipeline.java:215)
	at java.base/java.util.Spliterators$ArraySpliterator.forEachRemaining(Spliterators.java:1024)
	at java.base/java.util.stream.AbstractPipeline.copyInto(AbstractPipeline.java:570)
	at java.base/java.util.stream.AbstractPipeline.wrapAndCopyInto(AbstractPipeline.java:560)
	at java.base/java.util.stream.ForEachOps$ForEachOp.evaluateSequential(ForEachOps.java:151)
	at java.base/java.util.stream.ForEachOps$ForEachOp$OfRef.evaluateSequential(ForEachOps.java:174)
	at java.base/java.util.stream.AbstractPipeline.evaluate(AbstractPipeline.java:265)
	at java.base/java.util.stream.ReferencePipeline.forEach(ReferencePipeline.java:636)
	at java.base/java.util.stream.ReferencePipeline$7$1FlatMap.accept(ReferencePipeline.java:294)
	at java.base/java.util.stream.ReferencePipeline$3$1.accept(ReferencePipeline.java:215)
	at java.base/java.util.stream.ReferencePipeline$3$1.accept(ReferencePipeline.java:215)
	at java.base/java.util.stream.ReferencePipeline$3$1.accept(ReferencePipeline.java:215)
	at java.base/java.util.ArrayList$ArrayListSpliterator.forEachRemaining(ArrayList.java:1709)
	at java.base/java.util.stream.AbstractPipeline.copyInto(AbstractPipeline.java:570)
	at java.base/java.util.stream.AbstractPipeline.wrapAndCopyInto(AbstractPipeline.java:560)
	at java.base/java.util.stream.ForEachOps$ForEachOp.evaluateSequential(ForEachOps.java:151)
	at java.base/java.util.stream.ForEachOps$ForEachOp$OfRef.evaluateSequential(ForEachOps.java:174)
	at java.base/java.util.stream.AbstractPipeline.evaluate(AbstractPipeline.java:265)
	at java.base/java.util.stream.ReferencePipeline.forEach(ReferencePipeline.java:636)
	at java.base/java.util.stream.ReferencePipeline$7$1FlatMap.accept(ReferencePipeline.java:294)
	at java.base/java.util.ArrayList$ArrayListSpliterator.forEachRemaining(ArrayList.java:1709)
	at java.base/java.util.stream.AbstractPipeline.copyInto(AbstractPipeline.java:570)
	at java.base/java.util.stream.AbstractPipeline.wrapAndCopyInto(AbstractPipeline.java:560)
	at java.base/java.util.stream.ForEachOps$ForEachOp.evaluateSequential(ForEachOps.java:151)
	at java.base/java.util.stream.ForEachOps$ForEachOp$OfRef.evaluateSequential(ForEachOps.java:174)
	at java.base/java.util.stream.AbstractPipeline.evaluate(AbstractPipeline.java:265)
	at java.base/java.util.stream.ReferencePipeline.forEach(ReferencePipeline.java:636)
	at org.junit.jupiter.engine.descriptor.TestTemplateTestDescriptor.execute(TestTemplateTestDescriptor.java:107)
	at org.junit.jupiter.engine.descriptor.TestTemplateTestDescriptor.execute(TestTemplateTestDescriptor.java:42)
	at org.junit.platform.engine.support.hierarchical.NodeTestTask.lambda$executeRecursively$5(NodeTestTask.java:139)
	at org.junit.platform.engine.support.hierarchical.ThrowableCollector.execute(ThrowableCollector.java:73)
	at org.junit.platform.engine.support.hierarchical.NodeTestTask.lambda$executeRecursively$7(NodeTestTask.java:129)
	at org.junit.platform.engine.support.hierarchical.Node.around(Node.java:137)
	at org.junit.platform.engine.support.hierarchical.NodeTestTask.lambda$executeRecursively$8(NodeTestTask.java:127)
	at org.junit.platform.engine.support.hierarchical.ThrowableCollector.execute(ThrowableCollector.java:73)
	at org.junit.platform.engine.support.hierarchical.NodeTestTask.executeRecursively(NodeTestTask.java:126)
	at org.junit.platform.engine.support.hierarchical.NodeTestTask.execute(NodeTestTask.java:84)
	at java.base/java.util.ArrayList.forEach(ArrayList.java:1597)
	at org.junit.platform.engine.support.hierarchical.SameThreadHierarchicalTestExecutorService.invokeAll(SameThreadHierarchicalTestExecutorService.java:38)
	at org.junit.platform.engine.support.hierarchical.NodeTestTask.lambda$executeRecursively$5(NodeTestTask.java:143)
	at org.junit.platform.engine.support.hierarchical.ThrowableCollector.execute(ThrowableCollector.java:73)
	at org.junit.platform.engine.support.hierarchical.NodeTestTask.lambda$executeRecursively$7(NodeTestTask.java:129)
	at org.junit.platform.engine.support.hierarchical.Node.around(Node.java:137)
	at org.junit.platform.engine.support.hierarchical.NodeTestTask.lambda$executeRecursively$8(NodeTestTask.java:127)
	at org.junit.platform.engine.support.hierarchical.ThrowableCollector.execute(ThrowableCollector.java:73)
	at org.junit.platform.engine.support.hierarchical.NodeTestTask.executeRecursively(NodeTestTask.java:126)
	at org.junit.platform.engine.support.hierarchical.NodeTestTask.execute(NodeTestTask.java:84)
	at java.base/java.util.ArrayList.forEach(ArrayList.java:1597)
	at org.junit.platform.engine.support.hierarchical.SameThreadHierarchicalTestExecutorService.invokeAll(SameThreadHierarchicalTestExecutorService.java:38)
	at org.junit.platform.engine.support.hierarchical.NodeTestTask.lambda$executeRecursively$5(NodeTestTask.java:143)
	at org.junit.platform.engine.support.hierarchical.ThrowableCollector.execute(ThrowableCollector.java:73)
	at org.junit.platform.engine.support.hierarchical.NodeTestTask.lambda$executeRecursively$7(NodeTestTask.java:129)
	at org.junit.platform.engine.support.hierarchical.Node.around(Node.java:137)
	at org.junit.platform.engine.support.hierarchical.NodeTestTask.lambda$executeRecursively$8(NodeTestTask.java:127)
	at org.junit.platform.engine.support.hierarchical.ThrowableCollector.execute(ThrowableCollector.java:73)
	at org.junit.platform.engine.support.hierarchical.NodeTestTask.executeRecursively(NodeTestTask.java:126)
	at org.junit.platform.engine.support.hierarchical.NodeTestTask.execute(NodeTestTask.java:84)
	at org.junit.platform.engine.support.hierarchical.SameThreadHierarchicalTestExecutorService.submit(SameThreadHierarchicalTestExecutorService.java:32)
	at org.junit.platform.engine.support.hierarchical.HierarchicalTestExecutor.execute(HierarchicalTestExecutor.java:57)
	at org.junit.platform.engine.support.hierarchical.HierarchicalTestEngine.execute(HierarchicalTestEngine.java:51)
	at org.junit.platform.launcher.core.EngineExecutionOrchestrator.execute(EngineExecutionOrchestrator.java:108)
	at org.junit.platform.launcher.core.EngineExecutionOrchestrator.execute(EngineExecutionOrchestrator.java:88)
	at org.junit.platform.launcher.core.EngineExecutionOrchestrator.lambda$execute$0(EngineExecutionOrchestrator.java:54)
	at org.junit.platform.launcher.core.EngineExecutionOrchestrator.withInterceptedStreams(EngineExecutionOrchestrator.java:67)
	at org.junit.platform.launcher.core.EngineExecutionOrchestrator.execute(EngineExecutionOrchestrator.java:52)
	at org.junit.platform.launcher.core.DefaultLauncher.execute(DefaultLauncher.java:96)
	at org.junit.platform.launcher.core.DefaultLauncher.execute(DefaultLauncher.java:75)
	at org.junit.platform.console.tasks.ConsoleTestExecutor.executeTests(ConsoleTestExecutor.java:66)
	at org.junit.platform.console.tasks.ConsoleTestExecutor.lambda$execute$0(ConsoleTestExecutor.java:58)
	at org.junit.platform.console.tasks.CustomContextClassLoaderExecutor.replaceThreadContextClassLoaderAndInvoke(CustomContextClassLoaderExecutor.java:41)
	at org.junit.platform.console.tasks.CustomContextClassLoaderExecutor.invoke(CustomContextClassLoaderExecutor.java:31)
	at org.junit.platform.console.tasks.ConsoleTestExecutor.execute(ConsoleTestExecutor.java:58)
	at org.junit.platform.console.ConsoleLauncher.executeTests(ConsoleLauncher.java:95)
	at org.junit.platform.console.ConsoleLauncher.execute(ConsoleLauncher.java:73)
	at org.junit.platform.console.ConsoleLauncher.execute(ConsoleLauncher.java:50)
	at org.junit.platform.console.ConsoleLauncher.execute(ConsoleLauncher.java:43)
	at org.junit.platform.console.ConsoleLauncher.main(ConsoleLauncher.java:37)
]]></failure>
<system-out><![CDATA[
unique-id: [engine:junit-jupiter]/[class:pilesimple.test.PileIntTest]/[test-template:testDepiler(pilesimple.PileInt)]/[test-template-invocation:#12]
display-name: [12] PileInt(23/25):[1076106784 1001106160 0 0 0 0 0 0 0 0 0 0 0 0 0 0 0 0 0 0 0 0 0 ]
]]></system-out>
</testcase>
<testcase name="testDepiler(PileInt)[13]" classname="pilesimple.test.PileIntTest" time="0">
<failure message="expected: &lt;13&gt; but was: &lt;14&gt;" type="org.opentest4j.AssertionFailedError"><![CDATA[org.opentest4j.AssertionFailedError: expected: <13> but was: <14>
	at org.junit.jupiter.api.AssertionUtils.fail(AssertionUtils.java:55)
	at org.junit.jupiter.api.AssertionUtils.failNotEqual(AssertionUtils.java:62)
	at org.junit.jupiter.api.AssertEquals.assertEquals(AssertEquals.java:150)
	at org.junit.jupiter.api.AssertEquals.assertEquals(AssertEquals.java:145)
	at org.junit.jupiter.api.Assertions.assertEquals(Assertions.java:510)
	at pilesimple.test.PileIntTest.testDepiler(PileIntTest.java:363)
	at java.base/jdk.internal.reflect.DirectMethodHandleAccessor.invoke(DirectMethodHandleAccessor.java:103)
	at java.base/java.lang.reflect.Method.invoke(Method.java:580)
	at org.junit.platform.commons.util.ReflectionUtils.invokeMethod(ReflectionUtils.java:688)
	at org.junit.jupiter.engine.execution.MethodInvocation.proceed(MethodInvocation.java:60)
	at org.junit.jupiter.engine.execution.InvocationInterceptorChain$ValidatingInvocation.proceed(InvocationInterceptorChain.java:131)
	at org.junit.jupiter.engine.extension.TimeoutExtension.intercept(TimeoutExtension.java:149)
	at org.junit.jupiter.engine.extension.TimeoutExtension.interceptTestableMethod(TimeoutExtension.java:140)
	at org.junit.jupiter.engine.extension.TimeoutExtension.interceptTestTemplateMethod(TimeoutExtension.java:92)
	at org.junit.jupiter.engine.execution.ExecutableInvoker$ReflectiveInterceptorCall.lambda$ofVoidMethod$0(ExecutableInvoker.java:115)
	at org.junit.jupiter.engine.execution.ExecutableInvoker.lambda$invoke$0(ExecutableInvoker.java:105)
	at org.junit.jupiter.engine.execution.InvocationInterceptorChain$InterceptedInvocation.proceed(InvocationInterceptorChain.java:106)
	at org.junit.jupiter.engine.execution.InvocationInterceptorChain.proceed(InvocationInterceptorChain.java:64)
	at org.junit.jupiter.engine.execution.InvocationInterceptorChain.chainAndInvoke(InvocationInterceptorChain.java:45)
	at org.junit.jupiter.engine.execution.InvocationInterceptorChain.invoke(InvocationInterceptorChain.java:37)
	at org.junit.jupiter.engine.execution.ExecutableInvoker.invoke(ExecutableInvoker.java:104)
	at org.junit.jupiter.engine.execution.ExecutableInvoker.invoke(ExecutableInvoker.java:98)
	at org.junit.jupiter.engine.descriptor.TestMethodTestDescriptor.lambda$invokeTestMethod$6(TestMethodTestDescriptor.java:210)
	at org.junit.platform.engine.support.hierarchical.ThrowableCollector.execute(ThrowableCollector.java:73)
	at org.junit.jupiter.engine.descriptor.TestMethodTestDescriptor.invokeTestMethod(TestMethodTestDescriptor.java:206)
	at org.junit.jupiter.engine.descriptor.TestMethodTestDescriptor.execute(TestMethodTestDescriptor.java:131)
	at org.junit.jupiter.engine.descriptor.TestMethodTestDescriptor.execute(TestMethodTestDescriptor.java:65)
	at org.junit.platform.engine.support.hierarchical.NodeTestTask.lambda$executeRecursively$5(NodeTestTask.java:139)
	at org.junit.platform.engine.support.hierarchical.ThrowableCollector.execute(ThrowableCollector.java:73)
	at org.junit.platform.engine.support.hierarchical.NodeTestTask.lambda$executeRecursively$7(NodeTestTask.java:129)
	at org.junit.platform.engine.support.hierarchical.Node.around(Node.java:137)
	at org.junit.platform.engine.support.hierarchical.NodeTestTask.lambda$executeRecursively$8(NodeTestTask.java:127)
	at org.junit.platform.engine.support.hierarchical.ThrowableCollector.execute(ThrowableCollector.java:73)
	at org.junit.platform.engine.support.hierarchical.NodeTestTask.executeRecursively(NodeTestTask.java:126)
	at org.junit.platform.engine.support.hierarchical.NodeTestTask.execute(NodeTestTask.java:84)
	at org.junit.platform.engine.support.hierarchical.SameThreadHierarchicalTestExecutorService.submit(SameThreadHierarchicalTestExecutorService.java:32)
	at org.junit.platform.engine.support.hierarchical.NodeTestTask$DefaultDynamicTestExecutor.execute(NodeTestTask.java:212)
	at org.junit.platform.engine.support.hierarchical.NodeTestTask$DefaultDynamicTestExecutor.execute(NodeTestTask.java:192)
	at org.junit.jupiter.engine.descriptor.TestTemplateTestDescriptor.execute(TestTemplateTestDescriptor.java:139)
	at org.junit.jupiter.engine.descriptor.TestTemplateTestDescriptor.lambda$execute$2(TestTemplateTestDescriptor.java:107)
	at java.base/java.util.stream.ForEachOps$ForEachOp$OfRef.accept(ForEachOps.java:184)
	at java.base/java.util.stream.ReferencePipeline$3$1.accept(ReferencePipeline.java:215)
	at java.base/java.util.stream.ReferencePipeline$2$1.accept(ReferencePipeline.java:197)
	at java.base/java.util.stream.ReferencePipeline$3$1.accept(ReferencePipeline.java:215)
	at java.base/java.util.stream.ForEachOps$ForEachOp$OfRef.accept(ForEachOps.java:184)
	at java.base/java.util.stream.ReferencePipeline$15$1.accept(ReferencePipeline.java:581)
	at java.base/java.util.stream.ReferencePipeline$3$1.accept(ReferencePipeline.java:215)
	at java.base/java.util.stream.ReferencePipeline$3$1.accept(ReferencePipeline.java:215)
	at java.base/java.util.stream.ReferencePipeline$3$1.accept(ReferencePipeline.java:215)
	at java.base/java.util.stream.ForEachOps$ForEachOp$OfRef.accept(ForEachOps.java:184)
	at java.base/java.util.stream.ReferencePipeline$3$1.accept(ReferencePipeline.java:215)
	at java.base/java.util.stream.ForEachOps$ForEachOp$OfRef.accept(ForEachOps.java:184)
	at java.base/java.util.stream.ReferencePipeline$3$1.accept(ReferencePipeline.java:215)
	at java.base/java.util.stream.ReferencePipeline$2$1.accept(ReferencePipeline.java:197)
	at java.base/java.util.ArrayList$ArrayListSpliterator.forEachRemaining(ArrayList.java:1709)
	at java.base/java.util.stream.AbstractPipeline.copyInto(AbstractPipeline.java:570)
	at java.base/java.util.stream.AbstractPipeline.wrapAndCopyInto(AbstractPipeline.java:560)
	at java.base/java.util.stream.ForEachOps$ForEachOp.evaluateSequential(ForEachOps.java:151)
	at java.base/java.util.stream.ForEachOps$ForEachOp$OfRef.evaluateSequential(ForEachOps.java:174)
	at java.base/java.util.stream.AbstractPipeline.evaluate(AbstractPipeline.java:265)
	at java.base/java.util.stream.ReferencePipeline.forEach(ReferencePipeline.java:636)
	at java.base/java.util.stream.ReferencePipeline$7$1FlatMap.accept(ReferencePipeline.java:294)
	at java.base/java.util.stream.ReferencePipeline$3$1.accept(ReferencePipeline.java:215)
	at java.base/java.util.stream.ReferencePipeline$3$1.accept(ReferencePipeline.java:215)
	at java.base/java.util.Spliterators$ArraySpliterator.forEachRemaining(Spliterators.java:1024)
	at java.base/java.util.stream.AbstractPipeline.copyInto(AbstractPipeline.java:570)
	at java.base/java.util.stream.AbstractPipeline.wrapAndCopyInto(AbstractPipeline.java:560)
	at java.base/java.util.stream.ForEachOps$ForEachOp.evaluateSequential(ForEachOps.java:151)
	at java.base/java.util.stream.ForEachOps$ForEachOp$OfRef.evaluateSequential(ForEachOps.java:174)
	at java.base/java.util.stream.AbstractPipeline.evaluate(AbstractPipeline.java:265)
	at java.base/java.util.stream.ReferencePipeline.forEach(ReferencePipeline.java:636)
	at java.base/java.util.stream.ReferencePipeline$7$1FlatMap.accept(ReferencePipeline.java:294)
	at java.base/java.util.stream.ReferencePipeline$3$1.accept(ReferencePipeline.java:215)
	at java.base/java.util.stream.ReferencePipeline$3$1.accept(ReferencePipeline.java:215)
	at java.base/java.util.stream.ReferencePipeline$3$1.accept(ReferencePipeline.java:215)
	at java.base/java.util.ArrayList$ArrayListSpliterator.forEachRemaining(ArrayList.java:1709)
	at java.base/java.util.stream.AbstractPipeline.copyInto(AbstractPipeline.java:570)
	at java.base/java.util.stream.AbstractPipeline.wrapAndCopyInto(AbstractPipeline.java:560)
	at java.base/java.util.stream.ForEachOps$ForEachOp.evaluateSequential(ForEachOps.java:151)
	at java.base/java.util.stream.ForEachOps$ForEachOp$OfRef.evaluateSequential(ForEachOps.java:174)
	at java.base/java.util.stream.AbstractPipeline.evaluate(AbstractPipeline.java:265)
	at java.base/java.util.stream.ReferencePipeline.forEach(ReferencePipeline.java:636)
	at java.base/java.util.stream.ReferencePipeline$7$1FlatMap.accept(ReferencePipeline.java:294)
	at java.base/java.util.ArrayList$ArrayListSpliterator.forEachRemaining(ArrayList.java:1709)
	at java.base/java.util.stream.AbstractPipeline.copyInto(AbstractPipeline.java:570)
	at java.base/java.util.stream.AbstractPipeline.wrapAndCopyInto(AbstractPipeline.java:560)
	at java.base/java.util.stream.ForEachOps$ForEachOp.evaluateSequential(ForEachOps.java:151)
	at java.base/java.util.stream.ForEachOps$ForEachOp$OfRef.evaluateSequential(ForEachOps.java:174)
	at java.base/java.util.stream.AbstractPipeline.evaluate(AbstractPipeline.java:265)
	at java.base/java.util.stream.ReferencePipeline.forEach(ReferencePipeline.java:636)
	at org.junit.jupiter.engine.descriptor.TestTemplateTestDescriptor.execute(TestTemplateTestDescriptor.java:107)
	at org.junit.jupiter.engine.descriptor.TestTemplateTestDescriptor.execute(TestTemplateTestDescriptor.java:42)
	at org.junit.platform.engine.support.hierarchical.NodeTestTask.lambda$executeRecursively$5(NodeTestTask.java:139)
	at org.junit.platform.engine.support.hierarchical.ThrowableCollector.execute(ThrowableCollector.java:73)
	at org.junit.platform.engine.support.hierarchical.NodeTestTask.lambda$executeRecursively$7(NodeTestTask.java:129)
	at org.junit.platform.engine.support.hierarchical.Node.around(Node.java:137)
	at org.junit.platform.engine.support.hierarchical.NodeTestTask.lambda$executeRecursively$8(NodeTestTask.java:127)
	at org.junit.platform.engine.support.hierarchical.ThrowableCollector.execute(ThrowableCollector.java:73)
	at org.junit.platform.engine.support.hierarchical.NodeTestTask.executeRecursively(NodeTestTask.java:126)
	at org.junit.platform.engine.support.hierarchical.NodeTestTask.execute(NodeTestTask.java:84)
	at java.base/java.util.ArrayList.forEach(ArrayList.java:1597)
	at org.junit.platform.engine.support.hierarchical.SameThreadHierarchicalTestExecutorService.invokeAll(SameThreadHierarchicalTestExecutorService.java:38)
	at org.junit.platform.engine.support.hierarchical.NodeTestTask.lambda$executeRecursively$5(NodeTestTask.java:143)
	at org.junit.platform.engine.support.hierarchical.ThrowableCollector.execute(ThrowableCollector.java:73)
	at org.junit.platform.engine.support.hierarchical.NodeTestTask.lambda$executeRecursively$7(NodeTestTask.java:129)
	at org.junit.platform.engine.support.hierarchical.Node.around(Node.java:137)
	at org.junit.platform.engine.support.hierarchical.NodeTestTask.lambda$executeRecursively$8(NodeTestTask.java:127)
	at org.junit.platform.engine.support.hierarchical.ThrowableCollector.execute(ThrowableCollector.java:73)
	at org.junit.platform.engine.support.hierarchical.NodeTestTask.executeRecursively(NodeTestTask.java:126)
	at org.junit.platform.engine.support.hierarchical.NodeTestTask.execute(NodeTestTask.java:84)
	at java.base/java.util.ArrayList.forEach(ArrayList.java:1597)
	at org.junit.platform.engine.support.hierarchical.SameThreadHierarchicalTestExecutorService.invokeAll(SameThreadHierarchicalTestExecutorService.java:38)
	at org.junit.platform.engine.support.hierarchical.NodeTestTask.lambda$executeRecursively$5(NodeTestTask.java:143)
	at org.junit.platform.engine.support.hierarchical.ThrowableCollector.execute(ThrowableCollector.java:73)
	at org.junit.platform.engine.support.hierarchical.NodeTestTask.lambda$executeRecursively$7(NodeTestTask.java:129)
	at org.junit.platform.engine.support.hierarchical.Node.around(Node.java:137)
	at org.junit.platform.engine.support.hierarchical.NodeTestTask.lambda$executeRecursively$8(NodeTestTask.java:127)
	at org.junit.platform.engine.support.hierarchical.ThrowableCollector.execute(ThrowableCollector.java:73)
	at org.junit.platform.engine.support.hierarchical.NodeTestTask.executeRecursively(NodeTestTask.java:126)
	at org.junit.platform.engine.support.hierarchical.NodeTestTask.execute(NodeTestTask.java:84)
	at org.junit.platform.engine.support.hierarchical.SameThreadHierarchicalTestExecutorService.submit(SameThreadHierarchicalTestExecutorService.java:32)
	at org.junit.platform.engine.support.hierarchical.HierarchicalTestExecutor.execute(HierarchicalTestExecutor.java:57)
	at org.junit.platform.engine.support.hierarchical.HierarchicalTestEngine.execute(HierarchicalTestEngine.java:51)
	at org.junit.platform.launcher.core.EngineExecutionOrchestrator.execute(EngineExecutionOrchestrator.java:108)
	at org.junit.platform.launcher.core.EngineExecutionOrchestrator.execute(EngineExecutionOrchestrator.java:88)
	at org.junit.platform.launcher.core.EngineExecutionOrchestrator.lambda$execute$0(EngineExecutionOrchestrator.java:54)
	at org.junit.platform.launcher.core.EngineExecutionOrchestrator.withInterceptedStreams(EngineExecutionOrchestrator.java:67)
	at org.junit.platform.launcher.core.EngineExecutionOrchestrator.execute(EngineExecutionOrchestrator.java:52)
	at org.junit.platform.launcher.core.DefaultLauncher.execute(DefaultLauncher.java:96)
	at org.junit.platform.launcher.core.DefaultLauncher.execute(DefaultLauncher.java:75)
	at org.junit.platform.console.tasks.ConsoleTestExecutor.executeTests(ConsoleTestExecutor.java:66)
	at org.junit.platform.console.tasks.ConsoleTestExecutor.lambda$execute$0(ConsoleTestExecutor.java:58)
	at org.junit.platform.console.tasks.CustomContextClassLoaderExecutor.replaceThreadContextClassLoaderAndInvoke(CustomContextClassLoaderExecutor.java:41)
	at org.junit.platform.console.tasks.CustomContextClassLoaderExecutor.invoke(CustomContextClassLoaderExecutor.java:31)
	at org.junit.platform.console.tasks.ConsoleTestExecutor.execute(ConsoleTestExecutor.java:58)
	at org.junit.platform.console.ConsoleLauncher.executeTests(ConsoleLauncher.java:95)
	at org.junit.platform.console.ConsoleLauncher.execute(ConsoleLauncher.java:73)
	at org.junit.platform.console.ConsoleLauncher.execute(ConsoleLauncher.java:50)
	at org.junit.platform.console.ConsoleLauncher.execute(ConsoleLauncher.java:43)
	at org.junit.platform.console.ConsoleLauncher.main(ConsoleLauncher.java:37)
]]></failure>
<system-out><![CDATA[
unique-id: [engine:junit-jupiter]/[class:pilesimple.test.PileIntTest]/[test-template:testDepiler(pilesimple.PileInt)]/[test-template-invocation:#13]
display-name: [13] PileInt(15/20):[-1948372490 1175265028 1509228326 982841218 -113535506 -1095093150 388532020 -1696138086 -1404296367 949094180 1074419298 1053087988 -1152583802 826453230 -990184886 ]
]]></system-out>
</testcase>
<testcase name="testDepiler(PileInt)[14]" classname="pilesimple.test.PileIntTest" time="0">
<skipped><![CDATA[org.opentest4j.TestAbortedException: Assumption failed: assumption is not false
	at org.junit.jupiter.api.Assumptions.throwTestAbortedException(Assumptions.java:256)
	at org.junit.jupiter.api.Assumptions.assumeFalse(Assumptions.java:191)
	at org.junit.jupiter.api.Assumptions.assumeFalse(Assumptions.java:142)
	at pilesimple.test.PileIntTest.testDepiler(PileIntTest.java:353)
	at java.base/jdk.internal.reflect.DirectMethodHandleAccessor.invoke(DirectMethodHandleAccessor.java:103)
	at java.base/java.lang.reflect.Method.invoke(Method.java:580)
	at org.junit.platform.commons.util.ReflectionUtils.invokeMethod(ReflectionUtils.java:688)
	at org.junit.jupiter.engine.execution.MethodInvocation.proceed(MethodInvocation.java:60)
	at org.junit.jupiter.engine.execution.InvocationInterceptorChain$ValidatingInvocation.proceed(InvocationInterceptorChain.java:131)
	at org.junit.jupiter.engine.extension.TimeoutExtension.intercept(TimeoutExtension.java:149)
	at org.junit.jupiter.engine.extension.TimeoutExtension.interceptTestableMethod(TimeoutExtension.java:140)
	at org.junit.jupiter.engine.extension.TimeoutExtension.interceptTestTemplateMethod(TimeoutExtension.java:92)
	at org.junit.jupiter.engine.execution.ExecutableInvoker$ReflectiveInterceptorCall.lambda$ofVoidMethod$0(ExecutableInvoker.java:115)
	at org.junit.jupiter.engine.execution.ExecutableInvoker.lambda$invoke$0(ExecutableInvoker.java:105)
	at org.junit.jupiter.engine.execution.InvocationInterceptorChain$InterceptedInvocation.proceed(InvocationInterceptorChain.java:106)
	at org.junit.jupiter.engine.execution.InvocationInterceptorChain.proceed(InvocationInterceptorChain.java:64)
	at org.junit.jupiter.engine.execution.InvocationInterceptorChain.chainAndInvoke(InvocationInterceptorChain.java:45)
	at org.junit.jupiter.engine.execution.InvocationInterceptorChain.invoke(InvocationInterceptorChain.java:37)
	at org.junit.jupiter.engine.execution.ExecutableInvoker.invoke(ExecutableInvoker.java:104)
	at org.junit.jupiter.engine.execution.ExecutableInvoker.invoke(ExecutableInvoker.java:98)
	at org.junit.jupiter.engine.descriptor.TestMethodTestDescriptor.lambda$invokeTestMethod$6(TestMethodTestDescriptor.java:210)
	at org.junit.platform.engine.support.hierarchical.ThrowableCollector.execute(ThrowableCollector.java:73)
	at org.junit.jupiter.engine.descriptor.TestMethodTestDescriptor.invokeTestMethod(TestMethodTestDescriptor.java:206)
	at org.junit.jupiter.engine.descriptor.TestMethodTestDescriptor.execute(TestMethodTestDescriptor.java:131)
	at org.junit.jupiter.engine.descriptor.TestMethodTestDescriptor.execute(TestMethodTestDescriptor.java:65)
	at org.junit.platform.engine.support.hierarchical.NodeTestTask.lambda$executeRecursively$5(NodeTestTask.java:139)
	at org.junit.platform.engine.support.hierarchical.ThrowableCollector.execute(ThrowableCollector.java:73)
	at org.junit.platform.engine.support.hierarchical.NodeTestTask.lambda$executeRecursively$7(NodeTestTask.java:129)
	at org.junit.platform.engine.support.hierarchical.Node.around(Node.java:137)
	at org.junit.platform.engine.support.hierarchical.NodeTestTask.lambda$executeRecursively$8(NodeTestTask.java:127)
	at org.junit.platform.engine.support.hierarchical.ThrowableCollector.execute(ThrowableCollector.java:73)
	at org.junit.platform.engine.support.hierarchical.NodeTestTask.executeRecursively(NodeTestTask.java:126)
	at org.junit.platform.engine.support.hierarchical.NodeTestTask.execute(NodeTestTask.java:84)
	at org.junit.platform.engine.support.hierarchical.SameThreadHierarchicalTestExecutorService.submit(SameThreadHierarchicalTestExecutorService.java:32)
	at org.junit.platform.engine.support.hierarchical.NodeTestTask$DefaultDynamicTestExecutor.execute(NodeTestTask.java:212)
	at org.junit.platform.engine.support.hierarchical.NodeTestTask$DefaultDynamicTestExecutor.execute(NodeTestTask.java:192)
	at org.junit.jupiter.engine.descriptor.TestTemplateTestDescriptor.execute(TestTemplateTestDescriptor.java:139)
	at org.junit.jupiter.engine.descriptor.TestTemplateTestDescriptor.lambda$execute$2(TestTemplateTestDescriptor.java:107)
	at java.base/java.util.stream.ForEachOps$ForEachOp$OfRef.accept(ForEachOps.java:184)
	at java.base/java.util.stream.ReferencePipeline$3$1.accept(ReferencePipeline.java:215)
	at java.base/java.util.stream.ReferencePipeline$2$1.accept(ReferencePipeline.java:197)
	at java.base/java.util.stream.ReferencePipeline$3$1.accept(ReferencePipeline.java:215)
	at java.base/java.util.stream.ForEachOps$ForEachOp$OfRef.accept(ForEachOps.java:184)
	at java.base/java.util.stream.ReferencePipeline$15$1.accept(ReferencePipeline.java:581)
	at java.base/java.util.stream.ReferencePipeline$3$1.accept(ReferencePipeline.java:215)
	at java.base/java.util.stream.ReferencePipeline$3$1.accept(ReferencePipeline.java:215)
	at java.base/java.util.stream.ReferencePipeline$3$1.accept(ReferencePipeline.java:215)
	at java.base/java.util.stream.ForEachOps$ForEachOp$OfRef.accept(ForEachOps.java:184)
	at java.base/java.util.stream.ReferencePipeline$3$1.accept(ReferencePipeline.java:215)
	at java.base/java.util.stream.ForEachOps$ForEachOp$OfRef.accept(ForEachOps.java:184)
	at java.base/java.util.stream.ReferencePipeline$3$1.accept(ReferencePipeline.java:215)
	at java.base/java.util.stream.ReferencePipeline$2$1.accept(ReferencePipeline.java:197)
	at java.base/java.util.ArrayList$ArrayListSpliterator.forEachRemaining(ArrayList.java:1709)
	at java.base/java.util.stream.AbstractPipeline.copyInto(AbstractPipeline.java:570)
	at java.base/java.util.stream.AbstractPipeline.wrapAndCopyInto(AbstractPipeline.java:560)
	at java.base/java.util.stream.ForEachOps$ForEachOp.evaluateSequential(ForEachOps.java:151)
	at java.base/java.util.stream.ForEachOps$ForEachOp$OfRef.evaluateSequential(ForEachOps.java:174)
	at java.base/java.util.stream.AbstractPipeline.evaluate(AbstractPipeline.java:265)
	at java.base/java.util.stream.ReferencePipeline.forEach(ReferencePipeline.java:636)
	at java.base/java.util.stream.ReferencePipeline$7$1FlatMap.accept(ReferencePipeline.java:294)
	at java.base/java.util.stream.ReferencePipeline$3$1.accept(ReferencePipeline.java:215)
	at java.base/java.util.stream.ReferencePipeline$3$1.accept(ReferencePipeline.java:215)
	at java.base/java.util.Spliterators$ArraySpliterator.forEachRemaining(Spliterators.java:1024)
	at java.base/java.util.stream.AbstractPipeline.copyInto(AbstractPipeline.java:570)
	at java.base/java.util.stream.AbstractPipeline.wrapAndCopyInto(AbstractPipeline.java:560)
	at java.base/java.util.stream.ForEachOps$ForEachOp.evaluateSequential(ForEachOps.java:151)
	at java.base/java.util.stream.ForEachOps$ForEachOp$OfRef.evaluateSequential(ForEachOps.java:174)
	at java.base/java.util.stream.AbstractPipeline.evaluate(AbstractPipeline.java:265)
	at java.base/java.util.stream.ReferencePipeline.forEach(ReferencePipeline.java:636)
	at java.base/java.util.stream.ReferencePipeline$7$1FlatMap.accept(ReferencePipeline.java:294)
	at java.base/java.util.stream.ReferencePipeline$3$1.accept(ReferencePipeline.java:215)
	at java.base/java.util.stream.ReferencePipeline$3$1.accept(ReferencePipeline.java:215)
	at java.base/java.util.stream.ReferencePipeline$3$1.accept(ReferencePipeline.java:215)
	at java.base/java.util.ArrayList$ArrayListSpliterator.forEachRemaining(ArrayList.java:1709)
	at java.base/java.util.stream.AbstractPipeline.copyInto(AbstractPipeline.java:570)
	at java.base/java.util.stream.AbstractPipeline.wrapAndCopyInto(AbstractPipeline.java:560)
	at java.base/java.util.stream.ForEachOps$ForEachOp.evaluateSequential(ForEachOps.java:151)
	at java.base/java.util.stream.ForEachOps$ForEachOp$OfRef.evaluateSequential(ForEachOps.java:174)
	at java.base/java.util.stream.AbstractPipeline.evaluate(AbstractPipeline.java:265)
	at java.base/java.util.stream.ReferencePipeline.forEach(ReferencePipeline.java:636)
	at java.base/java.util.stream.ReferencePipeline$7$1FlatMap.accept(ReferencePipeline.java:294)
	at java.base/java.util.ArrayList$ArrayListSpliterator.forEachRemaining(ArrayList.java:1709)
	at java.base/java.util.stream.AbstractPipeline.copyInto(AbstractPipeline.java:570)
	at java.base/java.util.stream.AbstractPipeline.wrapAndCopyInto(AbstractPipeline.java:560)
	at java.base/java.util.stream.ForEachOps$ForEachOp.evaluateSequential(ForEachOps.java:151)
	at java.base/java.util.stream.ForEachOps$ForEachOp$OfRef.evaluateSequential(ForEachOps.java:174)
	at java.base/java.util.stream.AbstractPipeline.evaluate(AbstractPipeline.java:265)
	at java.base/java.util.stream.ReferencePipeline.forEach(ReferencePipeline.java:636)
	at org.junit.jupiter.engine.descriptor.TestTemplateTestDescriptor.execute(TestTemplateTestDescriptor.java:107)
	at org.junit.jupiter.engine.descriptor.TestTemplateTestDescriptor.execute(TestTemplateTestDescriptor.java:42)
	at org.junit.platform.engine.support.hierarchical.NodeTestTask.lambda$executeRecursively$5(NodeTestTask.java:139)
	at org.junit.platform.engine.support.hierarchical.ThrowableCollector.execute(ThrowableCollector.java:73)
	at org.junit.platform.engine.support.hierarchical.NodeTestTask.lambda$executeRecursively$7(NodeTestTask.java:129)
	at org.junit.platform.engine.support.hierarchical.Node.around(Node.java:137)
	at org.junit.platform.engine.support.hierarchical.NodeTestTask.lambda$executeRecursively$8(NodeTestTask.java:127)
	at org.junit.platform.engine.support.hierarchical.ThrowableCollector.execute(ThrowableCollector.java:73)
	at org.junit.platform.engine.support.hierarchical.NodeTestTask.executeRecursively(NodeTestTask.java:126)
	at org.junit.platform.engine.support.hierarchical.NodeTestTask.execute(NodeTestTask.java:84)
	at java.base/java.util.ArrayList.forEach(ArrayList.java:1597)
	at org.junit.platform.engine.support.hierarchical.SameThreadHierarchicalTestExecutorService.invokeAll(SameThreadHierarchicalTestExecutorService.java:38)
	at org.junit.platform.engine.support.hierarchical.NodeTestTask.lambda$executeRecursively$5(NodeTestTask.java:143)
	at org.junit.platform.engine.support.hierarchical.ThrowableCollector.execute(ThrowableCollector.java:73)
	at org.junit.platform.engine.support.hierarchical.NodeTestTask.lambda$executeRecursively$7(NodeTestTask.java:129)
	at org.junit.platform.engine.support.hierarchical.Node.around(Node.java:137)
	at org.junit.platform.engine.support.hierarchical.NodeTestTask.lambda$executeRecursively$8(NodeTestTask.java:127)
	at org.junit.platform.engine.support.hierarchical.ThrowableCollector.execute(ThrowableCollector.java:73)
	at org.junit.platform.engine.support.hierarchical.NodeTestTask.executeRecursively(NodeTestTask.java:126)
	at org.junit.platform.engine.support.hierarchical.NodeTestTask.execute(NodeTestTask.java:84)
	at java.base/java.util.ArrayList.forEach(ArrayList.java:1597)
	at org.junit.platform.engine.support.hierarchical.SameThreadHierarchicalTestExecutorService.invokeAll(SameThreadHierarchicalTestExecutorService.java:38)
	at org.junit.platform.engine.support.hierarchical.NodeTestTask.lambda$executeRecursively$5(NodeTestTask.java:143)
	at org.junit.platform.engine.support.hierarchical.ThrowableCollector.execute(ThrowableCollector.java:73)
	at org.junit.platform.engine.support.hierarchical.NodeTestTask.lambda$executeRecursively$7(NodeTestTask.java:129)
	at org.junit.platform.engine.support.hierarchical.Node.around(Node.java:137)
	at org.junit.platform.engine.support.hierarchical.NodeTestTask.lambda$executeRecursively$8(NodeTestTask.java:127)
	at org.junit.platform.engine.support.hierarchical.ThrowableCollector.execute(ThrowableCollector.java:73)
	at org.junit.platform.engine.support.hierarchical.NodeTestTask.executeRecursively(NodeTestTask.java:126)
	at org.junit.platform.engine.support.hierarchical.NodeTestTask.execute(NodeTestTask.java:84)
	at org.junit.platform.engine.support.hierarchical.SameThreadHierarchicalTestExecutorService.submit(SameThreadHierarchicalTestExecutorService.java:32)
	at org.junit.platform.engine.support.hierarchical.HierarchicalTestExecutor.execute(HierarchicalTestExecutor.java:57)
	at org.junit.platform.engine.support.hierarchical.HierarchicalTestEngine.execute(HierarchicalTestEngine.java:51)
	at org.junit.platform.launcher.core.EngineExecutionOrchestrator.execute(EngineExecutionOrchestrator.java:108)
	at org.junit.platform.launcher.core.EngineExecutionOrchestrator.execute(EngineExecutionOrchestrator.java:88)
	at org.junit.platform.launcher.core.EngineExecutionOrchestrator.lambda$execute$0(EngineExecutionOrchestrator.java:54)
	at org.junit.platform.launcher.core.EngineExecutionOrchestrator.withInterceptedStreams(EngineExecutionOrchestrator.java:67)
	at org.junit.platform.launcher.core.EngineExecutionOrchestrator.execute(EngineExecutionOrchestrator.java:52)
	at org.junit.platform.launcher.core.DefaultLauncher.execute(DefaultLauncher.java:96)
	at org.junit.platform.launcher.core.DefaultLauncher.execute(DefaultLauncher.java:75)
	at org.junit.platform.console.tasks.ConsoleTestExecutor.executeTests(ConsoleTestExecutor.java:66)
	at org.junit.platform.console.tasks.ConsoleTestExecutor.lambda$execute$0(ConsoleTestExecutor.java:58)
	at org.junit.platform.console.tasks.CustomContextClassLoaderExecutor.replaceThreadContextClassLoaderAndInvoke(CustomContextClassLoaderExecutor.java:41)
	at org.junit.platform.console.tasks.CustomContextClassLoaderExecutor.invoke(CustomContextClassLoaderExecutor.java:31)
	at org.junit.platform.console.tasks.ConsoleTestExecutor.execute(ConsoleTestExecutor.java:58)
	at org.junit.platform.console.ConsoleLauncher.executeTests(ConsoleLauncher.java:95)
	at org.junit.platform.console.ConsoleLauncher.execute(ConsoleLauncher.java:73)
	at org.junit.platform.console.ConsoleLauncher.execute(ConsoleLauncher.java:50)
	at org.junit.platform.console.ConsoleLauncher.execute(ConsoleLauncher.java:43)
	at org.junit.platform.console.ConsoleLauncher.main(ConsoleLauncher.java:37)
]]></skipped>
<system-out><![CDATA[
unique-id: [engine:junit-jupiter]/[class:pilesimple.test.PileIntTest]/[test-template:testDepiler(pilesimple.PileInt)]/[test-template-invocation:#14]
display-name: [14] PileInt(0/1):[]
]]></system-out>
</testcase>
<testcase name="testDepiler(PileInt)[15]" classname="pilesimple.test.PileIntTest" time="0">
<failure message="expected: &lt;4&gt; but was: &lt;5&gt;" type="org.opentest4j.AssertionFailedError"><![CDATA[org.opentest4j.AssertionFailedError: expected: <4> but was: <5>
	at org.junit.jupiter.api.AssertionUtils.fail(AssertionUtils.java:55)
	at org.junit.jupiter.api.AssertionUtils.failNotEqual(AssertionUtils.java:62)
	at org.junit.jupiter.api.AssertEquals.assertEquals(AssertEquals.java:150)
	at org.junit.jupiter.api.AssertEquals.assertEquals(AssertEquals.java:145)
	at org.junit.jupiter.api.Assertions.assertEquals(Assertions.java:510)
	at pilesimple.test.PileIntTest.testDepiler(PileIntTest.java:363)
	at java.base/jdk.internal.reflect.DirectMethodHandleAccessor.invoke(DirectMethodHandleAccessor.java:103)
	at java.base/java.lang.reflect.Method.invoke(Method.java:580)
	at org.junit.platform.commons.util.ReflectionUtils.invokeMethod(ReflectionUtils.java:688)
	at org.junit.jupiter.engine.execution.MethodInvocation.proceed(MethodInvocation.java:60)
	at org.junit.jupiter.engine.execution.InvocationInterceptorChain$ValidatingInvocation.proceed(InvocationInterceptorChain.java:131)
	at org.junit.jupiter.engine.extension.TimeoutExtension.intercept(TimeoutExtension.java:149)
	at org.junit.jupiter.engine.extension.TimeoutExtension.interceptTestableMethod(TimeoutExtension.java:140)
	at org.junit.jupiter.engine.extension.TimeoutExtension.interceptTestTemplateMethod(TimeoutExtension.java:92)
	at org.junit.jupiter.engine.execution.ExecutableInvoker$ReflectiveInterceptorCall.lambda$ofVoidMethod$0(ExecutableInvoker.java:115)
	at org.junit.jupiter.engine.execution.ExecutableInvoker.lambda$invoke$0(ExecutableInvoker.java:105)
	at org.junit.jupiter.engine.execution.InvocationInterceptorChain$InterceptedInvocation.proceed(InvocationInterceptorChain.java:106)
	at org.junit.jupiter.engine.execution.InvocationInterceptorChain.proceed(InvocationInterceptorChain.java:64)
	at org.junit.jupiter.engine.execution.InvocationInterceptorChain.chainAndInvoke(InvocationInterceptorChain.java:45)
	at org.junit.jupiter.engine.execution.InvocationInterceptorChain.invoke(InvocationInterceptorChain.java:37)
	at org.junit.jupiter.engine.execution.ExecutableInvoker.invoke(ExecutableInvoker.java:104)
	at org.junit.jupiter.engine.execution.ExecutableInvoker.invoke(ExecutableInvoker.java:98)
	at org.junit.jupiter.engine.descriptor.TestMethodTestDescriptor.lambda$invokeTestMethod$6(TestMethodTestDescriptor.java:210)
	at org.junit.platform.engine.support.hierarchical.ThrowableCollector.execute(ThrowableCollector.java:73)
	at org.junit.jupiter.engine.descriptor.TestMethodTestDescriptor.invokeTestMethod(TestMethodTestDescriptor.java:206)
	at org.junit.jupiter.engine.descriptor.TestMethodTestDescriptor.execute(TestMethodTestDescriptor.java:131)
	at org.junit.jupiter.engine.descriptor.TestMethodTestDescriptor.execute(TestMethodTestDescriptor.java:65)
	at org.junit.platform.engine.support.hierarchical.NodeTestTask.lambda$executeRecursively$5(NodeTestTask.java:139)
	at org.junit.platform.engine.support.hierarchical.ThrowableCollector.execute(ThrowableCollector.java:73)
	at org.junit.platform.engine.support.hierarchical.NodeTestTask.lambda$executeRecursively$7(NodeTestTask.java:129)
	at org.junit.platform.engine.support.hierarchical.Node.around(Node.java:137)
	at org.junit.platform.engine.support.hierarchical.NodeTestTask.lambda$executeRecursively$8(NodeTestTask.java:127)
	at org.junit.platform.engine.support.hierarchical.ThrowableCollector.execute(ThrowableCollector.java:73)
	at org.junit.platform.engine.support.hierarchical.NodeTestTask.executeRecursively(NodeTestTask.java:126)
	at org.junit.platform.engine.support.hierarchical.NodeTestTask.execute(NodeTestTask.java:84)
	at org.junit.platform.engine.support.hierarchical.SameThreadHierarchicalTestExecutorService.submit(SameThreadHierarchicalTestExecutorService.java:32)
	at org.junit.platform.engine.support.hierarchical.NodeTestTask$DefaultDynamicTestExecutor.execute(NodeTestTask.java:212)
	at org.junit.platform.engine.support.hierarchical.NodeTestTask$DefaultDynamicTestExecutor.execute(NodeTestTask.java:192)
	at org.junit.jupiter.engine.descriptor.TestTemplateTestDescriptor.execute(TestTemplateTestDescriptor.java:139)
	at org.junit.jupiter.engine.descriptor.TestTemplateTestDescriptor.lambda$execute$2(TestTemplateTestDescriptor.java:107)
	at java.base/java.util.stream.ForEachOps$ForEachOp$OfRef.accept(ForEachOps.java:184)
	at java.base/java.util.stream.ReferencePipeline$3$1.accept(ReferencePipeline.java:215)
	at java.base/java.util.stream.ReferencePipeline$2$1.accept(ReferencePipeline.java:197)
	at java.base/java.util.stream.ReferencePipeline$3$1.accept(ReferencePipeline.java:215)
	at java.base/java.util.stream.ForEachOps$ForEachOp$OfRef.accept(ForEachOps.java:184)
	at java.base/java.util.stream.ReferencePipeline$15$1.accept(ReferencePipeline.java:581)
	at java.base/java.util.stream.ReferencePipeline$3$1.accept(ReferencePipeline.java:215)
	at java.base/java.util.stream.ReferencePipeline$3$1.accept(ReferencePipeline.java:215)
	at java.base/java.util.stream.ReferencePipeline$3$1.accept(ReferencePipeline.java:215)
	at java.base/java.util.stream.ForEachOps$ForEachOp$OfRef.accept(ForEachOps.java:184)
	at java.base/java.util.stream.ReferencePipeline$3$1.accept(ReferencePipeline.java:215)
	at java.base/java.util.stream.ForEachOps$ForEachOp$OfRef.accept(ForEachOps.java:184)
	at java.base/java.util.stream.ReferencePipeline$3$1.accept(ReferencePipeline.java:215)
	at java.base/java.util.stream.ReferencePipeline$2$1.accept(ReferencePipeline.java:197)
	at java.base/java.util.ArrayList$ArrayListSpliterator.forEachRemaining(ArrayList.java:1709)
	at java.base/java.util.stream.AbstractPipeline.copyInto(AbstractPipeline.java:570)
	at java.base/java.util.stream.AbstractPipeline.wrapAndCopyInto(AbstractPipeline.java:560)
	at java.base/java.util.stream.ForEachOps$ForEachOp.evaluateSequential(ForEachOps.java:151)
	at java.base/java.util.stream.ForEachOps$ForEachOp$OfRef.evaluateSequential(ForEachOps.java:174)
	at java.base/java.util.stream.AbstractPipeline.evaluate(AbstractPipeline.java:265)
	at java.base/java.util.stream.ReferencePipeline.forEach(ReferencePipeline.java:636)
	at java.base/java.util.stream.ReferencePipeline$7$1FlatMap.accept(ReferencePipeline.java:294)
	at java.base/java.util.stream.ReferencePipeline$3$1.accept(ReferencePipeline.java:215)
	at java.base/java.util.stream.ReferencePipeline$3$1.accept(ReferencePipeline.java:215)
	at java.base/java.util.Spliterators$ArraySpliterator.forEachRemaining(Spliterators.java:1024)
	at java.base/java.util.stream.AbstractPipeline.copyInto(AbstractPipeline.java:570)
	at java.base/java.util.stream.AbstractPipeline.wrapAndCopyInto(AbstractPipeline.java:560)
	at java.base/java.util.stream.ForEachOps$ForEachOp.evaluateSequential(ForEachOps.java:151)
	at java.base/java.util.stream.ForEachOps$ForEachOp$OfRef.evaluateSequential(ForEachOps.java:174)
	at java.base/java.util.stream.AbstractPipeline.evaluate(AbstractPipeline.java:265)
	at java.base/java.util.stream.ReferencePipeline.forEach(ReferencePipeline.java:636)
	at java.base/java.util.stream.ReferencePipeline$7$1FlatMap.accept(ReferencePipeline.java:294)
	at java.base/java.util.stream.ReferencePipeline$3$1.accept(ReferencePipeline.java:215)
	at java.base/java.util.stream.ReferencePipeline$3$1.accept(ReferencePipeline.java:215)
	at java.base/java.util.stream.ReferencePipeline$3$1.accept(ReferencePipeline.java:215)
	at java.base/java.util.ArrayList$ArrayListSpliterator.forEachRemaining(ArrayList.java:1709)
	at java.base/java.util.stream.AbstractPipeline.copyInto(AbstractPipeline.java:570)
	at java.base/java.util.stream.AbstractPipeline.wrapAndCopyInto(AbstractPipeline.java:560)
	at java.base/java.util.stream.ForEachOps$ForEachOp.evaluateSequential(ForEachOps.java:151)
	at java.base/java.util.stream.ForEachOps$ForEachOp$OfRef.evaluateSequential(ForEachOps.java:174)
	at java.base/java.util.stream.AbstractPipeline.evaluate(AbstractPipeline.java:265)
	at java.base/java.util.stream.ReferencePipeline.forEach(ReferencePipeline.java:636)
	at java.base/java.util.stream.ReferencePipeline$7$1FlatMap.accept(ReferencePipeline.java:294)
	at java.base/java.util.ArrayList$ArrayListSpliterator.forEachRemaining(ArrayList.java:1709)
	at java.base/java.util.stream.AbstractPipeline.copyInto(AbstractPipeline.java:570)
	at java.base/java.util.stream.AbstractPipeline.wrapAndCopyInto(AbstractPipeline.java:560)
	at java.base/java.util.stream.ForEachOps$ForEachOp.evaluateSequential(ForEachOps.java:151)
	at java.base/java.util.stream.ForEachOps$ForEachOp$OfRef.evaluateSequential(ForEachOps.java:174)
	at java.base/java.util.stream.AbstractPipeline.evaluate(AbstractPipeline.java:265)
	at java.base/java.util.stream.ReferencePipeline.forEach(ReferencePipeline.java:636)
	at org.junit.jupiter.engine.descriptor.TestTemplateTestDescriptor.execute(TestTemplateTestDescriptor.java:107)
	at org.junit.jupiter.engine.descriptor.TestTemplateTestDescriptor.execute(TestTemplateTestDescriptor.java:42)
	at org.junit.platform.engine.support.hierarchical.NodeTestTask.lambda$executeRecursively$5(NodeTestTask.java:139)
	at org.junit.platform.engine.support.hierarchical.ThrowableCollector.execute(ThrowableCollector.java:73)
	at org.junit.platform.engine.support.hierarchical.NodeTestTask.lambda$executeRecursively$7(NodeTestTask.java:129)
	at org.junit.platform.engine.support.hierarchical.Node.around(Node.java:137)
	at org.junit.platform.engine.support.hierarchical.NodeTestTask.lambda$executeRecursively$8(NodeTestTask.java:127)
	at org.junit.platform.engine.support.hierarchical.ThrowableCollector.execute(ThrowableCollector.java:73)
	at org.junit.platform.engine.support.hierarchical.NodeTestTask.executeRecursively(NodeTestTask.java:126)
	at org.junit.platform.engine.support.hierarchical.NodeTestTask.execute(NodeTestTask.java:84)
	at java.base/java.util.ArrayList.forEach(ArrayList.java:1597)
	at org.junit.platform.engine.support.hierarchical.SameThreadHierarchicalTestExecutorService.invokeAll(SameThreadHierarchicalTestExecutorService.java:38)
	at org.junit.platform.engine.support.hierarchical.NodeTestTask.lambda$executeRecursively$5(NodeTestTask.java:143)
	at org.junit.platform.engine.support.hierarchical.ThrowableCollector.execute(ThrowableCollector.java:73)
	at org.junit.platform.engine.support.hierarchical.NodeTestTask.lambda$executeRecursively$7(NodeTestTask.java:129)
	at org.junit.platform.engine.support.hierarchical.Node.around(Node.java:137)
	at org.junit.platform.engine.support.hierarchical.NodeTestTask.lambda$executeRecursively$8(NodeTestTask.java:127)
	at org.junit.platform.engine.support.hierarchical.ThrowableCollector.execute(ThrowableCollector.java:73)
	at org.junit.platform.engine.support.hierarchical.NodeTestTask.executeRecursively(NodeTestTask.java:126)
	at org.junit.platform.engine.support.hierarchical.NodeTestTask.execute(NodeTestTask.java:84)
	at java.base/java.util.ArrayList.forEach(ArrayList.java:1597)
	at org.junit.platform.engine.support.hierarchical.SameThreadHierarchicalTestExecutorService.invokeAll(SameThreadHierarchicalTestExecutorService.java:38)
	at org.junit.platform.engine.support.hierarchical.NodeTestTask.lambda$executeRecursively$5(NodeTestTask.java:143)
	at org.junit.platform.engine.support.hierarchical.ThrowableCollector.execute(ThrowableCollector.java:73)
	at org.junit.platform.engine.support.hierarchical.NodeTestTask.lambda$executeRecursively$7(NodeTestTask.java:129)
	at org.junit.platform.engine.support.hierarchical.Node.around(Node.java:137)
	at org.junit.platform.engine.support.hierarchical.NodeTestTask.lambda$executeRecursively$8(NodeTestTask.java:127)
	at org.junit.platform.engine.support.hierarchical.ThrowableCollector.execute(ThrowableCollector.java:73)
	at org.junit.platform.engine.support.hierarchical.NodeTestTask.executeRecursively(NodeTestTask.java:126)
	at org.junit.platform.engine.support.hierarchical.NodeTestTask.execute(NodeTestTask.java:84)
	at org.junit.platform.engine.support.hierarchical.SameThreadHierarchicalTestExecutorService.submit(SameThreadHierarchicalTestExecutorService.java:32)
	at org.junit.platform.engine.support.hierarchical.HierarchicalTestExecutor.execute(HierarchicalTestExecutor.java:57)
	at org.junit.platform.engine.support.hierarchical.HierarchicalTestEngine.execute(HierarchicalTestEngine.java:51)
	at org.junit.platform.launcher.core.EngineExecutionOrchestrator.execute(EngineExecutionOrchestrator.java:108)
	at org.junit.platform.launcher.core.EngineExecutionOrchestrator.execute(EngineExecutionOrchestrator.java:88)
	at org.junit.platform.launcher.core.EngineExecutionOrchestrator.lambda$execute$0(EngineExecutionOrchestrator.java:54)
	at org.junit.platform.launcher.core.EngineExecutionOrchestrator.withInterceptedStreams(EngineExecutionOrchestrator.java:67)
	at org.junit.platform.launcher.core.EngineExecutionOrchestrator.execute(EngineExecutionOrchestrator.java:52)
	at org.junit.platform.launcher.core.DefaultLauncher.execute(DefaultLauncher.java:96)
	at org.junit.platform.launcher.core.DefaultLauncher.execute(DefaultLauncher.java:75)
	at org.junit.platform.console.tasks.ConsoleTestExecutor.executeTests(ConsoleTestExecutor.java:66)
	at org.junit.platform.console.tasks.ConsoleTestExecutor.lambda$execute$0(ConsoleTestExecutor.java:58)
	at org.junit.platform.console.tasks.CustomContextClassLoaderExecutor.replaceThreadContextClassLoaderAndInvoke(CustomContextClassLoaderExecutor.java:41)
	at org.junit.platform.console.tasks.CustomContextClassLoaderExecutor.invoke(CustomContextClassLoaderExecutor.java:31)
	at org.junit.platform.console.tasks.ConsoleTestExecutor.execute(ConsoleTestExecutor.java:58)
	at org.junit.platform.console.ConsoleLauncher.executeTests(ConsoleLauncher.java:95)
	at org.junit.platform.console.ConsoleLauncher.execute(ConsoleLauncher.java:73)
	at org.junit.platform.console.ConsoleLauncher.execute(ConsoleLauncher.java:50)
	at org.junit.platform.console.ConsoleLauncher.execute(ConsoleLauncher.java:43)
	at org.junit.platform.console.ConsoleLauncher.main(ConsoleLauncher.java:37)
]]></failure>
<system-out><![CDATA[
unique-id: [engine:junit-jupiter]/[class:pilesimple.test.PileIntTest]/[test-template:testDepiler(pilesimple.PileInt)]/[test-template-invocation:#15]
display-name: [15] PileInt(6/13):[-684180429 633166819 0 0 0 0 ]
]]></system-out>
</testcase>
<testcase name="testDepiler(PileInt)[16]" classname="pilesimple.test.PileIntTest" time="0">
<skipped><![CDATA[org.opentest4j.TestAbortedException: Assumption failed: assumption is not false
	at org.junit.jupiter.api.Assumptions.throwTestAbortedException(Assumptions.java:256)
	at org.junit.jupiter.api.Assumptions.assumeFalse(Assumptions.java:191)
	at org.junit.jupiter.api.Assumptions.assumeFalse(Assumptions.java:142)
	at pilesimple.test.PileIntTest.testDepiler(PileIntTest.java:353)
	at java.base/jdk.internal.reflect.DirectMethodHandleAccessor.invoke(DirectMethodHandleAccessor.java:103)
	at java.base/java.lang.reflect.Method.invoke(Method.java:580)
	at org.junit.platform.commons.util.ReflectionUtils.invokeMethod(ReflectionUtils.java:688)
	at org.junit.jupiter.engine.execution.MethodInvocation.proceed(MethodInvocation.java:60)
	at org.junit.jupiter.engine.execution.InvocationInterceptorChain$ValidatingInvocation.proceed(InvocationInterceptorChain.java:131)
	at org.junit.jupiter.engine.extension.TimeoutExtension.intercept(TimeoutExtension.java:149)
	at org.junit.jupiter.engine.extension.TimeoutExtension.interceptTestableMethod(TimeoutExtension.java:140)
	at org.junit.jupiter.engine.extension.TimeoutExtension.interceptTestTemplateMethod(TimeoutExtension.java:92)
	at org.junit.jupiter.engine.execution.ExecutableInvoker$ReflectiveInterceptorCall.lambda$ofVoidMethod$0(ExecutableInvoker.java:115)
	at org.junit.jupiter.engine.execution.ExecutableInvoker.lambda$invoke$0(ExecutableInvoker.java:105)
	at org.junit.jupiter.engine.execution.InvocationInterceptorChain$InterceptedInvocation.proceed(InvocationInterceptorChain.java:106)
	at org.junit.jupiter.engine.execution.InvocationInterceptorChain.proceed(InvocationInterceptorChain.java:64)
	at org.junit.jupiter.engine.execution.InvocationInterceptorChain.chainAndInvoke(InvocationInterceptorChain.java:45)
	at org.junit.jupiter.engine.execution.InvocationInterceptorChain.invoke(InvocationInterceptorChain.java:37)
	at org.junit.jupiter.engine.execution.ExecutableInvoker.invoke(ExecutableInvoker.java:104)
	at org.junit.jupiter.engine.execution.ExecutableInvoker.invoke(ExecutableInvoker.java:98)
	at org.junit.jupiter.engine.descriptor.TestMethodTestDescriptor.lambda$invokeTestMethod$6(TestMethodTestDescriptor.java:210)
	at org.junit.platform.engine.support.hierarchical.ThrowableCollector.execute(ThrowableCollector.java:73)
	at org.junit.jupiter.engine.descriptor.TestMethodTestDescriptor.invokeTestMethod(TestMethodTestDescriptor.java:206)
	at org.junit.jupiter.engine.descriptor.TestMethodTestDescriptor.execute(TestMethodTestDescriptor.java:131)
	at org.junit.jupiter.engine.descriptor.TestMethodTestDescriptor.execute(TestMethodTestDescriptor.java:65)
	at org.junit.platform.engine.support.hierarchical.NodeTestTask.lambda$executeRecursively$5(NodeTestTask.java:139)
	at org.junit.platform.engine.support.hierarchical.ThrowableCollector.execute(ThrowableCollector.java:73)
	at org.junit.platform.engine.support.hierarchical.NodeTestTask.lambda$executeRecursively$7(NodeTestTask.java:129)
	at org.junit.platform.engine.support.hierarchical.Node.around(Node.java:137)
	at org.junit.platform.engine.support.hierarchical.NodeTestTask.lambda$executeRecursively$8(NodeTestTask.java:127)
	at org.junit.platform.engine.support.hierarchical.ThrowableCollector.execute(ThrowableCollector.java:73)
	at org.junit.platform.engine.support.hierarchical.NodeTestTask.executeRecursively(NodeTestTask.java:126)
	at org.junit.platform.engine.support.hierarchical.NodeTestTask.execute(NodeTestTask.java:84)
	at org.junit.platform.engine.support.hierarchical.SameThreadHierarchicalTestExecutorService.submit(SameThreadHierarchicalTestExecutorService.java:32)
	at org.junit.platform.engine.support.hierarchical.NodeTestTask$DefaultDynamicTestExecutor.execute(NodeTestTask.java:212)
	at org.junit.platform.engine.support.hierarchical.NodeTestTask$DefaultDynamicTestExecutor.execute(NodeTestTask.java:192)
	at org.junit.jupiter.engine.descriptor.TestTemplateTestDescriptor.execute(TestTemplateTestDescriptor.java:139)
	at org.junit.jupiter.engine.descriptor.TestTemplateTestDescriptor.lambda$execute$2(TestTemplateTestDescriptor.java:107)
	at java.base/java.util.stream.ForEachOps$ForEachOp$OfRef.accept(ForEachOps.java:184)
	at java.base/java.util.stream.ReferencePipeline$3$1.accept(ReferencePipeline.java:215)
	at java.base/java.util.stream.ReferencePipeline$2$1.accept(ReferencePipeline.java:197)
	at java.base/java.util.stream.ReferencePipeline$3$1.accept(ReferencePipeline.java:215)
	at java.base/java.util.stream.ForEachOps$ForEachOp$OfRef.accept(ForEachOps.java:184)
	at java.base/java.util.stream.ReferencePipeline$15$1.accept(ReferencePipeline.java:581)
	at java.base/java.util.stream.ReferencePipeline$3$1.accept(ReferencePipeline.java:215)
	at java.base/java.util.stream.ReferencePipeline$3$1.accept(ReferencePipeline.java:215)
	at java.base/java.util.stream.ReferencePipeline$3$1.accept(ReferencePipeline.java:215)
	at java.base/java.util.stream.ForEachOps$ForEachOp$OfRef.accept(ForEachOps.java:184)
	at java.base/java.util.stream.ReferencePipeline$3$1.accept(ReferencePipeline.java:215)
	at java.base/java.util.stream.ForEachOps$ForEachOp$OfRef.accept(ForEachOps.java:184)
	at java.base/java.util.stream.ReferencePipeline$3$1.accept(ReferencePipeline.java:215)
	at java.base/java.util.stream.ReferencePipeline$2$1.accept(ReferencePipeline.java:197)
	at java.base/java.util.ArrayList$ArrayListSpliterator.forEachRemaining(ArrayList.java:1709)
	at java.base/java.util.stream.AbstractPipeline.copyInto(AbstractPipeline.java:570)
	at java.base/java.util.stream.AbstractPipeline.wrapAndCopyInto(AbstractPipeline.java:560)
	at java.base/java.util.stream.ForEachOps$ForEachOp.evaluateSequential(ForEachOps.java:151)
	at java.base/java.util.stream.ForEachOps$ForEachOp$OfRef.evaluateSequential(ForEachOps.java:174)
	at java.base/java.util.stream.AbstractPipeline.evaluate(AbstractPipeline.java:265)
	at java.base/java.util.stream.ReferencePipeline.forEach(ReferencePipeline.java:636)
	at java.base/java.util.stream.ReferencePipeline$7$1FlatMap.accept(ReferencePipeline.java:294)
	at java.base/java.util.stream.ReferencePipeline$3$1.accept(ReferencePipeline.java:215)
	at java.base/java.util.stream.ReferencePipeline$3$1.accept(ReferencePipeline.java:215)
	at java.base/java.util.Spliterators$ArraySpliterator.forEachRemaining(Spliterators.java:1024)
	at java.base/java.util.stream.AbstractPipeline.copyInto(AbstractPipeline.java:570)
	at java.base/java.util.stream.AbstractPipeline.wrapAndCopyInto(AbstractPipeline.java:560)
	at java.base/java.util.stream.ForEachOps$ForEachOp.evaluateSequential(ForEachOps.java:151)
	at java.base/java.util.stream.ForEachOps$ForEachOp$OfRef.evaluateSequential(ForEachOps.java:174)
	at java.base/java.util.stream.AbstractPipeline.evaluate(AbstractPipeline.java:265)
	at java.base/java.util.stream.ReferencePipeline.forEach(ReferencePipeline.java:636)
	at java.base/java.util.stream.ReferencePipeline$7$1FlatMap.accept(ReferencePipeline.java:294)
	at java.base/java.util.stream.ReferencePipeline$3$1.accept(ReferencePipeline.java:215)
	at java.base/java.util.stream.ReferencePipeline$3$1.accept(ReferencePipeline.java:215)
	at java.base/java.util.stream.ReferencePipeline$3$1.accept(ReferencePipeline.java:215)
	at java.base/java.util.ArrayList$ArrayListSpliterator.forEachRemaining(ArrayList.java:1709)
	at java.base/java.util.stream.AbstractPipeline.copyInto(AbstractPipeline.java:570)
	at java.base/java.util.stream.AbstractPipeline.wrapAndCopyInto(AbstractPipeline.java:560)
	at java.base/java.util.stream.ForEachOps$ForEachOp.evaluateSequential(ForEachOps.java:151)
	at java.base/java.util.stream.ForEachOps$ForEachOp$OfRef.evaluateSequential(ForEachOps.java:174)
	at java.base/java.util.stream.AbstractPipeline.evaluate(AbstractPipeline.java:265)
	at java.base/java.util.stream.ReferencePipeline.forEach(ReferencePipeline.java:636)
	at java.base/java.util.stream.ReferencePipeline$7$1FlatMap.accept(ReferencePipeline.java:294)
	at java.base/java.util.ArrayList$ArrayListSpliterator.forEachRemaining(ArrayList.java:1709)
	at java.base/java.util.stream.AbstractPipeline.copyInto(AbstractPipeline.java:570)
	at java.base/java.util.stream.AbstractPipeline.wrapAndCopyInto(AbstractPipeline.java:560)
	at java.base/java.util.stream.ForEachOps$ForEachOp.evaluateSequential(ForEachOps.java:151)
	at java.base/java.util.stream.ForEachOps$ForEachOp$OfRef.evaluateSequential(ForEachOps.java:174)
	at java.base/java.util.stream.AbstractPipeline.evaluate(AbstractPipeline.java:265)
	at java.base/java.util.stream.ReferencePipeline.forEach(ReferencePipeline.java:636)
	at org.junit.jupiter.engine.descriptor.TestTemplateTestDescriptor.execute(TestTemplateTestDescriptor.java:107)
	at org.junit.jupiter.engine.descriptor.TestTemplateTestDescriptor.execute(TestTemplateTestDescriptor.java:42)
	at org.junit.platform.engine.support.hierarchical.NodeTestTask.lambda$executeRecursively$5(NodeTestTask.java:139)
	at org.junit.platform.engine.support.hierarchical.ThrowableCollector.execute(ThrowableCollector.java:73)
	at org.junit.platform.engine.support.hierarchical.NodeTestTask.lambda$executeRecursively$7(NodeTestTask.java:129)
	at org.junit.platform.engine.support.hierarchical.Node.around(Node.java:137)
	at org.junit.platform.engine.support.hierarchical.NodeTestTask.lambda$executeRecursively$8(NodeTestTask.java:127)
	at org.junit.platform.engine.support.hierarchical.ThrowableCollector.execute(ThrowableCollector.java:73)
	at org.junit.platform.engine.support.hierarchical.NodeTestTask.executeRecursively(NodeTestTask.java:126)
	at org.junit.platform.engine.support.hierarchical.NodeTestTask.execute(NodeTestTask.java:84)
	at java.base/java.util.ArrayList.forEach(ArrayList.java:1597)
	at org.junit.platform.engine.support.hierarchical.SameThreadHierarchicalTestExecutorService.invokeAll(SameThreadHierarchicalTestExecutorService.java:38)
	at org.junit.platform.engine.support.hierarchical.NodeTestTask.lambda$executeRecursively$5(NodeTestTask.java:143)
	at org.junit.platform.engine.support.hierarchical.ThrowableCollector.execute(ThrowableCollector.java:73)
	at org.junit.platform.engine.support.hierarchical.NodeTestTask.lambda$executeRecursively$7(NodeTestTask.java:129)
	at org.junit.platform.engine.support.hierarchical.Node.around(Node.java:137)
	at org.junit.platform.engine.support.hierarchical.NodeTestTask.lambda$executeRecursively$8(NodeTestTask.java:127)
	at org.junit.platform.engine.support.hierarchical.ThrowableCollector.execute(ThrowableCollector.java:73)
	at org.junit.platform.engine.support.hierarchical.NodeTestTask.executeRecursively(NodeTestTask.java:126)
	at org.junit.platform.engine.support.hierarchical.NodeTestTask.execute(NodeTestTask.java:84)
	at java.base/java.util.ArrayList.forEach(ArrayList.java:1597)
	at org.junit.platform.engine.support.hierarchical.SameThreadHierarchicalTestExecutorService.invokeAll(SameThreadHierarchicalTestExecutorService.java:38)
	at org.junit.platform.engine.support.hierarchical.NodeTestTask.lambda$executeRecursively$5(NodeTestTask.java:143)
	at org.junit.platform.engine.support.hierarchical.ThrowableCollector.execute(ThrowableCollector.java:73)
	at org.junit.platform.engine.support.hierarchical.NodeTestTask.lambda$executeRecursively$7(NodeTestTask.java:129)
	at org.junit.platform.engine.support.hierarchical.Node.around(Node.java:137)
	at org.junit.platform.engine.support.hierarchical.NodeTestTask.lambda$executeRecursively$8(NodeTestTask.java:127)
	at org.junit.platform.engine.support.hierarchical.ThrowableCollector.execute(ThrowableCollector.java:73)
	at org.junit.platform.engine.support.hierarchical.NodeTestTask.executeRecursively(NodeTestTask.java:126)
	at org.junit.platform.engine.support.hierarchical.NodeTestTask.execute(NodeTestTask.java:84)
	at org.junit.platform.engine.support.hierarchical.SameThreadHierarchicalTestExecutorService.submit(SameThreadHierarchicalTestExecutorService.java:32)
	at org.junit.platform.engine.support.hierarchical.HierarchicalTestExecutor.execute(HierarchicalTestExecutor.java:57)
	at org.junit.platform.engine.support.hierarchical.HierarchicalTestEngine.execute(HierarchicalTestEngine.java:51)
	at org.junit.platform.launcher.core.EngineExecutionOrchestrator.execute(EngineExecutionOrchestrator.java:108)
	at org.junit.platform.launcher.core.EngineExecutionOrchestrator.execute(EngineExecutionOrchestrator.java:88)
	at org.junit.platform.launcher.core.EngineExecutionOrchestrator.lambda$execute$0(EngineExecutionOrchestrator.java:54)
	at org.junit.platform.launcher.core.EngineExecutionOrchestrator.withInterceptedStreams(EngineExecutionOrchestrator.java:67)
	at org.junit.platform.launcher.core.EngineExecutionOrchestrator.execute(EngineExecutionOrchestrator.java:52)
	at org.junit.platform.launcher.core.DefaultLauncher.execute(DefaultLauncher.java:96)
	at org.junit.platform.launcher.core.DefaultLauncher.execute(DefaultLauncher.java:75)
	at org.junit.platform.console.tasks.ConsoleTestExecutor.executeTests(ConsoleTestExecutor.java:66)
	at org.junit.platform.console.tasks.ConsoleTestExecutor.lambda$execute$0(ConsoleTestExecutor.java:58)
	at org.junit.platform.console.tasks.CustomContextClassLoaderExecutor.replaceThreadContextClassLoaderAndInvoke(CustomContextClassLoaderExecutor.java:41)
	at org.junit.platform.console.tasks.CustomContextClassLoaderExecutor.invoke(CustomContextClassLoaderExecutor.java:31)
	at org.junit.platform.console.tasks.ConsoleTestExecutor.execute(ConsoleTestExecutor.java:58)
	at org.junit.platform.console.ConsoleLauncher.executeTests(ConsoleLauncher.java:95)
	at org.junit.platform.console.ConsoleLauncher.execute(ConsoleLauncher.java:73)
	at org.junit.platform.console.ConsoleLauncher.execute(ConsoleLauncher.java:50)
	at org.junit.platform.console.ConsoleLauncher.execute(ConsoleLauncher.java:43)
	at org.junit.platform.console.ConsoleLauncher.main(ConsoleLauncher.java:37)
]]></skipped>
<system-out><![CDATA[
unique-id: [engine:junit-jupiter]/[class:pilesimple.test.PileIntTest]/[test-template:testDepiler(pilesimple.PileInt)]/[test-template-invocation:#16]
display-name: [16] PileInt(0/7):[]
]]></system-out>
</testcase>
<testcase name="testDepiler(PileInt)[17]" classname="pilesimple.test.PileIntTest" time="0">
<failure message="expected: &lt;7&gt; but was: &lt;8&gt;" type="org.opentest4j.AssertionFailedError"><![CDATA[org.opentest4j.AssertionFailedError: expected: <7> but was: <8>
	at org.junit.jupiter.api.AssertionUtils.fail(AssertionUtils.java:55)
	at org.junit.jupiter.api.AssertionUtils.failNotEqual(AssertionUtils.java:62)
	at org.junit.jupiter.api.AssertEquals.assertEquals(AssertEquals.java:150)
	at org.junit.jupiter.api.AssertEquals.assertEquals(AssertEquals.java:145)
	at org.junit.jupiter.api.Assertions.assertEquals(Assertions.java:510)
	at pilesimple.test.PileIntTest.testDepiler(PileIntTest.java:363)
	at java.base/jdk.internal.reflect.DirectMethodHandleAccessor.invoke(DirectMethodHandleAccessor.java:103)
	at java.base/java.lang.reflect.Method.invoke(Method.java:580)
	at org.junit.platform.commons.util.ReflectionUtils.invokeMethod(ReflectionUtils.java:688)
	at org.junit.jupiter.engine.execution.MethodInvocation.proceed(MethodInvocation.java:60)
	at org.junit.jupiter.engine.execution.InvocationInterceptorChain$ValidatingInvocation.proceed(InvocationInterceptorChain.java:131)
	at org.junit.jupiter.engine.extension.TimeoutExtension.intercept(TimeoutExtension.java:149)
	at org.junit.jupiter.engine.extension.TimeoutExtension.interceptTestableMethod(TimeoutExtension.java:140)
	at org.junit.jupiter.engine.extension.TimeoutExtension.interceptTestTemplateMethod(TimeoutExtension.java:92)
	at org.junit.jupiter.engine.execution.ExecutableInvoker$ReflectiveInterceptorCall.lambda$ofVoidMethod$0(ExecutableInvoker.java:115)
	at org.junit.jupiter.engine.execution.ExecutableInvoker.lambda$invoke$0(ExecutableInvoker.java:105)
	at org.junit.jupiter.engine.execution.InvocationInterceptorChain$InterceptedInvocation.proceed(InvocationInterceptorChain.java:106)
	at org.junit.jupiter.engine.execution.InvocationInterceptorChain.proceed(InvocationInterceptorChain.java:64)
	at org.junit.jupiter.engine.execution.InvocationInterceptorChain.chainAndInvoke(InvocationInterceptorChain.java:45)
	at org.junit.jupiter.engine.execution.InvocationInterceptorChain.invoke(InvocationInterceptorChain.java:37)
	at org.junit.jupiter.engine.execution.ExecutableInvoker.invoke(ExecutableInvoker.java:104)
	at org.junit.jupiter.engine.execution.ExecutableInvoker.invoke(ExecutableInvoker.java:98)
	at org.junit.jupiter.engine.descriptor.TestMethodTestDescriptor.lambda$invokeTestMethod$6(TestMethodTestDescriptor.java:210)
	at org.junit.platform.engine.support.hierarchical.ThrowableCollector.execute(ThrowableCollector.java:73)
	at org.junit.jupiter.engine.descriptor.TestMethodTestDescriptor.invokeTestMethod(TestMethodTestDescriptor.java:206)
	at org.junit.jupiter.engine.descriptor.TestMethodTestDescriptor.execute(TestMethodTestDescriptor.java:131)
	at org.junit.jupiter.engine.descriptor.TestMethodTestDescriptor.execute(TestMethodTestDescriptor.java:65)
	at org.junit.platform.engine.support.hierarchical.NodeTestTask.lambda$executeRecursively$5(NodeTestTask.java:139)
	at org.junit.platform.engine.support.hierarchical.ThrowableCollector.execute(ThrowableCollector.java:73)
	at org.junit.platform.engine.support.hierarchical.NodeTestTask.lambda$executeRecursively$7(NodeTestTask.java:129)
	at org.junit.platform.engine.support.hierarchical.Node.around(Node.java:137)
	at org.junit.platform.engine.support.hierarchical.NodeTestTask.lambda$executeRecursively$8(NodeTestTask.java:127)
	at org.junit.platform.engine.support.hierarchical.ThrowableCollector.execute(ThrowableCollector.java:73)
	at org.junit.platform.engine.support.hierarchical.NodeTestTask.executeRecursively(NodeTestTask.java:126)
	at org.junit.platform.engine.support.hierarchical.NodeTestTask.execute(NodeTestTask.java:84)
	at org.junit.platform.engine.support.hierarchical.SameThreadHierarchicalTestExecutorService.submit(SameThreadHierarchicalTestExecutorService.java:32)
	at org.junit.platform.engine.support.hierarchical.NodeTestTask$DefaultDynamicTestExecutor.execute(NodeTestTask.java:212)
	at org.junit.platform.engine.support.hierarchical.NodeTestTask$DefaultDynamicTestExecutor.execute(NodeTestTask.java:192)
	at org.junit.jupiter.engine.descriptor.TestTemplateTestDescriptor.execute(TestTemplateTestDescriptor.java:139)
	at org.junit.jupiter.engine.descriptor.TestTemplateTestDescriptor.lambda$execute$2(TestTemplateTestDescriptor.java:107)
	at java.base/java.util.stream.ForEachOps$ForEachOp$OfRef.accept(ForEachOps.java:184)
	at java.base/java.util.stream.ReferencePipeline$3$1.accept(ReferencePipeline.java:215)
	at java.base/java.util.stream.ReferencePipeline$2$1.accept(ReferencePipeline.java:197)
	at java.base/java.util.stream.ReferencePipeline$3$1.accept(ReferencePipeline.java:215)
	at java.base/java.util.stream.ForEachOps$ForEachOp$OfRef.accept(ForEachOps.java:184)
	at java.base/java.util.stream.ReferencePipeline$15$1.accept(ReferencePipeline.java:581)
	at java.base/java.util.stream.ReferencePipeline$3$1.accept(ReferencePipeline.java:215)
	at java.base/java.util.stream.ReferencePipeline$3$1.accept(ReferencePipeline.java:215)
	at java.base/java.util.stream.ReferencePipeline$3$1.accept(ReferencePipeline.java:215)
	at java.base/java.util.stream.ForEachOps$ForEachOp$OfRef.accept(ForEachOps.java:184)
	at java.base/java.util.stream.ReferencePipeline$3$1.accept(ReferencePipeline.java:215)
	at java.base/java.util.stream.ForEachOps$ForEachOp$OfRef.accept(ForEachOps.java:184)
	at java.base/java.util.stream.ReferencePipeline$3$1.accept(ReferencePipeline.java:215)
	at java.base/java.util.stream.ReferencePipeline$2$1.accept(ReferencePipeline.java:197)
	at java.base/java.util.ArrayList$ArrayListSpliterator.forEachRemaining(ArrayList.java:1709)
	at java.base/java.util.stream.AbstractPipeline.copyInto(AbstractPipeline.java:570)
	at java.base/java.util.stream.AbstractPipeline.wrapAndCopyInto(AbstractPipeline.java:560)
	at java.base/java.util.stream.ForEachOps$ForEachOp.evaluateSequential(ForEachOps.java:151)
	at java.base/java.util.stream.ForEachOps$ForEachOp$OfRef.evaluateSequential(ForEachOps.java:174)
	at java.base/java.util.stream.AbstractPipeline.evaluate(AbstractPipeline.java:265)
	at java.base/java.util.stream.ReferencePipeline.forEach(ReferencePipeline.java:636)
	at java.base/java.util.stream.ReferencePipeline$7$1FlatMap.accept(ReferencePipeline.java:294)
	at java.base/java.util.stream.ReferencePipeline$3$1.accept(ReferencePipeline.java:215)
	at java.base/java.util.stream.ReferencePipeline$3$1.accept(ReferencePipeline.java:215)
	at java.base/java.util.Spliterators$ArraySpliterator.forEachRemaining(Spliterators.java:1024)
	at java.base/java.util.stream.AbstractPipeline.copyInto(AbstractPipeline.java:570)
	at java.base/java.util.stream.AbstractPipeline.wrapAndCopyInto(AbstractPipeline.java:560)
	at java.base/java.util.stream.ForEachOps$ForEachOp.evaluateSequential(ForEachOps.java:151)
	at java.base/java.util.stream.ForEachOps$ForEachOp$OfRef.evaluateSequential(ForEachOps.java:174)
	at java.base/java.util.stream.AbstractPipeline.evaluate(AbstractPipeline.java:265)
	at java.base/java.util.stream.ReferencePipeline.forEach(ReferencePipeline.java:636)
	at java.base/java.util.stream.ReferencePipeline$7$1FlatMap.accept(ReferencePipeline.java:294)
	at java.base/java.util.stream.ReferencePipeline$3$1.accept(ReferencePipeline.java:215)
	at java.base/java.util.stream.ReferencePipeline$3$1.accept(ReferencePipeline.java:215)
	at java.base/java.util.stream.ReferencePipeline$3$1.accept(ReferencePipeline.java:215)
	at java.base/java.util.ArrayList$ArrayListSpliterator.forEachRemaining(ArrayList.java:1709)
	at java.base/java.util.stream.AbstractPipeline.copyInto(AbstractPipeline.java:570)
	at java.base/java.util.stream.AbstractPipeline.wrapAndCopyInto(AbstractPipeline.java:560)
	at java.base/java.util.stream.ForEachOps$ForEachOp.evaluateSequential(ForEachOps.java:151)
	at java.base/java.util.stream.ForEachOps$ForEachOp$OfRef.evaluateSequential(ForEachOps.java:174)
	at java.base/java.util.stream.AbstractPipeline.evaluate(AbstractPipeline.java:265)
	at java.base/java.util.stream.ReferencePipeline.forEach(ReferencePipeline.java:636)
	at java.base/java.util.stream.ReferencePipeline$7$1FlatMap.accept(ReferencePipeline.java:294)
	at java.base/java.util.ArrayList$ArrayListSpliterator.forEachRemaining(ArrayList.java:1709)
	at java.base/java.util.stream.AbstractPipeline.copyInto(AbstractPipeline.java:570)
	at java.base/java.util.stream.AbstractPipeline.wrapAndCopyInto(AbstractPipeline.java:560)
	at java.base/java.util.stream.ForEachOps$ForEachOp.evaluateSequential(ForEachOps.java:151)
	at java.base/java.util.stream.ForEachOps$ForEachOp$OfRef.evaluateSequential(ForEachOps.java:174)
	at java.base/java.util.stream.AbstractPipeline.evaluate(AbstractPipeline.java:265)
	at java.base/java.util.stream.ReferencePipeline.forEach(ReferencePipeline.java:636)
	at org.junit.jupiter.engine.descriptor.TestTemplateTestDescriptor.execute(TestTemplateTestDescriptor.java:107)
	at org.junit.jupiter.engine.descriptor.TestTemplateTestDescriptor.execute(TestTemplateTestDescriptor.java:42)
	at org.junit.platform.engine.support.hierarchical.NodeTestTask.lambda$executeRecursively$5(NodeTestTask.java:139)
	at org.junit.platform.engine.support.hierarchical.ThrowableCollector.execute(ThrowableCollector.java:73)
	at org.junit.platform.engine.support.hierarchical.NodeTestTask.lambda$executeRecursively$7(NodeTestTask.java:129)
	at org.junit.platform.engine.support.hierarchical.Node.around(Node.java:137)
	at org.junit.platform.engine.support.hierarchical.NodeTestTask.lambda$executeRecursively$8(NodeTestTask.java:127)
	at org.junit.platform.engine.support.hierarchical.ThrowableCollector.execute(ThrowableCollector.java:73)
	at org.junit.platform.engine.support.hierarchical.NodeTestTask.executeRecursively(NodeTestTask.java:126)
	at org.junit.platform.engine.support.hierarchical.NodeTestTask.execute(NodeTestTask.java:84)
	at java.base/java.util.ArrayList.forEach(ArrayList.java:1597)
	at org.junit.platform.engine.support.hierarchical.SameThreadHierarchicalTestExecutorService.invokeAll(SameThreadHierarchicalTestExecutorService.java:38)
	at org.junit.platform.engine.support.hierarchical.NodeTestTask.lambda$executeRecursively$5(NodeTestTask.java:143)
	at org.junit.platform.engine.support.hierarchical.ThrowableCollector.execute(ThrowableCollector.java:73)
	at org.junit.platform.engine.support.hierarchical.NodeTestTask.lambda$executeRecursively$7(NodeTestTask.java:129)
	at org.junit.platform.engine.support.hierarchical.Node.around(Node.java:137)
	at org.junit.platform.engine.support.hierarchical.NodeTestTask.lambda$executeRecursively$8(NodeTestTask.java:127)
	at org.junit.platform.engine.support.hierarchical.ThrowableCollector.execute(ThrowableCollector.java:73)
	at org.junit.platform.engine.support.hierarchical.NodeTestTask.executeRecursively(NodeTestTask.java:126)
	at org.junit.platform.engine.support.hierarchical.NodeTestTask.execute(NodeTestTask.java:84)
	at java.base/java.util.ArrayList.forEach(ArrayList.java:1597)
	at org.junit.platform.engine.support.hierarchical.SameThreadHierarchicalTestExecutorService.invokeAll(SameThreadHierarchicalTestExecutorService.java:38)
	at org.junit.platform.engine.support.hierarchical.NodeTestTask.lambda$executeRecursively$5(NodeTestTask.java:143)
	at org.junit.platform.engine.support.hierarchical.ThrowableCollector.execute(ThrowableCollector.java:73)
	at org.junit.platform.engine.support.hierarchical.NodeTestTask.lambda$executeRecursively$7(NodeTestTask.java:129)
	at org.junit.platform.engine.support.hierarchical.Node.around(Node.java:137)
	at org.junit.platform.engine.support.hierarchical.NodeTestTask.lambda$executeRecursively$8(NodeTestTask.java:127)
	at org.junit.platform.engine.support.hierarchical.ThrowableCollector.execute(ThrowableCollector.java:73)
	at org.junit.platform.engine.support.hierarchical.NodeTestTask.executeRecursively(NodeTestTask.java:126)
	at org.junit.platform.engine.support.hierarchical.NodeTestTask.execute(NodeTestTask.java:84)
	at org.junit.platform.engine.support.hierarchical.SameThreadHierarchicalTestExecutorService.submit(SameThreadHierarchicalTestExecutorService.java:32)
	at org.junit.platform.engine.support.hierarchical.HierarchicalTestExecutor.execute(HierarchicalTestExecutor.java:57)
	at org.junit.platform.engine.support.hierarchical.HierarchicalTestEngine.execute(HierarchicalTestEngine.java:51)
	at org.junit.platform.launcher.core.EngineExecutionOrchestrator.execute(EngineExecutionOrchestrator.java:108)
	at org.junit.platform.launcher.core.EngineExecutionOrchestrator.execute(EngineExecutionOrchestrator.java:88)
	at org.junit.platform.launcher.core.EngineExecutionOrchestrator.lambda$execute$0(EngineExecutionOrchestrator.java:54)
	at org.junit.platform.launcher.core.EngineExecutionOrchestrator.withInterceptedStreams(EngineExecutionOrchestrator.java:67)
	at org.junit.platform.launcher.core.EngineExecutionOrchestrator.execute(EngineExecutionOrchestrator.java:52)
	at org.junit.platform.launcher.core.DefaultLauncher.execute(DefaultLauncher.java:96)
	at org.junit.platform.launcher.core.DefaultLauncher.execute(DefaultLauncher.java:75)
	at org.junit.platform.console.tasks.ConsoleTestExecutor.executeTests(ConsoleTestExecutor.java:66)
	at org.junit.platform.console.tasks.ConsoleTestExecutor.lambda$execute$0(ConsoleTestExecutor.java:58)
	at org.junit.platform.console.tasks.CustomContextClassLoaderExecutor.replaceThreadContextClassLoaderAndInvoke(CustomContextClassLoaderExecutor.java:41)
	at org.junit.platform.console.tasks.CustomContextClassLoaderExecutor.invoke(CustomContextClassLoaderExecutor.java:31)
	at org.junit.platform.console.tasks.ConsoleTestExecutor.execute(ConsoleTestExecutor.java:58)
	at org.junit.platform.console.ConsoleLauncher.executeTests(ConsoleLauncher.java:95)
	at org.junit.platform.console.ConsoleLauncher.execute(ConsoleLauncher.java:73)
	at org.junit.platform.console.ConsoleLauncher.execute(ConsoleLauncher.java:50)
	at org.junit.platform.console.ConsoleLauncher.execute(ConsoleLauncher.java:43)
	at org.junit.platform.console.ConsoleLauncher.main(ConsoleLauncher.java:37)
]]></failure>
<system-out><![CDATA[
unique-id: [engine:junit-jupiter]/[class:pilesimple.test.PileIntTest]/[test-template:testDepiler(pilesimple.PileInt)]/[test-template-invocation:#17]
display-name: [17] PileInt(9/16):[1362992196 -2080071938 1590300961 -1725722911 682324868 -1338224590 880401299 -2081234295 -561541459 ]
]]></system-out>
</testcase>
<testcase name="testDepiler(PileInt)[18]" classname="pilesimple.test.PileIntTest" time="0">
<failure message="expected: &lt;18&gt; but was: &lt;19&gt;" type="org.opentest4j.AssertionFailedError"><![CDATA[org.opentest4j.AssertionFailedError: expected: <18> but was: <19>
	at org.junit.jupiter.api.AssertionUtils.fail(AssertionUtils.java:55)
	at org.junit.jupiter.api.AssertionUtils.failNotEqual(AssertionUtils.java:62)
	at org.junit.jupiter.api.AssertEquals.assertEquals(AssertEquals.java:150)
	at org.junit.jupiter.api.AssertEquals.assertEquals(AssertEquals.java:145)
	at org.junit.jupiter.api.Assertions.assertEquals(Assertions.java:510)
	at pilesimple.test.PileIntTest.testDepiler(PileIntTest.java:363)
	at java.base/jdk.internal.reflect.DirectMethodHandleAccessor.invoke(DirectMethodHandleAccessor.java:103)
	at java.base/java.lang.reflect.Method.invoke(Method.java:580)
	at org.junit.platform.commons.util.ReflectionUtils.invokeMethod(ReflectionUtils.java:688)
	at org.junit.jupiter.engine.execution.MethodInvocation.proceed(MethodInvocation.java:60)
	at org.junit.jupiter.engine.execution.InvocationInterceptorChain$ValidatingInvocation.proceed(InvocationInterceptorChain.java:131)
	at org.junit.jupiter.engine.extension.TimeoutExtension.intercept(TimeoutExtension.java:149)
	at org.junit.jupiter.engine.extension.TimeoutExtension.interceptTestableMethod(TimeoutExtension.java:140)
	at org.junit.jupiter.engine.extension.TimeoutExtension.interceptTestTemplateMethod(TimeoutExtension.java:92)
	at org.junit.jupiter.engine.execution.ExecutableInvoker$ReflectiveInterceptorCall.lambda$ofVoidMethod$0(ExecutableInvoker.java:115)
	at org.junit.jupiter.engine.execution.ExecutableInvoker.lambda$invoke$0(ExecutableInvoker.java:105)
	at org.junit.jupiter.engine.execution.InvocationInterceptorChain$InterceptedInvocation.proceed(InvocationInterceptorChain.java:106)
	at org.junit.jupiter.engine.execution.InvocationInterceptorChain.proceed(InvocationInterceptorChain.java:64)
	at org.junit.jupiter.engine.execution.InvocationInterceptorChain.chainAndInvoke(InvocationInterceptorChain.java:45)
	at org.junit.jupiter.engine.execution.InvocationInterceptorChain.invoke(InvocationInterceptorChain.java:37)
	at org.junit.jupiter.engine.execution.ExecutableInvoker.invoke(ExecutableInvoker.java:104)
	at org.junit.jupiter.engine.execution.ExecutableInvoker.invoke(ExecutableInvoker.java:98)
	at org.junit.jupiter.engine.descriptor.TestMethodTestDescriptor.lambda$invokeTestMethod$6(TestMethodTestDescriptor.java:210)
	at org.junit.platform.engine.support.hierarchical.ThrowableCollector.execute(ThrowableCollector.java:73)
	at org.junit.jupiter.engine.descriptor.TestMethodTestDescriptor.invokeTestMethod(TestMethodTestDescriptor.java:206)
	at org.junit.jupiter.engine.descriptor.TestMethodTestDescriptor.execute(TestMethodTestDescriptor.java:131)
	at org.junit.jupiter.engine.descriptor.TestMethodTestDescriptor.execute(TestMethodTestDescriptor.java:65)
	at org.junit.platform.engine.support.hierarchical.NodeTestTask.lambda$executeRecursively$5(NodeTestTask.java:139)
	at org.junit.platform.engine.support.hierarchical.ThrowableCollector.execute(ThrowableCollector.java:73)
	at org.junit.platform.engine.support.hierarchical.NodeTestTask.lambda$executeRecursively$7(NodeTestTask.java:129)
	at org.junit.platform.engine.support.hierarchical.Node.around(Node.java:137)
	at org.junit.platform.engine.support.hierarchical.NodeTestTask.lambda$executeRecursively$8(NodeTestTask.java:127)
	at org.junit.platform.engine.support.hierarchical.ThrowableCollector.execute(ThrowableCollector.java:73)
	at org.junit.platform.engine.support.hierarchical.NodeTestTask.executeRecursively(NodeTestTask.java:126)
	at org.junit.platform.engine.support.hierarchical.NodeTestTask.execute(NodeTestTask.java:84)
	at org.junit.platform.engine.support.hierarchical.SameThreadHierarchicalTestExecutorService.submit(SameThreadHierarchicalTestExecutorService.java:32)
	at org.junit.platform.engine.support.hierarchical.NodeTestTask$DefaultDynamicTestExecutor.execute(NodeTestTask.java:212)
	at org.junit.platform.engine.support.hierarchical.NodeTestTask$DefaultDynamicTestExecutor.execute(NodeTestTask.java:192)
	at org.junit.jupiter.engine.descriptor.TestTemplateTestDescriptor.execute(TestTemplateTestDescriptor.java:139)
	at org.junit.jupiter.engine.descriptor.TestTemplateTestDescriptor.lambda$execute$2(TestTemplateTestDescriptor.java:107)
	at java.base/java.util.stream.ForEachOps$ForEachOp$OfRef.accept(ForEachOps.java:184)
	at java.base/java.util.stream.ReferencePipeline$3$1.accept(ReferencePipeline.java:215)
	at java.base/java.util.stream.ReferencePipeline$2$1.accept(ReferencePipeline.java:197)
	at java.base/java.util.stream.ReferencePipeline$3$1.accept(ReferencePipeline.java:215)
	at java.base/java.util.stream.ForEachOps$ForEachOp$OfRef.accept(ForEachOps.java:184)
	at java.base/java.util.stream.ReferencePipeline$15$1.accept(ReferencePipeline.java:581)
	at java.base/java.util.stream.ReferencePipeline$3$1.accept(ReferencePipeline.java:215)
	at java.base/java.util.stream.ReferencePipeline$3$1.accept(ReferencePipeline.java:215)
	at java.base/java.util.stream.ReferencePipeline$3$1.accept(ReferencePipeline.java:215)
	at java.base/java.util.stream.ForEachOps$ForEachOp$OfRef.accept(ForEachOps.java:184)
	at java.base/java.util.stream.ReferencePipeline$3$1.accept(ReferencePipeline.java:215)
	at java.base/java.util.stream.ForEachOps$ForEachOp$OfRef.accept(ForEachOps.java:184)
	at java.base/java.util.stream.ReferencePipeline$3$1.accept(ReferencePipeline.java:215)
	at java.base/java.util.stream.ReferencePipeline$2$1.accept(ReferencePipeline.java:197)
	at java.base/java.util.ArrayList$ArrayListSpliterator.forEachRemaining(ArrayList.java:1709)
	at java.base/java.util.stream.AbstractPipeline.copyInto(AbstractPipeline.java:570)
	at java.base/java.util.stream.AbstractPipeline.wrapAndCopyInto(AbstractPipeline.java:560)
	at java.base/java.util.stream.ForEachOps$ForEachOp.evaluateSequential(ForEachOps.java:151)
	at java.base/java.util.stream.ForEachOps$ForEachOp$OfRef.evaluateSequential(ForEachOps.java:174)
	at java.base/java.util.stream.AbstractPipeline.evaluate(AbstractPipeline.java:265)
	at java.base/java.util.stream.ReferencePipeline.forEach(ReferencePipeline.java:636)
	at java.base/java.util.stream.ReferencePipeline$7$1FlatMap.accept(ReferencePipeline.java:294)
	at java.base/java.util.stream.ReferencePipeline$3$1.accept(ReferencePipeline.java:215)
	at java.base/java.util.stream.ReferencePipeline$3$1.accept(ReferencePipeline.java:215)
	at java.base/java.util.Spliterators$ArraySpliterator.forEachRemaining(Spliterators.java:1024)
	at java.base/java.util.stream.AbstractPipeline.copyInto(AbstractPipeline.java:570)
	at java.base/java.util.stream.AbstractPipeline.wrapAndCopyInto(AbstractPipeline.java:560)
	at java.base/java.util.stream.ForEachOps$ForEachOp.evaluateSequential(ForEachOps.java:151)
	at java.base/java.util.stream.ForEachOps$ForEachOp$OfRef.evaluateSequential(ForEachOps.java:174)
	at java.base/java.util.stream.AbstractPipeline.evaluate(AbstractPipeline.java:265)
	at java.base/java.util.stream.ReferencePipeline.forEach(ReferencePipeline.java:636)
	at java.base/java.util.stream.ReferencePipeline$7$1FlatMap.accept(ReferencePipeline.java:294)
	at java.base/java.util.stream.ReferencePipeline$3$1.accept(ReferencePipeline.java:215)
	at java.base/java.util.stream.ReferencePipeline$3$1.accept(ReferencePipeline.java:215)
	at java.base/java.util.stream.ReferencePipeline$3$1.accept(ReferencePipeline.java:215)
	at java.base/java.util.ArrayList$ArrayListSpliterator.forEachRemaining(ArrayList.java:1709)
	at java.base/java.util.stream.AbstractPipeline.copyInto(AbstractPipeline.java:570)
	at java.base/java.util.stream.AbstractPipeline.wrapAndCopyInto(AbstractPipeline.java:560)
	at java.base/java.util.stream.ForEachOps$ForEachOp.evaluateSequential(ForEachOps.java:151)
	at java.base/java.util.stream.ForEachOps$ForEachOp$OfRef.evaluateSequential(ForEachOps.java:174)
	at java.base/java.util.stream.AbstractPipeline.evaluate(AbstractPipeline.java:265)
	at java.base/java.util.stream.ReferencePipeline.forEach(ReferencePipeline.java:636)
	at java.base/java.util.stream.ReferencePipeline$7$1FlatMap.accept(ReferencePipeline.java:294)
	at java.base/java.util.ArrayList$ArrayListSpliterator.forEachRemaining(ArrayList.java:1709)
	at java.base/java.util.stream.AbstractPipeline.copyInto(AbstractPipeline.java:570)
	at java.base/java.util.stream.AbstractPipeline.wrapAndCopyInto(AbstractPipeline.java:560)
	at java.base/java.util.stream.ForEachOps$ForEachOp.evaluateSequential(ForEachOps.java:151)
	at java.base/java.util.stream.ForEachOps$ForEachOp$OfRef.evaluateSequential(ForEachOps.java:174)
	at java.base/java.util.stream.AbstractPipeline.evaluate(AbstractPipeline.java:265)
	at java.base/java.util.stream.ReferencePipeline.forEach(ReferencePipeline.java:636)
	at org.junit.jupiter.engine.descriptor.TestTemplateTestDescriptor.execute(TestTemplateTestDescriptor.java:107)
	at org.junit.jupiter.engine.descriptor.TestTemplateTestDescriptor.execute(TestTemplateTestDescriptor.java:42)
	at org.junit.platform.engine.support.hierarchical.NodeTestTask.lambda$executeRecursively$5(NodeTestTask.java:139)
	at org.junit.platform.engine.support.hierarchical.ThrowableCollector.execute(ThrowableCollector.java:73)
	at org.junit.platform.engine.support.hierarchical.NodeTestTask.lambda$executeRecursively$7(NodeTestTask.java:129)
	at org.junit.platform.engine.support.hierarchical.Node.around(Node.java:137)
	at org.junit.platform.engine.support.hierarchical.NodeTestTask.lambda$executeRecursively$8(NodeTestTask.java:127)
	at org.junit.platform.engine.support.hierarchical.ThrowableCollector.execute(ThrowableCollector.java:73)
	at org.junit.platform.engine.support.hierarchical.NodeTestTask.executeRecursively(NodeTestTask.java:126)
	at org.junit.platform.engine.support.hierarchical.NodeTestTask.execute(NodeTestTask.java:84)
	at java.base/java.util.ArrayList.forEach(ArrayList.java:1597)
	at org.junit.platform.engine.support.hierarchical.SameThreadHierarchicalTestExecutorService.invokeAll(SameThreadHierarchicalTestExecutorService.java:38)
	at org.junit.platform.engine.support.hierarchical.NodeTestTask.lambda$executeRecursively$5(NodeTestTask.java:143)
	at org.junit.platform.engine.support.hierarchical.ThrowableCollector.execute(ThrowableCollector.java:73)
	at org.junit.platform.engine.support.hierarchical.NodeTestTask.lambda$executeRecursively$7(NodeTestTask.java:129)
	at org.junit.platform.engine.support.hierarchical.Node.around(Node.java:137)
	at org.junit.platform.engine.support.hierarchical.NodeTestTask.lambda$executeRecursively$8(NodeTestTask.java:127)
	at org.junit.platform.engine.support.hierarchical.ThrowableCollector.execute(ThrowableCollector.java:73)
	at org.junit.platform.engine.support.hierarchical.NodeTestTask.executeRecursively(NodeTestTask.java:126)
	at org.junit.platform.engine.support.hierarchical.NodeTestTask.execute(NodeTestTask.java:84)
	at java.base/java.util.ArrayList.forEach(ArrayList.java:1597)
	at org.junit.platform.engine.support.hierarchical.SameThreadHierarchicalTestExecutorService.invokeAll(SameThreadHierarchicalTestExecutorService.java:38)
	at org.junit.platform.engine.support.hierarchical.NodeTestTask.lambda$executeRecursively$5(NodeTestTask.java:143)
	at org.junit.platform.engine.support.hierarchical.ThrowableCollector.execute(ThrowableCollector.java:73)
	at org.junit.platform.engine.support.hierarchical.NodeTestTask.lambda$executeRecursively$7(NodeTestTask.java:129)
	at org.junit.platform.engine.support.hierarchical.Node.around(Node.java:137)
	at org.junit.platform.engine.support.hierarchical.NodeTestTask.lambda$executeRecursively$8(NodeTestTask.java:127)
	at org.junit.platform.engine.support.hierarchical.ThrowableCollector.execute(ThrowableCollector.java:73)
	at org.junit.platform.engine.support.hierarchical.NodeTestTask.executeRecursively(NodeTestTask.java:126)
	at org.junit.platform.engine.support.hierarchical.NodeTestTask.execute(NodeTestTask.java:84)
	at org.junit.platform.engine.support.hierarchical.SameThreadHierarchicalTestExecutorService.submit(SameThreadHierarchicalTestExecutorService.java:32)
	at org.junit.platform.engine.support.hierarchical.HierarchicalTestExecutor.execute(HierarchicalTestExecutor.java:57)
	at org.junit.platform.engine.support.hierarchical.HierarchicalTestEngine.execute(HierarchicalTestEngine.java:51)
	at org.junit.platform.launcher.core.EngineExecutionOrchestrator.execute(EngineExecutionOrchestrator.java:108)
	at org.junit.platform.launcher.core.EngineExecutionOrchestrator.execute(EngineExecutionOrchestrator.java:88)
	at org.junit.platform.launcher.core.EngineExecutionOrchestrator.lambda$execute$0(EngineExecutionOrchestrator.java:54)
	at org.junit.platform.launcher.core.EngineExecutionOrchestrator.withInterceptedStreams(EngineExecutionOrchestrator.java:67)
	at org.junit.platform.launcher.core.EngineExecutionOrchestrator.execute(EngineExecutionOrchestrator.java:52)
	at org.junit.platform.launcher.core.DefaultLauncher.execute(DefaultLauncher.java:96)
	at org.junit.platform.launcher.core.DefaultLauncher.execute(DefaultLauncher.java:75)
	at org.junit.platform.console.tasks.ConsoleTestExecutor.executeTests(ConsoleTestExecutor.java:66)
	at org.junit.platform.console.tasks.ConsoleTestExecutor.lambda$execute$0(ConsoleTestExecutor.java:58)
	at org.junit.platform.console.tasks.CustomContextClassLoaderExecutor.replaceThreadContextClassLoaderAndInvoke(CustomContextClassLoaderExecutor.java:41)
	at org.junit.platform.console.tasks.CustomContextClassLoaderExecutor.invoke(CustomContextClassLoaderExecutor.java:31)
	at org.junit.platform.console.tasks.ConsoleTestExecutor.execute(ConsoleTestExecutor.java:58)
	at org.junit.platform.console.ConsoleLauncher.executeTests(ConsoleLauncher.java:95)
	at org.junit.platform.console.ConsoleLauncher.execute(ConsoleLauncher.java:73)
	at org.junit.platform.console.ConsoleLauncher.execute(ConsoleLauncher.java:50)
	at org.junit.platform.console.ConsoleLauncher.execute(ConsoleLauncher.java:43)
	at org.junit.platform.console.ConsoleLauncher.main(ConsoleLauncher.java:37)
]]></failure>
<system-out><![CDATA[
unique-id: [engine:junit-jupiter]/[class:pilesimple.test.PileIntTest]/[test-template:testDepiler(pilesimple.PileInt)]/[test-template-invocation:#18]
display-name: [18] PileInt(20/25):[-177297065 -317067174 1538678292 1459401015 764171947 -791717276 -1475135243 1373362923 104936572 1838652771 -10463901 -1839550882 1664723887 -799351692 -1803735371 1504195079 457981356 1301858620 217733573 1908815035 ]
]]></system-out>
</testcase>
<testcase name="testDepiler(PileInt)[19]" classname="pilesimple.test.PileIntTest" time="0">
<skipped><![CDATA[org.opentest4j.TestAbortedException: Assumption failed: assumption is not false
	at org.junit.jupiter.api.Assumptions.throwTestAbortedException(Assumptions.java:256)
	at org.junit.jupiter.api.Assumptions.assumeFalse(Assumptions.java:191)
	at org.junit.jupiter.api.Assumptions.assumeFalse(Assumptions.java:142)
	at pilesimple.test.PileIntTest.testDepiler(PileIntTest.java:353)
	at java.base/jdk.internal.reflect.DirectMethodHandleAccessor.invoke(DirectMethodHandleAccessor.java:103)
	at java.base/java.lang.reflect.Method.invoke(Method.java:580)
	at org.junit.platform.commons.util.ReflectionUtils.invokeMethod(ReflectionUtils.java:688)
	at org.junit.jupiter.engine.execution.MethodInvocation.proceed(MethodInvocation.java:60)
	at org.junit.jupiter.engine.execution.InvocationInterceptorChain$ValidatingInvocation.proceed(InvocationInterceptorChain.java:131)
	at org.junit.jupiter.engine.extension.TimeoutExtension.intercept(TimeoutExtension.java:149)
	at org.junit.jupiter.engine.extension.TimeoutExtension.interceptTestableMethod(TimeoutExtension.java:140)
	at org.junit.jupiter.engine.extension.TimeoutExtension.interceptTestTemplateMethod(TimeoutExtension.java:92)
	at org.junit.jupiter.engine.execution.ExecutableInvoker$ReflectiveInterceptorCall.lambda$ofVoidMethod$0(ExecutableInvoker.java:115)
	at org.junit.jupiter.engine.execution.ExecutableInvoker.lambda$invoke$0(ExecutableInvoker.java:105)
	at org.junit.jupiter.engine.execution.InvocationInterceptorChain$InterceptedInvocation.proceed(InvocationInterceptorChain.java:106)
	at org.junit.jupiter.engine.execution.InvocationInterceptorChain.proceed(InvocationInterceptorChain.java:64)
	at org.junit.jupiter.engine.execution.InvocationInterceptorChain.chainAndInvoke(InvocationInterceptorChain.java:45)
	at org.junit.jupiter.engine.execution.InvocationInterceptorChain.invoke(InvocationInterceptorChain.java:37)
	at org.junit.jupiter.engine.execution.ExecutableInvoker.invoke(ExecutableInvoker.java:104)
	at org.junit.jupiter.engine.execution.ExecutableInvoker.invoke(ExecutableInvoker.java:98)
	at org.junit.jupiter.engine.descriptor.TestMethodTestDescriptor.lambda$invokeTestMethod$6(TestMethodTestDescriptor.java:210)
	at org.junit.platform.engine.support.hierarchical.ThrowableCollector.execute(ThrowableCollector.java:73)
	at org.junit.jupiter.engine.descriptor.TestMethodTestDescriptor.invokeTestMethod(TestMethodTestDescriptor.java:206)
	at org.junit.jupiter.engine.descriptor.TestMethodTestDescriptor.execute(TestMethodTestDescriptor.java:131)
	at org.junit.jupiter.engine.descriptor.TestMethodTestDescriptor.execute(TestMethodTestDescriptor.java:65)
	at org.junit.platform.engine.support.hierarchical.NodeTestTask.lambda$executeRecursively$5(NodeTestTask.java:139)
	at org.junit.platform.engine.support.hierarchical.ThrowableCollector.execute(ThrowableCollector.java:73)
	at org.junit.platform.engine.support.hierarchical.NodeTestTask.lambda$executeRecursively$7(NodeTestTask.java:129)
	at org.junit.platform.engine.support.hierarchical.Node.around(Node.java:137)
	at org.junit.platform.engine.support.hierarchical.NodeTestTask.lambda$executeRecursively$8(NodeTestTask.java:127)
	at org.junit.platform.engine.support.hierarchical.ThrowableCollector.execute(ThrowableCollector.java:73)
	at org.junit.platform.engine.support.hierarchical.NodeTestTask.executeRecursively(NodeTestTask.java:126)
	at org.junit.platform.engine.support.hierarchical.NodeTestTask.execute(NodeTestTask.java:84)
	at org.junit.platform.engine.support.hierarchical.SameThreadHierarchicalTestExecutorService.submit(SameThreadHierarchicalTestExecutorService.java:32)
	at org.junit.platform.engine.support.hierarchical.NodeTestTask$DefaultDynamicTestExecutor.execute(NodeTestTask.java:212)
	at org.junit.platform.engine.support.hierarchical.NodeTestTask$DefaultDynamicTestExecutor.execute(NodeTestTask.java:192)
	at org.junit.jupiter.engine.descriptor.TestTemplateTestDescriptor.execute(TestTemplateTestDescriptor.java:139)
	at org.junit.jupiter.engine.descriptor.TestTemplateTestDescriptor.lambda$execute$2(TestTemplateTestDescriptor.java:107)
	at java.base/java.util.stream.ForEachOps$ForEachOp$OfRef.accept(ForEachOps.java:184)
	at java.base/java.util.stream.ReferencePipeline$3$1.accept(ReferencePipeline.java:215)
	at java.base/java.util.stream.ReferencePipeline$2$1.accept(ReferencePipeline.java:197)
	at java.base/java.util.stream.ReferencePipeline$3$1.accept(ReferencePipeline.java:215)
	at java.base/java.util.stream.ForEachOps$ForEachOp$OfRef.accept(ForEachOps.java:184)
	at java.base/java.util.stream.ReferencePipeline$15$1.accept(ReferencePipeline.java:581)
	at java.base/java.util.stream.ReferencePipeline$3$1.accept(ReferencePipeline.java:215)
	at java.base/java.util.stream.ReferencePipeline$3$1.accept(ReferencePipeline.java:215)
	at java.base/java.util.stream.ReferencePipeline$3$1.accept(ReferencePipeline.java:215)
	at java.base/java.util.stream.ForEachOps$ForEachOp$OfRef.accept(ForEachOps.java:184)
	at java.base/java.util.stream.ReferencePipeline$3$1.accept(ReferencePipeline.java:215)
	at java.base/java.util.stream.ForEachOps$ForEachOp$OfRef.accept(ForEachOps.java:184)
	at java.base/java.util.stream.ReferencePipeline$3$1.accept(ReferencePipeline.java:215)
	at java.base/java.util.stream.ReferencePipeline$2$1.accept(ReferencePipeline.java:197)
	at java.base/java.util.ArrayList$ArrayListSpliterator.forEachRemaining(ArrayList.java:1709)
	at java.base/java.util.stream.AbstractPipeline.copyInto(AbstractPipeline.java:570)
	at java.base/java.util.stream.AbstractPipeline.wrapAndCopyInto(AbstractPipeline.java:560)
	at java.base/java.util.stream.ForEachOps$ForEachOp.evaluateSequential(ForEachOps.java:151)
	at java.base/java.util.stream.ForEachOps$ForEachOp$OfRef.evaluateSequential(ForEachOps.java:174)
	at java.base/java.util.stream.AbstractPipeline.evaluate(AbstractPipeline.java:265)
	at java.base/java.util.stream.ReferencePipeline.forEach(ReferencePipeline.java:636)
	at java.base/java.util.stream.ReferencePipeline$7$1FlatMap.accept(ReferencePipeline.java:294)
	at java.base/java.util.stream.ReferencePipeline$3$1.accept(ReferencePipeline.java:215)
	at java.base/java.util.stream.ReferencePipeline$3$1.accept(ReferencePipeline.java:215)
	at java.base/java.util.Spliterators$ArraySpliterator.forEachRemaining(Spliterators.java:1024)
	at java.base/java.util.stream.AbstractPipeline.copyInto(AbstractPipeline.java:570)
	at java.base/java.util.stream.AbstractPipeline.wrapAndCopyInto(AbstractPipeline.java:560)
	at java.base/java.util.stream.ForEachOps$ForEachOp.evaluateSequential(ForEachOps.java:151)
	at java.base/java.util.stream.ForEachOps$ForEachOp$OfRef.evaluateSequential(ForEachOps.java:174)
	at java.base/java.util.stream.AbstractPipeline.evaluate(AbstractPipeline.java:265)
	at java.base/java.util.stream.ReferencePipeline.forEach(ReferencePipeline.java:636)
	at java.base/java.util.stream.ReferencePipeline$7$1FlatMap.accept(ReferencePipeline.java:294)
	at java.base/java.util.stream.ReferencePipeline$3$1.accept(ReferencePipeline.java:215)
	at java.base/java.util.stream.ReferencePipeline$3$1.accept(ReferencePipeline.java:215)
	at java.base/java.util.stream.ReferencePipeline$3$1.accept(ReferencePipeline.java:215)
	at java.base/java.util.ArrayList$ArrayListSpliterator.forEachRemaining(ArrayList.java:1709)
	at java.base/java.util.stream.AbstractPipeline.copyInto(AbstractPipeline.java:570)
	at java.base/java.util.stream.AbstractPipeline.wrapAndCopyInto(AbstractPipeline.java:560)
	at java.base/java.util.stream.ForEachOps$ForEachOp.evaluateSequential(ForEachOps.java:151)
	at java.base/java.util.stream.ForEachOps$ForEachOp$OfRef.evaluateSequential(ForEachOps.java:174)
	at java.base/java.util.stream.AbstractPipeline.evaluate(AbstractPipeline.java:265)
	at java.base/java.util.stream.ReferencePipeline.forEach(ReferencePipeline.java:636)
	at java.base/java.util.stream.ReferencePipeline$7$1FlatMap.accept(ReferencePipeline.java:294)
	at java.base/java.util.ArrayList$ArrayListSpliterator.forEachRemaining(ArrayList.java:1709)
	at java.base/java.util.stream.AbstractPipeline.copyInto(AbstractPipeline.java:570)
	at java.base/java.util.stream.AbstractPipeline.wrapAndCopyInto(AbstractPipeline.java:560)
	at java.base/java.util.stream.ForEachOps$ForEachOp.evaluateSequential(ForEachOps.java:151)
	at java.base/java.util.stream.ForEachOps$ForEachOp$OfRef.evaluateSequential(ForEachOps.java:174)
	at java.base/java.util.stream.AbstractPipeline.evaluate(AbstractPipeline.java:265)
	at java.base/java.util.stream.ReferencePipeline.forEach(ReferencePipeline.java:636)
	at org.junit.jupiter.engine.descriptor.TestTemplateTestDescriptor.execute(TestTemplateTestDescriptor.java:107)
	at org.junit.jupiter.engine.descriptor.TestTemplateTestDescriptor.execute(TestTemplateTestDescriptor.java:42)
	at org.junit.platform.engine.support.hierarchical.NodeTestTask.lambda$executeRecursively$5(NodeTestTask.java:139)
	at org.junit.platform.engine.support.hierarchical.ThrowableCollector.execute(ThrowableCollector.java:73)
	at org.junit.platform.engine.support.hierarchical.NodeTestTask.lambda$executeRecursively$7(NodeTestTask.java:129)
	at org.junit.platform.engine.support.hierarchical.Node.around(Node.java:137)
	at org.junit.platform.engine.support.hierarchical.NodeTestTask.lambda$executeRecursively$8(NodeTestTask.java:127)
	at org.junit.platform.engine.support.hierarchical.ThrowableCollector.execute(ThrowableCollector.java:73)
	at org.junit.platform.engine.support.hierarchical.NodeTestTask.executeRecursively(NodeTestTask.java:126)
	at org.junit.platform.engine.support.hierarchical.NodeTestTask.execute(NodeTestTask.java:84)
	at java.base/java.util.ArrayList.forEach(ArrayList.java:1597)
	at org.junit.platform.engine.support.hierarchical.SameThreadHierarchicalTestExecutorService.invokeAll(SameThreadHierarchicalTestExecutorService.java:38)
	at org.junit.platform.engine.support.hierarchical.NodeTestTask.lambda$executeRecursively$5(NodeTestTask.java:143)
	at org.junit.platform.engine.support.hierarchical.ThrowableCollector.execute(ThrowableCollector.java:73)
	at org.junit.platform.engine.support.hierarchical.NodeTestTask.lambda$executeRecursively$7(NodeTestTask.java:129)
	at org.junit.platform.engine.support.hierarchical.Node.around(Node.java:137)
	at org.junit.platform.engine.support.hierarchical.NodeTestTask.lambda$executeRecursively$8(NodeTestTask.java:127)
	at org.junit.platform.engine.support.hierarchical.ThrowableCollector.execute(ThrowableCollector.java:73)
	at org.junit.platform.engine.support.hierarchical.NodeTestTask.executeRecursively(NodeTestTask.java:126)
	at org.junit.platform.engine.support.hierarchical.NodeTestTask.execute(NodeTestTask.java:84)
	at java.base/java.util.ArrayList.forEach(ArrayList.java:1597)
	at org.junit.platform.engine.support.hierarchical.SameThreadHierarchicalTestExecutorService.invokeAll(SameThreadHierarchicalTestExecutorService.java:38)
	at org.junit.platform.engine.support.hierarchical.NodeTestTask.lambda$executeRecursively$5(NodeTestTask.java:143)
	at org.junit.platform.engine.support.hierarchical.ThrowableCollector.execute(ThrowableCollector.java:73)
	at org.junit.platform.engine.support.hierarchical.NodeTestTask.lambda$executeRecursively$7(NodeTestTask.java:129)
	at org.junit.platform.engine.support.hierarchical.Node.around(Node.java:137)
	at org.junit.platform.engine.support.hierarchical.NodeTestTask.lambda$executeRecursively$8(NodeTestTask.java:127)
	at org.junit.platform.engine.support.hierarchical.ThrowableCollector.execute(ThrowableCollector.java:73)
	at org.junit.platform.engine.support.hierarchical.NodeTestTask.executeRecursively(NodeTestTask.java:126)
	at org.junit.platform.engine.support.hierarchical.NodeTestTask.execute(NodeTestTask.java:84)
	at org.junit.platform.engine.support.hierarchical.SameThreadHierarchicalTestExecutorService.submit(SameThreadHierarchicalTestExecutorService.java:32)
	at org.junit.platform.engine.support.hierarchical.HierarchicalTestExecutor.execute(HierarchicalTestExecutor.java:57)
	at org.junit.platform.engine.support.hierarchical.HierarchicalTestEngine.execute(HierarchicalTestEngine.java:51)
	at org.junit.platform.launcher.core.EngineExecutionOrchestrator.execute(EngineExecutionOrchestrator.java:108)
	at org.junit.platform.launcher.core.EngineExecutionOrchestrator.execute(EngineExecutionOrchestrator.java:88)
	at org.junit.platform.launcher.core.EngineExecutionOrchestrator.lambda$execute$0(EngineExecutionOrchestrator.java:54)
	at org.junit.platform.launcher.core.EngineExecutionOrchestrator.withInterceptedStreams(EngineExecutionOrchestrator.java:67)
	at org.junit.platform.launcher.core.EngineExecutionOrchestrator.execute(EngineExecutionOrchestrator.java:52)
	at org.junit.platform.launcher.core.DefaultLauncher.execute(DefaultLauncher.java:96)
	at org.junit.platform.launcher.core.DefaultLauncher.execute(DefaultLauncher.java:75)
	at org.junit.platform.console.tasks.ConsoleTestExecutor.executeTests(ConsoleTestExecutor.java:66)
	at org.junit.platform.console.tasks.ConsoleTestExecutor.lambda$execute$0(ConsoleTestExecutor.java:58)
	at org.junit.platform.console.tasks.CustomContextClassLoaderExecutor.replaceThreadContextClassLoaderAndInvoke(CustomContextClassLoaderExecutor.java:41)
	at org.junit.platform.console.tasks.CustomContextClassLoaderExecutor.invoke(CustomContextClassLoaderExecutor.java:31)
	at org.junit.platform.console.tasks.ConsoleTestExecutor.execute(ConsoleTestExecutor.java:58)
	at org.junit.platform.console.ConsoleLauncher.executeTests(ConsoleLauncher.java:95)
	at org.junit.platform.console.ConsoleLauncher.execute(ConsoleLauncher.java:73)
	at org.junit.platform.console.ConsoleLauncher.execute(ConsoleLauncher.java:50)
	at org.junit.platform.console.ConsoleLauncher.execute(ConsoleLauncher.java:43)
	at org.junit.platform.console.ConsoleLauncher.main(ConsoleLauncher.java:37)
]]></skipped>
<system-out><![CDATA[
unique-id: [engine:junit-jupiter]/[class:pilesimple.test.PileIntTest]/[test-template:testDepiler(pilesimple.PileInt)]/[test-template-invocation:#19]
display-name: [19] PileInt(0/4):[]
]]></system-out>
</testcase>
<testcase name="testDepiler(PileInt)[20]" classname="pilesimple.test.PileIntTest" time="0">
<failure message="expected: &lt;1&gt; but was: &lt;2&gt;" type="org.opentest4j.AssertionFailedError"><![CDATA[org.opentest4j.AssertionFailedError: expected: <1> but was: <2>
	at org.junit.jupiter.api.AssertionUtils.fail(AssertionUtils.java:55)
	at org.junit.jupiter.api.AssertionUtils.failNotEqual(AssertionUtils.java:62)
	at org.junit.jupiter.api.AssertEquals.assertEquals(AssertEquals.java:150)
	at org.junit.jupiter.api.AssertEquals.assertEquals(AssertEquals.java:145)
	at org.junit.jupiter.api.Assertions.assertEquals(Assertions.java:510)
	at pilesimple.test.PileIntTest.testDepiler(PileIntTest.java:363)
	at java.base/jdk.internal.reflect.DirectMethodHandleAccessor.invoke(DirectMethodHandleAccessor.java:103)
	at java.base/java.lang.reflect.Method.invoke(Method.java:580)
	at org.junit.platform.commons.util.ReflectionUtils.invokeMethod(ReflectionUtils.java:688)
	at org.junit.jupiter.engine.execution.MethodInvocation.proceed(MethodInvocation.java:60)
	at org.junit.jupiter.engine.execution.InvocationInterceptorChain$ValidatingInvocation.proceed(InvocationInterceptorChain.java:131)
	at org.junit.jupiter.engine.extension.TimeoutExtension.intercept(TimeoutExtension.java:149)
	at org.junit.jupiter.engine.extension.TimeoutExtension.interceptTestableMethod(TimeoutExtension.java:140)
	at org.junit.jupiter.engine.extension.TimeoutExtension.interceptTestTemplateMethod(TimeoutExtension.java:92)
	at org.junit.jupiter.engine.execution.ExecutableInvoker$ReflectiveInterceptorCall.lambda$ofVoidMethod$0(ExecutableInvoker.java:115)
	at org.junit.jupiter.engine.execution.ExecutableInvoker.lambda$invoke$0(ExecutableInvoker.java:105)
	at org.junit.jupiter.engine.execution.InvocationInterceptorChain$InterceptedInvocation.proceed(InvocationInterceptorChain.java:106)
	at org.junit.jupiter.engine.execution.InvocationInterceptorChain.proceed(InvocationInterceptorChain.java:64)
	at org.junit.jupiter.engine.execution.InvocationInterceptorChain.chainAndInvoke(InvocationInterceptorChain.java:45)
	at org.junit.jupiter.engine.execution.InvocationInterceptorChain.invoke(InvocationInterceptorChain.java:37)
	at org.junit.jupiter.engine.execution.ExecutableInvoker.invoke(ExecutableInvoker.java:104)
	at org.junit.jupiter.engine.execution.ExecutableInvoker.invoke(ExecutableInvoker.java:98)
	at org.junit.jupiter.engine.descriptor.TestMethodTestDescriptor.lambda$invokeTestMethod$6(TestMethodTestDescriptor.java:210)
	at org.junit.platform.engine.support.hierarchical.ThrowableCollector.execute(ThrowableCollector.java:73)
	at org.junit.jupiter.engine.descriptor.TestMethodTestDescriptor.invokeTestMethod(TestMethodTestDescriptor.java:206)
	at org.junit.jupiter.engine.descriptor.TestMethodTestDescriptor.execute(TestMethodTestDescriptor.java:131)
	at org.junit.jupiter.engine.descriptor.TestMethodTestDescriptor.execute(TestMethodTestDescriptor.java:65)
	at org.junit.platform.engine.support.hierarchical.NodeTestTask.lambda$executeRecursively$5(NodeTestTask.java:139)
	at org.junit.platform.engine.support.hierarchical.ThrowableCollector.execute(ThrowableCollector.java:73)
	at org.junit.platform.engine.support.hierarchical.NodeTestTask.lambda$executeRecursively$7(NodeTestTask.java:129)
	at org.junit.platform.engine.support.hierarchical.Node.around(Node.java:137)
	at org.junit.platform.engine.support.hierarchical.NodeTestTask.lambda$executeRecursively$8(NodeTestTask.java:127)
	at org.junit.platform.engine.support.hierarchical.ThrowableCollector.execute(ThrowableCollector.java:73)
	at org.junit.platform.engine.support.hierarchical.NodeTestTask.executeRecursively(NodeTestTask.java:126)
	at org.junit.platform.engine.support.hierarchical.NodeTestTask.execute(NodeTestTask.java:84)
	at org.junit.platform.engine.support.hierarchical.SameThreadHierarchicalTestExecutorService.submit(SameThreadHierarchicalTestExecutorService.java:32)
	at org.junit.platform.engine.support.hierarchical.NodeTestTask$DefaultDynamicTestExecutor.execute(NodeTestTask.java:212)
	at org.junit.platform.engine.support.hierarchical.NodeTestTask$DefaultDynamicTestExecutor.execute(NodeTestTask.java:192)
	at org.junit.jupiter.engine.descriptor.TestTemplateTestDescriptor.execute(TestTemplateTestDescriptor.java:139)
	at org.junit.jupiter.engine.descriptor.TestTemplateTestDescriptor.lambda$execute$2(TestTemplateTestDescriptor.java:107)
	at java.base/java.util.stream.ForEachOps$ForEachOp$OfRef.accept(ForEachOps.java:184)
	at java.base/java.util.stream.ReferencePipeline$3$1.accept(ReferencePipeline.java:215)
	at java.base/java.util.stream.ReferencePipeline$2$1.accept(ReferencePipeline.java:197)
	at java.base/java.util.stream.ReferencePipeline$3$1.accept(ReferencePipeline.java:215)
	at java.base/java.util.stream.ForEachOps$ForEachOp$OfRef.accept(ForEachOps.java:184)
	at java.base/java.util.stream.ReferencePipeline$15$1.accept(ReferencePipeline.java:581)
	at java.base/java.util.stream.ReferencePipeline$3$1.accept(ReferencePipeline.java:215)
	at java.base/java.util.stream.ReferencePipeline$3$1.accept(ReferencePipeline.java:215)
	at java.base/java.util.stream.ReferencePipeline$3$1.accept(ReferencePipeline.java:215)
	at java.base/java.util.stream.ForEachOps$ForEachOp$OfRef.accept(ForEachOps.java:184)
	at java.base/java.util.stream.ReferencePipeline$3$1.accept(ReferencePipeline.java:215)
	at java.base/java.util.stream.ForEachOps$ForEachOp$OfRef.accept(ForEachOps.java:184)
	at java.base/java.util.stream.ReferencePipeline$3$1.accept(ReferencePipeline.java:215)
	at java.base/java.util.stream.ReferencePipeline$2$1.accept(ReferencePipeline.java:197)
	at java.base/java.util.ArrayList$ArrayListSpliterator.forEachRemaining(ArrayList.java:1709)
	at java.base/java.util.stream.AbstractPipeline.copyInto(AbstractPipeline.java:570)
	at java.base/java.util.stream.AbstractPipeline.wrapAndCopyInto(AbstractPipeline.java:560)
	at java.base/java.util.stream.ForEachOps$ForEachOp.evaluateSequential(ForEachOps.java:151)
	at java.base/java.util.stream.ForEachOps$ForEachOp$OfRef.evaluateSequential(ForEachOps.java:174)
	at java.base/java.util.stream.AbstractPipeline.evaluate(AbstractPipeline.java:265)
	at java.base/java.util.stream.ReferencePipeline.forEach(ReferencePipeline.java:636)
	at java.base/java.util.stream.ReferencePipeline$7$1FlatMap.accept(ReferencePipeline.java:294)
	at java.base/java.util.stream.ReferencePipeline$3$1.accept(ReferencePipeline.java:215)
	at java.base/java.util.stream.ReferencePipeline$3$1.accept(ReferencePipeline.java:215)
	at java.base/java.util.Spliterators$ArraySpliterator.forEachRemaining(Spliterators.java:1024)
	at java.base/java.util.stream.AbstractPipeline.copyInto(AbstractPipeline.java:570)
	at java.base/java.util.stream.AbstractPipeline.wrapAndCopyInto(AbstractPipeline.java:560)
	at java.base/java.util.stream.ForEachOps$ForEachOp.evaluateSequential(ForEachOps.java:151)
	at java.base/java.util.stream.ForEachOps$ForEachOp$OfRef.evaluateSequential(ForEachOps.java:174)
	at java.base/java.util.stream.AbstractPipeline.evaluate(AbstractPipeline.java:265)
	at java.base/java.util.stream.ReferencePipeline.forEach(ReferencePipeline.java:636)
	at java.base/java.util.stream.ReferencePipeline$7$1FlatMap.accept(ReferencePipeline.java:294)
	at java.base/java.util.stream.ReferencePipeline$3$1.accept(ReferencePipeline.java:215)
	at java.base/java.util.stream.ReferencePipeline$3$1.accept(ReferencePipeline.java:215)
	at java.base/java.util.stream.ReferencePipeline$3$1.accept(ReferencePipeline.java:215)
	at java.base/java.util.ArrayList$ArrayListSpliterator.forEachRemaining(ArrayList.java:1709)
	at java.base/java.util.stream.AbstractPipeline.copyInto(AbstractPipeline.java:570)
	at java.base/java.util.stream.AbstractPipeline.wrapAndCopyInto(AbstractPipeline.java:560)
	at java.base/java.util.stream.ForEachOps$ForEachOp.evaluateSequential(ForEachOps.java:151)
	at java.base/java.util.stream.ForEachOps$ForEachOp$OfRef.evaluateSequential(ForEachOps.java:174)
	at java.base/java.util.stream.AbstractPipeline.evaluate(AbstractPipeline.java:265)
	at java.base/java.util.stream.ReferencePipeline.forEach(ReferencePipeline.java:636)
	at java.base/java.util.stream.ReferencePipeline$7$1FlatMap.accept(ReferencePipeline.java:294)
	at java.base/java.util.ArrayList$ArrayListSpliterator.forEachRemaining(ArrayList.java:1709)
	at java.base/java.util.stream.AbstractPipeline.copyInto(AbstractPipeline.java:570)
	at java.base/java.util.stream.AbstractPipeline.wrapAndCopyInto(AbstractPipeline.java:560)
	at java.base/java.util.stream.ForEachOps$ForEachOp.evaluateSequential(ForEachOps.java:151)
	at java.base/java.util.stream.ForEachOps$ForEachOp$OfRef.evaluateSequential(ForEachOps.java:174)
	at java.base/java.util.stream.AbstractPipeline.evaluate(AbstractPipeline.java:265)
	at java.base/java.util.stream.ReferencePipeline.forEach(ReferencePipeline.java:636)
	at org.junit.jupiter.engine.descriptor.TestTemplateTestDescriptor.execute(TestTemplateTestDescriptor.java:107)
	at org.junit.jupiter.engine.descriptor.TestTemplateTestDescriptor.execute(TestTemplateTestDescriptor.java:42)
	at org.junit.platform.engine.support.hierarchical.NodeTestTask.lambda$executeRecursively$5(NodeTestTask.java:139)
	at org.junit.platform.engine.support.hierarchical.ThrowableCollector.execute(ThrowableCollector.java:73)
	at org.junit.platform.engine.support.hierarchical.NodeTestTask.lambda$executeRecursively$7(NodeTestTask.java:129)
	at org.junit.platform.engine.support.hierarchical.Node.around(Node.java:137)
	at org.junit.platform.engine.support.hierarchical.NodeTestTask.lambda$executeRecursively$8(NodeTestTask.java:127)
	at org.junit.platform.engine.support.hierarchical.ThrowableCollector.execute(ThrowableCollector.java:73)
	at org.junit.platform.engine.support.hierarchical.NodeTestTask.executeRecursively(NodeTestTask.java:126)
	at org.junit.platform.engine.support.hierarchical.NodeTestTask.execute(NodeTestTask.java:84)
	at java.base/java.util.ArrayList.forEach(ArrayList.java:1597)
	at org.junit.platform.engine.support.hierarchical.SameThreadHierarchicalTestExecutorService.invokeAll(SameThreadHierarchicalTestExecutorService.java:38)
	at org.junit.platform.engine.support.hierarchical.NodeTestTask.lambda$executeRecursively$5(NodeTestTask.java:143)
	at org.junit.platform.engine.support.hierarchical.ThrowableCollector.execute(ThrowableCollector.java:73)
	at org.junit.platform.engine.support.hierarchical.NodeTestTask.lambda$executeRecursively$7(NodeTestTask.java:129)
	at org.junit.platform.engine.support.hierarchical.Node.around(Node.java:137)
	at org.junit.platform.engine.support.hierarchical.NodeTestTask.lambda$executeRecursively$8(NodeTestTask.java:127)
	at org.junit.platform.engine.support.hierarchical.ThrowableCollector.execute(ThrowableCollector.java:73)
	at org.junit.platform.engine.support.hierarchical.NodeTestTask.executeRecursively(NodeTestTask.java:126)
	at org.junit.platform.engine.support.hierarchical.NodeTestTask.execute(NodeTestTask.java:84)
	at java.base/java.util.ArrayList.forEach(ArrayList.java:1597)
	at org.junit.platform.engine.support.hierarchical.SameThreadHierarchicalTestExecutorService.invokeAll(SameThreadHierarchicalTestExecutorService.java:38)
	at org.junit.platform.engine.support.hierarchical.NodeTestTask.lambda$executeRecursively$5(NodeTestTask.java:143)
	at org.junit.platform.engine.support.hierarchical.ThrowableCollector.execute(ThrowableCollector.java:73)
	at org.junit.platform.engine.support.hierarchical.NodeTestTask.lambda$executeRecursively$7(NodeTestTask.java:129)
	at org.junit.platform.engine.support.hierarchical.Node.around(Node.java:137)
	at org.junit.platform.engine.support.hierarchical.NodeTestTask.lambda$executeRecursively$8(NodeTestTask.java:127)
	at org.junit.platform.engine.support.hierarchical.ThrowableCollector.execute(ThrowableCollector.java:73)
	at org.junit.platform.engine.support.hierarchical.NodeTestTask.executeRecursively(NodeTestTask.java:126)
	at org.junit.platform.engine.support.hierarchical.NodeTestTask.execute(NodeTestTask.java:84)
	at org.junit.platform.engine.support.hierarchical.SameThreadHierarchicalTestExecutorService.submit(SameThreadHierarchicalTestExecutorService.java:32)
	at org.junit.platform.engine.support.hierarchical.HierarchicalTestExecutor.execute(HierarchicalTestExecutor.java:57)
	at org.junit.platform.engine.support.hierarchical.HierarchicalTestEngine.execute(HierarchicalTestEngine.java:51)
	at org.junit.platform.launcher.core.EngineExecutionOrchestrator.execute(EngineExecutionOrchestrator.java:108)
	at org.junit.platform.launcher.core.EngineExecutionOrchestrator.execute(EngineExecutionOrchestrator.java:88)
	at org.junit.platform.launcher.core.EngineExecutionOrchestrator.lambda$execute$0(EngineExecutionOrchestrator.java:54)
	at org.junit.platform.launcher.core.EngineExecutionOrchestrator.withInterceptedStreams(EngineExecutionOrchestrator.java:67)
	at org.junit.platform.launcher.core.EngineExecutionOrchestrator.execute(EngineExecutionOrchestrator.java:52)
	at org.junit.platform.launcher.core.DefaultLauncher.execute(DefaultLauncher.java:96)
	at org.junit.platform.launcher.core.DefaultLauncher.execute(DefaultLauncher.java:75)
	at org.junit.platform.console.tasks.ConsoleTestExecutor.executeTests(ConsoleTestExecutor.java:66)
	at org.junit.platform.console.tasks.ConsoleTestExecutor.lambda$execute$0(ConsoleTestExecutor.java:58)
	at org.junit.platform.console.tasks.CustomContextClassLoaderExecutor.replaceThreadContextClassLoaderAndInvoke(CustomContextClassLoaderExecutor.java:41)
	at org.junit.platform.console.tasks.CustomContextClassLoaderExecutor.invoke(CustomContextClassLoaderExecutor.java:31)
	at org.junit.platform.console.tasks.ConsoleTestExecutor.execute(ConsoleTestExecutor.java:58)
	at org.junit.platform.console.ConsoleLauncher.executeTests(ConsoleLauncher.java:95)
	at org.junit.platform.console.ConsoleLauncher.execute(ConsoleLauncher.java:73)
	at org.junit.platform.console.ConsoleLauncher.execute(ConsoleLauncher.java:50)
	at org.junit.platform.console.ConsoleLauncher.execute(ConsoleLauncher.java:43)
	at org.junit.platform.console.ConsoleLauncher.main(ConsoleLauncher.java:37)
]]></failure>
<system-out><![CDATA[
unique-id: [engine:junit-jupiter]/[class:pilesimple.test.PileIntTest]/[test-template:testDepiler(pilesimple.PileInt)]/[test-template-invocation:#20]
display-name: [20] PileInt(3/5):[-234217948 -2036859372 0 ]
]]></system-out>
</testcase>
<testcase name="testGetSommet(PileInt)[1]" classname="pilesimple.test.PileIntTest" time="0">
<system-out><![CDATA[
unique-id: [engine:junit-jupiter]/[class:pilesimple.test.PileIntTest]/[test-template:testGetSommet(pilesimple.PileInt)]/[test-template-invocation:#1]
display-name: [1] PileInt(2/4):[338894473 -8872316 ]
]]></system-out>
</testcase>
<testcase name="testGetSommet(PileInt)[2]" classname="pilesimple.test.PileIntTest" time="0">
<system-out><![CDATA[
unique-id: [engine:junit-jupiter]/[class:pilesimple.test.PileIntTest]/[test-template:testGetSommet(pilesimple.PileInt)]/[test-template-invocation:#2]
display-name: [2] PileInt(6/10):[406853085 94227386 0 0 0 0 ]
]]></system-out>
</testcase>
<testcase name="testGetSommet(PileInt)[3]" classname="pilesimple.test.PileIntTest" time="0">
<system-out><![CDATA[
unique-id: [engine:junit-jupiter]/[class:pilesimple.test.PileIntTest]/[test-template:testGetSommet(pilesimple.PileInt)]/[test-template-invocation:#3]
display-name: [3] PileInt(13/21):[829174856 -560540630 1017069059 -1738412859 300209628 -188841458 -1827026023 -1500709070 -816936810 858109280 -776814606 -2070802362 -136406843 ]
]]></system-out>
</testcase>
<testcase name="testGetSommet(PileInt)[4]" classname="pilesimple.test.PileIntTest" time="0">
<system-out><![CDATA[
unique-id: [engine:junit-jupiter]/[class:pilesimple.test.PileIntTest]/[test-template:testGetSommet(pilesimple.PileInt)]/[test-template-invocation:#4]
display-name: [4] PileInt(11/24):[-1489436760 -263993310 1290897763 1717230542 -2064902060 0 0 0 0 0 0 ]
]]></system-out>
</testcase>
<testcase name="testGetSommet(PileInt)[5]" classname="pilesimple.test.PileIntTest" time="0">
<system-out><![CDATA[
unique-id: [engine:junit-jupiter]/[class:pilesimple.test.PileIntTest]/[test-template:testGetSommet(pilesimple.PileInt)]/[test-template-invocation:#5]
display-name: [5] PileInt(8/10):[637862618 -1510457637 2016118339 -24306896 1280740200 0 0 0 ]
]]></system-out>
</testcase>
<testcase name="testGetSommet(PileInt)[6]" classname="pilesimple.test.PileIntTest" time="0">
<system-out><![CDATA[
unique-id: [engine:junit-jupiter]/[class:pilesimple.test.PileIntTest]/[test-template:testGetSommet(pilesimple.PileInt)]/[test-template-invocation:#6]
display-name: [6] PileInt(12/15):[-374846588 1048478229 -920801997 -771279764 -1267021193 0 0 0 0 0 0 0 ]
]]></system-out>
</testcase>
<testcase name="testGetSommet(PileInt)[7]" classname="pilesimple.test.PileIntTest" time="0">
<system-out><![CDATA[
unique-id: [engine:junit-jupiter]/[class:pilesimple.test.PileIntTest]/[test-template:testGetSommet(pilesimple.PileInt)]/[test-template-invocation:#7]
display-name: [7] PileInt(9/20):[1428472226 -637821803 -706447001 1150321620 864544919 0 0 0 0 ]
]]></system-out>
</testcase>
<testcase name="testGetSommet(PileInt)[8]" classname="pilesimple.test.PileIntTest" time="0">
<system-out><![CDATA[
unique-id: [engine:junit-jupiter]/[class:pilesimple.test.PileIntTest]/[test-template:testGetSommet(pilesimple.PileInt)]/[test-template-invocation:#8]
display-name: [8] PileInt(27/28):[703876638 393883502 -735980280 1592594415 1442868874 0 0 0 0 0 0 0 0 0 0 0 0 0 0 0 0 0 0 0 0 0 0 ]
]]></system-out>
</testcase>
<testcase name="testGetSommet(PileInt)[9]" classname="pilesimple.test.PileIntTest" time="0">
<skipped><![CDATA[org.opentest4j.TestAbortedException: Assumption failed: assumption is not false
	at org.junit.jupiter.api.Assumptions.throwTestAbortedException(Assumptions.java:256)
	at org.junit.jupiter.api.Assumptions.assumeFalse(Assumptions.java:191)
	at org.junit.jupiter.api.Assumptions.assumeFalse(Assumptions.java:142)
	at pilesimple.test.PileIntTest.testGetSommet(PileIntTest.java:280)
	at java.base/jdk.internal.reflect.DirectMethodHandleAccessor.invoke(DirectMethodHandleAccessor.java:103)
	at java.base/java.lang.reflect.Method.invoke(Method.java:580)
	at org.junit.platform.commons.util.ReflectionUtils.invokeMethod(ReflectionUtils.java:688)
	at org.junit.jupiter.engine.execution.MethodInvocation.proceed(MethodInvocation.java:60)
	at org.junit.jupiter.engine.execution.InvocationInterceptorChain$ValidatingInvocation.proceed(InvocationInterceptorChain.java:131)
	at org.junit.jupiter.engine.extension.TimeoutExtension.intercept(TimeoutExtension.java:149)
	at org.junit.jupiter.engine.extension.TimeoutExtension.interceptTestableMethod(TimeoutExtension.java:140)
	at org.junit.jupiter.engine.extension.TimeoutExtension.interceptTestTemplateMethod(TimeoutExtension.java:92)
	at org.junit.jupiter.engine.execution.ExecutableInvoker$ReflectiveInterceptorCall.lambda$ofVoidMethod$0(ExecutableInvoker.java:115)
	at org.junit.jupiter.engine.execution.ExecutableInvoker.lambda$invoke$0(ExecutableInvoker.java:105)
	at org.junit.jupiter.engine.execution.InvocationInterceptorChain$InterceptedInvocation.proceed(InvocationInterceptorChain.java:106)
	at org.junit.jupiter.engine.execution.InvocationInterceptorChain.proceed(InvocationInterceptorChain.java:64)
	at org.junit.jupiter.engine.execution.InvocationInterceptorChain.chainAndInvoke(InvocationInterceptorChain.java:45)
	at org.junit.jupiter.engine.execution.InvocationInterceptorChain.invoke(InvocationInterceptorChain.java:37)
	at org.junit.jupiter.engine.execution.ExecutableInvoker.invoke(ExecutableInvoker.java:104)
	at org.junit.jupiter.engine.execution.ExecutableInvoker.invoke(ExecutableInvoker.java:98)
	at org.junit.jupiter.engine.descriptor.TestMethodTestDescriptor.lambda$invokeTestMethod$6(TestMethodTestDescriptor.java:210)
	at org.junit.platform.engine.support.hierarchical.ThrowableCollector.execute(ThrowableCollector.java:73)
	at org.junit.jupiter.engine.descriptor.TestMethodTestDescriptor.invokeTestMethod(TestMethodTestDescriptor.java:206)
	at org.junit.jupiter.engine.descriptor.TestMethodTestDescriptor.execute(TestMethodTestDescriptor.java:131)
	at org.junit.jupiter.engine.descriptor.TestMethodTestDescriptor.execute(TestMethodTestDescriptor.java:65)
	at org.junit.platform.engine.support.hierarchical.NodeTestTask.lambda$executeRecursively$5(NodeTestTask.java:139)
	at org.junit.platform.engine.support.hierarchical.ThrowableCollector.execute(ThrowableCollector.java:73)
	at org.junit.platform.engine.support.hierarchical.NodeTestTask.lambda$executeRecursively$7(NodeTestTask.java:129)
	at org.junit.platform.engine.support.hierarchical.Node.around(Node.java:137)
	at org.junit.platform.engine.support.hierarchical.NodeTestTask.lambda$executeRecursively$8(NodeTestTask.java:127)
	at org.junit.platform.engine.support.hierarchical.ThrowableCollector.execute(ThrowableCollector.java:73)
	at org.junit.platform.engine.support.hierarchical.NodeTestTask.executeRecursively(NodeTestTask.java:126)
	at org.junit.platform.engine.support.hierarchical.NodeTestTask.execute(NodeTestTask.java:84)
	at org.junit.platform.engine.support.hierarchical.SameThreadHierarchicalTestExecutorService.submit(SameThreadHierarchicalTestExecutorService.java:32)
	at org.junit.platform.engine.support.hierarchical.NodeTestTask$DefaultDynamicTestExecutor.execute(NodeTestTask.java:212)
	at org.junit.platform.engine.support.hierarchical.NodeTestTask$DefaultDynamicTestExecutor.execute(NodeTestTask.java:192)
	at org.junit.jupiter.engine.descriptor.TestTemplateTestDescriptor.execute(TestTemplateTestDescriptor.java:139)
	at org.junit.jupiter.engine.descriptor.TestTemplateTestDescriptor.lambda$execute$2(TestTemplateTestDescriptor.java:107)
	at java.base/java.util.stream.ForEachOps$ForEachOp$OfRef.accept(ForEachOps.java:184)
	at java.base/java.util.stream.ReferencePipeline$3$1.accept(ReferencePipeline.java:215)
	at java.base/java.util.stream.ReferencePipeline$2$1.accept(ReferencePipeline.java:197)
	at java.base/java.util.stream.ReferencePipeline$3$1.accept(ReferencePipeline.java:215)
	at java.base/java.util.stream.ForEachOps$ForEachOp$OfRef.accept(ForEachOps.java:184)
	at java.base/java.util.stream.ReferencePipeline$15$1.accept(ReferencePipeline.java:581)
	at java.base/java.util.stream.ReferencePipeline$3$1.accept(ReferencePipeline.java:215)
	at java.base/java.util.stream.ReferencePipeline$3$1.accept(ReferencePipeline.java:215)
	at java.base/java.util.stream.ReferencePipeline$3$1.accept(ReferencePipeline.java:215)
	at java.base/java.util.stream.ForEachOps$ForEachOp$OfRef.accept(ForEachOps.java:184)
	at java.base/java.util.stream.ReferencePipeline$3$1.accept(ReferencePipeline.java:215)
	at java.base/java.util.stream.ForEachOps$ForEachOp$OfRef.accept(ForEachOps.java:184)
	at java.base/java.util.stream.ReferencePipeline$3$1.accept(ReferencePipeline.java:215)
	at java.base/java.util.stream.ReferencePipeline$2$1.accept(ReferencePipeline.java:197)
	at java.base/java.util.ArrayList$ArrayListSpliterator.forEachRemaining(ArrayList.java:1709)
	at java.base/java.util.stream.AbstractPipeline.copyInto(AbstractPipeline.java:570)
	at java.base/java.util.stream.AbstractPipeline.wrapAndCopyInto(AbstractPipeline.java:560)
	at java.base/java.util.stream.ForEachOps$ForEachOp.evaluateSequential(ForEachOps.java:151)
	at java.base/java.util.stream.ForEachOps$ForEachOp$OfRef.evaluateSequential(ForEachOps.java:174)
	at java.base/java.util.stream.AbstractPipeline.evaluate(AbstractPipeline.java:265)
	at java.base/java.util.stream.ReferencePipeline.forEach(ReferencePipeline.java:636)
	at java.base/java.util.stream.ReferencePipeline$7$1FlatMap.accept(ReferencePipeline.java:294)
	at java.base/java.util.stream.ReferencePipeline$3$1.accept(ReferencePipeline.java:215)
	at java.base/java.util.stream.ReferencePipeline$3$1.accept(ReferencePipeline.java:215)
	at java.base/java.util.Spliterators$ArraySpliterator.forEachRemaining(Spliterators.java:1024)
	at java.base/java.util.stream.AbstractPipeline.copyInto(AbstractPipeline.java:570)
	at java.base/java.util.stream.AbstractPipeline.wrapAndCopyInto(AbstractPipeline.java:560)
	at java.base/java.util.stream.ForEachOps$ForEachOp.evaluateSequential(ForEachOps.java:151)
	at java.base/java.util.stream.ForEachOps$ForEachOp$OfRef.evaluateSequential(ForEachOps.java:174)
	at java.base/java.util.stream.AbstractPipeline.evaluate(AbstractPipeline.java:265)
	at java.base/java.util.stream.ReferencePipeline.forEach(ReferencePipeline.java:636)
	at java.base/java.util.stream.ReferencePipeline$7$1FlatMap.accept(ReferencePipeline.java:294)
	at java.base/java.util.stream.ReferencePipeline$3$1.accept(ReferencePipeline.java:215)
	at java.base/java.util.stream.ReferencePipeline$3$1.accept(ReferencePipeline.java:215)
	at java.base/java.util.stream.ReferencePipeline$3$1.accept(ReferencePipeline.java:215)
	at java.base/java.util.ArrayList$ArrayListSpliterator.forEachRemaining(ArrayList.java:1709)
	at java.base/java.util.stream.AbstractPipeline.copyInto(AbstractPipeline.java:570)
	at java.base/java.util.stream.AbstractPipeline.wrapAndCopyInto(AbstractPipeline.java:560)
	at java.base/java.util.stream.ForEachOps$ForEachOp.evaluateSequential(ForEachOps.java:151)
	at java.base/java.util.stream.ForEachOps$ForEachOp$OfRef.evaluateSequential(ForEachOps.java:174)
	at java.base/java.util.stream.AbstractPipeline.evaluate(AbstractPipeline.java:265)
	at java.base/java.util.stream.ReferencePipeline.forEach(ReferencePipeline.java:636)
	at java.base/java.util.stream.ReferencePipeline$7$1FlatMap.accept(ReferencePipeline.java:294)
	at java.base/java.util.ArrayList$ArrayListSpliterator.forEachRemaining(ArrayList.java:1709)
	at java.base/java.util.stream.AbstractPipeline.copyInto(AbstractPipeline.java:570)
	at java.base/java.util.stream.AbstractPipeline.wrapAndCopyInto(AbstractPipeline.java:560)
	at java.base/java.util.stream.ForEachOps$ForEachOp.evaluateSequential(ForEachOps.java:151)
	at java.base/java.util.stream.ForEachOps$ForEachOp$OfRef.evaluateSequential(ForEachOps.java:174)
	at java.base/java.util.stream.AbstractPipeline.evaluate(AbstractPipeline.java:265)
	at java.base/java.util.stream.ReferencePipeline.forEach(ReferencePipeline.java:636)
	at org.junit.jupiter.engine.descriptor.TestTemplateTestDescriptor.execute(TestTemplateTestDescriptor.java:107)
	at org.junit.jupiter.engine.descriptor.TestTemplateTestDescriptor.execute(TestTemplateTestDescriptor.java:42)
	at org.junit.platform.engine.support.hierarchical.NodeTestTask.lambda$executeRecursively$5(NodeTestTask.java:139)
	at org.junit.platform.engine.support.hierarchical.ThrowableCollector.execute(ThrowableCollector.java:73)
	at org.junit.platform.engine.support.hierarchical.NodeTestTask.lambda$executeRecursively$7(NodeTestTask.java:129)
	at org.junit.platform.engine.support.hierarchical.Node.around(Node.java:137)
	at org.junit.platform.engine.support.hierarchical.NodeTestTask.lambda$executeRecursively$8(NodeTestTask.java:127)
	at org.junit.platform.engine.support.hierarchical.ThrowableCollector.execute(ThrowableCollector.java:73)
	at org.junit.platform.engine.support.hierarchical.NodeTestTask.executeRecursively(NodeTestTask.java:126)
	at org.junit.platform.engine.support.hierarchical.NodeTestTask.execute(NodeTestTask.java:84)
	at java.base/java.util.ArrayList.forEach(ArrayList.java:1597)
	at org.junit.platform.engine.support.hierarchical.SameThreadHierarchicalTestExecutorService.invokeAll(SameThreadHierarchicalTestExecutorService.java:38)
	at org.junit.platform.engine.support.hierarchical.NodeTestTask.lambda$executeRecursively$5(NodeTestTask.java:143)
	at org.junit.platform.engine.support.hierarchical.ThrowableCollector.execute(ThrowableCollector.java:73)
	at org.junit.platform.engine.support.hierarchical.NodeTestTask.lambda$executeRecursively$7(NodeTestTask.java:129)
	at org.junit.platform.engine.support.hierarchical.Node.around(Node.java:137)
	at org.junit.platform.engine.support.hierarchical.NodeTestTask.lambda$executeRecursively$8(NodeTestTask.java:127)
	at org.junit.platform.engine.support.hierarchical.ThrowableCollector.execute(ThrowableCollector.java:73)
	at org.junit.platform.engine.support.hierarchical.NodeTestTask.executeRecursively(NodeTestTask.java:126)
	at org.junit.platform.engine.support.hierarchical.NodeTestTask.execute(NodeTestTask.java:84)
	at java.base/java.util.ArrayList.forEach(ArrayList.java:1597)
	at org.junit.platform.engine.support.hierarchical.SameThreadHierarchicalTestExecutorService.invokeAll(SameThreadHierarchicalTestExecutorService.java:38)
	at org.junit.platform.engine.support.hierarchical.NodeTestTask.lambda$executeRecursively$5(NodeTestTask.java:143)
	at org.junit.platform.engine.support.hierarchical.ThrowableCollector.execute(ThrowableCollector.java:73)
	at org.junit.platform.engine.support.hierarchical.NodeTestTask.lambda$executeRecursively$7(NodeTestTask.java:129)
	at org.junit.platform.engine.support.hierarchical.Node.around(Node.java:137)
	at org.junit.platform.engine.support.hierarchical.NodeTestTask.lambda$executeRecursively$8(NodeTestTask.java:127)
	at org.junit.platform.engine.support.hierarchical.ThrowableCollector.execute(ThrowableCollector.java:73)
	at org.junit.platform.engine.support.hierarchical.NodeTestTask.executeRecursively(NodeTestTask.java:126)
	at org.junit.platform.engine.support.hierarchical.NodeTestTask.execute(NodeTestTask.java:84)
	at org.junit.platform.engine.support.hierarchical.SameThreadHierarchicalTestExecutorService.submit(SameThreadHierarchicalTestExecutorService.java:32)
	at org.junit.platform.engine.support.hierarchical.HierarchicalTestExecutor.execute(HierarchicalTestExecutor.java:57)
	at org.junit.platform.engine.support.hierarchical.HierarchicalTestEngine.execute(HierarchicalTestEngine.java:51)
	at org.junit.platform.launcher.core.EngineExecutionOrchestrator.execute(EngineExecutionOrchestrator.java:108)
	at org.junit.platform.launcher.core.EngineExecutionOrchestrator.execute(EngineExecutionOrchestrator.java:88)
	at org.junit.platform.launcher.core.EngineExecutionOrchestrator.lambda$execute$0(EngineExecutionOrchestrator.java:54)
	at org.junit.platform.launcher.core.EngineExecutionOrchestrator.withInterceptedStreams(EngineExecutionOrchestrator.java:67)
	at org.junit.platform.launcher.core.EngineExecutionOrchestrator.execute(EngineExecutionOrchestrator.java:52)
	at org.junit.platform.launcher.core.DefaultLauncher.execute(DefaultLauncher.java:96)
	at org.junit.platform.launcher.core.DefaultLauncher.execute(DefaultLauncher.java:75)
	at org.junit.platform.console.tasks.ConsoleTestExecutor.executeTests(ConsoleTestExecutor.java:66)
	at org.junit.platform.console.tasks.ConsoleTestExecutor.lambda$execute$0(ConsoleTestExecutor.java:58)
	at org.junit.platform.console.tasks.CustomContextClassLoaderExecutor.replaceThreadContextClassLoaderAndInvoke(CustomContextClassLoaderExecutor.java:41)
	at org.junit.platform.console.tasks.CustomContextClassLoaderExecutor.invoke(CustomContextClassLoaderExecutor.java:31)
	at org.junit.platform.console.tasks.ConsoleTestExecutor.execute(ConsoleTestExecutor.java:58)
	at org.junit.platform.console.ConsoleLauncher.executeTests(ConsoleLauncher.java:95)
	at org.junit.platform.console.ConsoleLauncher.execute(ConsoleLauncher.java:73)
	at org.junit.platform.console.ConsoleLauncher.execute(ConsoleLauncher.java:50)
	at org.junit.platform.console.ConsoleLauncher.execute(ConsoleLauncher.java:43)
	at org.junit.platform.console.ConsoleLauncher.main(ConsoleLauncher.java:37)
]]></skipped>
<system-out><![CDATA[
unique-id: [engine:junit-jupiter]/[class:pilesimple.test.PileIntTest]/[test-template:testGetSommet(pilesimple.PileInt)]/[test-template-invocation:#9]
display-name: [9] PileInt(0/6):[]
]]></system-out>
</testcase>
<testcase name="testGetSommet(PileInt)[10]" classname="pilesimple.test.PileIntTest" time="0">
<system-out><![CDATA[
unique-id: [engine:junit-jupiter]/[class:pilesimple.test.PileIntTest]/[test-template:testGetSommet(pilesimple.PileInt)]/[test-template-invocation:#10]
display-name: [10] PileInt(1/25):[-705429044 ]
]]></system-out>
</testcase>
<testcase name="testGetSommet(PileInt)[11]" classname="pilesimple.test.PileIntTest" time="0">
<system-out><![CDATA[
unique-id: [engine:junit-jupiter]/[class:pilesimple.test.PileIntTest]/[test-template:testGetSommet(pilesimple.PileInt)]/[test-template-invocation:#11]
display-name: [11] PileInt(5/8):[1210489329 -1943355528 2110550009 303126429 0 ]
]]></system-out>
</testcase>
<testcase name="testGetSommet(PileInt)[12]" classname="pilesimple.test.PileIntTest" time="0">
<system-out><![CDATA[
unique-id: [engine:junit-jupiter]/[class:pilesimple.test.PileIntTest]/[test-template:testGetSommet(pilesimple.PileInt)]/[test-template-invocation:#12]
display-name: [12] PileInt(16/25):[1076106784 1001106160 0 0 0 0 0 0 0 0 0 0 0 0 0 0 ]
]]></system-out>
</testcase>
<testcase name="testGetSommet(PileInt)[13]" classname="pilesimple.test.PileIntTest" time="0">
<skipped><![CDATA[org.opentest4j.TestAbortedException: Assumption failed: assumption is not false
	at org.junit.jupiter.api.Assumptions.throwTestAbortedException(Assumptions.java:256)
	at org.junit.jupiter.api.Assumptions.assumeFalse(Assumptions.java:191)
	at org.junit.jupiter.api.Assumptions.assumeFalse(Assumptions.java:142)
	at pilesimple.test.PileIntTest.testGetSommet(PileIntTest.java:280)
	at java.base/jdk.internal.reflect.DirectMethodHandleAccessor.invoke(DirectMethodHandleAccessor.java:103)
	at java.base/java.lang.reflect.Method.invoke(Method.java:580)
	at org.junit.platform.commons.util.ReflectionUtils.invokeMethod(ReflectionUtils.java:688)
	at org.junit.jupiter.engine.execution.MethodInvocation.proceed(MethodInvocation.java:60)
	at org.junit.jupiter.engine.execution.InvocationInterceptorChain$ValidatingInvocation.proceed(InvocationInterceptorChain.java:131)
	at org.junit.jupiter.engine.extension.TimeoutExtension.intercept(TimeoutExtension.java:149)
	at org.junit.jupiter.engine.extension.TimeoutExtension.interceptTestableMethod(TimeoutExtension.java:140)
	at org.junit.jupiter.engine.extension.TimeoutExtension.interceptTestTemplateMethod(TimeoutExtension.java:92)
	at org.junit.jupiter.engine.execution.ExecutableInvoker$ReflectiveInterceptorCall.lambda$ofVoidMethod$0(ExecutableInvoker.java:115)
	at org.junit.jupiter.engine.execution.ExecutableInvoker.lambda$invoke$0(ExecutableInvoker.java:105)
	at org.junit.jupiter.engine.execution.InvocationInterceptorChain$InterceptedInvocation.proceed(InvocationInterceptorChain.java:106)
	at org.junit.jupiter.engine.execution.InvocationInterceptorChain.proceed(InvocationInterceptorChain.java:64)
	at org.junit.jupiter.engine.execution.InvocationInterceptorChain.chainAndInvoke(InvocationInterceptorChain.java:45)
	at org.junit.jupiter.engine.execution.InvocationInterceptorChain.invoke(InvocationInterceptorChain.java:37)
	at org.junit.jupiter.engine.execution.ExecutableInvoker.invoke(ExecutableInvoker.java:104)
	at org.junit.jupiter.engine.execution.ExecutableInvoker.invoke(ExecutableInvoker.java:98)
	at org.junit.jupiter.engine.descriptor.TestMethodTestDescriptor.lambda$invokeTestMethod$6(TestMethodTestDescriptor.java:210)
	at org.junit.platform.engine.support.hierarchical.ThrowableCollector.execute(ThrowableCollector.java:73)
	at org.junit.jupiter.engine.descriptor.TestMethodTestDescriptor.invokeTestMethod(TestMethodTestDescriptor.java:206)
	at org.junit.jupiter.engine.descriptor.TestMethodTestDescriptor.execute(TestMethodTestDescriptor.java:131)
	at org.junit.jupiter.engine.descriptor.TestMethodTestDescriptor.execute(TestMethodTestDescriptor.java:65)
	at org.junit.platform.engine.support.hierarchical.NodeTestTask.lambda$executeRecursively$5(NodeTestTask.java:139)
	at org.junit.platform.engine.support.hierarchical.ThrowableCollector.execute(ThrowableCollector.java:73)
	at org.junit.platform.engine.support.hierarchical.NodeTestTask.lambda$executeRecursively$7(NodeTestTask.java:129)
	at org.junit.platform.engine.support.hierarchical.Node.around(Node.java:137)
	at org.junit.platform.engine.support.hierarchical.NodeTestTask.lambda$executeRecursively$8(NodeTestTask.java:127)
	at org.junit.platform.engine.support.hierarchical.ThrowableCollector.execute(ThrowableCollector.java:73)
	at org.junit.platform.engine.support.hierarchical.NodeTestTask.executeRecursively(NodeTestTask.java:126)
	at org.junit.platform.engine.support.hierarchical.NodeTestTask.execute(NodeTestTask.java:84)
	at org.junit.platform.engine.support.hierarchical.SameThreadHierarchicalTestExecutorService.submit(SameThreadHierarchicalTestExecutorService.java:32)
	at org.junit.platform.engine.support.hierarchical.NodeTestTask$DefaultDynamicTestExecutor.execute(NodeTestTask.java:212)
	at org.junit.platform.engine.support.hierarchical.NodeTestTask$DefaultDynamicTestExecutor.execute(NodeTestTask.java:192)
	at org.junit.jupiter.engine.descriptor.TestTemplateTestDescriptor.execute(TestTemplateTestDescriptor.java:139)
	at org.junit.jupiter.engine.descriptor.TestTemplateTestDescriptor.lambda$execute$2(TestTemplateTestDescriptor.java:107)
	at java.base/java.util.stream.ForEachOps$ForEachOp$OfRef.accept(ForEachOps.java:184)
	at java.base/java.util.stream.ReferencePipeline$3$1.accept(ReferencePipeline.java:215)
	at java.base/java.util.stream.ReferencePipeline$2$1.accept(ReferencePipeline.java:197)
	at java.base/java.util.stream.ReferencePipeline$3$1.accept(ReferencePipeline.java:215)
	at java.base/java.util.stream.ForEachOps$ForEachOp$OfRef.accept(ForEachOps.java:184)
	at java.base/java.util.stream.ReferencePipeline$15$1.accept(ReferencePipeline.java:581)
	at java.base/java.util.stream.ReferencePipeline$3$1.accept(ReferencePipeline.java:215)
	at java.base/java.util.stream.ReferencePipeline$3$1.accept(ReferencePipeline.java:215)
	at java.base/java.util.stream.ReferencePipeline$3$1.accept(ReferencePipeline.java:215)
	at java.base/java.util.stream.ForEachOps$ForEachOp$OfRef.accept(ForEachOps.java:184)
	at java.base/java.util.stream.ReferencePipeline$3$1.accept(ReferencePipeline.java:215)
	at java.base/java.util.stream.ForEachOps$ForEachOp$OfRef.accept(ForEachOps.java:184)
	at java.base/java.util.stream.ReferencePipeline$3$1.accept(ReferencePipeline.java:215)
	at java.base/java.util.stream.ReferencePipeline$2$1.accept(ReferencePipeline.java:197)
	at java.base/java.util.ArrayList$ArrayListSpliterator.forEachRemaining(ArrayList.java:1709)
	at java.base/java.util.stream.AbstractPipeline.copyInto(AbstractPipeline.java:570)
	at java.base/java.util.stream.AbstractPipeline.wrapAndCopyInto(AbstractPipeline.java:560)
	at java.base/java.util.stream.ForEachOps$ForEachOp.evaluateSequential(ForEachOps.java:151)
	at java.base/java.util.stream.ForEachOps$ForEachOp$OfRef.evaluateSequential(ForEachOps.java:174)
	at java.base/java.util.stream.AbstractPipeline.evaluate(AbstractPipeline.java:265)
	at java.base/java.util.stream.ReferencePipeline.forEach(ReferencePipeline.java:636)
	at java.base/java.util.stream.ReferencePipeline$7$1FlatMap.accept(ReferencePipeline.java:294)
	at java.base/java.util.stream.ReferencePipeline$3$1.accept(ReferencePipeline.java:215)
	at java.base/java.util.stream.ReferencePipeline$3$1.accept(ReferencePipeline.java:215)
	at java.base/java.util.Spliterators$ArraySpliterator.forEachRemaining(Spliterators.java:1024)
	at java.base/java.util.stream.AbstractPipeline.copyInto(AbstractPipeline.java:570)
	at java.base/java.util.stream.AbstractPipeline.wrapAndCopyInto(AbstractPipeline.java:560)
	at java.base/java.util.stream.ForEachOps$ForEachOp.evaluateSequential(ForEachOps.java:151)
	at java.base/java.util.stream.ForEachOps$ForEachOp$OfRef.evaluateSequential(ForEachOps.java:174)
	at java.base/java.util.stream.AbstractPipeline.evaluate(AbstractPipeline.java:265)
	at java.base/java.util.stream.ReferencePipeline.forEach(ReferencePipeline.java:636)
	at java.base/java.util.stream.ReferencePipeline$7$1FlatMap.accept(ReferencePipeline.java:294)
	at java.base/java.util.stream.ReferencePipeline$3$1.accept(ReferencePipeline.java:215)
	at java.base/java.util.stream.ReferencePipeline$3$1.accept(ReferencePipeline.java:215)
	at java.base/java.util.stream.ReferencePipeline$3$1.accept(ReferencePipeline.java:215)
	at java.base/java.util.ArrayList$ArrayListSpliterator.forEachRemaining(ArrayList.java:1709)
	at java.base/java.util.stream.AbstractPipeline.copyInto(AbstractPipeline.java:570)
	at java.base/java.util.stream.AbstractPipeline.wrapAndCopyInto(AbstractPipeline.java:560)
	at java.base/java.util.stream.ForEachOps$ForEachOp.evaluateSequential(ForEachOps.java:151)
	at java.base/java.util.stream.ForEachOps$ForEachOp$OfRef.evaluateSequential(ForEachOps.java:174)
	at java.base/java.util.stream.AbstractPipeline.evaluate(AbstractPipeline.java:265)
	at java.base/java.util.stream.ReferencePipeline.forEach(ReferencePipeline.java:636)
	at java.base/java.util.stream.ReferencePipeline$7$1FlatMap.accept(ReferencePipeline.java:294)
	at java.base/java.util.ArrayList$ArrayListSpliterator.forEachRemaining(ArrayList.java:1709)
	at java.base/java.util.stream.AbstractPipeline.copyInto(AbstractPipeline.java:570)
	at java.base/java.util.stream.AbstractPipeline.wrapAndCopyInto(AbstractPipeline.java:560)
	at java.base/java.util.stream.ForEachOps$ForEachOp.evaluateSequential(ForEachOps.java:151)
	at java.base/java.util.stream.ForEachOps$ForEachOp$OfRef.evaluateSequential(ForEachOps.java:174)
	at java.base/java.util.stream.AbstractPipeline.evaluate(AbstractPipeline.java:265)
	at java.base/java.util.stream.ReferencePipeline.forEach(ReferencePipeline.java:636)
	at org.junit.jupiter.engine.descriptor.TestTemplateTestDescriptor.execute(TestTemplateTestDescriptor.java:107)
	at org.junit.jupiter.engine.descriptor.TestTemplateTestDescriptor.execute(TestTemplateTestDescriptor.java:42)
	at org.junit.platform.engine.support.hierarchical.NodeTestTask.lambda$executeRecursively$5(NodeTestTask.java:139)
	at org.junit.platform.engine.support.hierarchical.ThrowableCollector.execute(ThrowableCollector.java:73)
	at org.junit.platform.engine.support.hierarchical.NodeTestTask.lambda$executeRecursively$7(NodeTestTask.java:129)
	at org.junit.platform.engine.support.hierarchical.Node.around(Node.java:137)
	at org.junit.platform.engine.support.hierarchical.NodeTestTask.lambda$executeRecursively$8(NodeTestTask.java:127)
	at org.junit.platform.engine.support.hierarchical.ThrowableCollector.execute(ThrowableCollector.java:73)
	at org.junit.platform.engine.support.hierarchical.NodeTestTask.executeRecursively(NodeTestTask.java:126)
	at org.junit.platform.engine.support.hierarchical.NodeTestTask.execute(NodeTestTask.java:84)
	at java.base/java.util.ArrayList.forEach(ArrayList.java:1597)
	at org.junit.platform.engine.support.hierarchical.SameThreadHierarchicalTestExecutorService.invokeAll(SameThreadHierarchicalTestExecutorService.java:38)
	at org.junit.platform.engine.support.hierarchical.NodeTestTask.lambda$executeRecursively$5(NodeTestTask.java:143)
	at org.junit.platform.engine.support.hierarchical.ThrowableCollector.execute(ThrowableCollector.java:73)
	at org.junit.platform.engine.support.hierarchical.NodeTestTask.lambda$executeRecursively$7(NodeTestTask.java:129)
	at org.junit.platform.engine.support.hierarchical.Node.around(Node.java:137)
	at org.junit.platform.engine.support.hierarchical.NodeTestTask.lambda$executeRecursively$8(NodeTestTask.java:127)
	at org.junit.platform.engine.support.hierarchical.ThrowableCollector.execute(ThrowableCollector.java:73)
	at org.junit.platform.engine.support.hierarchical.NodeTestTask.executeRecursively(NodeTestTask.java:126)
	at org.junit.platform.engine.support.hierarchical.NodeTestTask.execute(NodeTestTask.java:84)
	at java.base/java.util.ArrayList.forEach(ArrayList.java:1597)
	at org.junit.platform.engine.support.hierarchical.SameThreadHierarchicalTestExecutorService.invokeAll(SameThreadHierarchicalTestExecutorService.java:38)
	at org.junit.platform.engine.support.hierarchical.NodeTestTask.lambda$executeRecursively$5(NodeTestTask.java:143)
	at org.junit.platform.engine.support.hierarchical.ThrowableCollector.execute(ThrowableCollector.java:73)
	at org.junit.platform.engine.support.hierarchical.NodeTestTask.lambda$executeRecursively$7(NodeTestTask.java:129)
	at org.junit.platform.engine.support.hierarchical.Node.around(Node.java:137)
	at org.junit.platform.engine.support.hierarchical.NodeTestTask.lambda$executeRecursively$8(NodeTestTask.java:127)
	at org.junit.platform.engine.support.hierarchical.ThrowableCollector.execute(ThrowableCollector.java:73)
	at org.junit.platform.engine.support.hierarchical.NodeTestTask.executeRecursively(NodeTestTask.java:126)
	at org.junit.platform.engine.support.hierarchical.NodeTestTask.execute(NodeTestTask.java:84)
	at org.junit.platform.engine.support.hierarchical.SameThreadHierarchicalTestExecutorService.submit(SameThreadHierarchicalTestExecutorService.java:32)
	at org.junit.platform.engine.support.hierarchical.HierarchicalTestExecutor.execute(HierarchicalTestExecutor.java:57)
	at org.junit.platform.engine.support.hierarchical.HierarchicalTestEngine.execute(HierarchicalTestEngine.java:51)
	at org.junit.platform.launcher.core.EngineExecutionOrchestrator.execute(EngineExecutionOrchestrator.java:108)
	at org.junit.platform.launcher.core.EngineExecutionOrchestrator.execute(EngineExecutionOrchestrator.java:88)
	at org.junit.platform.launcher.core.EngineExecutionOrchestrator.lambda$execute$0(EngineExecutionOrchestrator.java:54)
	at org.junit.platform.launcher.core.EngineExecutionOrchestrator.withInterceptedStreams(EngineExecutionOrchestrator.java:67)
	at org.junit.platform.launcher.core.EngineExecutionOrchestrator.execute(EngineExecutionOrchestrator.java:52)
	at org.junit.platform.launcher.core.DefaultLauncher.execute(DefaultLauncher.java:96)
	at org.junit.platform.launcher.core.DefaultLauncher.execute(DefaultLauncher.java:75)
	at org.junit.platform.console.tasks.ConsoleTestExecutor.executeTests(ConsoleTestExecutor.java:66)
	at org.junit.platform.console.tasks.ConsoleTestExecutor.lambda$execute$0(ConsoleTestExecutor.java:58)
	at org.junit.platform.console.tasks.CustomContextClassLoaderExecutor.replaceThreadContextClassLoaderAndInvoke(CustomContextClassLoaderExecutor.java:41)
	at org.junit.platform.console.tasks.CustomContextClassLoaderExecutor.invoke(CustomContextClassLoaderExecutor.java:31)
	at org.junit.platform.console.tasks.ConsoleTestExecutor.execute(ConsoleTestExecutor.java:58)
	at org.junit.platform.console.ConsoleLauncher.executeTests(ConsoleLauncher.java:95)
	at org.junit.platform.console.ConsoleLauncher.execute(ConsoleLauncher.java:73)
	at org.junit.platform.console.ConsoleLauncher.execute(ConsoleLauncher.java:50)
	at org.junit.platform.console.ConsoleLauncher.execute(ConsoleLauncher.java:43)
	at org.junit.platform.console.ConsoleLauncher.main(ConsoleLauncher.java:37)
]]></skipped>
<system-out><![CDATA[
unique-id: [engine:junit-jupiter]/[class:pilesimple.test.PileIntTest]/[test-template:testGetSommet(pilesimple.PileInt)]/[test-template-invocation:#13]
display-name: [13] PileInt(0/20):[]
]]></system-out>
</testcase>
<testcase name="testGetSommet(PileInt)[14]" classname="pilesimple.test.PileIntTest" time="0">
<skipped><![CDATA[org.opentest4j.TestAbortedException: Assumption failed: assumption is not false
	at org.junit.jupiter.api.Assumptions.throwTestAbortedException(Assumptions.java:256)
	at org.junit.jupiter.api.Assumptions.assumeFalse(Assumptions.java:191)
	at org.junit.jupiter.api.Assumptions.assumeFalse(Assumptions.java:142)
	at pilesimple.test.PileIntTest.testGetSommet(PileIntTest.java:280)
	at java.base/jdk.internal.reflect.DirectMethodHandleAccessor.invoke(DirectMethodHandleAccessor.java:103)
	at java.base/java.lang.reflect.Method.invoke(Method.java:580)
	at org.junit.platform.commons.util.ReflectionUtils.invokeMethod(ReflectionUtils.java:688)
	at org.junit.jupiter.engine.execution.MethodInvocation.proceed(MethodInvocation.java:60)
	at org.junit.jupiter.engine.execution.InvocationInterceptorChain$ValidatingInvocation.proceed(InvocationInterceptorChain.java:131)
	at org.junit.jupiter.engine.extension.TimeoutExtension.intercept(TimeoutExtension.java:149)
	at org.junit.jupiter.engine.extension.TimeoutExtension.interceptTestableMethod(TimeoutExtension.java:140)
	at org.junit.jupiter.engine.extension.TimeoutExtension.interceptTestTemplateMethod(TimeoutExtension.java:92)
	at org.junit.jupiter.engine.execution.ExecutableInvoker$ReflectiveInterceptorCall.lambda$ofVoidMethod$0(ExecutableInvoker.java:115)
	at org.junit.jupiter.engine.execution.ExecutableInvoker.lambda$invoke$0(ExecutableInvoker.java:105)
	at org.junit.jupiter.engine.execution.InvocationInterceptorChain$InterceptedInvocation.proceed(InvocationInterceptorChain.java:106)
	at org.junit.jupiter.engine.execution.InvocationInterceptorChain.proceed(InvocationInterceptorChain.java:64)
	at org.junit.jupiter.engine.execution.InvocationInterceptorChain.chainAndInvoke(InvocationInterceptorChain.java:45)
	at org.junit.jupiter.engine.execution.InvocationInterceptorChain.invoke(InvocationInterceptorChain.java:37)
	at org.junit.jupiter.engine.execution.ExecutableInvoker.invoke(ExecutableInvoker.java:104)
	at org.junit.jupiter.engine.execution.ExecutableInvoker.invoke(ExecutableInvoker.java:98)
	at org.junit.jupiter.engine.descriptor.TestMethodTestDescriptor.lambda$invokeTestMethod$6(TestMethodTestDescriptor.java:210)
	at org.junit.platform.engine.support.hierarchical.ThrowableCollector.execute(ThrowableCollector.java:73)
	at org.junit.jupiter.engine.descriptor.TestMethodTestDescriptor.invokeTestMethod(TestMethodTestDescriptor.java:206)
	at org.junit.jupiter.engine.descriptor.TestMethodTestDescriptor.execute(TestMethodTestDescriptor.java:131)
	at org.junit.jupiter.engine.descriptor.TestMethodTestDescriptor.execute(TestMethodTestDescriptor.java:65)
	at org.junit.platform.engine.support.hierarchical.NodeTestTask.lambda$executeRecursively$5(NodeTestTask.java:139)
	at org.junit.platform.engine.support.hierarchical.ThrowableCollector.execute(ThrowableCollector.java:73)
	at org.junit.platform.engine.support.hierarchical.NodeTestTask.lambda$executeRecursively$7(NodeTestTask.java:129)
	at org.junit.platform.engine.support.hierarchical.Node.around(Node.java:137)
	at org.junit.platform.engine.support.hierarchical.NodeTestTask.lambda$executeRecursively$8(NodeTestTask.java:127)
	at org.junit.platform.engine.support.hierarchical.ThrowableCollector.execute(ThrowableCollector.java:73)
	at org.junit.platform.engine.support.hierarchical.NodeTestTask.executeRecursively(NodeTestTask.java:126)
	at org.junit.platform.engine.support.hierarchical.NodeTestTask.execute(NodeTestTask.java:84)
	at org.junit.platform.engine.support.hierarchical.SameThreadHierarchicalTestExecutorService.submit(SameThreadHierarchicalTestExecutorService.java:32)
	at org.junit.platform.engine.support.hierarchical.NodeTestTask$DefaultDynamicTestExecutor.execute(NodeTestTask.java:212)
	at org.junit.platform.engine.support.hierarchical.NodeTestTask$DefaultDynamicTestExecutor.execute(NodeTestTask.java:192)
	at org.junit.jupiter.engine.descriptor.TestTemplateTestDescriptor.execute(TestTemplateTestDescriptor.java:139)
	at org.junit.jupiter.engine.descriptor.TestTemplateTestDescriptor.lambda$execute$2(TestTemplateTestDescriptor.java:107)
	at java.base/java.util.stream.ForEachOps$ForEachOp$OfRef.accept(ForEachOps.java:184)
	at java.base/java.util.stream.ReferencePipeline$3$1.accept(ReferencePipeline.java:215)
	at java.base/java.util.stream.ReferencePipeline$2$1.accept(ReferencePipeline.java:197)
	at java.base/java.util.stream.ReferencePipeline$3$1.accept(ReferencePipeline.java:215)
	at java.base/java.util.stream.ForEachOps$ForEachOp$OfRef.accept(ForEachOps.java:184)
	at java.base/java.util.stream.ReferencePipeline$15$1.accept(ReferencePipeline.java:581)
	at java.base/java.util.stream.ReferencePipeline$3$1.accept(ReferencePipeline.java:215)
	at java.base/java.util.stream.ReferencePipeline$3$1.accept(ReferencePipeline.java:215)
	at java.base/java.util.stream.ReferencePipeline$3$1.accept(ReferencePipeline.java:215)
	at java.base/java.util.stream.ForEachOps$ForEachOp$OfRef.accept(ForEachOps.java:184)
	at java.base/java.util.stream.ReferencePipeline$3$1.accept(ReferencePipeline.java:215)
	at java.base/java.util.stream.ForEachOps$ForEachOp$OfRef.accept(ForEachOps.java:184)
	at java.base/java.util.stream.ReferencePipeline$3$1.accept(ReferencePipeline.java:215)
	at java.base/java.util.stream.ReferencePipeline$2$1.accept(ReferencePipeline.java:197)
	at java.base/java.util.ArrayList$ArrayListSpliterator.forEachRemaining(ArrayList.java:1709)
	at java.base/java.util.stream.AbstractPipeline.copyInto(AbstractPipeline.java:570)
	at java.base/java.util.stream.AbstractPipeline.wrapAndCopyInto(AbstractPipeline.java:560)
	at java.base/java.util.stream.ForEachOps$ForEachOp.evaluateSequential(ForEachOps.java:151)
	at java.base/java.util.stream.ForEachOps$ForEachOp$OfRef.evaluateSequential(ForEachOps.java:174)
	at java.base/java.util.stream.AbstractPipeline.evaluate(AbstractPipeline.java:265)
	at java.base/java.util.stream.ReferencePipeline.forEach(ReferencePipeline.java:636)
	at java.base/java.util.stream.ReferencePipeline$7$1FlatMap.accept(ReferencePipeline.java:294)
	at java.base/java.util.stream.ReferencePipeline$3$1.accept(ReferencePipeline.java:215)
	at java.base/java.util.stream.ReferencePipeline$3$1.accept(ReferencePipeline.java:215)
	at java.base/java.util.Spliterators$ArraySpliterator.forEachRemaining(Spliterators.java:1024)
	at java.base/java.util.stream.AbstractPipeline.copyInto(AbstractPipeline.java:570)
	at java.base/java.util.stream.AbstractPipeline.wrapAndCopyInto(AbstractPipeline.java:560)
	at java.base/java.util.stream.ForEachOps$ForEachOp.evaluateSequential(ForEachOps.java:151)
	at java.base/java.util.stream.ForEachOps$ForEachOp$OfRef.evaluateSequential(ForEachOps.java:174)
	at java.base/java.util.stream.AbstractPipeline.evaluate(AbstractPipeline.java:265)
	at java.base/java.util.stream.ReferencePipeline.forEach(ReferencePipeline.java:636)
	at java.base/java.util.stream.ReferencePipeline$7$1FlatMap.accept(ReferencePipeline.java:294)
	at java.base/java.util.stream.ReferencePipeline$3$1.accept(ReferencePipeline.java:215)
	at java.base/java.util.stream.ReferencePipeline$3$1.accept(ReferencePipeline.java:215)
	at java.base/java.util.stream.ReferencePipeline$3$1.accept(ReferencePipeline.java:215)
	at java.base/java.util.ArrayList$ArrayListSpliterator.forEachRemaining(ArrayList.java:1709)
	at java.base/java.util.stream.AbstractPipeline.copyInto(AbstractPipeline.java:570)
	at java.base/java.util.stream.AbstractPipeline.wrapAndCopyInto(AbstractPipeline.java:560)
	at java.base/java.util.stream.ForEachOps$ForEachOp.evaluateSequential(ForEachOps.java:151)
	at java.base/java.util.stream.ForEachOps$ForEachOp$OfRef.evaluateSequential(ForEachOps.java:174)
	at java.base/java.util.stream.AbstractPipeline.evaluate(AbstractPipeline.java:265)
	at java.base/java.util.stream.ReferencePipeline.forEach(ReferencePipeline.java:636)
	at java.base/java.util.stream.ReferencePipeline$7$1FlatMap.accept(ReferencePipeline.java:294)
	at java.base/java.util.ArrayList$ArrayListSpliterator.forEachRemaining(ArrayList.java:1709)
	at java.base/java.util.stream.AbstractPipeline.copyInto(AbstractPipeline.java:570)
	at java.base/java.util.stream.AbstractPipeline.wrapAndCopyInto(AbstractPipeline.java:560)
	at java.base/java.util.stream.ForEachOps$ForEachOp.evaluateSequential(ForEachOps.java:151)
	at java.base/java.util.stream.ForEachOps$ForEachOp$OfRef.evaluateSequential(ForEachOps.java:174)
	at java.base/java.util.stream.AbstractPipeline.evaluate(AbstractPipeline.java:265)
	at java.base/java.util.stream.ReferencePipeline.forEach(ReferencePipeline.java:636)
	at org.junit.jupiter.engine.descriptor.TestTemplateTestDescriptor.execute(TestTemplateTestDescriptor.java:107)
	at org.junit.jupiter.engine.descriptor.TestTemplateTestDescriptor.execute(TestTemplateTestDescriptor.java:42)
	at org.junit.platform.engine.support.hierarchical.NodeTestTask.lambda$executeRecursively$5(NodeTestTask.java:139)
	at org.junit.platform.engine.support.hierarchical.ThrowableCollector.execute(ThrowableCollector.java:73)
	at org.junit.platform.engine.support.hierarchical.NodeTestTask.lambda$executeRecursively$7(NodeTestTask.java:129)
	at org.junit.platform.engine.support.hierarchical.Node.around(Node.java:137)
	at org.junit.platform.engine.support.hierarchical.NodeTestTask.lambda$executeRecursively$8(NodeTestTask.java:127)
	at org.junit.platform.engine.support.hierarchical.ThrowableCollector.execute(ThrowableCollector.java:73)
	at org.junit.platform.engine.support.hierarchical.NodeTestTask.executeRecursively(NodeTestTask.java:126)
	at org.junit.platform.engine.support.hierarchical.NodeTestTask.execute(NodeTestTask.java:84)
	at java.base/java.util.ArrayList.forEach(ArrayList.java:1597)
	at org.junit.platform.engine.support.hierarchical.SameThreadHierarchicalTestExecutorService.invokeAll(SameThreadHierarchicalTestExecutorService.java:38)
	at org.junit.platform.engine.support.hierarchical.NodeTestTask.lambda$executeRecursively$5(NodeTestTask.java:143)
	at org.junit.platform.engine.support.hierarchical.ThrowableCollector.execute(ThrowableCollector.java:73)
	at org.junit.platform.engine.support.hierarchical.NodeTestTask.lambda$executeRecursively$7(NodeTestTask.java:129)
	at org.junit.platform.engine.support.hierarchical.Node.around(Node.java:137)
	at org.junit.platform.engine.support.hierarchical.NodeTestTask.lambda$executeRecursively$8(NodeTestTask.java:127)
	at org.junit.platform.engine.support.hierarchical.ThrowableCollector.execute(ThrowableCollector.java:73)
	at org.junit.platform.engine.support.hierarchical.NodeTestTask.executeRecursively(NodeTestTask.java:126)
	at org.junit.platform.engine.support.hierarchical.NodeTestTask.execute(NodeTestTask.java:84)
	at java.base/java.util.ArrayList.forEach(ArrayList.java:1597)
	at org.junit.platform.engine.support.hierarchical.SameThreadHierarchicalTestExecutorService.invokeAll(SameThreadHierarchicalTestExecutorService.java:38)
	at org.junit.platform.engine.support.hierarchical.NodeTestTask.lambda$executeRecursively$5(NodeTestTask.java:143)
	at org.junit.platform.engine.support.hierarchical.ThrowableCollector.execute(ThrowableCollector.java:73)
	at org.junit.platform.engine.support.hierarchical.NodeTestTask.lambda$executeRecursively$7(NodeTestTask.java:129)
	at org.junit.platform.engine.support.hierarchical.Node.around(Node.java:137)
	at org.junit.platform.engine.support.hierarchical.NodeTestTask.lambda$executeRecursively$8(NodeTestTask.java:127)
	at org.junit.platform.engine.support.hierarchical.ThrowableCollector.execute(ThrowableCollector.java:73)
	at org.junit.platform.engine.support.hierarchical.NodeTestTask.executeRecursively(NodeTestTask.java:126)
	at org.junit.platform.engine.support.hierarchical.NodeTestTask.execute(NodeTestTask.java:84)
	at org.junit.platform.engine.support.hierarchical.SameThreadHierarchicalTestExecutorService.submit(SameThreadHierarchicalTestExecutorService.java:32)
	at org.junit.platform.engine.support.hierarchical.HierarchicalTestExecutor.execute(HierarchicalTestExecutor.java:57)
	at org.junit.platform.engine.support.hierarchical.HierarchicalTestEngine.execute(HierarchicalTestEngine.java:51)
	at org.junit.platform.launcher.core.EngineExecutionOrchestrator.execute(EngineExecutionOrchestrator.java:108)
	at org.junit.platform.launcher.core.EngineExecutionOrchestrator.execute(EngineExecutionOrchestrator.java:88)
	at org.junit.platform.launcher.core.EngineExecutionOrchestrator.lambda$execute$0(EngineExecutionOrchestrator.java:54)
	at org.junit.platform.launcher.core.EngineExecutionOrchestrator.withInterceptedStreams(EngineExecutionOrchestrator.java:67)
	at org.junit.platform.launcher.core.EngineExecutionOrchestrator.execute(EngineExecutionOrchestrator.java:52)
	at org.junit.platform.launcher.core.DefaultLauncher.execute(DefaultLauncher.java:96)
	at org.junit.platform.launcher.core.DefaultLauncher.execute(DefaultLauncher.java:75)
	at org.junit.platform.console.tasks.ConsoleTestExecutor.executeTests(ConsoleTestExecutor.java:66)
	at org.junit.platform.console.tasks.ConsoleTestExecutor.lambda$execute$0(ConsoleTestExecutor.java:58)
	at org.junit.platform.console.tasks.CustomContextClassLoaderExecutor.replaceThreadContextClassLoaderAndInvoke(CustomContextClassLoaderExecutor.java:41)
	at org.junit.platform.console.tasks.CustomContextClassLoaderExecutor.invoke(CustomContextClassLoaderExecutor.java:31)
	at org.junit.platform.console.tasks.ConsoleTestExecutor.execute(ConsoleTestExecutor.java:58)
	at org.junit.platform.console.ConsoleLauncher.executeTests(ConsoleLauncher.java:95)
	at org.junit.platform.console.ConsoleLauncher.execute(ConsoleLauncher.java:73)
	at org.junit.platform.console.ConsoleLauncher.execute(ConsoleLauncher.java:50)
	at org.junit.platform.console.ConsoleLauncher.execute(ConsoleLauncher.java:43)
	at org.junit.platform.console.ConsoleLauncher.main(ConsoleLauncher.java:37)
]]></skipped>
<system-out><![CDATA[
unique-id: [engine:junit-jupiter]/[class:pilesimple.test.PileIntTest]/[test-template:testGetSommet(pilesimple.PileInt)]/[test-template-invocation:#14]
display-name: [14] PileInt(0/1):[]
]]></system-out>
</testcase>
<testcase name="testGetSommet(PileInt)[15]" classname="pilesimple.test.PileIntTest" time="0">
<system-out><![CDATA[
unique-id: [engine:junit-jupiter]/[class:pilesimple.test.PileIntTest]/[test-template:testGetSommet(pilesimple.PileInt)]/[test-template-invocation:#15]
display-name: [15] PileInt(7/13):[-684180429 633166819 0 0 0 0 0 ]
]]></system-out>
</testcase>
<testcase name="testGetSommet(PileInt)[16]" classname="pilesimple.test.PileIntTest" time="0">
<system-out><![CDATA[
unique-id: [engine:junit-jupiter]/[class:pilesimple.test.PileIntTest]/[test-template:testGetSommet(pilesimple.PileInt)]/[test-template-invocation:#16]
display-name: [16] PileInt(5/7):[-1274647728 1596499529 -463382582 0 0 ]
]]></system-out>
</testcase>
<testcase name="testGetSommet(PileInt)[17]" classname="pilesimple.test.PileIntTest" time="0">
<system-out><![CDATA[
unique-id: [engine:junit-jupiter]/[class:pilesimple.test.PileIntTest]/[test-template:testGetSommet(pilesimple.PileInt)]/[test-template-invocation:#17]
display-name: [17] PileInt(9/16):[1362992196 -2080071938 1590300961 -1725722911 682324868 -1338224590 880401299 -2081234295 -561541459 ]
]]></system-out>
</testcase>
<testcase name="testGetSommet(PileInt)[18]" classname="pilesimple.test.PileIntTest" time="0">
<system-out><![CDATA[
unique-id: [engine:junit-jupiter]/[class:pilesimple.test.PileIntTest]/[test-template:testGetSommet(pilesimple.PileInt)]/[test-template-invocation:#18]
display-name: [18] PileInt(7/25):[-177297065 -317067174 1538678292 1459401015 764171947 -791717276 -1475135243 ]
]]></system-out>
</testcase>
<testcase name="testGetSommet(PileInt)[19]" classname="pilesimple.test.PileIntTest" time="0">
<system-out><![CDATA[
unique-id: [engine:junit-jupiter]/[class:pilesimple.test.PileIntTest]/[test-template:testGetSommet(pilesimple.PileInt)]/[test-template-invocation:#19]
display-name: [19] PileInt(2/4):[-810202728 -2036874149 ]
]]></system-out>
</testcase>
<testcase name="testGetSommet(PileInt)[20]" classname="pilesimple.test.PileIntTest" time="0">
<system-out><![CDATA[
unique-id: [engine:junit-jupiter]/[class:pilesimple.test.PileIntTest]/[test-template:testGetSommet(pilesimple.PileInt)]/[test-template-invocation:#20]
display-name: [20] PileInt(2/5):[-234217948 -2036859372 ]
]]></system-out>
</testcase>
<system-out><![CDATA[
unique-id: [engine:junit-jupiter]
display-name: JUnit Jupiter
]]></system-out>
</testsuite>
